2026-05-10 17:46:07,314 WARN [Let The Rain Come-lead-Bb#1]          TextBuilder.java:412  | Skipping TextLine with null bounds: TextLine{ "" conf:NaN}
2026-05-10 17:46:07,318 WARN [Let The Rain Come-lead-Bb#1]          TextBuilder.java:412  | Skipping TextLine with null bounds: TextLine{ "" conf:NaN}
2026-05-10 17:46:07,319 WARN [Let The Rain Come-lead-Bb#1]          TextBuilder.java:412  | Skipping TextLine with null bounds: TextLine{ "" conf:NaN}
2026-05-10 17:46:07,319 WARN [Let The Rain Come-lead-Bb#1]          TextBuilder.java:412  | Skipping TextLine with null bounds: TextLine{ "" conf:NaN}
2026-05-10 17:46:07,322 WARN [Let The Rain Come-lead-Bb#1]          TextBuilder.java:412  | Skipping TextLine with null bounds: TextLine{ "" conf:NaN}
2026-05-10 17:46:07,323 WARN [Let The Rain Come-lead-Bb#1]          TextBuilder.java:412  | Skipping TextLine with null bounds: TextLine{ "" conf:NaN}
2026-05-10 17:46:07,323 WARN [Let The Rain Come-lead-Bb#1]          TextBuilder.java:412  | Skipping TextLine with null bounds: TextLine{ "" conf:NaN}
2026-05-10 17:46:07,323 WARN [Let The Rain Come-lead-Bb#1]          TextBuilder.java:412  | Skipping TextLine with null bounds: TextLine{ "" conf:NaN}
2026-05-10 17:46:07,324 WARN [Let The Rain Come-lead-Bb#1]          TextBuilder.java:412  | Skipping TextLine with null bounds: TextLine{ "" conf:NaN}
2026-05-10 17:46:07,324 WARN [Let The Rain Come-lead-Bb#1]          TextBuilder.java:412  | Skipping TextLine with null bounds: TextLine{ "" conf:NaN}
2026-05-10 17:46:07,324 WARN [Let The Rain Come-lead-Bb#1]          TextBuilder.java:412  | Skipping TextLine with null bounds: TextLine{ "" conf:NaN}
2026-05-10 17:46:07,325 WARN [Let The Rain Come-lead-Bb#1]          TextBuilder.java:412  | Skipping TextLine with null bounds: TextLine{ "" conf:NaN}
2026-05-10 17:46:07,326 WARN [Let The Rain Come-lead-Bb#1]          TextBuilder.java:412  | Skipping TextLine with null bounds: TextLine{ "" conf:NaN}
2026-05-10 17:46:07,326 WARN [Let The Rain Come-lead-Bb#1]          TextBuilder.java:412  | Skipping TextLine with null bounds: TextLine{ "" conf:NaN}
2026-05-10 17:46:07,327 WARN [Let The Rain Come-lead-Bb#1]          TextBuilder.java:412  | Skipping TextLine with null bounds: TextLine{ "" conf:NaN}
2026-05-10 17:46:07,328 WARN [Let The Rain Come-lead-Bb#1]          TextBuilder.java:412  | Skipping TextLine with null bounds: TextLine{ "" conf:NaN}
2026-05-10 17:46:07,328 WARN [Let The Rain Come-lead-Bb#1]          TextBuilder.java:412  | Skipping TextLine with null bounds: TextLine{ "" conf:NaN}
2026-05-10 17:46:07,329 WARN [Let The Rain Come-lead-Bb#1]          TextBuilder.java:412  | Skipping TextLine with null bounds: TextLine{ "" conf:NaN}
2026-05-10 17:46:07,329 WARN [Let The Rain Come-lead-Bb#1]          TextBuilder.java:412  | Skipping TextLine with null bounds: TextLine{ "" conf:NaN}
2026-05-10 17:46:07,329 WARN [Let The Rain Come-lead-Bb#1]          TextBuilder.java:412  | Skipping TextLine with null bounds: TextLine{ "" conf:NaN}
2026-05-10 17:46:07,330 WARN [Let The Rain Come-lead-Bb#1]          TextBuilder.java:412  | Skipping TextLine with null bounds: TextLine{ "" conf:NaN}
2026-05-10 17:46:07,330 WARN [Let The Rain Come-lead-Bb#1]          TextBuilder.java:412  | Skipping TextLine with null bounds: TextLine{ "" conf:NaN}
2026-05-10 17:46:07,330 WARN [Let The Rain Come-lead-Bb#1]          TextBuilder.java:412  | Skipping TextLine with null bounds: TextLine{ "" conf:NaN}
2026-05-10 17:46:07,330 WARN [Let The Rain Come-lead-Bb#1]          TextBuilder.java:412  | Skipping TextLine with null bounds: TextLine{ "" conf:NaN}
2026-05-10 17:46:07,330 WARN [Let The Rain Come-lead-Bb#1]          TextBuilder.java:412  | Skipping TextLine with null bounds: TextLine{ "" conf:NaN}
2026-05-10 17:46:07,331 WARN [Let The Rain Come-lead-Bb#1]          TextBuilder.java:412  | Skipping TextLine with null bounds: TextLine{ "" conf:NaN}
2026-05-10 17:46:07,331 WARN [Let The Rain Come-lead-Bb#1]          TextBuilder.java:412  | Skipping TextLine with null bounds: TextLine{ "" conf:NaN}
2026-05-10 17:46:07,331 WARN [Let The Rain Come-lead-Bb#1]          TextBuilder.java:412  | Skipping TextLine with null bounds: TextLine{ "" conf:NaN}
2026-05-10 17:46:07,331 WARN [Let The Rain Come-lead-Bb#1]          TextBuilder.java:412  | Skipping TextLine with null bounds: TextLine{ "" conf:NaN}
2026-05-10 17:46:07,333 WARN [Let The Rain Come-lead-Bb#1]          TextBuilder.java:412  | Skipping TextLine with null bounds: TextLine{ "" conf:NaN}
2026-05-10 17:46:07,333 WARN [Let The Rain Come-lead-Bb#1]          TextBuilder.java:412  | Skipping TextLine with null bounds: TextLine{ "" conf:NaN}
2026-05-10 17:46:07,333 WARN [Let The Rain Come-lead-Bb#1]          TextBuilder.java:412  | Skipping TextLine with null bounds: TextLine{ "" conf:NaN}
2026-05-10 17:46:07,334 WARN [Let The Rain Come-lead-Bb#1]          TextBuilder.java:412  | Skipping TextLine with null bounds: TextLine{ "" conf:NaN}
2026-05-10 17:46:07,334 WARN [Let The Rain Come-lead-Bb#1]          TextBuilder.java:412  | Skipping TextLine with null bounds: TextLine{ "" conf:NaN}
2026-05-10 17:46:07,334 WARN [Let The Rain Come-lead-Bb#1]          TextBuilder.java:412  | Skipping TextLine with null bounds: TextLine{ "" conf:NaN}
2026-05-10 17:46:07,335 WARN [Let The Rain Come-lead-Bb#1]          TextBuilder.java:412  | Skipping TextLine with null bounds: TextLine{ "" conf:NaN}
2026-05-10 17:46:07,335 WARN [Let The Rain Come-lead-Bb#1]          TextBuilder.java:412  | Skipping TextLine with null bounds: TextLine{ "" conf:NaN}
2026-05-10 17:46:07,335 WARN [Let The Rain Come-lead-Bb#1]          TextBuilder.java:412  | Skipping TextLine with null bounds: TextLine{ "" conf:NaN}
2026-05-10 17:46:07,335 WARN [Let The Rain Come-lead-Bb#1]          TextBuilder.java:412  | Skipping TextLine with null bounds: TextLine{ "" conf:NaN}
2026-05-10 17:46:07,336 WARN [Let The Rain Come-lead-Bb#1]          TextBuilder.java:412  | Skipping TextLine with null bounds: TextLine{ "" conf:NaN}
2026-05-10 17:46:07,336 WARN [Let The Rain Come-lead-Bb#1]          TextBuilder.java:412  | Skipping TextLine with null bounds: TextLine{ "" conf:NaN}
2026-05-10 17:46:07,336 WARN [Let The Rain Come-lead-Bb#1]          TextBuilder.java:412  | Skipping TextLine with null bounds: TextLine{ "" conf:NaN}
2026-05-10 17:46:07,337 WARN [Let The Rain Come-lead-Bb#1]          TextBuilder.java:412  | Skipping TextLine with null bounds: TextLine{ "" conf:NaN}
2026-05-10 17:46:07,337 WARN [Let The Rain Come-lead-Bb#1]          TextBuilder.java:412  | Skipping TextLine with null bounds: TextLine{ "" conf:NaN}
2026-05-10 17:46:07,337 WARN [Let The Rain Come-lead-Bb#1]          TextBuilder.java:412  | Skipping TextLine with null bounds: TextLine{ "" conf:NaN}
2026-05-10 17:46:07,337 WARN [Let The Rain Come-lead-Bb#1]          TextBuilder.java:412  | Skipping TextLine with null bounds: TextLine{ "" conf:NaN}
2026-05-10 17:46:07,339 WARN [Let The Rain Come-lead-Bb#1]          TextBuilder.java:412  | Skipping TextLine with null bounds: TextLine{ "" conf:NaN}
2026-05-10 17:46:07,339 WARN [Let The Rain Come-lead-Bb#1]          TextBuilder.java:412  | Skipping TextLine with null bounds: TextLine{ "" conf:NaN}
2026-05-10 17:46:07,340 WARN [Let The Rain Come-lead-Bb#1]          TextBuilder.java:412  | Skipping TextLine with null bounds: TextLine{ "" conf:NaN}
2026-05-10 17:46:07,340 WARN [Let The Rain Come-lead-Bb#1]          TextBuilder.java:412  | Skipping TextLine with null bounds: TextLine{ "" conf:NaN}
2026-05-10 17:46:07,340 WARN [Let The Rain Come-lead-Bb#1]          TextBuilder.java:412  | Skipping TextLine with null bounds: TextLine{ "" conf:NaN}
2026-05-10 17:46:07,341 WARN [Let The Rain Come-lead-Bb#1]          TextBuilder.java:412  | Skipping TextLine with null bounds: TextLine{ "" conf:NaN}
2026-05-10 17:46:07,341 WARN [Let The Rain Come-lead-Bb#1]          TextBuilder.java:412  | Skipping TextLine with null bounds: TextLine{ "" conf:NaN}
2026-05-10 17:46:07,342 WARN [Let The Rain Come-lead-Bb#1]          TextBuilder.java:412  | Skipping TextLine with null bounds: TextLine{ "" conf:NaN}
2026-05-10 17:46:07,342 WARN [Let The Rain Come-lead-Bb#1]          TextBuilder.java:412  | Skipping TextLine with null bounds: TextLine{ "" conf:NaN}
2026-05-10 17:46:07,342 WARN [Let The Rain Come-lead-Bb#1]          TextBuilder.java:412  | Skipping TextLine with null bounds: TextLine{ "" conf:NaN}
2026-05-10 17:46:07,343 WARN [Let The Rain Come-lead-Bb#1]          TextBuilder.java:412  | Skipping TextLine with null bounds: TextLine{ "" conf:NaN}
2026-05-10 17:46:07,343 WARN [Let The Rain Come-lead-Bb#1]          TextBuilder.java:412  | Skipping TextLine with null bounds: TextLine{ "" conf:NaN}
2026-05-10 17:46:07,344 WARN [Let The Rain Come-lead-Bb#1]          TextBuilder.java:412  | Skipping TextLine with null bounds: TextLine{ "" conf:NaN}
2026-05-10 17:46:07,344 WARN [Let The Rain Come-lead-Bb#1]          TextBuilder.java:412  | Skipping TextLine with null bounds: TextLine{ "" conf:NaN}
2026-05-10 17:46:07,344 WARN [Let The Rain Come-lead-Bb#1]          TextBuilder.java:412  | Skipping TextLine with null bounds: TextLine{ "" conf:NaN}
2026-05-10 17:46:07,344 WARN [Let The Rain Come-lead-Bb#1]          TextBuilder.java:412  | Skipping TextLine with null bounds: TextLine{ "" conf:NaN}
2026-05-10 17:46:07,345 WARN [Let The Rain Come-lead-Bb#1]          TextBuilder.java:412  | Skipping TextLine with null bounds: TextLine{ "" conf:NaN}
2026-05-10 17:46:07,345 WARN [Let The Rain Come-lead-Bb#1]          TextBuilder.java:412  | Skipping TextLine with null bounds: TextLine{ "" conf:NaN}
2026-05-10 17:46:07,345 WARN [Let The Rain Come-lead-Bb#1]          TextBuilder.java:412  | Skipping TextLine with null bounds: TextLine{ "" conf:NaN}
2026-05-10 17:46:07,345 WARN [Let The Rain Come-lead-Bb#1]          TextBuilder.java:412  | Skipping TextLine with null bounds: TextLine{ "" conf:NaN}
2026-05-10 17:46:07,347 WARN [Let The Rain Come-lead-Bb#1]          TextBuilder.java:412  | Skipping TextLine with null bounds: TextLine{ "" conf:NaN}
2026-05-10 17:46:07,347 WARN [Let The Rain Come-lead-Bb#1]          TextBuilder.java:412  | Skipping TextLine with null bounds: TextLine{ "" conf:NaN}
2026-05-10 17:46:07,347 WARN [Let The Rain Come-lead-Bb#1]          TextBuilder.java:412  | Skipping TextLine with null bounds: TextLine{ "" conf:NaN}
2026-05-10 17:46:07,348 WARN [Let The Rain Come-lead-Bb#1]          TextBuilder.java:412  | Skipping TextLine with null bounds: TextLine{ "" conf:NaN}
2026-05-10 17:46:07,348 WARN [Let The Rain Come-lead-Bb#1]          TextBuilder.java:412  | Skipping TextLine with null bounds: TextLine{ "" conf:NaN}
2026-05-10 17:46:07,348 WARN [Let The Rain Come-lead-Bb#1]          TextBuilder.java:412  | Skipping TextLine with null bounds: TextLine{ "" conf:NaN}
2026-05-10 17:46:07,349 WARN [Let The Rain Come-lead-Bb#1]          TextBuilder.java:412  | Skipping TextLine with null bounds: TextLine{ "" conf:NaN}
2026-05-10 17:46:07,349 WARN [Let The Rain Come-lead-Bb#1]          TextBuilder.java:412  | Skipping TextLine with null bounds: TextLine{ "" conf:NaN}
2026-05-10 17:46:07,349 WARN [Let The Rain Come-lead-Bb#1]          TextBuilder.java:412  | Skipping TextLine with null bounds: TextLine{ "" conf:NaN}
2026-05-10 17:46:07,350 WARN [Let The Rain Come-lead-Bb#1]          TextBuilder.java:412  | Skipping TextLine with null bounds: TextLine{ "" conf:NaN}
2026-05-10 17:46:07,350 WARN [Let The Rain Come-lead-Bb#1]          TextBuilder.java:412  | Skipping TextLine with null bounds: TextLine{ "" conf:NaN}
2026-05-10 17:46:07,350 WARN [Let The Rain Come-lead-Bb#1]          TextBuilder.java:412  | Skipping TextLine with null bounds: TextLine{ "" conf:NaN}
2026-05-10 17:46:07,350 WARN [Let The Rain Come-lead-Bb#1]          TextBuilder.java:412  | Skipping TextLine with null bounds: TextLine{ "" conf:NaN}
2026-05-10 17:46:07,351 WARN [Let The Rain Come-lead-Bb#1]          TextBuilder.java:412  | Skipping TextLine with null bounds: TextLine{ "" conf:NaN}
2026-05-10 17:46:07,351 WARN [Let The Rain Come-lead-Bb#1]          TextBuilder.java:412  | Skipping TextLine with null bounds: TextLine{ "" conf:NaN}
2026-05-10 17:46:07,351 WARN [Let The Rain Come-lead-Bb#1]          TextBuilder.java:412  | Skipping TextLine with null bounds: TextLine{ "" conf:NaN}
2026-05-10 17:46:07,352 WARN [Let The Rain Come-lead-Bb#1]          TextBuilder.java:412  | Skipping TextLine with null bounds: TextLine{ "" conf:NaN}
2026-05-10 17:46:07,352 WARN [Let The Rain Come-lead-Bb#1]          TextBuilder.java:412  | Skipping TextLine with null bounds: TextLine{ "" conf:NaN}
2026-05-10 17:46:07,352 WARN [Let The Rain Come-lead-Bb#1]          TextBuilder.java:412  | Skipping TextLine with null bounds: TextLine{ "" conf:NaN}
2026-05-10 17:46:07,352 WARN [Let The Rain Come-lead-Bb#1]          TextBuilder.java:412  | Skipping TextLine with null bounds: TextLine{ "" conf:NaN}
2026-05-10 17:46:07,353 WARN [Let The Rain Come-lead-Bb#1]          TextBuilder.java:412  | Skipping TextLine with null bounds: TextLine{ "" conf:NaN}
2026-05-10 17:46:07,353 WARN [Let The Rain Come-lead-Bb#1]          TextBuilder.java:412  | Skipping TextLine with null bounds: TextLine{ "" conf:NaN}
2026-05-10 17:46:07,354 WARN [Let The Rain Come-lead-Bb#1]          TextBuilder.java:412  | Skipping TextLine with null bounds: TextLine{ "" conf:NaN}
2026-05-10 17:46:07,354 WARN [Let The Rain Come-lead-Bb#1]          TextBuilder.java:412  | Skipping TextLine with null bounds: TextLine{ "" conf:NaN}
2026-05-10 17:46:07,355 WARN [Let The Rain Come-lead-Bb#1]          TextBuilder.java:412  | Skipping TextLine with null bounds: TextLine{ "" conf:NaN}
2026-05-10 17:46:07,355 WARN [Let The Rain Come-lead-Bb#1]          TextBuilder.java:412  | Skipping TextLine with null bounds: TextLine{ "" conf:NaN}
2026-05-10 17:46:07,355 WARN [Let The Rain Come-lead-Bb#1]          TextBuilder.java:412  | Skipping TextLine with null bounds: TextLine{ "" conf:NaN}
2026-05-10 17:46:07,356 WARN [Let The Rain Come-lead-Bb#1]          TextBuilder.java:412  | Skipping TextLine with null bounds: TextLine{ "" conf:NaN}
2026-05-10 17:46:07,356 WARN [Let The Rain Come-lead-Bb#1]          TextBuilder.java:412  | Skipping TextLine with null bounds: TextLine{ "" conf:NaN}
2026-05-10 17:46:07,356 WARN [Let The Rain Come-lead-Bb#1]          TextBuilder.java:412  | Skipping TextLine with null bounds: TextLine{ "" conf:NaN}
2026-05-10 17:46:07,357 WARN [Let The Rain Come-lead-Bb#1]          TextBuilder.java:412  | Skipping TextLine with null bounds: TextLine{ "" conf:NaN}
2026-05-10 17:46:07,357 WARN [Let The Rain Come-lead-Bb#1]          TextBuilder.java:412  | Skipping TextLine with null bounds: TextLine{ "" conf:NaN}
2026-05-10 17:46:07,358 WARN [Let The Rain Come-lead-Bb#1]          TextBuilder.java:412  | Skipping TextLine with null bounds: TextLine{ "" conf:NaN}
2026-05-10 17:46:07,358 WARN [Let The Rain Come-lead-Bb#1]          TextBuilder.java:412  | Skipping TextLine with null bounds: TextLine{ "" conf:NaN}
2026-05-10 17:46:07,358 WARN [Let The Rain Come-lead-Bb#1]          TextBuilder.java:412  | Skipping TextLine with null bounds: TextLine{ "" conf:NaN}
2026-05-10 17:46:07,359 WARN [Let The Rain Come-lead-Bb#1]          TextBuilder.java:412  | Skipping TextLine with null bounds: TextLine{ "" conf:NaN}
2026-05-10 17:46:07,359 WARN [Let The Rain Come-lead-Bb#1]          TextBuilder.java:412  | Skipping TextLine with null bounds: TextLine{ "" conf:NaN}
2026-05-10 17:46:07,360 WARN [Let The Rain Come-lead-Bb#1]          TextBuilder.java:412  | Skipping TextLine with null bounds: TextLine{ "" conf:NaN}
2026-05-10 17:46:07,360 WARN [Let The Rain Come-lead-Bb#1]          TextBuilder.java:412  | Skipping TextLine with null bounds: TextLine{ "" conf:NaN}
2026-05-10 17:46:07,360 WARN [Let The Rain Come-lead-Bb#1]          TextBuilder.java:412  | Skipping TextLine with null bounds: TextLine{ "" conf:NaN}
2026-05-10 17:46:07,361 WARN [Let The Rain Come-lead-Bb#1]          TextBuilder.java:412  | Skipping TextLine with null bounds: TextLine{ "" conf:NaN}
2026-05-10 17:46:07,361 WARN [Let The Rain Come-lead-Bb#1]          TextBuilder.java:412  | Skipping TextLine with null bounds: TextLine{ "" conf:NaN}
2026-05-10 17:46:07,361 WARN [Let The Rain Come-lead-Bb#1]          TextBuilder.java:412  | Skipping TextLine with null bounds: TextLine{ "" conf:NaN}
2026-05-10 17:46:07,362 WARN [Let The Rain Come-lead-Bb#1]          TextBuilder.java:412  | Skipping TextLine with null bounds: TextLine{ "" conf:NaN}
2026-05-10 17:46:07,362 WARN [Let The Rain Come-lead-Bb#1]          TextBuilder.java:412  | Skipping TextLine with null bounds: TextLine{ "" conf:NaN}
2026-05-10 17:46:07,362 WARN [Let The Rain Come-lead-Bb#1]          TextBuilder.java:412  | Skipping TextLine with null bounds: TextLine{ "" conf:NaN}
2026-05-10 17:46:07,362 WARN [Let The Rain Come-lead-Bb#1]          TextBuilder.java:412  | Skipping TextLine with null bounds: TextLine{ "" conf:NaN}
2026-05-10 17:46:07,364 WARN [Let The Rain Come-lead-Bb#1]          TextBuilder.java:412  | Skipping TextLine with null bounds: TextLine{ "" conf:NaN}
2026-05-10 17:46:07,364 WARN [Let The Rain Come-lead-Bb#1]          TextBuilder.java:412  | Skipping TextLine with null bounds: TextLine{ "" conf:NaN}
2026-05-10 17:46:07,364 WARN [Let The Rain Come-lead-Bb#1]          TextBuilder.java:412  | Skipping TextLine with null bounds: TextLine{ "" conf:NaN}
2026-05-10 17:46:07,365 WARN [Let The Rain Come-lead-Bb#1]          TextBuilder.java:412  | Skipping TextLine with null bounds: TextLine{ "" conf:NaN}
2026-05-10 17:46:07,365 WARN [Let The Rain Come-lead-Bb#1]          TextBuilder.java:412  | Skipping TextLine with null bounds: TextLine{ "" conf:NaN}
2026-05-10 17:46:07,365 WARN [Let The Rain Come-lead-Bb#1]          TextBuilder.java:412  | Skipping TextLine with null bounds: TextLine{ "" conf:NaN}
2026-05-10 17:46:07,366 WARN [Let The Rain Come-lead-Bb#1]          TextBuilder.java:412  | Skipping TextLine with null bounds: TextLine{ "" conf:NaN}
2026-05-10 17:46:07,366 WARN [Let The Rain Come-lead-Bb#1]          TextBuilder.java:412  | Skipping TextLine with null bounds: TextLine{ "" conf:NaN}
2026-05-10 17:46:07,366 WARN [Let The Rain Come-lead-Bb#1]          TextBuilder.java:412  | Skipping TextLine with null bounds: TextLine{ "" conf:NaN}
2026-05-10 17:46:07,366 WARN [Let The Rain Come-lead-Bb#1]          TextBuilder.java:412  | Skipping TextLine with null bounds: TextLine{ "" conf:NaN}
2026-05-10 17:46:07,368 WARN [Let The Rain Come-lead-Bb#1]          TextBuilder.java:412  | Skipping TextLine with null bounds: TextLine{ "" conf:NaN}
2026-05-10 17:46:07,368 WARN [Let The Rain Come-lead-Bb#1]          TextBuilder.java:412  | Skipping TextLine with null bounds: TextLine{ "" conf:NaN}
2026-05-10 17:46:07,368 WARN [Let The Rain Come-lead-Bb#1]          TextBuilder.java:412  | Skipping TextLine with null bounds: TextLine{ "" conf:NaN}
2026-05-10 17:46:07,368 WARN [Let The Rain Come-lead-Bb#1]          TextBuilder.java:412  | Skipping TextLine with null bounds: TextLine{ "" conf:NaN}
2026-05-10 17:46:07,369 WARN [Let The Rain Come-lead-Bb#1]          TextBuilder.java:412  | Skipping TextLine with null bounds: TextLine{ "" conf:NaN}
2026-05-10 17:46:07,369 WARN [Let The Rain Come-lead-Bb#1]          TextBuilder.java:412  | Skipping TextLine with null bounds: TextLine{ "" conf:NaN}
2026-05-10 17:46:07,369 WARN [Let The Rain Come-lead-Bb#1]          TextBuilder.java:412  | Skipping TextLine with null bounds: TextLine{ "" conf:NaN}
2026-05-10 17:46:07,370 WARN [Let The Rain Come-lead-Bb#1]          TextBuilder.java:412  | Skipping TextLine with null bounds: TextLine{ "" conf:NaN}
2026-05-10 17:46:07,370 WARN [Let The Rain Come-lead-Bb#1]          TextBuilder.java:412  | Skipping TextLine with null bounds: TextLine{ "" conf:NaN}
2026-05-10 17:46:07,370 WARN [Let The Rain Come-lead-Bb#1]          TextBuilder.java:412  | Skipping TextLine with null bounds: TextLine{ "" conf:NaN}
2026-05-10 17:46:07,371 WARN [Let The Rain Come-lead-Bb#1]          TextBuilder.java:412  | Skipping TextLine with null bounds: TextLine{ "" conf:NaN}
2026-05-10 17:46:07,371 WARN [Let The Rain Come-lead-Bb#1]          TextBuilder.java:412  | Skipping TextLine with null bounds: TextLine{ "" conf:NaN}
2026-05-10 17:46:07,371 WARN [Let The Rain Come-lead-Bb#1]          TextBuilder.java:412  | Skipping TextLine with null bounds: TextLine{ "" conf:NaN}
2026-05-10 17:46:07,371 WARN [Let The Rain Come-lead-Bb#1]          TextBuilder.java:412  | Skipping TextLine with null bounds: TextLine{ "" conf:NaN}
2026-05-10 17:46:07,372 WARN [Let The Rain Come-lead-Bb#1]          TextBuilder.java:412  | Skipping TextLine with null bounds: TextLine{ "" conf:NaN}
2026-05-10 17:46:07,372 WARN [Let The Rain Come-lead-Bb#1]          TextBuilder.java:412  | Skipping TextLine with null bounds: TextLine{ "" conf:NaN}
2026-05-10 17:46:07,372 WARN [Let The Rain Come-lead-Bb#1]          TextBuilder.java:412  | Skipping TextLine with null bounds: TextLine{ "" conf:NaN}
2026-05-10 17:46:07,373 WARN [Let The Rain Come-lead-Bb#1]          TextBuilder.java:412  | Skipping TextLine with null bounds: TextLine{ "" conf:NaN}
2026-05-10 17:46:07,373 WARN [Let The Rain Come-lead-Bb#1]          TextBuilder.java:412  | Skipping TextLine with null bounds: TextLine{ "" conf:NaN}
2026-05-10 17:46:07,373 WARN [Let The Rain Come-lead-Bb#1]          TextBuilder.java:412  | Skipping TextLine with null bounds: TextLine{ "" conf:NaN}
2026-05-10 17:46:07,374 WARN [Let The Rain Come-lead-Bb#1]          TextBuilder.java:412  | Skipping TextLine with null bounds: TextLine{ "" conf:NaN}
2026-05-10 17:46:07,374 WARN [Let The Rain Come-lead-Bb#1]          TextBuilder.java:412  | Skipping TextLine with null bounds: TextLine{ "" conf:NaN}
2026-05-10 17:46:07,374 WARN [Let The Rain Come-lead-Bb#1]          TextBuilder.java:412  | Skipping TextLine with null bounds: TextLine{ "" conf:NaN}
2026-05-10 17:46:07,375 WARN [Let The Rain Come-lead-Bb#1]          TextBuilder.java:412  | Skipping TextLine with null bounds: TextLine{ "" conf:NaN}
2026-05-10 17:46:07,375 WARN [Let The Rain Come-lead-Bb#1]          TextBuilder.java:412  | Skipping TextLine with null bounds: TextLine{ "" conf:NaN}
2026-05-10 17:46:07,375 WARN [Let The Rain Come-lead-Bb#1]          TextBuilder.java:412  | Skipping TextLine with null bounds: TextLine{ "" conf:NaN}
2026-05-10 17:46:07,376 WARN [Let The Rain Come-lead-Bb#1]          TextBuilder.java:412  | Skipping TextLine with null bounds: TextLine{ "" conf:NaN}
2026-05-10 17:46:07,376 WARN [Let The Rain Come-lead-Bb#1]          TextBuilder.java:412  | Skipping TextLine with null bounds: TextLine{ "" conf:NaN}
2026-05-10 17:46:07,376 WARN [Let The Rain Come-lead-Bb#1]          TextBuilder.java:412  | Skipping TextLine with null bounds: TextLine{ "" conf:NaN}
2026-05-10 17:46:07,377 WARN [Let The Rain Come-lead-Bb#1]          TextBuilder.java:412  | Skipping TextLine with null bounds: TextLine{ "" conf:NaN}
2026-05-10 17:46:07,377 WARN [Let The Rain Come-lead-Bb#1]          TextBuilder.java:412  | Skipping TextLine with null bounds: TextLine{ "" conf:NaN}
2026-05-10 17:46:07,378 WARN [Let The Rain Come-lead-Bb#1]          TextBuilder.java:412  | Skipping TextLine with null bounds: TextLine{ "" conf:NaN}
2026-05-10 17:46:07,378 WARN [Let The Rain Come-lead-Bb#1]          TextBuilder.java:412  | Skipping TextLine with null bounds: TextLine{ "" conf:NaN}
2026-05-10 17:46:07,378 WARN [Let The Rain Come-lead-Bb#1]          TextBuilder.java:412  | Skipping TextLine with null bounds: TextLine{ "" conf:NaN}
2026-05-10 17:46:07,378 WARN [Let The Rain Come-lead-Bb#1]          TextBuilder.java:412  | Skipping TextLine with null bounds: TextLine{ "" conf:NaN}
2026-05-10 17:46:07,379 WARN [Let The Rain Come-lead-Bb#1]          TextBuilder.java:412  | Skipping TextLine with null bounds: TextLine{ "" conf:NaN}
2026-05-10 17:46:07,379 WARN [Let The Rain Come-lead-Bb#1]          TextBuilder.java:412  | Skipping TextLine with null bounds: TextLine{ "" conf:NaN}
2026-05-10 17:46:07,379 WARN [Let The Rain Come-lead-Bb#1]          TextBuilder.java:412  | Skipping TextLine with null bounds: TextLine{ "" conf:NaN}
2026-05-10 17:46:07,380 WARN [Let The Rain Come-lead-Bb#1]          TextBuilder.java:412  | Skipping TextLine with null bounds: TextLine{ "" conf:NaN}
2026-05-10 17:46:07,380 WARN [Let The Rain Come-lead-Bb#1]          TextBuilder.java:412  | Skipping TextLine with null bounds: TextLine{ "" conf:NaN}
2026-05-10 17:46:07,380 WARN [Let The Rain Come-lead-Bb#1]          TextBuilder.java:412  | Skipping TextLine with null bounds: TextLine{ "" conf:NaN}
2026-05-10 17:46:07,381 WARN [Let The Rain Come-lead-Bb#1]          TextBuilder.java:412  | Skipping TextLine with null bounds: TextLine{ "" conf:NaN}
2026-05-10 17:46:07,381 WARN [Let The Rain Come-lead-Bb#1]          TextBuilder.java:412  | Skipping TextLine with null bounds: TextLine{ "" conf:NaN}
2026-05-10 17:46:07,381 WARN [Let The Rain Come-lead-Bb#1]          TextBuilder.java:412  | Skipping TextLine with null bounds: TextLine{ "" conf:NaN}
2026-05-10 17:46:07,381 WARN [Let The Rain Come-lead-Bb#1]          TextBuilder.java:412  | Skipping TextLine with null bounds: TextLine{ "" conf:NaN}
2026-05-10 17:46:07,382 WARN [Let The Rain Come-lead-Bb#1]          TextBuilder.java:412  | Skipping TextLine with null bounds: TextLine{ "" conf:NaN}
2026-05-10 17:46:07,382 WARN [Let The Rain Come-lead-Bb#1]          TextBuilder.java:412  | Skipping TextLine with null bounds: TextLine{ "" conf:NaN}
2026-05-10 17:46:07,383 WARN [Let The Rain Come-lead-Bb#1]          TextBuilder.java:412  | Skipping TextLine with null bounds: TextLine{ "" conf:NaN}
2026-05-10 17:46:07,383 WARN [Let The Rain Come-lead-Bb#1]          TextBuilder.java:412  | Skipping TextLine with null bounds: TextLine{ "" conf:NaN}
2026-05-10 17:46:07,383 WARN [Let The Rain Come-lead-Bb#1]          TextBuilder.java:412  | Skipping TextLine with null bounds: TextLine{ "" conf:NaN}
2026-05-10 17:46:07,384 WARN [Let The Rain Come-lead-Bb#1]          TextBuilder.java:412  | Skipping TextLine with null bounds: TextLine{ "" conf:NaN}
2026-05-10 17:46:11,970 INFO [Let The Rain Come-lead-Bb#1]           PageRhythm.java:176  | {Page#1.1} Starting PageRhythm time signature check
2026-05-10 17:46:11,971 INFO [Let The Rain Come-lead-Bb#1]           PageRhythm.java:178  | {Page#1.1} Initial range state: Range{SN1- tSig:4/4} → ts: TimePairInter#137{ FROZEN(0.952/0.952) staff:1 4/4}
2026-05-10 17:46:11,972 INFO [Let The Rain Come-lead-Bb#1]           PageRhythm.java:184  | {Page#1.1} Checking range: Range{SN1- tSig:4/4}, ts: TimePairInter#137{ FROZEN(0.952/0.952) staff:1 4/4}
2026-05-10 17:46:11,973 INFO [Let The Rain Come-lead-Bb#1]           PageRhythm.java:277  | Last range: Range{SN1-23 tSig:4/4 dur:1}
2026-05-10 17:46:11,973 INFO [Let The Rain Come-lead-Bb#1]           PageRhythm.java:278  | lastRange.timeRational = 4/4
2026-05-10 17:46:11,974 INFO [Let The Rain Come-lead-Bb#1]           PageRhythm.java:279  | lastRange.ts = TimePairInter#137{ FROZEN(0.952/0.952) staff:1 4/4}
2026-05-10 17:46:11,975 DEBUG [Let The Rain Come-lead-Bb#1]           PageRhythm.java:121  | MeasureStack#1 frats: 0 []
2026-05-10 17:46:11,975 DEBUG [Let The Rain Come-lead-Bb#1]           PageRhythm.java:121  | MeasureStack#2 frats: 1 [8370]
2026-05-10 17:46:11,976 DEBUG [Let The Rain Come-lead-Bb#1]           PageRhythm.java:121  | MeasureStack#3 frats: 1 [8373]
2026-05-10 17:46:11,976 DEBUG [Let The Rain Come-lead-Bb#1]           PageRhythm.java:121  | MeasureStack#4 frats: 0 []
2026-05-10 17:46:11,978 DEBUG [Let The Rain Come-lead-Bb#1]           PageRhythm.java:121  | MeasureStack#5 frats: 2 [8860, 8861]
2026-05-10 17:46:11,978 DEBUG [Let The Rain Come-lead-Bb#1]           PageRhythm.java:121  | MeasureStack#6 frats: 3 [8863, 8864, 8801]
2026-05-10 17:46:11,979 DEBUG [Let The Rain Come-lead-Bb#1]           PageRhythm.java:121  | MeasureStack#7 frats: 2 [9514, 9012]
2026-05-10 17:46:11,980 DEBUG [Let The Rain Come-lead-Bb#1]           PageRhythm.java:121  | MeasureStack#8 frats: 1 [9015]
2026-05-10 17:46:11,981 DEBUG [Let The Rain Come-lead-Bb#1]           PageRhythm.java:121  | MeasureStack#9 frats: 1 [9517]
2026-05-10 17:46:11,981 DEBUG [Let The Rain Come-lead-Bb#1]           PageRhythm.java:121  | MeasureStack#10 frats: 2 [9442, 9518]
2026-05-10 17:46:11,982 DEBUG [Let The Rain Come-lead-Bb#1]           PageRhythm.java:121  | MeasureStack#11 frats: 1 [9709]
2026-05-10 17:46:11,982 DEBUG [Let The Rain Come-lead-Bb#1]           PageRhythm.java:121  | MeasureStack#12 frats: 1 [9584]
2026-05-10 17:46:11,982 DEBUG [Let The Rain Come-lead-Bb#1]           PageRhythm.java:121  | MeasureStack#13 frats: 0 []
2026-05-10 17:46:11,984 DEBUG [Let The Rain Come-lead-Bb#1]           PageRhythm.java:121  | MeasureStack#14 frats: 1 [9707]
2026-05-10 17:46:11,984 DEBUG [Let The Rain Come-lead-Bb#1]           PageRhythm.java:121  | MeasureStack#15 frats: 1 [9708]
2026-05-10 17:46:11,985 DEBUG [Let The Rain Come-lead-Bb#1]           PageRhythm.java:121  | MeasureStack#16 frats: 3 [10067, 10059, 10060]
2026-05-10 17:46:11,985 DEBUG [Let The Rain Come-lead-Bb#1]           PageRhythm.java:121  | MeasureStack#17 frats: 1 [10068]
2026-05-10 17:46:11,985 DEBUG [Let The Rain Come-lead-Bb#1]           PageRhythm.java:121  | MeasureStack#18 frats: 2 [10061, 9892]
2026-05-10 17:46:11,986 DEBUG [Let The Rain Come-lead-Bb#1]           PageRhythm.java:121  | MeasureStack#19 frats: 1 [10063]
2026-05-10 17:46:11,986 DEBUG [Let The Rain Come-lead-Bb#1]           PageRhythm.java:121  | MeasureStack#20 frats: 3 [10069, 10065, 10066]
2026-05-10 17:46:11,986 DEBUG [Let The Rain Come-lead-Bb#1]           PageRhythm.java:121  | MeasureStack#21 frats: 0 []
2026-05-10 17:46:11,987 DEBUG [Let The Rain Come-lead-Bb#1]           PageRhythm.java:121  | MeasureStack#22 frats: 0 []
2026-05-10 17:46:11,987 DEBUG [Let The Rain Come-lead-Bb#1]           PageRhythm.java:121  | MeasureStack#23 frats: 0 []
2026-05-10 17:46:11,987 DEBUG [Let The Rain Come-lead-Bb#1]           PageRhythm.java:325  | Starting Range{SN1-23 tSig:4/4 dur:1}
2026-05-10 17:46:11,988 DEBUG [Let The Rain Come-lead-Bb#1]           PageRhythm.java:329  | About to process StackRhythm for MeasureStack#1
2026-05-10 17:46:11,989 DEBUG [Let The Rain Come-lead-Bb#1]          StackRhythm.java:221  | Setting expectedDuration=1 for stack on page 1
2026-05-10 17:46:12,011 DEBUG [Let The Rain Come-lead-Bb#1]           PageRhythm.java:331  | Finished processing StackRhythm for MeasureStack#1
2026-05-10 17:46:12,011 DEBUG [Let The Rain Come-lead-Bb#1]           PageRhythm.java:329  | About to process StackRhythm for MeasureStack#2
2026-05-10 17:46:12,012 DEBUG [Let The Rain Come-lead-Bb#1]          StackRhythm.java:221  | Setting expectedDuration=1 for stack on page 2
2026-05-10 17:46:12,021 INFO [Let The Rain Come-lead-Bb#1]          StackRhythm.java:226  | S1 MeasureStack#2 no correct rhythm
2026-05-10 17:46:12,021 DEBUG [Let The Rain Come-lead-Bb#1]           PageRhythm.java:331  | Finished processing StackRhythm for MeasureStack#2
2026-05-10 17:46:12,022 DEBUG [Let The Rain Come-lead-Bb#1]           PageRhythm.java:329  | About to process StackRhythm for MeasureStack#3
2026-05-10 17:46:12,022 DEBUG [Let The Rain Come-lead-Bb#1]          StackRhythm.java:221  | Setting expectedDuration=1 for stack on page 3
2026-05-10 17:46:12,024 DEBUG [Let The Rain Come-lead-Bb#1]           PageRhythm.java:331  | Finished processing StackRhythm for MeasureStack#3
2026-05-10 17:46:12,027 DEBUG [Let The Rain Come-lead-Bb#1]           PageRhythm.java:329  | About to process StackRhythm for MeasureStack#4
2026-05-10 17:46:12,027 DEBUG [Let The Rain Come-lead-Bb#1]          StackRhythm.java:221  | Setting expectedDuration=1 for stack on page 4
2026-05-10 17:46:12,031 DEBUG [Let The Rain Come-lead-Bb#1]           PageRhythm.java:331  | Finished processing StackRhythm for MeasureStack#4
2026-05-10 17:46:12,032 DEBUG [Let The Rain Come-lead-Bb#1]           PageRhythm.java:329  | About to process StackRhythm for MeasureStack#5
2026-05-10 17:46:12,032 DEBUG [Let The Rain Come-lead-Bb#1]          StackRhythm.java:221  | Setting expectedDuration=1 for stack on page 5
2026-05-10 17:46:12,033 DEBUG [Let The Rain Come-lead-Bb#1]           PageRhythm.java:331  | Finished processing StackRhythm for MeasureStack#5
2026-05-10 17:46:12,033 DEBUG [Let The Rain Come-lead-Bb#1]           PageRhythm.java:329  | About to process StackRhythm for MeasureStack#6
2026-05-10 17:46:12,034 DEBUG [Let The Rain Come-lead-Bb#1]          StackRhythm.java:221  | Setting expectedDuration=1 for stack on page 6
2026-05-10 17:46:12,036 INFO [Let The Rain Come-lead-Bb#1]          StackRhythm.java:226  | S2 MeasureStack#6 no correct rhythm
2026-05-10 17:46:12,036 DEBUG [Let The Rain Come-lead-Bb#1]           PageRhythm.java:331  | Finished processing StackRhythm for MeasureStack#6
2026-05-10 17:46:12,037 DEBUG [Let The Rain Come-lead-Bb#1]           PageRhythm.java:329  | About to process StackRhythm for MeasureStack#7
2026-05-10 17:46:12,037 DEBUG [Let The Rain Come-lead-Bb#1]          StackRhythm.java:221  | Setting expectedDuration=1 for stack on page 7
2026-05-10 17:46:12,040 DEBUG [Let The Rain Come-lead-Bb#1]           PageRhythm.java:331  | Finished processing StackRhythm for MeasureStack#7
2026-05-10 17:46:12,040 DEBUG [Let The Rain Come-lead-Bb#1]           PageRhythm.java:329  | About to process StackRhythm for MeasureStack#8
2026-05-10 17:46:12,040 DEBUG [Let The Rain Come-lead-Bb#1]          StackRhythm.java:221  | Setting expectedDuration=1 for stack on page 8
2026-05-10 17:46:12,043 DEBUG [Let The Rain Come-lead-Bb#1]           PageRhythm.java:331  | Finished processing StackRhythm for MeasureStack#8
2026-05-10 17:46:12,044 DEBUG [Let The Rain Come-lead-Bb#1]           PageRhythm.java:329  | About to process StackRhythm for MeasureStack#9
2026-05-10 17:46:12,044 DEBUG [Let The Rain Come-lead-Bb#1]          StackRhythm.java:221  | Setting expectedDuration=1 for stack on page 9
2026-05-10 17:46:12,046 DEBUG [Let The Rain Come-lead-Bb#1]           PageRhythm.java:331  | Finished processing StackRhythm for MeasureStack#9
2026-05-10 17:46:12,047 DEBUG [Let The Rain Come-lead-Bb#1]           PageRhythm.java:329  | About to process StackRhythm for MeasureStack#10
2026-05-10 17:46:12,047 DEBUG [Let The Rain Come-lead-Bb#1]          StackRhythm.java:221  | Setting expectedDuration=1 for stack on page 10
2026-05-10 17:46:12,049 DEBUG [Let The Rain Come-lead-Bb#1]           PageRhythm.java:331  | Finished processing StackRhythm for MeasureStack#10
2026-05-10 17:46:12,050 DEBUG [Let The Rain Come-lead-Bb#1]           PageRhythm.java:329  | About to process StackRhythm for MeasureStack#11
2026-05-10 17:46:12,050 DEBUG [Let The Rain Come-lead-Bb#1]          StackRhythm.java:221  | Setting expectedDuration=1 for stack on page 11
2026-05-10 17:46:12,051 DEBUG [Let The Rain Come-lead-Bb#1]           PageRhythm.java:331  | Finished processing StackRhythm for MeasureStack#11
2026-05-10 17:46:12,051 DEBUG [Let The Rain Come-lead-Bb#1]           PageRhythm.java:329  | About to process StackRhythm for MeasureStack#12
2026-05-10 17:46:12,052 DEBUG [Let The Rain Come-lead-Bb#1]          StackRhythm.java:221  | Setting expectedDuration=1 for stack on page 12
2026-05-10 17:46:12,054 DEBUG [Let The Rain Come-lead-Bb#1]           PageRhythm.java:331  | Finished processing StackRhythm for MeasureStack#12
2026-05-10 17:46:12,054 DEBUG [Let The Rain Come-lead-Bb#1]           PageRhythm.java:329  | About to process StackRhythm for MeasureStack#13
2026-05-10 17:46:12,054 DEBUG [Let The Rain Come-lead-Bb#1]          StackRhythm.java:221  | Setting expectedDuration=1 for stack on page 13
2026-05-10 17:46:12,056 DEBUG [Let The Rain Come-lead-Bb#1]           PageRhythm.java:331  | Finished processing StackRhythm for MeasureStack#13
2026-05-10 17:46:12,057 DEBUG [Let The Rain Come-lead-Bb#1]           PageRhythm.java:329  | About to process StackRhythm for MeasureStack#14
2026-05-10 17:46:12,058 DEBUG [Let The Rain Come-lead-Bb#1]          StackRhythm.java:221  | Setting expectedDuration=1 for stack on page 14
2026-05-10 17:46:12,059 DEBUG [Let The Rain Come-lead-Bb#1]           PageRhythm.java:331  | Finished processing StackRhythm for MeasureStack#14
2026-05-10 17:46:12,059 DEBUG [Let The Rain Come-lead-Bb#1]           PageRhythm.java:329  | About to process StackRhythm for MeasureStack#15
2026-05-10 17:46:12,059 DEBUG [Let The Rain Come-lead-Bb#1]          StackRhythm.java:221  | Setting expectedDuration=1 for stack on page 15
2026-05-10 17:46:12,060 DEBUG [Let The Rain Come-lead-Bb#1]           PageRhythm.java:331  | Finished processing StackRhythm for MeasureStack#15
2026-05-10 17:46:12,061 DEBUG [Let The Rain Come-lead-Bb#1]           PageRhythm.java:329  | About to process StackRhythm for MeasureStack#16
2026-05-10 17:46:12,061 DEBUG [Let The Rain Come-lead-Bb#1]          StackRhythm.java:221  | Setting expectedDuration=1 for stack on page 16
2026-05-10 17:46:12,063 INFO [Let The Rain Come-lead-Bb#1]          StackRhythm.java:226  | S5 MeasureStack#16 no correct rhythm
2026-05-10 17:46:12,063 DEBUG [Let The Rain Come-lead-Bb#1]           PageRhythm.java:331  | Finished processing StackRhythm for MeasureStack#16
2026-05-10 17:46:12,064 DEBUG [Let The Rain Come-lead-Bb#1]           PageRhythm.java:329  | About to process StackRhythm for MeasureStack#17
2026-05-10 17:46:12,064 DEBUG [Let The Rain Come-lead-Bb#1]          StackRhythm.java:221  | Setting expectedDuration=1 for stack on page 17
2026-05-10 17:46:12,065 DEBUG [Let The Rain Come-lead-Bb#1]           PageRhythm.java:331  | Finished processing StackRhythm for MeasureStack#17
2026-05-10 17:46:12,065 DEBUG [Let The Rain Come-lead-Bb#1]           PageRhythm.java:329  | About to process StackRhythm for MeasureStack#18
2026-05-10 17:46:12,065 DEBUG [Let The Rain Come-lead-Bb#1]          StackRhythm.java:221  | Setting expectedDuration=1 for stack on page 18
2026-05-10 17:46:12,067 DEBUG [Let The Rain Come-lead-Bb#1]           PageRhythm.java:331  | Finished processing StackRhythm for MeasureStack#18
2026-05-10 17:46:12,068 DEBUG [Let The Rain Come-lead-Bb#1]           PageRhythm.java:329  | About to process StackRhythm for MeasureStack#19
2026-05-10 17:46:12,068 DEBUG [Let The Rain Come-lead-Bb#1]          StackRhythm.java:221  | Setting expectedDuration=1 for stack on page 19
2026-05-10 17:46:12,069 DEBUG [Let The Rain Come-lead-Bb#1]           PageRhythm.java:331  | Finished processing StackRhythm for MeasureStack#19
2026-05-10 17:46:12,070 DEBUG [Let The Rain Come-lead-Bb#1]           PageRhythm.java:329  | About to process StackRhythm for MeasureStack#20
2026-05-10 17:46:12,070 DEBUG [Let The Rain Come-lead-Bb#1]          StackRhythm.java:221  | Setting expectedDuration=1 for stack on page 20
2026-05-10 17:46:12,071 INFO [Let The Rain Come-lead-Bb#1]          StackRhythm.java:226  | S5 MeasureStack#20 no correct rhythm
2026-05-10 17:46:12,072 DEBUG [Let The Rain Come-lead-Bb#1]           PageRhythm.java:331  | Finished processing StackRhythm for MeasureStack#20
2026-05-10 17:46:12,073 DEBUG [Let The Rain Come-lead-Bb#1]           PageRhythm.java:329  | About to process StackRhythm for MeasureStack#21
2026-05-10 17:46:12,073 DEBUG [Let The Rain Come-lead-Bb#1]          StackRhythm.java:221  | Setting expectedDuration=1 for stack on page 21
2026-05-10 17:46:12,074 DEBUG [Let The Rain Come-lead-Bb#1]           PageRhythm.java:331  | Finished processing StackRhythm for MeasureStack#21
2026-05-10 17:46:12,075 DEBUG [Let The Rain Come-lead-Bb#1]           PageRhythm.java:329  | About to process StackRhythm for MeasureStack#22
2026-05-10 17:46:12,076 DEBUG [Let The Rain Come-lead-Bb#1]          StackRhythm.java:221  | Setting expectedDuration=1 for stack on page 22
2026-05-10 17:46:12,076 DEBUG [Let The Rain Come-lead-Bb#1]           PageRhythm.java:331  | Finished processing StackRhythm for MeasureStack#22
2026-05-10 17:46:12,076 DEBUG [Let The Rain Come-lead-Bb#1]           PageRhythm.java:329  | About to process StackRhythm for MeasureStack#23
2026-05-10 17:46:12,076 DEBUG [Let The Rain Come-lead-Bb#1]          StackRhythm.java:221  | Setting expectedDuration=1 for stack on page 23
2026-05-10 17:46:12,078 DEBUG [Let The Rain Come-lead-Bb#1]           PageRhythm.java:331  | Finished processing StackRhythm for MeasureStack#23
2026-05-10 17:46:19,724 WARN [Let The Rain Come-lead-Bb#2]          TextBuilder.java:412  | Skipping TextLine with null bounds: TextLine{ "" conf:NaN}
2026-05-10 17:46:19,724 WARN [Let The Rain Come-lead-Bb#2]          TextBuilder.java:412  | Skipping TextLine with null bounds: TextLine{ "" conf:NaN}
2026-05-10 17:46:19,726 WARN [Let The Rain Come-lead-Bb#2]          TextBuilder.java:412  | Skipping TextLine with null bounds: TextLine{ "" conf:NaN}
2026-05-10 17:46:19,726 WARN [Let The Rain Come-lead-Bb#2]          TextBuilder.java:412  | Skipping TextLine with null bounds: TextLine{ "" conf:NaN}
2026-05-10 17:46:19,726 WARN [Let The Rain Come-lead-Bb#2]          TextBuilder.java:412  | Skipping TextLine with null bounds: TextLine{ "" conf:NaN}
2026-05-10 17:46:19,727 WARN [Let The Rain Come-lead-Bb#2]          TextBuilder.java:412  | Skipping TextLine with null bounds: TextLine{ "" conf:NaN}
2026-05-10 17:46:19,727 WARN [Let The Rain Come-lead-Bb#2]          TextBuilder.java:412  | Skipping TextLine with null bounds: TextLine{ "" conf:NaN}
2026-05-10 17:46:19,728 WARN [Let The Rain Come-lead-Bb#2]          TextBuilder.java:412  | Skipping TextLine with null bounds: TextLine{ "" conf:NaN}
2026-05-10 17:46:19,728 WARN [Let The Rain Come-lead-Bb#2]          TextBuilder.java:412  | Skipping TextLine with null bounds: TextLine{ "" conf:NaN}
2026-05-10 17:46:19,728 WARN [Let The Rain Come-lead-Bb#2]          TextBuilder.java:412  | Skipping TextLine with null bounds: TextLine{ "" conf:NaN}
2026-05-10 17:46:19,728 WARN [Let The Rain Come-lead-Bb#2]          TextBuilder.java:412  | Skipping TextLine with null bounds: TextLine{ "" conf:NaN}
2026-05-10 17:46:19,729 WARN [Let The Rain Come-lead-Bb#2]          TextBuilder.java:412  | Skipping TextLine with null bounds: TextLine{ "" conf:NaN}
2026-05-10 17:46:19,729 WARN [Let The Rain Come-lead-Bb#2]          TextBuilder.java:412  | Skipping TextLine with null bounds: TextLine{ "" conf:NaN}
2026-05-10 17:46:19,730 WARN [Let The Rain Come-lead-Bb#2]          TextBuilder.java:412  | Skipping TextLine with null bounds: TextLine{ "" conf:NaN}
2026-05-10 17:46:19,730 WARN [Let The Rain Come-lead-Bb#2]          TextBuilder.java:412  | Skipping TextLine with null bounds: TextLine{ "" conf:NaN}
2026-05-10 17:46:19,730 WARN [Let The Rain Come-lead-Bb#2]          TextBuilder.java:412  | Skipping TextLine with null bounds: TextLine{ "" conf:NaN}
2026-05-10 17:46:19,731 WARN [Let The Rain Come-lead-Bb#2]          TextBuilder.java:412  | Skipping TextLine with null bounds: TextLine{ "" conf:NaN}
2026-05-10 17:46:19,731 WARN [Let The Rain Come-lead-Bb#2]          TextBuilder.java:412  | Skipping TextLine with null bounds: TextLine{ "" conf:NaN}
2026-05-10 17:46:19,731 WARN [Let The Rain Come-lead-Bb#2]          TextBuilder.java:412  | Skipping TextLine with null bounds: TextLine{ "" conf:NaN}
2026-05-10 17:46:19,731 WARN [Let The Rain Come-lead-Bb#2]          TextBuilder.java:412  | Skipping TextLine with null bounds: TextLine{ "" conf:NaN}
2026-05-10 17:46:19,731 WARN [Let The Rain Come-lead-Bb#2]          TextBuilder.java:412  | Skipping TextLine with null bounds: TextLine{ "" conf:NaN}
2026-05-10 17:46:19,732 WARN [Let The Rain Come-lead-Bb#2]          TextBuilder.java:412  | Skipping TextLine with null bounds: TextLine{ "" conf:NaN}
2026-05-10 17:46:19,732 WARN [Let The Rain Come-lead-Bb#2]          TextBuilder.java:412  | Skipping TextLine with null bounds: TextLine{ "" conf:NaN}
2026-05-10 17:46:19,732 WARN [Let The Rain Come-lead-Bb#2]          TextBuilder.java:412  | Skipping TextLine with null bounds: TextLine{ "" conf:NaN}
2026-05-10 17:46:19,733 WARN [Let The Rain Come-lead-Bb#2]          TextBuilder.java:412  | Skipping TextLine with null bounds: TextLine{ "" conf:NaN}
2026-05-10 17:46:19,733 WARN [Let The Rain Come-lead-Bb#2]          TextBuilder.java:412  | Skipping TextLine with null bounds: TextLine{ "" conf:NaN}
2026-05-10 17:46:19,733 WARN [Let The Rain Come-lead-Bb#2]          TextBuilder.java:412  | Skipping TextLine with null bounds: TextLine{ "" conf:NaN}
2026-05-10 17:46:19,733 WARN [Let The Rain Come-lead-Bb#2]          TextBuilder.java:412  | Skipping TextLine with null bounds: TextLine{ "" conf:NaN}
2026-05-10 17:46:19,733 WARN [Let The Rain Come-lead-Bb#2]          TextBuilder.java:412  | Skipping TextLine with null bounds: TextLine{ "" conf:NaN}
2026-05-10 17:46:19,735 WARN [Let The Rain Come-lead-Bb#2]          TextBuilder.java:412  | Skipping TextLine with null bounds: TextLine{ "" conf:NaN}
2026-05-10 17:46:19,735 WARN [Let The Rain Come-lead-Bb#2]          TextBuilder.java:412  | Skipping TextLine with null bounds: TextLine{ "" conf:NaN}
2026-05-10 17:46:19,735 WARN [Let The Rain Come-lead-Bb#2]          TextBuilder.java:412  | Skipping TextLine with null bounds: TextLine{ "" conf:NaN}
2026-05-10 17:46:19,735 WARN [Let The Rain Come-lead-Bb#2]          TextBuilder.java:412  | Skipping TextLine with null bounds: TextLine{ "" conf:NaN}
2026-05-10 17:46:19,736 WARN [Let The Rain Come-lead-Bb#2]          TextBuilder.java:412  | Skipping TextLine with null bounds: TextLine{ "" conf:NaN}
2026-05-10 17:46:19,736 WARN [Let The Rain Come-lead-Bb#2]          TextBuilder.java:412  | Skipping TextLine with null bounds: TextLine{ "" conf:NaN}
2026-05-10 17:46:19,736 WARN [Let The Rain Come-lead-Bb#2]          TextBuilder.java:412  | Skipping TextLine with null bounds: TextLine{ "" conf:NaN}
2026-05-10 17:46:19,736 WARN [Let The Rain Come-lead-Bb#2]          TextBuilder.java:412  | Skipping TextLine with null bounds: TextLine{ "" conf:NaN}
2026-05-10 17:46:19,737 WARN [Let The Rain Come-lead-Bb#2]          TextBuilder.java:412  | Skipping TextLine with null bounds: TextLine{ "" conf:NaN}
2026-05-10 17:46:19,737 WARN [Let The Rain Come-lead-Bb#2]          TextBuilder.java:412  | Skipping TextLine with null bounds: TextLine{ "" conf:NaN}
2026-05-10 17:46:19,737 WARN [Let The Rain Come-lead-Bb#2]          TextBuilder.java:412  | Skipping TextLine with null bounds: TextLine{ "" conf:NaN}
2026-05-10 17:46:19,737 WARN [Let The Rain Come-lead-Bb#2]          TextBuilder.java:412  | Skipping TextLine with null bounds: TextLine{ "" conf:NaN}
2026-05-10 17:46:19,738 WARN [Let The Rain Come-lead-Bb#2]          TextBuilder.java:412  | Skipping TextLine with null bounds: TextLine{ "" conf:NaN}
2026-05-10 17:46:19,738 WARN [Let The Rain Come-lead-Bb#2]          TextBuilder.java:412  | Skipping TextLine with null bounds: TextLine{ "" conf:NaN}
2026-05-10 17:46:19,738 WARN [Let The Rain Come-lead-Bb#2]          TextBuilder.java:412  | Skipping TextLine with null bounds: TextLine{ "" conf:NaN}
2026-05-10 17:46:19,739 WARN [Let The Rain Come-lead-Bb#2]          TextBuilder.java:412  | Skipping TextLine with null bounds: TextLine{ "" conf:NaN}
2026-05-10 17:46:19,739 WARN [Let The Rain Come-lead-Bb#2]          TextBuilder.java:412  | Skipping TextLine with null bounds: TextLine{ "" conf:NaN}
2026-05-10 17:46:19,739 WARN [Let The Rain Come-lead-Bb#2]          TextBuilder.java:412  | Skipping TextLine with null bounds: TextLine{ "" conf:NaN}
2026-05-10 17:46:19,739 WARN [Let The Rain Come-lead-Bb#2]          TextBuilder.java:412  | Skipping TextLine with null bounds: TextLine{ "" conf:NaN}
2026-05-10 17:46:19,739 WARN [Let The Rain Come-lead-Bb#2]          TextBuilder.java:412  | Skipping TextLine with null bounds: TextLine{ "" conf:NaN}
2026-05-10 17:46:19,740 WARN [Let The Rain Come-lead-Bb#2]          TextBuilder.java:412  | Skipping TextLine with null bounds: TextLine{ "" conf:NaN}
2026-05-10 17:46:19,740 WARN [Let The Rain Come-lead-Bb#2]          TextBuilder.java:412  | Skipping TextLine with null bounds: TextLine{ "" conf:NaN}
2026-05-10 17:46:19,741 WARN [Let The Rain Come-lead-Bb#2]          TextBuilder.java:412  | Skipping TextLine with null bounds: TextLine{ "" conf:NaN}
2026-05-10 17:46:19,741 WARN [Let The Rain Come-lead-Bb#2]          TextBuilder.java:412  | Skipping TextLine with null bounds: TextLine{ "" conf:NaN}
2026-05-10 17:46:19,741 WARN [Let The Rain Come-lead-Bb#2]          TextBuilder.java:412  | Skipping TextLine with null bounds: TextLine{ "" conf:NaN}
2026-05-10 17:46:19,741 WARN [Let The Rain Come-lead-Bb#2]          TextBuilder.java:412  | Skipping TextLine with null bounds: TextLine{ "" conf:NaN}
2026-05-10 17:46:19,742 WARN [Let The Rain Come-lead-Bb#2]          TextBuilder.java:412  | Skipping TextLine with null bounds: TextLine{ "" conf:NaN}
2026-05-10 17:46:21,812 INFO [Let The Rain Come-lead-Bb#2]           PageRhythm.java:176  | {Page#2.1} Starting PageRhythm time signature check
2026-05-10 17:46:21,813 INFO [Let The Rain Come-lead-Bb#2]           PageRhythm.java:178  | {Page#2.1} Initial range state: Range{SN1-} → ts: null
2026-05-10 17:46:21,813 INFO [Let The Rain Come-lead-Bb#2]           PageRhythm.java:184  | {Page#2.1} Checking range: Range{SN1-}, ts: null
2026-05-10 17:46:21,814 INFO [Let The Rain Come-lead-Bb#2]           PageRhythm.java:207  | {Page#2.1} Time value reused from sheet#1
2026-05-10 17:46:21,814 INFO [Let The Rain Come-lead-Bb#2]           PageRhythm.java:277  | Last range: Range{SN1-13 tRat:4/4 dur:1}
2026-05-10 17:46:21,815 INFO [Let The Rain Come-lead-Bb#2]           PageRhythm.java:278  | lastRange.timeRational = 4/4
2026-05-10 17:46:21,816 INFO [Let The Rain Come-lead-Bb#2]           PageRhythm.java:279  | lastRange.ts = null
2026-05-10 17:46:21,816 DEBUG [Let The Rain Come-lead-Bb#2]           PageRhythm.java:121  | MeasureStack#1 frats: 0 []
2026-05-10 17:46:21,817 DEBUG [Let The Rain Come-lead-Bb#2]           PageRhythm.java:121  | MeasureStack#2 frats: 1 [3562]
2026-05-10 17:46:21,817 DEBUG [Let The Rain Come-lead-Bb#2]           PageRhythm.java:121  | MeasureStack#3 frats: 2 [3563, 3564]
2026-05-10 17:46:21,817 DEBUG [Let The Rain Come-lead-Bb#2]           PageRhythm.java:121  | MeasureStack#4 frats: 0 []
2026-05-10 17:46:21,817 DEBUG [Let The Rain Come-lead-Bb#2]           PageRhythm.java:121  | MeasureStack#5 frats: 0 []
2026-05-10 17:46:21,817 DEBUG [Let The Rain Come-lead-Bb#2]           PageRhythm.java:121  | MeasureStack#6 frats: 0 []
2026-05-10 17:46:21,818 DEBUG [Let The Rain Come-lead-Bb#2]           PageRhythm.java:121  | MeasureStack#7 frats: 1 [3869]
2026-05-10 17:46:21,818 DEBUG [Let The Rain Come-lead-Bb#2]           PageRhythm.java:121  | MeasureStack#8 frats: 1 [4374]
2026-05-10 17:46:21,819 DEBUG [Let The Rain Come-lead-Bb#2]           PageRhythm.java:121  | MeasureStack#9 frats: 0 []
2026-05-10 17:46:21,819 DEBUG [Let The Rain Come-lead-Bb#2]           PageRhythm.java:121  | MeasureStack#10 frats: 0 []
2026-05-10 17:46:21,819 DEBUG [Let The Rain Come-lead-Bb#2]           PageRhythm.java:121  | MeasureStack#11 frats: 0 []
2026-05-10 17:46:21,819 DEBUG [Let The Rain Come-lead-Bb#2]           PageRhythm.java:121  | MeasureStack#12 frats: 2 [4446, 4447]
2026-05-10 17:46:21,819 DEBUG [Let The Rain Come-lead-Bb#2]           PageRhythm.java:121  | MeasureStack#13 frats: 0 []
2026-05-10 17:46:21,821 DEBUG [Let The Rain Come-lead-Bb#2]           PageRhythm.java:325  | Starting Range{SN1-13 tRat:4/4 dur:1}
2026-05-10 17:46:21,821 DEBUG [Let The Rain Come-lead-Bb#2]           PageRhythm.java:329  | About to process StackRhythm for MeasureStack#1
2026-05-10 17:46:21,821 DEBUG [Let The Rain Come-lead-Bb#2]          StackRhythm.java:221  | Setting expectedDuration=1 for stack on page 1
2026-05-10 17:46:21,821 DEBUG [Let The Rain Come-lead-Bb#2]           PageRhythm.java:331  | Finished processing StackRhythm for MeasureStack#1
2026-05-10 17:46:21,821 DEBUG [Let The Rain Come-lead-Bb#2]           PageRhythm.java:329  | About to process StackRhythm for MeasureStack#2
2026-05-10 17:46:21,821 DEBUG [Let The Rain Come-lead-Bb#2]          StackRhythm.java:221  | Setting expectedDuration=1 for stack on page 2
2026-05-10 17:46:21,823 DEBUG [Let The Rain Come-lead-Bb#2]           PageRhythm.java:331  | Finished processing StackRhythm for MeasureStack#2
2026-05-10 17:46:21,823 DEBUG [Let The Rain Come-lead-Bb#2]           PageRhythm.java:329  | About to process StackRhythm for MeasureStack#3
2026-05-10 17:46:21,824 DEBUG [Let The Rain Come-lead-Bb#2]          StackRhythm.java:221  | Setting expectedDuration=1 for stack on page 3
2026-05-10 17:46:21,825 DEBUG [Let The Rain Come-lead-Bb#2]           PageRhythm.java:331  | Finished processing StackRhythm for MeasureStack#3
2026-05-10 17:46:21,826 DEBUG [Let The Rain Come-lead-Bb#2]           PageRhythm.java:329  | About to process StackRhythm for MeasureStack#4
2026-05-10 17:46:21,826 DEBUG [Let The Rain Come-lead-Bb#2]          StackRhythm.java:221  | Setting expectedDuration=1 for stack on page 4
2026-05-10 17:46:21,826 DEBUG [Let The Rain Come-lead-Bb#2]           PageRhythm.java:331  | Finished processing StackRhythm for MeasureStack#4
2026-05-10 17:46:21,827 DEBUG [Let The Rain Come-lead-Bb#2]           PageRhythm.java:329  | About to process StackRhythm for MeasureStack#5
2026-05-10 17:46:21,828 DEBUG [Let The Rain Come-lead-Bb#2]          StackRhythm.java:221  | Setting expectedDuration=1 for stack on page 5
2026-05-10 17:46:21,828 DEBUG [Let The Rain Come-lead-Bb#2]           PageRhythm.java:331  | Finished processing StackRhythm for MeasureStack#5
2026-05-10 17:46:21,828 DEBUG [Let The Rain Come-lead-Bb#2]           PageRhythm.java:329  | About to process StackRhythm for MeasureStack#6
2026-05-10 17:46:21,829 DEBUG [Let The Rain Come-lead-Bb#2]          StackRhythm.java:221  | Setting expectedDuration=1 for stack on page 6
2026-05-10 17:46:21,829 DEBUG [Let The Rain Come-lead-Bb#2]           PageRhythm.java:331  | Finished processing StackRhythm for MeasureStack#6
2026-05-10 17:46:21,829 DEBUG [Let The Rain Come-lead-Bb#2]           PageRhythm.java:329  | About to process StackRhythm for MeasureStack#7
2026-05-10 17:46:21,830 DEBUG [Let The Rain Come-lead-Bb#2]          StackRhythm.java:221  | Setting expectedDuration=1 for stack on page 7
2026-05-10 17:46:21,831 DEBUG [Let The Rain Come-lead-Bb#2]           PageRhythm.java:331  | Finished processing StackRhythm for MeasureStack#7
2026-05-10 17:46:21,832 DEBUG [Let The Rain Come-lead-Bb#2]           PageRhythm.java:329  | About to process StackRhythm for MeasureStack#8
2026-05-10 17:46:21,832 DEBUG [Let The Rain Come-lead-Bb#2]          StackRhythm.java:221  | Setting expectedDuration=1 for stack on page 8
2026-05-10 17:46:21,834 DEBUG [Let The Rain Come-lead-Bb#2]           PageRhythm.java:331  | Finished processing StackRhythm for MeasureStack#8
2026-05-10 17:46:21,834 DEBUG [Let The Rain Come-lead-Bb#2]           PageRhythm.java:329  | About to process StackRhythm for MeasureStack#9
2026-05-10 17:46:21,834 DEBUG [Let The Rain Come-lead-Bb#2]          StackRhythm.java:221  | Setting expectedDuration=1 for stack on page 9
2026-05-10 17:46:21,836 DEBUG [Let The Rain Come-lead-Bb#2]           PageRhythm.java:331  | Finished processing StackRhythm for MeasureStack#9
2026-05-10 17:46:21,836 DEBUG [Let The Rain Come-lead-Bb#2]           PageRhythm.java:329  | About to process StackRhythm for MeasureStack#10
2026-05-10 17:46:21,836 DEBUG [Let The Rain Come-lead-Bb#2]          StackRhythm.java:221  | Setting expectedDuration=1 for stack on page 10
2026-05-10 17:46:21,838 DEBUG [Let The Rain Come-lead-Bb#2]           PageRhythm.java:331  | Finished processing StackRhythm for MeasureStack#10
2026-05-10 17:46:21,838 DEBUG [Let The Rain Come-lead-Bb#2]           PageRhythm.java:329  | About to process StackRhythm for MeasureStack#11
2026-05-10 17:46:21,838 DEBUG [Let The Rain Come-lead-Bb#2]          StackRhythm.java:221  | Setting expectedDuration=1 for stack on page 11
2026-05-10 17:46:21,838 DEBUG [Let The Rain Come-lead-Bb#2]           PageRhythm.java:331  | Finished processing StackRhythm for MeasureStack#11
2026-05-10 17:46:21,839 DEBUG [Let The Rain Come-lead-Bb#2]           PageRhythm.java:329  | About to process StackRhythm for MeasureStack#12
2026-05-10 17:46:21,839 DEBUG [Let The Rain Come-lead-Bb#2]          StackRhythm.java:221  | Setting expectedDuration=1 for stack on page 12
2026-05-10 17:46:21,840 DEBUG [Let The Rain Come-lead-Bb#2]           PageRhythm.java:331  | Finished processing StackRhythm for MeasureStack#12
2026-05-10 17:46:21,840 DEBUG [Let The Rain Come-lead-Bb#2]           PageRhythm.java:329  | About to process StackRhythm for MeasureStack#13
2026-05-10 17:46:21,840 DEBUG [Let The Rain Come-lead-Bb#2]          StackRhythm.java:221  | Setting expectedDuration=1 for stack on page 13
2026-05-10 17:46:21,842 DEBUG [Let The Rain Come-lead-Bb#2]           PageRhythm.java:331  | Finished processing StackRhythm for MeasureStack#13
