2026-05-10 16:48:19,462 WARN [And Can It Be (Sagina)-lead-G#1]         ScaleBuilder.java:293  | No reliable beam height found, guessed value: 10
2026-05-10 16:48:28,993 WARN [And Can It Be (Sagina)-lead-G#1]          TextBuilder.java:412  | Skipping TextLine with null bounds: TextLine{ "" conf:NaN}
2026-05-10 16:48:28,993 WARN [And Can It Be (Sagina)-lead-G#1]          TextBuilder.java:412  | Skipping TextLine with null bounds: TextLine{ "" conf:NaN}
2026-05-10 16:48:28,994 WARN [And Can It Be (Sagina)-lead-G#1]          TextBuilder.java:412  | Skipping TextLine with null bounds: TextLine{ "" conf:NaN}
2026-05-10 16:48:28,997 WARN [And Can It Be (Sagina)-lead-G#1]          TextBuilder.java:412  | Skipping TextLine with null bounds: TextLine{ "" conf:NaN}
2026-05-10 16:48:28,998 WARN [And Can It Be (Sagina)-lead-G#1]          TextBuilder.java:412  | Skipping TextLine with null bounds: TextLine{ "" conf:NaN}
2026-05-10 16:48:28,998 WARN [And Can It Be (Sagina)-lead-G#1]          TextBuilder.java:412  | Skipping TextLine with null bounds: TextLine{ "" conf:NaN}
2026-05-10 16:48:28,999 WARN [And Can It Be (Sagina)-lead-G#1]          TextBuilder.java:412  | Skipping TextLine with null bounds: TextLine{ "" conf:NaN}
2026-05-10 16:48:29,000 WARN [And Can It Be (Sagina)-lead-G#1]          TextBuilder.java:412  | Skipping TextLine with null bounds: TextLine{ "" conf:NaN}
2026-05-10 16:48:29,000 WARN [And Can It Be (Sagina)-lead-G#1]          TextBuilder.java:412  | Skipping TextLine with null bounds: TextLine{ "" conf:NaN}
2026-05-10 16:48:29,001 WARN [And Can It Be (Sagina)-lead-G#1]          TextBuilder.java:412  | Skipping TextLine with null bounds: TextLine{ "" conf:NaN}
2026-05-10 16:48:29,002 WARN [And Can It Be (Sagina)-lead-G#1]          TextBuilder.java:412  | Skipping TextLine with null bounds: TextLine{ "" conf:NaN}
2026-05-10 16:48:29,002 WARN [And Can It Be (Sagina)-lead-G#1]          TextBuilder.java:412  | Skipping TextLine with null bounds: TextLine{ "" conf:NaN}
2026-05-10 16:48:29,002 WARN [And Can It Be (Sagina)-lead-G#1]          TextBuilder.java:412  | Skipping TextLine with null bounds: TextLine{ "" conf:NaN}
2026-05-10 16:48:29,003 WARN [And Can It Be (Sagina)-lead-G#1]          TextBuilder.java:412  | Skipping TextLine with null bounds: TextLine{ "" conf:NaN}
2026-05-10 16:48:29,004 WARN [And Can It Be (Sagina)-lead-G#1]          TextBuilder.java:412  | Skipping TextLine with null bounds: TextLine{ "" conf:NaN}
2026-05-10 16:48:29,004 WARN [And Can It Be (Sagina)-lead-G#1]          TextBuilder.java:412  | Skipping TextLine with null bounds: TextLine{ "" conf:NaN}
2026-05-10 16:48:29,004 WARN [And Can It Be (Sagina)-lead-G#1]          TextBuilder.java:412  | Skipping TextLine with null bounds: TextLine{ "" conf:NaN}
2026-05-10 16:48:29,005 WARN [And Can It Be (Sagina)-lead-G#1]          TextBuilder.java:412  | Skipping TextLine with null bounds: TextLine{ "" conf:NaN}
2026-05-10 16:48:29,005 WARN [And Can It Be (Sagina)-lead-G#1]          TextBuilder.java:412  | Skipping TextLine with null bounds: TextLine{ "" conf:NaN}
2026-05-10 16:48:29,005 WARN [And Can It Be (Sagina)-lead-G#1]          TextBuilder.java:412  | Skipping TextLine with null bounds: TextLine{ "" conf:NaN}
2026-05-10 16:48:29,006 WARN [And Can It Be (Sagina)-lead-G#1]          TextBuilder.java:412  | Skipping TextLine with null bounds: TextLine{ "" conf:NaN}
2026-05-10 16:48:29,006 WARN [And Can It Be (Sagina)-lead-G#1]          TextBuilder.java:412  | Skipping TextLine with null bounds: TextLine{ "" conf:NaN}
2026-05-10 16:48:29,006 WARN [And Can It Be (Sagina)-lead-G#1]          TextBuilder.java:412  | Skipping TextLine with null bounds: TextLine{ "" conf:NaN}
2026-05-10 16:48:29,006 WARN [And Can It Be (Sagina)-lead-G#1]          TextBuilder.java:412  | Skipping TextLine with null bounds: TextLine{ "" conf:NaN}
2026-05-10 16:48:29,007 WARN [And Can It Be (Sagina)-lead-G#1]          TextBuilder.java:412  | Skipping TextLine with null bounds: TextLine{ "" conf:NaN}
2026-05-10 16:48:29,007 WARN [And Can It Be (Sagina)-lead-G#1]          TextBuilder.java:412  | Skipping TextLine with null bounds: TextLine{ "" conf:NaN}
2026-05-10 16:48:29,007 WARN [And Can It Be (Sagina)-lead-G#1]          TextBuilder.java:412  | Skipping TextLine with null bounds: TextLine{ "" conf:NaN}
2026-05-10 16:48:29,007 WARN [And Can It Be (Sagina)-lead-G#1]          TextBuilder.java:412  | Skipping TextLine with null bounds: TextLine{ "" conf:NaN}
2026-05-10 16:48:29,007 WARN [And Can It Be (Sagina)-lead-G#1]          TextBuilder.java:412  | Skipping TextLine with null bounds: TextLine{ "" conf:NaN}
2026-05-10 16:48:29,007 WARN [And Can It Be (Sagina)-lead-G#1]          TextBuilder.java:412  | Skipping TextLine with null bounds: TextLine{ "" conf:NaN}
2026-05-10 16:48:29,007 WARN [And Can It Be (Sagina)-lead-G#1]          TextBuilder.java:412  | Skipping TextLine with null bounds: TextLine{ "" conf:NaN}
2026-05-10 16:48:29,008 WARN [And Can It Be (Sagina)-lead-G#1]          TextBuilder.java:412  | Skipping TextLine with null bounds: TextLine{ "" conf:NaN}
2026-05-10 16:48:29,009 WARN [And Can It Be (Sagina)-lead-G#1]          TextBuilder.java:412  | Skipping TextLine with null bounds: TextLine{ "" conf:NaN}
2026-05-10 16:48:29,009 WARN [And Can It Be (Sagina)-lead-G#1]          TextBuilder.java:412  | Skipping TextLine with null bounds: TextLine{ "" conf:NaN}
2026-05-10 16:48:29,009 WARN [And Can It Be (Sagina)-lead-G#1]          TextBuilder.java:412  | Skipping TextLine with null bounds: TextLine{ "" conf:NaN}
2026-05-10 16:48:29,009 WARN [And Can It Be (Sagina)-lead-G#1]          TextBuilder.java:412  | Skipping TextLine with null bounds: TextLine{ "" conf:NaN}
2026-05-10 16:48:29,009 WARN [And Can It Be (Sagina)-lead-G#1]          TextBuilder.java:412  | Skipping TextLine with null bounds: TextLine{ "" conf:NaN}
2026-05-10 16:48:29,009 WARN [And Can It Be (Sagina)-lead-G#1]          TextBuilder.java:412  | Skipping TextLine with null bounds: TextLine{ "" conf:NaN}
2026-05-10 16:48:29,010 WARN [And Can It Be (Sagina)-lead-G#1]          TextBuilder.java:412  | Skipping TextLine with null bounds: TextLine{ "" conf:NaN}
2026-05-10 16:48:29,010 WARN [And Can It Be (Sagina)-lead-G#1]          TextBuilder.java:412  | Skipping TextLine with null bounds: TextLine{ "" conf:NaN}
2026-05-10 16:48:29,011 WARN [And Can It Be (Sagina)-lead-G#1]          TextBuilder.java:412  | Skipping TextLine with null bounds: TextLine{ "" conf:NaN}
2026-05-10 16:48:29,012 WARN [And Can It Be (Sagina)-lead-G#1]          TextBuilder.java:412  | Skipping TextLine with null bounds: TextLine{ "" conf:NaN}
2026-05-10 16:48:29,012 WARN [And Can It Be (Sagina)-lead-G#1]          TextBuilder.java:412  | Skipping TextLine with null bounds: TextLine{ "" conf:NaN}
2026-05-10 16:48:29,012 WARN [And Can It Be (Sagina)-lead-G#1]          TextBuilder.java:412  | Skipping TextLine with null bounds: TextLine{ "" conf:NaN}
2026-05-10 16:48:29,012 WARN [And Can It Be (Sagina)-lead-G#1]          TextBuilder.java:412  | Skipping TextLine with null bounds: TextLine{ "" conf:NaN}
2026-05-10 16:48:29,013 WARN [And Can It Be (Sagina)-lead-G#1]          TextBuilder.java:412  | Skipping TextLine with null bounds: TextLine{ "" conf:NaN}
2026-05-10 16:48:29,014 WARN [And Can It Be (Sagina)-lead-G#1]          TextBuilder.java:412  | Skipping TextLine with null bounds: TextLine{ "" conf:NaN}
2026-05-10 16:48:29,014 WARN [And Can It Be (Sagina)-lead-G#1]          TextBuilder.java:412  | Skipping TextLine with null bounds: TextLine{ "" conf:NaN}
2026-05-10 16:48:29,014 WARN [And Can It Be (Sagina)-lead-G#1]          TextBuilder.java:412  | Skipping TextLine with null bounds: TextLine{ "" conf:NaN}
2026-05-10 16:48:29,015 WARN [And Can It Be (Sagina)-lead-G#1]          TextBuilder.java:412  | Skipping TextLine with null bounds: TextLine{ "" conf:NaN}
2026-05-10 16:48:29,015 WARN [And Can It Be (Sagina)-lead-G#1]          TextBuilder.java:412  | Skipping TextLine with null bounds: TextLine{ "" conf:NaN}
2026-05-10 16:48:29,015 WARN [And Can It Be (Sagina)-lead-G#1]          TextBuilder.java:412  | Skipping TextLine with null bounds: TextLine{ "" conf:NaN}
2026-05-10 16:48:29,016 WARN [And Can It Be (Sagina)-lead-G#1]          TextBuilder.java:412  | Skipping TextLine with null bounds: TextLine{ "" conf:NaN}
2026-05-10 16:48:29,016 WARN [And Can It Be (Sagina)-lead-G#1]          TextBuilder.java:412  | Skipping TextLine with null bounds: TextLine{ "" conf:NaN}
2026-05-10 16:48:29,016 WARN [And Can It Be (Sagina)-lead-G#1]          TextBuilder.java:412  | Skipping TextLine with null bounds: TextLine{ "" conf:NaN}
2026-05-10 16:48:29,016 WARN [And Can It Be (Sagina)-lead-G#1]          TextBuilder.java:412  | Skipping TextLine with null bounds: TextLine{ "" conf:NaN}
2026-05-10 16:48:29,017 WARN [And Can It Be (Sagina)-lead-G#1]          TextBuilder.java:412  | Skipping TextLine with null bounds: TextLine{ "" conf:NaN}
2026-05-10 16:48:29,017 WARN [And Can It Be (Sagina)-lead-G#1]          TextBuilder.java:412  | Skipping TextLine with null bounds: TextLine{ "" conf:NaN}
2026-05-10 16:48:29,017 WARN [And Can It Be (Sagina)-lead-G#1]          TextBuilder.java:412  | Skipping TextLine with null bounds: TextLine{ "" conf:NaN}
2026-05-10 16:48:29,017 WARN [And Can It Be (Sagina)-lead-G#1]          TextBuilder.java:412  | Skipping TextLine with null bounds: TextLine{ "" conf:NaN}
2026-05-10 16:48:29,017 WARN [And Can It Be (Sagina)-lead-G#1]          TextBuilder.java:412  | Skipping TextLine with null bounds: TextLine{ "" conf:NaN}
2026-05-10 16:48:29,017 WARN [And Can It Be (Sagina)-lead-G#1]          TextBuilder.java:412  | Skipping TextLine with null bounds: TextLine{ "" conf:NaN}
2026-05-10 16:48:29,019 WARN [And Can It Be (Sagina)-lead-G#1]          TextBuilder.java:412  | Skipping TextLine with null bounds: TextLine{ "" conf:NaN}
2026-05-10 16:48:29,019 WARN [And Can It Be (Sagina)-lead-G#1]          TextBuilder.java:412  | Skipping TextLine with null bounds: TextLine{ "" conf:NaN}
2026-05-10 16:48:29,019 WARN [And Can It Be (Sagina)-lead-G#1]          TextBuilder.java:412  | Skipping TextLine with null bounds: TextLine{ "" conf:NaN}
2026-05-10 16:48:29,019 WARN [And Can It Be (Sagina)-lead-G#1]          TextBuilder.java:412  | Skipping TextLine with null bounds: TextLine{ "" conf:NaN}
2026-05-10 16:48:29,019 WARN [And Can It Be (Sagina)-lead-G#1]          TextBuilder.java:412  | Skipping TextLine with null bounds: TextLine{ "" conf:NaN}
2026-05-10 16:48:29,020 WARN [And Can It Be (Sagina)-lead-G#1]          TextBuilder.java:412  | Skipping TextLine with null bounds: TextLine{ "" conf:NaN}
2026-05-10 16:48:29,021 WARN [And Can It Be (Sagina)-lead-G#1]          TextBuilder.java:412  | Skipping TextLine with null bounds: TextLine{ "" conf:NaN}
2026-05-10 16:48:29,021 WARN [And Can It Be (Sagina)-lead-G#1]          TextBuilder.java:412  | Skipping TextLine with null bounds: TextLine{ "" conf:NaN}
2026-05-10 16:48:29,021 WARN [And Can It Be (Sagina)-lead-G#1]          TextBuilder.java:412  | Skipping TextLine with null bounds: TextLine{ "" conf:NaN}
2026-05-10 16:48:29,022 WARN [And Can It Be (Sagina)-lead-G#1]          TextBuilder.java:412  | Skipping TextLine with null bounds: TextLine{ "" conf:NaN}
2026-05-10 16:48:29,022 WARN [And Can It Be (Sagina)-lead-G#1]          TextBuilder.java:412  | Skipping TextLine with null bounds: TextLine{ "" conf:NaN}
2026-05-10 16:48:29,022 WARN [And Can It Be (Sagina)-lead-G#1]          TextBuilder.java:412  | Skipping TextLine with null bounds: TextLine{ "" conf:NaN}
2026-05-10 16:48:29,022 WARN [And Can It Be (Sagina)-lead-G#1]          TextBuilder.java:412  | Skipping TextLine with null bounds: TextLine{ "" conf:NaN}
2026-05-10 16:48:29,023 WARN [And Can It Be (Sagina)-lead-G#1]          TextBuilder.java:412  | Skipping TextLine with null bounds: TextLine{ "" conf:NaN}
2026-05-10 16:48:29,023 WARN [And Can It Be (Sagina)-lead-G#1]          TextBuilder.java:412  | Skipping TextLine with null bounds: TextLine{ "" conf:NaN}
2026-05-10 16:48:29,023 WARN [And Can It Be (Sagina)-lead-G#1]          TextBuilder.java:412  | Skipping TextLine with null bounds: TextLine{ "" conf:NaN}
2026-05-10 16:48:29,024 WARN [And Can It Be (Sagina)-lead-G#1]          TextBuilder.java:412  | Skipping TextLine with null bounds: TextLine{ "" conf:NaN}
2026-05-10 16:48:29,024 WARN [And Can It Be (Sagina)-lead-G#1]          TextBuilder.java:412  | Skipping TextLine with null bounds: TextLine{ "" conf:NaN}
2026-05-10 16:48:29,025 WARN [And Can It Be (Sagina)-lead-G#1]          TextBuilder.java:412  | Skipping TextLine with null bounds: TextLine{ "" conf:NaN}
2026-05-10 16:48:29,025 WARN [And Can It Be (Sagina)-lead-G#1]          TextBuilder.java:412  | Skipping TextLine with null bounds: TextLine{ "" conf:NaN}
2026-05-10 16:48:29,025 WARN [And Can It Be (Sagina)-lead-G#1]          TextBuilder.java:412  | Skipping TextLine with null bounds: TextLine{ "" conf:NaN}
2026-05-10 16:48:29,025 WARN [And Can It Be (Sagina)-lead-G#1]          TextBuilder.java:412  | Skipping TextLine with null bounds: TextLine{ "" conf:NaN}
2026-05-10 16:48:29,025 WARN [And Can It Be (Sagina)-lead-G#1]          TextBuilder.java:412  | Skipping TextLine with null bounds: TextLine{ "" conf:NaN}
2026-05-10 16:48:29,025 WARN [And Can It Be (Sagina)-lead-G#1]          TextBuilder.java:412  | Skipping TextLine with null bounds: TextLine{ "" conf:NaN}
2026-05-10 16:48:29,026 WARN [And Can It Be (Sagina)-lead-G#1]          TextBuilder.java:412  | Skipping TextLine with null bounds: TextLine{ "" conf:NaN}
2026-05-10 16:48:29,026 WARN [And Can It Be (Sagina)-lead-G#1]          TextBuilder.java:412  | Skipping TextLine with null bounds: TextLine{ "" conf:NaN}
2026-05-10 16:48:29,026 WARN [And Can It Be (Sagina)-lead-G#1]          TextBuilder.java:412  | Skipping TextLine with null bounds: TextLine{ "" conf:NaN}
2026-05-10 16:48:29,026 WARN [And Can It Be (Sagina)-lead-G#1]          TextBuilder.java:412  | Skipping TextLine with null bounds: TextLine{ "" conf:NaN}
2026-05-10 16:48:29,027 WARN [And Can It Be (Sagina)-lead-G#1]          TextBuilder.java:412  | Skipping TextLine with null bounds: TextLine{ "" conf:NaN}
2026-05-10 16:48:29,027 WARN [And Can It Be (Sagina)-lead-G#1]          TextBuilder.java:412  | Skipping TextLine with null bounds: TextLine{ "" conf:NaN}
2026-05-10 16:48:29,027 WARN [And Can It Be (Sagina)-lead-G#1]          TextBuilder.java:412  | Skipping TextLine with null bounds: TextLine{ "" conf:NaN}
2026-05-10 16:48:29,028 WARN [And Can It Be (Sagina)-lead-G#1]          TextBuilder.java:412  | Skipping TextLine with null bounds: TextLine{ "" conf:NaN}
2026-05-10 16:48:29,028 WARN [And Can It Be (Sagina)-lead-G#1]          TextBuilder.java:412  | Skipping TextLine with null bounds: TextLine{ "" conf:NaN}
2026-05-10 16:48:29,029 WARN [And Can It Be (Sagina)-lead-G#1]          TextBuilder.java:412  | Skipping TextLine with null bounds: TextLine{ "" conf:NaN}
2026-05-10 16:48:29,029 WARN [And Can It Be (Sagina)-lead-G#1]          TextBuilder.java:412  | Skipping TextLine with null bounds: TextLine{ "" conf:NaN}
2026-05-10 16:48:29,030 WARN [And Can It Be (Sagina)-lead-G#1]          TextBuilder.java:412  | Skipping TextLine with null bounds: TextLine{ "" conf:NaN}
2026-05-10 16:48:29,030 WARN [And Can It Be (Sagina)-lead-G#1]          TextBuilder.java:412  | Skipping TextLine with null bounds: TextLine{ "" conf:NaN}
2026-05-10 16:48:29,030 WARN [And Can It Be (Sagina)-lead-G#1]          TextBuilder.java:412  | Skipping TextLine with null bounds: TextLine{ "" conf:NaN}
2026-05-10 16:48:29,031 WARN [And Can It Be (Sagina)-lead-G#1]          TextBuilder.java:412  | Skipping TextLine with null bounds: TextLine{ "" conf:NaN}
2026-05-10 16:48:29,031 WARN [And Can It Be (Sagina)-lead-G#1]          TextBuilder.java:412  | Skipping TextLine with null bounds: TextLine{ "" conf:NaN}
2026-05-10 16:48:29,032 WARN [And Can It Be (Sagina)-lead-G#1]          TextBuilder.java:412  | Skipping TextLine with null bounds: TextLine{ "" conf:NaN}
2026-05-10 16:48:29,032 WARN [And Can It Be (Sagina)-lead-G#1]          TextBuilder.java:412  | Skipping TextLine with null bounds: TextLine{ "" conf:NaN}
2026-05-10 16:48:29,032 WARN [And Can It Be (Sagina)-lead-G#1]          TextBuilder.java:412  | Skipping TextLine with null bounds: TextLine{ "" conf:NaN}
2026-05-10 16:48:29,033 WARN [And Can It Be (Sagina)-lead-G#1]          TextBuilder.java:412  | Skipping TextLine with null bounds: TextLine{ "" conf:NaN}
2026-05-10 16:48:29,033 WARN [And Can It Be (Sagina)-lead-G#1]          TextBuilder.java:412  | Skipping TextLine with null bounds: TextLine{ "" conf:NaN}
2026-05-10 16:48:29,033 WARN [And Can It Be (Sagina)-lead-G#1]          TextBuilder.java:412  | Skipping TextLine with null bounds: TextLine{ "" conf:NaN}
2026-05-10 16:48:29,034 WARN [And Can It Be (Sagina)-lead-G#1]          TextBuilder.java:412  | Skipping TextLine with null bounds: TextLine{ "" conf:NaN}
2026-05-10 16:48:29,034 WARN [And Can It Be (Sagina)-lead-G#1]          TextBuilder.java:412  | Skipping TextLine with null bounds: TextLine{ "" conf:NaN}
2026-05-10 16:48:29,034 WARN [And Can It Be (Sagina)-lead-G#1]          TextBuilder.java:412  | Skipping TextLine with null bounds: TextLine{ "" conf:NaN}
2026-05-10 16:48:29,035 WARN [And Can It Be (Sagina)-lead-G#1]          TextBuilder.java:412  | Skipping TextLine with null bounds: TextLine{ "" conf:NaN}
2026-05-10 16:48:29,036 WARN [And Can It Be (Sagina)-lead-G#1]          TextBuilder.java:412  | Skipping TextLine with null bounds: TextLine{ "" conf:NaN}
2026-05-10 16:48:29,036 WARN [And Can It Be (Sagina)-lead-G#1]          TextBuilder.java:412  | Skipping TextLine with null bounds: TextLine{ "" conf:NaN}
2026-05-10 16:48:29,036 WARN [And Can It Be (Sagina)-lead-G#1]          TextBuilder.java:412  | Skipping TextLine with null bounds: TextLine{ "" conf:NaN}
2026-05-10 16:48:29,036 WARN [And Can It Be (Sagina)-lead-G#1]          TextBuilder.java:412  | Skipping TextLine with null bounds: TextLine{ "" conf:NaN}
2026-05-10 16:48:29,037 WARN [And Can It Be (Sagina)-lead-G#1]          TextBuilder.java:412  | Skipping TextLine with null bounds: TextLine{ "" conf:NaN}
2026-05-10 16:48:29,037 WARN [And Can It Be (Sagina)-lead-G#1]          TextBuilder.java:412  | Skipping TextLine with null bounds: TextLine{ "" conf:NaN}
2026-05-10 16:48:29,037 WARN [And Can It Be (Sagina)-lead-G#1]          TextBuilder.java:412  | Skipping TextLine with null bounds: TextLine{ "" conf:NaN}
2026-05-10 16:48:29,037 WARN [And Can It Be (Sagina)-lead-G#1]          TextBuilder.java:412  | Skipping TextLine with null bounds: TextLine{ "" conf:NaN}
2026-05-10 16:48:29,038 WARN [And Can It Be (Sagina)-lead-G#1]          TextBuilder.java:412  | Skipping TextLine with null bounds: TextLine{ "" conf:NaN}
2026-05-10 16:48:29,039 WARN [And Can It Be (Sagina)-lead-G#1]          TextBuilder.java:412  | Skipping TextLine with null bounds: TextLine{ "" conf:NaN}
2026-05-10 16:48:29,039 WARN [And Can It Be (Sagina)-lead-G#1]          TextBuilder.java:412  | Skipping TextLine with null bounds: TextLine{ "" conf:NaN}
2026-05-10 16:48:29,039 WARN [And Can It Be (Sagina)-lead-G#1]          TextBuilder.java:412  | Skipping TextLine with null bounds: TextLine{ "" conf:NaN}
2026-05-10 16:48:29,039 WARN [And Can It Be (Sagina)-lead-G#1]          TextBuilder.java:412  | Skipping TextLine with null bounds: TextLine{ "" conf:NaN}
2026-05-10 16:48:29,041 WARN [And Can It Be (Sagina)-lead-G#1]          TextBuilder.java:412  | Skipping TextLine with null bounds: TextLine{ "" conf:NaN}
2026-05-10 16:48:29,041 WARN [And Can It Be (Sagina)-lead-G#1]          TextBuilder.java:412  | Skipping TextLine with null bounds: TextLine{ "" conf:NaN}
2026-05-10 16:48:29,042 WARN [And Can It Be (Sagina)-lead-G#1]          TextBuilder.java:412  | Skipping TextLine with null bounds: TextLine{ "" conf:NaN}
2026-05-10 16:48:29,042 WARN [And Can It Be (Sagina)-lead-G#1]          TextBuilder.java:412  | Skipping TextLine with null bounds: TextLine{ "" conf:NaN}
2026-05-10 16:48:29,042 WARN [And Can It Be (Sagina)-lead-G#1]          TextBuilder.java:412  | Skipping TextLine with null bounds: TextLine{ "" conf:NaN}
2026-05-10 16:48:29,042 WARN [And Can It Be (Sagina)-lead-G#1]          TextBuilder.java:412  | Skipping TextLine with null bounds: TextLine{ "" conf:NaN}
2026-05-10 16:48:29,043 WARN [And Can It Be (Sagina)-lead-G#1]          TextBuilder.java:412  | Skipping TextLine with null bounds: TextLine{ "" conf:NaN}
2026-05-10 16:48:29,043 WARN [And Can It Be (Sagina)-lead-G#1]          TextBuilder.java:412  | Skipping TextLine with null bounds: TextLine{ "" conf:NaN}
2026-05-10 16:48:29,043 WARN [And Can It Be (Sagina)-lead-G#1]          TextBuilder.java:412  | Skipping TextLine with null bounds: TextLine{ "" conf:NaN}
2026-05-10 16:48:29,044 WARN [And Can It Be (Sagina)-lead-G#1]          TextBuilder.java:412  | Skipping TextLine with null bounds: TextLine{ "" conf:NaN}
2026-05-10 16:48:29,044 WARN [And Can It Be (Sagina)-lead-G#1]          TextBuilder.java:412  | Skipping TextLine with null bounds: TextLine{ "" conf:NaN}
2026-05-10 16:48:29,044 WARN [And Can It Be (Sagina)-lead-G#1]          TextBuilder.java:412  | Skipping TextLine with null bounds: TextLine{ "" conf:NaN}
2026-05-10 16:48:29,044 WARN [And Can It Be (Sagina)-lead-G#1]          TextBuilder.java:412  | Skipping TextLine with null bounds: TextLine{ "" conf:NaN}
2026-05-10 16:48:29,044 WARN [And Can It Be (Sagina)-lead-G#1]          TextBuilder.java:412  | Skipping TextLine with null bounds: TextLine{ "" conf:NaN}
2026-05-10 16:48:29,045 WARN [And Can It Be (Sagina)-lead-G#1]          TextBuilder.java:412  | Skipping TextLine with null bounds: TextLine{ "" conf:NaN}
2026-05-10 16:48:29,045 WARN [And Can It Be (Sagina)-lead-G#1]          TextBuilder.java:412  | Skipping TextLine with null bounds: TextLine{ "" conf:NaN}
2026-05-10 16:48:29,045 WARN [And Can It Be (Sagina)-lead-G#1]          TextBuilder.java:412  | Skipping TextLine with null bounds: TextLine{ "" conf:NaN}
2026-05-10 16:48:29,045 WARN [And Can It Be (Sagina)-lead-G#1]          TextBuilder.java:412  | Skipping TextLine with null bounds: TextLine{ "" conf:NaN}
2026-05-10 16:48:29,047 WARN [And Can It Be (Sagina)-lead-G#1]          TextBuilder.java:412  | Skipping TextLine with null bounds: TextLine{ "" conf:NaN}
2026-05-10 16:48:29,047 WARN [And Can It Be (Sagina)-lead-G#1]          TextBuilder.java:412  | Skipping TextLine with null bounds: TextLine{ "" conf:NaN}
2026-05-10 16:48:29,047 WARN [And Can It Be (Sagina)-lead-G#1]          TextBuilder.java:412  | Skipping TextLine with null bounds: TextLine{ "" conf:NaN}
2026-05-10 16:48:29,048 WARN [And Can It Be (Sagina)-lead-G#1]          TextBuilder.java:412  | Skipping TextLine with null bounds: TextLine{ "" conf:NaN}
2026-05-10 16:48:29,048 WARN [And Can It Be (Sagina)-lead-G#1]          TextBuilder.java:412  | Skipping TextLine with null bounds: TextLine{ "" conf:NaN}
2026-05-10 16:48:29,049 WARN [And Can It Be (Sagina)-lead-G#1]          TextBuilder.java:412  | Skipping TextLine with null bounds: TextLine{ "" conf:NaN}
2026-05-10 16:48:29,049 WARN [And Can It Be (Sagina)-lead-G#1]          TextBuilder.java:412  | Skipping TextLine with null bounds: TextLine{ "" conf:NaN}
2026-05-10 16:48:29,049 WARN [And Can It Be (Sagina)-lead-G#1]          TextBuilder.java:412  | Skipping TextLine with null bounds: TextLine{ "" conf:NaN}
2026-05-10 16:48:29,049 WARN [And Can It Be (Sagina)-lead-G#1]          TextBuilder.java:412  | Skipping TextLine with null bounds: TextLine{ "" conf:NaN}
2026-05-10 16:48:29,050 WARN [And Can It Be (Sagina)-lead-G#1]          TextBuilder.java:412  | Skipping TextLine with null bounds: TextLine{ "" conf:NaN}
2026-05-10 16:48:29,050 WARN [And Can It Be (Sagina)-lead-G#1]          TextBuilder.java:412  | Skipping TextLine with null bounds: TextLine{ "" conf:NaN}
2026-05-10 16:48:29,050 WARN [And Can It Be (Sagina)-lead-G#1]          TextBuilder.java:412  | Skipping TextLine with null bounds: TextLine{ "" conf:NaN}
2026-05-10 16:48:29,050 WARN [And Can It Be (Sagina)-lead-G#1]          TextBuilder.java:412  | Skipping TextLine with null bounds: TextLine{ "" conf:NaN}
2026-05-10 16:48:29,051 WARN [And Can It Be (Sagina)-lead-G#1]          TextBuilder.java:412  | Skipping TextLine with null bounds: TextLine{ "" conf:NaN}
2026-05-10 16:48:29,051 WARN [And Can It Be (Sagina)-lead-G#1]          TextBuilder.java:412  | Skipping TextLine with null bounds: TextLine{ "" conf:NaN}
2026-05-10 16:48:29,051 WARN [And Can It Be (Sagina)-lead-G#1]          TextBuilder.java:412  | Skipping TextLine with null bounds: TextLine{ "" conf:NaN}
2026-05-10 16:48:29,052 WARN [And Can It Be (Sagina)-lead-G#1]          TextBuilder.java:412  | Skipping TextLine with null bounds: TextLine{ "" conf:NaN}
2026-05-10 16:48:35,360 INFO [And Can It Be (Sagina)-lead-G#1]           PageRhythm.java:176  | {Page#1.1} Starting PageRhythm time signature check
2026-05-10 16:48:35,361 INFO [And Can It Be (Sagina)-lead-G#1]           PageRhythm.java:178  | {Page#1.1} Initial range state: Range{SN1- tSig:4/4} → ts: TimePairInter#117{ FROZEN(0.952/0.952) staff:1 4/4}
2026-05-10 16:48:35,363 INFO [And Can It Be (Sagina)-lead-G#1]           PageRhythm.java:184  | {Page#1.1} Checking range: Range{SN1- tSig:4/4}, ts: TimePairInter#117{ FROZEN(0.952/0.952) staff:1 4/4}
2026-05-10 16:48:35,364 INFO [And Can It Be (Sagina)-lead-G#1]           PageRhythm.java:277  | Last range: Range{SN1-25 tSig:4/4 dur:1}
2026-05-10 16:48:35,364 INFO [And Can It Be (Sagina)-lead-G#1]           PageRhythm.java:278  | lastRange.timeRational = 4/4
2026-05-10 16:48:35,365 INFO [And Can It Be (Sagina)-lead-G#1]           PageRhythm.java:279  | lastRange.ts = TimePairInter#117{ FROZEN(0.952/0.952) staff:1 4/4}
2026-05-10 16:48:35,365 DEBUG [And Can It Be (Sagina)-lead-G#1]           PageRhythm.java:121  | MeasureStack#1 frats: 2 [8492, 7557]
2026-05-10 16:48:35,366 DEBUG [And Can It Be (Sagina)-lead-G#1]           PageRhythm.java:121  | MeasureStack#2 frats: 1 [8493]
2026-05-10 16:48:35,366 DEBUG [And Can It Be (Sagina)-lead-G#1]           PageRhythm.java:121  | MeasureStack#3 frats: 1 [8489]
2026-05-10 16:48:35,367 DEBUG [And Can It Be (Sagina)-lead-G#1]           PageRhythm.java:121  | MeasureStack#4 frats: 2 [8067, 8148]
2026-05-10 16:48:35,367 DEBUG [And Can It Be (Sagina)-lead-G#1]           PageRhythm.java:121  | MeasureStack#5 frats: 0 []
2026-05-10 16:48:35,367 DEBUG [And Can It Be (Sagina)-lead-G#1]           PageRhythm.java:121  | MeasureStack#6 frats: 0 []
2026-05-10 16:48:35,368 DEBUG [And Can It Be (Sagina)-lead-G#1]           PageRhythm.java:121  | MeasureStack#7 frats: 0 []
2026-05-10 16:48:35,368 DEBUG [And Can It Be (Sagina)-lead-G#1]           PageRhythm.java:121  | MeasureStack#8 frats: 1 [10217]
2026-05-10 16:48:35,368 DEBUG [And Can It Be (Sagina)-lead-G#1]           PageRhythm.java:121  | MeasureStack#9 frats: 0 []
2026-05-10 16:48:35,369 DEBUG [And Can It Be (Sagina)-lead-G#1]           PageRhythm.java:121  | MeasureStack#10 frats: 0 []
2026-05-10 16:48:35,369 DEBUG [And Can It Be (Sagina)-lead-G#1]           PageRhythm.java:121  | MeasureStack#11 frats: 0 []
2026-05-10 16:48:35,369 DEBUG [And Can It Be (Sagina)-lead-G#1]           PageRhythm.java:121  | MeasureStack#12 frats: 1 [10216]
2026-05-10 16:48:35,369 DEBUG [And Can It Be (Sagina)-lead-G#1]           PageRhythm.java:121  | MeasureStack#13 frats: 0 []
2026-05-10 16:48:35,370 DEBUG [And Can It Be (Sagina)-lead-G#1]           PageRhythm.java:121  | MeasureStack#14 frats: 0 []
2026-05-10 16:48:35,370 DEBUG [And Can It Be (Sagina)-lead-G#1]           PageRhythm.java:121  | MeasureStack#15 frats: 0 []
2026-05-10 16:48:35,370 DEBUG [And Can It Be (Sagina)-lead-G#1]           PageRhythm.java:121  | MeasureStack#16 frats: 2 [11423, 11420]
2026-05-10 16:48:35,372 DEBUG [And Can It Be (Sagina)-lead-G#1]           PageRhythm.java:121  | MeasureStack#17 frats: 0 []
2026-05-10 16:48:35,372 DEBUG [And Can It Be (Sagina)-lead-G#1]           PageRhythm.java:121  | MeasureStack#18 frats: 0 []
2026-05-10 16:48:35,373 DEBUG [And Can It Be (Sagina)-lead-G#1]           PageRhythm.java:121  | MeasureStack#19 frats: 0 []
2026-05-10 16:48:35,373 DEBUG [And Can It Be (Sagina)-lead-G#1]           PageRhythm.java:121  | MeasureStack#20 frats: 2 [12773, 11558]
2026-05-10 16:48:35,374 DEBUG [And Can It Be (Sagina)-lead-G#1]           PageRhythm.java:121  | MeasureStack#21 frats: 0 []
2026-05-10 16:48:35,374 DEBUG [And Can It Be (Sagina)-lead-G#1]           PageRhythm.java:121  | MeasureStack#22 frats: 0 []
2026-05-10 16:48:35,374 DEBUG [And Can It Be (Sagina)-lead-G#1]           PageRhythm.java:121  | MeasureStack#23 frats: 0 []
2026-05-10 16:48:35,375 DEBUG [And Can It Be (Sagina)-lead-G#1]           PageRhythm.java:121  | MeasureStack#24 frats: 2 [12770, 12771]
2026-05-10 16:48:35,375 DEBUG [And Can It Be (Sagina)-lead-G#1]           PageRhythm.java:121  | MeasureStack#25 frats: 0 []
2026-05-10 16:48:35,375 DEBUG [And Can It Be (Sagina)-lead-G#1]           PageRhythm.java:325  | Starting Range{SN1-25 tSig:4/4 dur:1}
2026-05-10 16:48:35,376 DEBUG [And Can It Be (Sagina)-lead-G#1]           PageRhythm.java:329  | About to process StackRhythm for MeasureStack#1
2026-05-10 16:48:35,376 DEBUG [And Can It Be (Sagina)-lead-G#1]          StackRhythm.java:221  | Setting expectedDuration=1 for stack on page 1
2026-05-10 16:48:35,393 DEBUG [And Can It Be (Sagina)-lead-G#1]           PageRhythm.java:331  | Finished processing StackRhythm for MeasureStack#1
2026-05-10 16:48:35,394 DEBUG [And Can It Be (Sagina)-lead-G#1]           PageRhythm.java:329  | About to process StackRhythm for MeasureStack#2
2026-05-10 16:48:35,394 DEBUG [And Can It Be (Sagina)-lead-G#1]          StackRhythm.java:221  | Setting expectedDuration=1 for stack on page 2
2026-05-10 16:48:35,395 DEBUG [And Can It Be (Sagina)-lead-G#1]           PageRhythm.java:331  | Finished processing StackRhythm for MeasureStack#2
2026-05-10 16:48:35,395 DEBUG [And Can It Be (Sagina)-lead-G#1]           PageRhythm.java:329  | About to process StackRhythm for MeasureStack#3
2026-05-10 16:48:35,395 DEBUG [And Can It Be (Sagina)-lead-G#1]          StackRhythm.java:221  | Setting expectedDuration=1 for stack on page 3
2026-05-10 16:48:35,398 INFO [And Can It Be (Sagina)-lead-G#1]          StackRhythm.java:226  | S1 MeasureStack#3 no correct rhythm
2026-05-10 16:48:35,400 DEBUG [And Can It Be (Sagina)-lead-G#1]           PageRhythm.java:331  | Finished processing StackRhythm for MeasureStack#3
2026-05-10 16:48:35,400 DEBUG [And Can It Be (Sagina)-lead-G#1]           PageRhythm.java:329  | About to process StackRhythm for MeasureStack#4
2026-05-10 16:48:35,400 DEBUG [And Can It Be (Sagina)-lead-G#1]          StackRhythm.java:221  | Setting expectedDuration=1 for stack on page 4
2026-05-10 16:48:35,401 DEBUG [And Can It Be (Sagina)-lead-G#1]           PageRhythm.java:331  | Finished processing StackRhythm for MeasureStack#4
2026-05-10 16:48:35,402 DEBUG [And Can It Be (Sagina)-lead-G#1]           PageRhythm.java:329  | About to process StackRhythm for MeasureStack#5
2026-05-10 16:48:35,402 DEBUG [And Can It Be (Sagina)-lead-G#1]          StackRhythm.java:221  | Setting expectedDuration=1 for stack on page 5
2026-05-10 16:48:35,403 DEBUG [And Can It Be (Sagina)-lead-G#1]           PageRhythm.java:331  | Finished processing StackRhythm for MeasureStack#5
2026-05-10 16:48:35,403 DEBUG [And Can It Be (Sagina)-lead-G#1]           PageRhythm.java:329  | About to process StackRhythm for MeasureStack#6
2026-05-10 16:48:35,403 DEBUG [And Can It Be (Sagina)-lead-G#1]          StackRhythm.java:221  | Setting expectedDuration=1 for stack on page 6
2026-05-10 16:48:35,404 DEBUG [And Can It Be (Sagina)-lead-G#1]           PageRhythm.java:331  | Finished processing StackRhythm for MeasureStack#6
2026-05-10 16:48:35,406 DEBUG [And Can It Be (Sagina)-lead-G#1]           PageRhythm.java:329  | About to process StackRhythm for MeasureStack#7
2026-05-10 16:48:35,407 DEBUG [And Can It Be (Sagina)-lead-G#1]          StackRhythm.java:221  | Setting expectedDuration=1 for stack on page 7
2026-05-10 16:48:35,407 DEBUG [And Can It Be (Sagina)-lead-G#1]           PageRhythm.java:331  | Finished processing StackRhythm for MeasureStack#7
2026-05-10 16:48:35,407 DEBUG [And Can It Be (Sagina)-lead-G#1]           PageRhythm.java:329  | About to process StackRhythm for MeasureStack#8
2026-05-10 16:48:35,407 DEBUG [And Can It Be (Sagina)-lead-G#1]          StackRhythm.java:221  | Setting expectedDuration=1 for stack on page 8
2026-05-10 16:48:35,408 DEBUG [And Can It Be (Sagina)-lead-G#1]           PageRhythm.java:331  | Finished processing StackRhythm for MeasureStack#8
2026-05-10 16:48:35,409 DEBUG [And Can It Be (Sagina)-lead-G#1]           PageRhythm.java:329  | About to process StackRhythm for MeasureStack#9
2026-05-10 16:48:35,409 DEBUG [And Can It Be (Sagina)-lead-G#1]          StackRhythm.java:221  | Setting expectedDuration=1 for stack on page 9
2026-05-10 16:48:35,410 DEBUG [And Can It Be (Sagina)-lead-G#1]           PageRhythm.java:331  | Finished processing StackRhythm for MeasureStack#9
2026-05-10 16:48:35,410 DEBUG [And Can It Be (Sagina)-lead-G#1]           PageRhythm.java:329  | About to process StackRhythm for MeasureStack#10
2026-05-10 16:48:35,410 DEBUG [And Can It Be (Sagina)-lead-G#1]          StackRhythm.java:221  | Setting expectedDuration=1 for stack on page 10
2026-05-10 16:48:35,411 DEBUG [And Can It Be (Sagina)-lead-G#1]           PageRhythm.java:331  | Finished processing StackRhythm for MeasureStack#10
2026-05-10 16:48:35,411 DEBUG [And Can It Be (Sagina)-lead-G#1]           PageRhythm.java:329  | About to process StackRhythm for MeasureStack#11
2026-05-10 16:48:35,412 DEBUG [And Can It Be (Sagina)-lead-G#1]          StackRhythm.java:221  | Setting expectedDuration=1 for stack on page 11
2026-05-10 16:48:35,412 DEBUG [And Can It Be (Sagina)-lead-G#1]           PageRhythm.java:331  | Finished processing StackRhythm for MeasureStack#11
2026-05-10 16:48:35,412 DEBUG [And Can It Be (Sagina)-lead-G#1]           PageRhythm.java:329  | About to process StackRhythm for MeasureStack#12
2026-05-10 16:48:35,413 DEBUG [And Can It Be (Sagina)-lead-G#1]          StackRhythm.java:221  | Setting expectedDuration=1 for stack on page 12
2026-05-10 16:48:35,414 DEBUG [And Can It Be (Sagina)-lead-G#1]           PageRhythm.java:331  | Finished processing StackRhythm for MeasureStack#12
2026-05-10 16:48:35,416 DEBUG [And Can It Be (Sagina)-lead-G#1]           PageRhythm.java:329  | About to process StackRhythm for MeasureStack#13
2026-05-10 16:48:35,416 DEBUG [And Can It Be (Sagina)-lead-G#1]          StackRhythm.java:221  | Setting expectedDuration=1 for stack on page 13
2026-05-10 16:48:35,417 DEBUG [And Can It Be (Sagina)-lead-G#1]           PageRhythm.java:331  | Finished processing StackRhythm for MeasureStack#13
2026-05-10 16:48:35,417 DEBUG [And Can It Be (Sagina)-lead-G#1]           PageRhythm.java:329  | About to process StackRhythm for MeasureStack#14
2026-05-10 16:48:35,417 DEBUG [And Can It Be (Sagina)-lead-G#1]          StackRhythm.java:221  | Setting expectedDuration=1 for stack on page 14
2026-05-10 16:48:35,419 DEBUG [And Can It Be (Sagina)-lead-G#1]           PageRhythm.java:331  | Finished processing StackRhythm for MeasureStack#14
2026-05-10 16:48:35,419 DEBUG [And Can It Be (Sagina)-lead-G#1]           PageRhythm.java:329  | About to process StackRhythm for MeasureStack#15
2026-05-10 16:48:35,420 DEBUG [And Can It Be (Sagina)-lead-G#1]          StackRhythm.java:221  | Setting expectedDuration=1 for stack on page 15
2026-05-10 16:48:35,420 DEBUG [And Can It Be (Sagina)-lead-G#1]           PageRhythm.java:331  | Finished processing StackRhythm for MeasureStack#15
2026-05-10 16:48:35,420 DEBUG [And Can It Be (Sagina)-lead-G#1]           PageRhythm.java:329  | About to process StackRhythm for MeasureStack#16
2026-05-10 16:48:35,420 DEBUG [And Can It Be (Sagina)-lead-G#1]          StackRhythm.java:221  | Setting expectedDuration=1 for stack on page 16
2026-05-10 16:48:35,421 DEBUG [And Can It Be (Sagina)-lead-G#1]           PageRhythm.java:331  | Finished processing StackRhythm for MeasureStack#16
2026-05-10 16:48:35,421 DEBUG [And Can It Be (Sagina)-lead-G#1]           PageRhythm.java:329  | About to process StackRhythm for MeasureStack#17
2026-05-10 16:48:35,421 DEBUG [And Can It Be (Sagina)-lead-G#1]          StackRhythm.java:221  | Setting expectedDuration=1 for stack on page 17
2026-05-10 16:48:35,423 DEBUG [And Can It Be (Sagina)-lead-G#1]           PageRhythm.java:331  | Finished processing StackRhythm for MeasureStack#17
2026-05-10 16:48:35,423 DEBUG [And Can It Be (Sagina)-lead-G#1]           PageRhythm.java:329  | About to process StackRhythm for MeasureStack#18
2026-05-10 16:48:35,423 DEBUG [And Can It Be (Sagina)-lead-G#1]          StackRhythm.java:221  | Setting expectedDuration=1 for stack on page 18
2026-05-10 16:48:35,424 DEBUG [And Can It Be (Sagina)-lead-G#1]           PageRhythm.java:331  | Finished processing StackRhythm for MeasureStack#18
2026-05-10 16:48:35,424 DEBUG [And Can It Be (Sagina)-lead-G#1]           PageRhythm.java:329  | About to process StackRhythm for MeasureStack#19
2026-05-10 16:48:35,424 DEBUG [And Can It Be (Sagina)-lead-G#1]          StackRhythm.java:221  | Setting expectedDuration=1 for stack on page 19
2026-05-10 16:48:35,425 DEBUG [And Can It Be (Sagina)-lead-G#1]           PageRhythm.java:331  | Finished processing StackRhythm for MeasureStack#19
2026-05-10 16:48:35,426 DEBUG [And Can It Be (Sagina)-lead-G#1]           PageRhythm.java:329  | About to process StackRhythm for MeasureStack#20
2026-05-10 16:48:35,426 DEBUG [And Can It Be (Sagina)-lead-G#1]          StackRhythm.java:221  | Setting expectedDuration=1 for stack on page 20
2026-05-10 16:48:35,428 DEBUG [And Can It Be (Sagina)-lead-G#1]           PageRhythm.java:331  | Finished processing StackRhythm for MeasureStack#20
2026-05-10 16:48:35,428 DEBUG [And Can It Be (Sagina)-lead-G#1]           PageRhythm.java:329  | About to process StackRhythm for MeasureStack#21
2026-05-10 16:48:35,429 DEBUG [And Can It Be (Sagina)-lead-G#1]          StackRhythm.java:221  | Setting expectedDuration=1 for stack on page 21
2026-05-10 16:48:35,429 DEBUG [And Can It Be (Sagina)-lead-G#1]           PageRhythm.java:331  | Finished processing StackRhythm for MeasureStack#21
2026-05-10 16:48:35,429 DEBUG [And Can It Be (Sagina)-lead-G#1]           PageRhythm.java:329  | About to process StackRhythm for MeasureStack#22
2026-05-10 16:48:35,431 DEBUG [And Can It Be (Sagina)-lead-G#1]          StackRhythm.java:221  | Setting expectedDuration=1 for stack on page 22
2026-05-10 16:48:35,432 DEBUG [And Can It Be (Sagina)-lead-G#1]           PageRhythm.java:331  | Finished processing StackRhythm for MeasureStack#22
2026-05-10 16:48:35,432 DEBUG [And Can It Be (Sagina)-lead-G#1]           PageRhythm.java:329  | About to process StackRhythm for MeasureStack#23
2026-05-10 16:48:35,432 DEBUG [And Can It Be (Sagina)-lead-G#1]          StackRhythm.java:221  | Setting expectedDuration=1 for stack on page 23
2026-05-10 16:48:35,433 DEBUG [And Can It Be (Sagina)-lead-G#1]           PageRhythm.java:331  | Finished processing StackRhythm for MeasureStack#23
2026-05-10 16:48:35,434 DEBUG [And Can It Be (Sagina)-lead-G#1]           PageRhythm.java:329  | About to process StackRhythm for MeasureStack#24
2026-05-10 16:48:35,434 DEBUG [And Can It Be (Sagina)-lead-G#1]          StackRhythm.java:221  | Setting expectedDuration=1 for stack on page 24
2026-05-10 16:48:35,435 INFO [And Can It Be (Sagina)-lead-G#1]          StackRhythm.java:226  | S4 MeasureStack#24 no correct rhythm
2026-05-10 16:48:35,435 DEBUG [And Can It Be (Sagina)-lead-G#1]           PageRhythm.java:331  | Finished processing StackRhythm for MeasureStack#24
2026-05-10 16:48:35,435 DEBUG [And Can It Be (Sagina)-lead-G#1]           PageRhythm.java:329  | About to process StackRhythm for MeasureStack#25
2026-05-10 16:48:35,436 DEBUG [And Can It Be (Sagina)-lead-G#1]          StackRhythm.java:221  | Setting expectedDuration=1 for stack on page 25
2026-05-10 16:48:35,437 DEBUG [And Can It Be (Sagina)-lead-G#1]           PageRhythm.java:331  | Finished processing StackRhythm for MeasureStack#25
2026-05-10 16:48:39,976 WARN [And Can It Be (Sagina)-lead-G#2]          TextBuilder.java:412  | Skipping TextLine with null bounds: TextLine{ "" conf:NaN}
2026-05-10 16:48:39,977 WARN [And Can It Be (Sagina)-lead-G#2]          TextBuilder.java:412  | Skipping TextLine with null bounds: TextLine{ "" conf:NaN}
2026-05-10 16:48:39,977 WARN [And Can It Be (Sagina)-lead-G#2]          TextBuilder.java:412  | Skipping TextLine with null bounds: TextLine{ "" conf:NaN}
2026-05-10 16:48:39,977 WARN [And Can It Be (Sagina)-lead-G#2]          TextBuilder.java:412  | Skipping TextLine with null bounds: TextLine{ "" conf:NaN}
2026-05-10 16:48:39,977 WARN [And Can It Be (Sagina)-lead-G#2]          TextBuilder.java:412  | Skipping TextLine with null bounds: TextLine{ "" conf:NaN}
2026-05-10 16:48:39,978 WARN [And Can It Be (Sagina)-lead-G#2]          TextBuilder.java:412  | Skipping TextLine with null bounds: TextLine{ "" conf:NaN}
2026-05-10 16:48:39,978 WARN [And Can It Be (Sagina)-lead-G#2]          TextBuilder.java:412  | Skipping TextLine with null bounds: TextLine{ "" conf:NaN}
2026-05-10 16:48:39,978 WARN [And Can It Be (Sagina)-lead-G#2]          TextBuilder.java:412  | Skipping TextLine with null bounds: TextLine{ "" conf:NaN}
2026-05-10 16:48:39,978 WARN [And Can It Be (Sagina)-lead-G#2]          TextBuilder.java:412  | Skipping TextLine with null bounds: TextLine{ "" conf:NaN}
2026-05-10 16:48:39,979 WARN [And Can It Be (Sagina)-lead-G#2]          TextBuilder.java:412  | Skipping TextLine with null bounds: TextLine{ "" conf:NaN}
2026-05-10 16:48:39,979 WARN [And Can It Be (Sagina)-lead-G#2]          TextBuilder.java:412  | Skipping TextLine with null bounds: TextLine{ "" conf:NaN}
2026-05-10 16:48:39,979 WARN [And Can It Be (Sagina)-lead-G#2]          TextBuilder.java:412  | Skipping TextLine with null bounds: TextLine{ "" conf:NaN}
2026-05-10 16:48:39,979 WARN [And Can It Be (Sagina)-lead-G#2]          TextBuilder.java:412  | Skipping TextLine with null bounds: TextLine{ "" conf:NaN}
2026-05-10 16:48:39,979 WARN [And Can It Be (Sagina)-lead-G#2]          TextBuilder.java:412  | Skipping TextLine with null bounds: TextLine{ "" conf:NaN}
2026-05-10 16:48:39,980 WARN [And Can It Be (Sagina)-lead-G#2]          TextBuilder.java:412  | Skipping TextLine with null bounds: TextLine{ "" conf:NaN}
2026-05-10 16:48:39,980 WARN [And Can It Be (Sagina)-lead-G#2]          TextBuilder.java:412  | Skipping TextLine with null bounds: TextLine{ "" conf:NaN}
2026-05-10 16:48:39,980 WARN [And Can It Be (Sagina)-lead-G#2]          TextBuilder.java:412  | Skipping TextLine with null bounds: TextLine{ "" conf:NaN}
2026-05-10 16:48:39,981 WARN [And Can It Be (Sagina)-lead-G#2]          TextBuilder.java:412  | Skipping TextLine with null bounds: TextLine{ "" conf:NaN}
2026-05-10 16:48:39,981 WARN [And Can It Be (Sagina)-lead-G#2]          TextBuilder.java:412  | Skipping TextLine with null bounds: TextLine{ "" conf:NaN}
2026-05-10 16:48:39,981 WARN [And Can It Be (Sagina)-lead-G#2]          TextBuilder.java:412  | Skipping TextLine with null bounds: TextLine{ "" conf:NaN}
2026-05-10 16:48:39,982 WARN [And Can It Be (Sagina)-lead-G#2]          TextBuilder.java:412  | Skipping TextLine with null bounds: TextLine{ "" conf:NaN}
2026-05-10 16:48:39,982 WARN [And Can It Be (Sagina)-lead-G#2]          TextBuilder.java:412  | Skipping TextLine with null bounds: TextLine{ "" conf:NaN}
2026-05-10 16:48:39,982 WARN [And Can It Be (Sagina)-lead-G#2]          TextBuilder.java:412  | Skipping TextLine with null bounds: TextLine{ "" conf:NaN}
2026-05-10 16:48:39,982 WARN [And Can It Be (Sagina)-lead-G#2]          TextBuilder.java:412  | Skipping TextLine with null bounds: TextLine{ "" conf:NaN}
2026-05-10 16:48:39,982 WARN [And Can It Be (Sagina)-lead-G#2]          TextBuilder.java:412  | Skipping TextLine with null bounds: TextLine{ "" conf:NaN}
2026-05-10 16:48:39,983 WARN [And Can It Be (Sagina)-lead-G#2]          TextBuilder.java:412  | Skipping TextLine with null bounds: TextLine{ "" conf:NaN}
2026-05-10 16:48:39,983 WARN [And Can It Be (Sagina)-lead-G#2]          TextBuilder.java:412  | Skipping TextLine with null bounds: TextLine{ "" conf:NaN}
2026-05-10 16:48:39,983 WARN [And Can It Be (Sagina)-lead-G#2]          TextBuilder.java:412  | Skipping TextLine with null bounds: TextLine{ "" conf:NaN}
2026-05-10 16:48:39,983 WARN [And Can It Be (Sagina)-lead-G#2]          TextBuilder.java:412  | Skipping TextLine with null bounds: TextLine{ "" conf:NaN}
2026-05-10 16:48:39,984 WARN [And Can It Be (Sagina)-lead-G#2]          TextBuilder.java:412  | Skipping TextLine with null bounds: TextLine{ "" conf:NaN}
2026-05-10 16:48:39,984 WARN [And Can It Be (Sagina)-lead-G#2]          TextBuilder.java:412  | Skipping TextLine with null bounds: TextLine{ "" conf:NaN}
2026-05-10 16:48:39,984 WARN [And Can It Be (Sagina)-lead-G#2]          TextBuilder.java:412  | Skipping TextLine with null bounds: TextLine{ "" conf:NaN}
2026-05-10 16:48:39,985 WARN [And Can It Be (Sagina)-lead-G#2]          TextBuilder.java:412  | Skipping TextLine with null bounds: TextLine{ "" conf:NaN}
2026-05-10 16:48:39,985 WARN [And Can It Be (Sagina)-lead-G#2]          TextBuilder.java:412  | Skipping TextLine with null bounds: TextLine{ "" conf:NaN}
2026-05-10 16:48:42,088 INFO [And Can It Be (Sagina)-lead-G#2]           PageRhythm.java:176  | {Page#2.1} Starting PageRhythm time signature check
2026-05-10 16:48:42,089 INFO [And Can It Be (Sagina)-lead-G#2]           PageRhythm.java:178  | {Page#2.1} Initial range state: Range{SN1-} → ts: null
2026-05-10 16:48:42,090 INFO [And Can It Be (Sagina)-lead-G#2]           PageRhythm.java:184  | {Page#2.1} Checking range: Range{SN1-}, ts: null
2026-05-10 16:48:42,090 INFO [And Can It Be (Sagina)-lead-G#2]           PageRhythm.java:207  | {Page#2.1} Time value reused from sheet#1
2026-05-10 16:48:42,090 INFO [And Can It Be (Sagina)-lead-G#2]           PageRhythm.java:277  | Last range: Range{SN1-7 tRat:4/4 dur:1}
2026-05-10 16:48:42,091 INFO [And Can It Be (Sagina)-lead-G#2]           PageRhythm.java:278  | lastRange.timeRational = 4/4
2026-05-10 16:48:42,091 INFO [And Can It Be (Sagina)-lead-G#2]           PageRhythm.java:279  | lastRange.ts = null
2026-05-10 16:48:42,091 DEBUG [And Can It Be (Sagina)-lead-G#2]           PageRhythm.java:121  | MeasureStack#1 frats: 1 [2510]
2026-05-10 16:48:42,091 DEBUG [And Can It Be (Sagina)-lead-G#2]           PageRhythm.java:121  | MeasureStack#2 frats: 0 []
2026-05-10 16:48:42,092 DEBUG [And Can It Be (Sagina)-lead-G#2]           PageRhythm.java:121  | MeasureStack#3 frats: 1 [2505]
2026-05-10 16:48:42,092 DEBUG [And Can It Be (Sagina)-lead-G#2]           PageRhythm.java:121  | MeasureStack#4 frats: 0 []
2026-05-10 16:48:42,092 DEBUG [And Can It Be (Sagina)-lead-G#2]           PageRhythm.java:121  | MeasureStack#5 frats: 0 []
2026-05-10 16:48:42,093 DEBUG [And Can It Be (Sagina)-lead-G#2]           PageRhythm.java:121  | MeasureStack#6 frats: 1 [2507]
2026-05-10 16:48:42,093 DEBUG [And Can It Be (Sagina)-lead-G#2]           PageRhythm.java:121  | MeasureStack#7 frats: 1 [2508]
2026-05-10 16:48:42,095 DEBUG [And Can It Be (Sagina)-lead-G#2]           PageRhythm.java:325  | Starting Range{SN1-7 tRat:4/4 dur:1}
2026-05-10 16:48:42,099 DEBUG [And Can It Be (Sagina)-lead-G#2]           PageRhythm.java:329  | About to process StackRhythm for MeasureStack#1
2026-05-10 16:48:42,101 DEBUG [And Can It Be (Sagina)-lead-G#2]          StackRhythm.java:221  | Setting expectedDuration=1 for stack on page 1
2026-05-10 16:48:42,101 DEBUG [And Can It Be (Sagina)-lead-G#2]           PageRhythm.java:331  | Finished processing StackRhythm for MeasureStack#1
2026-05-10 16:48:42,102 DEBUG [And Can It Be (Sagina)-lead-G#2]           PageRhythm.java:329  | About to process StackRhythm for MeasureStack#2
2026-05-10 16:48:42,102 DEBUG [And Can It Be (Sagina)-lead-G#2]          StackRhythm.java:221  | Setting expectedDuration=1 for stack on page 2
2026-05-10 16:48:42,103 DEBUG [And Can It Be (Sagina)-lead-G#2]           PageRhythm.java:331  | Finished processing StackRhythm for MeasureStack#2
2026-05-10 16:48:42,104 DEBUG [And Can It Be (Sagina)-lead-G#2]           PageRhythm.java:329  | About to process StackRhythm for MeasureStack#3
2026-05-10 16:48:42,104 DEBUG [And Can It Be (Sagina)-lead-G#2]          StackRhythm.java:221  | Setting expectedDuration=1 for stack on page 3
2026-05-10 16:48:42,105 DEBUG [And Can It Be (Sagina)-lead-G#2]           PageRhythm.java:331  | Finished processing StackRhythm for MeasureStack#3
2026-05-10 16:48:42,105 DEBUG [And Can It Be (Sagina)-lead-G#2]           PageRhythm.java:329  | About to process StackRhythm for MeasureStack#4
2026-05-10 16:48:42,105 DEBUG [And Can It Be (Sagina)-lead-G#2]          StackRhythm.java:221  | Setting expectedDuration=1 for stack on page 4
2026-05-10 16:48:42,107 DEBUG [And Can It Be (Sagina)-lead-G#2]           PageRhythm.java:331  | Finished processing StackRhythm for MeasureStack#4
2026-05-10 16:48:42,107 DEBUG [And Can It Be (Sagina)-lead-G#2]           PageRhythm.java:329  | About to process StackRhythm for MeasureStack#5
2026-05-10 16:48:42,107 DEBUG [And Can It Be (Sagina)-lead-G#2]          StackRhythm.java:221  | Setting expectedDuration=1 for stack on page 5
2026-05-10 16:48:42,108 DEBUG [And Can It Be (Sagina)-lead-G#2]           PageRhythm.java:331  | Finished processing StackRhythm for MeasureStack#5
2026-05-10 16:48:42,108 DEBUG [And Can It Be (Sagina)-lead-G#2]           PageRhythm.java:329  | About to process StackRhythm for MeasureStack#6
2026-05-10 16:48:42,108 DEBUG [And Can It Be (Sagina)-lead-G#2]          StackRhythm.java:221  | Setting expectedDuration=1 for stack on page 6
2026-05-10 16:48:42,114 INFO [And Can It Be (Sagina)-lead-G#2]          StackRhythm.java:226  | S1 MeasureStack#6 no correct rhythm
2026-05-10 16:48:42,114 DEBUG [And Can It Be (Sagina)-lead-G#2]           PageRhythm.java:331  | Finished processing StackRhythm for MeasureStack#6
2026-05-10 16:48:42,115 DEBUG [And Can It Be (Sagina)-lead-G#2]           PageRhythm.java:329  | About to process StackRhythm for MeasureStack#7
2026-05-10 16:48:42,115 DEBUG [And Can It Be (Sagina)-lead-G#2]          StackRhythm.java:221  | Setting expectedDuration=1 for stack on page 7
2026-05-10 16:48:42,116 INFO [And Can It Be (Sagina)-lead-G#2]          StackRhythm.java:226  | S1 MeasureStack#7 no correct rhythm
2026-05-10 16:48:42,117 DEBUG [And Can It Be (Sagina)-lead-G#2]           PageRhythm.java:331  | Finished processing StackRhythm for MeasureStack#7
