2026-05-10 17:49:25,614 WARN [More Than Conquerors-lead-G#1]          TextBuilder.java:412  | Skipping TextLine with null bounds: TextLine{ "" conf:NaN}
2026-05-10 17:49:25,616 WARN [More Than Conquerors-lead-G#1]          TextBuilder.java:412  | Skipping TextLine with null bounds: TextLine{ "" conf:NaN}
2026-05-10 17:49:25,617 WARN [More Than Conquerors-lead-G#1]          TextBuilder.java:412  | Skipping TextLine with null bounds: TextLine{ "" conf:NaN}
2026-05-10 17:49:25,618 WARN [More Than Conquerors-lead-G#1]          TextBuilder.java:412  | Skipping TextLine with null bounds: TextLine{ "" conf:NaN}
2026-05-10 17:49:25,621 WARN [More Than Conquerors-lead-G#1]          TextBuilder.java:412  | Skipping TextLine with null bounds: TextLine{ "" conf:NaN}
2026-05-10 17:49:25,622 WARN [More Than Conquerors-lead-G#1]          TextBuilder.java:412  | Skipping TextLine with null bounds: TextLine{ "" conf:NaN}
2026-05-10 17:49:25,623 WARN [More Than Conquerors-lead-G#1]          TextBuilder.java:412  | Skipping TextLine with null bounds: TextLine{ "" conf:NaN}
2026-05-10 17:49:25,623 WARN [More Than Conquerors-lead-G#1]          TextBuilder.java:412  | Skipping TextLine with null bounds: TextLine{ "" conf:NaN}
2026-05-10 17:49:25,624 WARN [More Than Conquerors-lead-G#1]          TextBuilder.java:412  | Skipping TextLine with null bounds: TextLine{ "" conf:NaN}
2026-05-10 17:49:25,624 WARN [More Than Conquerors-lead-G#1]          TextBuilder.java:412  | Skipping TextLine with null bounds: TextLine{ "" conf:NaN}
2026-05-10 17:49:25,624 WARN [More Than Conquerors-lead-G#1]          TextBuilder.java:412  | Skipping TextLine with null bounds: TextLine{ "" conf:NaN}
2026-05-10 17:49:25,625 WARN [More Than Conquerors-lead-G#1]          TextBuilder.java:412  | Skipping TextLine with null bounds: TextLine{ "" conf:NaN}
2026-05-10 17:49:25,626 WARN [More Than Conquerors-lead-G#1]          TextBuilder.java:412  | Skipping TextLine with null bounds: TextLine{ "" conf:NaN}
2026-05-10 17:49:25,626 WARN [More Than Conquerors-lead-G#1]          TextBuilder.java:412  | Skipping TextLine with null bounds: TextLine{ "" conf:NaN}
2026-05-10 17:49:25,626 WARN [More Than Conquerors-lead-G#1]          TextBuilder.java:412  | Skipping TextLine with null bounds: TextLine{ "" conf:NaN}
2026-05-10 17:49:25,627 WARN [More Than Conquerors-lead-G#1]          TextBuilder.java:412  | Skipping TextLine with null bounds: TextLine{ "" conf:NaN}
2026-05-10 17:49:25,627 WARN [More Than Conquerors-lead-G#1]          TextBuilder.java:412  | Skipping TextLine with null bounds: TextLine{ "" conf:NaN}
2026-05-10 17:49:25,628 WARN [More Than Conquerors-lead-G#1]          TextBuilder.java:412  | Skipping TextLine with null bounds: TextLine{ "" conf:NaN}
2026-05-10 17:49:25,628 WARN [More Than Conquerors-lead-G#1]          TextBuilder.java:412  | Skipping TextLine with null bounds: TextLine{ "" conf:NaN}
2026-05-10 17:49:25,628 WARN [More Than Conquerors-lead-G#1]          TextBuilder.java:412  | Skipping TextLine with null bounds: TextLine{ "" conf:NaN}
2026-05-10 17:49:25,628 WARN [More Than Conquerors-lead-G#1]          TextBuilder.java:412  | Skipping TextLine with null bounds: TextLine{ "" conf:NaN}
2026-05-10 17:49:25,629 WARN [More Than Conquerors-lead-G#1]          TextBuilder.java:412  | Skipping TextLine with null bounds: TextLine{ "" conf:NaN}
2026-05-10 17:49:25,629 WARN [More Than Conquerors-lead-G#1]          TextBuilder.java:412  | Skipping TextLine with null bounds: TextLine{ "" conf:NaN}
2026-05-10 17:49:25,629 WARN [More Than Conquerors-lead-G#1]          TextBuilder.java:412  | Skipping TextLine with null bounds: TextLine{ "" conf:NaN}
2026-05-10 17:49:25,630 WARN [More Than Conquerors-lead-G#1]          TextBuilder.java:412  | Skipping TextLine with null bounds: TextLine{ "" conf:NaN}
2026-05-10 17:49:25,630 WARN [More Than Conquerors-lead-G#1]          TextBuilder.java:412  | Skipping TextLine with null bounds: TextLine{ "" conf:NaN}
2026-05-10 17:49:25,630 WARN [More Than Conquerors-lead-G#1]          TextBuilder.java:412  | Skipping TextLine with null bounds: TextLine{ "" conf:NaN}
2026-05-10 17:49:25,630 WARN [More Than Conquerors-lead-G#1]          TextBuilder.java:412  | Skipping TextLine with null bounds: TextLine{ "" conf:NaN}
2026-05-10 17:49:25,632 WARN [More Than Conquerors-lead-G#1]          TextBuilder.java:412  | Skipping TextLine with null bounds: TextLine{ "" conf:NaN}
2026-05-10 17:49:25,632 WARN [More Than Conquerors-lead-G#1]          TextBuilder.java:412  | Skipping TextLine with null bounds: TextLine{ "" conf:NaN}
2026-05-10 17:49:25,632 WARN [More Than Conquerors-lead-G#1]          TextBuilder.java:412  | Skipping TextLine with null bounds: TextLine{ "" conf:NaN}
2026-05-10 17:49:25,633 WARN [More Than Conquerors-lead-G#1]          TextBuilder.java:412  | Skipping TextLine with null bounds: TextLine{ "" conf:NaN}
2026-05-10 17:49:25,633 WARN [More Than Conquerors-lead-G#1]          TextBuilder.java:412  | Skipping TextLine with null bounds: TextLine{ "" conf:NaN}
2026-05-10 17:49:25,634 WARN [More Than Conquerors-lead-G#1]          TextBuilder.java:412  | Skipping TextLine with null bounds: TextLine{ "" conf:NaN}
2026-05-10 17:49:25,634 WARN [More Than Conquerors-lead-G#1]          TextBuilder.java:412  | Skipping TextLine with null bounds: TextLine{ "" conf:NaN}
2026-05-10 17:49:25,635 WARN [More Than Conquerors-lead-G#1]          TextBuilder.java:412  | Skipping TextLine with null bounds: TextLine{ "" conf:NaN}
2026-05-10 17:49:25,635 WARN [More Than Conquerors-lead-G#1]          TextBuilder.java:412  | Skipping TextLine with null bounds: TextLine{ "" conf:NaN}
2026-05-10 17:49:25,635 WARN [More Than Conquerors-lead-G#1]          TextBuilder.java:412  | Skipping TextLine with null bounds: TextLine{ "" conf:NaN}
2026-05-10 17:49:25,636 WARN [More Than Conquerors-lead-G#1]          TextBuilder.java:412  | Skipping TextLine with null bounds: TextLine{ "" conf:NaN}
2026-05-10 17:49:25,636 WARN [More Than Conquerors-lead-G#1]          TextBuilder.java:412  | Skipping TextLine with null bounds: TextLine{ "" conf:NaN}
2026-05-10 17:49:25,636 WARN [More Than Conquerors-lead-G#1]          TextBuilder.java:412  | Skipping TextLine with null bounds: TextLine{ "" conf:NaN}
2026-05-10 17:49:25,638 WARN [More Than Conquerors-lead-G#1]          TextBuilder.java:412  | Skipping TextLine with null bounds: TextLine{ "" conf:NaN}
2026-05-10 17:49:25,638 WARN [More Than Conquerors-lead-G#1]          TextBuilder.java:412  | Skipping TextLine with null bounds: TextLine{ "" conf:NaN}
2026-05-10 17:49:25,639 WARN [More Than Conquerors-lead-G#1]          TextBuilder.java:412  | Skipping TextLine with null bounds: TextLine{ "" conf:NaN}
2026-05-10 17:49:25,640 WARN [More Than Conquerors-lead-G#1]          TextBuilder.java:412  | Skipping TextLine with null bounds: TextLine{ "" conf:NaN}
2026-05-10 17:49:25,640 WARN [More Than Conquerors-lead-G#1]          TextBuilder.java:412  | Skipping TextLine with null bounds: TextLine{ "" conf:NaN}
2026-05-10 17:49:25,641 WARN [More Than Conquerors-lead-G#1]          TextBuilder.java:412  | Skipping TextLine with null bounds: TextLine{ "" conf:NaN}
2026-05-10 17:49:25,641 WARN [More Than Conquerors-lead-G#1]          TextBuilder.java:412  | Skipping TextLine with null bounds: TextLine{ "" conf:NaN}
2026-05-10 17:49:25,642 WARN [More Than Conquerors-lead-G#1]          TextBuilder.java:412  | Skipping TextLine with null bounds: TextLine{ "" conf:NaN}
2026-05-10 17:49:25,642 WARN [More Than Conquerors-lead-G#1]          TextBuilder.java:412  | Skipping TextLine with null bounds: TextLine{ "" conf:NaN}
2026-05-10 17:49:25,642 WARN [More Than Conquerors-lead-G#1]          TextBuilder.java:412  | Skipping TextLine with null bounds: TextLine{ "" conf:NaN}
2026-05-10 17:49:25,643 WARN [More Than Conquerors-lead-G#1]          TextBuilder.java:412  | Skipping TextLine with null bounds: TextLine{ "" conf:NaN}
2026-05-10 17:49:25,643 WARN [More Than Conquerors-lead-G#1]          TextBuilder.java:412  | Skipping TextLine with null bounds: TextLine{ "" conf:NaN}
2026-05-10 17:49:25,644 WARN [More Than Conquerors-lead-G#1]          TextBuilder.java:412  | Skipping TextLine with null bounds: TextLine{ "" conf:NaN}
2026-05-10 17:49:25,644 WARN [More Than Conquerors-lead-G#1]          TextBuilder.java:412  | Skipping TextLine with null bounds: TextLine{ "" conf:NaN}
2026-05-10 17:49:25,644 WARN [More Than Conquerors-lead-G#1]          TextBuilder.java:412  | Skipping TextLine with null bounds: TextLine{ "" conf:NaN}
2026-05-10 17:49:25,644 WARN [More Than Conquerors-lead-G#1]          TextBuilder.java:412  | Skipping TextLine with null bounds: TextLine{ "" conf:NaN}
2026-05-10 17:49:25,644 WARN [More Than Conquerors-lead-G#1]          TextBuilder.java:412  | Skipping TextLine with null bounds: TextLine{ "" conf:NaN}
2026-05-10 17:49:25,645 WARN [More Than Conquerors-lead-G#1]          TextBuilder.java:412  | Skipping TextLine with null bounds: TextLine{ "" conf:NaN}
2026-05-10 17:49:25,645 WARN [More Than Conquerors-lead-G#1]          TextBuilder.java:412  | Skipping TextLine with null bounds: TextLine{ "" conf:NaN}
2026-05-10 17:49:25,646 WARN [More Than Conquerors-lead-G#1]          TextBuilder.java:412  | Skipping TextLine with null bounds: TextLine{ "" conf:NaN}
2026-05-10 17:49:25,646 WARN [More Than Conquerors-lead-G#1]          TextBuilder.java:412  | Skipping TextLine with null bounds: TextLine{ "" conf:NaN}
2026-05-10 17:49:25,646 WARN [More Than Conquerors-lead-G#1]          TextBuilder.java:412  | Skipping TextLine with null bounds: TextLine{ "" conf:NaN}
2026-05-10 17:49:25,647 WARN [More Than Conquerors-lead-G#1]          TextBuilder.java:412  | Skipping TextLine with null bounds: TextLine{ "" conf:NaN}
2026-05-10 17:49:25,647 WARN [More Than Conquerors-lead-G#1]          TextBuilder.java:412  | Skipping TextLine with null bounds: TextLine{ "" conf:NaN}
2026-05-10 17:49:25,647 WARN [More Than Conquerors-lead-G#1]          TextBuilder.java:412  | Skipping TextLine with null bounds: TextLine{ "" conf:NaN}
2026-05-10 17:49:25,648 WARN [More Than Conquerors-lead-G#1]          TextBuilder.java:412  | Skipping TextLine with null bounds: TextLine{ "" conf:NaN}
2026-05-10 17:49:25,648 WARN [More Than Conquerors-lead-G#1]          TextBuilder.java:412  | Skipping TextLine with null bounds: TextLine{ "" conf:NaN}
2026-05-10 17:49:25,649 WARN [More Than Conquerors-lead-G#1]          TextBuilder.java:412  | Skipping TextLine with null bounds: TextLine{ "" conf:NaN}
2026-05-10 17:49:25,649 WARN [More Than Conquerors-lead-G#1]          TextBuilder.java:412  | Skipping TextLine with null bounds: TextLine{ "" conf:NaN}
2026-05-10 17:49:25,650 WARN [More Than Conquerors-lead-G#1]          TextBuilder.java:412  | Skipping TextLine with null bounds: TextLine{ "" conf:NaN}
2026-05-10 17:49:25,650 WARN [More Than Conquerors-lead-G#1]          TextBuilder.java:412  | Skipping TextLine with null bounds: TextLine{ "" conf:NaN}
2026-05-10 17:49:25,650 WARN [More Than Conquerors-lead-G#1]          TextBuilder.java:412  | Skipping TextLine with null bounds: TextLine{ "" conf:NaN}
2026-05-10 17:49:25,651 WARN [More Than Conquerors-lead-G#1]          TextBuilder.java:412  | Skipping TextLine with null bounds: TextLine{ "" conf:NaN}
2026-05-10 17:49:25,651 WARN [More Than Conquerors-lead-G#1]          TextBuilder.java:412  | Skipping TextLine with null bounds: TextLine{ "" conf:NaN}
2026-05-10 17:49:25,651 WARN [More Than Conquerors-lead-G#1]          TextBuilder.java:412  | Skipping TextLine with null bounds: TextLine{ "" conf:NaN}
2026-05-10 17:49:25,651 WARN [More Than Conquerors-lead-G#1]          TextBuilder.java:412  | Skipping TextLine with null bounds: TextLine{ "" conf:NaN}
2026-05-10 17:49:25,651 WARN [More Than Conquerors-lead-G#1]          TextBuilder.java:412  | Skipping TextLine with null bounds: TextLine{ "" conf:NaN}
2026-05-10 17:49:25,652 WARN [More Than Conquerors-lead-G#1]          TextBuilder.java:412  | Skipping TextLine with null bounds: TextLine{ "" conf:NaN}
2026-05-10 17:49:25,652 WARN [More Than Conquerors-lead-G#1]          TextBuilder.java:412  | Skipping TextLine with null bounds: TextLine{ "" conf:NaN}
2026-05-10 17:49:25,652 WARN [More Than Conquerors-lead-G#1]          TextBuilder.java:412  | Skipping TextLine with null bounds: TextLine{ "" conf:NaN}
2026-05-10 17:49:25,653 WARN [More Than Conquerors-lead-G#1]          TextBuilder.java:412  | Skipping TextLine with null bounds: TextLine{ "" conf:NaN}
2026-05-10 17:49:25,653 WARN [More Than Conquerors-lead-G#1]          TextBuilder.java:412  | Skipping TextLine with null bounds: TextLine{ "" conf:NaN}
2026-05-10 17:49:25,654 WARN [More Than Conquerors-lead-G#1]          TextBuilder.java:412  | Skipping TextLine with null bounds: TextLine{ "" conf:NaN}
2026-05-10 17:49:25,654 WARN [More Than Conquerors-lead-G#1]          TextBuilder.java:412  | Skipping TextLine with null bounds: TextLine{ "" conf:NaN}
2026-05-10 17:49:25,654 WARN [More Than Conquerors-lead-G#1]          TextBuilder.java:412  | Skipping TextLine with null bounds: TextLine{ "" conf:NaN}
2026-05-10 17:49:25,654 WARN [More Than Conquerors-lead-G#1]          TextBuilder.java:412  | Skipping TextLine with null bounds: TextLine{ "" conf:NaN}
2026-05-10 17:49:25,656 WARN [More Than Conquerors-lead-G#1]          TextBuilder.java:412  | Skipping TextLine with null bounds: TextLine{ "" conf:NaN}
2026-05-10 17:49:25,656 WARN [More Than Conquerors-lead-G#1]          TextBuilder.java:412  | Skipping TextLine with null bounds: TextLine{ "" conf:NaN}
2026-05-10 17:49:25,657 WARN [More Than Conquerors-lead-G#1]          TextBuilder.java:412  | Skipping TextLine with null bounds: TextLine{ "" conf:NaN}
2026-05-10 17:49:25,657 WARN [More Than Conquerors-lead-G#1]          TextBuilder.java:412  | Skipping TextLine with null bounds: TextLine{ "" conf:NaN}
2026-05-10 17:49:25,658 WARN [More Than Conquerors-lead-G#1]          TextBuilder.java:412  | Skipping TextLine with null bounds: TextLine{ "" conf:NaN}
2026-05-10 17:49:25,658 WARN [More Than Conquerors-lead-G#1]          TextBuilder.java:412  | Skipping TextLine with null bounds: TextLine{ "" conf:NaN}
2026-05-10 17:49:25,658 WARN [More Than Conquerors-lead-G#1]          TextBuilder.java:412  | Skipping TextLine with null bounds: TextLine{ "" conf:NaN}
2026-05-10 17:49:25,659 WARN [More Than Conquerors-lead-G#1]          TextBuilder.java:412  | Skipping TextLine with null bounds: TextLine{ "" conf:NaN}
2026-05-10 17:49:25,659 WARN [More Than Conquerors-lead-G#1]          TextBuilder.java:412  | Skipping TextLine with null bounds: TextLine{ "" conf:NaN}
2026-05-10 17:49:25,659 WARN [More Than Conquerors-lead-G#1]          TextBuilder.java:412  | Skipping TextLine with null bounds: TextLine{ "" conf:NaN}
2026-05-10 17:49:25,660 WARN [More Than Conquerors-lead-G#1]          TextBuilder.java:412  | Skipping TextLine with null bounds: TextLine{ "" conf:NaN}
2026-05-10 17:49:25,660 WARN [More Than Conquerors-lead-G#1]          TextBuilder.java:412  | Skipping TextLine with null bounds: TextLine{ "" conf:NaN}
2026-05-10 17:49:25,660 WARN [More Than Conquerors-lead-G#1]          TextBuilder.java:412  | Skipping TextLine with null bounds: TextLine{ "" conf:NaN}
2026-05-10 17:49:25,660 WARN [More Than Conquerors-lead-G#1]          TextBuilder.java:412  | Skipping TextLine with null bounds: TextLine{ "" conf:NaN}
2026-05-10 17:49:25,661 WARN [More Than Conquerors-lead-G#1]          TextBuilder.java:412  | Skipping TextLine with null bounds: TextLine{ "" conf:NaN}
2026-05-10 17:49:25,661 WARN [More Than Conquerors-lead-G#1]          TextBuilder.java:412  | Skipping TextLine with null bounds: TextLine{ "" conf:NaN}
2026-05-10 17:49:25,661 WARN [More Than Conquerors-lead-G#1]          TextBuilder.java:412  | Skipping TextLine with null bounds: TextLine{ "" conf:NaN}
2026-05-10 17:49:25,661 WARN [More Than Conquerors-lead-G#1]          TextBuilder.java:412  | Skipping TextLine with null bounds: TextLine{ "" conf:NaN}
2026-05-10 17:49:25,661 WARN [More Than Conquerors-lead-G#1]          TextBuilder.java:412  | Skipping TextLine with null bounds: TextLine{ "" conf:NaN}
2026-05-10 17:49:25,662 WARN [More Than Conquerors-lead-G#1]          TextBuilder.java:412  | Skipping TextLine with null bounds: TextLine{ "" conf:NaN}
2026-05-10 17:49:25,662 WARN [More Than Conquerors-lead-G#1]          TextBuilder.java:412  | Skipping TextLine with null bounds: TextLine{ "" conf:NaN}
2026-05-10 17:49:25,662 WARN [More Than Conquerors-lead-G#1]          TextBuilder.java:412  | Skipping TextLine with null bounds: TextLine{ "" conf:NaN}
2026-05-10 17:49:25,663 WARN [More Than Conquerors-lead-G#1]          TextBuilder.java:412  | Skipping TextLine with null bounds: TextLine{ "" conf:NaN}
2026-05-10 17:49:25,663 WARN [More Than Conquerors-lead-G#1]          TextBuilder.java:412  | Skipping TextLine with null bounds: TextLine{ "" conf:NaN}
2026-05-10 17:49:25,664 WARN [More Than Conquerors-lead-G#1]          TextBuilder.java:412  | Skipping TextLine with null bounds: TextLine{ "" conf:NaN}
2026-05-10 17:49:25,664 WARN [More Than Conquerors-lead-G#1]          TextBuilder.java:412  | Skipping TextLine with null bounds: TextLine{ "" conf:NaN}
2026-05-10 17:49:25,664 WARN [More Than Conquerors-lead-G#1]          TextBuilder.java:412  | Skipping TextLine with null bounds: TextLine{ "" conf:NaN}
2026-05-10 17:49:25,664 WARN [More Than Conquerors-lead-G#1]          TextBuilder.java:412  | Skipping TextLine with null bounds: TextLine{ "" conf:NaN}
2026-05-10 17:49:25,665 WARN [More Than Conquerors-lead-G#1]          TextBuilder.java:412  | Skipping TextLine with null bounds: TextLine{ "" conf:NaN}
2026-05-10 17:49:25,665 WARN [More Than Conquerors-lead-G#1]          TextBuilder.java:412  | Skipping TextLine with null bounds: TextLine{ "" conf:NaN}
2026-05-10 17:49:25,665 WARN [More Than Conquerors-lead-G#1]          TextBuilder.java:412  | Skipping TextLine with null bounds: TextLine{ "" conf:NaN}
2026-05-10 17:49:25,666 WARN [More Than Conquerors-lead-G#1]          TextBuilder.java:412  | Skipping TextLine with null bounds: TextLine{ "" conf:NaN}
2026-05-10 17:49:25,666 WARN [More Than Conquerors-lead-G#1]          TextBuilder.java:412  | Skipping TextLine with null bounds: TextLine{ "" conf:NaN}
2026-05-10 17:49:25,667 WARN [More Than Conquerors-lead-G#1]          TextBuilder.java:412  | Skipping TextLine with null bounds: TextLine{ "" conf:NaN}
2026-05-10 17:49:25,667 WARN [More Than Conquerors-lead-G#1]          TextBuilder.java:412  | Skipping TextLine with null bounds: TextLine{ "" conf:NaN}
2026-05-10 17:49:25,667 WARN [More Than Conquerors-lead-G#1]          TextBuilder.java:412  | Skipping TextLine with null bounds: TextLine{ "" conf:NaN}
2026-05-10 17:49:25,668 WARN [More Than Conquerors-lead-G#1]          TextBuilder.java:412  | Skipping TextLine with null bounds: TextLine{ "" conf:NaN}
2026-05-10 17:49:25,669 WARN [More Than Conquerors-lead-G#1]          TextBuilder.java:412  | Skipping TextLine with null bounds: TextLine{ "" conf:NaN}
2026-05-10 17:49:25,669 WARN [More Than Conquerors-lead-G#1]          TextBuilder.java:412  | Skipping TextLine with null bounds: TextLine{ "" conf:NaN}
2026-05-10 17:49:25,669 WARN [More Than Conquerors-lead-G#1]          TextBuilder.java:412  | Skipping TextLine with null bounds: TextLine{ "" conf:NaN}
2026-05-10 17:49:25,670 WARN [More Than Conquerors-lead-G#1]          TextBuilder.java:412  | Skipping TextLine with null bounds: TextLine{ "" conf:NaN}
2026-05-10 17:49:25,670 WARN [More Than Conquerors-lead-G#1]          TextBuilder.java:412  | Skipping TextLine with null bounds: TextLine{ "" conf:NaN}
2026-05-10 17:49:25,670 WARN [More Than Conquerors-lead-G#1]          TextBuilder.java:412  | Skipping TextLine with null bounds: TextLine{ "" conf:NaN}
2026-05-10 17:49:25,671 WARN [More Than Conquerors-lead-G#1]          TextBuilder.java:412  | Skipping TextLine with null bounds: TextLine{ "" conf:NaN}
2026-05-10 17:49:25,671 WARN [More Than Conquerors-lead-G#1]          TextBuilder.java:412  | Skipping TextLine with null bounds: TextLine{ "" conf:NaN}
2026-05-10 17:49:25,671 WARN [More Than Conquerors-lead-G#1]          TextBuilder.java:412  | Skipping TextLine with null bounds: TextLine{ "" conf:NaN}
2026-05-10 17:49:25,672 WARN [More Than Conquerors-lead-G#1]          TextBuilder.java:412  | Skipping TextLine with null bounds: TextLine{ "" conf:NaN}
2026-05-10 17:49:25,672 WARN [More Than Conquerors-lead-G#1]          TextBuilder.java:412  | Skipping TextLine with null bounds: TextLine{ "" conf:NaN}
2026-05-10 17:49:25,672 WARN [More Than Conquerors-lead-G#1]          TextBuilder.java:412  | Skipping TextLine with null bounds: TextLine{ "" conf:NaN}
2026-05-10 17:49:25,672 WARN [More Than Conquerors-lead-G#1]          TextBuilder.java:412  | Skipping TextLine with null bounds: TextLine{ "" conf:NaN}
2026-05-10 17:49:25,673 WARN [More Than Conquerors-lead-G#1]          TextBuilder.java:412  | Skipping TextLine with null bounds: TextLine{ "" conf:NaN}
2026-05-10 17:49:25,673 WARN [More Than Conquerors-lead-G#1]          TextBuilder.java:412  | Skipping TextLine with null bounds: TextLine{ "" conf:NaN}
2026-05-10 17:49:25,673 WARN [More Than Conquerors-lead-G#1]          TextBuilder.java:412  | Skipping TextLine with null bounds: TextLine{ "" conf:NaN}
2026-05-10 17:49:25,674 WARN [More Than Conquerors-lead-G#1]          TextBuilder.java:412  | Skipping TextLine with null bounds: TextLine{ "" conf:NaN}
2026-05-10 17:49:25,674 WARN [More Than Conquerors-lead-G#1]          TextBuilder.java:412  | Skipping TextLine with null bounds: TextLine{ "" conf:NaN}
2026-05-10 17:49:25,675 WARN [More Than Conquerors-lead-G#1]          TextBuilder.java:412  | Skipping TextLine with null bounds: TextLine{ "" conf:NaN}
2026-05-10 17:49:25,675 WARN [More Than Conquerors-lead-G#1]          TextBuilder.java:412  | Skipping TextLine with null bounds: TextLine{ "" conf:NaN}
2026-05-10 17:49:25,675 WARN [More Than Conquerors-lead-G#1]          TextBuilder.java:412  | Skipping TextLine with null bounds: TextLine{ "" conf:NaN}
2026-05-10 17:49:25,675 WARN [More Than Conquerors-lead-G#1]          TextBuilder.java:412  | Skipping TextLine with null bounds: TextLine{ "" conf:NaN}
2026-05-10 17:49:25,676 WARN [More Than Conquerors-lead-G#1]          TextBuilder.java:412  | Skipping TextLine with null bounds: TextLine{ "" conf:NaN}
2026-05-10 17:49:25,676 WARN [More Than Conquerors-lead-G#1]          TextBuilder.java:412  | Skipping TextLine with null bounds: TextLine{ "" conf:NaN}
2026-05-10 17:49:25,676 WARN [More Than Conquerors-lead-G#1]          TextBuilder.java:412  | Skipping TextLine with null bounds: TextLine{ "" conf:NaN}
2026-05-10 17:49:25,676 WARN [More Than Conquerors-lead-G#1]          TextBuilder.java:412  | Skipping TextLine with null bounds: TextLine{ "" conf:NaN}
2026-05-10 17:49:25,677 WARN [More Than Conquerors-lead-G#1]          TextBuilder.java:412  | Skipping TextLine with null bounds: TextLine{ "" conf:NaN}
2026-05-10 17:49:25,677 WARN [More Than Conquerors-lead-G#1]          TextBuilder.java:412  | Skipping TextLine with null bounds: TextLine{ "" conf:NaN}
2026-05-10 17:49:25,677 WARN [More Than Conquerors-lead-G#1]          TextBuilder.java:412  | Skipping TextLine with null bounds: TextLine{ "" conf:NaN}
2026-05-10 17:49:25,678 WARN [More Than Conquerors-lead-G#1]          TextBuilder.java:412  | Skipping TextLine with null bounds: TextLine{ "" conf:NaN}
2026-05-10 17:49:25,678 WARN [More Than Conquerors-lead-G#1]          TextBuilder.java:412  | Skipping TextLine with null bounds: TextLine{ "" conf:NaN}
2026-05-10 17:49:25,678 WARN [More Than Conquerors-lead-G#1]          TextBuilder.java:412  | Skipping TextLine with null bounds: TextLine{ "" conf:NaN}
2026-05-10 17:49:25,678 WARN [More Than Conquerors-lead-G#1]          TextBuilder.java:412  | Skipping TextLine with null bounds: TextLine{ "" conf:NaN}
2026-05-10 17:49:25,678 WARN [More Than Conquerors-lead-G#1]          TextBuilder.java:412  | Skipping TextLine with null bounds: TextLine{ "" conf:NaN}
2026-05-10 17:49:25,679 WARN [More Than Conquerors-lead-G#1]          TextBuilder.java:412  | Skipping TextLine with null bounds: TextLine{ "" conf:NaN}
2026-05-10 17:49:25,679 WARN [More Than Conquerors-lead-G#1]          TextBuilder.java:412  | Skipping TextLine with null bounds: TextLine{ "" conf:NaN}
2026-05-10 17:49:25,679 WARN [More Than Conquerors-lead-G#1]          TextBuilder.java:412  | Skipping TextLine with null bounds: TextLine{ "" conf:NaN}
2026-05-10 17:49:25,680 WARN [More Than Conquerors-lead-G#1]          TextBuilder.java:412  | Skipping TextLine with null bounds: TextLine{ "" conf:NaN}
2026-05-10 17:49:25,680 WARN [More Than Conquerors-lead-G#1]          TextBuilder.java:412  | Skipping TextLine with null bounds: TextLine{ "" conf:NaN}
2026-05-10 17:49:25,680 WARN [More Than Conquerors-lead-G#1]          TextBuilder.java:412  | Skipping TextLine with null bounds: TextLine{ "" conf:NaN}
2026-05-10 17:49:25,681 WARN [More Than Conquerors-lead-G#1]          TextBuilder.java:412  | Skipping TextLine with null bounds: TextLine{ "" conf:NaN}
2026-05-10 17:49:25,682 WARN [More Than Conquerors-lead-G#1]          TextBuilder.java:412  | Skipping TextLine with null bounds: TextLine{ "" conf:NaN}
2026-05-10 17:49:25,682 WARN [More Than Conquerors-lead-G#1]          TextBuilder.java:412  | Skipping TextLine with null bounds: TextLine{ "" conf:NaN}
2026-05-10 17:49:25,683 WARN [More Than Conquerors-lead-G#1]          TextBuilder.java:412  | Skipping TextLine with null bounds: TextLine{ "" conf:NaN}
2026-05-10 17:49:25,683 WARN [More Than Conquerors-lead-G#1]          TextBuilder.java:412  | Skipping TextLine with null bounds: TextLine{ "" conf:NaN}
2026-05-10 17:49:25,683 WARN [More Than Conquerors-lead-G#1]          TextBuilder.java:412  | Skipping TextLine with null bounds: TextLine{ "" conf:NaN}
2026-05-10 17:49:25,683 WARN [More Than Conquerors-lead-G#1]          TextBuilder.java:412  | Skipping TextLine with null bounds: TextLine{ "" conf:NaN}
2026-05-10 17:49:25,683 WARN [More Than Conquerors-lead-G#1]          TextBuilder.java:412  | Skipping TextLine with null bounds: TextLine{ "" conf:NaN}
2026-05-10 17:49:25,683 WARN [More Than Conquerors-lead-G#1]          TextBuilder.java:412  | Skipping TextLine with null bounds: TextLine{ "" conf:NaN}
2026-05-10 17:49:25,685 WARN [More Than Conquerors-lead-G#1]          TextBuilder.java:412  | Skipping TextLine with null bounds: TextLine{ "" conf:NaN}
2026-05-10 17:49:25,685 WARN [More Than Conquerors-lead-G#1]          TextBuilder.java:412  | Skipping TextLine with null bounds: TextLine{ "" conf:NaN}
2026-05-10 17:49:25,685 WARN [More Than Conquerors-lead-G#1]          TextBuilder.java:412  | Skipping TextLine with null bounds: TextLine{ "" conf:NaN}
2026-05-10 17:49:25,685 WARN [More Than Conquerors-lead-G#1]          TextBuilder.java:412  | Skipping TextLine with null bounds: TextLine{ "" conf:NaN}
2026-05-10 17:49:25,685 WARN [More Than Conquerors-lead-G#1]          TextBuilder.java:412  | Skipping TextLine with null bounds: TextLine{ "" conf:NaN}
2026-05-10 17:49:25,685 WARN [More Than Conquerors-lead-G#1]          TextBuilder.java:412  | Skipping TextLine with null bounds: TextLine{ "" conf:NaN}
2026-05-10 17:49:25,686 WARN [More Than Conquerors-lead-G#1]          TextBuilder.java:412  | Skipping TextLine with null bounds: TextLine{ "" conf:NaN}
2026-05-10 17:49:25,686 WARN [More Than Conquerors-lead-G#1]          TextBuilder.java:412  | Skipping TextLine with null bounds: TextLine{ "" conf:NaN}
2026-05-10 17:49:25,687 WARN [More Than Conquerors-lead-G#1]          TextBuilder.java:412  | Skipping TextLine with null bounds: TextLine{ "" conf:NaN}
2026-05-10 17:49:25,687 WARN [More Than Conquerors-lead-G#1]          TextBuilder.java:412  | Skipping TextLine with null bounds: TextLine{ "" conf:NaN}
2026-05-10 17:49:25,687 WARN [More Than Conquerors-lead-G#1]          TextBuilder.java:412  | Skipping TextLine with null bounds: TextLine{ "" conf:NaN}
2026-05-10 17:49:25,688 WARN [More Than Conquerors-lead-G#1]          TextBuilder.java:412  | Skipping TextLine with null bounds: TextLine{ "" conf:NaN}
2026-05-10 17:49:25,688 WARN [More Than Conquerors-lead-G#1]          TextBuilder.java:412  | Skipping TextLine with null bounds: TextLine{ "" conf:NaN}
2026-05-10 17:49:25,688 WARN [More Than Conquerors-lead-G#1]          TextBuilder.java:412  | Skipping TextLine with null bounds: TextLine{ "" conf:NaN}
2026-05-10 17:49:25,689 WARN [More Than Conquerors-lead-G#1]          TextBuilder.java:412  | Skipping TextLine with null bounds: TextLine{ "" conf:NaN}
2026-05-10 17:49:25,689 WARN [More Than Conquerors-lead-G#1]          TextBuilder.java:412  | Skipping TextLine with null bounds: TextLine{ "" conf:NaN}
2026-05-10 17:49:25,690 WARN [More Than Conquerors-lead-G#1]          TextBuilder.java:412  | Skipping TextLine with null bounds: TextLine{ "" conf:NaN}
2026-05-10 17:49:25,690 WARN [More Than Conquerors-lead-G#1]          TextBuilder.java:412  | Skipping TextLine with null bounds: TextLine{ "" conf:NaN}
2026-05-10 17:49:25,690 WARN [More Than Conquerors-lead-G#1]          TextBuilder.java:412  | Skipping TextLine with null bounds: TextLine{ "" conf:NaN}
2026-05-10 17:49:25,691 WARN [More Than Conquerors-lead-G#1]          TextBuilder.java:412  | Skipping TextLine with null bounds: TextLine{ "" conf:NaN}
2026-05-10 17:49:25,691 WARN [More Than Conquerors-lead-G#1]          TextBuilder.java:412  | Skipping TextLine with null bounds: TextLine{ "" conf:NaN}
2026-05-10 17:49:25,691 WARN [More Than Conquerors-lead-G#1]          TextBuilder.java:412  | Skipping TextLine with null bounds: TextLine{ "" conf:NaN}
2026-05-10 17:49:25,692 WARN [More Than Conquerors-lead-G#1]          TextBuilder.java:412  | Skipping TextLine with null bounds: TextLine{ "" conf:NaN}
2026-05-10 17:49:25,692 WARN [More Than Conquerors-lead-G#1]          TextBuilder.java:412  | Skipping TextLine with null bounds: TextLine{ "" conf:NaN}
2026-05-10 17:49:25,693 WARN [More Than Conquerors-lead-G#1]          TextBuilder.java:412  | Skipping TextLine with null bounds: TextLine{ "" conf:NaN}
2026-05-10 17:49:25,693 WARN [More Than Conquerors-lead-G#1]          TextBuilder.java:412  | Skipping TextLine with null bounds: TextLine{ "" conf:NaN}
2026-05-10 17:49:25,693 WARN [More Than Conquerors-lead-G#1]          TextBuilder.java:412  | Skipping TextLine with null bounds: TextLine{ "" conf:NaN}
2026-05-10 17:49:25,693 WARN [More Than Conquerors-lead-G#1]          TextBuilder.java:412  | Skipping TextLine with null bounds: TextLine{ "" conf:NaN}
2026-05-10 17:49:25,694 WARN [More Than Conquerors-lead-G#1]          TextBuilder.java:412  | Skipping TextLine with null bounds: TextLine{ "" conf:NaN}
2026-05-10 17:49:25,694 WARN [More Than Conquerors-lead-G#1]          TextBuilder.java:412  | Skipping TextLine with null bounds: TextLine{ "" conf:NaN}
2026-05-10 17:49:25,694 WARN [More Than Conquerors-lead-G#1]          TextBuilder.java:412  | Skipping TextLine with null bounds: TextLine{ "" conf:NaN}
2026-05-10 17:49:25,694 WARN [More Than Conquerors-lead-G#1]          TextBuilder.java:412  | Skipping TextLine with null bounds: TextLine{ "" conf:NaN}
2026-05-10 17:49:25,695 WARN [More Than Conquerors-lead-G#1]          TextBuilder.java:412  | Skipping TextLine with null bounds: TextLine{ "" conf:NaN}
2026-05-10 17:49:25,695 WARN [More Than Conquerors-lead-G#1]          TextBuilder.java:412  | Skipping TextLine with null bounds: TextLine{ "" conf:NaN}
2026-05-10 17:49:25,695 WARN [More Than Conquerors-lead-G#1]          TextBuilder.java:412  | Skipping TextLine with null bounds: TextLine{ "" conf:NaN}
2026-05-10 17:49:25,696 WARN [More Than Conquerors-lead-G#1]          TextBuilder.java:412  | Skipping TextLine with null bounds: TextLine{ "" conf:NaN}
2026-05-10 17:49:25,696 WARN [More Than Conquerors-lead-G#1]          TextBuilder.java:412  | Skipping TextLine with null bounds: TextLine{ "" conf:NaN}
2026-05-10 17:49:25,696 WARN [More Than Conquerors-lead-G#1]          TextBuilder.java:412  | Skipping TextLine with null bounds: TextLine{ "" conf:NaN}
2026-05-10 17:49:25,697 WARN [More Than Conquerors-lead-G#1]          TextBuilder.java:412  | Skipping TextLine with null bounds: TextLine{ "" conf:NaN}
2026-05-10 17:49:25,697 WARN [More Than Conquerors-lead-G#1]          TextBuilder.java:412  | Skipping TextLine with null bounds: TextLine{ "" conf:NaN}
2026-05-10 17:49:25,697 WARN [More Than Conquerors-lead-G#1]          TextBuilder.java:412  | Skipping TextLine with null bounds: TextLine{ "" conf:NaN}
2026-05-10 17:49:25,698 WARN [More Than Conquerors-lead-G#1]          TextBuilder.java:412  | Skipping TextLine with null bounds: TextLine{ "" conf:NaN}
2026-05-10 17:49:25,698 WARN [More Than Conquerors-lead-G#1]          TextBuilder.java:412  | Skipping TextLine with null bounds: TextLine{ "" conf:NaN}
2026-05-10 17:49:25,698 WARN [More Than Conquerors-lead-G#1]          TextBuilder.java:412  | Skipping TextLine with null bounds: TextLine{ "" conf:NaN}
2026-05-10 17:49:25,699 WARN [More Than Conquerors-lead-G#1]          TextBuilder.java:412  | Skipping TextLine with null bounds: TextLine{ "" conf:NaN}
2026-05-10 17:49:25,699 WARN [More Than Conquerors-lead-G#1]          TextBuilder.java:412  | Skipping TextLine with null bounds: TextLine{ "" conf:NaN}
2026-05-10 17:49:25,699 WARN [More Than Conquerors-lead-G#1]          TextBuilder.java:412  | Skipping TextLine with null bounds: TextLine{ "" conf:NaN}
2026-05-10 17:49:25,699 WARN [More Than Conquerors-lead-G#1]          TextBuilder.java:412  | Skipping TextLine with null bounds: TextLine{ "" conf:NaN}
2026-05-10 17:49:25,699 WARN [More Than Conquerors-lead-G#1]          TextBuilder.java:412  | Skipping TextLine with null bounds: TextLine{ "" conf:NaN}
2026-05-10 17:49:25,700 WARN [More Than Conquerors-lead-G#1]          TextBuilder.java:412  | Skipping TextLine with null bounds: TextLine{ "" conf:NaN}
2026-05-10 17:49:25,700 WARN [More Than Conquerors-lead-G#1]          TextBuilder.java:412  | Skipping TextLine with null bounds: TextLine{ "" conf:NaN}
2026-05-10 17:49:25,700 WARN [More Than Conquerors-lead-G#1]          TextBuilder.java:412  | Skipping TextLine with null bounds: TextLine{ "" conf:NaN}
2026-05-10 17:49:25,700 WARN [More Than Conquerors-lead-G#1]          TextBuilder.java:412  | Skipping TextLine with null bounds: TextLine{ "" conf:NaN}
2026-05-10 17:49:25,700 WARN [More Than Conquerors-lead-G#1]          TextBuilder.java:412  | Skipping TextLine with null bounds: TextLine{ "" conf:NaN}
2026-05-10 17:49:25,701 WARN [More Than Conquerors-lead-G#1]          TextBuilder.java:412  | Skipping TextLine with null bounds: TextLine{ "" conf:NaN}
2026-05-10 17:49:25,701 WARN [More Than Conquerors-lead-G#1]          TextBuilder.java:412  | Skipping TextLine with null bounds: TextLine{ "" conf:NaN}
2026-05-10 17:49:25,701 WARN [More Than Conquerors-lead-G#1]          TextBuilder.java:412  | Skipping TextLine with null bounds: TextLine{ "" conf:NaN}
2026-05-10 17:49:25,701 WARN [More Than Conquerors-lead-G#1]          TextBuilder.java:412  | Skipping TextLine with null bounds: TextLine{ "" conf:NaN}
2026-05-10 17:49:25,701 WARN [More Than Conquerors-lead-G#1]          TextBuilder.java:412  | Skipping TextLine with null bounds: TextLine{ "" conf:NaN}
2026-05-10 17:49:25,702 WARN [More Than Conquerors-lead-G#1]          TextBuilder.java:412  | Skipping TextLine with null bounds: TextLine{ "" conf:NaN}
2026-05-10 17:49:25,702 WARN [More Than Conquerors-lead-G#1]          TextBuilder.java:412  | Skipping TextLine with null bounds: TextLine{ "" conf:NaN}
2026-05-10 17:49:25,703 WARN [More Than Conquerors-lead-G#1]          TextBuilder.java:412  | Skipping TextLine with null bounds: TextLine{ "" conf:NaN}
2026-05-10 17:49:25,703 WARN [More Than Conquerors-lead-G#1]          TextBuilder.java:412  | Skipping TextLine with null bounds: TextLine{ "" conf:NaN}
2026-05-10 17:49:25,703 WARN [More Than Conquerors-lead-G#1]          TextBuilder.java:412  | Skipping TextLine with null bounds: TextLine{ "" conf:NaN}
2026-05-10 17:49:25,703 WARN [More Than Conquerors-lead-G#1]          TextBuilder.java:412  | Skipping TextLine with null bounds: TextLine{ "" conf:NaN}
2026-05-10 17:49:25,703 WARN [More Than Conquerors-lead-G#1]          TextBuilder.java:412  | Skipping TextLine with null bounds: TextLine{ "" conf:NaN}
2026-05-10 17:49:25,704 WARN [More Than Conquerors-lead-G#1]          TextBuilder.java:412  | Skipping TextLine with null bounds: TextLine{ "" conf:NaN}
2026-05-10 17:49:25,704 WARN [More Than Conquerors-lead-G#1]          TextBuilder.java:412  | Skipping TextLine with null bounds: TextLine{ "" conf:NaN}
2026-05-10 17:49:25,705 WARN [More Than Conquerors-lead-G#1]          TextBuilder.java:412  | Skipping TextLine with null bounds: TextLine{ "" conf:NaN}
2026-05-10 17:49:25,705 WARN [More Than Conquerors-lead-G#1]          TextBuilder.java:412  | Skipping TextLine with null bounds: TextLine{ "" conf:NaN}
2026-05-10 17:49:25,706 WARN [More Than Conquerors-lead-G#1]          TextBuilder.java:412  | Skipping TextLine with null bounds: TextLine{ "" conf:NaN}
2026-05-10 17:49:25,706 WARN [More Than Conquerors-lead-G#1]          TextBuilder.java:412  | Skipping TextLine with null bounds: TextLine{ "" conf:NaN}
2026-05-10 17:49:25,706 WARN [More Than Conquerors-lead-G#1]          TextBuilder.java:412  | Skipping TextLine with null bounds: TextLine{ "" conf:NaN}
2026-05-10 17:49:30,890 INFO [More Than Conquerors-lead-G#1]           PageRhythm.java:176  | {Page#1.1} Starting PageRhythm time signature check
2026-05-10 17:49:30,891 INFO [More Than Conquerors-lead-G#1]           PageRhythm.java:178  | {Page#1.1} Initial range state: Range{SN1- tSig:6/8} → ts: TimePairInter#149{ FROZEN(0.951/0.951) staff:1 6/8}
2026-05-10 17:49:30,892 INFO [More Than Conquerors-lead-G#1]           PageRhythm.java:184  | {Page#1.1} Checking range: Range{SN1- tSig:6/8}, ts: TimePairInter#149{ FROZEN(0.951/0.951) staff:1 6/8}
2026-05-10 17:49:30,892 INFO [More Than Conquerors-lead-G#1]           PageRhythm.java:277  | Last range: Range{SN1-30 tSig:6/8 dur:3/4}
2026-05-10 17:49:30,893 INFO [More Than Conquerors-lead-G#1]           PageRhythm.java:278  | lastRange.timeRational = 6/8
2026-05-10 17:49:30,894 INFO [More Than Conquerors-lead-G#1]           PageRhythm.java:279  | lastRange.ts = TimePairInter#149{ FROZEN(0.951/0.951) staff:1 6/8}
2026-05-10 17:49:30,894 DEBUG [More Than Conquerors-lead-G#1]           PageRhythm.java:121  | MeasureStack#1 frats: 1 [7253]
2026-05-10 17:49:30,895 DEBUG [More Than Conquerors-lead-G#1]           PageRhythm.java:121  | MeasureStack#2 frats: 3 [7381, 7412, 7534]
2026-05-10 17:49:30,896 DEBUG [More Than Conquerors-lead-G#1]           PageRhythm.java:121  | MeasureStack#3 frats: 2 [8004, 7794]
2026-05-10 17:49:30,897 DEBUG [More Than Conquerors-lead-G#1]           PageRhythm.java:121  | MeasureStack#4 frats: 2 [7884, 8002]
2026-05-10 17:49:30,898 DEBUG [More Than Conquerors-lead-G#1]           PageRhythm.java:121  | MeasureStack#5 frats: 2 [8985, 8233]
2026-05-10 17:49:30,898 DEBUG [More Than Conquerors-lead-G#1]           PageRhythm.java:121  | MeasureStack#6 frats: 1 [8987]
2026-05-10 17:49:30,899 DEBUG [More Than Conquerors-lead-G#1]           PageRhythm.java:121  | MeasureStack#7 frats: 3 [8991, 8992, 8708]
2026-05-10 17:49:30,899 DEBUG [More Than Conquerors-lead-G#1]           PageRhythm.java:121  | MeasureStack#8 frats: 1 [8998]
2026-05-10 17:49:30,899 DEBUG [More Than Conquerors-lead-G#1]           PageRhythm.java:121  | MeasureStack#9 frats: 1 [8980]
2026-05-10 17:49:30,900 DEBUG [More Than Conquerors-lead-G#1]           PageRhythm.java:121  | MeasureStack#10 frats: 2 [9390, 9109]
2026-05-10 17:49:30,900 DEBUG [More Than Conquerors-lead-G#1]           PageRhythm.java:121  | MeasureStack#11 frats: 1 [9394]
2026-05-10 17:49:30,901 DEBUG [More Than Conquerors-lead-G#1]           PageRhythm.java:121  | MeasureStack#12 frats: 1 [9393]
2026-05-10 17:49:30,901 DEBUG [More Than Conquerors-lead-G#1]           PageRhythm.java:121  | MeasureStack#13 frats: 2 [9395, 9396]
2026-05-10 17:49:30,902 DEBUG [More Than Conquerors-lead-G#1]           PageRhythm.java:121  | MeasureStack#14 frats: 2 [9350, 9367]
2026-05-10 17:49:30,902 DEBUG [More Than Conquerors-lead-G#1]           PageRhythm.java:121  | MeasureStack#15 frats: 2 [9397, 9398]
2026-05-10 17:49:30,902 DEBUG [More Than Conquerors-lead-G#1]           PageRhythm.java:121  | MeasureStack#16 frats: 3 [9834, 9828, 9835]
2026-05-10 17:49:30,904 DEBUG [More Than Conquerors-lead-G#1]           PageRhythm.java:121  | MeasureStack#17 frats: 2 [9836, 9837]
2026-05-10 17:49:30,904 DEBUG [More Than Conquerors-lead-G#1]           PageRhythm.java:121  | MeasureStack#18 frats: 2 [9507, 9601]
2026-05-10 17:49:30,905 DEBUG [More Than Conquerors-lead-G#1]           PageRhythm.java:121  | MeasureStack#19 frats: 2 [9838, 9839]
2026-05-10 17:49:30,905 DEBUG [More Than Conquerors-lead-G#1]           PageRhythm.java:121  | MeasureStack#20 frats: 5 [9831, 9840, 9841, 9832, 9843]
2026-05-10 17:49:30,905 DEBUG [More Than Conquerors-lead-G#1]           PageRhythm.java:121  | MeasureStack#21 frats: 2 [9807, 9827]
2026-05-10 17:49:30,906 DEBUG [More Than Conquerors-lead-G#1]           PageRhythm.java:121  | MeasureStack#22 frats: 1 [10186]
2026-05-10 17:49:30,906 DEBUG [More Than Conquerors-lead-G#1]           PageRhythm.java:121  | MeasureStack#23 frats: 2 [10190, 10191]
2026-05-10 17:49:30,907 DEBUG [More Than Conquerors-lead-G#1]           PageRhythm.java:121  | MeasureStack#24 frats: 3 [10192, 10193, 10187]
2026-05-10 17:49:30,907 DEBUG [More Than Conquerors-lead-G#1]           PageRhythm.java:121  | MeasureStack#25 frats: 4 [10078, 10188, 10195, 10185]
2026-05-10 17:49:30,908 DEBUG [More Than Conquerors-lead-G#1]           PageRhythm.java:121  | MeasureStack#26 frats: 1 [10515]
2026-05-10 17:49:30,909 DEBUG [More Than Conquerors-lead-G#1]           PageRhythm.java:121  | MeasureStack#27 frats: 2 [10517, 10518]
2026-05-10 17:49:30,909 DEBUG [More Than Conquerors-lead-G#1]           PageRhythm.java:121  | MeasureStack#28 frats: 4 [10519, 10520, 10521, 10522]
2026-05-10 17:49:30,910 DEBUG [More Than Conquerors-lead-G#1]           PageRhythm.java:121  | MeasureStack#29 frats: 2 [10516, 10523]
2026-05-10 17:49:30,910 DEBUG [More Than Conquerors-lead-G#1]           PageRhythm.java:121  | MeasureStack#30 frats: 2 [10436, 10513]
2026-05-10 17:49:30,910 DEBUG [More Than Conquerors-lead-G#1]           PageRhythm.java:325  | Starting Range{SN1-30 tSig:6/8 dur:3/4}
2026-05-10 17:49:30,911 DEBUG [More Than Conquerors-lead-G#1]           PageRhythm.java:329  | About to process StackRhythm for MeasureStack#1
2026-05-10 17:49:30,912 DEBUG [More Than Conquerors-lead-G#1]          StackRhythm.java:221  | Setting expectedDuration=3/4 for stack on page 1
2026-05-10 17:49:30,936 DEBUG [More Than Conquerors-lead-G#1]           PageRhythm.java:331  | Finished processing StackRhythm for MeasureStack#1
2026-05-10 17:49:30,936 DEBUG [More Than Conquerors-lead-G#1]           PageRhythm.java:329  | About to process StackRhythm for MeasureStack#2
2026-05-10 17:49:30,937 DEBUG [More Than Conquerors-lead-G#1]          StackRhythm.java:221  | Setting expectedDuration=3/4 for stack on page 2
2026-05-10 17:49:30,940 DEBUG [More Than Conquerors-lead-G#1]           PageRhythm.java:331  | Finished processing StackRhythm for MeasureStack#2
2026-05-10 17:49:30,941 DEBUG [More Than Conquerors-lead-G#1]           PageRhythm.java:329  | About to process StackRhythm for MeasureStack#3
2026-05-10 17:49:30,942 DEBUG [More Than Conquerors-lead-G#1]          StackRhythm.java:221  | Setting expectedDuration=3/4 for stack on page 3
2026-05-10 17:49:30,945 DEBUG [More Than Conquerors-lead-G#1]           PageRhythm.java:331  | Finished processing StackRhythm for MeasureStack#3
2026-05-10 17:49:30,945 DEBUG [More Than Conquerors-lead-G#1]           PageRhythm.java:329  | About to process StackRhythm for MeasureStack#4
2026-05-10 17:49:30,945 DEBUG [More Than Conquerors-lead-G#1]          StackRhythm.java:221  | Setting expectedDuration=3/4 for stack on page 4
2026-05-10 17:49:30,947 DEBUG [More Than Conquerors-lead-G#1]           PageRhythm.java:331  | Finished processing StackRhythm for MeasureStack#4
2026-05-10 17:49:30,949 DEBUG [More Than Conquerors-lead-G#1]           PageRhythm.java:329  | About to process StackRhythm for MeasureStack#5
2026-05-10 17:49:30,950 DEBUG [More Than Conquerors-lead-G#1]          StackRhythm.java:221  | Setting expectedDuration=3/4 for stack on page 5
2026-05-10 17:49:30,952 DEBUG [More Than Conquerors-lead-G#1]           PageRhythm.java:331  | Finished processing StackRhythm for MeasureStack#5
2026-05-10 17:49:30,953 DEBUG [More Than Conquerors-lead-G#1]           PageRhythm.java:329  | About to process StackRhythm for MeasureStack#6
2026-05-10 17:49:30,953 DEBUG [More Than Conquerors-lead-G#1]          StackRhythm.java:221  | Setting expectedDuration=3/4 for stack on page 6
2026-05-10 17:49:30,955 DEBUG [More Than Conquerors-lead-G#1]           PageRhythm.java:331  | Finished processing StackRhythm for MeasureStack#6
2026-05-10 17:49:30,956 DEBUG [More Than Conquerors-lead-G#1]           PageRhythm.java:329  | About to process StackRhythm for MeasureStack#7
2026-05-10 17:49:30,956 DEBUG [More Than Conquerors-lead-G#1]          StackRhythm.java:221  | Setting expectedDuration=3/4 for stack on page 7
2026-05-10 17:49:30,960 DEBUG [More Than Conquerors-lead-G#1]           PageRhythm.java:331  | Finished processing StackRhythm for MeasureStack#7
2026-05-10 17:49:30,960 DEBUG [More Than Conquerors-lead-G#1]           PageRhythm.java:329  | About to process StackRhythm for MeasureStack#8
2026-05-10 17:49:30,961 DEBUG [More Than Conquerors-lead-G#1]          StackRhythm.java:221  | Setting expectedDuration=3/4 for stack on page 8
2026-05-10 17:49:30,962 DEBUG [More Than Conquerors-lead-G#1]           PageRhythm.java:331  | Finished processing StackRhythm for MeasureStack#8
2026-05-10 17:49:30,962 DEBUG [More Than Conquerors-lead-G#1]           PageRhythm.java:329  | About to process StackRhythm for MeasureStack#9
2026-05-10 17:49:30,962 DEBUG [More Than Conquerors-lead-G#1]          StackRhythm.java:221  | Setting expectedDuration=3/4 for stack on page 9
2026-05-10 17:49:30,963 DEBUG [More Than Conquerors-lead-G#1]           PageRhythm.java:331  | Finished processing StackRhythm for MeasureStack#9
2026-05-10 17:49:30,963 DEBUG [More Than Conquerors-lead-G#1]           PageRhythm.java:329  | About to process StackRhythm for MeasureStack#10
2026-05-10 17:49:30,964 DEBUG [More Than Conquerors-lead-G#1]          StackRhythm.java:221  | Setting expectedDuration=3/4 for stack on page 10
2026-05-10 17:49:30,965 DEBUG [More Than Conquerors-lead-G#1]           PageRhythm.java:331  | Finished processing StackRhythm for MeasureStack#10
2026-05-10 17:49:30,966 DEBUG [More Than Conquerors-lead-G#1]           PageRhythm.java:329  | About to process StackRhythm for MeasureStack#11
2026-05-10 17:49:30,966 DEBUG [More Than Conquerors-lead-G#1]          StackRhythm.java:221  | Setting expectedDuration=3/4 for stack on page 11
2026-05-10 17:49:30,968 DEBUG [More Than Conquerors-lead-G#1]           PageRhythm.java:331  | Finished processing StackRhythm for MeasureStack#11
2026-05-10 17:49:30,968 DEBUG [More Than Conquerors-lead-G#1]           PageRhythm.java:329  | About to process StackRhythm for MeasureStack#12
2026-05-10 17:49:30,969 DEBUG [More Than Conquerors-lead-G#1]          StackRhythm.java:221  | Setting expectedDuration=3/4 for stack on page 12
2026-05-10 17:49:30,969 DEBUG [More Than Conquerors-lead-G#1]           PageRhythm.java:331  | Finished processing StackRhythm for MeasureStack#12
2026-05-10 17:49:30,969 DEBUG [More Than Conquerors-lead-G#1]           PageRhythm.java:329  | About to process StackRhythm for MeasureStack#13
2026-05-10 17:49:30,970 DEBUG [More Than Conquerors-lead-G#1]          StackRhythm.java:221  | Setting expectedDuration=3/4 for stack on page 13
2026-05-10 17:49:30,971 DEBUG [More Than Conquerors-lead-G#1]           PageRhythm.java:331  | Finished processing StackRhythm for MeasureStack#13
2026-05-10 17:49:30,971 DEBUG [More Than Conquerors-lead-G#1]           PageRhythm.java:329  | About to process StackRhythm for MeasureStack#14
2026-05-10 17:49:30,971 DEBUG [More Than Conquerors-lead-G#1]          StackRhythm.java:221  | Setting expectedDuration=3/4 for stack on page 14
2026-05-10 17:49:30,973 DEBUG [More Than Conquerors-lead-G#1]           PageRhythm.java:331  | Finished processing StackRhythm for MeasureStack#14
2026-05-10 17:49:30,973 DEBUG [More Than Conquerors-lead-G#1]           PageRhythm.java:329  | About to process StackRhythm for MeasureStack#15
2026-05-10 17:49:30,974 DEBUG [More Than Conquerors-lead-G#1]          StackRhythm.java:221  | Setting expectedDuration=3/4 for stack on page 15
2026-05-10 17:49:30,974 DEBUG [More Than Conquerors-lead-G#1]           PageRhythm.java:331  | Finished processing StackRhythm for MeasureStack#15
2026-05-10 17:49:30,975 DEBUG [More Than Conquerors-lead-G#1]           PageRhythm.java:329  | About to process StackRhythm for MeasureStack#16
2026-05-10 17:49:30,975 DEBUG [More Than Conquerors-lead-G#1]          StackRhythm.java:221  | Setting expectedDuration=3/4 for stack on page 16
2026-05-10 17:49:30,976 DEBUG [More Than Conquerors-lead-G#1]           PageRhythm.java:331  | Finished processing StackRhythm for MeasureStack#16
2026-05-10 17:49:30,977 DEBUG [More Than Conquerors-lead-G#1]           PageRhythm.java:329  | About to process StackRhythm for MeasureStack#17
2026-05-10 17:49:30,977 DEBUG [More Than Conquerors-lead-G#1]          StackRhythm.java:221  | Setting expectedDuration=3/4 for stack on page 17
2026-05-10 17:49:30,979 DEBUG [More Than Conquerors-lead-G#1]           PageRhythm.java:331  | Finished processing StackRhythm for MeasureStack#17
2026-05-10 17:49:30,979 DEBUG [More Than Conquerors-lead-G#1]           PageRhythm.java:329  | About to process StackRhythm for MeasureStack#18
2026-05-10 17:49:30,979 DEBUG [More Than Conquerors-lead-G#1]          StackRhythm.java:221  | Setting expectedDuration=3/4 for stack on page 18
2026-05-10 17:49:30,980 DEBUG [More Than Conquerors-lead-G#1]           PageRhythm.java:331  | Finished processing StackRhythm for MeasureStack#18
2026-05-10 17:49:30,981 DEBUG [More Than Conquerors-lead-G#1]           PageRhythm.java:329  | About to process StackRhythm for MeasureStack#19
2026-05-10 17:49:30,981 DEBUG [More Than Conquerors-lead-G#1]          StackRhythm.java:221  | Setting expectedDuration=3/4 for stack on page 19
2026-05-10 17:49:30,982 DEBUG [More Than Conquerors-lead-G#1]           PageRhythm.java:331  | Finished processing StackRhythm for MeasureStack#19
2026-05-10 17:49:30,983 DEBUG [More Than Conquerors-lead-G#1]           PageRhythm.java:329  | About to process StackRhythm for MeasureStack#20
2026-05-10 17:49:30,983 DEBUG [More Than Conquerors-lead-G#1]          StackRhythm.java:221  | Setting expectedDuration=3/4 for stack on page 20
2026-05-10 17:49:30,985 DEBUG [More Than Conquerors-lead-G#1]           PageRhythm.java:331  | Finished processing StackRhythm for MeasureStack#20
2026-05-10 17:49:30,985 DEBUG [More Than Conquerors-lead-G#1]           PageRhythm.java:329  | About to process StackRhythm for MeasureStack#21
2026-05-10 17:49:30,985 DEBUG [More Than Conquerors-lead-G#1]          StackRhythm.java:221  | Setting expectedDuration=3/4 for stack on page 21
2026-05-10 17:49:30,987 DEBUG [More Than Conquerors-lead-G#1]           PageRhythm.java:331  | Finished processing StackRhythm for MeasureStack#21
2026-05-10 17:49:30,988 DEBUG [More Than Conquerors-lead-G#1]           PageRhythm.java:329  | About to process StackRhythm for MeasureStack#22
2026-05-10 17:49:30,989 DEBUG [More Than Conquerors-lead-G#1]          StackRhythm.java:221  | Setting expectedDuration=3/4 for stack on page 22
2026-05-10 17:49:30,992 DEBUG [More Than Conquerors-lead-G#1]           PageRhythm.java:331  | Finished processing StackRhythm for MeasureStack#22
2026-05-10 17:49:30,993 DEBUG [More Than Conquerors-lead-G#1]           PageRhythm.java:329  | About to process StackRhythm for MeasureStack#23
2026-05-10 17:49:30,993 DEBUG [More Than Conquerors-lead-G#1]          StackRhythm.java:221  | Setting expectedDuration=3/4 for stack on page 23
2026-05-10 17:49:30,995 DEBUG [More Than Conquerors-lead-G#1]           PageRhythm.java:331  | Finished processing StackRhythm for MeasureStack#23
2026-05-10 17:49:30,996 DEBUG [More Than Conquerors-lead-G#1]           PageRhythm.java:329  | About to process StackRhythm for MeasureStack#24
2026-05-10 17:49:30,996 DEBUG [More Than Conquerors-lead-G#1]          StackRhythm.java:221  | Setting expectedDuration=3/4 for stack on page 24
2026-05-10 17:49:30,997 DEBUG [More Than Conquerors-lead-G#1]           PageRhythm.java:331  | Finished processing StackRhythm for MeasureStack#24
2026-05-10 17:49:30,998 DEBUG [More Than Conquerors-lead-G#1]           PageRhythm.java:329  | About to process StackRhythm for MeasureStack#25
2026-05-10 17:49:30,998 DEBUG [More Than Conquerors-lead-G#1]          StackRhythm.java:221  | Setting expectedDuration=3/4 for stack on page 25
2026-05-10 17:49:31,001 DEBUG [More Than Conquerors-lead-G#1]           PageRhythm.java:331  | Finished processing StackRhythm for MeasureStack#25
2026-05-10 17:49:31,003 DEBUG [More Than Conquerors-lead-G#1]           PageRhythm.java:329  | About to process StackRhythm for MeasureStack#26
2026-05-10 17:49:31,003 DEBUG [More Than Conquerors-lead-G#1]          StackRhythm.java:221  | Setting expectedDuration=3/4 for stack on page 26
2026-05-10 17:49:31,004 DEBUG [More Than Conquerors-lead-G#1]           PageRhythm.java:331  | Finished processing StackRhythm for MeasureStack#26
2026-05-10 17:49:31,005 DEBUG [More Than Conquerors-lead-G#1]           PageRhythm.java:329  | About to process StackRhythm for MeasureStack#27
2026-05-10 17:49:31,005 DEBUG [More Than Conquerors-lead-G#1]          StackRhythm.java:221  | Setting expectedDuration=3/4 for stack on page 27
2026-05-10 17:49:31,007 DEBUG [More Than Conquerors-lead-G#1]           PageRhythm.java:331  | Finished processing StackRhythm for MeasureStack#27
2026-05-10 17:49:31,007 DEBUG [More Than Conquerors-lead-G#1]           PageRhythm.java:329  | About to process StackRhythm for MeasureStack#28
2026-05-10 17:49:31,008 DEBUG [More Than Conquerors-lead-G#1]          StackRhythm.java:221  | Setting expectedDuration=3/4 for stack on page 28
2026-05-10 17:49:31,009 DEBUG [More Than Conquerors-lead-G#1]           PageRhythm.java:331  | Finished processing StackRhythm for MeasureStack#28
2026-05-10 17:49:31,009 DEBUG [More Than Conquerors-lead-G#1]           PageRhythm.java:329  | About to process StackRhythm for MeasureStack#29
2026-05-10 17:49:31,010 DEBUG [More Than Conquerors-lead-G#1]          StackRhythm.java:221  | Setting expectedDuration=3/4 for stack on page 29
2026-05-10 17:49:31,011 DEBUG [More Than Conquerors-lead-G#1]           PageRhythm.java:331  | Finished processing StackRhythm for MeasureStack#29
2026-05-10 17:49:31,011 DEBUG [More Than Conquerors-lead-G#1]           PageRhythm.java:329  | About to process StackRhythm for MeasureStack#30
2026-05-10 17:49:31,012 DEBUG [More Than Conquerors-lead-G#1]          StackRhythm.java:221  | Setting expectedDuration=3/4 for stack on page 30
2026-05-10 17:49:31,013 DEBUG [More Than Conquerors-lead-G#1]           PageRhythm.java:331  | Finished processing StackRhythm for MeasureStack#30
2026-05-10 17:49:37,241 WARN [More Than Conquerors-lead-G#2]          TextBuilder.java:412  | Skipping TextLine with null bounds: TextLine{ "" conf:NaN}
2026-05-10 17:49:37,242 WARN [More Than Conquerors-lead-G#2]          TextBuilder.java:412  | Skipping TextLine with null bounds: TextLine{ "" conf:NaN}
2026-05-10 17:49:37,242 WARN [More Than Conquerors-lead-G#2]          TextBuilder.java:412  | Skipping TextLine with null bounds: TextLine{ "" conf:NaN}
2026-05-10 17:49:37,243 WARN [More Than Conquerors-lead-G#2]          TextBuilder.java:412  | Skipping TextLine with null bounds: TextLine{ "" conf:NaN}
2026-05-10 17:49:37,243 WARN [More Than Conquerors-lead-G#2]          TextBuilder.java:412  | Skipping TextLine with null bounds: TextLine{ "" conf:NaN}
2026-05-10 17:49:37,243 WARN [More Than Conquerors-lead-G#2]          TextBuilder.java:412  | Skipping TextLine with null bounds: TextLine{ "" conf:NaN}
2026-05-10 17:49:37,244 WARN [More Than Conquerors-lead-G#2]          TextBuilder.java:412  | Skipping TextLine with null bounds: TextLine{ "" conf:NaN}
2026-05-10 17:49:37,244 WARN [More Than Conquerors-lead-G#2]          TextBuilder.java:412  | Skipping TextLine with null bounds: TextLine{ "" conf:NaN}
2026-05-10 17:49:37,244 WARN [More Than Conquerors-lead-G#2]          TextBuilder.java:412  | Skipping TextLine with null bounds: TextLine{ "" conf:NaN}
2026-05-10 17:49:37,244 WARN [More Than Conquerors-lead-G#2]          TextBuilder.java:412  | Skipping TextLine with null bounds: TextLine{ "" conf:NaN}
2026-05-10 17:49:37,245 WARN [More Than Conquerors-lead-G#2]          TextBuilder.java:412  | Skipping TextLine with null bounds: TextLine{ "" conf:NaN}
2026-05-10 17:49:37,246 WARN [More Than Conquerors-lead-G#2]          TextBuilder.java:412  | Skipping TextLine with null bounds: TextLine{ "" conf:NaN}
2026-05-10 17:49:37,246 WARN [More Than Conquerors-lead-G#2]          TextBuilder.java:412  | Skipping TextLine with null bounds: TextLine{ "" conf:NaN}
2026-05-10 17:49:37,246 WARN [More Than Conquerors-lead-G#2]          TextBuilder.java:412  | Skipping TextLine with null bounds: TextLine{ "" conf:NaN}
2026-05-10 17:49:37,246 WARN [More Than Conquerors-lead-G#2]          TextBuilder.java:412  | Skipping TextLine with null bounds: TextLine{ "" conf:NaN}
2026-05-10 17:49:37,247 WARN [More Than Conquerors-lead-G#2]          TextBuilder.java:412  | Skipping TextLine with null bounds: TextLine{ "" conf:NaN}
2026-05-10 17:49:37,247 WARN [More Than Conquerors-lead-G#2]          TextBuilder.java:412  | Skipping TextLine with null bounds: TextLine{ "" conf:NaN}
2026-05-10 17:49:37,247 WARN [More Than Conquerors-lead-G#2]          TextBuilder.java:412  | Skipping TextLine with null bounds: TextLine{ "" conf:NaN}
2026-05-10 17:49:37,248 WARN [More Than Conquerors-lead-G#2]          TextBuilder.java:412  | Skipping TextLine with null bounds: TextLine{ "" conf:NaN}
2026-05-10 17:49:37,248 WARN [More Than Conquerors-lead-G#2]          TextBuilder.java:412  | Skipping TextLine with null bounds: TextLine{ "" conf:NaN}
2026-05-10 17:49:37,248 WARN [More Than Conquerors-lead-G#2]          TextBuilder.java:412  | Skipping TextLine with null bounds: TextLine{ "" conf:NaN}
2026-05-10 17:49:37,250 WARN [More Than Conquerors-lead-G#2]          TextBuilder.java:412  | Skipping TextLine with null bounds: TextLine{ "" conf:NaN}
2026-05-10 17:49:37,250 WARN [More Than Conquerors-lead-G#2]          TextBuilder.java:412  | Skipping TextLine with null bounds: TextLine{ "" conf:NaN}
2026-05-10 17:49:37,250 WARN [More Than Conquerors-lead-G#2]          TextBuilder.java:412  | Skipping TextLine with null bounds: TextLine{ "" conf:NaN}
2026-05-10 17:49:37,250 WARN [More Than Conquerors-lead-G#2]          TextBuilder.java:412  | Skipping TextLine with null bounds: TextLine{ "" conf:NaN}
2026-05-10 17:49:37,250 WARN [More Than Conquerors-lead-G#2]          TextBuilder.java:412  | Skipping TextLine with null bounds: TextLine{ "" conf:NaN}
2026-05-10 17:49:37,252 WARN [More Than Conquerors-lead-G#2]          TextBuilder.java:412  | Skipping TextLine with null bounds: TextLine{ "" conf:NaN}
2026-05-10 17:49:37,252 WARN [More Than Conquerors-lead-G#2]          TextBuilder.java:412  | Skipping TextLine with null bounds: TextLine{ "" conf:NaN}
2026-05-10 17:49:37,252 WARN [More Than Conquerors-lead-G#2]          TextBuilder.java:412  | Skipping TextLine with null bounds: TextLine{ "" conf:NaN}
2026-05-10 17:49:37,253 WARN [More Than Conquerors-lead-G#2]          TextBuilder.java:412  | Skipping TextLine with null bounds: TextLine{ "" conf:NaN}
2026-05-10 17:49:37,253 WARN [More Than Conquerors-lead-G#2]          TextBuilder.java:412  | Skipping TextLine with null bounds: TextLine{ "" conf:NaN}
2026-05-10 17:49:37,253 WARN [More Than Conquerors-lead-G#2]          TextBuilder.java:412  | Skipping TextLine with null bounds: TextLine{ "" conf:NaN}
2026-05-10 17:49:37,253 WARN [More Than Conquerors-lead-G#2]          TextBuilder.java:412  | Skipping TextLine with null bounds: TextLine{ "" conf:NaN}
2026-05-10 17:49:37,254 WARN [More Than Conquerors-lead-G#2]          TextBuilder.java:412  | Skipping TextLine with null bounds: TextLine{ "" conf:NaN}
2026-05-10 17:49:37,254 WARN [More Than Conquerors-lead-G#2]          TextBuilder.java:412  | Skipping TextLine with null bounds: TextLine{ "" conf:NaN}
2026-05-10 17:49:37,254 WARN [More Than Conquerors-lead-G#2]          TextBuilder.java:412  | Skipping TextLine with null bounds: TextLine{ "" conf:NaN}
2026-05-10 17:49:37,254 WARN [More Than Conquerors-lead-G#2]          TextBuilder.java:412  | Skipping TextLine with null bounds: TextLine{ "" conf:NaN}
2026-05-10 17:49:37,255 WARN [More Than Conquerors-lead-G#2]          TextBuilder.java:412  | Skipping TextLine with null bounds: TextLine{ "" conf:NaN}
2026-05-10 17:49:37,255 WARN [More Than Conquerors-lead-G#2]          TextBuilder.java:412  | Skipping TextLine with null bounds: TextLine{ "" conf:NaN}
2026-05-10 17:49:37,256 WARN [More Than Conquerors-lead-G#2]          TextBuilder.java:412  | Skipping TextLine with null bounds: TextLine{ "" conf:NaN}
2026-05-10 17:49:37,256 WARN [More Than Conquerors-lead-G#2]          TextBuilder.java:412  | Skipping TextLine with null bounds: TextLine{ "" conf:NaN}
2026-05-10 17:49:37,256 WARN [More Than Conquerors-lead-G#2]          TextBuilder.java:412  | Skipping TextLine with null bounds: TextLine{ "" conf:NaN}
2026-05-10 17:49:37,256 WARN [More Than Conquerors-lead-G#2]          TextBuilder.java:412  | Skipping TextLine with null bounds: TextLine{ "" conf:NaN}
2026-05-10 17:49:37,257 WARN [More Than Conquerors-lead-G#2]          TextBuilder.java:412  | Skipping TextLine with null bounds: TextLine{ "" conf:NaN}
2026-05-10 17:49:37,257 WARN [More Than Conquerors-lead-G#2]          TextBuilder.java:412  | Skipping TextLine with null bounds: TextLine{ "" conf:NaN}
2026-05-10 17:49:37,257 WARN [More Than Conquerors-lead-G#2]          TextBuilder.java:412  | Skipping TextLine with null bounds: TextLine{ "" conf:NaN}
2026-05-10 17:49:37,258 WARN [More Than Conquerors-lead-G#2]          TextBuilder.java:412  | Skipping TextLine with null bounds: TextLine{ "" conf:NaN}
2026-05-10 17:49:37,258 WARN [More Than Conquerors-lead-G#2]          TextBuilder.java:412  | Skipping TextLine with null bounds: TextLine{ "" conf:NaN}
2026-05-10 17:49:37,259 WARN [More Than Conquerors-lead-G#2]          TextBuilder.java:412  | Skipping TextLine with null bounds: TextLine{ "" conf:NaN}
2026-05-10 17:49:37,259 WARN [More Than Conquerors-lead-G#2]          TextBuilder.java:412  | Skipping TextLine with null bounds: TextLine{ "" conf:NaN}
2026-05-10 17:49:37,259 WARN [More Than Conquerors-lead-G#2]          TextBuilder.java:412  | Skipping TextLine with null bounds: TextLine{ "" conf:NaN}
2026-05-10 17:49:37,260 WARN [More Than Conquerors-lead-G#2]          TextBuilder.java:412  | Skipping TextLine with null bounds: TextLine{ "" conf:NaN}
2026-05-10 17:49:37,260 WARN [More Than Conquerors-lead-G#2]          TextBuilder.java:412  | Skipping TextLine with null bounds: TextLine{ "" conf:NaN}
2026-05-10 17:49:37,261 WARN [More Than Conquerors-lead-G#2]          TextBuilder.java:412  | Skipping TextLine with null bounds: TextLine{ "" conf:NaN}
2026-05-10 17:49:37,261 WARN [More Than Conquerors-lead-G#2]          TextBuilder.java:412  | Skipping TextLine with null bounds: TextLine{ "" conf:NaN}
2026-05-10 17:49:37,261 WARN [More Than Conquerors-lead-G#2]          TextBuilder.java:412  | Skipping TextLine with null bounds: TextLine{ "" conf:NaN}
2026-05-10 17:49:37,261 WARN [More Than Conquerors-lead-G#2]          TextBuilder.java:412  | Skipping TextLine with null bounds: TextLine{ "" conf:NaN}
2026-05-10 17:49:37,262 WARN [More Than Conquerors-lead-G#2]          TextBuilder.java:412  | Skipping TextLine with null bounds: TextLine{ "" conf:NaN}
2026-05-10 17:49:37,262 WARN [More Than Conquerors-lead-G#2]          TextBuilder.java:412  | Skipping TextLine with null bounds: TextLine{ "" conf:NaN}
2026-05-10 17:49:37,263 WARN [More Than Conquerors-lead-G#2]          TextBuilder.java:412  | Skipping TextLine with null bounds: TextLine{ "" conf:NaN}
2026-05-10 17:49:37,263 WARN [More Than Conquerors-lead-G#2]          TextBuilder.java:412  | Skipping TextLine with null bounds: TextLine{ "" conf:NaN}
2026-05-10 17:49:37,263 WARN [More Than Conquerors-lead-G#2]          TextBuilder.java:412  | Skipping TextLine with null bounds: TextLine{ "" conf:NaN}
2026-05-10 17:49:37,264 WARN [More Than Conquerors-lead-G#2]          TextBuilder.java:412  | Skipping TextLine with null bounds: TextLine{ "" conf:NaN}
2026-05-10 17:49:37,264 WARN [More Than Conquerors-lead-G#2]          TextBuilder.java:412  | Skipping TextLine with null bounds: TextLine{ "" conf:NaN}
2026-05-10 17:49:37,264 WARN [More Than Conquerors-lead-G#2]          TextBuilder.java:412  | Skipping TextLine with null bounds: TextLine{ "" conf:NaN}
2026-05-10 17:49:37,264 WARN [More Than Conquerors-lead-G#2]          TextBuilder.java:412  | Skipping TextLine with null bounds: TextLine{ "" conf:NaN}
2026-05-10 17:49:37,265 WARN [More Than Conquerors-lead-G#2]          TextBuilder.java:412  | Skipping TextLine with null bounds: TextLine{ "" conf:NaN}
2026-05-10 17:49:37,265 WARN [More Than Conquerors-lead-G#2]          TextBuilder.java:412  | Skipping TextLine with null bounds: TextLine{ "" conf:NaN}
2026-05-10 17:49:37,265 WARN [More Than Conquerors-lead-G#2]          TextBuilder.java:412  | Skipping TextLine with null bounds: TextLine{ "" conf:NaN}
2026-05-10 17:49:39,520 INFO [More Than Conquerors-lead-G#2]           PageRhythm.java:176  | {Page#2.1} Starting PageRhythm time signature check
2026-05-10 17:49:39,521 INFO [More Than Conquerors-lead-G#2]           PageRhythm.java:178  | {Page#2.1} Initial range state: Range{SN1-} → ts: null
2026-05-10 17:49:39,522 INFO [More Than Conquerors-lead-G#2]           PageRhythm.java:184  | {Page#2.1} Checking range: Range{SN1-}, ts: null
2026-05-10 17:49:39,523 INFO [More Than Conquerors-lead-G#2]           PageRhythm.java:207  | {Page#2.1} Time value reused from sheet#1
2026-05-10 17:49:39,523 INFO [More Than Conquerors-lead-G#2]           PageRhythm.java:277  | Last range: Range{SN1-18 tRat:6/8 dur:3/4}
2026-05-10 17:49:39,523 INFO [More Than Conquerors-lead-G#2]           PageRhythm.java:278  | lastRange.timeRational = 6/8
2026-05-10 17:49:39,525 INFO [More Than Conquerors-lead-G#2]           PageRhythm.java:279  | lastRange.ts = null
2026-05-10 17:49:39,525 DEBUG [More Than Conquerors-lead-G#2]           PageRhythm.java:121  | MeasureStack#1 frats: 3 [3103, 3090, 3104]
2026-05-10 17:49:39,525 DEBUG [More Than Conquerors-lead-G#2]           PageRhythm.java:121  | MeasureStack#2 frats: 4 [3091, 3105, 3092, 3106]
2026-05-10 17:49:39,526 DEBUG [More Than Conquerors-lead-G#2]           PageRhythm.java:121  | MeasureStack#3 frats: 4 [3093, 3107, 3094, 3108]
2026-05-10 17:49:39,526 DEBUG [More Than Conquerors-lead-G#2]           PageRhythm.java:121  | MeasureStack#4 frats: 4 [3095, 3109, 3096, 3110]
2026-05-10 17:49:39,526 DEBUG [More Than Conquerors-lead-G#2]           PageRhythm.java:121  | MeasureStack#5 frats: 4 [3097, 3111, 3098, 3112]
2026-05-10 17:49:39,527 DEBUG [More Than Conquerors-lead-G#2]           PageRhythm.java:121  | MeasureStack#6 frats: 4 [3099, 3113, 3100, 3114]
2026-05-10 17:49:39,527 DEBUG [More Than Conquerors-lead-G#2]           PageRhythm.java:121  | MeasureStack#7 frats: 4 [3101, 3115, 3102, 3116]
2026-05-10 17:49:39,528 DEBUG [More Than Conquerors-lead-G#2]           PageRhythm.java:121  | MeasureStack#8 frats: 3 [3583, 3589, 3147]
2026-05-10 17:49:39,528 DEBUG [More Than Conquerors-lead-G#2]           PageRhythm.java:121  | MeasureStack#9 frats: 1 [3584]
2026-05-10 17:49:39,528 DEBUG [More Than Conquerors-lead-G#2]           PageRhythm.java:121  | MeasureStack#10 frats: 3 [3586, 3188, 3245]
2026-05-10 17:49:39,528 DEBUG [More Than Conquerors-lead-G#2]           PageRhythm.java:121  | MeasureStack#11 frats: 3 [3296, 3315, 3587]
2026-05-10 17:49:39,530 DEBUG [More Than Conquerors-lead-G#2]           PageRhythm.java:121  | MeasureStack#12 frats: 2 [3453, 3582]
2026-05-10 17:49:39,530 DEBUG [More Than Conquerors-lead-G#2]           PageRhythm.java:121  | MeasureStack#13 frats: 2 [3686, 3789]
2026-05-10 17:49:39,530 DEBUG [More Than Conquerors-lead-G#2]           PageRhythm.java:121  | MeasureStack#14 frats: 3 [4106, 4101, 3812]
2026-05-10 17:49:39,531 DEBUG [More Than Conquerors-lead-G#2]           PageRhythm.java:121  | MeasureStack#15 frats: 3 [4107, 4102, 3897]
2026-05-10 17:49:39,531 DEBUG [More Than Conquerors-lead-G#2]           PageRhythm.java:121  | MeasureStack#16 frats: 2 [4108, 4109]
2026-05-10 17:49:39,531 DEBUG [More Than Conquerors-lead-G#2]           PageRhythm.java:121  | MeasureStack#17 frats: 3 [4110, 4104, 4111]
2026-05-10 17:49:39,532 DEBUG [More Than Conquerors-lead-G#2]           PageRhythm.java:121  | MeasureStack#18 frats: 3 [4112, 4105, 4113]
2026-05-10 17:49:39,532 DEBUG [More Than Conquerors-lead-G#2]           PageRhythm.java:325  | Starting Range{SN1-18 tRat:6/8 dur:3/4}
2026-05-10 17:49:39,532 DEBUG [More Than Conquerors-lead-G#2]           PageRhythm.java:329  | About to process StackRhythm for MeasureStack#1
2026-05-10 17:49:39,533 DEBUG [More Than Conquerors-lead-G#2]          StackRhythm.java:221  | Setting expectedDuration=3/4 for stack on page 1
2026-05-10 17:49:39,533 DEBUG [More Than Conquerors-lead-G#2]           PageRhythm.java:331  | Finished processing StackRhythm for MeasureStack#1
2026-05-10 17:49:39,533 DEBUG [More Than Conquerors-lead-G#2]           PageRhythm.java:329  | About to process StackRhythm for MeasureStack#2
2026-05-10 17:49:39,535 DEBUG [More Than Conquerors-lead-G#2]          StackRhythm.java:221  | Setting expectedDuration=3/4 for stack on page 2
2026-05-10 17:49:39,536 DEBUG [More Than Conquerors-lead-G#2]           PageRhythm.java:331  | Finished processing StackRhythm for MeasureStack#2
2026-05-10 17:49:39,536 DEBUG [More Than Conquerors-lead-G#2]           PageRhythm.java:329  | About to process StackRhythm for MeasureStack#3
2026-05-10 17:49:39,536 DEBUG [More Than Conquerors-lead-G#2]          StackRhythm.java:221  | Setting expectedDuration=3/4 for stack on page 3
2026-05-10 17:49:39,536 DEBUG [More Than Conquerors-lead-G#2]           PageRhythm.java:331  | Finished processing StackRhythm for MeasureStack#3
2026-05-10 17:49:39,537 DEBUG [More Than Conquerors-lead-G#2]           PageRhythm.java:329  | About to process StackRhythm for MeasureStack#4
2026-05-10 17:49:39,537 DEBUG [More Than Conquerors-lead-G#2]          StackRhythm.java:221  | Setting expectedDuration=3/4 for stack on page 4
2026-05-10 17:49:39,538 DEBUG [More Than Conquerors-lead-G#2]           PageRhythm.java:331  | Finished processing StackRhythm for MeasureStack#4
2026-05-10 17:49:39,538 DEBUG [More Than Conquerors-lead-G#2]           PageRhythm.java:329  | About to process StackRhythm for MeasureStack#5
2026-05-10 17:49:39,538 DEBUG [More Than Conquerors-lead-G#2]          StackRhythm.java:221  | Setting expectedDuration=3/4 for stack on page 5
2026-05-10 17:49:39,539 DEBUG [More Than Conquerors-lead-G#2]           PageRhythm.java:331  | Finished processing StackRhythm for MeasureStack#5
2026-05-10 17:49:39,539 DEBUG [More Than Conquerors-lead-G#2]           PageRhythm.java:329  | About to process StackRhythm for MeasureStack#6
2026-05-10 17:49:39,539 DEBUG [More Than Conquerors-lead-G#2]          StackRhythm.java:221  | Setting expectedDuration=3/4 for stack on page 6
2026-05-10 17:49:39,540 DEBUG [More Than Conquerors-lead-G#2]           PageRhythm.java:331  | Finished processing StackRhythm for MeasureStack#6
2026-05-10 17:49:39,541 DEBUG [More Than Conquerors-lead-G#2]           PageRhythm.java:329  | About to process StackRhythm for MeasureStack#7
2026-05-10 17:49:39,541 DEBUG [More Than Conquerors-lead-G#2]          StackRhythm.java:221  | Setting expectedDuration=3/4 for stack on page 7
2026-05-10 17:49:39,542 DEBUG [More Than Conquerors-lead-G#2]           PageRhythm.java:331  | Finished processing StackRhythm for MeasureStack#7
2026-05-10 17:49:39,542 DEBUG [More Than Conquerors-lead-G#2]           PageRhythm.java:329  | About to process StackRhythm for MeasureStack#8
2026-05-10 17:49:39,543 DEBUG [More Than Conquerors-lead-G#2]          StackRhythm.java:221  | Setting expectedDuration=3/4 for stack on page 8
2026-05-10 17:49:39,544 DEBUG [More Than Conquerors-lead-G#2]           PageRhythm.java:331  | Finished processing StackRhythm for MeasureStack#8
2026-05-10 17:49:39,544 DEBUG [More Than Conquerors-lead-G#2]           PageRhythm.java:329  | About to process StackRhythm for MeasureStack#9
2026-05-10 17:49:39,544 DEBUG [More Than Conquerors-lead-G#2]          StackRhythm.java:221  | Setting expectedDuration=3/4 for stack on page 9
2026-05-10 17:49:39,545 DEBUG [More Than Conquerors-lead-G#2]           PageRhythm.java:331  | Finished processing StackRhythm for MeasureStack#9
2026-05-10 17:49:39,545 DEBUG [More Than Conquerors-lead-G#2]           PageRhythm.java:329  | About to process StackRhythm for MeasureStack#10
2026-05-10 17:49:39,546 DEBUG [More Than Conquerors-lead-G#2]          StackRhythm.java:221  | Setting expectedDuration=3/4 for stack on page 10
2026-05-10 17:49:39,546 DEBUG [More Than Conquerors-lead-G#2]           PageRhythm.java:331  | Finished processing StackRhythm for MeasureStack#10
2026-05-10 17:49:39,547 DEBUG [More Than Conquerors-lead-G#2]           PageRhythm.java:329  | About to process StackRhythm for MeasureStack#11
2026-05-10 17:49:39,547 DEBUG [More Than Conquerors-lead-G#2]          StackRhythm.java:221  | Setting expectedDuration=3/4 for stack on page 11
2026-05-10 17:49:39,548 DEBUG [More Than Conquerors-lead-G#2]           PageRhythm.java:331  | Finished processing StackRhythm for MeasureStack#11
2026-05-10 17:49:39,549 DEBUG [More Than Conquerors-lead-G#2]           PageRhythm.java:329  | About to process StackRhythm for MeasureStack#12
2026-05-10 17:49:39,549 DEBUG [More Than Conquerors-lead-G#2]          StackRhythm.java:221  | Setting expectedDuration=3/4 for stack on page 12
2026-05-10 17:49:39,550 DEBUG [More Than Conquerors-lead-G#2]           PageRhythm.java:331  | Finished processing StackRhythm for MeasureStack#12
2026-05-10 17:49:39,551 DEBUG [More Than Conquerors-lead-G#2]           PageRhythm.java:329  | About to process StackRhythm for MeasureStack#13
2026-05-10 17:49:39,552 DEBUG [More Than Conquerors-lead-G#2]          StackRhythm.java:221  | Setting expectedDuration=3/4 for stack on page 13
2026-05-10 17:49:39,553 DEBUG [More Than Conquerors-lead-G#2]           PageRhythm.java:331  | Finished processing StackRhythm for MeasureStack#13
2026-05-10 17:49:39,553 DEBUG [More Than Conquerors-lead-G#2]           PageRhythm.java:329  | About to process StackRhythm for MeasureStack#14
2026-05-10 17:49:39,554 DEBUG [More Than Conquerors-lead-G#2]          StackRhythm.java:221  | Setting expectedDuration=3/4 for stack on page 14
2026-05-10 17:49:39,555 DEBUG [More Than Conquerors-lead-G#2]           PageRhythm.java:331  | Finished processing StackRhythm for MeasureStack#14
2026-05-10 17:49:39,555 DEBUG [More Than Conquerors-lead-G#2]           PageRhythm.java:329  | About to process StackRhythm for MeasureStack#15
2026-05-10 17:49:39,555 DEBUG [More Than Conquerors-lead-G#2]          StackRhythm.java:221  | Setting expectedDuration=3/4 for stack on page 15
2026-05-10 17:49:39,557 DEBUG [More Than Conquerors-lead-G#2]           PageRhythm.java:331  | Finished processing StackRhythm for MeasureStack#15
2026-05-10 17:49:39,557 DEBUG [More Than Conquerors-lead-G#2]           PageRhythm.java:329  | About to process StackRhythm for MeasureStack#16
2026-05-10 17:49:39,557 DEBUG [More Than Conquerors-lead-G#2]          StackRhythm.java:221  | Setting expectedDuration=3/4 for stack on page 16
2026-05-10 17:49:39,558 DEBUG [More Than Conquerors-lead-G#2]           PageRhythm.java:331  | Finished processing StackRhythm for MeasureStack#16
2026-05-10 17:49:39,558 DEBUG [More Than Conquerors-lead-G#2]           PageRhythm.java:329  | About to process StackRhythm for MeasureStack#17
2026-05-10 17:49:39,559 DEBUG [More Than Conquerors-lead-G#2]          StackRhythm.java:221  | Setting expectedDuration=3/4 for stack on page 17
2026-05-10 17:49:39,560 DEBUG [More Than Conquerors-lead-G#2]           PageRhythm.java:331  | Finished processing StackRhythm for MeasureStack#17
2026-05-10 17:49:39,560 DEBUG [More Than Conquerors-lead-G#2]           PageRhythm.java:329  | About to process StackRhythm for MeasureStack#18
2026-05-10 17:49:39,561 DEBUG [More Than Conquerors-lead-G#2]          StackRhythm.java:221  | Setting expectedDuration=3/4 for stack on page 18
2026-05-10 17:49:39,561 DEBUG [More Than Conquerors-lead-G#2]           PageRhythm.java:331  | Finished processing StackRhythm for MeasureStack#18
