2026-05-10 17:46:39,478 WARN [Let Your Glory Fall-lead-G#1]          TextBuilder.java:412  | Skipping TextLine with null bounds: TextLine{ "" conf:NaN}
2026-05-10 17:46:39,482 WARN [Let Your Glory Fall-lead-G#1]          TextBuilder.java:412  | Skipping TextLine with null bounds: TextLine{ "" conf:NaN}
2026-05-10 17:46:39,483 WARN [Let Your Glory Fall-lead-G#1]          TextBuilder.java:412  | Skipping TextLine with null bounds: TextLine{ "" conf:NaN}
2026-05-10 17:46:39,484 WARN [Let Your Glory Fall-lead-G#1]          TextBuilder.java:412  | Skipping TextLine with null bounds: TextLine{ "" conf:NaN}
2026-05-10 17:46:39,487 WARN [Let Your Glory Fall-lead-G#1]          TextBuilder.java:412  | Skipping TextLine with null bounds: TextLine{ "" conf:NaN}
2026-05-10 17:46:39,487 WARN [Let Your Glory Fall-lead-G#1]          TextBuilder.java:412  | Skipping TextLine with null bounds: TextLine{ "" conf:NaN}
2026-05-10 17:46:39,487 WARN [Let Your Glory Fall-lead-G#1]          TextBuilder.java:412  | Skipping TextLine with null bounds: TextLine{ "" conf:NaN}
2026-05-10 17:46:39,488 WARN [Let Your Glory Fall-lead-G#1]          TextBuilder.java:412  | Skipping TextLine with null bounds: TextLine{ "" conf:NaN}
2026-05-10 17:46:39,488 WARN [Let Your Glory Fall-lead-G#1]          TextBuilder.java:412  | Skipping TextLine with null bounds: TextLine{ "" conf:NaN}
2026-05-10 17:46:39,489 WARN [Let Your Glory Fall-lead-G#1]          TextBuilder.java:412  | Skipping TextLine with null bounds: TextLine{ "" conf:NaN}
2026-05-10 17:46:39,489 WARN [Let Your Glory Fall-lead-G#1]          TextBuilder.java:412  | Skipping TextLine with null bounds: TextLine{ "" conf:NaN}
2026-05-10 17:46:39,489 WARN [Let Your Glory Fall-lead-G#1]          TextBuilder.java:412  | Skipping TextLine with null bounds: TextLine{ "" conf:NaN}
2026-05-10 17:46:39,489 WARN [Let Your Glory Fall-lead-G#1]          TextBuilder.java:412  | Skipping TextLine with null bounds: TextLine{ "" conf:NaN}
2026-05-10 17:46:39,491 WARN [Let Your Glory Fall-lead-G#1]          TextBuilder.java:412  | Skipping TextLine with null bounds: TextLine{ "" conf:NaN}
2026-05-10 17:46:39,491 WARN [Let Your Glory Fall-lead-G#1]          TextBuilder.java:412  | Skipping TextLine with null bounds: TextLine{ "" conf:NaN}
2026-05-10 17:46:39,492 WARN [Let Your Glory Fall-lead-G#1]          TextBuilder.java:412  | Skipping TextLine with null bounds: TextLine{ "" conf:NaN}
2026-05-10 17:46:39,492 WARN [Let Your Glory Fall-lead-G#1]          TextBuilder.java:412  | Skipping TextLine with null bounds: TextLine{ "" conf:NaN}
2026-05-10 17:46:39,493 WARN [Let Your Glory Fall-lead-G#1]          TextBuilder.java:412  | Skipping TextLine with null bounds: TextLine{ "" conf:NaN}
2026-05-10 17:46:39,493 WARN [Let Your Glory Fall-lead-G#1]          TextBuilder.java:412  | Skipping TextLine with null bounds: TextLine{ "" conf:NaN}
2026-05-10 17:46:39,493 WARN [Let Your Glory Fall-lead-G#1]          TextBuilder.java:412  | Skipping TextLine with null bounds: TextLine{ "" conf:NaN}
2026-05-10 17:46:39,494 WARN [Let Your Glory Fall-lead-G#1]          TextBuilder.java:412  | Skipping TextLine with null bounds: TextLine{ "" conf:NaN}
2026-05-10 17:46:39,494 WARN [Let Your Glory Fall-lead-G#1]          TextBuilder.java:412  | Skipping TextLine with null bounds: TextLine{ "" conf:NaN}
2026-05-10 17:46:39,495 WARN [Let Your Glory Fall-lead-G#1]          TextBuilder.java:412  | Skipping TextLine with null bounds: TextLine{ "" conf:NaN}
2026-05-10 17:46:39,495 WARN [Let Your Glory Fall-lead-G#1]          TextBuilder.java:412  | Skipping TextLine with null bounds: TextLine{ "" conf:NaN}
2026-05-10 17:46:39,496 WARN [Let Your Glory Fall-lead-G#1]          TextBuilder.java:412  | Skipping TextLine with null bounds: TextLine{ "" conf:NaN}
2026-05-10 17:46:39,496 WARN [Let Your Glory Fall-lead-G#1]          TextBuilder.java:412  | Skipping TextLine with null bounds: TextLine{ "" conf:NaN}
2026-05-10 17:46:39,497 WARN [Let Your Glory Fall-lead-G#1]          TextBuilder.java:412  | Skipping TextLine with null bounds: TextLine{ "" conf:NaN}
2026-05-10 17:46:39,497 WARN [Let Your Glory Fall-lead-G#1]          TextBuilder.java:412  | Skipping TextLine with null bounds: TextLine{ "" conf:NaN}
2026-05-10 17:46:39,498 WARN [Let Your Glory Fall-lead-G#1]          TextBuilder.java:412  | Skipping TextLine with null bounds: TextLine{ "" conf:NaN}
2026-05-10 17:46:39,498 WARN [Let Your Glory Fall-lead-G#1]          TextBuilder.java:412  | Skipping TextLine with null bounds: TextLine{ "" conf:NaN}
2026-05-10 17:46:39,498 WARN [Let Your Glory Fall-lead-G#1]          TextBuilder.java:412  | Skipping TextLine with null bounds: TextLine{ "" conf:NaN}
2026-05-10 17:46:39,498 WARN [Let Your Glory Fall-lead-G#1]          TextBuilder.java:412  | Skipping TextLine with null bounds: TextLine{ "" conf:NaN}
2026-05-10 17:46:39,499 WARN [Let Your Glory Fall-lead-G#1]          TextBuilder.java:412  | Skipping TextLine with null bounds: TextLine{ "" conf:NaN}
2026-05-10 17:46:39,499 WARN [Let Your Glory Fall-lead-G#1]          TextBuilder.java:412  | Skipping TextLine with null bounds: TextLine{ "" conf:NaN}
2026-05-10 17:46:39,500 WARN [Let Your Glory Fall-lead-G#1]          TextBuilder.java:412  | Skipping TextLine with null bounds: TextLine{ "" conf:NaN}
2026-05-10 17:46:39,500 WARN [Let Your Glory Fall-lead-G#1]          TextBuilder.java:412  | Skipping TextLine with null bounds: TextLine{ "" conf:NaN}
2026-05-10 17:46:39,500 WARN [Let Your Glory Fall-lead-G#1]          TextBuilder.java:412  | Skipping TextLine with null bounds: TextLine{ "" conf:NaN}
2026-05-10 17:46:39,500 WARN [Let Your Glory Fall-lead-G#1]          TextBuilder.java:412  | Skipping TextLine with null bounds: TextLine{ "" conf:NaN}
2026-05-10 17:46:39,500 WARN [Let Your Glory Fall-lead-G#1]          TextBuilder.java:412  | Skipping TextLine with null bounds: TextLine{ "" conf:NaN}
2026-05-10 17:46:39,501 WARN [Let Your Glory Fall-lead-G#1]          TextBuilder.java:412  | Skipping TextLine with null bounds: TextLine{ "" conf:NaN}
2026-05-10 17:46:39,502 WARN [Let Your Glory Fall-lead-G#1]          TextBuilder.java:412  | Skipping TextLine with null bounds: TextLine{ "" conf:NaN}
2026-05-10 17:46:39,502 WARN [Let Your Glory Fall-lead-G#1]          TextBuilder.java:412  | Skipping TextLine with null bounds: TextLine{ "" conf:NaN}
2026-05-10 17:46:39,503 WARN [Let Your Glory Fall-lead-G#1]          TextBuilder.java:412  | Skipping TextLine with null bounds: TextLine{ "" conf:NaN}
2026-05-10 17:46:39,503 WARN [Let Your Glory Fall-lead-G#1]          TextBuilder.java:412  | Skipping TextLine with null bounds: TextLine{ "" conf:NaN}
2026-05-10 17:46:39,503 WARN [Let Your Glory Fall-lead-G#1]          TextBuilder.java:412  | Skipping TextLine with null bounds: TextLine{ "" conf:NaN}
2026-05-10 17:46:39,504 WARN [Let Your Glory Fall-lead-G#1]          TextBuilder.java:412  | Skipping TextLine with null bounds: TextLine{ "" conf:NaN}
2026-05-10 17:46:39,504 WARN [Let Your Glory Fall-lead-G#1]          TextBuilder.java:412  | Skipping TextLine with null bounds: TextLine{ "" conf:NaN}
2026-05-10 17:46:39,504 WARN [Let Your Glory Fall-lead-G#1]          TextBuilder.java:412  | Skipping TextLine with null bounds: TextLine{ "" conf:NaN}
2026-05-10 17:46:39,505 WARN [Let Your Glory Fall-lead-G#1]          TextBuilder.java:412  | Skipping TextLine with null bounds: TextLine{ "" conf:NaN}
2026-05-10 17:46:39,505 WARN [Let Your Glory Fall-lead-G#1]          TextBuilder.java:412  | Skipping TextLine with null bounds: TextLine{ "" conf:NaN}
2026-05-10 17:46:39,506 WARN [Let Your Glory Fall-lead-G#1]          TextBuilder.java:412  | Skipping TextLine with null bounds: TextLine{ "" conf:NaN}
2026-05-10 17:46:39,506 WARN [Let Your Glory Fall-lead-G#1]          TextBuilder.java:412  | Skipping TextLine with null bounds: TextLine{ "" conf:NaN}
2026-05-10 17:46:39,506 WARN [Let Your Glory Fall-lead-G#1]          TextBuilder.java:412  | Skipping TextLine with null bounds: TextLine{ "" conf:NaN}
2026-05-10 17:46:39,507 WARN [Let Your Glory Fall-lead-G#1]          TextBuilder.java:412  | Skipping TextLine with null bounds: TextLine{ "" conf:NaN}
2026-05-10 17:46:39,507 WARN [Let Your Glory Fall-lead-G#1]          TextBuilder.java:412  | Skipping TextLine with null bounds: TextLine{ "" conf:NaN}
2026-05-10 17:46:39,508 WARN [Let Your Glory Fall-lead-G#1]          TextBuilder.java:412  | Skipping TextLine with null bounds: TextLine{ "" conf:NaN}
2026-05-10 17:46:39,508 WARN [Let Your Glory Fall-lead-G#1]          TextBuilder.java:412  | Skipping TextLine with null bounds: TextLine{ "" conf:NaN}
2026-05-10 17:46:39,508 WARN [Let Your Glory Fall-lead-G#1]          TextBuilder.java:412  | Skipping TextLine with null bounds: TextLine{ "" conf:NaN}
2026-05-10 17:46:39,509 WARN [Let Your Glory Fall-lead-G#1]          TextBuilder.java:412  | Skipping TextLine with null bounds: TextLine{ "" conf:NaN}
2026-05-10 17:46:39,509 WARN [Let Your Glory Fall-lead-G#1]          TextBuilder.java:412  | Skipping TextLine with null bounds: TextLine{ "" conf:NaN}
2026-05-10 17:46:39,509 WARN [Let Your Glory Fall-lead-G#1]          TextBuilder.java:412  | Skipping TextLine with null bounds: TextLine{ "" conf:NaN}
2026-05-10 17:46:39,509 WARN [Let Your Glory Fall-lead-G#1]          TextBuilder.java:412  | Skipping TextLine with null bounds: TextLine{ "" conf:NaN}
2026-05-10 17:46:39,510 WARN [Let Your Glory Fall-lead-G#1]          TextBuilder.java:412  | Skipping TextLine with null bounds: TextLine{ "" conf:NaN}
2026-05-10 17:46:39,510 WARN [Let Your Glory Fall-lead-G#1]          TextBuilder.java:412  | Skipping TextLine with null bounds: TextLine{ "" conf:NaN}
2026-05-10 17:46:39,510 WARN [Let Your Glory Fall-lead-G#1]          TextBuilder.java:412  | Skipping TextLine with null bounds: TextLine{ "" conf:NaN}
2026-05-10 17:46:39,511 WARN [Let Your Glory Fall-lead-G#1]          TextBuilder.java:412  | Skipping TextLine with null bounds: TextLine{ "" conf:NaN}
2026-05-10 17:46:39,511 WARN [Let Your Glory Fall-lead-G#1]          TextBuilder.java:412  | Skipping TextLine with null bounds: TextLine{ "" conf:NaN}
2026-05-10 17:46:39,511 WARN [Let Your Glory Fall-lead-G#1]          TextBuilder.java:412  | Skipping TextLine with null bounds: TextLine{ "" conf:NaN}
2026-05-10 17:46:39,512 WARN [Let Your Glory Fall-lead-G#1]          TextBuilder.java:412  | Skipping TextLine with null bounds: TextLine{ "" conf:NaN}
2026-05-10 17:46:39,512 WARN [Let Your Glory Fall-lead-G#1]          TextBuilder.java:412  | Skipping TextLine with null bounds: TextLine{ "" conf:NaN}
2026-05-10 17:46:39,512 WARN [Let Your Glory Fall-lead-G#1]          TextBuilder.java:412  | Skipping TextLine with null bounds: TextLine{ "" conf:NaN}
2026-05-10 17:46:39,512 WARN [Let Your Glory Fall-lead-G#1]          TextBuilder.java:412  | Skipping TextLine with null bounds: TextLine{ "" conf:NaN}
2026-05-10 17:46:39,513 WARN [Let Your Glory Fall-lead-G#1]          TextBuilder.java:412  | Skipping TextLine with null bounds: TextLine{ "" conf:NaN}
2026-05-10 17:46:39,513 WARN [Let Your Glory Fall-lead-G#1]          TextBuilder.java:412  | Skipping TextLine with null bounds: TextLine{ "" conf:NaN}
2026-05-10 17:46:39,513 WARN [Let Your Glory Fall-lead-G#1]          TextBuilder.java:412  | Skipping TextLine with null bounds: TextLine{ "" conf:NaN}
2026-05-10 17:46:39,513 WARN [Let Your Glory Fall-lead-G#1]          TextBuilder.java:412  | Skipping TextLine with null bounds: TextLine{ "" conf:NaN}
2026-05-10 17:46:39,514 WARN [Let Your Glory Fall-lead-G#1]          TextBuilder.java:412  | Skipping TextLine with null bounds: TextLine{ "" conf:NaN}
2026-05-10 17:46:39,514 WARN [Let Your Glory Fall-lead-G#1]          TextBuilder.java:412  | Skipping TextLine with null bounds: TextLine{ "" conf:NaN}
2026-05-10 17:46:39,514 WARN [Let Your Glory Fall-lead-G#1]          TextBuilder.java:412  | Skipping TextLine with null bounds: TextLine{ "" conf:NaN}
2026-05-10 17:46:39,514 WARN [Let Your Glory Fall-lead-G#1]          TextBuilder.java:412  | Skipping TextLine with null bounds: TextLine{ "" conf:NaN}
2026-05-10 17:46:39,516 WARN [Let Your Glory Fall-lead-G#1]          TextBuilder.java:412  | Skipping TextLine with null bounds: TextLine{ "" conf:NaN}
2026-05-10 17:46:39,516 WARN [Let Your Glory Fall-lead-G#1]          TextBuilder.java:412  | Skipping TextLine with null bounds: TextLine{ "" conf:NaN}
2026-05-10 17:46:39,516 WARN [Let Your Glory Fall-lead-G#1]          TextBuilder.java:412  | Skipping TextLine with null bounds: TextLine{ "" conf:NaN}
2026-05-10 17:46:39,516 WARN [Let Your Glory Fall-lead-G#1]          TextBuilder.java:412  | Skipping TextLine with null bounds: TextLine{ "" conf:NaN}
2026-05-10 17:46:39,516 WARN [Let Your Glory Fall-lead-G#1]          TextBuilder.java:412  | Skipping TextLine with null bounds: TextLine{ "" conf:NaN}
2026-05-10 17:46:39,517 WARN [Let Your Glory Fall-lead-G#1]          TextBuilder.java:412  | Skipping TextLine with null bounds: TextLine{ "" conf:NaN}
2026-05-10 17:46:39,517 WARN [Let Your Glory Fall-lead-G#1]          TextBuilder.java:412  | Skipping TextLine with null bounds: TextLine{ "" conf:NaN}
2026-05-10 17:46:39,517 WARN [Let Your Glory Fall-lead-G#1]          TextBuilder.java:412  | Skipping TextLine with null bounds: TextLine{ "" conf:NaN}
2026-05-10 17:46:39,518 WARN [Let Your Glory Fall-lead-G#1]          TextBuilder.java:412  | Skipping TextLine with null bounds: TextLine{ "" conf:NaN}
2026-05-10 17:46:39,518 WARN [Let Your Glory Fall-lead-G#1]          TextBuilder.java:412  | Skipping TextLine with null bounds: TextLine{ "" conf:NaN}
2026-05-10 17:46:39,518 WARN [Let Your Glory Fall-lead-G#1]          TextBuilder.java:412  | Skipping TextLine with null bounds: TextLine{ "" conf:NaN}
2026-05-10 17:46:39,518 WARN [Let Your Glory Fall-lead-G#1]          TextBuilder.java:412  | Skipping TextLine with null bounds: TextLine{ "" conf:NaN}
2026-05-10 17:46:39,519 WARN [Let Your Glory Fall-lead-G#1]          TextBuilder.java:412  | Skipping TextLine with null bounds: TextLine{ "" conf:NaN}
2026-05-10 17:46:39,519 WARN [Let Your Glory Fall-lead-G#1]          TextBuilder.java:412  | Skipping TextLine with null bounds: TextLine{ "" conf:NaN}
2026-05-10 17:46:39,519 WARN [Let Your Glory Fall-lead-G#1]          TextBuilder.java:412  | Skipping TextLine with null bounds: TextLine{ "" conf:NaN}
2026-05-10 17:46:39,519 WARN [Let Your Glory Fall-lead-G#1]          TextBuilder.java:412  | Skipping TextLine with null bounds: TextLine{ "" conf:NaN}
2026-05-10 17:46:39,520 WARN [Let Your Glory Fall-lead-G#1]          TextBuilder.java:412  | Skipping TextLine with null bounds: TextLine{ "" conf:NaN}
2026-05-10 17:46:39,520 WARN [Let Your Glory Fall-lead-G#1]          TextBuilder.java:412  | Skipping TextLine with null bounds: TextLine{ "" conf:NaN}
2026-05-10 17:46:39,520 WARN [Let Your Glory Fall-lead-G#1]          TextBuilder.java:412  | Skipping TextLine with null bounds: TextLine{ "" conf:NaN}
2026-05-10 17:46:39,520 WARN [Let Your Glory Fall-lead-G#1]          TextBuilder.java:412  | Skipping TextLine with null bounds: TextLine{ "" conf:NaN}
2026-05-10 17:46:39,520 WARN [Let Your Glory Fall-lead-G#1]          TextBuilder.java:412  | Skipping TextLine with null bounds: TextLine{ "" conf:NaN}
2026-05-10 17:46:39,520 WARN [Let Your Glory Fall-lead-G#1]          TextBuilder.java:412  | Skipping TextLine with null bounds: TextLine{ "" conf:NaN}
2026-05-10 17:46:39,520 WARN [Let Your Glory Fall-lead-G#1]          TextBuilder.java:412  | Skipping TextLine with null bounds: TextLine{ "" conf:NaN}
2026-05-10 17:46:39,520 WARN [Let Your Glory Fall-lead-G#1]          TextBuilder.java:412  | Skipping TextLine with null bounds: TextLine{ "" conf:NaN}
2026-05-10 17:46:39,522 WARN [Let Your Glory Fall-lead-G#1]          TextBuilder.java:412  | Skipping TextLine with null bounds: TextLine{ "" conf:NaN}
2026-05-10 17:46:39,522 WARN [Let Your Glory Fall-lead-G#1]          TextBuilder.java:412  | Skipping TextLine with null bounds: TextLine{ "" conf:NaN}
2026-05-10 17:46:39,522 WARN [Let Your Glory Fall-lead-G#1]          TextBuilder.java:412  | Skipping TextLine with null bounds: TextLine{ "" conf:NaN}
2026-05-10 17:46:39,522 WARN [Let Your Glory Fall-lead-G#1]          TextBuilder.java:412  | Skipping TextLine with null bounds: TextLine{ "" conf:NaN}
2026-05-10 17:46:39,523 WARN [Let Your Glory Fall-lead-G#1]          TextBuilder.java:412  | Skipping TextLine with null bounds: TextLine{ "" conf:NaN}
2026-05-10 17:46:39,524 WARN [Let Your Glory Fall-lead-G#1]          TextBuilder.java:412  | Skipping TextLine with null bounds: TextLine{ "" conf:NaN}
2026-05-10 17:46:39,524 WARN [Let Your Glory Fall-lead-G#1]          TextBuilder.java:412  | Skipping TextLine with null bounds: TextLine{ "" conf:NaN}
2026-05-10 17:46:39,524 WARN [Let Your Glory Fall-lead-G#1]          TextBuilder.java:412  | Skipping TextLine with null bounds: TextLine{ "" conf:NaN}
2026-05-10 17:46:39,525 WARN [Let Your Glory Fall-lead-G#1]          TextBuilder.java:412  | Skipping TextLine with null bounds: TextLine{ "" conf:NaN}
2026-05-10 17:46:39,525 WARN [Let Your Glory Fall-lead-G#1]          TextBuilder.java:412  | Skipping TextLine with null bounds: TextLine{ "" conf:NaN}
2026-05-10 17:46:39,525 WARN [Let Your Glory Fall-lead-G#1]          TextBuilder.java:412  | Skipping TextLine with null bounds: TextLine{ "" conf:NaN}
2026-05-10 17:46:39,526 WARN [Let Your Glory Fall-lead-G#1]          TextBuilder.java:412  | Skipping TextLine with null bounds: TextLine{ "" conf:NaN}
2026-05-10 17:46:39,526 WARN [Let Your Glory Fall-lead-G#1]          TextBuilder.java:412  | Skipping TextLine with null bounds: TextLine{ "" conf:NaN}
2026-05-10 17:46:39,526 WARN [Let Your Glory Fall-lead-G#1]          TextBuilder.java:412  | Skipping TextLine with null bounds: TextLine{ "" conf:NaN}
2026-05-10 17:46:39,526 WARN [Let Your Glory Fall-lead-G#1]          TextBuilder.java:412  | Skipping TextLine with null bounds: TextLine{ "" conf:NaN}
2026-05-10 17:46:39,527 WARN [Let Your Glory Fall-lead-G#1]          TextBuilder.java:412  | Skipping TextLine with null bounds: TextLine{ "" conf:NaN}
2026-05-10 17:46:39,528 WARN [Let Your Glory Fall-lead-G#1]          TextBuilder.java:412  | Skipping TextLine with null bounds: TextLine{ "" conf:NaN}
2026-05-10 17:46:39,528 WARN [Let Your Glory Fall-lead-G#1]          TextBuilder.java:412  | Skipping TextLine with null bounds: TextLine{ "" conf:NaN}
2026-05-10 17:46:39,529 WARN [Let Your Glory Fall-lead-G#1]          TextBuilder.java:412  | Skipping TextLine with null bounds: TextLine{ "" conf:NaN}
2026-05-10 17:46:39,529 WARN [Let Your Glory Fall-lead-G#1]          TextBuilder.java:412  | Skipping TextLine with null bounds: TextLine{ "" conf:NaN}
2026-05-10 17:46:39,529 WARN [Let Your Glory Fall-lead-G#1]          TextBuilder.java:412  | Skipping TextLine with null bounds: TextLine{ "" conf:NaN}
2026-05-10 17:46:39,530 WARN [Let Your Glory Fall-lead-G#1]          TextBuilder.java:412  | Skipping TextLine with null bounds: TextLine{ "" conf:NaN}
2026-05-10 17:46:39,530 WARN [Let Your Glory Fall-lead-G#1]          TextBuilder.java:412  | Skipping TextLine with null bounds: TextLine{ "" conf:NaN}
2026-05-10 17:46:39,530 WARN [Let Your Glory Fall-lead-G#1]          TextBuilder.java:412  | Skipping TextLine with null bounds: TextLine{ "" conf:NaN}
2026-05-10 17:46:39,531 WARN [Let Your Glory Fall-lead-G#1]          TextBuilder.java:412  | Skipping TextLine with null bounds: TextLine{ "" conf:NaN}
2026-05-10 17:46:39,531 WARN [Let Your Glory Fall-lead-G#1]          TextBuilder.java:412  | Skipping TextLine with null bounds: TextLine{ "" conf:NaN}
2026-05-10 17:46:39,531 WARN [Let Your Glory Fall-lead-G#1]          TextBuilder.java:412  | Skipping TextLine with null bounds: TextLine{ "" conf:NaN}
2026-05-10 17:46:39,532 WARN [Let Your Glory Fall-lead-G#1]          TextBuilder.java:412  | Skipping TextLine with null bounds: TextLine{ "" conf:NaN}
2026-05-10 17:46:39,532 WARN [Let Your Glory Fall-lead-G#1]          TextBuilder.java:412  | Skipping TextLine with null bounds: TextLine{ "" conf:NaN}
2026-05-10 17:46:39,533 WARN [Let Your Glory Fall-lead-G#1]          TextBuilder.java:412  | Skipping TextLine with null bounds: TextLine{ "" conf:NaN}
2026-05-10 17:46:39,533 WARN [Let Your Glory Fall-lead-G#1]          TextBuilder.java:412  | Skipping TextLine with null bounds: TextLine{ "" conf:NaN}
2026-05-10 17:46:39,533 WARN [Let Your Glory Fall-lead-G#1]          TextBuilder.java:412  | Skipping TextLine with null bounds: TextLine{ "" conf:NaN}
2026-05-10 17:46:39,534 WARN [Let Your Glory Fall-lead-G#1]          TextBuilder.java:412  | Skipping TextLine with null bounds: TextLine{ "" conf:NaN}
2026-05-10 17:46:39,534 WARN [Let Your Glory Fall-lead-G#1]          TextBuilder.java:412  | Skipping TextLine with null bounds: TextLine{ "" conf:NaN}
2026-05-10 17:46:39,534 WARN [Let Your Glory Fall-lead-G#1]          TextBuilder.java:412  | Skipping TextLine with null bounds: TextLine{ "" conf:NaN}
2026-05-10 17:46:39,534 WARN [Let Your Glory Fall-lead-G#1]          TextBuilder.java:412  | Skipping TextLine with null bounds: TextLine{ "" conf:NaN}
2026-05-10 17:46:39,535 WARN [Let Your Glory Fall-lead-G#1]          TextBuilder.java:412  | Skipping TextLine with null bounds: TextLine{ "" conf:NaN}
2026-05-10 17:46:39,535 WARN [Let Your Glory Fall-lead-G#1]          TextBuilder.java:412  | Skipping TextLine with null bounds: TextLine{ "" conf:NaN}
2026-05-10 17:46:39,535 WARN [Let Your Glory Fall-lead-G#1]          TextBuilder.java:412  | Skipping TextLine with null bounds: TextLine{ "" conf:NaN}
2026-05-10 17:46:39,535 WARN [Let Your Glory Fall-lead-G#1]          TextBuilder.java:412  | Skipping TextLine with null bounds: TextLine{ "" conf:NaN}
2026-05-10 17:46:39,536 WARN [Let Your Glory Fall-lead-G#1]          TextBuilder.java:412  | Skipping TextLine with null bounds: TextLine{ "" conf:NaN}
2026-05-10 17:46:39,536 WARN [Let Your Glory Fall-lead-G#1]          TextBuilder.java:412  | Skipping TextLine with null bounds: TextLine{ "" conf:NaN}
2026-05-10 17:46:39,536 WARN [Let Your Glory Fall-lead-G#1]          TextBuilder.java:412  | Skipping TextLine with null bounds: TextLine{ "" conf:NaN}
2026-05-10 17:46:39,536 WARN [Let Your Glory Fall-lead-G#1]          TextBuilder.java:412  | Skipping TextLine with null bounds: TextLine{ "" conf:NaN}
2026-05-10 17:46:39,536 WARN [Let Your Glory Fall-lead-G#1]          TextBuilder.java:412  | Skipping TextLine with null bounds: TextLine{ "" conf:NaN}
2026-05-10 17:46:39,537 WARN [Let Your Glory Fall-lead-G#1]          TextBuilder.java:412  | Skipping TextLine with null bounds: TextLine{ "" conf:NaN}
2026-05-10 17:46:39,537 WARN [Let Your Glory Fall-lead-G#1]          TextBuilder.java:412  | Skipping TextLine with null bounds: TextLine{ "" conf:NaN}
2026-05-10 17:46:39,537 WARN [Let Your Glory Fall-lead-G#1]          TextBuilder.java:412  | Skipping TextLine with null bounds: TextLine{ "" conf:NaN}
2026-05-10 17:46:39,537 WARN [Let Your Glory Fall-lead-G#1]          TextBuilder.java:412  | Skipping TextLine with null bounds: TextLine{ "" conf:NaN}
2026-05-10 17:46:39,537 WARN [Let Your Glory Fall-lead-G#1]          TextBuilder.java:412  | Skipping TextLine with null bounds: TextLine{ "" conf:NaN}
2026-05-10 17:46:39,538 WARN [Let Your Glory Fall-lead-G#1]          TextBuilder.java:412  | Skipping TextLine with null bounds: TextLine{ "" conf:NaN}
2026-05-10 17:46:39,538 WARN [Let Your Glory Fall-lead-G#1]          TextBuilder.java:412  | Skipping TextLine with null bounds: TextLine{ "" conf:NaN}
2026-05-10 17:46:39,539 WARN [Let Your Glory Fall-lead-G#1]          TextBuilder.java:412  | Skipping TextLine with null bounds: TextLine{ "" conf:NaN}
2026-05-10 17:46:39,539 WARN [Let Your Glory Fall-lead-G#1]          TextBuilder.java:412  | Skipping TextLine with null bounds: TextLine{ "" conf:NaN}
2026-05-10 17:46:39,539 WARN [Let Your Glory Fall-lead-G#1]          TextBuilder.java:412  | Skipping TextLine with null bounds: TextLine{ "" conf:NaN}
2026-05-10 17:46:39,540 WARN [Let Your Glory Fall-lead-G#1]          TextBuilder.java:412  | Skipping TextLine with null bounds: TextLine{ "" conf:NaN}
2026-05-10 17:46:39,541 WARN [Let Your Glory Fall-lead-G#1]          TextBuilder.java:412  | Skipping TextLine with null bounds: TextLine{ "" conf:NaN}
2026-05-10 17:46:39,541 WARN [Let Your Glory Fall-lead-G#1]          TextBuilder.java:412  | Skipping TextLine with null bounds: TextLine{ "" conf:NaN}
2026-05-10 17:46:39,542 WARN [Let Your Glory Fall-lead-G#1]          TextBuilder.java:412  | Skipping TextLine with null bounds: TextLine{ "" conf:NaN}
2026-05-10 17:46:39,542 WARN [Let Your Glory Fall-lead-G#1]          TextBuilder.java:412  | Skipping TextLine with null bounds: TextLine{ "" conf:NaN}
2026-05-10 17:46:39,542 WARN [Let Your Glory Fall-lead-G#1]          TextBuilder.java:412  | Skipping TextLine with null bounds: TextLine{ "" conf:NaN}
2026-05-10 17:46:39,543 WARN [Let Your Glory Fall-lead-G#1]          TextBuilder.java:412  | Skipping TextLine with null bounds: TextLine{ "" conf:NaN}
2026-05-10 17:46:39,543 WARN [Let Your Glory Fall-lead-G#1]          TextBuilder.java:412  | Skipping TextLine with null bounds: TextLine{ "" conf:NaN}
2026-05-10 17:46:39,543 WARN [Let Your Glory Fall-lead-G#1]          TextBuilder.java:412  | Skipping TextLine with null bounds: TextLine{ "" conf:NaN}
2026-05-10 17:46:39,543 WARN [Let Your Glory Fall-lead-G#1]          TextBuilder.java:412  | Skipping TextLine with null bounds: TextLine{ "" conf:NaN}
2026-05-10 17:46:39,544 WARN [Let Your Glory Fall-lead-G#1]          TextBuilder.java:412  | Skipping TextLine with null bounds: TextLine{ "" conf:NaN}
2026-05-10 17:46:39,544 WARN [Let Your Glory Fall-lead-G#1]          TextBuilder.java:412  | Skipping TextLine with null bounds: TextLine{ "" conf:NaN}
2026-05-10 17:46:39,544 WARN [Let Your Glory Fall-lead-G#1]          TextBuilder.java:412  | Skipping TextLine with null bounds: TextLine{ "" conf:NaN}
2026-05-10 17:46:39,544 WARN [Let Your Glory Fall-lead-G#1]          TextBuilder.java:412  | Skipping TextLine with null bounds: TextLine{ "" conf:NaN}
2026-05-10 17:46:39,544 WARN [Let Your Glory Fall-lead-G#1]          TextBuilder.java:412  | Skipping TextLine with null bounds: TextLine{ "" conf:NaN}
2026-05-10 17:46:39,544 WARN [Let Your Glory Fall-lead-G#1]          TextBuilder.java:412  | Skipping TextLine with null bounds: TextLine{ "" conf:NaN}
2026-05-10 17:46:39,544 WARN [Let Your Glory Fall-lead-G#1]          TextBuilder.java:412  | Skipping TextLine with null bounds: TextLine{ "" conf:NaN}
2026-05-10 17:46:39,544 WARN [Let Your Glory Fall-lead-G#1]          TextBuilder.java:412  | Skipping TextLine with null bounds: TextLine{ "" conf:NaN}
2026-05-10 17:46:39,544 WARN [Let Your Glory Fall-lead-G#1]          TextBuilder.java:412  | Skipping TextLine with null bounds: TextLine{ "" conf:NaN}
2026-05-10 17:46:39,544 WARN [Let Your Glory Fall-lead-G#1]          TextBuilder.java:412  | Skipping TextLine with null bounds: TextLine{ "" conf:NaN}
2026-05-10 17:46:39,546 WARN [Let Your Glory Fall-lead-G#1]          TextBuilder.java:412  | Skipping TextLine with null bounds: TextLine{ "" conf:NaN}
2026-05-10 17:46:39,546 WARN [Let Your Glory Fall-lead-G#1]          TextBuilder.java:412  | Skipping TextLine with null bounds: TextLine{ "" conf:NaN}
2026-05-10 17:46:39,546 WARN [Let Your Glory Fall-lead-G#1]          TextBuilder.java:412  | Skipping TextLine with null bounds: TextLine{ "" conf:NaN}
2026-05-10 17:46:39,546 WARN [Let Your Glory Fall-lead-G#1]          TextBuilder.java:412  | Skipping TextLine with null bounds: TextLine{ "" conf:NaN}
2026-05-10 17:46:39,547 WARN [Let Your Glory Fall-lead-G#1]          TextBuilder.java:412  | Skipping TextLine with null bounds: TextLine{ "" conf:NaN}
2026-05-10 17:46:39,547 WARN [Let Your Glory Fall-lead-G#1]          TextBuilder.java:412  | Skipping TextLine with null bounds: TextLine{ "" conf:NaN}
2026-05-10 17:46:39,547 WARN [Let Your Glory Fall-lead-G#1]          TextBuilder.java:412  | Skipping TextLine with null bounds: TextLine{ "" conf:NaN}
2026-05-10 17:46:39,548 WARN [Let Your Glory Fall-lead-G#1]          TextBuilder.java:412  | Skipping TextLine with null bounds: TextLine{ "" conf:NaN}
2026-05-10 17:46:39,548 WARN [Let Your Glory Fall-lead-G#1]          TextBuilder.java:412  | Skipping TextLine with null bounds: TextLine{ "" conf:NaN}
2026-05-10 17:46:39,548 WARN [Let Your Glory Fall-lead-G#1]          TextBuilder.java:412  | Skipping TextLine with null bounds: TextLine{ "" conf:NaN}
2026-05-10 17:46:39,549 WARN [Let Your Glory Fall-lead-G#1]          TextBuilder.java:412  | Skipping TextLine with null bounds: TextLine{ "" conf:NaN}
2026-05-10 17:46:39,549 WARN [Let Your Glory Fall-lead-G#1]          TextBuilder.java:412  | Skipping TextLine with null bounds: TextLine{ "" conf:NaN}
2026-05-10 17:46:39,549 WARN [Let Your Glory Fall-lead-G#1]          TextBuilder.java:412  | Skipping TextLine with null bounds: TextLine{ "" conf:NaN}
2026-05-10 17:46:39,549 WARN [Let Your Glory Fall-lead-G#1]          TextBuilder.java:412  | Skipping TextLine with null bounds: TextLine{ "" conf:NaN}
2026-05-10 17:46:39,550 WARN [Let Your Glory Fall-lead-G#1]          TextBuilder.java:412  | Skipping TextLine with null bounds: TextLine{ "" conf:NaN}
2026-05-10 17:46:39,550 WARN [Let Your Glory Fall-lead-G#1]          TextBuilder.java:412  | Skipping TextLine with null bounds: TextLine{ "" conf:NaN}
2026-05-10 17:46:39,550 WARN [Let Your Glory Fall-lead-G#1]          TextBuilder.java:412  | Skipping TextLine with null bounds: TextLine{ "" conf:NaN}
2026-05-10 17:46:39,551 WARN [Let Your Glory Fall-lead-G#1]          TextBuilder.java:412  | Skipping TextLine with null bounds: TextLine{ "" conf:NaN}
2026-05-10 17:46:39,551 WARN [Let Your Glory Fall-lead-G#1]          TextBuilder.java:412  | Skipping TextLine with null bounds: TextLine{ "" conf:NaN}
2026-05-10 17:46:39,551 WARN [Let Your Glory Fall-lead-G#1]          TextBuilder.java:412  | Skipping TextLine with null bounds: TextLine{ "" conf:NaN}
2026-05-10 17:46:39,551 WARN [Let Your Glory Fall-lead-G#1]          TextBuilder.java:412  | Skipping TextLine with null bounds: TextLine{ "" conf:NaN}
2026-05-10 17:46:39,553 WARN [Let Your Glory Fall-lead-G#1]          TextBuilder.java:412  | Skipping TextLine with null bounds: TextLine{ "" conf:NaN}
2026-05-10 17:46:39,553 WARN [Let Your Glory Fall-lead-G#1]          TextBuilder.java:412  | Skipping TextLine with null bounds: TextLine{ "" conf:NaN}
2026-05-10 17:46:39,553 WARN [Let Your Glory Fall-lead-G#1]          TextBuilder.java:412  | Skipping TextLine with null bounds: TextLine{ "" conf:NaN}
2026-05-10 17:46:39,554 WARN [Let Your Glory Fall-lead-G#1]          TextBuilder.java:412  | Skipping TextLine with null bounds: TextLine{ "" conf:NaN}
2026-05-10 17:46:39,554 WARN [Let Your Glory Fall-lead-G#1]          TextBuilder.java:412  | Skipping TextLine with null bounds: TextLine{ "" conf:NaN}
2026-05-10 17:46:39,554 WARN [Let Your Glory Fall-lead-G#1]          TextBuilder.java:412  | Skipping TextLine with null bounds: TextLine{ "" conf:NaN}
2026-05-10 17:46:39,554 WARN [Let Your Glory Fall-lead-G#1]          TextBuilder.java:412  | Skipping TextLine with null bounds: TextLine{ "" conf:NaN}
2026-05-10 17:46:39,554 WARN [Let Your Glory Fall-lead-G#1]          TextBuilder.java:412  | Skipping TextLine with null bounds: TextLine{ "" conf:NaN}
2026-05-10 17:46:39,555 WARN [Let Your Glory Fall-lead-G#1]          TextBuilder.java:412  | Skipping TextLine with null bounds: TextLine{ "" conf:NaN}
2026-05-10 17:46:39,555 WARN [Let Your Glory Fall-lead-G#1]          TextBuilder.java:412  | Skipping TextLine with null bounds: TextLine{ "" conf:NaN}
2026-05-10 17:46:39,555 WARN [Let Your Glory Fall-lead-G#1]          TextBuilder.java:412  | Skipping TextLine with null bounds: TextLine{ "" conf:NaN}
2026-05-10 17:46:39,555 WARN [Let Your Glory Fall-lead-G#1]          TextBuilder.java:412  | Skipping TextLine with null bounds: TextLine{ "" conf:NaN}
2026-05-10 17:46:39,556 WARN [Let Your Glory Fall-lead-G#1]          TextBuilder.java:412  | Skipping TextLine with null bounds: TextLine{ "" conf:NaN}
2026-05-10 17:46:39,556 WARN [Let Your Glory Fall-lead-G#1]          TextBuilder.java:412  | Skipping TextLine with null bounds: TextLine{ "" conf:NaN}
2026-05-10 17:46:39,556 WARN [Let Your Glory Fall-lead-G#1]          TextBuilder.java:412  | Skipping TextLine with null bounds: TextLine{ "" conf:NaN}
2026-05-10 17:46:39,556 WARN [Let Your Glory Fall-lead-G#1]          TextBuilder.java:412  | Skipping TextLine with null bounds: TextLine{ "" conf:NaN}
2026-05-10 17:46:39,558 WARN [Let Your Glory Fall-lead-G#1]          TextBuilder.java:412  | Skipping TextLine with null bounds: TextLine{ "" conf:NaN}
2026-05-10 17:46:39,559 WARN [Let Your Glory Fall-lead-G#1]          TextBuilder.java:412  | Skipping TextLine with null bounds: TextLine{ "" conf:NaN}
2026-05-10 17:46:39,559 WARN [Let Your Glory Fall-lead-G#1]          TextBuilder.java:412  | Skipping TextLine with null bounds: TextLine{ "" conf:NaN}
2026-05-10 17:46:39,559 WARN [Let Your Glory Fall-lead-G#1]          TextBuilder.java:412  | Skipping TextLine with null bounds: TextLine{ "" conf:NaN}
2026-05-10 17:46:39,559 WARN [Let Your Glory Fall-lead-G#1]          TextBuilder.java:412  | Skipping TextLine with null bounds: TextLine{ "" conf:NaN}
2026-05-10 17:46:39,559 WARN [Let Your Glory Fall-lead-G#1]          TextBuilder.java:412  | Skipping TextLine with null bounds: TextLine{ "" conf:NaN}
2026-05-10 17:46:39,560 WARN [Let Your Glory Fall-lead-G#1]          TextBuilder.java:412  | Skipping TextLine with null bounds: TextLine{ "" conf:NaN}
2026-05-10 17:46:39,560 WARN [Let Your Glory Fall-lead-G#1]          TextBuilder.java:412  | Skipping TextLine with null bounds: TextLine{ "" conf:NaN}
2026-05-10 17:46:39,560 WARN [Let Your Glory Fall-lead-G#1]          TextBuilder.java:412  | Skipping TextLine with null bounds: TextLine{ "" conf:NaN}
2026-05-10 17:46:39,560 WARN [Let Your Glory Fall-lead-G#1]          TextBuilder.java:412  | Skipping TextLine with null bounds: TextLine{ "" conf:NaN}
2026-05-10 17:46:39,561 WARN [Let Your Glory Fall-lead-G#1]          TextBuilder.java:412  | Skipping TextLine with null bounds: TextLine{ "" conf:NaN}
2026-05-10 17:46:39,561 WARN [Let Your Glory Fall-lead-G#1]          TextBuilder.java:412  | Skipping TextLine with null bounds: TextLine{ "" conf:NaN}
2026-05-10 17:46:39,561 WARN [Let Your Glory Fall-lead-G#1]          TextBuilder.java:412  | Skipping TextLine with null bounds: TextLine{ "" conf:NaN}
2026-05-10 17:46:39,561 WARN [Let Your Glory Fall-lead-G#1]          TextBuilder.java:412  | Skipping TextLine with null bounds: TextLine{ "" conf:NaN}
2026-05-10 17:46:39,561 WARN [Let Your Glory Fall-lead-G#1]          TextBuilder.java:412  | Skipping TextLine with null bounds: TextLine{ "" conf:NaN}
2026-05-10 17:46:39,562 WARN [Let Your Glory Fall-lead-G#1]          TextBuilder.java:412  | Skipping TextLine with null bounds: TextLine{ "" conf:NaN}
2026-05-10 17:46:39,562 WARN [Let Your Glory Fall-lead-G#1]          TextBuilder.java:412  | Skipping TextLine with null bounds: TextLine{ "" conf:NaN}
2026-05-10 17:46:39,562 WARN [Let Your Glory Fall-lead-G#1]          TextBuilder.java:412  | Skipping TextLine with null bounds: TextLine{ "" conf:NaN}
2026-05-10 17:46:39,562 WARN [Let Your Glory Fall-lead-G#1]          TextBuilder.java:412  | Skipping TextLine with null bounds: TextLine{ "" conf:NaN}
2026-05-10 17:46:39,563 WARN [Let Your Glory Fall-lead-G#1]          TextBuilder.java:412  | Skipping TextLine with null bounds: TextLine{ "" conf:NaN}
2026-05-10 17:46:39,563 WARN [Let Your Glory Fall-lead-G#1]          TextBuilder.java:412  | Skipping TextLine with null bounds: TextLine{ "" conf:NaN}
2026-05-10 17:46:39,564 WARN [Let Your Glory Fall-lead-G#1]          TextBuilder.java:412  | Skipping TextLine with null bounds: TextLine{ "" conf:NaN}
2026-05-10 17:46:39,564 WARN [Let Your Glory Fall-lead-G#1]          TextBuilder.java:412  | Skipping TextLine with null bounds: TextLine{ "" conf:NaN}
2026-05-10 17:46:39,564 WARN [Let Your Glory Fall-lead-G#1]          TextBuilder.java:412  | Skipping TextLine with null bounds: TextLine{ "" conf:NaN}
2026-05-10 17:46:45,314 INFO [Let Your Glory Fall-lead-G#1]           PageRhythm.java:176  | {Page#1.1} Starting PageRhythm time signature check
2026-05-10 17:46:45,315 INFO [Let Your Glory Fall-lead-G#1]           PageRhythm.java:178  | {Page#1.1} Initial range state: Range{SN1- tSig:4/4} → ts: TimePairInter#130{ FROZEN(0.946/0.946) staff:1 4/4}
2026-05-10 17:46:45,318 INFO [Let Your Glory Fall-lead-G#1]           PageRhythm.java:184  | {Page#1.1} Checking range: Range{SN1- tSig:4/4}, ts: TimePairInter#130{ FROZEN(0.946/0.946) staff:1 4/4}
2026-05-10 17:46:45,318 INFO [Let Your Glory Fall-lead-G#1]           PageRhythm.java:277  | Last range: Range{SN1-23 tSig:4/4 dur:1}
2026-05-10 17:46:45,319 INFO [Let Your Glory Fall-lead-G#1]           PageRhythm.java:278  | lastRange.timeRational = 4/4
2026-05-10 17:46:45,319 INFO [Let Your Glory Fall-lead-G#1]           PageRhythm.java:279  | lastRange.ts = TimePairInter#130{ FROZEN(0.946/0.946) staff:1 4/4}
2026-05-10 17:46:45,320 DEBUG [Let Your Glory Fall-lead-G#1]           PageRhythm.java:121  | MeasureStack#1 frats: 0 []
2026-05-10 17:46:45,321 DEBUG [Let Your Glory Fall-lead-G#1]           PageRhythm.java:121  | MeasureStack#2 frats: 5 [7938, 7940, 7941, 7947, 7948]
2026-05-10 17:46:45,322 DEBUG [Let Your Glory Fall-lead-G#1]           PageRhythm.java:121  | MeasureStack#3 frats: 3 [7658, 7949, 7942]
2026-05-10 17:46:45,323 DEBUG [Let Your Glory Fall-lead-G#1]           PageRhythm.java:121  | MeasureStack#4 frats: 3 [7943, 7771, 7944]
2026-05-10 17:46:45,324 DEBUG [Let Your Glory Fall-lead-G#1]           PageRhythm.java:121  | MeasureStack#5 frats: 1 [7946]
2026-05-10 17:46:45,325 DEBUG [Let Your Glory Fall-lead-G#1]           PageRhythm.java:121  | MeasureStack#6 frats: 4 [8639, 8050, 8644, 8098]
2026-05-10 17:46:45,325 DEBUG [Let Your Glory Fall-lead-G#1]           PageRhythm.java:121  | MeasureStack#7 frats: 0 []
2026-05-10 17:46:45,327 DEBUG [Let Your Glory Fall-lead-G#1]           PageRhythm.java:121  | MeasureStack#8 frats: 3 [8641, 8444, 8474]
2026-05-10 17:46:45,327 DEBUG [Let Your Glory Fall-lead-G#1]           PageRhythm.java:121  | MeasureStack#9 frats: 2 [9276, 9283]
2026-05-10 17:46:45,328 DEBUG [Let Your Glory Fall-lead-G#1]           PageRhythm.java:121  | MeasureStack#10 frats: 6 [9277, 8713, 9279, 9284, 9285, 9280]
2026-05-10 17:46:45,328 DEBUG [Let Your Glory Fall-lead-G#1]           PageRhythm.java:121  | MeasureStack#11 frats: 3 [8980, 9286, 9281]
2026-05-10 17:46:45,328 DEBUG [Let Your Glory Fall-lead-G#1]           PageRhythm.java:121  | MeasureStack#12 frats: 2 [9282, 9090]
2026-05-10 17:46:45,329 DEBUG [Let Your Glory Fall-lead-G#1]           PageRhythm.java:121  | MeasureStack#13 frats: 1 [9643]
2026-05-10 17:46:45,329 DEBUG [Let Your Glory Fall-lead-G#1]           PageRhythm.java:121  | MeasureStack#14 frats: 1 [9644]
2026-05-10 17:46:45,329 DEBUG [Let Your Glory Fall-lead-G#1]           PageRhythm.java:121  | MeasureStack#15 frats: 0 []
2026-05-10 17:46:45,330 DEBUG [Let Your Glory Fall-lead-G#1]           PageRhythm.java:121  | MeasureStack#16 frats: 8 [10298, 10299, 9701, 10297, 10309, 10300, 10310, 10302]
2026-05-10 17:46:45,330 DEBUG [Let Your Glory Fall-lead-G#1]           PageRhythm.java:121  | MeasureStack#17 frats: 1 [10304]
2026-05-10 17:46:45,331 DEBUG [Let Your Glory Fall-lead-G#1]           PageRhythm.java:121  | MeasureStack#18 frats: 2 [10305, 10312]
2026-05-10 17:46:45,331 DEBUG [Let Your Glory Fall-lead-G#1]           PageRhythm.java:121  | MeasureStack#19 frats: 1 [10308]
2026-05-10 17:46:45,332 DEBUG [Let Your Glory Fall-lead-G#1]           PageRhythm.java:121  | MeasureStack#20 frats: 4 [10708, 10709, 10714, 10715]
2026-05-10 17:46:45,332 DEBUG [Let Your Glory Fall-lead-G#1]           PageRhythm.java:121  | MeasureStack#21 frats: 3 [10452, 10716, 10710]
2026-05-10 17:46:45,333 DEBUG [Let Your Glory Fall-lead-G#1]           PageRhythm.java:121  | MeasureStack#22 frats: 1 [10711]
2026-05-10 17:46:45,333 DEBUG [Let Your Glory Fall-lead-G#1]           PageRhythm.java:121  | MeasureStack#23 frats: 0 []
2026-05-10 17:46:45,334 DEBUG [Let Your Glory Fall-lead-G#1]           PageRhythm.java:325  | Starting Range{SN1-23 tSig:4/4 dur:1}
2026-05-10 17:46:45,334 DEBUG [Let Your Glory Fall-lead-G#1]           PageRhythm.java:329  | About to process StackRhythm for MeasureStack#1
2026-05-10 17:46:45,336 DEBUG [Let Your Glory Fall-lead-G#1]          StackRhythm.java:221  | Setting expectedDuration=1 for stack on page 1
2026-05-10 17:46:45,348 DEBUG [Let Your Glory Fall-lead-G#1]           PageRhythm.java:331  | Finished processing StackRhythm for MeasureStack#1
2026-05-10 17:46:45,348 DEBUG [Let Your Glory Fall-lead-G#1]           PageRhythm.java:329  | About to process StackRhythm for MeasureStack#2
2026-05-10 17:46:45,348 DEBUG [Let Your Glory Fall-lead-G#1]          StackRhythm.java:221  | Setting expectedDuration=1 for stack on page 2
2026-05-10 17:46:45,364 DEBUG [Let Your Glory Fall-lead-G#1]           PageRhythm.java:331  | Finished processing StackRhythm for MeasureStack#2
2026-05-10 17:46:45,364 DEBUG [Let Your Glory Fall-lead-G#1]           PageRhythm.java:329  | About to process StackRhythm for MeasureStack#3
2026-05-10 17:46:45,365 DEBUG [Let Your Glory Fall-lead-G#1]          StackRhythm.java:221  | Setting expectedDuration=1 for stack on page 3
2026-05-10 17:46:45,366 DEBUG [Let Your Glory Fall-lead-G#1]           PageRhythm.java:331  | Finished processing StackRhythm for MeasureStack#3
2026-05-10 17:46:45,366 DEBUG [Let Your Glory Fall-lead-G#1]           PageRhythm.java:329  | About to process StackRhythm for MeasureStack#4
2026-05-10 17:46:45,367 DEBUG [Let Your Glory Fall-lead-G#1]          StackRhythm.java:221  | Setting expectedDuration=1 for stack on page 4
2026-05-10 17:46:45,370 INFO [Let Your Glory Fall-lead-G#1]          StackRhythm.java:226  | S1 MeasureStack#4 no correct rhythm
2026-05-10 17:46:45,370 DEBUG [Let Your Glory Fall-lead-G#1]           PageRhythm.java:331  | Finished processing StackRhythm for MeasureStack#4
2026-05-10 17:46:45,370 DEBUG [Let Your Glory Fall-lead-G#1]           PageRhythm.java:329  | About to process StackRhythm for MeasureStack#5
2026-05-10 17:46:45,371 DEBUG [Let Your Glory Fall-lead-G#1]          StackRhythm.java:221  | Setting expectedDuration=1 for stack on page 5
2026-05-10 17:46:45,371 DEBUG [Let Your Glory Fall-lead-G#1]           PageRhythm.java:331  | Finished processing StackRhythm for MeasureStack#5
2026-05-10 17:46:45,373 DEBUG [Let Your Glory Fall-lead-G#1]           PageRhythm.java:329  | About to process StackRhythm for MeasureStack#6
2026-05-10 17:46:45,375 DEBUG [Let Your Glory Fall-lead-G#1]          StackRhythm.java:221  | Setting expectedDuration=1 for stack on page 6
2026-05-10 17:46:45,379 DEBUG [Let Your Glory Fall-lead-G#1]           PageRhythm.java:331  | Finished processing StackRhythm for MeasureStack#6
2026-05-10 17:46:45,380 DEBUG [Let Your Glory Fall-lead-G#1]           PageRhythm.java:329  | About to process StackRhythm for MeasureStack#7
2026-05-10 17:46:45,381 DEBUG [Let Your Glory Fall-lead-G#1]          StackRhythm.java:221  | Setting expectedDuration=1 for stack on page 7
2026-05-10 17:46:45,383 DEBUG [Let Your Glory Fall-lead-G#1]           PageRhythm.java:331  | Finished processing StackRhythm for MeasureStack#7
2026-05-10 17:46:45,383 DEBUG [Let Your Glory Fall-lead-G#1]           PageRhythm.java:329  | About to process StackRhythm for MeasureStack#8
2026-05-10 17:46:45,383 DEBUG [Let Your Glory Fall-lead-G#1]          StackRhythm.java:221  | Setting expectedDuration=1 for stack on page 8
2026-05-10 17:46:45,385 DEBUG [Let Your Glory Fall-lead-G#1]           PageRhythm.java:331  | Finished processing StackRhythm for MeasureStack#8
2026-05-10 17:46:45,386 DEBUG [Let Your Glory Fall-lead-G#1]           PageRhythm.java:329  | About to process StackRhythm for MeasureStack#9
2026-05-10 17:46:45,386 DEBUG [Let Your Glory Fall-lead-G#1]          StackRhythm.java:221  | Setting expectedDuration=1 for stack on page 9
2026-05-10 17:46:45,387 DEBUG [Let Your Glory Fall-lead-G#1]           PageRhythm.java:331  | Finished processing StackRhythm for MeasureStack#9
2026-05-10 17:46:45,388 DEBUG [Let Your Glory Fall-lead-G#1]           PageRhythm.java:329  | About to process StackRhythm for MeasureStack#10
2026-05-10 17:46:45,388 DEBUG [Let Your Glory Fall-lead-G#1]          StackRhythm.java:221  | Setting expectedDuration=1 for stack on page 10
2026-05-10 17:46:45,392 DEBUG [Let Your Glory Fall-lead-G#1]           PageRhythm.java:331  | Finished processing StackRhythm for MeasureStack#10
2026-05-10 17:46:45,393 DEBUG [Let Your Glory Fall-lead-G#1]           PageRhythm.java:329  | About to process StackRhythm for MeasureStack#11
2026-05-10 17:46:45,393 DEBUG [Let Your Glory Fall-lead-G#1]          StackRhythm.java:221  | Setting expectedDuration=1 for stack on page 11
2026-05-10 17:46:45,394 DEBUG [Let Your Glory Fall-lead-G#1]           PageRhythm.java:331  | Finished processing StackRhythm for MeasureStack#11
2026-05-10 17:46:45,396 DEBUG [Let Your Glory Fall-lead-G#1]           PageRhythm.java:329  | About to process StackRhythm for MeasureStack#12
2026-05-10 17:46:45,396 DEBUG [Let Your Glory Fall-lead-G#1]          StackRhythm.java:221  | Setting expectedDuration=1 for stack on page 12
2026-05-10 17:46:45,397 DEBUG [Let Your Glory Fall-lead-G#1]           PageRhythm.java:331  | Finished processing StackRhythm for MeasureStack#12
2026-05-10 17:46:45,398 DEBUG [Let Your Glory Fall-lead-G#1]           PageRhythm.java:329  | About to process StackRhythm for MeasureStack#13
2026-05-10 17:46:45,398 DEBUG [Let Your Glory Fall-lead-G#1]          StackRhythm.java:221  | Setting expectedDuration=1 for stack on page 13
2026-05-10 17:46:45,399 DEBUG [Let Your Glory Fall-lead-G#1]           PageRhythm.java:331  | Finished processing StackRhythm for MeasureStack#13
2026-05-10 17:46:45,400 DEBUG [Let Your Glory Fall-lead-G#1]           PageRhythm.java:329  | About to process StackRhythm for MeasureStack#14
2026-05-10 17:46:45,400 DEBUG [Let Your Glory Fall-lead-G#1]          StackRhythm.java:221  | Setting expectedDuration=1 for stack on page 14
2026-05-10 17:46:45,403 DEBUG [Let Your Glory Fall-lead-G#1]           PageRhythm.java:331  | Finished processing StackRhythm for MeasureStack#14
2026-05-10 17:46:45,403 DEBUG [Let Your Glory Fall-lead-G#1]           PageRhythm.java:329  | About to process StackRhythm for MeasureStack#15
2026-05-10 17:46:45,404 DEBUG [Let Your Glory Fall-lead-G#1]          StackRhythm.java:221  | Setting expectedDuration=1 for stack on page 15
2026-05-10 17:46:45,405 DEBUG [Let Your Glory Fall-lead-G#1]           PageRhythm.java:331  | Finished processing StackRhythm for MeasureStack#15
2026-05-10 17:46:45,406 DEBUG [Let Your Glory Fall-lead-G#1]           PageRhythm.java:329  | About to process StackRhythm for MeasureStack#16
2026-05-10 17:46:45,406 DEBUG [Let Your Glory Fall-lead-G#1]          StackRhythm.java:221  | Setting expectedDuration=1 for stack on page 16
2026-05-10 17:46:45,410 INFO [Let Your Glory Fall-lead-G#1]          StackRhythm.java:226  | S5 MeasureStack#16 no correct rhythm
2026-05-10 17:46:45,411 DEBUG [Let Your Glory Fall-lead-G#1]           PageRhythm.java:331  | Finished processing StackRhythm for MeasureStack#16
2026-05-10 17:46:45,412 DEBUG [Let Your Glory Fall-lead-G#1]           PageRhythm.java:329  | About to process StackRhythm for MeasureStack#17
2026-05-10 17:46:45,412 DEBUG [Let Your Glory Fall-lead-G#1]          StackRhythm.java:221  | Setting expectedDuration=1 for stack on page 17
2026-05-10 17:46:45,413 DEBUG [Let Your Glory Fall-lead-G#1]           PageRhythm.java:331  | Finished processing StackRhythm for MeasureStack#17
2026-05-10 17:46:45,414 DEBUG [Let Your Glory Fall-lead-G#1]           PageRhythm.java:329  | About to process StackRhythm for MeasureStack#18
2026-05-10 17:46:45,414 DEBUG [Let Your Glory Fall-lead-G#1]          StackRhythm.java:221  | Setting expectedDuration=1 for stack on page 18
2026-05-10 17:46:45,417 DEBUG [Let Your Glory Fall-lead-G#1]           PageRhythm.java:331  | Finished processing StackRhythm for MeasureStack#18
2026-05-10 17:46:45,417 DEBUG [Let Your Glory Fall-lead-G#1]           PageRhythm.java:329  | About to process StackRhythm for MeasureStack#19
2026-05-10 17:46:45,418 DEBUG [Let Your Glory Fall-lead-G#1]          StackRhythm.java:221  | Setting expectedDuration=1 for stack on page 19
2026-05-10 17:46:45,419 DEBUG [Let Your Glory Fall-lead-G#1]           PageRhythm.java:331  | Finished processing StackRhythm for MeasureStack#19
2026-05-10 17:46:45,419 DEBUG [Let Your Glory Fall-lead-G#1]           PageRhythm.java:329  | About to process StackRhythm for MeasureStack#20
2026-05-10 17:46:45,420 DEBUG [Let Your Glory Fall-lead-G#1]          StackRhythm.java:221  | Setting expectedDuration=1 for stack on page 20
2026-05-10 17:46:45,421 DEBUG [Let Your Glory Fall-lead-G#1]           PageRhythm.java:331  | Finished processing StackRhythm for MeasureStack#20
2026-05-10 17:46:45,422 DEBUG [Let Your Glory Fall-lead-G#1]           PageRhythm.java:329  | About to process StackRhythm for MeasureStack#21
2026-05-10 17:46:45,422 DEBUG [Let Your Glory Fall-lead-G#1]          StackRhythm.java:221  | Setting expectedDuration=1 for stack on page 21
2026-05-10 17:46:45,425 DEBUG [Let Your Glory Fall-lead-G#1]           PageRhythm.java:331  | Finished processing StackRhythm for MeasureStack#21
2026-05-10 17:46:45,426 DEBUG [Let Your Glory Fall-lead-G#1]           PageRhythm.java:329  | About to process StackRhythm for MeasureStack#22
2026-05-10 17:46:45,426 DEBUG [Let Your Glory Fall-lead-G#1]          StackRhythm.java:221  | Setting expectedDuration=1 for stack on page 22
2026-05-10 17:46:45,429 DEBUG [Let Your Glory Fall-lead-G#1]           PageRhythm.java:331  | Finished processing StackRhythm for MeasureStack#22
2026-05-10 17:46:45,429 DEBUG [Let Your Glory Fall-lead-G#1]           PageRhythm.java:329  | About to process StackRhythm for MeasureStack#23
2026-05-10 17:46:45,429 DEBUG [Let Your Glory Fall-lead-G#1]          StackRhythm.java:221  | Setting expectedDuration=1 for stack on page 23
2026-05-10 17:46:45,430 DEBUG [Let Your Glory Fall-lead-G#1]           PageRhythm.java:331  | Finished processing StackRhythm for MeasureStack#23
2026-05-10 17:46:54,252 WARN [Let Your Glory Fall-lead-G#2]          TextBuilder.java:412  | Skipping TextLine with null bounds: TextLine{ "" conf:NaN}
2026-05-10 17:46:54,254 WARN [Let Your Glory Fall-lead-G#2]          TextBuilder.java:412  | Skipping TextLine with null bounds: TextLine{ "" conf:NaN}
2026-05-10 17:46:54,254 WARN [Let Your Glory Fall-lead-G#2]          TextBuilder.java:412  | Skipping TextLine with null bounds: TextLine{ "" conf:NaN}
2026-05-10 17:46:54,254 WARN [Let Your Glory Fall-lead-G#2]          TextBuilder.java:412  | Skipping TextLine with null bounds: TextLine{ "" conf:NaN}
2026-05-10 17:46:54,255 WARN [Let Your Glory Fall-lead-G#2]          TextBuilder.java:412  | Skipping TextLine with null bounds: TextLine{ "" conf:NaN}
2026-05-10 17:46:54,255 WARN [Let Your Glory Fall-lead-G#2]          TextBuilder.java:412  | Skipping TextLine with null bounds: TextLine{ "" conf:NaN}
2026-05-10 17:46:54,255 WARN [Let Your Glory Fall-lead-G#2]          TextBuilder.java:412  | Skipping TextLine with null bounds: TextLine{ "" conf:NaN}
2026-05-10 17:46:54,255 WARN [Let Your Glory Fall-lead-G#2]          TextBuilder.java:412  | Skipping TextLine with null bounds: TextLine{ "" conf:NaN}
2026-05-10 17:46:54,255 WARN [Let Your Glory Fall-lead-G#2]          TextBuilder.java:412  | Skipping TextLine with null bounds: TextLine{ "" conf:NaN}
2026-05-10 17:46:54,256 WARN [Let Your Glory Fall-lead-G#2]          TextBuilder.java:412  | Skipping TextLine with null bounds: TextLine{ "" conf:NaN}
2026-05-10 17:46:54,256 WARN [Let Your Glory Fall-lead-G#2]          TextBuilder.java:412  | Skipping TextLine with null bounds: TextLine{ "" conf:NaN}
2026-05-10 17:46:54,256 WARN [Let Your Glory Fall-lead-G#2]          TextBuilder.java:412  | Skipping TextLine with null bounds: TextLine{ "" conf:NaN}
2026-05-10 17:46:54,257 WARN [Let Your Glory Fall-lead-G#2]          TextBuilder.java:412  | Skipping TextLine with null bounds: TextLine{ "" conf:NaN}
2026-05-10 17:46:54,257 WARN [Let Your Glory Fall-lead-G#2]          TextBuilder.java:412  | Skipping TextLine with null bounds: TextLine{ "" conf:NaN}
2026-05-10 17:46:54,257 WARN [Let Your Glory Fall-lead-G#2]          TextBuilder.java:412  | Skipping TextLine with null bounds: TextLine{ "" conf:NaN}
2026-05-10 17:46:54,257 WARN [Let Your Glory Fall-lead-G#2]          TextBuilder.java:412  | Skipping TextLine with null bounds: TextLine{ "" conf:NaN}
2026-05-10 17:46:54,259 WARN [Let Your Glory Fall-lead-G#2]          TextBuilder.java:412  | Skipping TextLine with null bounds: TextLine{ "" conf:NaN}
2026-05-10 17:46:54,259 WARN [Let Your Glory Fall-lead-G#2]          TextBuilder.java:412  | Skipping TextLine with null bounds: TextLine{ "" conf:NaN}
2026-05-10 17:46:54,260 WARN [Let Your Glory Fall-lead-G#2]          TextBuilder.java:412  | Skipping TextLine with null bounds: TextLine{ "" conf:NaN}
2026-05-10 17:46:54,260 WARN [Let Your Glory Fall-lead-G#2]          TextBuilder.java:412  | Skipping TextLine with null bounds: TextLine{ "" conf:NaN}
2026-05-10 17:46:54,260 WARN [Let Your Glory Fall-lead-G#2]          TextBuilder.java:412  | Skipping TextLine with null bounds: TextLine{ "" conf:NaN}
2026-05-10 17:46:54,261 WARN [Let Your Glory Fall-lead-G#2]          TextBuilder.java:412  | Skipping TextLine with null bounds: TextLine{ "" conf:NaN}
2026-05-10 17:46:54,261 WARN [Let Your Glory Fall-lead-G#2]          TextBuilder.java:412  | Skipping TextLine with null bounds: TextLine{ "" conf:NaN}
2026-05-10 17:46:54,261 WARN [Let Your Glory Fall-lead-G#2]          TextBuilder.java:412  | Skipping TextLine with null bounds: TextLine{ "" conf:NaN}
2026-05-10 17:46:54,261 WARN [Let Your Glory Fall-lead-G#2]          TextBuilder.java:412  | Skipping TextLine with null bounds: TextLine{ "" conf:NaN}
2026-05-10 17:46:54,262 WARN [Let Your Glory Fall-lead-G#2]          TextBuilder.java:412  | Skipping TextLine with null bounds: TextLine{ "" conf:NaN}
2026-05-10 17:46:54,262 WARN [Let Your Glory Fall-lead-G#2]          TextBuilder.java:412  | Skipping TextLine with null bounds: TextLine{ "" conf:NaN}
2026-05-10 17:46:54,262 WARN [Let Your Glory Fall-lead-G#2]          TextBuilder.java:412  | Skipping TextLine with null bounds: TextLine{ "" conf:NaN}
2026-05-10 17:46:54,262 WARN [Let Your Glory Fall-lead-G#2]          TextBuilder.java:412  | Skipping TextLine with null bounds: TextLine{ "" conf:NaN}
2026-05-10 17:46:54,263 WARN [Let Your Glory Fall-lead-G#2]          TextBuilder.java:412  | Skipping TextLine with null bounds: TextLine{ "" conf:NaN}
2026-05-10 17:46:54,263 WARN [Let Your Glory Fall-lead-G#2]          TextBuilder.java:412  | Skipping TextLine with null bounds: TextLine{ "" conf:NaN}
2026-05-10 17:46:54,263 WARN [Let Your Glory Fall-lead-G#2]          TextBuilder.java:412  | Skipping TextLine with null bounds: TextLine{ "" conf:NaN}
2026-05-10 17:46:54,264 WARN [Let Your Glory Fall-lead-G#2]          TextBuilder.java:412  | Skipping TextLine with null bounds: TextLine{ "" conf:NaN}
2026-05-10 17:46:54,264 WARN [Let Your Glory Fall-lead-G#2]          TextBuilder.java:412  | Skipping TextLine with null bounds: TextLine{ "" conf:NaN}
2026-05-10 17:46:54,265 WARN [Let Your Glory Fall-lead-G#2]          TextBuilder.java:412  | Skipping TextLine with null bounds: TextLine{ "" conf:NaN}
2026-05-10 17:46:54,265 WARN [Let Your Glory Fall-lead-G#2]          TextBuilder.java:412  | Skipping TextLine with null bounds: TextLine{ "" conf:NaN}
2026-05-10 17:46:54,265 WARN [Let Your Glory Fall-lead-G#2]          TextBuilder.java:412  | Skipping TextLine with null bounds: TextLine{ "" conf:NaN}
2026-05-10 17:46:54,265 WARN [Let Your Glory Fall-lead-G#2]          TextBuilder.java:412  | Skipping TextLine with null bounds: TextLine{ "" conf:NaN}
2026-05-10 17:46:54,265 WARN [Let Your Glory Fall-lead-G#2]          TextBuilder.java:412  | Skipping TextLine with null bounds: TextLine{ "" conf:NaN}
2026-05-10 17:46:54,265 WARN [Let Your Glory Fall-lead-G#2]          TextBuilder.java:412  | Skipping TextLine with null bounds: TextLine{ "" conf:NaN}
2026-05-10 17:46:54,266 WARN [Let Your Glory Fall-lead-G#2]          TextBuilder.java:412  | Skipping TextLine with null bounds: TextLine{ "" conf:NaN}
2026-05-10 17:46:54,266 WARN [Let Your Glory Fall-lead-G#2]          TextBuilder.java:412  | Skipping TextLine with null bounds: TextLine{ "" conf:NaN}
2026-05-10 17:46:54,266 WARN [Let Your Glory Fall-lead-G#2]          TextBuilder.java:412  | Skipping TextLine with null bounds: TextLine{ "" conf:NaN}
2026-05-10 17:46:54,267 WARN [Let Your Glory Fall-lead-G#2]          TextBuilder.java:412  | Skipping TextLine with null bounds: TextLine{ "" conf:NaN}
2026-05-10 17:46:54,267 WARN [Let Your Glory Fall-lead-G#2]          TextBuilder.java:412  | Skipping TextLine with null bounds: TextLine{ "" conf:NaN}
2026-05-10 17:46:54,267 WARN [Let Your Glory Fall-lead-G#2]          TextBuilder.java:412  | Skipping TextLine with null bounds: TextLine{ "" conf:NaN}
2026-05-10 17:46:54,267 WARN [Let Your Glory Fall-lead-G#2]          TextBuilder.java:412  | Skipping TextLine with null bounds: TextLine{ "" conf:NaN}
2026-05-10 17:46:54,267 WARN [Let Your Glory Fall-lead-G#2]          TextBuilder.java:412  | Skipping TextLine with null bounds: TextLine{ "" conf:NaN}
2026-05-10 17:46:54,269 WARN [Let Your Glory Fall-lead-G#2]          TextBuilder.java:412  | Skipping TextLine with null bounds: TextLine{ "" conf:NaN}
2026-05-10 17:46:54,270 WARN [Let Your Glory Fall-lead-G#2]          TextBuilder.java:412  | Skipping TextLine with null bounds: TextLine{ "" conf:NaN}
2026-05-10 17:46:54,270 WARN [Let Your Glory Fall-lead-G#2]          TextBuilder.java:412  | Skipping TextLine with null bounds: TextLine{ "" conf:NaN}
2026-05-10 17:46:54,270 WARN [Let Your Glory Fall-lead-G#2]          TextBuilder.java:412  | Skipping TextLine with null bounds: TextLine{ "" conf:NaN}
2026-05-10 17:46:54,270 WARN [Let Your Glory Fall-lead-G#2]          TextBuilder.java:412  | Skipping TextLine with null bounds: TextLine{ "" conf:NaN}
2026-05-10 17:46:54,270 WARN [Let Your Glory Fall-lead-G#2]          TextBuilder.java:412  | Skipping TextLine with null bounds: TextLine{ "" conf:NaN}
2026-05-10 17:46:54,271 WARN [Let Your Glory Fall-lead-G#2]          TextBuilder.java:412  | Skipping TextLine with null bounds: TextLine{ "" conf:NaN}
2026-05-10 17:46:54,271 WARN [Let Your Glory Fall-lead-G#2]          TextBuilder.java:412  | Skipping TextLine with null bounds: TextLine{ "" conf:NaN}
2026-05-10 17:46:54,271 WARN [Let Your Glory Fall-lead-G#2]          TextBuilder.java:412  | Skipping TextLine with null bounds: TextLine{ "" conf:NaN}
2026-05-10 17:46:54,271 WARN [Let Your Glory Fall-lead-G#2]          TextBuilder.java:412  | Skipping TextLine with null bounds: TextLine{ "" conf:NaN}
2026-05-10 17:46:54,272 WARN [Let Your Glory Fall-lead-G#2]          TextBuilder.java:412  | Skipping TextLine with null bounds: TextLine{ "" conf:NaN}
2026-05-10 17:46:54,272 WARN [Let Your Glory Fall-lead-G#2]          TextBuilder.java:412  | Skipping TextLine with null bounds: TextLine{ "" conf:NaN}
2026-05-10 17:46:54,272 WARN [Let Your Glory Fall-lead-G#2]          TextBuilder.java:412  | Skipping TextLine with null bounds: TextLine{ "" conf:NaN}
2026-05-10 17:46:54,272 WARN [Let Your Glory Fall-lead-G#2]          TextBuilder.java:412  | Skipping TextLine with null bounds: TextLine{ "" conf:NaN}
2026-05-10 17:46:54,273 WARN [Let Your Glory Fall-lead-G#2]          TextBuilder.java:412  | Skipping TextLine with null bounds: TextLine{ "" conf:NaN}
2026-05-10 17:46:54,273 WARN [Let Your Glory Fall-lead-G#2]          TextBuilder.java:412  | Skipping TextLine with null bounds: TextLine{ "" conf:NaN}
2026-05-10 17:46:54,274 WARN [Let Your Glory Fall-lead-G#2]          TextBuilder.java:412  | Skipping TextLine with null bounds: TextLine{ "" conf:NaN}
2026-05-10 17:46:54,275 WARN [Let Your Glory Fall-lead-G#2]          TextBuilder.java:412  | Skipping TextLine with null bounds: TextLine{ "" conf:NaN}
2026-05-10 17:46:54,275 WARN [Let Your Glory Fall-lead-G#2]          TextBuilder.java:412  | Skipping TextLine with null bounds: TextLine{ "" conf:NaN}
2026-05-10 17:46:54,275 WARN [Let Your Glory Fall-lead-G#2]          TextBuilder.java:412  | Skipping TextLine with null bounds: TextLine{ "" conf:NaN}
2026-05-10 17:46:54,275 WARN [Let Your Glory Fall-lead-G#2]          TextBuilder.java:412  | Skipping TextLine with null bounds: TextLine{ "" conf:NaN}
2026-05-10 17:46:54,276 WARN [Let Your Glory Fall-lead-G#2]          TextBuilder.java:412  | Skipping TextLine with null bounds: TextLine{ "" conf:NaN}
2026-05-10 17:46:54,276 WARN [Let Your Glory Fall-lead-G#2]          TextBuilder.java:412  | Skipping TextLine with null bounds: TextLine{ "" conf:NaN}
2026-05-10 17:46:54,276 WARN [Let Your Glory Fall-lead-G#2]          TextBuilder.java:412  | Skipping TextLine with null bounds: TextLine{ "" conf:NaN}
2026-05-10 17:46:54,277 WARN [Let Your Glory Fall-lead-G#2]          TextBuilder.java:412  | Skipping TextLine with null bounds: TextLine{ "" conf:NaN}
2026-05-10 17:46:54,277 WARN [Let Your Glory Fall-lead-G#2]          TextBuilder.java:412  | Skipping TextLine with null bounds: TextLine{ "" conf:NaN}
2026-05-10 17:46:54,277 WARN [Let Your Glory Fall-lead-G#2]          TextBuilder.java:412  | Skipping TextLine with null bounds: TextLine{ "" conf:NaN}
2026-05-10 17:46:54,277 WARN [Let Your Glory Fall-lead-G#2]          TextBuilder.java:412  | Skipping TextLine with null bounds: TextLine{ "" conf:NaN}
2026-05-10 17:46:54,278 WARN [Let Your Glory Fall-lead-G#2]          TextBuilder.java:412  | Skipping TextLine with null bounds: TextLine{ "" conf:NaN}
2026-05-10 17:46:54,278 WARN [Let Your Glory Fall-lead-G#2]          TextBuilder.java:412  | Skipping TextLine with null bounds: TextLine{ "" conf:NaN}
2026-05-10 17:46:54,278 WARN [Let Your Glory Fall-lead-G#2]          TextBuilder.java:412  | Skipping TextLine with null bounds: TextLine{ "" conf:NaN}
2026-05-10 17:46:54,278 WARN [Let Your Glory Fall-lead-G#2]          TextBuilder.java:412  | Skipping TextLine with null bounds: TextLine{ "" conf:NaN}
2026-05-10 17:46:54,279 WARN [Let Your Glory Fall-lead-G#2]          TextBuilder.java:412  | Skipping TextLine with null bounds: TextLine{ "" conf:NaN}
2026-05-10 17:46:54,280 WARN [Let Your Glory Fall-lead-G#2]          TextBuilder.java:412  | Skipping TextLine with null bounds: TextLine{ "" conf:NaN}
2026-05-10 17:46:54,280 WARN [Let Your Glory Fall-lead-G#2]          TextBuilder.java:412  | Skipping TextLine with null bounds: TextLine{ "" conf:NaN}
2026-05-10 17:46:54,281 WARN [Let Your Glory Fall-lead-G#2]          TextBuilder.java:412  | Skipping TextLine with null bounds: TextLine{ "" conf:NaN}
2026-05-10 17:46:54,281 WARN [Let Your Glory Fall-lead-G#2]          TextBuilder.java:412  | Skipping TextLine with null bounds: TextLine{ "" conf:NaN}
2026-05-10 17:46:54,281 WARN [Let Your Glory Fall-lead-G#2]          TextBuilder.java:412  | Skipping TextLine with null bounds: TextLine{ "" conf:NaN}
2026-05-10 17:46:54,281 WARN [Let Your Glory Fall-lead-G#2]          TextBuilder.java:412  | Skipping TextLine with null bounds: TextLine{ "" conf:NaN}
2026-05-10 17:46:54,282 WARN [Let Your Glory Fall-lead-G#2]          TextBuilder.java:412  | Skipping TextLine with null bounds: TextLine{ "" conf:NaN}
2026-05-10 17:46:54,282 WARN [Let Your Glory Fall-lead-G#2]          TextBuilder.java:412  | Skipping TextLine with null bounds: TextLine{ "" conf:NaN}
2026-05-10 17:46:54,282 WARN [Let Your Glory Fall-lead-G#2]          TextBuilder.java:412  | Skipping TextLine with null bounds: TextLine{ "" conf:NaN}
2026-05-10 17:46:54,282 WARN [Let Your Glory Fall-lead-G#2]          TextBuilder.java:412  | Skipping TextLine with null bounds: TextLine{ "" conf:NaN}
2026-05-10 17:46:54,283 WARN [Let Your Glory Fall-lead-G#2]          TextBuilder.java:412  | Skipping TextLine with null bounds: TextLine{ "" conf:NaN}
2026-05-10 17:46:54,283 WARN [Let Your Glory Fall-lead-G#2]          TextBuilder.java:412  | Skipping TextLine with null bounds: TextLine{ "" conf:NaN}
2026-05-10 17:46:54,283 WARN [Let Your Glory Fall-lead-G#2]          TextBuilder.java:412  | Skipping TextLine with null bounds: TextLine{ "" conf:NaN}
2026-05-10 17:46:54,284 WARN [Let Your Glory Fall-lead-G#2]          TextBuilder.java:412  | Skipping TextLine with null bounds: TextLine{ "" conf:NaN}
2026-05-10 17:46:54,284 WARN [Let Your Glory Fall-lead-G#2]          TextBuilder.java:412  | Skipping TextLine with null bounds: TextLine{ "" conf:NaN}
2026-05-10 17:46:54,284 WARN [Let Your Glory Fall-lead-G#2]          TextBuilder.java:412  | Skipping TextLine with null bounds: TextLine{ "" conf:NaN}
2026-05-10 17:46:54,285 WARN [Let Your Glory Fall-lead-G#2]          TextBuilder.java:412  | Skipping TextLine with null bounds: TextLine{ "" conf:NaN}
2026-05-10 17:46:54,286 WARN [Let Your Glory Fall-lead-G#2]          TextBuilder.java:412  | Skipping TextLine with null bounds: TextLine{ "" conf:NaN}
2026-05-10 17:46:54,286 WARN [Let Your Glory Fall-lead-G#2]          TextBuilder.java:412  | Skipping TextLine with null bounds: TextLine{ "" conf:NaN}
2026-05-10 17:46:54,286 WARN [Let Your Glory Fall-lead-G#2]          TextBuilder.java:412  | Skipping TextLine with null bounds: TextLine{ "" conf:NaN}
2026-05-10 17:46:54,287 WARN [Let Your Glory Fall-lead-G#2]          TextBuilder.java:412  | Skipping TextLine with null bounds: TextLine{ "" conf:NaN}
2026-05-10 17:46:54,287 WARN [Let Your Glory Fall-lead-G#2]          TextBuilder.java:412  | Skipping TextLine with null bounds: TextLine{ "" conf:NaN}
2026-05-10 17:46:54,287 WARN [Let Your Glory Fall-lead-G#2]          TextBuilder.java:412  | Skipping TextLine with null bounds: TextLine{ "" conf:NaN}
2026-05-10 17:46:54,288 WARN [Let Your Glory Fall-lead-G#2]          TextBuilder.java:412  | Skipping TextLine with null bounds: TextLine{ "" conf:NaN}
2026-05-10 17:46:54,288 WARN [Let Your Glory Fall-lead-G#2]          TextBuilder.java:412  | Skipping TextLine with null bounds: TextLine{ "" conf:NaN}
2026-05-10 17:46:54,288 WARN [Let Your Glory Fall-lead-G#2]          TextBuilder.java:412  | Skipping TextLine with null bounds: TextLine{ "" conf:NaN}
2026-05-10 17:46:54,288 WARN [Let Your Glory Fall-lead-G#2]          TextBuilder.java:412  | Skipping TextLine with null bounds: TextLine{ "" conf:NaN}
2026-05-10 17:46:54,289 WARN [Let Your Glory Fall-lead-G#2]          TextBuilder.java:412  | Skipping TextLine with null bounds: TextLine{ "" conf:NaN}
2026-05-10 17:46:54,289 WARN [Let Your Glory Fall-lead-G#2]          TextBuilder.java:412  | Skipping TextLine with null bounds: TextLine{ "" conf:NaN}
2026-05-10 17:46:54,289 WARN [Let Your Glory Fall-lead-G#2]          TextBuilder.java:412  | Skipping TextLine with null bounds: TextLine{ "" conf:NaN}
2026-05-10 17:46:54,290 WARN [Let Your Glory Fall-lead-G#2]          TextBuilder.java:412  | Skipping TextLine with null bounds: TextLine{ "" conf:NaN}
2026-05-10 17:46:54,290 WARN [Let Your Glory Fall-lead-G#2]          TextBuilder.java:412  | Skipping TextLine with null bounds: TextLine{ "" conf:NaN}
2026-05-10 17:46:54,291 WARN [Let Your Glory Fall-lead-G#2]          TextBuilder.java:412  | Skipping TextLine with null bounds: TextLine{ "" conf:NaN}
2026-05-10 17:46:54,291 WARN [Let Your Glory Fall-lead-G#2]          TextBuilder.java:412  | Skipping TextLine with null bounds: TextLine{ "" conf:NaN}
2026-05-10 17:46:54,291 WARN [Let Your Glory Fall-lead-G#2]          TextBuilder.java:412  | Skipping TextLine with null bounds: TextLine{ "" conf:NaN}
2026-05-10 17:46:54,291 WARN [Let Your Glory Fall-lead-G#2]          TextBuilder.java:412  | Skipping TextLine with null bounds: TextLine{ "" conf:NaN}
2026-05-10 17:46:54,291 WARN [Let Your Glory Fall-lead-G#2]          TextBuilder.java:412  | Skipping TextLine with null bounds: TextLine{ "" conf:NaN}
2026-05-10 17:46:54,291 WARN [Let Your Glory Fall-lead-G#2]          TextBuilder.java:412  | Skipping TextLine with null bounds: TextLine{ "" conf:NaN}
2026-05-10 17:46:54,292 WARN [Let Your Glory Fall-lead-G#2]          TextBuilder.java:412  | Skipping TextLine with null bounds: TextLine{ "" conf:NaN}
2026-05-10 17:46:54,292 WARN [Let Your Glory Fall-lead-G#2]          TextBuilder.java:412  | Skipping TextLine with null bounds: TextLine{ "" conf:NaN}
2026-05-10 17:46:54,292 WARN [Let Your Glory Fall-lead-G#2]          TextBuilder.java:412  | Skipping TextLine with null bounds: TextLine{ "" conf:NaN}
2026-05-10 17:46:54,293 WARN [Let Your Glory Fall-lead-G#2]          TextBuilder.java:412  | Skipping TextLine with null bounds: TextLine{ "" conf:NaN}
2026-05-10 17:46:54,293 WARN [Let Your Glory Fall-lead-G#2]          TextBuilder.java:412  | Skipping TextLine with null bounds: TextLine{ "" conf:NaN}
2026-05-10 17:46:54,293 WARN [Let Your Glory Fall-lead-G#2]          TextBuilder.java:412  | Skipping TextLine with null bounds: TextLine{ "" conf:NaN}
2026-05-10 17:46:54,294 WARN [Let Your Glory Fall-lead-G#2]          TextBuilder.java:412  | Skipping TextLine with null bounds: TextLine{ "" conf:NaN}
2026-05-10 17:46:54,294 WARN [Let Your Glory Fall-lead-G#2]          TextBuilder.java:412  | Skipping TextLine with null bounds: TextLine{ "" conf:NaN}
2026-05-10 17:46:54,294 WARN [Let Your Glory Fall-lead-G#2]          TextBuilder.java:412  | Skipping TextLine with null bounds: TextLine{ "" conf:NaN}
2026-05-10 17:46:57,350 INFO [Let Your Glory Fall-lead-G#2]           PageRhythm.java:176  | {Page#2.1} Starting PageRhythm time signature check
2026-05-10 17:46:57,351 INFO [Let Your Glory Fall-lead-G#2]           PageRhythm.java:178  | {Page#2.1} Initial range state: Range{SN1-} → ts: null
2026-05-10 17:46:57,352 INFO [Let Your Glory Fall-lead-G#2]           PageRhythm.java:184  | {Page#2.1} Checking range: Range{SN1-}, ts: null
2026-05-10 17:46:57,352 INFO [Let Your Glory Fall-lead-G#2]           PageRhythm.java:207  | {Page#2.1} Time value reused from sheet#1
2026-05-10 17:46:57,352 INFO [Let Your Glory Fall-lead-G#2]           PageRhythm.java:277  | Last range: Range{SN1-15 tRat:4/4 dur:1}
2026-05-10 17:46:57,352 INFO [Let Your Glory Fall-lead-G#2]           PageRhythm.java:278  | lastRange.timeRational = 4/4
2026-05-10 17:46:57,353 INFO [Let Your Glory Fall-lead-G#2]           PageRhythm.java:279  | lastRange.ts = null
2026-05-10 17:46:57,353 DEBUG [Let Your Glory Fall-lead-G#2]           PageRhythm.java:121  | MeasureStack#1 frats: 4 [4614, 4929, 4616, 4933]
2026-05-10 17:46:57,354 DEBUG [Let Your Glory Fall-lead-G#2]           PageRhythm.java:121  | MeasureStack#2 frats: 1 [4934]
2026-05-10 17:46:57,354 DEBUG [Let Your Glory Fall-lead-G#2]           PageRhythm.java:121  | MeasureStack#3 frats: 1 [4935]
2026-05-10 17:46:57,354 DEBUG [Let Your Glory Fall-lead-G#2]           PageRhythm.java:121  | MeasureStack#4 frats: 2 [4932, 4783]
2026-05-10 17:46:57,354 DEBUG [Let Your Glory Fall-lead-G#2]           PageRhythm.java:121  | MeasureStack#5 frats: 4 [5309, 5316, 4949, 5310]
2026-05-10 17:46:57,354 DEBUG [Let Your Glory Fall-lead-G#2]           PageRhythm.java:121  | MeasureStack#6 frats: 4 [5311, 5317, 5086, 5313]
2026-05-10 17:46:57,354 DEBUG [Let Your Glory Fall-lead-G#2]           PageRhythm.java:121  | MeasureStack#7 frats: 4 [5314, 5318, 5175, 5315]
2026-05-10 17:46:57,356 DEBUG [Let Your Glory Fall-lead-G#2]           PageRhythm.java:121  | MeasureStack#8 frats: 4 [5679, 5687, 5367, 5680]
2026-05-10 17:46:57,356 DEBUG [Let Your Glory Fall-lead-G#2]           PageRhythm.java:121  | MeasureStack#9 frats: 4 [5681, 5688, 5444, 5682]
2026-05-10 17:46:57,357 DEBUG [Let Your Glory Fall-lead-G#2]           PageRhythm.java:121  | MeasureStack#10 frats: 4 [5684, 5511, 5685, 5689]
2026-05-10 17:46:57,357 DEBUG [Let Your Glory Fall-lead-G#2]           PageRhythm.java:121  | MeasureStack#11 frats: 1 [5690]
2026-05-10 17:46:57,357 DEBUG [Let Your Glory Fall-lead-G#2]           PageRhythm.java:121  | MeasureStack#12 frats: 2 [5693, 5955]
2026-05-10 17:46:57,357 DEBUG [Let Your Glory Fall-lead-G#2]           PageRhythm.java:121  | MeasureStack#13 frats: 0 []
2026-05-10 17:46:57,357 DEBUG [Let Your Glory Fall-lead-G#2]           PageRhythm.java:121  | MeasureStack#14 frats: 1 [5956]
2026-05-10 17:46:57,357 DEBUG [Let Your Glory Fall-lead-G#2]           PageRhythm.java:121  | MeasureStack#15 frats: 0 []
2026-05-10 17:46:57,358 DEBUG [Let Your Glory Fall-lead-G#2]           PageRhythm.java:325  | Starting Range{SN1-15 tRat:4/4 dur:1}
2026-05-10 17:46:57,358 DEBUG [Let Your Glory Fall-lead-G#2]           PageRhythm.java:329  | About to process StackRhythm for MeasureStack#1
2026-05-10 17:46:57,358 DEBUG [Let Your Glory Fall-lead-G#2]          StackRhythm.java:221  | Setting expectedDuration=1 for stack on page 1
2026-05-10 17:46:57,360 INFO [Let Your Glory Fall-lead-G#2]          StackRhythm.java:226  | S1 MeasureStack#1 no correct rhythm
2026-05-10 17:46:57,360 DEBUG [Let Your Glory Fall-lead-G#2]           PageRhythm.java:331  | Finished processing StackRhythm for MeasureStack#1
2026-05-10 17:46:57,360 DEBUG [Let Your Glory Fall-lead-G#2]           PageRhythm.java:329  | About to process StackRhythm for MeasureStack#2
2026-05-10 17:46:57,360 DEBUG [Let Your Glory Fall-lead-G#2]          StackRhythm.java:221  | Setting expectedDuration=1 for stack on page 2
2026-05-10 17:46:57,362 DEBUG [Let Your Glory Fall-lead-G#2]           PageRhythm.java:331  | Finished processing StackRhythm for MeasureStack#2
2026-05-10 17:46:57,362 DEBUG [Let Your Glory Fall-lead-G#2]           PageRhythm.java:329  | About to process StackRhythm for MeasureStack#3
2026-05-10 17:46:57,362 DEBUG [Let Your Glory Fall-lead-G#2]          StackRhythm.java:221  | Setting expectedDuration=1 for stack on page 3
2026-05-10 17:46:57,363 DEBUG [Let Your Glory Fall-lead-G#2]           PageRhythm.java:331  | Finished processing StackRhythm for MeasureStack#3
2026-05-10 17:46:57,363 DEBUG [Let Your Glory Fall-lead-G#2]           PageRhythm.java:329  | About to process StackRhythm for MeasureStack#4
2026-05-10 17:46:57,363 DEBUG [Let Your Glory Fall-lead-G#2]          StackRhythm.java:221  | Setting expectedDuration=1 for stack on page 4
2026-05-10 17:46:57,363 DEBUG [Let Your Glory Fall-lead-G#2]           PageRhythm.java:331  | Finished processing StackRhythm for MeasureStack#4
2026-05-10 17:46:57,365 DEBUG [Let Your Glory Fall-lead-G#2]           PageRhythm.java:329  | About to process StackRhythm for MeasureStack#5
2026-05-10 17:46:57,365 DEBUG [Let Your Glory Fall-lead-G#2]          StackRhythm.java:221  | Setting expectedDuration=1 for stack on page 5
2026-05-10 17:46:57,366 INFO [Let Your Glory Fall-lead-G#2]          StackRhythm.java:226  | S2 MeasureStack#5 no correct rhythm
2026-05-10 17:46:57,367 DEBUG [Let Your Glory Fall-lead-G#2]           PageRhythm.java:331  | Finished processing StackRhythm for MeasureStack#5
2026-05-10 17:46:57,367 DEBUG [Let Your Glory Fall-lead-G#2]           PageRhythm.java:329  | About to process StackRhythm for MeasureStack#6
2026-05-10 17:46:57,368 DEBUG [Let Your Glory Fall-lead-G#2]          StackRhythm.java:221  | Setting expectedDuration=1 for stack on page 6
2026-05-10 17:46:57,369 INFO [Let Your Glory Fall-lead-G#2]          StackRhythm.java:226  | S2 MeasureStack#6 no correct rhythm
2026-05-10 17:46:57,369 DEBUG [Let Your Glory Fall-lead-G#2]           PageRhythm.java:331  | Finished processing StackRhythm for MeasureStack#6
2026-05-10 17:46:57,370 DEBUG [Let Your Glory Fall-lead-G#2]           PageRhythm.java:329  | About to process StackRhythm for MeasureStack#7
2026-05-10 17:46:57,370 DEBUG [Let Your Glory Fall-lead-G#2]          StackRhythm.java:221  | Setting expectedDuration=1 for stack on page 7
2026-05-10 17:46:57,371 INFO [Let Your Glory Fall-lead-G#2]          StackRhythm.java:226  | S2 MeasureStack#7 no correct rhythm
2026-05-10 17:46:57,371 DEBUG [Let Your Glory Fall-lead-G#2]           PageRhythm.java:331  | Finished processing StackRhythm for MeasureStack#7
2026-05-10 17:46:57,371 DEBUG [Let Your Glory Fall-lead-G#2]           PageRhythm.java:329  | About to process StackRhythm for MeasureStack#8
2026-05-10 17:46:57,372 DEBUG [Let Your Glory Fall-lead-G#2]          StackRhythm.java:221  | Setting expectedDuration=1 for stack on page 8
2026-05-10 17:46:57,372 INFO [Let Your Glory Fall-lead-G#2]          StackRhythm.java:226  | S3 MeasureStack#8 no correct rhythm
2026-05-10 17:46:57,373 DEBUG [Let Your Glory Fall-lead-G#2]           PageRhythm.java:331  | Finished processing StackRhythm for MeasureStack#8
2026-05-10 17:46:57,373 DEBUG [Let Your Glory Fall-lead-G#2]           PageRhythm.java:329  | About to process StackRhythm for MeasureStack#9
2026-05-10 17:46:57,373 DEBUG [Let Your Glory Fall-lead-G#2]          StackRhythm.java:221  | Setting expectedDuration=1 for stack on page 9
2026-05-10 17:46:57,374 INFO [Let Your Glory Fall-lead-G#2]          StackRhythm.java:226  | S3 MeasureStack#9 no correct rhythm
2026-05-10 17:46:57,376 DEBUG [Let Your Glory Fall-lead-G#2]           PageRhythm.java:331  | Finished processing StackRhythm for MeasureStack#9
2026-05-10 17:46:57,376 DEBUG [Let Your Glory Fall-lead-G#2]           PageRhythm.java:329  | About to process StackRhythm for MeasureStack#10
2026-05-10 17:46:57,376 DEBUG [Let Your Glory Fall-lead-G#2]          StackRhythm.java:221  | Setting expectedDuration=1 for stack on page 10
2026-05-10 17:46:57,378 DEBUG [Let Your Glory Fall-lead-G#2]           PageRhythm.java:331  | Finished processing StackRhythm for MeasureStack#10
2026-05-10 17:46:57,378 DEBUG [Let Your Glory Fall-lead-G#2]           PageRhythm.java:329  | About to process StackRhythm for MeasureStack#11
2026-05-10 17:46:57,378 DEBUG [Let Your Glory Fall-lead-G#2]          StackRhythm.java:221  | Setting expectedDuration=1 for stack on page 11
2026-05-10 17:46:57,379 DEBUG [Let Your Glory Fall-lead-G#2]           PageRhythm.java:331  | Finished processing StackRhythm for MeasureStack#11
2026-05-10 17:46:57,379 DEBUG [Let Your Glory Fall-lead-G#2]           PageRhythm.java:329  | About to process StackRhythm for MeasureStack#12
2026-05-10 17:46:57,380 DEBUG [Let Your Glory Fall-lead-G#2]          StackRhythm.java:221  | Setting expectedDuration=1 for stack on page 12
2026-05-10 17:46:57,380 DEBUG [Let Your Glory Fall-lead-G#2]           PageRhythm.java:331  | Finished processing StackRhythm for MeasureStack#12
2026-05-10 17:46:57,381 DEBUG [Let Your Glory Fall-lead-G#2]           PageRhythm.java:329  | About to process StackRhythm for MeasureStack#13
2026-05-10 17:46:57,381 DEBUG [Let Your Glory Fall-lead-G#2]          StackRhythm.java:221  | Setting expectedDuration=1 for stack on page 13
2026-05-10 17:46:57,382 DEBUG [Let Your Glory Fall-lead-G#2]           PageRhythm.java:331  | Finished processing StackRhythm for MeasureStack#13
2026-05-10 17:46:57,382 DEBUG [Let Your Glory Fall-lead-G#2]           PageRhythm.java:329  | About to process StackRhythm for MeasureStack#14
2026-05-10 17:46:57,383 DEBUG [Let Your Glory Fall-lead-G#2]          StackRhythm.java:221  | Setting expectedDuration=1 for stack on page 14
2026-05-10 17:46:57,383 DEBUG [Let Your Glory Fall-lead-G#2]           PageRhythm.java:331  | Finished processing StackRhythm for MeasureStack#14
2026-05-10 17:46:57,383 DEBUG [Let Your Glory Fall-lead-G#2]           PageRhythm.java:329  | About to process StackRhythm for MeasureStack#15
2026-05-10 17:46:57,384 DEBUG [Let Your Glory Fall-lead-G#2]          StackRhythm.java:221  | Setting expectedDuration=1 for stack on page 15
2026-05-10 17:46:57,384 DEBUG [Let Your Glory Fall-lead-G#2]           PageRhythm.java:331  | Finished processing StackRhythm for MeasureStack#15
