2026-05-10 19:20:11,586 WARN [Revelation Song-lead-D#1]          TextBuilder.java:412  | Skipping TextLine with null bounds: TextLine{ "" conf:NaN}
2026-05-10 19:20:11,588 WARN [Revelation Song-lead-D#1]          TextBuilder.java:412  | Skipping TextLine with null bounds: TextLine{ "" conf:NaN}
2026-05-10 19:20:11,589 WARN [Revelation Song-lead-D#1]          TextBuilder.java:412  | Skipping TextLine with null bounds: TextLine{ "" conf:NaN}
2026-05-10 19:20:11,589 WARN [Revelation Song-lead-D#1]          TextBuilder.java:412  | Skipping TextLine with null bounds: TextLine{ "" conf:NaN}
2026-05-10 19:20:11,591 WARN [Revelation Song-lead-D#1]          TextBuilder.java:412  | Skipping TextLine with null bounds: TextLine{ "" conf:NaN}
2026-05-10 19:20:11,591 WARN [Revelation Song-lead-D#1]          TextBuilder.java:412  | Skipping TextLine with null bounds: TextLine{ "" conf:NaN}
2026-05-10 19:20:11,591 WARN [Revelation Song-lead-D#1]          TextBuilder.java:412  | Skipping TextLine with null bounds: TextLine{ "" conf:NaN}
2026-05-10 19:20:11,591 WARN [Revelation Song-lead-D#1]          TextBuilder.java:412  | Skipping TextLine with null bounds: TextLine{ "" conf:NaN}
2026-05-10 19:20:11,591 WARN [Revelation Song-lead-D#1]          TextBuilder.java:412  | Skipping TextLine with null bounds: TextLine{ "" conf:NaN}
2026-05-10 19:20:11,593 WARN [Revelation Song-lead-D#1]          TextBuilder.java:412  | Skipping TextLine with null bounds: TextLine{ "" conf:NaN}
2026-05-10 19:20:11,593 WARN [Revelation Song-lead-D#1]          TextBuilder.java:412  | Skipping TextLine with null bounds: TextLine{ "" conf:NaN}
2026-05-10 19:20:11,593 WARN [Revelation Song-lead-D#1]          TextBuilder.java:412  | Skipping TextLine with null bounds: TextLine{ "" conf:NaN}
2026-05-10 19:20:11,594 WARN [Revelation Song-lead-D#1]          TextBuilder.java:412  | Skipping TextLine with null bounds: TextLine{ "" conf:NaN}
2026-05-10 19:20:11,594 WARN [Revelation Song-lead-D#1]          TextBuilder.java:412  | Skipping TextLine with null bounds: TextLine{ "" conf:NaN}
2026-05-10 19:20:11,595 WARN [Revelation Song-lead-D#1]          TextBuilder.java:412  | Skipping TextLine with null bounds: TextLine{ "" conf:NaN}
2026-05-10 19:20:11,595 WARN [Revelation Song-lead-D#1]          TextBuilder.java:412  | Skipping TextLine with null bounds: TextLine{ "" conf:NaN}
2026-05-10 19:20:11,595 WARN [Revelation Song-lead-D#1]          TextBuilder.java:412  | Skipping TextLine with null bounds: TextLine{ "" conf:NaN}
2026-05-10 19:20:11,595 WARN [Revelation Song-lead-D#1]          TextBuilder.java:412  | Skipping TextLine with null bounds: TextLine{ "" conf:NaN}
2026-05-10 19:20:11,595 WARN [Revelation Song-lead-D#1]          TextBuilder.java:412  | Skipping TextLine with null bounds: TextLine{ "" conf:NaN}
2026-05-10 19:20:11,597 WARN [Revelation Song-lead-D#1]          TextBuilder.java:412  | Skipping TextLine with null bounds: TextLine{ "" conf:NaN}
2026-05-10 19:20:11,598 WARN [Revelation Song-lead-D#1]          TextBuilder.java:412  | Skipping TextLine with null bounds: TextLine{ "" conf:NaN}
2026-05-10 19:20:11,598 WARN [Revelation Song-lead-D#1]          TextBuilder.java:412  | Skipping TextLine with null bounds: TextLine{ "" conf:NaN}
2026-05-10 19:20:11,598 WARN [Revelation Song-lead-D#1]          TextBuilder.java:412  | Skipping TextLine with null bounds: TextLine{ "" conf:NaN}
2026-05-10 19:20:11,598 WARN [Revelation Song-lead-D#1]          TextBuilder.java:412  | Skipping TextLine with null bounds: TextLine{ "" conf:NaN}
2026-05-10 19:20:11,599 WARN [Revelation Song-lead-D#1]          TextBuilder.java:412  | Skipping TextLine with null bounds: TextLine{ "" conf:NaN}
2026-05-10 19:20:11,599 WARN [Revelation Song-lead-D#1]          TextBuilder.java:412  | Skipping TextLine with null bounds: TextLine{ "" conf:NaN}
2026-05-10 19:20:11,599 WARN [Revelation Song-lead-D#1]          TextBuilder.java:412  | Skipping TextLine with null bounds: TextLine{ "" conf:NaN}
2026-05-10 19:20:11,600 WARN [Revelation Song-lead-D#1]          TextBuilder.java:412  | Skipping TextLine with null bounds: TextLine{ "" conf:NaN}
2026-05-10 19:20:11,600 WARN [Revelation Song-lead-D#1]          TextBuilder.java:412  | Skipping TextLine with null bounds: TextLine{ "" conf:NaN}
2026-05-10 19:20:11,600 WARN [Revelation Song-lead-D#1]          TextBuilder.java:412  | Skipping TextLine with null bounds: TextLine{ "" conf:NaN}
2026-05-10 19:20:11,600 WARN [Revelation Song-lead-D#1]          TextBuilder.java:412  | Skipping TextLine with null bounds: TextLine{ "" conf:NaN}
2026-05-10 19:20:11,601 WARN [Revelation Song-lead-D#1]          TextBuilder.java:412  | Skipping TextLine with null bounds: TextLine{ "" conf:NaN}
2026-05-10 19:20:11,601 WARN [Revelation Song-lead-D#1]          TextBuilder.java:412  | Skipping TextLine with null bounds: TextLine{ "" conf:NaN}
2026-05-10 19:20:11,602 WARN [Revelation Song-lead-D#1]          TextBuilder.java:412  | Skipping TextLine with null bounds: TextLine{ "" conf:NaN}
2026-05-10 19:20:11,602 WARN [Revelation Song-lead-D#1]          TextBuilder.java:412  | Skipping TextLine with null bounds: TextLine{ "" conf:NaN}
2026-05-10 19:20:11,602 WARN [Revelation Song-lead-D#1]          TextBuilder.java:412  | Skipping TextLine with null bounds: TextLine{ "" conf:NaN}
2026-05-10 19:20:11,602 WARN [Revelation Song-lead-D#1]          TextBuilder.java:412  | Skipping TextLine with null bounds: TextLine{ "" conf:NaN}
2026-05-10 19:20:11,602 WARN [Revelation Song-lead-D#1]          TextBuilder.java:412  | Skipping TextLine with null bounds: TextLine{ "" conf:NaN}
2026-05-10 19:20:11,603 WARN [Revelation Song-lead-D#1]          TextBuilder.java:412  | Skipping TextLine with null bounds: TextLine{ "" conf:NaN}
2026-05-10 19:20:11,603 WARN [Revelation Song-lead-D#1]          TextBuilder.java:412  | Skipping TextLine with null bounds: TextLine{ "" conf:NaN}
2026-05-10 19:20:11,603 WARN [Revelation Song-lead-D#1]          TextBuilder.java:412  | Skipping TextLine with null bounds: TextLine{ "" conf:NaN}
2026-05-10 19:20:11,604 WARN [Revelation Song-lead-D#1]          TextBuilder.java:412  | Skipping TextLine with null bounds: TextLine{ "" conf:NaN}
2026-05-10 19:20:11,604 WARN [Revelation Song-lead-D#1]          TextBuilder.java:412  | Skipping TextLine with null bounds: TextLine{ "" conf:NaN}
2026-05-10 19:20:11,604 WARN [Revelation Song-lead-D#1]          TextBuilder.java:412  | Skipping TextLine with null bounds: TextLine{ "" conf:NaN}
2026-05-10 19:20:11,605 WARN [Revelation Song-lead-D#1]          TextBuilder.java:412  | Skipping TextLine with null bounds: TextLine{ "" conf:NaN}
2026-05-10 19:20:11,606 WARN [Revelation Song-lead-D#1]          TextBuilder.java:412  | Skipping TextLine with null bounds: TextLine{ "" conf:NaN}
2026-05-10 19:20:11,607 WARN [Revelation Song-lead-D#1]          TextBuilder.java:412  | Skipping TextLine with null bounds: TextLine{ "" conf:NaN}
2026-05-10 19:20:11,607 WARN [Revelation Song-lead-D#1]          TextBuilder.java:412  | Skipping TextLine with null bounds: TextLine{ "" conf:NaN}
2026-05-10 19:20:11,608 WARN [Revelation Song-lead-D#1]          TextBuilder.java:412  | Skipping TextLine with null bounds: TextLine{ "" conf:NaN}
2026-05-10 19:20:11,608 WARN [Revelation Song-lead-D#1]          TextBuilder.java:412  | Skipping TextLine with null bounds: TextLine{ "" conf:NaN}
2026-05-10 19:20:11,608 WARN [Revelation Song-lead-D#1]          TextBuilder.java:412  | Skipping TextLine with null bounds: TextLine{ "" conf:NaN}
2026-05-10 19:20:11,609 WARN [Revelation Song-lead-D#1]          TextBuilder.java:412  | Skipping TextLine with null bounds: TextLine{ "" conf:NaN}
2026-05-10 19:20:11,609 WARN [Revelation Song-lead-D#1]          TextBuilder.java:412  | Skipping TextLine with null bounds: TextLine{ "" conf:NaN}
2026-05-10 19:20:11,609 WARN [Revelation Song-lead-D#1]          TextBuilder.java:412  | Skipping TextLine with null bounds: TextLine{ "" conf:NaN}
2026-05-10 19:20:11,609 WARN [Revelation Song-lead-D#1]          TextBuilder.java:412  | Skipping TextLine with null bounds: TextLine{ "" conf:NaN}
2026-05-10 19:20:11,610 WARN [Revelation Song-lead-D#1]          TextBuilder.java:412  | Skipping TextLine with null bounds: TextLine{ "" conf:NaN}
2026-05-10 19:20:11,610 WARN [Revelation Song-lead-D#1]          TextBuilder.java:412  | Skipping TextLine with null bounds: TextLine{ "" conf:NaN}
2026-05-10 19:20:11,610 WARN [Revelation Song-lead-D#1]          TextBuilder.java:412  | Skipping TextLine with null bounds: TextLine{ "" conf:NaN}
2026-05-10 19:20:11,611 WARN [Revelation Song-lead-D#1]          TextBuilder.java:412  | Skipping TextLine with null bounds: TextLine{ "" conf:NaN}
2026-05-10 19:20:11,611 WARN [Revelation Song-lead-D#1]          TextBuilder.java:412  | Skipping TextLine with null bounds: TextLine{ "" conf:NaN}
2026-05-10 19:20:11,611 WARN [Revelation Song-lead-D#1]          TextBuilder.java:412  | Skipping TextLine with null bounds: TextLine{ "" conf:NaN}
2026-05-10 19:20:11,611 WARN [Revelation Song-lead-D#1]          TextBuilder.java:412  | Skipping TextLine with null bounds: TextLine{ "" conf:NaN}
2026-05-10 19:20:11,611 WARN [Revelation Song-lead-D#1]          TextBuilder.java:412  | Skipping TextLine with null bounds: TextLine{ "" conf:NaN}
2026-05-10 19:20:11,611 WARN [Revelation Song-lead-D#1]          TextBuilder.java:412  | Skipping TextLine with null bounds: TextLine{ "" conf:NaN}
2026-05-10 19:20:11,611 WARN [Revelation Song-lead-D#1]          TextBuilder.java:412  | Skipping TextLine with null bounds: TextLine{ "" conf:NaN}
2026-05-10 19:20:11,612 WARN [Revelation Song-lead-D#1]          TextBuilder.java:412  | Skipping TextLine with null bounds: TextLine{ "" conf:NaN}
2026-05-10 19:20:11,612 WARN [Revelation Song-lead-D#1]          TextBuilder.java:412  | Skipping TextLine with null bounds: TextLine{ "" conf:NaN}
2026-05-10 19:20:11,612 WARN [Revelation Song-lead-D#1]          TextBuilder.java:412  | Skipping TextLine with null bounds: TextLine{ "" conf:NaN}
2026-05-10 19:20:11,612 WARN [Revelation Song-lead-D#1]          TextBuilder.java:412  | Skipping TextLine with null bounds: TextLine{ "" conf:NaN}
2026-05-10 19:20:11,612 WARN [Revelation Song-lead-D#1]          TextBuilder.java:412  | Skipping TextLine with null bounds: TextLine{ "" conf:NaN}
2026-05-10 19:20:11,614 WARN [Revelation Song-lead-D#1]          TextBuilder.java:412  | Skipping TextLine with null bounds: TextLine{ "" conf:NaN}
2026-05-10 19:20:11,614 WARN [Revelation Song-lead-D#1]          TextBuilder.java:412  | Skipping TextLine with null bounds: TextLine{ "" conf:NaN}
2026-05-10 19:20:11,614 WARN [Revelation Song-lead-D#1]          TextBuilder.java:412  | Skipping TextLine with null bounds: TextLine{ "" conf:NaN}
2026-05-10 19:20:11,614 WARN [Revelation Song-lead-D#1]          TextBuilder.java:412  | Skipping TextLine with null bounds: TextLine{ "" conf:NaN}
2026-05-10 19:20:11,615 WARN [Revelation Song-lead-D#1]          TextBuilder.java:412  | Skipping TextLine with null bounds: TextLine{ "" conf:NaN}
2026-05-10 19:20:11,615 WARN [Revelation Song-lead-D#1]          TextBuilder.java:412  | Skipping TextLine with null bounds: TextLine{ "" conf:NaN}
2026-05-10 19:20:11,615 WARN [Revelation Song-lead-D#1]          TextBuilder.java:412  | Skipping TextLine with null bounds: TextLine{ "" conf:NaN}
2026-05-10 19:20:11,615 WARN [Revelation Song-lead-D#1]          TextBuilder.java:412  | Skipping TextLine with null bounds: TextLine{ "" conf:NaN}
2026-05-10 19:20:11,615 WARN [Revelation Song-lead-D#1]          TextBuilder.java:412  | Skipping TextLine with null bounds: TextLine{ "" conf:NaN}
2026-05-10 19:20:11,616 WARN [Revelation Song-lead-D#1]          TextBuilder.java:412  | Skipping TextLine with null bounds: TextLine{ "" conf:NaN}
2026-05-10 19:20:11,616 WARN [Revelation Song-lead-D#1]          TextBuilder.java:412  | Skipping TextLine with null bounds: TextLine{ "" conf:NaN}
2026-05-10 19:20:11,616 WARN [Revelation Song-lead-D#1]          TextBuilder.java:412  | Skipping TextLine with null bounds: TextLine{ "" conf:NaN}
2026-05-10 19:20:11,616 WARN [Revelation Song-lead-D#1]          TextBuilder.java:412  | Skipping TextLine with null bounds: TextLine{ "" conf:NaN}
2026-05-10 19:20:11,616 WARN [Revelation Song-lead-D#1]          TextBuilder.java:412  | Skipping TextLine with null bounds: TextLine{ "" conf:NaN}
2026-05-10 19:20:11,616 WARN [Revelation Song-lead-D#1]          TextBuilder.java:412  | Skipping TextLine with null bounds: TextLine{ "" conf:NaN}
2026-05-10 19:20:11,616 WARN [Revelation Song-lead-D#1]          TextBuilder.java:412  | Skipping TextLine with null bounds: TextLine{ "" conf:NaN}
2026-05-10 19:20:11,618 WARN [Revelation Song-lead-D#1]          TextBuilder.java:412  | Skipping TextLine with null bounds: TextLine{ "" conf:NaN}
2026-05-10 19:20:11,618 WARN [Revelation Song-lead-D#1]          TextBuilder.java:412  | Skipping TextLine with null bounds: TextLine{ "" conf:NaN}
2026-05-10 19:20:11,618 WARN [Revelation Song-lead-D#1]          TextBuilder.java:412  | Skipping TextLine with null bounds: TextLine{ "" conf:NaN}
2026-05-10 19:20:11,619 WARN [Revelation Song-lead-D#1]          TextBuilder.java:412  | Skipping TextLine with null bounds: TextLine{ "" conf:NaN}
2026-05-10 19:20:11,619 WARN [Revelation Song-lead-D#1]          TextBuilder.java:412  | Skipping TextLine with null bounds: TextLine{ "" conf:NaN}
2026-05-10 19:20:11,620 WARN [Revelation Song-lead-D#1]          TextBuilder.java:412  | Skipping TextLine with null bounds: TextLine{ "" conf:NaN}
2026-05-10 19:20:11,624 WARN [Revelation Song-lead-D#1]          TextBuilder.java:412  | Skipping TextLine with null bounds: TextLine{ "" conf:NaN}
2026-05-10 19:20:11,625 WARN [Revelation Song-lead-D#1]          TextBuilder.java:412  | Skipping TextLine with null bounds: TextLine{ "" conf:NaN}
2026-05-10 19:20:11,625 WARN [Revelation Song-lead-D#1]          TextBuilder.java:412  | Skipping TextLine with null bounds: TextLine{ "" conf:NaN}
2026-05-10 19:20:11,626 WARN [Revelation Song-lead-D#1]          TextBuilder.java:412  | Skipping TextLine with null bounds: TextLine{ "" conf:NaN}
2026-05-10 19:20:11,626 WARN [Revelation Song-lead-D#1]          TextBuilder.java:412  | Skipping TextLine with null bounds: TextLine{ "" conf:NaN}
2026-05-10 19:20:11,627 WARN [Revelation Song-lead-D#1]          TextBuilder.java:412  | Skipping TextLine with null bounds: TextLine{ "" conf:NaN}
2026-05-10 19:20:11,628 WARN [Revelation Song-lead-D#1]          TextBuilder.java:412  | Skipping TextLine with null bounds: TextLine{ "" conf:NaN}
2026-05-10 19:20:11,628 WARN [Revelation Song-lead-D#1]          TextBuilder.java:412  | Skipping TextLine with null bounds: TextLine{ "" conf:NaN}
2026-05-10 19:20:11,628 WARN [Revelation Song-lead-D#1]          TextBuilder.java:412  | Skipping TextLine with null bounds: TextLine{ "" conf:NaN}
2026-05-10 19:20:11,629 WARN [Revelation Song-lead-D#1]          TextBuilder.java:412  | Skipping TextLine with null bounds: TextLine{ "" conf:NaN}
2026-05-10 19:20:11,629 WARN [Revelation Song-lead-D#1]          TextBuilder.java:412  | Skipping TextLine with null bounds: TextLine{ "" conf:NaN}
2026-05-10 19:20:11,630 WARN [Revelation Song-lead-D#1]          TextBuilder.java:412  | Skipping TextLine with null bounds: TextLine{ "" conf:NaN}
2026-05-10 19:20:11,630 WARN [Revelation Song-lead-D#1]          TextBuilder.java:412  | Skipping TextLine with null bounds: TextLine{ "" conf:NaN}
2026-05-10 19:20:11,630 WARN [Revelation Song-lead-D#1]          TextBuilder.java:412  | Skipping TextLine with null bounds: TextLine{ "" conf:NaN}
2026-05-10 19:20:11,631 WARN [Revelation Song-lead-D#1]          TextBuilder.java:412  | Skipping TextLine with null bounds: TextLine{ "" conf:NaN}
2026-05-10 19:20:11,632 WARN [Revelation Song-lead-D#1]          TextBuilder.java:412  | Skipping TextLine with null bounds: TextLine{ "" conf:NaN}
2026-05-10 19:20:11,632 WARN [Revelation Song-lead-D#1]          TextBuilder.java:412  | Skipping TextLine with null bounds: TextLine{ "" conf:NaN}
2026-05-10 19:20:11,632 WARN [Revelation Song-lead-D#1]          TextBuilder.java:412  | Skipping TextLine with null bounds: TextLine{ "" conf:NaN}
2026-05-10 19:20:11,632 WARN [Revelation Song-lead-D#1]          TextBuilder.java:412  | Skipping TextLine with null bounds: TextLine{ "" conf:NaN}
2026-05-10 19:20:11,633 WARN [Revelation Song-lead-D#1]          TextBuilder.java:412  | Skipping TextLine with null bounds: TextLine{ "" conf:NaN}
2026-05-10 19:20:11,633 WARN [Revelation Song-lead-D#1]          TextBuilder.java:412  | Skipping TextLine with null bounds: TextLine{ "" conf:NaN}
2026-05-10 19:20:11,633 WARN [Revelation Song-lead-D#1]          TextBuilder.java:412  | Skipping TextLine with null bounds: TextLine{ "" conf:NaN}
2026-05-10 19:20:11,634 WARN [Revelation Song-lead-D#1]          TextBuilder.java:412  | Skipping TextLine with null bounds: TextLine{ "" conf:NaN}
2026-05-10 19:20:11,634 WARN [Revelation Song-lead-D#1]          TextBuilder.java:412  | Skipping TextLine with null bounds: TextLine{ "" conf:NaN}
2026-05-10 19:20:11,635 WARN [Revelation Song-lead-D#1]          TextBuilder.java:412  | Skipping TextLine with null bounds: TextLine{ "" conf:NaN}
2026-05-10 19:20:11,636 WARN [Revelation Song-lead-D#1]          TextBuilder.java:412  | Skipping TextLine with null bounds: TextLine{ "" conf:NaN}
2026-05-10 19:20:11,637 WARN [Revelation Song-lead-D#1]          TextBuilder.java:412  | Skipping TextLine with null bounds: TextLine{ "" conf:NaN}
2026-05-10 19:20:11,638 WARN [Revelation Song-lead-D#1]          TextBuilder.java:412  | Skipping TextLine with null bounds: TextLine{ "" conf:NaN}
2026-05-10 19:20:11,638 WARN [Revelation Song-lead-D#1]          TextBuilder.java:412  | Skipping TextLine with null bounds: TextLine{ "" conf:NaN}
2026-05-10 19:20:11,638 WARN [Revelation Song-lead-D#1]          TextBuilder.java:412  | Skipping TextLine with null bounds: TextLine{ "" conf:NaN}
2026-05-10 19:20:11,640 WARN [Revelation Song-lead-D#1]          TextBuilder.java:412  | Skipping TextLine with null bounds: TextLine{ "" conf:NaN}
2026-05-10 19:20:11,640 WARN [Revelation Song-lead-D#1]          TextBuilder.java:412  | Skipping TextLine with null bounds: TextLine{ "" conf:NaN}
2026-05-10 19:20:11,640 WARN [Revelation Song-lead-D#1]          TextBuilder.java:412  | Skipping TextLine with null bounds: TextLine{ "" conf:NaN}
2026-05-10 19:20:11,641 WARN [Revelation Song-lead-D#1]          TextBuilder.java:412  | Skipping TextLine with null bounds: TextLine{ "" conf:NaN}
2026-05-10 19:20:11,641 WARN [Revelation Song-lead-D#1]          TextBuilder.java:412  | Skipping TextLine with null bounds: TextLine{ "" conf:NaN}
2026-05-10 19:20:11,641 WARN [Revelation Song-lead-D#1]          TextBuilder.java:412  | Skipping TextLine with null bounds: TextLine{ "" conf:NaN}
2026-05-10 19:20:11,642 WARN [Revelation Song-lead-D#1]          TextBuilder.java:412  | Skipping TextLine with null bounds: TextLine{ "" conf:NaN}
2026-05-10 19:20:11,642 WARN [Revelation Song-lead-D#1]          TextBuilder.java:412  | Skipping TextLine with null bounds: TextLine{ "" conf:NaN}
2026-05-10 19:20:11,642 WARN [Revelation Song-lead-D#1]          TextBuilder.java:412  | Skipping TextLine with null bounds: TextLine{ "" conf:NaN}
2026-05-10 19:20:11,642 WARN [Revelation Song-lead-D#1]          TextBuilder.java:412  | Skipping TextLine with null bounds: TextLine{ "" conf:NaN}
2026-05-10 19:20:11,643 WARN [Revelation Song-lead-D#1]          TextBuilder.java:412  | Skipping TextLine with null bounds: TextLine{ "" conf:NaN}
2026-05-10 19:20:11,643 WARN [Revelation Song-lead-D#1]          TextBuilder.java:412  | Skipping TextLine with null bounds: TextLine{ "" conf:NaN}
2026-05-10 19:20:11,644 WARN [Revelation Song-lead-D#1]          TextBuilder.java:412  | Skipping TextLine with null bounds: TextLine{ "" conf:NaN}
2026-05-10 19:20:11,645 WARN [Revelation Song-lead-D#1]          TextBuilder.java:412  | Skipping TextLine with null bounds: TextLine{ "" conf:NaN}
2026-05-10 19:20:11,645 WARN [Revelation Song-lead-D#1]          TextBuilder.java:412  | Skipping TextLine with null bounds: TextLine{ "" conf:NaN}
2026-05-10 19:20:11,645 WARN [Revelation Song-lead-D#1]          TextBuilder.java:412  | Skipping TextLine with null bounds: TextLine{ "" conf:NaN}
2026-05-10 19:20:11,646 WARN [Revelation Song-lead-D#1]          TextBuilder.java:412  | Skipping TextLine with null bounds: TextLine{ "" conf:NaN}
2026-05-10 19:20:11,646 WARN [Revelation Song-lead-D#1]          TextBuilder.java:412  | Skipping TextLine with null bounds: TextLine{ "" conf:NaN}
2026-05-10 19:20:11,646 WARN [Revelation Song-lead-D#1]          TextBuilder.java:412  | Skipping TextLine with null bounds: TextLine{ "" conf:NaN}
2026-05-10 19:20:11,646 WARN [Revelation Song-lead-D#1]          TextBuilder.java:412  | Skipping TextLine with null bounds: TextLine{ "" conf:NaN}
2026-05-10 19:20:11,647 WARN [Revelation Song-lead-D#1]          TextBuilder.java:412  | Skipping TextLine with null bounds: TextLine{ "" conf:NaN}
2026-05-10 19:20:11,647 WARN [Revelation Song-lead-D#1]          TextBuilder.java:412  | Skipping TextLine with null bounds: TextLine{ "" conf:NaN}
2026-05-10 19:20:11,648 WARN [Revelation Song-lead-D#1]          TextBuilder.java:412  | Skipping TextLine with null bounds: TextLine{ "" conf:NaN}
2026-05-10 19:20:11,648 WARN [Revelation Song-lead-D#1]          TextBuilder.java:412  | Skipping TextLine with null bounds: TextLine{ "" conf:NaN}
2026-05-10 19:20:11,649 WARN [Revelation Song-lead-D#1]          TextBuilder.java:412  | Skipping TextLine with null bounds: TextLine{ "" conf:NaN}
2026-05-10 19:20:11,649 WARN [Revelation Song-lead-D#1]          TextBuilder.java:412  | Skipping TextLine with null bounds: TextLine{ "" conf:NaN}
2026-05-10 19:20:11,650 WARN [Revelation Song-lead-D#1]          TextBuilder.java:412  | Skipping TextLine with null bounds: TextLine{ "" conf:NaN}
2026-05-10 19:20:11,650 WARN [Revelation Song-lead-D#1]          TextBuilder.java:412  | Skipping TextLine with null bounds: TextLine{ "" conf:NaN}
2026-05-10 19:20:11,651 WARN [Revelation Song-lead-D#1]          TextBuilder.java:412  | Skipping TextLine with null bounds: TextLine{ "" conf:NaN}
2026-05-10 19:20:11,651 WARN [Revelation Song-lead-D#1]          TextBuilder.java:412  | Skipping TextLine with null bounds: TextLine{ "" conf:NaN}
2026-05-10 19:20:11,653 WARN [Revelation Song-lead-D#1]          TextBuilder.java:412  | Skipping TextLine with null bounds: TextLine{ "" conf:NaN}
2026-05-10 19:20:11,653 WARN [Revelation Song-lead-D#1]          TextBuilder.java:412  | Skipping TextLine with null bounds: TextLine{ "" conf:NaN}
2026-05-10 19:20:11,653 WARN [Revelation Song-lead-D#1]          TextBuilder.java:412  | Skipping TextLine with null bounds: TextLine{ "" conf:NaN}
2026-05-10 19:20:11,653 WARN [Revelation Song-lead-D#1]          TextBuilder.java:412  | Skipping TextLine with null bounds: TextLine{ "" conf:NaN}
2026-05-10 19:20:11,654 WARN [Revelation Song-lead-D#1]          TextBuilder.java:412  | Skipping TextLine with null bounds: TextLine{ "" conf:NaN}
2026-05-10 19:20:11,654 WARN [Revelation Song-lead-D#1]          TextBuilder.java:412  | Skipping TextLine with null bounds: TextLine{ "" conf:NaN}
2026-05-10 19:20:11,654 WARN [Revelation Song-lead-D#1]          TextBuilder.java:412  | Skipping TextLine with null bounds: TextLine{ "" conf:NaN}
2026-05-10 19:20:11,654 WARN [Revelation Song-lead-D#1]          TextBuilder.java:412  | Skipping TextLine with null bounds: TextLine{ "" conf:NaN}
2026-05-10 19:20:11,654 WARN [Revelation Song-lead-D#1]          TextBuilder.java:412  | Skipping TextLine with null bounds: TextLine{ "" conf:NaN}
2026-05-10 19:20:11,654 WARN [Revelation Song-lead-D#1]          TextBuilder.java:412  | Skipping TextLine with null bounds: TextLine{ "" conf:NaN}
2026-05-10 19:20:11,655 WARN [Revelation Song-lead-D#1]          TextBuilder.java:412  | Skipping TextLine with null bounds: TextLine{ "" conf:NaN}
2026-05-10 19:20:11,655 WARN [Revelation Song-lead-D#1]          TextBuilder.java:412  | Skipping TextLine with null bounds: TextLine{ "" conf:NaN}
2026-05-10 19:20:11,655 WARN [Revelation Song-lead-D#1]          TextBuilder.java:412  | Skipping TextLine with null bounds: TextLine{ "" conf:NaN}
2026-05-10 19:20:11,655 WARN [Revelation Song-lead-D#1]          TextBuilder.java:412  | Skipping TextLine with null bounds: TextLine{ "" conf:NaN}
2026-05-10 19:20:11,656 WARN [Revelation Song-lead-D#1]          TextBuilder.java:412  | Skipping TextLine with null bounds: TextLine{ "" conf:NaN}
2026-05-10 19:20:11,656 WARN [Revelation Song-lead-D#1]          TextBuilder.java:412  | Skipping TextLine with null bounds: TextLine{ "" conf:NaN}
2026-05-10 19:20:11,656 WARN [Revelation Song-lead-D#1]          TextBuilder.java:412  | Skipping TextLine with null bounds: TextLine{ "" conf:NaN}
2026-05-10 19:20:11,656 WARN [Revelation Song-lead-D#1]          TextBuilder.java:412  | Skipping TextLine with null bounds: TextLine{ "" conf:NaN}
2026-05-10 19:20:11,656 WARN [Revelation Song-lead-D#1]          TextBuilder.java:412  | Skipping TextLine with null bounds: TextLine{ "" conf:NaN}
2026-05-10 19:20:11,658 WARN [Revelation Song-lead-D#1]          TextBuilder.java:412  | Skipping TextLine with null bounds: TextLine{ "" conf:NaN}
2026-05-10 19:20:11,658 WARN [Revelation Song-lead-D#1]          TextBuilder.java:412  | Skipping TextLine with null bounds: TextLine{ "" conf:NaN}
2026-05-10 19:20:11,658 WARN [Revelation Song-lead-D#1]          TextBuilder.java:412  | Skipping TextLine with null bounds: TextLine{ "" conf:NaN}
2026-05-10 19:20:11,658 WARN [Revelation Song-lead-D#1]          TextBuilder.java:412  | Skipping TextLine with null bounds: TextLine{ "" conf:NaN}
2026-05-10 19:20:11,659 WARN [Revelation Song-lead-D#1]          TextBuilder.java:412  | Skipping TextLine with null bounds: TextLine{ "" conf:NaN}
2026-05-10 19:20:11,659 WARN [Revelation Song-lead-D#1]          TextBuilder.java:412  | Skipping TextLine with null bounds: TextLine{ "" conf:NaN}
2026-05-10 19:20:11,660 WARN [Revelation Song-lead-D#1]          TextBuilder.java:412  | Skipping TextLine with null bounds: TextLine{ "" conf:NaN}
2026-05-10 19:20:11,660 WARN [Revelation Song-lead-D#1]          TextBuilder.java:412  | Skipping TextLine with null bounds: TextLine{ "" conf:NaN}
2026-05-10 19:20:11,660 WARN [Revelation Song-lead-D#1]          TextBuilder.java:412  | Skipping TextLine with null bounds: TextLine{ "" conf:NaN}
2026-05-10 19:20:11,660 WARN [Revelation Song-lead-D#1]          TextBuilder.java:412  | Skipping TextLine with null bounds: TextLine{ "" conf:NaN}
2026-05-10 19:20:11,661 WARN [Revelation Song-lead-D#1]          TextBuilder.java:412  | Skipping TextLine with null bounds: TextLine{ "" conf:NaN}
2026-05-10 19:20:11,661 WARN [Revelation Song-lead-D#1]          TextBuilder.java:412  | Skipping TextLine with null bounds: TextLine{ "" conf:NaN}
2026-05-10 19:20:11,661 WARN [Revelation Song-lead-D#1]          TextBuilder.java:412  | Skipping TextLine with null bounds: TextLine{ "" conf:NaN}
2026-05-10 19:20:11,661 WARN [Revelation Song-lead-D#1]          TextBuilder.java:412  | Skipping TextLine with null bounds: TextLine{ "" conf:NaN}
2026-05-10 19:20:11,662 WARN [Revelation Song-lead-D#1]          TextBuilder.java:412  | Skipping TextLine with null bounds: TextLine{ "" conf:NaN}
2026-05-10 19:20:11,662 WARN [Revelation Song-lead-D#1]          TextBuilder.java:412  | Skipping TextLine with null bounds: TextLine{ "" conf:NaN}
2026-05-10 19:20:11,662 WARN [Revelation Song-lead-D#1]          TextBuilder.java:412  | Skipping TextLine with null bounds: TextLine{ "" conf:NaN}
2026-05-10 19:20:11,662 WARN [Revelation Song-lead-D#1]          TextBuilder.java:412  | Skipping TextLine with null bounds: TextLine{ "" conf:NaN}
2026-05-10 19:20:11,663 WARN [Revelation Song-lead-D#1]          TextBuilder.java:412  | Skipping TextLine with null bounds: TextLine{ "" conf:NaN}
2026-05-10 19:20:11,664 WARN [Revelation Song-lead-D#1]          TextBuilder.java:412  | Skipping TextLine with null bounds: TextLine{ "" conf:NaN}
2026-05-10 19:20:11,664 WARN [Revelation Song-lead-D#1]          TextBuilder.java:412  | Skipping TextLine with null bounds: TextLine{ "" conf:NaN}
2026-05-10 19:20:11,668 WARN [Revelation Song-lead-D#1]          TextBuilder.java:412  | Skipping TextLine with null bounds: TextLine{ "" conf:NaN}
2026-05-10 19:20:11,670 WARN [Revelation Song-lead-D#1]          TextBuilder.java:412  | Skipping TextLine with null bounds: TextLine{ "" conf:NaN}
2026-05-10 19:20:11,671 WARN [Revelation Song-lead-D#1]          TextBuilder.java:412  | Skipping TextLine with null bounds: TextLine{ "" conf:NaN}
2026-05-10 19:20:11,671 WARN [Revelation Song-lead-D#1]          TextBuilder.java:412  | Skipping TextLine with null bounds: TextLine{ "" conf:NaN}
2026-05-10 19:20:11,672 WARN [Revelation Song-lead-D#1]          TextBuilder.java:412  | Skipping TextLine with null bounds: TextLine{ "" conf:NaN}
2026-05-10 19:20:11,672 WARN [Revelation Song-lead-D#1]          TextBuilder.java:412  | Skipping TextLine with null bounds: TextLine{ "" conf:NaN}
2026-05-10 19:20:11,672 WARN [Revelation Song-lead-D#1]          TextBuilder.java:412  | Skipping TextLine with null bounds: TextLine{ "" conf:NaN}
2026-05-10 19:20:11,673 WARN [Revelation Song-lead-D#1]          TextBuilder.java:412  | Skipping TextLine with null bounds: TextLine{ "" conf:NaN}
2026-05-10 19:20:11,673 WARN [Revelation Song-lead-D#1]          TextBuilder.java:412  | Skipping TextLine with null bounds: TextLine{ "" conf:NaN}
2026-05-10 19:20:11,673 WARN [Revelation Song-lead-D#1]          TextBuilder.java:412  | Skipping TextLine with null bounds: TextLine{ "" conf:NaN}
2026-05-10 19:20:11,673 WARN [Revelation Song-lead-D#1]          TextBuilder.java:412  | Skipping TextLine with null bounds: TextLine{ "" conf:NaN}
2026-05-10 19:20:11,674 WARN [Revelation Song-lead-D#1]          TextBuilder.java:412  | Skipping TextLine with null bounds: TextLine{ "" conf:NaN}
2026-05-10 19:20:11,674 WARN [Revelation Song-lead-D#1]          TextBuilder.java:412  | Skipping TextLine with null bounds: TextLine{ "" conf:NaN}
2026-05-10 19:20:11,675 WARN [Revelation Song-lead-D#1]          TextBuilder.java:412  | Skipping TextLine with null bounds: TextLine{ "" conf:NaN}
2026-05-10 19:20:11,675 WARN [Revelation Song-lead-D#1]          TextBuilder.java:412  | Skipping TextLine with null bounds: TextLine{ "" conf:NaN}
2026-05-10 19:20:11,675 WARN [Revelation Song-lead-D#1]          TextBuilder.java:412  | Skipping TextLine with null bounds: TextLine{ "" conf:NaN}
2026-05-10 19:20:11,675 WARN [Revelation Song-lead-D#1]          TextBuilder.java:412  | Skipping TextLine with null bounds: TextLine{ "" conf:NaN}
2026-05-10 19:20:11,675 WARN [Revelation Song-lead-D#1]          TextBuilder.java:412  | Skipping TextLine with null bounds: TextLine{ "" conf:NaN}
2026-05-10 19:20:11,676 WARN [Revelation Song-lead-D#1]          TextBuilder.java:412  | Skipping TextLine with null bounds: TextLine{ "" conf:NaN}
2026-05-10 19:20:11,676 WARN [Revelation Song-lead-D#1]          TextBuilder.java:412  | Skipping TextLine with null bounds: TextLine{ "" conf:NaN}
2026-05-10 19:20:11,676 WARN [Revelation Song-lead-D#1]          TextBuilder.java:412  | Skipping TextLine with null bounds: TextLine{ "" conf:NaN}
2026-05-10 19:20:11,677 WARN [Revelation Song-lead-D#1]          TextBuilder.java:412  | Skipping TextLine with null bounds: TextLine{ "" conf:NaN}
2026-05-10 19:20:11,677 WARN [Revelation Song-lead-D#1]          TextBuilder.java:412  | Skipping TextLine with null bounds: TextLine{ "" conf:NaN}
2026-05-10 19:20:11,677 WARN [Revelation Song-lead-D#1]          TextBuilder.java:412  | Skipping TextLine with null bounds: TextLine{ "" conf:NaN}
2026-05-10 19:20:11,677 WARN [Revelation Song-lead-D#1]          TextBuilder.java:412  | Skipping TextLine with null bounds: TextLine{ "" conf:NaN}
2026-05-10 19:20:11,677 WARN [Revelation Song-lead-D#1]          TextBuilder.java:412  | Skipping TextLine with null bounds: TextLine{ "" conf:NaN}
2026-05-10 19:20:11,677 WARN [Revelation Song-lead-D#1]          TextBuilder.java:412  | Skipping TextLine with null bounds: TextLine{ "" conf:NaN}
2026-05-10 19:20:11,677 WARN [Revelation Song-lead-D#1]          TextBuilder.java:412  | Skipping TextLine with null bounds: TextLine{ "" conf:NaN}
2026-05-10 19:20:11,678 WARN [Revelation Song-lead-D#1]          TextBuilder.java:412  | Skipping TextLine with null bounds: TextLine{ "" conf:NaN}
2026-05-10 19:20:11,678 WARN [Revelation Song-lead-D#1]          TextBuilder.java:412  | Skipping TextLine with null bounds: TextLine{ "" conf:NaN}
2026-05-10 19:20:11,678 WARN [Revelation Song-lead-D#1]          TextBuilder.java:412  | Skipping TextLine with null bounds: TextLine{ "" conf:NaN}
2026-05-10 19:20:11,678 WARN [Revelation Song-lead-D#1]          TextBuilder.java:412  | Skipping TextLine with null bounds: TextLine{ "" conf:NaN}
2026-05-10 19:20:11,678 WARN [Revelation Song-lead-D#1]          TextBuilder.java:412  | Skipping TextLine with null bounds: TextLine{ "" conf:NaN}
2026-05-10 19:20:11,678 WARN [Revelation Song-lead-D#1]          TextBuilder.java:412  | Skipping TextLine with null bounds: TextLine{ "" conf:NaN}
2026-05-10 19:20:11,678 WARN [Revelation Song-lead-D#1]          TextBuilder.java:412  | Skipping TextLine with null bounds: TextLine{ "" conf:NaN}
2026-05-10 19:20:11,680 WARN [Revelation Song-lead-D#1]          TextBuilder.java:412  | Skipping TextLine with null bounds: TextLine{ "" conf:NaN}
2026-05-10 19:20:11,680 WARN [Revelation Song-lead-D#1]          TextBuilder.java:412  | Skipping TextLine with null bounds: TextLine{ "" conf:NaN}
2026-05-10 19:20:11,680 WARN [Revelation Song-lead-D#1]          TextBuilder.java:412  | Skipping TextLine with null bounds: TextLine{ "" conf:NaN}
2026-05-10 19:20:11,680 WARN [Revelation Song-lead-D#1]          TextBuilder.java:412  | Skipping TextLine with null bounds: TextLine{ "" conf:NaN}
2026-05-10 19:20:11,680 WARN [Revelation Song-lead-D#1]          TextBuilder.java:412  | Skipping TextLine with null bounds: TextLine{ "" conf:NaN}
2026-05-10 19:20:11,680 WARN [Revelation Song-lead-D#1]          TextBuilder.java:412  | Skipping TextLine with null bounds: TextLine{ "" conf:NaN}
2026-05-10 19:20:11,680 WARN [Revelation Song-lead-D#1]          TextBuilder.java:412  | Skipping TextLine with null bounds: TextLine{ "" conf:NaN}
2026-05-10 19:20:11,681 WARN [Revelation Song-lead-D#1]          TextBuilder.java:412  | Skipping TextLine with null bounds: TextLine{ "" conf:NaN}
2026-05-10 19:20:11,681 WARN [Revelation Song-lead-D#1]          TextBuilder.java:412  | Skipping TextLine with null bounds: TextLine{ "" conf:NaN}
2026-05-10 19:20:11,681 WARN [Revelation Song-lead-D#1]          TextBuilder.java:412  | Skipping TextLine with null bounds: TextLine{ "" conf:NaN}
2026-05-10 19:20:11,681 WARN [Revelation Song-lead-D#1]          TextBuilder.java:412  | Skipping TextLine with null bounds: TextLine{ "" conf:NaN}
2026-05-10 19:20:11,681 WARN [Revelation Song-lead-D#1]          TextBuilder.java:412  | Skipping TextLine with null bounds: TextLine{ "" conf:NaN}
2026-05-10 19:20:11,681 WARN [Revelation Song-lead-D#1]          TextBuilder.java:412  | Skipping TextLine with null bounds: TextLine{ "" conf:NaN}
2026-05-10 19:20:11,681 WARN [Revelation Song-lead-D#1]          TextBuilder.java:412  | Skipping TextLine with null bounds: TextLine{ "" conf:NaN}
2026-05-10 19:20:11,682 WARN [Revelation Song-lead-D#1]          TextBuilder.java:412  | Skipping TextLine with null bounds: TextLine{ "" conf:NaN}
2026-05-10 19:20:11,682 WARN [Revelation Song-lead-D#1]          TextBuilder.java:412  | Skipping TextLine with null bounds: TextLine{ "" conf:NaN}
2026-05-10 19:20:11,682 WARN [Revelation Song-lead-D#1]          TextBuilder.java:412  | Skipping TextLine with null bounds: TextLine{ "" conf:NaN}
2026-05-10 19:20:11,682 WARN [Revelation Song-lead-D#1]          TextBuilder.java:412  | Skipping TextLine with null bounds: TextLine{ "" conf:NaN}
2026-05-10 19:20:11,682 WARN [Revelation Song-lead-D#1]          TextBuilder.java:412  | Skipping TextLine with null bounds: TextLine{ "" conf:NaN}
2026-05-10 19:20:11,683 WARN [Revelation Song-lead-D#1]          TextBuilder.java:412  | Skipping TextLine with null bounds: TextLine{ "" conf:NaN}
2026-05-10 19:20:11,683 WARN [Revelation Song-lead-D#1]          TextBuilder.java:412  | Skipping TextLine with null bounds: TextLine{ "" conf:NaN}
2026-05-10 19:20:11,683 WARN [Revelation Song-lead-D#1]          TextBuilder.java:412  | Skipping TextLine with null bounds: TextLine{ "" conf:NaN}
2026-05-10 19:20:11,683 WARN [Revelation Song-lead-D#1]          TextBuilder.java:412  | Skipping TextLine with null bounds: TextLine{ "" conf:NaN}
2026-05-10 19:20:11,683 WARN [Revelation Song-lead-D#1]          TextBuilder.java:412  | Skipping TextLine with null bounds: TextLine{ "" conf:NaN}
2026-05-10 19:20:11,683 WARN [Revelation Song-lead-D#1]          TextBuilder.java:412  | Skipping TextLine with null bounds: TextLine{ "" conf:NaN}
2026-05-10 19:20:11,684 WARN [Revelation Song-lead-D#1]          TextBuilder.java:412  | Skipping TextLine with null bounds: TextLine{ "" conf:NaN}
2026-05-10 19:20:11,684 WARN [Revelation Song-lead-D#1]          TextBuilder.java:412  | Skipping TextLine with null bounds: TextLine{ "" conf:NaN}
2026-05-10 19:20:11,684 WARN [Revelation Song-lead-D#1]          TextBuilder.java:412  | Skipping TextLine with null bounds: TextLine{ "" conf:NaN}
2026-05-10 19:20:11,684 WARN [Revelation Song-lead-D#1]          TextBuilder.java:412  | Skipping TextLine with null bounds: TextLine{ "" conf:NaN}
2026-05-10 19:20:11,685 WARN [Revelation Song-lead-D#1]          TextBuilder.java:412  | Skipping TextLine with null bounds: TextLine{ "" conf:NaN}
2026-05-10 19:20:11,685 WARN [Revelation Song-lead-D#1]          TextBuilder.java:412  | Skipping TextLine with null bounds: TextLine{ "" conf:NaN}
2026-05-10 19:20:11,686 WARN [Revelation Song-lead-D#1]          TextBuilder.java:412  | Skipping TextLine with null bounds: TextLine{ "" conf:NaN}
2026-05-10 19:20:11,686 WARN [Revelation Song-lead-D#1]          TextBuilder.java:412  | Skipping TextLine with null bounds: TextLine{ "" conf:NaN}
2026-05-10 19:20:11,686 WARN [Revelation Song-lead-D#1]          TextBuilder.java:412  | Skipping TextLine with null bounds: TextLine{ "" conf:NaN}
2026-05-10 19:20:11,686 WARN [Revelation Song-lead-D#1]          TextBuilder.java:412  | Skipping TextLine with null bounds: TextLine{ "" conf:NaN}
2026-05-10 19:20:11,686 WARN [Revelation Song-lead-D#1]          TextBuilder.java:412  | Skipping TextLine with null bounds: TextLine{ "" conf:NaN}
2026-05-10 19:20:11,686 WARN [Revelation Song-lead-D#1]          TextBuilder.java:412  | Skipping TextLine with null bounds: TextLine{ "" conf:NaN}
2026-05-10 19:20:14,763 INFO [Revelation Song-lead-D#1]           PageRhythm.java:176  | {Page#1.1} Starting PageRhythm time signature check
2026-05-10 19:20:14,764 INFO [Revelation Song-lead-D#1]           PageRhythm.java:178  | {Page#1.1} Initial range state: Range{SN1- tSig:4/4} → ts: TimePairInter#150{ FROZEN(0.952/0.952) staff:1 4/4}
2026-05-10 19:20:14,767 INFO [Revelation Song-lead-D#1]           PageRhythm.java:184  | {Page#1.1} Checking range: Range{SN1- tSig:4/4}, ts: TimePairInter#150{ FROZEN(0.952/0.952) staff:1 4/4}
2026-05-10 19:20:14,768 INFO [Revelation Song-lead-D#1]           PageRhythm.java:277  | Last range: Range{SN1-24 tSig:4/4 dur:1}
2026-05-10 19:20:14,768 INFO [Revelation Song-lead-D#1]           PageRhythm.java:278  | lastRange.timeRational = 4/4
2026-05-10 19:20:14,768 INFO [Revelation Song-lead-D#1]           PageRhythm.java:279  | lastRange.ts = TimePairInter#150{ FROZEN(0.952/0.952) staff:1 4/4}
2026-05-10 19:20:14,769 DEBUG [Revelation Song-lead-D#1]           PageRhythm.java:121  | MeasureStack#1 frats: 0 []
2026-05-10 19:20:14,770 DEBUG [Revelation Song-lead-D#1]           PageRhythm.java:121  | MeasureStack#2 frats: 4 [6907, 6912, 6710, 6913]
2026-05-10 19:20:14,770 DEBUG [Revelation Song-lead-D#1]           PageRhythm.java:121  | MeasureStack#3 frats: 4 [6909, 6914, 6828, 6915]
2026-05-10 19:20:14,771 DEBUG [Revelation Song-lead-D#1]           PageRhythm.java:121  | MeasureStack#4 frats: 1 [6910]
2026-05-10 19:20:14,771 DEBUG [Revelation Song-lead-D#1]           PageRhythm.java:121  | MeasureStack#5 frats: 1 [6911]
2026-05-10 19:20:14,771 DEBUG [Revelation Song-lead-D#1]           PageRhythm.java:121  | MeasureStack#6 frats: 3 [7376, 7083, 7377]
2026-05-10 19:20:14,772 DEBUG [Revelation Song-lead-D#1]           PageRhythm.java:121  | MeasureStack#7 frats: 5 [7371, 7372, 7378, 7216, 7379]
2026-05-10 19:20:14,772 DEBUG [Revelation Song-lead-D#1]           PageRhythm.java:121  | MeasureStack#8 frats: 0 []
2026-05-10 19:20:14,772 DEBUG [Revelation Song-lead-D#1]           PageRhythm.java:121  | MeasureStack#9 frats: 1 [7375]
2026-05-10 19:20:14,772 DEBUG [Revelation Song-lead-D#1]           PageRhythm.java:121  | MeasureStack#10 frats: 2 [7688, 7689]
2026-05-10 19:20:14,773 DEBUG [Revelation Song-lead-D#1]           PageRhythm.java:121  | MeasureStack#11 frats: 2 [7686, 7690]
2026-05-10 19:20:14,773 DEBUG [Revelation Song-lead-D#1]           PageRhythm.java:121  | MeasureStack#12 frats: 1 [7687]
2026-05-10 19:20:14,773 DEBUG [Revelation Song-lead-D#1]           PageRhythm.java:121  | MeasureStack#13 frats: 1 [8195]
2026-05-10 19:20:14,774 DEBUG [Revelation Song-lead-D#1]           PageRhythm.java:121  | MeasureStack#14 frats: 5 [8190, 8196, 7774, 8197, 8198]
2026-05-10 19:20:14,774 DEBUG [Revelation Song-lead-D#1]           PageRhythm.java:121  | MeasureStack#15 frats: 4 [8193, 7968, 8199, 8200]
2026-05-10 19:20:14,775 DEBUG [Revelation Song-lead-D#1]           PageRhythm.java:121  | MeasureStack#16 frats: 4 [8404, 8218, 8412, 8413]
2026-05-10 19:20:14,775 DEBUG [Revelation Song-lead-D#1]           PageRhythm.java:121  | MeasureStack#17 frats: 5 [8405, 8414, 8376, 8378, 8415]
2026-05-10 19:20:14,775 DEBUG [Revelation Song-lead-D#1]           PageRhythm.java:121  | MeasureStack#18 frats: 0 []
2026-05-10 19:20:14,776 DEBUG [Revelation Song-lead-D#1]           PageRhythm.java:121  | MeasureStack#19 frats: 2 [8407, 8409]
2026-05-10 19:20:14,776 DEBUG [Revelation Song-lead-D#1]           PageRhythm.java:121  | MeasureStack#20 frats: 2 [8410, 8411]
2026-05-10 19:20:14,776 DEBUG [Revelation Song-lead-D#1]           PageRhythm.java:121  | MeasureStack#21 frats: 2 [8549, 8550]
2026-05-10 19:20:14,777 DEBUG [Revelation Song-lead-D#1]           PageRhythm.java:121  | MeasureStack#22 frats: 4 [8551, 8556, 8446, 8557]
2026-05-10 19:20:14,778 DEBUG [Revelation Song-lead-D#1]           PageRhythm.java:121  | MeasureStack#23 frats: 6 [8553, 8552, 8451, 8452, 8488, 8558]
2026-05-10 19:20:14,778 DEBUG [Revelation Song-lead-D#1]           PageRhythm.java:121  | MeasureStack#24 frats: 5 [8554, 8503, 8559, 8555, 8548]
2026-05-10 19:20:14,779 DEBUG [Revelation Song-lead-D#1]           PageRhythm.java:325  | Starting Range{SN1-24 tSig:4/4 dur:1}
2026-05-10 19:20:14,779 DEBUG [Revelation Song-lead-D#1]           PageRhythm.java:329  | About to process StackRhythm for MeasureStack#1
2026-05-10 19:20:14,781 DEBUG [Revelation Song-lead-D#1]          StackRhythm.java:221  | Setting expectedDuration=1 for stack on page 1
2026-05-10 19:20:14,791 DEBUG [Revelation Song-lead-D#1]           PageRhythm.java:331  | Finished processing StackRhythm for MeasureStack#1
2026-05-10 19:20:14,791 DEBUG [Revelation Song-lead-D#1]           PageRhythm.java:329  | About to process StackRhythm for MeasureStack#2
2026-05-10 19:20:14,792 DEBUG [Revelation Song-lead-D#1]          StackRhythm.java:221  | Setting expectedDuration=1 for stack on page 2
2026-05-10 19:20:14,801 DEBUG [Revelation Song-lead-D#1]           PageRhythm.java:331  | Finished processing StackRhythm for MeasureStack#2
2026-05-10 19:20:14,802 DEBUG [Revelation Song-lead-D#1]           PageRhythm.java:329  | About to process StackRhythm for MeasureStack#3
2026-05-10 19:20:14,802 DEBUG [Revelation Song-lead-D#1]          StackRhythm.java:221  | Setting expectedDuration=1 for stack on page 3
2026-05-10 19:20:14,803 DEBUG [Revelation Song-lead-D#1]           PageRhythm.java:331  | Finished processing StackRhythm for MeasureStack#3
2026-05-10 19:20:14,803 DEBUG [Revelation Song-lead-D#1]           PageRhythm.java:329  | About to process StackRhythm for MeasureStack#4
2026-05-10 19:20:14,805 DEBUG [Revelation Song-lead-D#1]          StackRhythm.java:221  | Setting expectedDuration=1 for stack on page 4
2026-05-10 19:20:14,807 DEBUG [Revelation Song-lead-D#1]           PageRhythm.java:331  | Finished processing StackRhythm for MeasureStack#4
2026-05-10 19:20:14,808 DEBUG [Revelation Song-lead-D#1]           PageRhythm.java:329  | About to process StackRhythm for MeasureStack#5
2026-05-10 19:20:14,808 DEBUG [Revelation Song-lead-D#1]          StackRhythm.java:221  | Setting expectedDuration=1 for stack on page 5
2026-05-10 19:20:14,808 DEBUG [Revelation Song-lead-D#1]           PageRhythm.java:331  | Finished processing StackRhythm for MeasureStack#5
2026-05-10 19:20:14,811 DEBUG [Revelation Song-lead-D#1]           PageRhythm.java:329  | About to process StackRhythm for MeasureStack#6
2026-05-10 19:20:14,811 DEBUG [Revelation Song-lead-D#1]          StackRhythm.java:221  | Setting expectedDuration=1 for stack on page 6
2026-05-10 19:20:14,813 DEBUG [Revelation Song-lead-D#1]           PageRhythm.java:331  | Finished processing StackRhythm for MeasureStack#6
2026-05-10 19:20:14,813 DEBUG [Revelation Song-lead-D#1]           PageRhythm.java:329  | About to process StackRhythm for MeasureStack#7
2026-05-10 19:20:14,813 DEBUG [Revelation Song-lead-D#1]          StackRhythm.java:221  | Setting expectedDuration=1 for stack on page 7
2026-05-10 19:20:14,816 INFO [Revelation Song-lead-D#1]          StackRhythm.java:226  | S2 MeasureStack#7 no correct rhythm
2026-05-10 19:20:14,816 DEBUG [Revelation Song-lead-D#1]           PageRhythm.java:331  | Finished processing StackRhythm for MeasureStack#7
2026-05-10 19:20:14,816 DEBUG [Revelation Song-lead-D#1]           PageRhythm.java:329  | About to process StackRhythm for MeasureStack#8
2026-05-10 19:20:14,818 DEBUG [Revelation Song-lead-D#1]          StackRhythm.java:221  | Setting expectedDuration=1 for stack on page 8
2026-05-10 19:20:14,819 DEBUG [Revelation Song-lead-D#1]           PageRhythm.java:331  | Finished processing StackRhythm for MeasureStack#8
2026-05-10 19:20:14,820 DEBUG [Revelation Song-lead-D#1]           PageRhythm.java:329  | About to process StackRhythm for MeasureStack#9
2026-05-10 19:20:14,820 DEBUG [Revelation Song-lead-D#1]          StackRhythm.java:221  | Setting expectedDuration=1 for stack on page 9
2026-05-10 19:20:14,821 DEBUG [Revelation Song-lead-D#1]           PageRhythm.java:331  | Finished processing StackRhythm for MeasureStack#9
2026-05-10 19:20:14,821 DEBUG [Revelation Song-lead-D#1]           PageRhythm.java:329  | About to process StackRhythm for MeasureStack#10
2026-05-10 19:20:14,822 DEBUG [Revelation Song-lead-D#1]          StackRhythm.java:221  | Setting expectedDuration=1 for stack on page 10
2026-05-10 19:20:14,823 DEBUG [Revelation Song-lead-D#1]           PageRhythm.java:331  | Finished processing StackRhythm for MeasureStack#10
2026-05-10 19:20:14,824 DEBUG [Revelation Song-lead-D#1]           PageRhythm.java:329  | About to process StackRhythm for MeasureStack#11
2026-05-10 19:20:14,824 DEBUG [Revelation Song-lead-D#1]          StackRhythm.java:221  | Setting expectedDuration=1 for stack on page 11
2026-05-10 19:20:14,827 DEBUG [Revelation Song-lead-D#1]           PageRhythm.java:331  | Finished processing StackRhythm for MeasureStack#11
2026-05-10 19:20:14,827 DEBUG [Revelation Song-lead-D#1]           PageRhythm.java:329  | About to process StackRhythm for MeasureStack#12
2026-05-10 19:20:14,827 DEBUG [Revelation Song-lead-D#1]          StackRhythm.java:221  | Setting expectedDuration=1 for stack on page 12
2026-05-10 19:20:14,830 DEBUG [Revelation Song-lead-D#1]           PageRhythm.java:331  | Finished processing StackRhythm for MeasureStack#12
2026-05-10 19:20:14,830 DEBUG [Revelation Song-lead-D#1]           PageRhythm.java:329  | About to process StackRhythm for MeasureStack#13
2026-05-10 19:20:14,831 DEBUG [Revelation Song-lead-D#1]          StackRhythm.java:221  | Setting expectedDuration=1 for stack on page 13
2026-05-10 19:20:14,832 DEBUG [Revelation Song-lead-D#1]           PageRhythm.java:331  | Finished processing StackRhythm for MeasureStack#13
2026-05-10 19:20:14,832 DEBUG [Revelation Song-lead-D#1]           PageRhythm.java:329  | About to process StackRhythm for MeasureStack#14
2026-05-10 19:20:14,833 DEBUG [Revelation Song-lead-D#1]          StackRhythm.java:221  | Setting expectedDuration=1 for stack on page 14
2026-05-10 19:20:14,835 DEBUG [Revelation Song-lead-D#1]           PageRhythm.java:331  | Finished processing StackRhythm for MeasureStack#14
2026-05-10 19:20:14,836 DEBUG [Revelation Song-lead-D#1]           PageRhythm.java:329  | About to process StackRhythm for MeasureStack#15
2026-05-10 19:20:14,836 DEBUG [Revelation Song-lead-D#1]          StackRhythm.java:221  | Setting expectedDuration=1 for stack on page 15
2026-05-10 19:20:14,837 DEBUG [Revelation Song-lead-D#1]           PageRhythm.java:331  | Finished processing StackRhythm for MeasureStack#15
2026-05-10 19:20:14,838 DEBUG [Revelation Song-lead-D#1]           PageRhythm.java:329  | About to process StackRhythm for MeasureStack#16
2026-05-10 19:20:14,838 DEBUG [Revelation Song-lead-D#1]          StackRhythm.java:221  | Setting expectedDuration=1 for stack on page 16
2026-05-10 19:20:14,840 INFO [Revelation Song-lead-D#1]          StackRhythm.java:226  | S5 MeasureStack#16 no correct rhythm
2026-05-10 19:20:14,841 DEBUG [Revelation Song-lead-D#1]           PageRhythm.java:331  | Finished processing StackRhythm for MeasureStack#16
2026-05-10 19:20:14,841 DEBUG [Revelation Song-lead-D#1]           PageRhythm.java:329  | About to process StackRhythm for MeasureStack#17
2026-05-10 19:20:14,841 DEBUG [Revelation Song-lead-D#1]          StackRhythm.java:221  | Setting expectedDuration=1 for stack on page 17
2026-05-10 19:20:14,842 DEBUG [Revelation Song-lead-D#1]           PageRhythm.java:331  | Finished processing StackRhythm for MeasureStack#17
2026-05-10 19:20:14,842 DEBUG [Revelation Song-lead-D#1]           PageRhythm.java:329  | About to process StackRhythm for MeasureStack#18
2026-05-10 19:20:14,843 DEBUG [Revelation Song-lead-D#1]          StackRhythm.java:221  | Setting expectedDuration=1 for stack on page 18
2026-05-10 19:20:14,843 DEBUG [Revelation Song-lead-D#1]           PageRhythm.java:331  | Finished processing StackRhythm for MeasureStack#18
2026-05-10 19:20:14,844 DEBUG [Revelation Song-lead-D#1]           PageRhythm.java:329  | About to process StackRhythm for MeasureStack#19
2026-05-10 19:20:14,844 DEBUG [Revelation Song-lead-D#1]          StackRhythm.java:221  | Setting expectedDuration=1 for stack on page 19
2026-05-10 19:20:14,844 DEBUG [Revelation Song-lead-D#1]           PageRhythm.java:331  | Finished processing StackRhythm for MeasureStack#19
2026-05-10 19:20:14,845 DEBUG [Revelation Song-lead-D#1]           PageRhythm.java:329  | About to process StackRhythm for MeasureStack#20
2026-05-10 19:20:14,845 DEBUG [Revelation Song-lead-D#1]          StackRhythm.java:221  | Setting expectedDuration=1 for stack on page 20
2026-05-10 19:20:14,846 DEBUG [Revelation Song-lead-D#1]           PageRhythm.java:331  | Finished processing StackRhythm for MeasureStack#20
2026-05-10 19:20:14,846 DEBUG [Revelation Song-lead-D#1]           PageRhythm.java:329  | About to process StackRhythm for MeasureStack#21
2026-05-10 19:20:14,847 DEBUG [Revelation Song-lead-D#1]          StackRhythm.java:221  | Setting expectedDuration=1 for stack on page 21
2026-05-10 19:20:14,848 DEBUG [Revelation Song-lead-D#1]           PageRhythm.java:331  | Finished processing StackRhythm for MeasureStack#21
2026-05-10 19:20:14,848 DEBUG [Revelation Song-lead-D#1]           PageRhythm.java:329  | About to process StackRhythm for MeasureStack#22
2026-05-10 19:20:14,848 DEBUG [Revelation Song-lead-D#1]          StackRhythm.java:221  | Setting expectedDuration=1 for stack on page 22
2026-05-10 19:20:14,849 DEBUG [Revelation Song-lead-D#1]           PageRhythm.java:331  | Finished processing StackRhythm for MeasureStack#22
2026-05-10 19:20:14,849 DEBUG [Revelation Song-lead-D#1]           PageRhythm.java:329  | About to process StackRhythm for MeasureStack#23
2026-05-10 19:20:14,849 DEBUG [Revelation Song-lead-D#1]          StackRhythm.java:221  | Setting expectedDuration=1 for stack on page 23
2026-05-10 19:20:14,853 DEBUG [Revelation Song-lead-D#1]           PageRhythm.java:331  | Finished processing StackRhythm for MeasureStack#23
2026-05-10 19:20:14,853 DEBUG [Revelation Song-lead-D#1]           PageRhythm.java:329  | About to process StackRhythm for MeasureStack#24
2026-05-10 19:20:14,854 DEBUG [Revelation Song-lead-D#1]          StackRhythm.java:221  | Setting expectedDuration=1 for stack on page 24
2026-05-10 19:20:14,856 DEBUG [Revelation Song-lead-D#1]           PageRhythm.java:331  | Finished processing StackRhythm for MeasureStack#24
2026-05-10 19:20:23,113 WARN [Revelation Song-lead-D#2]          TextBuilder.java:412  | Skipping TextLine with null bounds: TextLine{ "" conf:NaN}
2026-05-10 19:20:23,115 WARN [Revelation Song-lead-D#2]          TextBuilder.java:412  | Skipping TextLine with null bounds: TextLine{ "" conf:NaN}
2026-05-10 19:20:23,115 WARN [Revelation Song-lead-D#2]          TextBuilder.java:412  | Skipping TextLine with null bounds: TextLine{ "" conf:NaN}
2026-05-10 19:20:23,115 WARN [Revelation Song-lead-D#2]          TextBuilder.java:412  | Skipping TextLine with null bounds: TextLine{ "" conf:NaN}
2026-05-10 19:20:23,116 WARN [Revelation Song-lead-D#2]          TextBuilder.java:412  | Skipping TextLine with null bounds: TextLine{ "" conf:NaN}
2026-05-10 19:20:23,116 WARN [Revelation Song-lead-D#2]          TextBuilder.java:412  | Skipping TextLine with null bounds: TextLine{ "" conf:NaN}
2026-05-10 19:20:23,116 WARN [Revelation Song-lead-D#2]          TextBuilder.java:412  | Skipping TextLine with null bounds: TextLine{ "" conf:NaN}
2026-05-10 19:20:23,116 WARN [Revelation Song-lead-D#2]          TextBuilder.java:412  | Skipping TextLine with null bounds: TextLine{ "" conf:NaN}
2026-05-10 19:20:23,117 WARN [Revelation Song-lead-D#2]          TextBuilder.java:412  | Skipping TextLine with null bounds: TextLine{ "" conf:NaN}
2026-05-10 19:20:23,117 WARN [Revelation Song-lead-D#2]          TextBuilder.java:412  | Skipping TextLine with null bounds: TextLine{ "" conf:NaN}
2026-05-10 19:20:23,117 WARN [Revelation Song-lead-D#2]          TextBuilder.java:412  | Skipping TextLine with null bounds: TextLine{ "" conf:NaN}
2026-05-10 19:20:23,117 WARN [Revelation Song-lead-D#2]          TextBuilder.java:412  | Skipping TextLine with null bounds: TextLine{ "" conf:NaN}
2026-05-10 19:20:23,118 WARN [Revelation Song-lead-D#2]          TextBuilder.java:412  | Skipping TextLine with null bounds: TextLine{ "" conf:NaN}
2026-05-10 19:20:23,118 WARN [Revelation Song-lead-D#2]          TextBuilder.java:412  | Skipping TextLine with null bounds: TextLine{ "" conf:NaN}
2026-05-10 19:20:23,118 WARN [Revelation Song-lead-D#2]          TextBuilder.java:412  | Skipping TextLine with null bounds: TextLine{ "" conf:NaN}
2026-05-10 19:20:23,118 WARN [Revelation Song-lead-D#2]          TextBuilder.java:412  | Skipping TextLine with null bounds: TextLine{ "" conf:NaN}
2026-05-10 19:20:23,118 WARN [Revelation Song-lead-D#2]          TextBuilder.java:412  | Skipping TextLine with null bounds: TextLine{ "" conf:NaN}
2026-05-10 19:20:23,119 WARN [Revelation Song-lead-D#2]          TextBuilder.java:412  | Skipping TextLine with null bounds: TextLine{ "" conf:NaN}
2026-05-10 19:20:23,119 WARN [Revelation Song-lead-D#2]          TextBuilder.java:412  | Skipping TextLine with null bounds: TextLine{ "" conf:NaN}
2026-05-10 19:20:23,119 WARN [Revelation Song-lead-D#2]          TextBuilder.java:412  | Skipping TextLine with null bounds: TextLine{ "" conf:NaN}
2026-05-10 19:20:23,119 WARN [Revelation Song-lead-D#2]          TextBuilder.java:412  | Skipping TextLine with null bounds: TextLine{ "" conf:NaN}
2026-05-10 19:20:23,119 WARN [Revelation Song-lead-D#2]          TextBuilder.java:412  | Skipping TextLine with null bounds: TextLine{ "" conf:NaN}
2026-05-10 19:20:23,120 WARN [Revelation Song-lead-D#2]          TextBuilder.java:412  | Skipping TextLine with null bounds: TextLine{ "" conf:NaN}
2026-05-10 19:20:23,120 WARN [Revelation Song-lead-D#2]          TextBuilder.java:412  | Skipping TextLine with null bounds: TextLine{ "" conf:NaN}
2026-05-10 19:20:23,120 WARN [Revelation Song-lead-D#2]          TextBuilder.java:412  | Skipping TextLine with null bounds: TextLine{ "" conf:NaN}
2026-05-10 19:20:23,120 WARN [Revelation Song-lead-D#2]          TextBuilder.java:412  | Skipping TextLine with null bounds: TextLine{ "" conf:NaN}
2026-05-10 19:20:23,121 WARN [Revelation Song-lead-D#2]          TextBuilder.java:412  | Skipping TextLine with null bounds: TextLine{ "" conf:NaN}
2026-05-10 19:20:23,121 WARN [Revelation Song-lead-D#2]          TextBuilder.java:412  | Skipping TextLine with null bounds: TextLine{ "" conf:NaN}
2026-05-10 19:20:23,121 WARN [Revelation Song-lead-D#2]          TextBuilder.java:412  | Skipping TextLine with null bounds: TextLine{ "" conf:NaN}
2026-05-10 19:20:23,121 WARN [Revelation Song-lead-D#2]          TextBuilder.java:412  | Skipping TextLine with null bounds: TextLine{ "" conf:NaN}
2026-05-10 19:20:23,122 WARN [Revelation Song-lead-D#2]          TextBuilder.java:412  | Skipping TextLine with null bounds: TextLine{ "" conf:NaN}
2026-05-10 19:20:23,122 WARN [Revelation Song-lead-D#2]          TextBuilder.java:412  | Skipping TextLine with null bounds: TextLine{ "" conf:NaN}
2026-05-10 19:20:23,122 WARN [Revelation Song-lead-D#2]          TextBuilder.java:412  | Skipping TextLine with null bounds: TextLine{ "" conf:NaN}
2026-05-10 19:20:23,122 WARN [Revelation Song-lead-D#2]          TextBuilder.java:412  | Skipping TextLine with null bounds: TextLine{ "" conf:NaN}
2026-05-10 19:20:23,122 WARN [Revelation Song-lead-D#2]          TextBuilder.java:412  | Skipping TextLine with null bounds: TextLine{ "" conf:NaN}
2026-05-10 19:20:23,122 WARN [Revelation Song-lead-D#2]          TextBuilder.java:412  | Skipping TextLine with null bounds: TextLine{ "" conf:NaN}
2026-05-10 19:20:23,122 WARN [Revelation Song-lead-D#2]          TextBuilder.java:412  | Skipping TextLine with null bounds: TextLine{ "" conf:NaN}
2026-05-10 19:20:23,123 WARN [Revelation Song-lead-D#2]          TextBuilder.java:412  | Skipping TextLine with null bounds: TextLine{ "" conf:NaN}
2026-05-10 19:20:23,123 WARN [Revelation Song-lead-D#2]          TextBuilder.java:412  | Skipping TextLine with null bounds: TextLine{ "" conf:NaN}
2026-05-10 19:20:23,123 WARN [Revelation Song-lead-D#2]          TextBuilder.java:412  | Skipping TextLine with null bounds: TextLine{ "" conf:NaN}
2026-05-10 19:20:23,123 WARN [Revelation Song-lead-D#2]          TextBuilder.java:412  | Skipping TextLine with null bounds: TextLine{ "" conf:NaN}
2026-05-10 19:20:23,123 WARN [Revelation Song-lead-D#2]          TextBuilder.java:412  | Skipping TextLine with null bounds: TextLine{ "" conf:NaN}
2026-05-10 19:20:23,123 WARN [Revelation Song-lead-D#2]          TextBuilder.java:412  | Skipping TextLine with null bounds: TextLine{ "" conf:NaN}
2026-05-10 19:20:23,124 WARN [Revelation Song-lead-D#2]          TextBuilder.java:412  | Skipping TextLine with null bounds: TextLine{ "" conf:NaN}
2026-05-10 19:20:23,124 WARN [Revelation Song-lead-D#2]          TextBuilder.java:412  | Skipping TextLine with null bounds: TextLine{ "" conf:NaN}
2026-05-10 19:20:23,124 WARN [Revelation Song-lead-D#2]          TextBuilder.java:412  | Skipping TextLine with null bounds: TextLine{ "" conf:NaN}
2026-05-10 19:20:23,124 WARN [Revelation Song-lead-D#2]          TextBuilder.java:412  | Skipping TextLine with null bounds: TextLine{ "" conf:NaN}
2026-05-10 19:20:23,125 WARN [Revelation Song-lead-D#2]          TextBuilder.java:412  | Skipping TextLine with null bounds: TextLine{ "" conf:NaN}
2026-05-10 19:20:23,125 WARN [Revelation Song-lead-D#2]          TextBuilder.java:412  | Skipping TextLine with null bounds: TextLine{ "" conf:NaN}
2026-05-10 19:20:23,125 WARN [Revelation Song-lead-D#2]          TextBuilder.java:412  | Skipping TextLine with null bounds: TextLine{ "" conf:NaN}
2026-05-10 19:20:23,126 WARN [Revelation Song-lead-D#2]          TextBuilder.java:412  | Skipping TextLine with null bounds: TextLine{ "" conf:NaN}
2026-05-10 19:20:23,126 WARN [Revelation Song-lead-D#2]          TextBuilder.java:412  | Skipping TextLine with null bounds: TextLine{ "" conf:NaN}
2026-05-10 19:20:23,126 WARN [Revelation Song-lead-D#2]          TextBuilder.java:412  | Skipping TextLine with null bounds: TextLine{ "" conf:NaN}
2026-05-10 19:20:23,127 WARN [Revelation Song-lead-D#2]          TextBuilder.java:412  | Skipping TextLine with null bounds: TextLine{ "" conf:NaN}
2026-05-10 19:20:23,127 WARN [Revelation Song-lead-D#2]          TextBuilder.java:412  | Skipping TextLine with null bounds: TextLine{ "" conf:NaN}
2026-05-10 19:20:23,127 WARN [Revelation Song-lead-D#2]          TextBuilder.java:412  | Skipping TextLine with null bounds: TextLine{ "" conf:NaN}
2026-05-10 19:20:23,127 WARN [Revelation Song-lead-D#2]          TextBuilder.java:412  | Skipping TextLine with null bounds: TextLine{ "" conf:NaN}
2026-05-10 19:20:23,128 WARN [Revelation Song-lead-D#2]          TextBuilder.java:412  | Skipping TextLine with null bounds: TextLine{ "" conf:NaN}
2026-05-10 19:20:23,128 WARN [Revelation Song-lead-D#2]          TextBuilder.java:412  | Skipping TextLine with null bounds: TextLine{ "" conf:NaN}
2026-05-10 19:20:23,128 WARN [Revelation Song-lead-D#2]          TextBuilder.java:412  | Skipping TextLine with null bounds: TextLine{ "" conf:NaN}
2026-05-10 19:20:23,128 WARN [Revelation Song-lead-D#2]          TextBuilder.java:412  | Skipping TextLine with null bounds: TextLine{ "" conf:NaN}
2026-05-10 19:20:23,128 WARN [Revelation Song-lead-D#2]          TextBuilder.java:412  | Skipping TextLine with null bounds: TextLine{ "" conf:NaN}
2026-05-10 19:20:23,128 WARN [Revelation Song-lead-D#2]          TextBuilder.java:412  | Skipping TextLine with null bounds: TextLine{ "" conf:NaN}
2026-05-10 19:20:23,128 WARN [Revelation Song-lead-D#2]          TextBuilder.java:412  | Skipping TextLine with null bounds: TextLine{ "" conf:NaN}
2026-05-10 19:20:23,128 WARN [Revelation Song-lead-D#2]          TextBuilder.java:412  | Skipping TextLine with null bounds: TextLine{ "" conf:NaN}
2026-05-10 19:20:23,128 WARN [Revelation Song-lead-D#2]          TextBuilder.java:412  | Skipping TextLine with null bounds: TextLine{ "" conf:NaN}
2026-05-10 19:20:23,129 WARN [Revelation Song-lead-D#2]          TextBuilder.java:412  | Skipping TextLine with null bounds: TextLine{ "" conf:NaN}
2026-05-10 19:20:23,129 WARN [Revelation Song-lead-D#2]          TextBuilder.java:412  | Skipping TextLine with null bounds: TextLine{ "" conf:NaN}
2026-05-10 19:20:23,129 WARN [Revelation Song-lead-D#2]          TextBuilder.java:412  | Skipping TextLine with null bounds: TextLine{ "" conf:NaN}
2026-05-10 19:20:23,129 WARN [Revelation Song-lead-D#2]          TextBuilder.java:412  | Skipping TextLine with null bounds: TextLine{ "" conf:NaN}
2026-05-10 19:20:23,129 WARN [Revelation Song-lead-D#2]          TextBuilder.java:412  | Skipping TextLine with null bounds: TextLine{ "" conf:NaN}
2026-05-10 19:20:23,130 WARN [Revelation Song-lead-D#2]          TextBuilder.java:412  | Skipping TextLine with null bounds: TextLine{ "" conf:NaN}
2026-05-10 19:20:23,130 WARN [Revelation Song-lead-D#2]          TextBuilder.java:412  | Skipping TextLine with null bounds: TextLine{ "" conf:NaN}
2026-05-10 19:20:23,130 WARN [Revelation Song-lead-D#2]          TextBuilder.java:412  | Skipping TextLine with null bounds: TextLine{ "" conf:NaN}
2026-05-10 19:20:23,130 WARN [Revelation Song-lead-D#2]          TextBuilder.java:412  | Skipping TextLine with null bounds: TextLine{ "" conf:NaN}
2026-05-10 19:20:23,130 WARN [Revelation Song-lead-D#2]          TextBuilder.java:412  | Skipping TextLine with null bounds: TextLine{ "" conf:NaN}
2026-05-10 19:20:23,130 WARN [Revelation Song-lead-D#2]          TextBuilder.java:412  | Skipping TextLine with null bounds: TextLine{ "" conf:NaN}
2026-05-10 19:20:23,130 WARN [Revelation Song-lead-D#2]          TextBuilder.java:412  | Skipping TextLine with null bounds: TextLine{ "" conf:NaN}
2026-05-10 19:20:23,132 WARN [Revelation Song-lead-D#2]          TextBuilder.java:412  | Skipping TextLine with null bounds: TextLine{ "" conf:NaN}
2026-05-10 19:20:23,132 WARN [Revelation Song-lead-D#2]          TextBuilder.java:412  | Skipping TextLine with null bounds: TextLine{ "" conf:NaN}
2026-05-10 19:20:23,132 WARN [Revelation Song-lead-D#2]          TextBuilder.java:412  | Skipping TextLine with null bounds: TextLine{ "" conf:NaN}
2026-05-10 19:20:23,132 WARN [Revelation Song-lead-D#2]          TextBuilder.java:412  | Skipping TextLine with null bounds: TextLine{ "" conf:NaN}
2026-05-10 19:20:23,133 WARN [Revelation Song-lead-D#2]          TextBuilder.java:412  | Skipping TextLine with null bounds: TextLine{ "" conf:NaN}
2026-05-10 19:20:23,133 WARN [Revelation Song-lead-D#2]          TextBuilder.java:412  | Skipping TextLine with null bounds: TextLine{ "" conf:NaN}
2026-05-10 19:20:23,133 WARN [Revelation Song-lead-D#2]          TextBuilder.java:412  | Skipping TextLine with null bounds: TextLine{ "" conf:NaN}
2026-05-10 19:20:23,134 WARN [Revelation Song-lead-D#2]          TextBuilder.java:412  | Skipping TextLine with null bounds: TextLine{ "" conf:NaN}
2026-05-10 19:20:23,134 WARN [Revelation Song-lead-D#2]          TextBuilder.java:412  | Skipping TextLine with null bounds: TextLine{ "" conf:NaN}
2026-05-10 19:20:23,134 WARN [Revelation Song-lead-D#2]          TextBuilder.java:412  | Skipping TextLine with null bounds: TextLine{ "" conf:NaN}
2026-05-10 19:20:23,134 WARN [Revelation Song-lead-D#2]          TextBuilder.java:412  | Skipping TextLine with null bounds: TextLine{ "" conf:NaN}
2026-05-10 19:20:23,134 WARN [Revelation Song-lead-D#2]          TextBuilder.java:412  | Skipping TextLine with null bounds: TextLine{ "" conf:NaN}
2026-05-10 19:20:23,135 WARN [Revelation Song-lead-D#2]          TextBuilder.java:412  | Skipping TextLine with null bounds: TextLine{ "" conf:NaN}
2026-05-10 19:20:23,135 WARN [Revelation Song-lead-D#2]          TextBuilder.java:412  | Skipping TextLine with null bounds: TextLine{ "" conf:NaN}
2026-05-10 19:20:23,135 WARN [Revelation Song-lead-D#2]          TextBuilder.java:412  | Skipping TextLine with null bounds: TextLine{ "" conf:NaN}
2026-05-10 19:20:23,135 WARN [Revelation Song-lead-D#2]          TextBuilder.java:412  | Skipping TextLine with null bounds: TextLine{ "" conf:NaN}
2026-05-10 19:20:23,135 WARN [Revelation Song-lead-D#2]          TextBuilder.java:412  | Skipping TextLine with null bounds: TextLine{ "" conf:NaN}
2026-05-10 19:20:23,135 WARN [Revelation Song-lead-D#2]          TextBuilder.java:412  | Skipping TextLine with null bounds: TextLine{ "" conf:NaN}
2026-05-10 19:20:23,135 WARN [Revelation Song-lead-D#2]          TextBuilder.java:412  | Skipping TextLine with null bounds: TextLine{ "" conf:NaN}
2026-05-10 19:20:23,135 WARN [Revelation Song-lead-D#2]          TextBuilder.java:412  | Skipping TextLine with null bounds: TextLine{ "" conf:NaN}
2026-05-10 19:20:23,136 WARN [Revelation Song-lead-D#2]          TextBuilder.java:412  | Skipping TextLine with null bounds: TextLine{ "" conf:NaN}
2026-05-10 19:20:23,136 WARN [Revelation Song-lead-D#2]          TextBuilder.java:412  | Skipping TextLine with null bounds: TextLine{ "" conf:NaN}
2026-05-10 19:20:23,136 WARN [Revelation Song-lead-D#2]          TextBuilder.java:412  | Skipping TextLine with null bounds: TextLine{ "" conf:NaN}
2026-05-10 19:20:23,136 WARN [Revelation Song-lead-D#2]          TextBuilder.java:412  | Skipping TextLine with null bounds: TextLine{ "" conf:NaN}
2026-05-10 19:20:23,136 WARN [Revelation Song-lead-D#2]          TextBuilder.java:412  | Skipping TextLine with null bounds: TextLine{ "" conf:NaN}
2026-05-10 19:20:23,137 WARN [Revelation Song-lead-D#2]          TextBuilder.java:412  | Skipping TextLine with null bounds: TextLine{ "" conf:NaN}
2026-05-10 19:20:23,138 WARN [Revelation Song-lead-D#2]          TextBuilder.java:412  | Skipping TextLine with null bounds: TextLine{ "" conf:NaN}
2026-05-10 19:20:23,138 WARN [Revelation Song-lead-D#2]          TextBuilder.java:412  | Skipping TextLine with null bounds: TextLine{ "" conf:NaN}
2026-05-10 19:20:23,138 WARN [Revelation Song-lead-D#2]          TextBuilder.java:412  | Skipping TextLine with null bounds: TextLine{ "" conf:NaN}
2026-05-10 19:20:23,138 WARN [Revelation Song-lead-D#2]          TextBuilder.java:412  | Skipping TextLine with null bounds: TextLine{ "" conf:NaN}
2026-05-10 19:20:23,138 WARN [Revelation Song-lead-D#2]          TextBuilder.java:412  | Skipping TextLine with null bounds: TextLine{ "" conf:NaN}
2026-05-10 19:20:23,139 WARN [Revelation Song-lead-D#2]          TextBuilder.java:412  | Skipping TextLine with null bounds: TextLine{ "" conf:NaN}
2026-05-10 19:20:23,139 WARN [Revelation Song-lead-D#2]          TextBuilder.java:412  | Skipping TextLine with null bounds: TextLine{ "" conf:NaN}
2026-05-10 19:20:23,139 WARN [Revelation Song-lead-D#2]          TextBuilder.java:412  | Skipping TextLine with null bounds: TextLine{ "" conf:NaN}
2026-05-10 19:20:23,139 WARN [Revelation Song-lead-D#2]          TextBuilder.java:412  | Skipping TextLine with null bounds: TextLine{ "" conf:NaN}
2026-05-10 19:20:23,139 WARN [Revelation Song-lead-D#2]          TextBuilder.java:412  | Skipping TextLine with null bounds: TextLine{ "" conf:NaN}
2026-05-10 19:20:23,139 WARN [Revelation Song-lead-D#2]          TextBuilder.java:412  | Skipping TextLine with null bounds: TextLine{ "" conf:NaN}
2026-05-10 19:20:23,140 WARN [Revelation Song-lead-D#2]          TextBuilder.java:412  | Skipping TextLine with null bounds: TextLine{ "" conf:NaN}
2026-05-10 19:20:23,140 WARN [Revelation Song-lead-D#2]          TextBuilder.java:412  | Skipping TextLine with null bounds: TextLine{ "" conf:NaN}
2026-05-10 19:20:23,140 WARN [Revelation Song-lead-D#2]          TextBuilder.java:412  | Skipping TextLine with null bounds: TextLine{ "" conf:NaN}
2026-05-10 19:20:23,140 WARN [Revelation Song-lead-D#2]          TextBuilder.java:412  | Skipping TextLine with null bounds: TextLine{ "" conf:NaN}
2026-05-10 19:20:23,140 WARN [Revelation Song-lead-D#2]          TextBuilder.java:412  | Skipping TextLine with null bounds: TextLine{ "" conf:NaN}
2026-05-10 19:20:23,141 WARN [Revelation Song-lead-D#2]          TextBuilder.java:412  | Skipping TextLine with null bounds: TextLine{ "" conf:NaN}
2026-05-10 19:20:23,141 WARN [Revelation Song-lead-D#2]          TextBuilder.java:412  | Skipping TextLine with null bounds: TextLine{ "" conf:NaN}
2026-05-10 19:20:23,141 WARN [Revelation Song-lead-D#2]          TextBuilder.java:412  | Skipping TextLine with null bounds: TextLine{ "" conf:NaN}
2026-05-10 19:20:23,141 WARN [Revelation Song-lead-D#2]          TextBuilder.java:412  | Skipping TextLine with null bounds: TextLine{ "" conf:NaN}
2026-05-10 19:20:23,141 WARN [Revelation Song-lead-D#2]          TextBuilder.java:412  | Skipping TextLine with null bounds: TextLine{ "" conf:NaN}
2026-05-10 19:20:23,141 WARN [Revelation Song-lead-D#2]          TextBuilder.java:412  | Skipping TextLine with null bounds: TextLine{ "" conf:NaN}
2026-05-10 19:20:23,141 WARN [Revelation Song-lead-D#2]          TextBuilder.java:412  | Skipping TextLine with null bounds: TextLine{ "" conf:NaN}
2026-05-10 19:20:23,141 WARN [Revelation Song-lead-D#2]          TextBuilder.java:412  | Skipping TextLine with null bounds: TextLine{ "" conf:NaN}
2026-05-10 19:20:23,142 WARN [Revelation Song-lead-D#2]          TextBuilder.java:412  | Skipping TextLine with null bounds: TextLine{ "" conf:NaN}
2026-05-10 19:20:23,142 WARN [Revelation Song-lead-D#2]          TextBuilder.java:412  | Skipping TextLine with null bounds: TextLine{ "" conf:NaN}
2026-05-10 19:20:23,142 WARN [Revelation Song-lead-D#2]          TextBuilder.java:412  | Skipping TextLine with null bounds: TextLine{ "" conf:NaN}
2026-05-10 19:20:23,143 WARN [Revelation Song-lead-D#2]          TextBuilder.java:412  | Skipping TextLine with null bounds: TextLine{ "" conf:NaN}
2026-05-10 19:20:23,143 WARN [Revelation Song-lead-D#2]          TextBuilder.java:412  | Skipping TextLine with null bounds: TextLine{ "" conf:NaN}
2026-05-10 19:20:23,144 WARN [Revelation Song-lead-D#2]          TextBuilder.java:412  | Skipping TextLine with null bounds: TextLine{ "" conf:NaN}
2026-05-10 19:20:23,144 WARN [Revelation Song-lead-D#2]          TextBuilder.java:412  | Skipping TextLine with null bounds: TextLine{ "" conf:NaN}
2026-05-10 19:20:23,144 WARN [Revelation Song-lead-D#2]          TextBuilder.java:412  | Skipping TextLine with null bounds: TextLine{ "" conf:NaN}
2026-05-10 19:20:23,144 WARN [Revelation Song-lead-D#2]          TextBuilder.java:412  | Skipping TextLine with null bounds: TextLine{ "" conf:NaN}
2026-05-10 19:20:23,144 WARN [Revelation Song-lead-D#2]          TextBuilder.java:412  | Skipping TextLine with null bounds: TextLine{ "" conf:NaN}
2026-05-10 19:20:23,144 WARN [Revelation Song-lead-D#2]          TextBuilder.java:412  | Skipping TextLine with null bounds: TextLine{ "" conf:NaN}
2026-05-10 19:20:23,144 WARN [Revelation Song-lead-D#2]          TextBuilder.java:412  | Skipping TextLine with null bounds: TextLine{ "" conf:NaN}
2026-05-10 19:20:23,145 WARN [Revelation Song-lead-D#2]          TextBuilder.java:412  | Skipping TextLine with null bounds: TextLine{ "" conf:NaN}
2026-05-10 19:20:23,145 WARN [Revelation Song-lead-D#2]          TextBuilder.java:412  | Skipping TextLine with null bounds: TextLine{ "" conf:NaN}
2026-05-10 19:20:23,145 WARN [Revelation Song-lead-D#2]          TextBuilder.java:412  | Skipping TextLine with null bounds: TextLine{ "" conf:NaN}
2026-05-10 19:20:23,145 WARN [Revelation Song-lead-D#2]          TextBuilder.java:412  | Skipping TextLine with null bounds: TextLine{ "" conf:NaN}
2026-05-10 19:20:23,145 WARN [Revelation Song-lead-D#2]          TextBuilder.java:412  | Skipping TextLine with null bounds: TextLine{ "" conf:NaN}
2026-05-10 19:20:23,145 WARN [Revelation Song-lead-D#2]          TextBuilder.java:412  | Skipping TextLine with null bounds: TextLine{ "" conf:NaN}
2026-05-10 19:20:23,146 WARN [Revelation Song-lead-D#2]          TextBuilder.java:412  | Skipping TextLine with null bounds: TextLine{ "" conf:NaN}
2026-05-10 19:20:23,146 WARN [Revelation Song-lead-D#2]          TextBuilder.java:412  | Skipping TextLine with null bounds: TextLine{ "" conf:NaN}
2026-05-10 19:20:23,146 WARN [Revelation Song-lead-D#2]          TextBuilder.java:412  | Skipping TextLine with null bounds: TextLine{ "" conf:NaN}
2026-05-10 19:20:23,146 WARN [Revelation Song-lead-D#2]          TextBuilder.java:412  | Skipping TextLine with null bounds: TextLine{ "" conf:NaN}
2026-05-10 19:20:23,146 WARN [Revelation Song-lead-D#2]          TextBuilder.java:412  | Skipping TextLine with null bounds: TextLine{ "" conf:NaN}
2026-05-10 19:20:23,146 WARN [Revelation Song-lead-D#2]          TextBuilder.java:412  | Skipping TextLine with null bounds: TextLine{ "" conf:NaN}
2026-05-10 19:20:23,146 WARN [Revelation Song-lead-D#2]          TextBuilder.java:412  | Skipping TextLine with null bounds: TextLine{ "" conf:NaN}
2026-05-10 19:20:23,146 WARN [Revelation Song-lead-D#2]          TextBuilder.java:412  | Skipping TextLine with null bounds: TextLine{ "" conf:NaN}
2026-05-10 19:20:23,146 WARN [Revelation Song-lead-D#2]          TextBuilder.java:412  | Skipping TextLine with null bounds: TextLine{ "" conf:NaN}
2026-05-10 19:20:23,146 WARN [Revelation Song-lead-D#2]          TextBuilder.java:412  | Skipping TextLine with null bounds: TextLine{ "" conf:NaN}
2026-05-10 19:20:23,147 WARN [Revelation Song-lead-D#2]          TextBuilder.java:412  | Skipping TextLine with null bounds: TextLine{ "" conf:NaN}
2026-05-10 19:20:23,147 WARN [Revelation Song-lead-D#2]          TextBuilder.java:412  | Skipping TextLine with null bounds: TextLine{ "" conf:NaN}
2026-05-10 19:20:23,148 WARN [Revelation Song-lead-D#2]          TextBuilder.java:412  | Skipping TextLine with null bounds: TextLine{ "" conf:NaN}
2026-05-10 19:20:23,148 WARN [Revelation Song-lead-D#2]          TextBuilder.java:412  | Skipping TextLine with null bounds: TextLine{ "" conf:NaN}
2026-05-10 19:20:23,148 WARN [Revelation Song-lead-D#2]          TextBuilder.java:412  | Skipping TextLine with null bounds: TextLine{ "" conf:NaN}
2026-05-10 19:20:23,148 WARN [Revelation Song-lead-D#2]          TextBuilder.java:412  | Skipping TextLine with null bounds: TextLine{ "" conf:NaN}
2026-05-10 19:20:23,148 WARN [Revelation Song-lead-D#2]          TextBuilder.java:412  | Skipping TextLine with null bounds: TextLine{ "" conf:NaN}
2026-05-10 19:20:23,149 WARN [Revelation Song-lead-D#2]          TextBuilder.java:412  | Skipping TextLine with null bounds: TextLine{ "" conf:NaN}
2026-05-10 19:20:23,149 WARN [Revelation Song-lead-D#2]          TextBuilder.java:412  | Skipping TextLine with null bounds: TextLine{ "" conf:NaN}
2026-05-10 19:20:23,149 WARN [Revelation Song-lead-D#2]          TextBuilder.java:412  | Skipping TextLine with null bounds: TextLine{ "" conf:NaN}
2026-05-10 19:20:23,149 WARN [Revelation Song-lead-D#2]          TextBuilder.java:412  | Skipping TextLine with null bounds: TextLine{ "" conf:NaN}
2026-05-10 19:20:23,149 WARN [Revelation Song-lead-D#2]          TextBuilder.java:412  | Skipping TextLine with null bounds: TextLine{ "" conf:NaN}
2026-05-10 19:20:23,150 WARN [Revelation Song-lead-D#2]          TextBuilder.java:412  | Skipping TextLine with null bounds: TextLine{ "" conf:NaN}
2026-05-10 19:20:23,150 WARN [Revelation Song-lead-D#2]          TextBuilder.java:412  | Skipping TextLine with null bounds: TextLine{ "" conf:NaN}
2026-05-10 19:20:23,150 WARN [Revelation Song-lead-D#2]          TextBuilder.java:412  | Skipping TextLine with null bounds: TextLine{ "" conf:NaN}
2026-05-10 19:20:23,150 WARN [Revelation Song-lead-D#2]          TextBuilder.java:412  | Skipping TextLine with null bounds: TextLine{ "" conf:NaN}
2026-05-10 19:20:23,150 WARN [Revelation Song-lead-D#2]          TextBuilder.java:412  | Skipping TextLine with null bounds: TextLine{ "" conf:NaN}
2026-05-10 19:20:23,151 WARN [Revelation Song-lead-D#2]          TextBuilder.java:412  | Skipping TextLine with null bounds: TextLine{ "" conf:NaN}
2026-05-10 19:20:23,151 WARN [Revelation Song-lead-D#2]          TextBuilder.java:412  | Skipping TextLine with null bounds: TextLine{ "" conf:NaN}
2026-05-10 19:20:23,151 WARN [Revelation Song-lead-D#2]          TextBuilder.java:412  | Skipping TextLine with null bounds: TextLine{ "" conf:NaN}
2026-05-10 19:20:23,151 WARN [Revelation Song-lead-D#2]          TextBuilder.java:412  | Skipping TextLine with null bounds: TextLine{ "" conf:NaN}
2026-05-10 19:20:23,151 WARN [Revelation Song-lead-D#2]          TextBuilder.java:412  | Skipping TextLine with null bounds: TextLine{ "" conf:NaN}
2026-05-10 19:20:23,151 WARN [Revelation Song-lead-D#2]          TextBuilder.java:412  | Skipping TextLine with null bounds: TextLine{ "" conf:NaN}
2026-05-10 19:20:23,151 WARN [Revelation Song-lead-D#2]          TextBuilder.java:412  | Skipping TextLine with null bounds: TextLine{ "" conf:NaN}
2026-05-10 19:20:23,152 WARN [Revelation Song-lead-D#2]          TextBuilder.java:412  | Skipping TextLine with null bounds: TextLine{ "" conf:NaN}
2026-05-10 19:20:23,152 WARN [Revelation Song-lead-D#2]          TextBuilder.java:412  | Skipping TextLine with null bounds: TextLine{ "" conf:NaN}
2026-05-10 19:20:25,881 INFO [Revelation Song-lead-D#2]           PageRhythm.java:176  | {Page#2.1} Starting PageRhythm time signature check
2026-05-10 19:20:25,882 INFO [Revelation Song-lead-D#2]           PageRhythm.java:178  | {Page#2.1} Initial range state: Range{SN1-} → ts: null
2026-05-10 19:20:25,882 INFO [Revelation Song-lead-D#2]           PageRhythm.java:184  | {Page#2.1} Checking range: Range{SN1-}, ts: null
2026-05-10 19:20:25,883 INFO [Revelation Song-lead-D#2]           PageRhythm.java:207  | {Page#2.1} Time value reused from sheet#1
2026-05-10 19:20:25,883 INFO [Revelation Song-lead-D#2]           PageRhythm.java:277  | Last range: Range{SN1-23 tRat:4/4 dur:1}
2026-05-10 19:20:25,884 INFO [Revelation Song-lead-D#2]           PageRhythm.java:278  | lastRange.timeRational = 4/4
2026-05-10 19:20:25,884 INFO [Revelation Song-lead-D#2]           PageRhythm.java:279  | lastRange.ts = null
2026-05-10 19:20:25,886 DEBUG [Revelation Song-lead-D#2]           PageRhythm.java:121  | MeasureStack#1 frats: 3 [8394, 8400, 8395]
2026-05-10 19:20:25,887 DEBUG [Revelation Song-lead-D#2]           PageRhythm.java:121  | MeasureStack#2 frats: 3 [8396, 8145, 8401]
2026-05-10 19:20:25,887 DEBUG [Revelation Song-lead-D#2]           PageRhythm.java:121  | MeasureStack#3 frats: 3 [8398, 8357, 8399]
2026-05-10 19:20:25,887 DEBUG [Revelation Song-lead-D#2]           PageRhythm.java:121  | MeasureStack#4 frats: 1 [8694]
2026-05-10 19:20:25,888 DEBUG [Revelation Song-lead-D#2]           PageRhythm.java:121  | MeasureStack#5 frats: 2 [8699, 8695]
2026-05-10 19:20:25,888 DEBUG [Revelation Song-lead-D#2]           PageRhythm.java:121  | MeasureStack#6 frats: 2 [8696, 8697]
2026-05-10 19:20:25,888 DEBUG [Revelation Song-lead-D#2]           PageRhythm.java:121  | MeasureStack#7 frats: 5 [8698, 8700, 8624, 8693, 8701]
2026-05-10 19:20:25,888 DEBUG [Revelation Song-lead-D#2]           PageRhythm.java:121  | MeasureStack#8 frats: 5 [8947, 8946, 8951, 8750, 8953]
2026-05-10 19:20:25,888 DEBUG [Revelation Song-lead-D#2]           PageRhythm.java:121  | MeasureStack#9 frats: 2 [8949, 8954]
2026-05-10 19:20:25,890 DEBUG [Revelation Song-lead-D#2]           PageRhythm.java:121  | MeasureStack#10 frats: 2 [8955, 8950]
2026-05-10 19:20:25,890 DEBUG [Revelation Song-lead-D#2]           PageRhythm.java:121  | MeasureStack#11 frats: 3 [9256, 8973, 9261]
2026-05-10 19:20:25,890 DEBUG [Revelation Song-lead-D#2]           PageRhythm.java:121  | MeasureStack#12 frats: 2 [9258, 9262]
2026-05-10 19:20:25,890 DEBUG [Revelation Song-lead-D#2]           PageRhythm.java:121  | MeasureStack#13 frats: 1 [9259]
2026-05-10 19:20:25,891 DEBUG [Revelation Song-lead-D#2]           PageRhythm.java:121  | MeasureStack#14 frats: 1 [9509]
2026-05-10 19:20:25,891 DEBUG [Revelation Song-lead-D#2]           PageRhythm.java:121  | MeasureStack#15 frats: 4 [9505, 9510, 9511, 9506]
2026-05-10 19:20:25,891 DEBUG [Revelation Song-lead-D#2]           PageRhythm.java:121  | MeasureStack#16 frats: 2 [9508, 9512]
2026-05-10 19:20:25,892 DEBUG [Revelation Song-lead-D#2]           PageRhythm.java:121  | MeasureStack#17 frats: 3 [9824, 9590, 9602]
2026-05-10 19:20:25,892 DEBUG [Revelation Song-lead-D#2]           PageRhythm.java:121  | MeasureStack#18 frats: 2 [9828, 9825]
2026-05-10 19:20:25,892 DEBUG [Revelation Song-lead-D#2]           PageRhythm.java:121  | MeasureStack#19 frats: 5 [9826, 9829, 9695, 9830, 9831]
2026-05-10 19:20:25,892 DEBUG [Revelation Song-lead-D#2]           PageRhythm.java:121  | MeasureStack#20 frats: 6 [10125, 9875, 10132, 10128, 10133, 10134]
2026-05-10 19:20:25,893 DEBUG [Revelation Song-lead-D#2]           PageRhythm.java:121  | MeasureStack#21 frats: 4 [10129, 10002, 10135, 10136]
2026-05-10 19:20:25,893 DEBUG [Revelation Song-lead-D#2]           PageRhythm.java:121  | MeasureStack#22 frats: 5 [10130, 10137, 10105, 10107, 10138]
2026-05-10 19:20:25,893 DEBUG [Revelation Song-lead-D#2]           PageRhythm.java:121  | MeasureStack#23 frats: 0 []
2026-05-10 19:20:25,893 DEBUG [Revelation Song-lead-D#2]           PageRhythm.java:325  | Starting Range{SN1-23 tRat:4/4 dur:1}
2026-05-10 19:20:25,893 DEBUG [Revelation Song-lead-D#2]           PageRhythm.java:329  | About to process StackRhythm for MeasureStack#1
2026-05-10 19:20:25,894 DEBUG [Revelation Song-lead-D#2]          StackRhythm.java:221  | Setting expectedDuration=1 for stack on page 1
2026-05-10 19:20:25,896 DEBUG [Revelation Song-lead-D#2]           PageRhythm.java:331  | Finished processing StackRhythm for MeasureStack#1
2026-05-10 19:20:25,896 DEBUG [Revelation Song-lead-D#2]           PageRhythm.java:329  | About to process StackRhythm for MeasureStack#2
2026-05-10 19:20:25,896 DEBUG [Revelation Song-lead-D#2]          StackRhythm.java:221  | Setting expectedDuration=1 for stack on page 2
2026-05-10 19:20:25,898 WARN [Revelation Song-lead-D#2]          StackRhythm.java:229  | StackRhythm error processing MeasureStack#2 java.lang.IllegalStateException: Attempt to setVoice() on SmallChordInter#6252{(0.876/0.876) staff:1 dur:1/16}
java.lang.IllegalStateException: Attempt to setVoice() on SmallChordInter#6252{(0.876/0.876) staff:1 dur:1/16}
	at org.audiveris.omr.sig.inter.SmallChordInter.setVoice(SmallChordInter.java:240)
	at org.audiveris.omr.sig.inter.BeamGroupInter.setVoice(BeamGroupInter.java:912)
	at org.audiveris.omr.sig.inter.AbstractChordInter.setVoice(AbstractChordInter.java:1428)
	at org.audiveris.omr.sig.inter.BeamGroupInter.setVoice(BeamGroupInter.java:912)
	at org.audiveris.omr.sig.inter.AbstractChordInter.setVoice(AbstractChordInter.java:1428)
	at org.audiveris.omr.sheet.rhythm.MeasureRhythm$SlotMapper.applyMapping(MeasureRhythm.java:924)
	at org.audiveris.omr.sheet.rhythm.MeasureRhythm$SlotMapper.mapRookies(MeasureRhythm.java:1448)
	at org.audiveris.omr.sheet.rhythm.MeasureRhythm$SlotMapper.mapChords(MeasureRhythm.java:1290)
	at org.audiveris.omr.sheet.rhythm.MeasureRhythm.process(MeasureRhythm.java:579)
	at org.audiveris.omr.sheet.rhythm.StackRhythm.doProcess(StackRhythm.java:127)
	at org.audiveris.omr.sheet.rhythm.StackRhythm.process(StackRhythm.java:225)
	at org.audiveris.omr.sheet.rhythm.PageRhythm.processRanges(PageRhythm.java:330)
	at org.audiveris.omr.sheet.rhythm.PageRhythm.process(PageRhythm.java:304)
	at org.audiveris.omr.sheet.rhythm.RhythmsStep.doit(RhythmsStep.java:192)
	at org.audiveris.omr.step.OmrStep.doit(OmrStep.java:138)
	at org.audiveris.omr.sheet.SheetStub.lambda$doOneStep$2(SheetStub.java:499)
	at java.base/java.util.concurrent.FutureTask.run(FutureTask.java:317)
	at java.base/java.util.concurrent.ThreadPoolExecutor.runWorker(ThreadPoolExecutor.java:1144)
	at java.base/java.util.concurrent.ThreadPoolExecutor$Worker.run(ThreadPoolExecutor.java:642)
	at java.base/java.lang.Thread.run(Thread.java:1583)
2026-05-10 19:20:25,899 DEBUG [Revelation Song-lead-D#2]           PageRhythm.java:331  | Finished processing StackRhythm for MeasureStack#2
2026-05-10 19:20:25,901 DEBUG [Revelation Song-lead-D#2]           PageRhythm.java:329  | About to process StackRhythm for MeasureStack#3
2026-05-10 19:20:25,901 DEBUG [Revelation Song-lead-D#2]          StackRhythm.java:221  | Setting expectedDuration=1 for stack on page 3
2026-05-10 19:20:25,902 DEBUG [Revelation Song-lead-D#2]           PageRhythm.java:331  | Finished processing StackRhythm for MeasureStack#3
2026-05-10 19:20:25,902 DEBUG [Revelation Song-lead-D#2]           PageRhythm.java:329  | About to process StackRhythm for MeasureStack#4
2026-05-10 19:20:25,902 DEBUG [Revelation Song-lead-D#2]          StackRhythm.java:221  | Setting expectedDuration=1 for stack on page 4
2026-05-10 19:20:25,904 DEBUG [Revelation Song-lead-D#2]           PageRhythm.java:331  | Finished processing StackRhythm for MeasureStack#4
2026-05-10 19:20:25,904 DEBUG [Revelation Song-lead-D#2]           PageRhythm.java:329  | About to process StackRhythm for MeasureStack#5
2026-05-10 19:20:25,904 DEBUG [Revelation Song-lead-D#2]          StackRhythm.java:221  | Setting expectedDuration=1 for stack on page 5
2026-05-10 19:20:25,905 DEBUG [Revelation Song-lead-D#2]           PageRhythm.java:331  | Finished processing StackRhythm for MeasureStack#5
2026-05-10 19:20:25,906 DEBUG [Revelation Song-lead-D#2]           PageRhythm.java:329  | About to process StackRhythm for MeasureStack#6
2026-05-10 19:20:25,906 DEBUG [Revelation Song-lead-D#2]          StackRhythm.java:221  | Setting expectedDuration=1 for stack on page 6
2026-05-10 19:20:25,906 DEBUG [Revelation Song-lead-D#2]           PageRhythm.java:331  | Finished processing StackRhythm for MeasureStack#6
2026-05-10 19:20:25,906 DEBUG [Revelation Song-lead-D#2]           PageRhythm.java:329  | About to process StackRhythm for MeasureStack#7
2026-05-10 19:20:25,907 DEBUG [Revelation Song-lead-D#2]          StackRhythm.java:221  | Setting expectedDuration=1 for stack on page 7
2026-05-10 19:20:25,908 DEBUG [Revelation Song-lead-D#2]           PageRhythm.java:331  | Finished processing StackRhythm for MeasureStack#7
2026-05-10 19:20:25,908 DEBUG [Revelation Song-lead-D#2]           PageRhythm.java:329  | About to process StackRhythm for MeasureStack#8
2026-05-10 19:20:25,909 DEBUG [Revelation Song-lead-D#2]          StackRhythm.java:221  | Setting expectedDuration=1 for stack on page 8
2026-05-10 19:20:25,910 INFO [Revelation Song-lead-D#2]          StackRhythm.java:226  | S3 MeasureStack#8 no correct rhythm
2026-05-10 19:20:25,910 DEBUG [Revelation Song-lead-D#2]           PageRhythm.java:331  | Finished processing StackRhythm for MeasureStack#8
2026-05-10 19:20:25,910 DEBUG [Revelation Song-lead-D#2]           PageRhythm.java:329  | About to process StackRhythm for MeasureStack#9
2026-05-10 19:20:25,910 DEBUG [Revelation Song-lead-D#2]          StackRhythm.java:221  | Setting expectedDuration=1 for stack on page 9
2026-05-10 19:20:25,911 DEBUG [Revelation Song-lead-D#2]           PageRhythm.java:331  | Finished processing StackRhythm for MeasureStack#9
2026-05-10 19:20:25,911 DEBUG [Revelation Song-lead-D#2]           PageRhythm.java:329  | About to process StackRhythm for MeasureStack#10
2026-05-10 19:20:25,911 DEBUG [Revelation Song-lead-D#2]          StackRhythm.java:221  | Setting expectedDuration=1 for stack on page 10
2026-05-10 19:20:25,912 DEBUG [Revelation Song-lead-D#2]           PageRhythm.java:331  | Finished processing StackRhythm for MeasureStack#10
2026-05-10 19:20:25,912 DEBUG [Revelation Song-lead-D#2]           PageRhythm.java:329  | About to process StackRhythm for MeasureStack#11
2026-05-10 19:20:25,912 DEBUG [Revelation Song-lead-D#2]          StackRhythm.java:221  | Setting expectedDuration=1 for stack on page 11
2026-05-10 19:20:25,913 DEBUG [Revelation Song-lead-D#2]           PageRhythm.java:331  | Finished processing StackRhythm for MeasureStack#11
2026-05-10 19:20:25,913 DEBUG [Revelation Song-lead-D#2]           PageRhythm.java:329  | About to process StackRhythm for MeasureStack#12
2026-05-10 19:20:25,913 DEBUG [Revelation Song-lead-D#2]          StackRhythm.java:221  | Setting expectedDuration=1 for stack on page 12
2026-05-10 19:20:25,914 DEBUG [Revelation Song-lead-D#2]           PageRhythm.java:331  | Finished processing StackRhythm for MeasureStack#12
2026-05-10 19:20:25,915 DEBUG [Revelation Song-lead-D#2]           PageRhythm.java:329  | About to process StackRhythm for MeasureStack#13
2026-05-10 19:20:25,915 DEBUG [Revelation Song-lead-D#2]          StackRhythm.java:221  | Setting expectedDuration=1 for stack on page 13
2026-05-10 19:20:25,915 DEBUG [Revelation Song-lead-D#2]           PageRhythm.java:331  | Finished processing StackRhythm for MeasureStack#13
2026-05-10 19:20:25,917 DEBUG [Revelation Song-lead-D#2]           PageRhythm.java:329  | About to process StackRhythm for MeasureStack#14
2026-05-10 19:20:25,917 DEBUG [Revelation Song-lead-D#2]          StackRhythm.java:221  | Setting expectedDuration=1 for stack on page 14
2026-05-10 19:20:25,918 DEBUG [Revelation Song-lead-D#2]           PageRhythm.java:331  | Finished processing StackRhythm for MeasureStack#14
2026-05-10 19:20:25,918 DEBUG [Revelation Song-lead-D#2]           PageRhythm.java:329  | About to process StackRhythm for MeasureStack#15
2026-05-10 19:20:25,919 DEBUG [Revelation Song-lead-D#2]          StackRhythm.java:221  | Setting expectedDuration=1 for stack on page 15
2026-05-10 19:20:25,920 DEBUG [Revelation Song-lead-D#2]           PageRhythm.java:331  | Finished processing StackRhythm for MeasureStack#15
2026-05-10 19:20:25,921 DEBUG [Revelation Song-lead-D#2]           PageRhythm.java:329  | About to process StackRhythm for MeasureStack#16
2026-05-10 19:20:25,921 DEBUG [Revelation Song-lead-D#2]          StackRhythm.java:221  | Setting expectedDuration=1 for stack on page 16
2026-05-10 19:20:25,923 DEBUG [Revelation Song-lead-D#2]           PageRhythm.java:331  | Finished processing StackRhythm for MeasureStack#16
2026-05-10 19:20:25,923 DEBUG [Revelation Song-lead-D#2]           PageRhythm.java:329  | About to process StackRhythm for MeasureStack#17
2026-05-10 19:20:25,923 DEBUG [Revelation Song-lead-D#2]          StackRhythm.java:221  | Setting expectedDuration=1 for stack on page 17
2026-05-10 19:20:25,924 DEBUG [Revelation Song-lead-D#2]           PageRhythm.java:331  | Finished processing StackRhythm for MeasureStack#17
2026-05-10 19:20:25,924 DEBUG [Revelation Song-lead-D#2]           PageRhythm.java:329  | About to process StackRhythm for MeasureStack#18
2026-05-10 19:20:25,924 DEBUG [Revelation Song-lead-D#2]          StackRhythm.java:221  | Setting expectedDuration=1 for stack on page 18
2026-05-10 19:20:25,925 DEBUG [Revelation Song-lead-D#2]           PageRhythm.java:331  | Finished processing StackRhythm for MeasureStack#18
2026-05-10 19:20:25,925 DEBUG [Revelation Song-lead-D#2]           PageRhythm.java:329  | About to process StackRhythm for MeasureStack#19
2026-05-10 19:20:25,925 DEBUG [Revelation Song-lead-D#2]          StackRhythm.java:221  | Setting expectedDuration=1 for stack on page 19
2026-05-10 19:20:25,926 INFO [Revelation Song-lead-D#2]          StackRhythm.java:226  | S6 MeasureStack#19 no correct rhythm
2026-05-10 19:20:25,926 DEBUG [Revelation Song-lead-D#2]           PageRhythm.java:331  | Finished processing StackRhythm for MeasureStack#19
2026-05-10 19:20:25,926 DEBUG [Revelation Song-lead-D#2]           PageRhythm.java:329  | About to process StackRhythm for MeasureStack#20
2026-05-10 19:20:25,926 DEBUG [Revelation Song-lead-D#2]          StackRhythm.java:221  | Setting expectedDuration=1 for stack on page 20
2026-05-10 19:20:25,928 DEBUG [Revelation Song-lead-D#2]           PageRhythm.java:331  | Finished processing StackRhythm for MeasureStack#20
2026-05-10 19:20:25,928 DEBUG [Revelation Song-lead-D#2]           PageRhythm.java:329  | About to process StackRhythm for MeasureStack#21
2026-05-10 19:20:25,928 DEBUG [Revelation Song-lead-D#2]          StackRhythm.java:221  | Setting expectedDuration=1 for stack on page 21
2026-05-10 19:20:25,929 INFO [Revelation Song-lead-D#2]          StackRhythm.java:226  | S7 MeasureStack#21 no correct rhythm
2026-05-10 19:20:25,929 DEBUG [Revelation Song-lead-D#2]           PageRhythm.java:331  | Finished processing StackRhythm for MeasureStack#21
2026-05-10 19:20:25,929 DEBUG [Revelation Song-lead-D#2]           PageRhythm.java:329  | About to process StackRhythm for MeasureStack#22
2026-05-10 19:20:25,929 DEBUG [Revelation Song-lead-D#2]          StackRhythm.java:221  | Setting expectedDuration=1 for stack on page 22
2026-05-10 19:20:25,930 DEBUG [Revelation Song-lead-D#2]           PageRhythm.java:331  | Finished processing StackRhythm for MeasureStack#22
2026-05-10 19:20:25,930 DEBUG [Revelation Song-lead-D#2]           PageRhythm.java:329  | About to process StackRhythm for MeasureStack#23
2026-05-10 19:20:25,930 DEBUG [Revelation Song-lead-D#2]          StackRhythm.java:221  | Setting expectedDuration=1 for stack on page 23
2026-05-10 19:20:25,931 DEBUG [Revelation Song-lead-D#2]           PageRhythm.java:331  | Finished processing StackRhythm for MeasureStack#23
