2026-05-10 17:40:46,157 WARN [I Exalt Thee-lead-F]          TextBuilder.java:412  | Skipping TextLine with null bounds: TextLine{ "" conf:NaN}
2026-05-10 17:40:46,161 WARN [I Exalt Thee-lead-F]          TextBuilder.java:412  | Skipping TextLine with null bounds: TextLine{ "" conf:NaN}
2026-05-10 17:40:46,161 WARN [I Exalt Thee-lead-F]          TextBuilder.java:412  | Skipping TextLine with null bounds: TextLine{ "" conf:NaN}
2026-05-10 17:40:46,163 WARN [I Exalt Thee-lead-F]          TextBuilder.java:412  | Skipping TextLine with null bounds: TextLine{ "" conf:NaN}
2026-05-10 17:40:46,165 WARN [I Exalt Thee-lead-F]          TextBuilder.java:412  | Skipping TextLine with null bounds: TextLine{ "" conf:NaN}
2026-05-10 17:40:46,166 WARN [I Exalt Thee-lead-F]          TextBuilder.java:412  | Skipping TextLine with null bounds: TextLine{ "" conf:NaN}
2026-05-10 17:40:46,166 WARN [I Exalt Thee-lead-F]          TextBuilder.java:412  | Skipping TextLine with null bounds: TextLine{ "" conf:NaN}
2026-05-10 17:40:46,168 WARN [I Exalt Thee-lead-F]          TextBuilder.java:412  | Skipping TextLine with null bounds: TextLine{ "" conf:NaN}
2026-05-10 17:40:46,168 WARN [I Exalt Thee-lead-F]          TextBuilder.java:412  | Skipping TextLine with null bounds: TextLine{ "" conf:NaN}
2026-05-10 17:40:46,168 WARN [I Exalt Thee-lead-F]          TextBuilder.java:412  | Skipping TextLine with null bounds: TextLine{ "" conf:NaN}
2026-05-10 17:40:46,169 WARN [I Exalt Thee-lead-F]          TextBuilder.java:412  | Skipping TextLine with null bounds: TextLine{ "" conf:NaN}
2026-05-10 17:40:46,169 WARN [I Exalt Thee-lead-F]          TextBuilder.java:412  | Skipping TextLine with null bounds: TextLine{ "" conf:NaN}
2026-05-10 17:40:46,169 WARN [I Exalt Thee-lead-F]          TextBuilder.java:412  | Skipping TextLine with null bounds: TextLine{ "" conf:NaN}
2026-05-10 17:40:46,170 WARN [I Exalt Thee-lead-F]          TextBuilder.java:412  | Skipping TextLine with null bounds: TextLine{ "" conf:NaN}
2026-05-10 17:40:46,170 WARN [I Exalt Thee-lead-F]          TextBuilder.java:412  | Skipping TextLine with null bounds: TextLine{ "" conf:NaN}
2026-05-10 17:40:46,171 WARN [I Exalt Thee-lead-F]          TextBuilder.java:412  | Skipping TextLine with null bounds: TextLine{ "" conf:NaN}
2026-05-10 17:40:46,171 WARN [I Exalt Thee-lead-F]          TextBuilder.java:412  | Skipping TextLine with null bounds: TextLine{ "" conf:NaN}
2026-05-10 17:40:46,172 WARN [I Exalt Thee-lead-F]          TextBuilder.java:412  | Skipping TextLine with null bounds: TextLine{ "" conf:NaN}
2026-05-10 17:40:46,172 WARN [I Exalt Thee-lead-F]          TextBuilder.java:412  | Skipping TextLine with null bounds: TextLine{ "" conf:NaN}
2026-05-10 17:40:46,173 WARN [I Exalt Thee-lead-F]          TextBuilder.java:412  | Skipping TextLine with null bounds: TextLine{ "" conf:NaN}
2026-05-10 17:40:46,173 WARN [I Exalt Thee-lead-F]          TextBuilder.java:412  | Skipping TextLine with null bounds: TextLine{ "" conf:NaN}
2026-05-10 17:40:46,174 WARN [I Exalt Thee-lead-F]          TextBuilder.java:412  | Skipping TextLine with null bounds: TextLine{ "" conf:NaN}
2026-05-10 17:40:46,174 WARN [I Exalt Thee-lead-F]          TextBuilder.java:412  | Skipping TextLine with null bounds: TextLine{ "" conf:NaN}
2026-05-10 17:40:46,174 WARN [I Exalt Thee-lead-F]          TextBuilder.java:412  | Skipping TextLine with null bounds: TextLine{ "" conf:NaN}
2026-05-10 17:40:46,175 WARN [I Exalt Thee-lead-F]          TextBuilder.java:412  | Skipping TextLine with null bounds: TextLine{ "" conf:NaN}
2026-05-10 17:40:46,175 WARN [I Exalt Thee-lead-F]          TextBuilder.java:412  | Skipping TextLine with null bounds: TextLine{ "" conf:NaN}
2026-05-10 17:40:46,176 WARN [I Exalt Thee-lead-F]          TextBuilder.java:412  | Skipping TextLine with null bounds: TextLine{ "" conf:NaN}
2026-05-10 17:40:46,176 WARN [I Exalt Thee-lead-F]          TextBuilder.java:412  | Skipping TextLine with null bounds: TextLine{ "" conf:NaN}
2026-05-10 17:40:46,176 WARN [I Exalt Thee-lead-F]          TextBuilder.java:412  | Skipping TextLine with null bounds: TextLine{ "" conf:NaN}
2026-05-10 17:40:46,177 WARN [I Exalt Thee-lead-F]          TextBuilder.java:412  | Skipping TextLine with null bounds: TextLine{ "" conf:NaN}
2026-05-10 17:40:46,177 WARN [I Exalt Thee-lead-F]          TextBuilder.java:412  | Skipping TextLine with null bounds: TextLine{ "" conf:NaN}
2026-05-10 17:40:46,180 WARN [I Exalt Thee-lead-F]          TextBuilder.java:412  | Skipping TextLine with null bounds: TextLine{ "" conf:NaN}
2026-05-10 17:40:46,181 WARN [I Exalt Thee-lead-F]          TextBuilder.java:412  | Skipping TextLine with null bounds: TextLine{ "" conf:NaN}
2026-05-10 17:40:46,181 WARN [I Exalt Thee-lead-F]          TextBuilder.java:412  | Skipping TextLine with null bounds: TextLine{ "" conf:NaN}
2026-05-10 17:40:46,182 WARN [I Exalt Thee-lead-F]          TextBuilder.java:412  | Skipping TextLine with null bounds: TextLine{ "" conf:NaN}
2026-05-10 17:40:46,182 WARN [I Exalt Thee-lead-F]          TextBuilder.java:412  | Skipping TextLine with null bounds: TextLine{ "" conf:NaN}
2026-05-10 17:40:46,183 WARN [I Exalt Thee-lead-F]          TextBuilder.java:412  | Skipping TextLine with null bounds: TextLine{ "" conf:NaN}
2026-05-10 17:40:46,183 WARN [I Exalt Thee-lead-F]          TextBuilder.java:412  | Skipping TextLine with null bounds: TextLine{ "" conf:NaN}
2026-05-10 17:40:46,183 WARN [I Exalt Thee-lead-F]          TextBuilder.java:412  | Skipping TextLine with null bounds: TextLine{ "" conf:NaN}
2026-05-10 17:40:46,183 WARN [I Exalt Thee-lead-F]          TextBuilder.java:412  | Skipping TextLine with null bounds: TextLine{ "" conf:NaN}
2026-05-10 17:40:46,184 WARN [I Exalt Thee-lead-F]          TextBuilder.java:412  | Skipping TextLine with null bounds: TextLine{ "" conf:NaN}
2026-05-10 17:40:46,185 WARN [I Exalt Thee-lead-F]          TextBuilder.java:412  | Skipping TextLine with null bounds: TextLine{ "" conf:NaN}
2026-05-10 17:40:46,185 WARN [I Exalt Thee-lead-F]          TextBuilder.java:412  | Skipping TextLine with null bounds: TextLine{ "" conf:NaN}
2026-05-10 17:40:46,185 WARN [I Exalt Thee-lead-F]          TextBuilder.java:412  | Skipping TextLine with null bounds: TextLine{ "" conf:NaN}
2026-05-10 17:40:46,185 WARN [I Exalt Thee-lead-F]          TextBuilder.java:412  | Skipping TextLine with null bounds: TextLine{ "" conf:NaN}
2026-05-10 17:40:46,185 WARN [I Exalt Thee-lead-F]          TextBuilder.java:412  | Skipping TextLine with null bounds: TextLine{ "" conf:NaN}
2026-05-10 17:40:46,186 WARN [I Exalt Thee-lead-F]          TextBuilder.java:412  | Skipping TextLine with null bounds: TextLine{ "" conf:NaN}
2026-05-10 17:40:46,186 WARN [I Exalt Thee-lead-F]          TextBuilder.java:412  | Skipping TextLine with null bounds: TextLine{ "" conf:NaN}
2026-05-10 17:40:46,187 WARN [I Exalt Thee-lead-F]          TextBuilder.java:412  | Skipping TextLine with null bounds: TextLine{ "" conf:NaN}
2026-05-10 17:40:46,187 WARN [I Exalt Thee-lead-F]          TextBuilder.java:412  | Skipping TextLine with null bounds: TextLine{ "" conf:NaN}
2026-05-10 17:40:46,187 WARN [I Exalt Thee-lead-F]          TextBuilder.java:412  | Skipping TextLine with null bounds: TextLine{ "" conf:NaN}
2026-05-10 17:40:46,188 WARN [I Exalt Thee-lead-F]          TextBuilder.java:412  | Skipping TextLine with null bounds: TextLine{ "" conf:NaN}
2026-05-10 17:40:46,188 WARN [I Exalt Thee-lead-F]          TextBuilder.java:412  | Skipping TextLine with null bounds: TextLine{ "" conf:NaN}
2026-05-10 17:40:46,188 WARN [I Exalt Thee-lead-F]          TextBuilder.java:412  | Skipping TextLine with null bounds: TextLine{ "" conf:NaN}
2026-05-10 17:40:46,189 WARN [I Exalt Thee-lead-F]          TextBuilder.java:412  | Skipping TextLine with null bounds: TextLine{ "" conf:NaN}
2026-05-10 17:40:46,189 WARN [I Exalt Thee-lead-F]          TextBuilder.java:412  | Skipping TextLine with null bounds: TextLine{ "" conf:NaN}
2026-05-10 17:40:46,189 WARN [I Exalt Thee-lead-F]          TextBuilder.java:412  | Skipping TextLine with null bounds: TextLine{ "" conf:NaN}
2026-05-10 17:40:46,190 WARN [I Exalt Thee-lead-F]          TextBuilder.java:412  | Skipping TextLine with null bounds: TextLine{ "" conf:NaN}
2026-05-10 17:40:46,191 WARN [I Exalt Thee-lead-F]          TextBuilder.java:412  | Skipping TextLine with null bounds: TextLine{ "" conf:NaN}
2026-05-10 17:40:46,191 WARN [I Exalt Thee-lead-F]          TextBuilder.java:412  | Skipping TextLine with null bounds: TextLine{ "" conf:NaN}
2026-05-10 17:40:46,191 WARN [I Exalt Thee-lead-F]          TextBuilder.java:412  | Skipping TextLine with null bounds: TextLine{ "" conf:NaN}
2026-05-10 17:40:46,192 WARN [I Exalt Thee-lead-F]          TextBuilder.java:412  | Skipping TextLine with null bounds: TextLine{ "" conf:NaN}
2026-05-10 17:40:46,193 WARN [I Exalt Thee-lead-F]          TextBuilder.java:412  | Skipping TextLine with null bounds: TextLine{ "" conf:NaN}
2026-05-10 17:40:46,193 WARN [I Exalt Thee-lead-F]          TextBuilder.java:412  | Skipping TextLine with null bounds: TextLine{ "" conf:NaN}
2026-05-10 17:40:46,194 WARN [I Exalt Thee-lead-F]          TextBuilder.java:412  | Skipping TextLine with null bounds: TextLine{ "" conf:NaN}
2026-05-10 17:40:46,194 WARN [I Exalt Thee-lead-F]          TextBuilder.java:412  | Skipping TextLine with null bounds: TextLine{ "" conf:NaN}
2026-05-10 17:40:46,194 WARN [I Exalt Thee-lead-F]          TextBuilder.java:412  | Skipping TextLine with null bounds: TextLine{ "" conf:NaN}
2026-05-10 17:40:46,195 WARN [I Exalt Thee-lead-F]          TextBuilder.java:412  | Skipping TextLine with null bounds: TextLine{ "" conf:NaN}
2026-05-10 17:40:46,195 WARN [I Exalt Thee-lead-F]          TextBuilder.java:412  | Skipping TextLine with null bounds: TextLine{ "" conf:NaN}
2026-05-10 17:40:46,196 WARN [I Exalt Thee-lead-F]          TextBuilder.java:412  | Skipping TextLine with null bounds: TextLine{ "" conf:NaN}
2026-05-10 17:40:46,196 WARN [I Exalt Thee-lead-F]          TextBuilder.java:412  | Skipping TextLine with null bounds: TextLine{ "" conf:NaN}
2026-05-10 17:40:46,196 WARN [I Exalt Thee-lead-F]          TextBuilder.java:412  | Skipping TextLine with null bounds: TextLine{ "" conf:NaN}
2026-05-10 17:40:46,197 WARN [I Exalt Thee-lead-F]          TextBuilder.java:412  | Skipping TextLine with null bounds: TextLine{ "" conf:NaN}
2026-05-10 17:40:46,197 WARN [I Exalt Thee-lead-F]          TextBuilder.java:412  | Skipping TextLine with null bounds: TextLine{ "" conf:NaN}
2026-05-10 17:40:46,197 WARN [I Exalt Thee-lead-F]          TextBuilder.java:412  | Skipping TextLine with null bounds: TextLine{ "" conf:NaN}
2026-05-10 17:40:46,198 WARN [I Exalt Thee-lead-F]          TextBuilder.java:412  | Skipping TextLine with null bounds: TextLine{ "" conf:NaN}
2026-05-10 17:40:46,198 WARN [I Exalt Thee-lead-F]          TextBuilder.java:412  | Skipping TextLine with null bounds: TextLine{ "" conf:NaN}
2026-05-10 17:40:46,199 WARN [I Exalt Thee-lead-F]          TextBuilder.java:412  | Skipping TextLine with null bounds: TextLine{ "" conf:NaN}
2026-05-10 17:40:46,199 WARN [I Exalt Thee-lead-F]          TextBuilder.java:412  | Skipping TextLine with null bounds: TextLine{ "" conf:NaN}
2026-05-10 17:40:46,199 WARN [I Exalt Thee-lead-F]          TextBuilder.java:412  | Skipping TextLine with null bounds: TextLine{ "" conf:NaN}
2026-05-10 17:40:46,200 WARN [I Exalt Thee-lead-F]          TextBuilder.java:412  | Skipping TextLine with null bounds: TextLine{ "" conf:NaN}
2026-05-10 17:40:46,200 WARN [I Exalt Thee-lead-F]          TextBuilder.java:412  | Skipping TextLine with null bounds: TextLine{ "" conf:NaN}
2026-05-10 17:40:46,201 WARN [I Exalt Thee-lead-F]          TextBuilder.java:412  | Skipping TextLine with null bounds: TextLine{ "" conf:NaN}
2026-05-10 17:40:46,201 WARN [I Exalt Thee-lead-F]          TextBuilder.java:412  | Skipping TextLine with null bounds: TextLine{ "" conf:NaN}
2026-05-10 17:40:46,201 WARN [I Exalt Thee-lead-F]          TextBuilder.java:412  | Skipping TextLine with null bounds: TextLine{ "" conf:NaN}
2026-05-10 17:40:46,201 WARN [I Exalt Thee-lead-F]          TextBuilder.java:412  | Skipping TextLine with null bounds: TextLine{ "" conf:NaN}
2026-05-10 17:40:46,201 WARN [I Exalt Thee-lead-F]          TextBuilder.java:412  | Skipping TextLine with null bounds: TextLine{ "" conf:NaN}
2026-05-10 17:40:46,202 WARN [I Exalt Thee-lead-F]          TextBuilder.java:412  | Skipping TextLine with null bounds: TextLine{ "" conf:NaN}
2026-05-10 17:40:46,202 WARN [I Exalt Thee-lead-F]          TextBuilder.java:412  | Skipping TextLine with null bounds: TextLine{ "" conf:NaN}
2026-05-10 17:40:46,202 WARN [I Exalt Thee-lead-F]          TextBuilder.java:412  | Skipping TextLine with null bounds: TextLine{ "" conf:NaN}
2026-05-10 17:40:46,202 WARN [I Exalt Thee-lead-F]          TextBuilder.java:412  | Skipping TextLine with null bounds: TextLine{ "" conf:NaN}
2026-05-10 17:40:46,202 WARN [I Exalt Thee-lead-F]          TextBuilder.java:412  | Skipping TextLine with null bounds: TextLine{ "" conf:NaN}
2026-05-10 17:40:46,204 WARN [I Exalt Thee-lead-F]          TextBuilder.java:412  | Skipping TextLine with null bounds: TextLine{ "" conf:NaN}
2026-05-10 17:40:46,205 WARN [I Exalt Thee-lead-F]          TextBuilder.java:412  | Skipping TextLine with null bounds: TextLine{ "" conf:NaN}
2026-05-10 17:40:46,205 WARN [I Exalt Thee-lead-F]          TextBuilder.java:412  | Skipping TextLine with null bounds: TextLine{ "" conf:NaN}
2026-05-10 17:40:46,205 WARN [I Exalt Thee-lead-F]          TextBuilder.java:412  | Skipping TextLine with null bounds: TextLine{ "" conf:NaN}
2026-05-10 17:40:46,205 WARN [I Exalt Thee-lead-F]          TextBuilder.java:412  | Skipping TextLine with null bounds: TextLine{ "" conf:NaN}
2026-05-10 17:40:46,207 WARN [I Exalt Thee-lead-F]          TextBuilder.java:412  | Skipping TextLine with null bounds: TextLine{ "" conf:NaN}
2026-05-10 17:40:46,207 WARN [I Exalt Thee-lead-F]          TextBuilder.java:412  | Skipping TextLine with null bounds: TextLine{ "" conf:NaN}
2026-05-10 17:40:46,207 WARN [I Exalt Thee-lead-F]          TextBuilder.java:412  | Skipping TextLine with null bounds: TextLine{ "" conf:NaN}
2026-05-10 17:40:46,207 WARN [I Exalt Thee-lead-F]          TextBuilder.java:412  | Skipping TextLine with null bounds: TextLine{ "" conf:NaN}
2026-05-10 17:40:46,208 WARN [I Exalt Thee-lead-F]          TextBuilder.java:412  | Skipping TextLine with null bounds: TextLine{ "" conf:NaN}
2026-05-10 17:40:46,208 WARN [I Exalt Thee-lead-F]          TextBuilder.java:412  | Skipping TextLine with null bounds: TextLine{ "" conf:NaN}
2026-05-10 17:40:46,209 WARN [I Exalt Thee-lead-F]          TextBuilder.java:412  | Skipping TextLine with null bounds: TextLine{ "" conf:NaN}
2026-05-10 17:40:46,209 WARN [I Exalt Thee-lead-F]          TextBuilder.java:412  | Skipping TextLine with null bounds: TextLine{ "" conf:NaN}
2026-05-10 17:40:46,209 WARN [I Exalt Thee-lead-F]          TextBuilder.java:412  | Skipping TextLine with null bounds: TextLine{ "" conf:NaN}
2026-05-10 17:40:46,210 WARN [I Exalt Thee-lead-F]          TextBuilder.java:412  | Skipping TextLine with null bounds: TextLine{ "" conf:NaN}
2026-05-10 17:40:46,210 WARN [I Exalt Thee-lead-F]          TextBuilder.java:412  | Skipping TextLine with null bounds: TextLine{ "" conf:NaN}
2026-05-10 17:40:46,210 WARN [I Exalt Thee-lead-F]          TextBuilder.java:412  | Skipping TextLine with null bounds: TextLine{ "" conf:NaN}
2026-05-10 17:40:46,210 WARN [I Exalt Thee-lead-F]          TextBuilder.java:412  | Skipping TextLine with null bounds: TextLine{ "" conf:NaN}
2026-05-10 17:40:46,210 WARN [I Exalt Thee-lead-F]          TextBuilder.java:412  | Skipping TextLine with null bounds: TextLine{ "" conf:NaN}
2026-05-10 17:40:46,212 WARN [I Exalt Thee-lead-F]          TextBuilder.java:412  | Skipping TextLine with null bounds: TextLine{ "" conf:NaN}
2026-05-10 17:40:46,212 WARN [I Exalt Thee-lead-F]          TextBuilder.java:412  | Skipping TextLine with null bounds: TextLine{ "" conf:NaN}
2026-05-10 17:40:46,213 WARN [I Exalt Thee-lead-F]          TextBuilder.java:412  | Skipping TextLine with null bounds: TextLine{ "" conf:NaN}
2026-05-10 17:40:46,213 WARN [I Exalt Thee-lead-F]          TextBuilder.java:412  | Skipping TextLine with null bounds: TextLine{ "" conf:NaN}
2026-05-10 17:40:46,214 WARN [I Exalt Thee-lead-F]          TextBuilder.java:412  | Skipping TextLine with null bounds: TextLine{ "" conf:NaN}
2026-05-10 17:40:46,214 WARN [I Exalt Thee-lead-F]          TextBuilder.java:412  | Skipping TextLine with null bounds: TextLine{ "" conf:NaN}
2026-05-10 17:40:46,215 WARN [I Exalt Thee-lead-F]          TextBuilder.java:412  | Skipping TextLine with null bounds: TextLine{ "" conf:NaN}
2026-05-10 17:40:46,215 WARN [I Exalt Thee-lead-F]          TextBuilder.java:412  | Skipping TextLine with null bounds: TextLine{ "" conf:NaN}
2026-05-10 17:40:46,215 WARN [I Exalt Thee-lead-F]          TextBuilder.java:412  | Skipping TextLine with null bounds: TextLine{ "" conf:NaN}
2026-05-10 17:40:46,216 WARN [I Exalt Thee-lead-F]          TextBuilder.java:412  | Skipping TextLine with null bounds: TextLine{ "" conf:NaN}
2026-05-10 17:40:46,216 WARN [I Exalt Thee-lead-F]          TextBuilder.java:412  | Skipping TextLine with null bounds: TextLine{ "" conf:NaN}
2026-05-10 17:40:46,216 WARN [I Exalt Thee-lead-F]          TextBuilder.java:412  | Skipping TextLine with null bounds: TextLine{ "" conf:NaN}
2026-05-10 17:40:46,216 WARN [I Exalt Thee-lead-F]          TextBuilder.java:412  | Skipping TextLine with null bounds: TextLine{ "" conf:NaN}
2026-05-10 17:40:46,217 WARN [I Exalt Thee-lead-F]          TextBuilder.java:412  | Skipping TextLine with null bounds: TextLine{ "" conf:NaN}
2026-05-10 17:40:46,217 WARN [I Exalt Thee-lead-F]          TextBuilder.java:412  | Skipping TextLine with null bounds: TextLine{ "" conf:NaN}
2026-05-10 17:40:46,218 WARN [I Exalt Thee-lead-F]          TextBuilder.java:412  | Skipping TextLine with null bounds: TextLine{ "" conf:NaN}
2026-05-10 17:40:46,218 WARN [I Exalt Thee-lead-F]          TextBuilder.java:412  | Skipping TextLine with null bounds: TextLine{ "" conf:NaN}
2026-05-10 17:40:46,219 WARN [I Exalt Thee-lead-F]          TextBuilder.java:412  | Skipping TextLine with null bounds: TextLine{ "" conf:NaN}
2026-05-10 17:40:46,219 WARN [I Exalt Thee-lead-F]          TextBuilder.java:412  | Skipping TextLine with null bounds: TextLine{ "" conf:NaN}
2026-05-10 17:40:46,219 WARN [I Exalt Thee-lead-F]          TextBuilder.java:412  | Skipping TextLine with null bounds: TextLine{ "" conf:NaN}
2026-05-10 17:40:46,219 WARN [I Exalt Thee-lead-F]          TextBuilder.java:412  | Skipping TextLine with null bounds: TextLine{ "" conf:NaN}
2026-05-10 17:40:46,220 WARN [I Exalt Thee-lead-F]          TextBuilder.java:412  | Skipping TextLine with null bounds: TextLine{ "" conf:NaN}
2026-05-10 17:40:46,220 WARN [I Exalt Thee-lead-F]          TextBuilder.java:412  | Skipping TextLine with null bounds: TextLine{ "" conf:NaN}
2026-05-10 17:40:46,221 WARN [I Exalt Thee-lead-F]          TextBuilder.java:412  | Skipping TextLine with null bounds: TextLine{ "" conf:NaN}
2026-05-10 17:40:46,221 WARN [I Exalt Thee-lead-F]          TextBuilder.java:412  | Skipping TextLine with null bounds: TextLine{ "" conf:NaN}
2026-05-10 17:40:46,221 WARN [I Exalt Thee-lead-F]          TextBuilder.java:412  | Skipping TextLine with null bounds: TextLine{ "" conf:NaN}
2026-05-10 17:40:46,221 WARN [I Exalt Thee-lead-F]          TextBuilder.java:412  | Skipping TextLine with null bounds: TextLine{ "" conf:NaN}
2026-05-10 17:40:46,221 WARN [I Exalt Thee-lead-F]          TextBuilder.java:412  | Skipping TextLine with null bounds: TextLine{ "" conf:NaN}
2026-05-10 17:40:46,222 WARN [I Exalt Thee-lead-F]          TextBuilder.java:412  | Skipping TextLine with null bounds: TextLine{ "" conf:NaN}
2026-05-10 17:40:46,222 WARN [I Exalt Thee-lead-F]          TextBuilder.java:412  | Skipping TextLine with null bounds: TextLine{ "" conf:NaN}
2026-05-10 17:40:46,222 WARN [I Exalt Thee-lead-F]          TextBuilder.java:412  | Skipping TextLine with null bounds: TextLine{ "" conf:NaN}
2026-05-10 17:40:46,222 WARN [I Exalt Thee-lead-F]          TextBuilder.java:412  | Skipping TextLine with null bounds: TextLine{ "" conf:NaN}
2026-05-10 17:40:46,222 WARN [I Exalt Thee-lead-F]          TextBuilder.java:412  | Skipping TextLine with null bounds: TextLine{ "" conf:NaN}
2026-05-10 17:40:46,223 WARN [I Exalt Thee-lead-F]          TextBuilder.java:412  | Skipping TextLine with null bounds: TextLine{ "" conf:NaN}
2026-05-10 17:40:46,224 WARN [I Exalt Thee-lead-F]          TextBuilder.java:412  | Skipping TextLine with null bounds: TextLine{ "" conf:NaN}
2026-05-10 17:40:46,224 WARN [I Exalt Thee-lead-F]          TextBuilder.java:412  | Skipping TextLine with null bounds: TextLine{ "" conf:NaN}
2026-05-10 17:40:46,225 WARN [I Exalt Thee-lead-F]          TextBuilder.java:412  | Skipping TextLine with null bounds: TextLine{ "" conf:NaN}
2026-05-10 17:40:46,225 WARN [I Exalt Thee-lead-F]          TextBuilder.java:412  | Skipping TextLine with null bounds: TextLine{ "" conf:NaN}
2026-05-10 17:40:46,225 WARN [I Exalt Thee-lead-F]          TextBuilder.java:412  | Skipping TextLine with null bounds: TextLine{ "" conf:NaN}
2026-05-10 17:40:46,226 WARN [I Exalt Thee-lead-F]          TextBuilder.java:412  | Skipping TextLine with null bounds: TextLine{ "" conf:NaN}
2026-05-10 17:40:46,226 WARN [I Exalt Thee-lead-F]          TextBuilder.java:412  | Skipping TextLine with null bounds: TextLine{ "" conf:NaN}
2026-05-10 17:40:46,226 WARN [I Exalt Thee-lead-F]          TextBuilder.java:412  | Skipping TextLine with null bounds: TextLine{ "" conf:NaN}
2026-05-10 17:40:46,227 WARN [I Exalt Thee-lead-F]          TextBuilder.java:412  | Skipping TextLine with null bounds: TextLine{ "" conf:NaN}
2026-05-10 17:40:46,227 WARN [I Exalt Thee-lead-F]          TextBuilder.java:412  | Skipping TextLine with null bounds: TextLine{ "" conf:NaN}
2026-05-10 17:40:49,739 INFO [I Exalt Thee-lead-F]           PageRhythm.java:176  | {Page#1.1} Starting PageRhythm time signature check
2026-05-10 17:40:49,740 INFO [I Exalt Thee-lead-F]           PageRhythm.java:178  | {Page#1.1} Initial range state: Range{SN1- tSig:4/4} → ts: TimePairInter#140{ FROZEN(0.945/0.945) staff:1 4/4}
2026-05-10 17:40:49,742 INFO [I Exalt Thee-lead-F]           PageRhythm.java:184  | {Page#1.1} Checking range: Range{SN1- tSig:4/4}, ts: TimePairInter#140{ FROZEN(0.945/0.945) staff:1 4/4}
2026-05-10 17:40:49,742 INFO [I Exalt Thee-lead-F]           PageRhythm.java:277  | Last range: Range{SN1-27 tSig:4/4 dur:1}
2026-05-10 17:40:49,743 INFO [I Exalt Thee-lead-F]           PageRhythm.java:278  | lastRange.timeRational = 4/4
2026-05-10 17:40:49,744 INFO [I Exalt Thee-lead-F]           PageRhythm.java:279  | lastRange.ts = TimePairInter#140{ FROZEN(0.945/0.945) staff:1 4/4}
2026-05-10 17:40:49,744 DEBUG [I Exalt Thee-lead-F]           PageRhythm.java:121  | MeasureStack#1 frats: 2 [5731, 5149]
2026-05-10 17:40:49,745 DEBUG [I Exalt Thee-lead-F]           PageRhythm.java:121  | MeasureStack#2 frats: 2 [5736, 5733]
2026-05-10 17:40:49,745 DEBUG [I Exalt Thee-lead-F]           PageRhythm.java:121  | MeasureStack#3 frats: 5 [5737, 5734, 5738, 5415, 5416]
2026-05-10 17:40:49,746 DEBUG [I Exalt Thee-lead-F]           PageRhythm.java:121  | MeasureStack#4 frats: 0 []
2026-05-10 17:40:49,746 DEBUG [I Exalt Thee-lead-F]           PageRhythm.java:121  | MeasureStack#5 frats: 2 [5709, 5735]
2026-05-10 17:40:49,746 DEBUG [I Exalt Thee-lead-F]           PageRhythm.java:121  | MeasureStack#6 frats: 1 [5751]
2026-05-10 17:40:49,746 DEBUG [I Exalt Thee-lead-F]           PageRhythm.java:121  | MeasureStack#7 frats: 0 []
2026-05-10 17:40:49,747 DEBUG [I Exalt Thee-lead-F]           PageRhythm.java:121  | MeasureStack#8 frats: 2 [6134, 6135]
2026-05-10 17:40:49,747 DEBUG [I Exalt Thee-lead-F]           PageRhythm.java:121  | MeasureStack#9 frats: 3 [6136, 6137, 5952]
2026-05-10 17:40:49,747 DEBUG [I Exalt Thee-lead-F]           PageRhythm.java:121  | MeasureStack#10 frats: 1 [6143]
2026-05-10 17:40:49,747 DEBUG [I Exalt Thee-lead-F]           PageRhythm.java:121  | MeasureStack#11 frats: 3 [6144, 6097, 6098]
2026-05-10 17:40:49,748 DEBUG [I Exalt Thee-lead-F]           PageRhythm.java:121  | MeasureStack#12 frats: 0 []
2026-05-10 17:40:49,749 DEBUG [I Exalt Thee-lead-F]           PageRhythm.java:121  | MeasureStack#13 frats: 4 [6463, 6199, 6197, 6224]
2026-05-10 17:40:49,749 DEBUG [I Exalt Thee-lead-F]           PageRhythm.java:121  | MeasureStack#14 frats: 3 [6464, 6466, 6473]
2026-05-10 17:40:49,750 DEBUG [I Exalt Thee-lead-F]           PageRhythm.java:121  | MeasureStack#15 frats: 1 [6468]
2026-05-10 17:40:49,750 DEBUG [I Exalt Thee-lead-F]           PageRhythm.java:121  | MeasureStack#16 frats: 0 []
2026-05-10 17:40:49,750 DEBUG [I Exalt Thee-lead-F]           PageRhythm.java:121  | MeasureStack#17 frats: 1 [6471]
2026-05-10 17:40:49,751 DEBUG [I Exalt Thee-lead-F]           PageRhythm.java:121  | MeasureStack#18 frats: 0 []
2026-05-10 17:40:49,751 DEBUG [I Exalt Thee-lead-F]           PageRhythm.java:121  | MeasureStack#19 frats: 0 []
2026-05-10 17:40:49,751 DEBUG [I Exalt Thee-lead-F]           PageRhythm.java:121  | MeasureStack#20 frats: 1 [6795]
2026-05-10 17:40:49,752 DEBUG [I Exalt Thee-lead-F]           PageRhythm.java:121  | MeasureStack#21 frats: 0 []
2026-05-10 17:40:49,752 DEBUG [I Exalt Thee-lead-F]           PageRhythm.java:121  | MeasureStack#22 frats: 1 [6797]
2026-05-10 17:40:49,752 DEBUG [I Exalt Thee-lead-F]           PageRhythm.java:121  | MeasureStack#23 frats: 0 []
2026-05-10 17:40:49,752 DEBUG [I Exalt Thee-lead-F]           PageRhythm.java:121  | MeasureStack#24 frats: 2 [6798, 6801]
2026-05-10 17:40:49,753 DEBUG [I Exalt Thee-lead-F]           PageRhythm.java:121  | MeasureStack#25 frats: 0 []
2026-05-10 17:40:49,753 DEBUG [I Exalt Thee-lead-F]           PageRhythm.java:121  | MeasureStack#26 frats: 1 [6815]
2026-05-10 17:40:49,754 DEBUG [I Exalt Thee-lead-F]           PageRhythm.java:121  | MeasureStack#27 frats: 2 [6816, 6817]
2026-05-10 17:40:49,754 DEBUG [I Exalt Thee-lead-F]           PageRhythm.java:325  | Starting Range{SN1-27 tSig:4/4 dur:1}
2026-05-10 17:40:49,754 DEBUG [I Exalt Thee-lead-F]           PageRhythm.java:329  | About to process StackRhythm for MeasureStack#1
2026-05-10 17:40:49,755 DEBUG [I Exalt Thee-lead-F]          StackRhythm.java:221  | Setting expectedDuration=1 for stack on page 1
2026-05-10 17:40:49,779 DEBUG [I Exalt Thee-lead-F]           PageRhythm.java:331  | Finished processing StackRhythm for MeasureStack#1
2026-05-10 17:40:49,780 DEBUG [I Exalt Thee-lead-F]           PageRhythm.java:329  | About to process StackRhythm for MeasureStack#2
2026-05-10 17:40:49,781 DEBUG [I Exalt Thee-lead-F]          StackRhythm.java:221  | Setting expectedDuration=1 for stack on page 2
2026-05-10 17:40:49,782 INFO [I Exalt Thee-lead-F]          StackRhythm.java:226  | S1 MeasureStack#2 no correct rhythm
2026-05-10 17:40:49,782 DEBUG [I Exalt Thee-lead-F]           PageRhythm.java:331  | Finished processing StackRhythm for MeasureStack#2
2026-05-10 17:40:49,783 DEBUG [I Exalt Thee-lead-F]           PageRhythm.java:329  | About to process StackRhythm for MeasureStack#3
2026-05-10 17:40:49,783 DEBUG [I Exalt Thee-lead-F]          StackRhythm.java:221  | Setting expectedDuration=1 for stack on page 3
2026-05-10 17:40:49,786 INFO [I Exalt Thee-lead-F]          StackRhythm.java:226  | S1 MeasureStack#3 no correct rhythm
2026-05-10 17:40:49,786 DEBUG [I Exalt Thee-lead-F]           PageRhythm.java:331  | Finished processing StackRhythm for MeasureStack#3
2026-05-10 17:40:49,786 DEBUG [I Exalt Thee-lead-F]           PageRhythm.java:329  | About to process StackRhythm for MeasureStack#4
2026-05-10 17:40:49,786 DEBUG [I Exalt Thee-lead-F]          StackRhythm.java:221  | Setting expectedDuration=1 for stack on page 4
2026-05-10 17:40:49,788 DEBUG [I Exalt Thee-lead-F]           PageRhythm.java:331  | Finished processing StackRhythm for MeasureStack#4
2026-05-10 17:40:49,788 DEBUG [I Exalt Thee-lead-F]           PageRhythm.java:329  | About to process StackRhythm for MeasureStack#5
2026-05-10 17:40:49,788 DEBUG [I Exalt Thee-lead-F]          StackRhythm.java:221  | Setting expectedDuration=1 for stack on page 5
2026-05-10 17:40:49,790 DEBUG [I Exalt Thee-lead-F]           PageRhythm.java:331  | Finished processing StackRhythm for MeasureStack#5
2026-05-10 17:40:49,793 DEBUG [I Exalt Thee-lead-F]           PageRhythm.java:329  | About to process StackRhythm for MeasureStack#6
2026-05-10 17:40:49,794 DEBUG [I Exalt Thee-lead-F]          StackRhythm.java:221  | Setting expectedDuration=1 for stack on page 6
2026-05-10 17:40:49,797 DEBUG [I Exalt Thee-lead-F]           PageRhythm.java:331  | Finished processing StackRhythm for MeasureStack#6
2026-05-10 17:40:49,798 DEBUG [I Exalt Thee-lead-F]           PageRhythm.java:329  | About to process StackRhythm for MeasureStack#7
2026-05-10 17:40:49,798 DEBUG [I Exalt Thee-lead-F]          StackRhythm.java:221  | Setting expectedDuration=1 for stack on page 7
2026-05-10 17:40:49,800 DEBUG [I Exalt Thee-lead-F]           PageRhythm.java:331  | Finished processing StackRhythm for MeasureStack#7
2026-05-10 17:40:49,800 DEBUG [I Exalt Thee-lead-F]           PageRhythm.java:329  | About to process StackRhythm for MeasureStack#8
2026-05-10 17:40:49,800 DEBUG [I Exalt Thee-lead-F]          StackRhythm.java:221  | Setting expectedDuration=1 for stack on page 8
2026-05-10 17:40:49,801 INFO [I Exalt Thee-lead-F]          StackRhythm.java:226  | S2 MeasureStack#8 no correct rhythm
2026-05-10 17:40:49,801 DEBUG [I Exalt Thee-lead-F]           PageRhythm.java:331  | Finished processing StackRhythm for MeasureStack#8
2026-05-10 17:40:49,802 DEBUG [I Exalt Thee-lead-F]           PageRhythm.java:329  | About to process StackRhythm for MeasureStack#9
2026-05-10 17:40:49,802 DEBUG [I Exalt Thee-lead-F]          StackRhythm.java:221  | Setting expectedDuration=1 for stack on page 9
2026-05-10 17:40:49,804 DEBUG [I Exalt Thee-lead-F]           PageRhythm.java:331  | Finished processing StackRhythm for MeasureStack#9
2026-05-10 17:40:49,805 DEBUG [I Exalt Thee-lead-F]           PageRhythm.java:329  | About to process StackRhythm for MeasureStack#10
2026-05-10 17:40:49,805 DEBUG [I Exalt Thee-lead-F]          StackRhythm.java:221  | Setting expectedDuration=1 for stack on page 10
2026-05-10 17:40:49,806 DEBUG [I Exalt Thee-lead-F]           PageRhythm.java:331  | Finished processing StackRhythm for MeasureStack#10
2026-05-10 17:40:49,807 DEBUG [I Exalt Thee-lead-F]           PageRhythm.java:329  | About to process StackRhythm for MeasureStack#11
2026-05-10 17:40:49,807 DEBUG [I Exalt Thee-lead-F]          StackRhythm.java:221  | Setting expectedDuration=1 for stack on page 11
2026-05-10 17:40:49,808 DEBUG [I Exalt Thee-lead-F]           PageRhythm.java:331  | Finished processing StackRhythm for MeasureStack#11
2026-05-10 17:40:49,809 DEBUG [I Exalt Thee-lead-F]           PageRhythm.java:329  | About to process StackRhythm for MeasureStack#12
2026-05-10 17:40:49,809 DEBUG [I Exalt Thee-lead-F]          StackRhythm.java:221  | Setting expectedDuration=1 for stack on page 12
2026-05-10 17:40:49,810 DEBUG [I Exalt Thee-lead-F]           PageRhythm.java:331  | Finished processing StackRhythm for MeasureStack#12
2026-05-10 17:40:49,811 DEBUG [I Exalt Thee-lead-F]           PageRhythm.java:329  | About to process StackRhythm for MeasureStack#13
2026-05-10 17:40:49,811 DEBUG [I Exalt Thee-lead-F]          StackRhythm.java:221  | Setting expectedDuration=1 for stack on page 13
2026-05-10 17:40:49,814 DEBUG [I Exalt Thee-lead-F]           PageRhythm.java:331  | Finished processing StackRhythm for MeasureStack#13
2026-05-10 17:40:49,814 DEBUG [I Exalt Thee-lead-F]           PageRhythm.java:329  | About to process StackRhythm for MeasureStack#14
2026-05-10 17:40:49,814 DEBUG [I Exalt Thee-lead-F]          StackRhythm.java:221  | Setting expectedDuration=1 for stack on page 14
2026-05-10 17:40:49,816 INFO [I Exalt Thee-lead-F]          StackRhythm.java:226  | S3 MeasureStack#14 no correct rhythm
2026-05-10 17:40:49,816 DEBUG [I Exalt Thee-lead-F]           PageRhythm.java:331  | Finished processing StackRhythm for MeasureStack#14
2026-05-10 17:40:49,817 DEBUG [I Exalt Thee-lead-F]           PageRhythm.java:329  | About to process StackRhythm for MeasureStack#15
2026-05-10 17:40:49,817 DEBUG [I Exalt Thee-lead-F]          StackRhythm.java:221  | Setting expectedDuration=1 for stack on page 15
2026-05-10 17:40:49,817 INFO [I Exalt Thee-lead-F]          StackRhythm.java:226  | S3 MeasureStack#15 no correct rhythm
2026-05-10 17:40:49,819 DEBUG [I Exalt Thee-lead-F]           PageRhythm.java:331  | Finished processing StackRhythm for MeasureStack#15
2026-05-10 17:40:49,819 DEBUG [I Exalt Thee-lead-F]           PageRhythm.java:329  | About to process StackRhythm for MeasureStack#16
2026-05-10 17:40:49,819 DEBUG [I Exalt Thee-lead-F]          StackRhythm.java:221  | Setting expectedDuration=1 for stack on page 16
2026-05-10 17:40:49,819 DEBUG [I Exalt Thee-lead-F]           PageRhythm.java:331  | Finished processing StackRhythm for MeasureStack#16
2026-05-10 17:40:49,820 DEBUG [I Exalt Thee-lead-F]           PageRhythm.java:329  | About to process StackRhythm for MeasureStack#17
2026-05-10 17:40:49,820 DEBUG [I Exalt Thee-lead-F]          StackRhythm.java:221  | Setting expectedDuration=1 for stack on page 17
2026-05-10 17:40:49,821 DEBUG [I Exalt Thee-lead-F]           PageRhythm.java:331  | Finished processing StackRhythm for MeasureStack#17
2026-05-10 17:40:49,822 DEBUG [I Exalt Thee-lead-F]           PageRhythm.java:329  | About to process StackRhythm for MeasureStack#18
2026-05-10 17:40:49,822 DEBUG [I Exalt Thee-lead-F]          StackRhythm.java:221  | Setting expectedDuration=1 for stack on page 18
2026-05-10 17:40:49,822 DEBUG [I Exalt Thee-lead-F]           PageRhythm.java:331  | Finished processing StackRhythm for MeasureStack#18
2026-05-10 17:40:49,823 DEBUG [I Exalt Thee-lead-F]           PageRhythm.java:329  | About to process StackRhythm for MeasureStack#19
2026-05-10 17:40:49,823 DEBUG [I Exalt Thee-lead-F]          StackRhythm.java:221  | Setting expectedDuration=1 for stack on page 19
2026-05-10 17:40:49,823 DEBUG [I Exalt Thee-lead-F]           PageRhythm.java:331  | Finished processing StackRhythm for MeasureStack#19
2026-05-10 17:40:49,824 DEBUG [I Exalt Thee-lead-F]           PageRhythm.java:329  | About to process StackRhythm for MeasureStack#20
2026-05-10 17:40:49,824 DEBUG [I Exalt Thee-lead-F]          StackRhythm.java:221  | Setting expectedDuration=1 for stack on page 20
2026-05-10 17:40:49,825 DEBUG [I Exalt Thee-lead-F]           PageRhythm.java:331  | Finished processing StackRhythm for MeasureStack#20
2026-05-10 17:40:49,826 DEBUG [I Exalt Thee-lead-F]           PageRhythm.java:329  | About to process StackRhythm for MeasureStack#21
2026-05-10 17:40:49,826 DEBUG [I Exalt Thee-lead-F]          StackRhythm.java:221  | Setting expectedDuration=1 for stack on page 21
2026-05-10 17:40:49,827 DEBUG [I Exalt Thee-lead-F]           PageRhythm.java:331  | Finished processing StackRhythm for MeasureStack#21
2026-05-10 17:40:49,828 DEBUG [I Exalt Thee-lead-F]           PageRhythm.java:329  | About to process StackRhythm for MeasureStack#22
2026-05-10 17:40:49,828 DEBUG [I Exalt Thee-lead-F]          StackRhythm.java:221  | Setting expectedDuration=1 for stack on page 22
2026-05-10 17:40:49,830 DEBUG [I Exalt Thee-lead-F]           PageRhythm.java:331  | Finished processing StackRhythm for MeasureStack#22
2026-05-10 17:40:49,831 DEBUG [I Exalt Thee-lead-F]           PageRhythm.java:329  | About to process StackRhythm for MeasureStack#23
2026-05-10 17:40:49,831 DEBUG [I Exalt Thee-lead-F]          StackRhythm.java:221  | Setting expectedDuration=1 for stack on page 23
2026-05-10 17:40:49,832 DEBUG [I Exalt Thee-lead-F]           PageRhythm.java:331  | Finished processing StackRhythm for MeasureStack#23
2026-05-10 17:40:49,832 DEBUG [I Exalt Thee-lead-F]           PageRhythm.java:329  | About to process StackRhythm for MeasureStack#24
2026-05-10 17:40:49,833 DEBUG [I Exalt Thee-lead-F]          StackRhythm.java:221  | Setting expectedDuration=1 for stack on page 24
2026-05-10 17:40:49,834 DEBUG [I Exalt Thee-lead-F]           PageRhythm.java:331  | Finished processing StackRhythm for MeasureStack#24
2026-05-10 17:40:49,834 DEBUG [I Exalt Thee-lead-F]           PageRhythm.java:329  | About to process StackRhythm for MeasureStack#25
2026-05-10 17:40:49,834 DEBUG [I Exalt Thee-lead-F]          StackRhythm.java:221  | Setting expectedDuration=1 for stack on page 25
2026-05-10 17:40:49,835 DEBUG [I Exalt Thee-lead-F]           PageRhythm.java:331  | Finished processing StackRhythm for MeasureStack#25
2026-05-10 17:40:49,835 DEBUG [I Exalt Thee-lead-F]           PageRhythm.java:329  | About to process StackRhythm for MeasureStack#26
2026-05-10 17:40:49,835 DEBUG [I Exalt Thee-lead-F]          StackRhythm.java:221  | Setting expectedDuration=1 for stack on page 26
2026-05-10 17:40:49,836 DEBUG [I Exalt Thee-lead-F]           PageRhythm.java:331  | Finished processing StackRhythm for MeasureStack#26
2026-05-10 17:40:49,837 DEBUG [I Exalt Thee-lead-F]           PageRhythm.java:329  | About to process StackRhythm for MeasureStack#27
2026-05-10 17:40:49,837 DEBUG [I Exalt Thee-lead-F]          StackRhythm.java:221  | Setting expectedDuration=1 for stack on page 27
2026-05-10 17:40:49,838 DEBUG [I Exalt Thee-lead-F]           PageRhythm.java:331  | Finished processing StackRhythm for MeasureStack#27
