2026-05-10 20:58:45,145 WARN [There Is A Redeemer-lead-D]          TextBuilder.java:412  | Skipping TextLine with null bounds: TextLine{ "" conf:NaN}
2026-05-10 20:58:45,151 WARN [There Is A Redeemer-lead-D]          TextBuilder.java:412  | Skipping TextLine with null bounds: TextLine{ "" conf:NaN}
2026-05-10 20:58:45,153 WARN [There Is A Redeemer-lead-D]          TextBuilder.java:412  | Skipping TextLine with null bounds: TextLine{ "" conf:NaN}
2026-05-10 20:58:45,154 WARN [There Is A Redeemer-lead-D]          TextBuilder.java:412  | Skipping TextLine with null bounds: TextLine{ "" conf:NaN}
2026-05-10 20:58:45,155 WARN [There Is A Redeemer-lead-D]          TextBuilder.java:412  | Skipping TextLine with null bounds: TextLine{ "" conf:NaN}
2026-05-10 20:58:45,156 WARN [There Is A Redeemer-lead-D]          TextBuilder.java:412  | Skipping TextLine with null bounds: TextLine{ "" conf:NaN}
2026-05-10 20:58:45,157 WARN [There Is A Redeemer-lead-D]          TextBuilder.java:412  | Skipping TextLine with null bounds: TextLine{ "" conf:NaN}
2026-05-10 20:58:45,157 WARN [There Is A Redeemer-lead-D]          TextBuilder.java:412  | Skipping TextLine with null bounds: TextLine{ "" conf:NaN}
2026-05-10 20:58:45,159 WARN [There Is A Redeemer-lead-D]          TextBuilder.java:412  | Skipping TextLine with null bounds: TextLine{ "" conf:NaN}
2026-05-10 20:58:45,159 WARN [There Is A Redeemer-lead-D]          TextBuilder.java:412  | Skipping TextLine with null bounds: TextLine{ "" conf:NaN}
2026-05-10 20:58:45,159 WARN [There Is A Redeemer-lead-D]          TextBuilder.java:412  | Skipping TextLine with null bounds: TextLine{ "" conf:NaN}
2026-05-10 20:58:45,160 WARN [There Is A Redeemer-lead-D]          TextBuilder.java:412  | Skipping TextLine with null bounds: TextLine{ "" conf:NaN}
2026-05-10 20:58:45,161 WARN [There Is A Redeemer-lead-D]          TextBuilder.java:412  | Skipping TextLine with null bounds: TextLine{ "" conf:NaN}
2026-05-10 20:58:45,162 WARN [There Is A Redeemer-lead-D]          TextBuilder.java:412  | Skipping TextLine with null bounds: TextLine{ "" conf:NaN}
2026-05-10 20:58:45,163 WARN [There Is A Redeemer-lead-D]          TextBuilder.java:412  | Skipping TextLine with null bounds: TextLine{ "" conf:NaN}
2026-05-10 20:58:45,165 WARN [There Is A Redeemer-lead-D]          TextBuilder.java:412  | Skipping TextLine with null bounds: TextLine{ "" conf:NaN}
2026-05-10 20:58:45,166 WARN [There Is A Redeemer-lead-D]          TextBuilder.java:412  | Skipping TextLine with null bounds: TextLine{ "" conf:NaN}
2026-05-10 20:58:45,168 WARN [There Is A Redeemer-lead-D]          TextBuilder.java:412  | Skipping TextLine with null bounds: TextLine{ "" conf:NaN}
2026-05-10 20:58:45,177 WARN [There Is A Redeemer-lead-D]          TextBuilder.java:412  | Skipping TextLine with null bounds: TextLine{ "" conf:NaN}
2026-05-10 20:58:45,178 WARN [There Is A Redeemer-lead-D]          TextBuilder.java:412  | Skipping TextLine with null bounds: TextLine{ "" conf:NaN}
2026-05-10 20:58:45,180 WARN [There Is A Redeemer-lead-D]          TextBuilder.java:412  | Skipping TextLine with null bounds: TextLine{ "" conf:NaN}
2026-05-10 20:58:45,185 WARN [There Is A Redeemer-lead-D]          TextBuilder.java:412  | Skipping TextLine with null bounds: TextLine{ "" conf:NaN}
2026-05-10 20:58:45,187 WARN [There Is A Redeemer-lead-D]          TextBuilder.java:412  | Skipping TextLine with null bounds: TextLine{ "" conf:NaN}
2026-05-10 20:58:45,189 WARN [There Is A Redeemer-lead-D]          TextBuilder.java:412  | Skipping TextLine with null bounds: TextLine{ "" conf:NaN}
2026-05-10 20:58:45,192 WARN [There Is A Redeemer-lead-D]          TextBuilder.java:412  | Skipping TextLine with null bounds: TextLine{ "" conf:NaN}
2026-05-10 20:58:45,193 WARN [There Is A Redeemer-lead-D]          TextBuilder.java:412  | Skipping TextLine with null bounds: TextLine{ "" conf:NaN}
2026-05-10 20:58:45,195 WARN [There Is A Redeemer-lead-D]          TextBuilder.java:412  | Skipping TextLine with null bounds: TextLine{ "" conf:NaN}
2026-05-10 20:58:45,197 WARN [There Is A Redeemer-lead-D]          TextBuilder.java:412  | Skipping TextLine with null bounds: TextLine{ "" conf:NaN}
2026-05-10 20:58:45,198 WARN [There Is A Redeemer-lead-D]          TextBuilder.java:412  | Skipping TextLine with null bounds: TextLine{ "" conf:NaN}
2026-05-10 20:58:45,202 WARN [There Is A Redeemer-lead-D]          TextBuilder.java:412  | Skipping TextLine with null bounds: TextLine{ "" conf:NaN}
2026-05-10 20:58:45,203 WARN [There Is A Redeemer-lead-D]          TextBuilder.java:412  | Skipping TextLine with null bounds: TextLine{ "" conf:NaN}
2026-05-10 20:58:45,206 WARN [There Is A Redeemer-lead-D]          TextBuilder.java:412  | Skipping TextLine with null bounds: TextLine{ "" conf:NaN}
2026-05-10 20:58:45,210 WARN [There Is A Redeemer-lead-D]          TextBuilder.java:412  | Skipping TextLine with null bounds: TextLine{ "" conf:NaN}
2026-05-10 20:58:45,215 WARN [There Is A Redeemer-lead-D]          TextBuilder.java:412  | Skipping TextLine with null bounds: TextLine{ "" conf:NaN}
2026-05-10 20:58:45,221 WARN [There Is A Redeemer-lead-D]          TextBuilder.java:412  | Skipping TextLine with null bounds: TextLine{ "" conf:NaN}
2026-05-10 20:58:45,225 WARN [There Is A Redeemer-lead-D]          TextBuilder.java:412  | Skipping TextLine with null bounds: TextLine{ "" conf:NaN}
2026-05-10 20:58:45,228 WARN [There Is A Redeemer-lead-D]          TextBuilder.java:412  | Skipping TextLine with null bounds: TextLine{ "" conf:NaN}
2026-05-10 20:58:45,229 WARN [There Is A Redeemer-lead-D]          TextBuilder.java:412  | Skipping TextLine with null bounds: TextLine{ "" conf:NaN}
2026-05-10 20:58:45,230 WARN [There Is A Redeemer-lead-D]          TextBuilder.java:412  | Skipping TextLine with null bounds: TextLine{ "" conf:NaN}
2026-05-10 20:58:45,230 WARN [There Is A Redeemer-lead-D]          TextBuilder.java:412  | Skipping TextLine with null bounds: TextLine{ "" conf:NaN}
2026-05-10 20:58:45,231 WARN [There Is A Redeemer-lead-D]          TextBuilder.java:412  | Skipping TextLine with null bounds: TextLine{ "" conf:NaN}
2026-05-10 20:58:45,233 WARN [There Is A Redeemer-lead-D]          TextBuilder.java:412  | Skipping TextLine with null bounds: TextLine{ "" conf:NaN}
2026-05-10 20:58:45,234 WARN [There Is A Redeemer-lead-D]          TextBuilder.java:412  | Skipping TextLine with null bounds: TextLine{ "" conf:NaN}
2026-05-10 20:58:45,235 WARN [There Is A Redeemer-lead-D]          TextBuilder.java:412  | Skipping TextLine with null bounds: TextLine{ "" conf:NaN}
2026-05-10 20:58:45,236 WARN [There Is A Redeemer-lead-D]          TextBuilder.java:412  | Skipping TextLine with null bounds: TextLine{ "" conf:NaN}
2026-05-10 20:58:45,236 WARN [There Is A Redeemer-lead-D]          TextBuilder.java:412  | Skipping TextLine with null bounds: TextLine{ "" conf:NaN}
2026-05-10 20:58:45,237 WARN [There Is A Redeemer-lead-D]          TextBuilder.java:412  | Skipping TextLine with null bounds: TextLine{ "" conf:NaN}
2026-05-10 20:58:45,238 WARN [There Is A Redeemer-lead-D]          TextBuilder.java:412  | Skipping TextLine with null bounds: TextLine{ "" conf:NaN}
2026-05-10 20:58:45,238 WARN [There Is A Redeemer-lead-D]          TextBuilder.java:412  | Skipping TextLine with null bounds: TextLine{ "" conf:NaN}
2026-05-10 20:58:45,239 WARN [There Is A Redeemer-lead-D]          TextBuilder.java:412  | Skipping TextLine with null bounds: TextLine{ "" conf:NaN}
2026-05-10 20:58:45,239 WARN [There Is A Redeemer-lead-D]          TextBuilder.java:412  | Skipping TextLine with null bounds: TextLine{ "" conf:NaN}
2026-05-10 20:58:45,240 WARN [There Is A Redeemer-lead-D]          TextBuilder.java:412  | Skipping TextLine with null bounds: TextLine{ "" conf:NaN}
2026-05-10 20:58:45,241 WARN [There Is A Redeemer-lead-D]          TextBuilder.java:412  | Skipping TextLine with null bounds: TextLine{ "" conf:NaN}
2026-05-10 20:58:45,241 WARN [There Is A Redeemer-lead-D]          TextBuilder.java:412  | Skipping TextLine with null bounds: TextLine{ "" conf:NaN}
2026-05-10 20:58:45,242 WARN [There Is A Redeemer-lead-D]          TextBuilder.java:412  | Skipping TextLine with null bounds: TextLine{ "" conf:NaN}
2026-05-10 20:58:45,243 WARN [There Is A Redeemer-lead-D]          TextBuilder.java:412  | Skipping TextLine with null bounds: TextLine{ "" conf:NaN}
2026-05-10 20:58:45,248 WARN [There Is A Redeemer-lead-D]          TextBuilder.java:412  | Skipping TextLine with null bounds: TextLine{ "" conf:NaN}
2026-05-10 20:58:45,248 WARN [There Is A Redeemer-lead-D]          TextBuilder.java:412  | Skipping TextLine with null bounds: TextLine{ "" conf:NaN}
2026-05-10 20:58:45,250 WARN [There Is A Redeemer-lead-D]          TextBuilder.java:412  | Skipping TextLine with null bounds: TextLine{ "" conf:NaN}
2026-05-10 20:58:45,253 WARN [There Is A Redeemer-lead-D]          TextBuilder.java:412  | Skipping TextLine with null bounds: TextLine{ "" conf:NaN}
2026-05-10 20:58:45,253 WARN [There Is A Redeemer-lead-D]          TextBuilder.java:412  | Skipping TextLine with null bounds: TextLine{ "" conf:NaN}
2026-05-10 20:58:45,254 WARN [There Is A Redeemer-lead-D]          TextBuilder.java:412  | Skipping TextLine with null bounds: TextLine{ "" conf:NaN}
2026-05-10 20:58:45,254 WARN [There Is A Redeemer-lead-D]          TextBuilder.java:412  | Skipping TextLine with null bounds: TextLine{ "" conf:NaN}
2026-05-10 20:58:45,255 WARN [There Is A Redeemer-lead-D]          TextBuilder.java:412  | Skipping TextLine with null bounds: TextLine{ "" conf:NaN}
2026-05-10 20:58:45,256 WARN [There Is A Redeemer-lead-D]          TextBuilder.java:412  | Skipping TextLine with null bounds: TextLine{ "" conf:NaN}
2026-05-10 20:58:45,256 WARN [There Is A Redeemer-lead-D]          TextBuilder.java:412  | Skipping TextLine with null bounds: TextLine{ "" conf:NaN}
2026-05-10 20:58:45,257 WARN [There Is A Redeemer-lead-D]          TextBuilder.java:412  | Skipping TextLine with null bounds: TextLine{ "" conf:NaN}
2026-05-10 20:58:45,258 WARN [There Is A Redeemer-lead-D]          TextBuilder.java:412  | Skipping TextLine with null bounds: TextLine{ "" conf:NaN}
2026-05-10 20:58:45,258 WARN [There Is A Redeemer-lead-D]          TextBuilder.java:412  | Skipping TextLine with null bounds: TextLine{ "" conf:NaN}
2026-05-10 20:58:45,260 WARN [There Is A Redeemer-lead-D]          TextBuilder.java:412  | Skipping TextLine with null bounds: TextLine{ "" conf:NaN}
2026-05-10 20:58:45,260 WARN [There Is A Redeemer-lead-D]          TextBuilder.java:412  | Skipping TextLine with null bounds: TextLine{ "" conf:NaN}
2026-05-10 20:58:45,260 WARN [There Is A Redeemer-lead-D]          TextBuilder.java:412  | Skipping TextLine with null bounds: TextLine{ "" conf:NaN}
2026-05-10 20:58:45,261 WARN [There Is A Redeemer-lead-D]          TextBuilder.java:412  | Skipping TextLine with null bounds: TextLine{ "" conf:NaN}
2026-05-10 20:58:45,261 WARN [There Is A Redeemer-lead-D]          TextBuilder.java:412  | Skipping TextLine with null bounds: TextLine{ "" conf:NaN}
2026-05-10 20:58:45,261 WARN [There Is A Redeemer-lead-D]          TextBuilder.java:412  | Skipping TextLine with null bounds: TextLine{ "" conf:NaN}
2026-05-10 20:58:45,262 WARN [There Is A Redeemer-lead-D]          TextBuilder.java:412  | Skipping TextLine with null bounds: TextLine{ "" conf:NaN}
2026-05-10 20:58:45,262 WARN [There Is A Redeemer-lead-D]          TextBuilder.java:412  | Skipping TextLine with null bounds: TextLine{ "" conf:NaN}
2026-05-10 20:58:45,263 WARN [There Is A Redeemer-lead-D]          TextBuilder.java:412  | Skipping TextLine with null bounds: TextLine{ "" conf:NaN}
2026-05-10 20:58:45,263 WARN [There Is A Redeemer-lead-D]          TextBuilder.java:412  | Skipping TextLine with null bounds: TextLine{ "" conf:NaN}
2026-05-10 20:58:45,263 WARN [There Is A Redeemer-lead-D]          TextBuilder.java:412  | Skipping TextLine with null bounds: TextLine{ "" conf:NaN}
2026-05-10 20:58:45,265 WARN [There Is A Redeemer-lead-D]          TextBuilder.java:412  | Skipping TextLine with null bounds: TextLine{ "" conf:NaN}
2026-05-10 20:58:45,265 WARN [There Is A Redeemer-lead-D]          TextBuilder.java:412  | Skipping TextLine with null bounds: TextLine{ "" conf:NaN}
2026-05-10 20:58:45,267 WARN [There Is A Redeemer-lead-D]          TextBuilder.java:412  | Skipping TextLine with null bounds: TextLine{ "" conf:NaN}
2026-05-10 20:58:45,268 WARN [There Is A Redeemer-lead-D]          TextBuilder.java:412  | Skipping TextLine with null bounds: TextLine{ "" conf:NaN}
2026-05-10 20:58:45,269 WARN [There Is A Redeemer-lead-D]          TextBuilder.java:412  | Skipping TextLine with null bounds: TextLine{ "" conf:NaN}
2026-05-10 20:58:45,269 WARN [There Is A Redeemer-lead-D]          TextBuilder.java:412  | Skipping TextLine with null bounds: TextLine{ "" conf:NaN}
2026-05-10 20:58:45,269 WARN [There Is A Redeemer-lead-D]          TextBuilder.java:412  | Skipping TextLine with null bounds: TextLine{ "" conf:NaN}
2026-05-10 20:58:45,270 WARN [There Is A Redeemer-lead-D]          TextBuilder.java:412  | Skipping TextLine with null bounds: TextLine{ "" conf:NaN}
2026-05-10 20:58:45,270 WARN [There Is A Redeemer-lead-D]          TextBuilder.java:412  | Skipping TextLine with null bounds: TextLine{ "" conf:NaN}
2026-05-10 20:58:45,271 WARN [There Is A Redeemer-lead-D]          TextBuilder.java:412  | Skipping TextLine with null bounds: TextLine{ "" conf:NaN}
2026-05-10 20:58:45,271 WARN [There Is A Redeemer-lead-D]          TextBuilder.java:412  | Skipping TextLine with null bounds: TextLine{ "" conf:NaN}
2026-05-10 20:58:45,272 WARN [There Is A Redeemer-lead-D]          TextBuilder.java:412  | Skipping TextLine with null bounds: TextLine{ "" conf:NaN}
2026-05-10 20:58:45,272 WARN [There Is A Redeemer-lead-D]          TextBuilder.java:412  | Skipping TextLine with null bounds: TextLine{ "" conf:NaN}
2026-05-10 20:58:45,273 WARN [There Is A Redeemer-lead-D]          TextBuilder.java:412  | Skipping TextLine with null bounds: TextLine{ "" conf:NaN}
2026-05-10 20:58:45,273 WARN [There Is A Redeemer-lead-D]          TextBuilder.java:412  | Skipping TextLine with null bounds: TextLine{ "" conf:NaN}
2026-05-10 20:58:45,273 WARN [There Is A Redeemer-lead-D]          TextBuilder.java:412  | Skipping TextLine with null bounds: TextLine{ "" conf:NaN}
2026-05-10 20:58:45,274 WARN [There Is A Redeemer-lead-D]          TextBuilder.java:412  | Skipping TextLine with null bounds: TextLine{ "" conf:NaN}
2026-05-10 20:58:45,274 WARN [There Is A Redeemer-lead-D]          TextBuilder.java:412  | Skipping TextLine with null bounds: TextLine{ "" conf:NaN}
2026-05-10 20:58:45,275 WARN [There Is A Redeemer-lead-D]          TextBuilder.java:412  | Skipping TextLine with null bounds: TextLine{ "" conf:NaN}
2026-05-10 20:58:45,275 WARN [There Is A Redeemer-lead-D]          TextBuilder.java:412  | Skipping TextLine with null bounds: TextLine{ "" conf:NaN}
2026-05-10 20:58:45,276 WARN [There Is A Redeemer-lead-D]          TextBuilder.java:412  | Skipping TextLine with null bounds: TextLine{ "" conf:NaN}
2026-05-10 20:58:45,276 WARN [There Is A Redeemer-lead-D]          TextBuilder.java:412  | Skipping TextLine with null bounds: TextLine{ "" conf:NaN}
2026-05-10 20:58:45,277 WARN [There Is A Redeemer-lead-D]          TextBuilder.java:412  | Skipping TextLine with null bounds: TextLine{ "" conf:NaN}
2026-05-10 20:58:45,278 WARN [There Is A Redeemer-lead-D]          TextBuilder.java:412  | Skipping TextLine with null bounds: TextLine{ "" conf:NaN}
2026-05-10 20:58:45,278 WARN [There Is A Redeemer-lead-D]          TextBuilder.java:412  | Skipping TextLine with null bounds: TextLine{ "" conf:NaN}
2026-05-10 20:58:45,279 WARN [There Is A Redeemer-lead-D]          TextBuilder.java:412  | Skipping TextLine with null bounds: TextLine{ "" conf:NaN}
2026-05-10 20:58:45,280 WARN [There Is A Redeemer-lead-D]          TextBuilder.java:412  | Skipping TextLine with null bounds: TextLine{ "" conf:NaN}
2026-05-10 20:58:45,280 WARN [There Is A Redeemer-lead-D]          TextBuilder.java:412  | Skipping TextLine with null bounds: TextLine{ "" conf:NaN}
2026-05-10 20:58:45,282 WARN [There Is A Redeemer-lead-D]          TextBuilder.java:412  | Skipping TextLine with null bounds: TextLine{ "" conf:NaN}
2026-05-10 20:58:45,282 WARN [There Is A Redeemer-lead-D]          TextBuilder.java:412  | Skipping TextLine with null bounds: TextLine{ "" conf:NaN}
2026-05-10 20:58:45,284 WARN [There Is A Redeemer-lead-D]          TextBuilder.java:412  | Skipping TextLine with null bounds: TextLine{ "" conf:NaN}
2026-05-10 20:58:45,284 WARN [There Is A Redeemer-lead-D]          TextBuilder.java:412  | Skipping TextLine with null bounds: TextLine{ "" conf:NaN}
2026-05-10 20:58:45,284 WARN [There Is A Redeemer-lead-D]          TextBuilder.java:412  | Skipping TextLine with null bounds: TextLine{ "" conf:NaN}
2026-05-10 20:58:45,286 WARN [There Is A Redeemer-lead-D]          TextBuilder.java:412  | Skipping TextLine with null bounds: TextLine{ "" conf:NaN}
2026-05-10 20:58:45,286 WARN [There Is A Redeemer-lead-D]          TextBuilder.java:412  | Skipping TextLine with null bounds: TextLine{ "" conf:NaN}
2026-05-10 20:58:45,287 WARN [There Is A Redeemer-lead-D]          TextBuilder.java:412  | Skipping TextLine with null bounds: TextLine{ "" conf:NaN}
2026-05-10 20:58:45,287 WARN [There Is A Redeemer-lead-D]          TextBuilder.java:412  | Skipping TextLine with null bounds: TextLine{ "" conf:NaN}
2026-05-10 20:58:45,288 WARN [There Is A Redeemer-lead-D]          TextBuilder.java:412  | Skipping TextLine with null bounds: TextLine{ "" conf:NaN}
2026-05-10 20:58:45,289 WARN [There Is A Redeemer-lead-D]          TextBuilder.java:412  | Skipping TextLine with null bounds: TextLine{ "" conf:NaN}
2026-05-10 20:58:45,289 WARN [There Is A Redeemer-lead-D]          TextBuilder.java:412  | Skipping TextLine with null bounds: TextLine{ "" conf:NaN}
2026-05-10 20:58:45,290 WARN [There Is A Redeemer-lead-D]          TextBuilder.java:412  | Skipping TextLine with null bounds: TextLine{ "" conf:NaN}
2026-05-10 20:58:45,290 WARN [There Is A Redeemer-lead-D]          TextBuilder.java:412  | Skipping TextLine with null bounds: TextLine{ "" conf:NaN}
2026-05-10 20:58:45,291 WARN [There Is A Redeemer-lead-D]          TextBuilder.java:412  | Skipping TextLine with null bounds: TextLine{ "" conf:NaN}
2026-05-10 20:58:45,292 WARN [There Is A Redeemer-lead-D]          TextBuilder.java:412  | Skipping TextLine with null bounds: TextLine{ "" conf:NaN}
2026-05-10 20:58:45,293 WARN [There Is A Redeemer-lead-D]          TextBuilder.java:412  | Skipping TextLine with null bounds: TextLine{ "" conf:NaN}
2026-05-10 20:58:45,293 WARN [There Is A Redeemer-lead-D]          TextBuilder.java:412  | Skipping TextLine with null bounds: TextLine{ "" conf:NaN}
2026-05-10 20:58:45,294 WARN [There Is A Redeemer-lead-D]          TextBuilder.java:412  | Skipping TextLine with null bounds: TextLine{ "" conf:NaN}
2026-05-10 20:58:45,294 WARN [There Is A Redeemer-lead-D]          TextBuilder.java:412  | Skipping TextLine with null bounds: TextLine{ "" conf:NaN}
2026-05-10 20:58:45,295 WARN [There Is A Redeemer-lead-D]          TextBuilder.java:412  | Skipping TextLine with null bounds: TextLine{ "" conf:NaN}
2026-05-10 20:58:45,295 WARN [There Is A Redeemer-lead-D]          TextBuilder.java:412  | Skipping TextLine with null bounds: TextLine{ "" conf:NaN}
2026-05-10 20:58:45,295 WARN [There Is A Redeemer-lead-D]          TextBuilder.java:412  | Skipping TextLine with null bounds: TextLine{ "" conf:NaN}
2026-05-10 20:58:45,297 WARN [There Is A Redeemer-lead-D]          TextBuilder.java:412  | Skipping TextLine with null bounds: TextLine{ "" conf:NaN}
2026-05-10 20:58:45,297 WARN [There Is A Redeemer-lead-D]          TextBuilder.java:412  | Skipping TextLine with null bounds: TextLine{ "" conf:NaN}
2026-05-10 20:58:45,298 WARN [There Is A Redeemer-lead-D]          TextBuilder.java:412  | Skipping TextLine with null bounds: TextLine{ "" conf:NaN}
2026-05-10 20:58:45,299 WARN [There Is A Redeemer-lead-D]          TextBuilder.java:412  | Skipping TextLine with null bounds: TextLine{ "" conf:NaN}
2026-05-10 20:58:45,299 WARN [There Is A Redeemer-lead-D]          TextBuilder.java:412  | Skipping TextLine with null bounds: TextLine{ "" conf:NaN}
2026-05-10 20:58:45,301 WARN [There Is A Redeemer-lead-D]          TextBuilder.java:412  | Skipping TextLine with null bounds: TextLine{ "" conf:NaN}
2026-05-10 20:58:45,301 WARN [There Is A Redeemer-lead-D]          TextBuilder.java:412  | Skipping TextLine with null bounds: TextLine{ "" conf:NaN}
2026-05-10 20:58:45,301 WARN [There Is A Redeemer-lead-D]          TextBuilder.java:412  | Skipping TextLine with null bounds: TextLine{ "" conf:NaN}
2026-05-10 20:58:45,302 WARN [There Is A Redeemer-lead-D]          TextBuilder.java:412  | Skipping TextLine with null bounds: TextLine{ "" conf:NaN}
2026-05-10 20:58:45,302 WARN [There Is A Redeemer-lead-D]          TextBuilder.java:412  | Skipping TextLine with null bounds: TextLine{ "" conf:NaN}
2026-05-10 20:58:45,302 WARN [There Is A Redeemer-lead-D]          TextBuilder.java:412  | Skipping TextLine with null bounds: TextLine{ "" conf:NaN}
2026-05-10 20:58:45,303 WARN [There Is A Redeemer-lead-D]          TextBuilder.java:412  | Skipping TextLine with null bounds: TextLine{ "" conf:NaN}
2026-05-10 20:58:45,303 WARN [There Is A Redeemer-lead-D]          TextBuilder.java:412  | Skipping TextLine with null bounds: TextLine{ "" conf:NaN}
2026-05-10 20:58:45,304 WARN [There Is A Redeemer-lead-D]          TextBuilder.java:412  | Skipping TextLine with null bounds: TextLine{ "" conf:NaN}
2026-05-10 20:58:45,304 WARN [There Is A Redeemer-lead-D]          TextBuilder.java:412  | Skipping TextLine with null bounds: TextLine{ "" conf:NaN}
2026-05-10 20:58:45,305 WARN [There Is A Redeemer-lead-D]          TextBuilder.java:412  | Skipping TextLine with null bounds: TextLine{ "" conf:NaN}
2026-05-10 20:58:45,305 WARN [There Is A Redeemer-lead-D]          TextBuilder.java:412  | Skipping TextLine with null bounds: TextLine{ "" conf:NaN}
2026-05-10 20:58:45,306 WARN [There Is A Redeemer-lead-D]          TextBuilder.java:412  | Skipping TextLine with null bounds: TextLine{ "" conf:NaN}
2026-05-10 20:58:45,306 WARN [There Is A Redeemer-lead-D]          TextBuilder.java:412  | Skipping TextLine with null bounds: TextLine{ "" conf:NaN}
2026-05-10 20:58:45,307 WARN [There Is A Redeemer-lead-D]          TextBuilder.java:412  | Skipping TextLine with null bounds: TextLine{ "" conf:NaN}
2026-05-10 20:58:45,307 WARN [There Is A Redeemer-lead-D]          TextBuilder.java:412  | Skipping TextLine with null bounds: TextLine{ "" conf:NaN}
2026-05-10 20:58:45,308 WARN [There Is A Redeemer-lead-D]          TextBuilder.java:412  | Skipping TextLine with null bounds: TextLine{ "" conf:NaN}
2026-05-10 20:58:45,308 WARN [There Is A Redeemer-lead-D]          TextBuilder.java:412  | Skipping TextLine with null bounds: TextLine{ "" conf:NaN}
2026-05-10 20:58:45,309 WARN [There Is A Redeemer-lead-D]          TextBuilder.java:412  | Skipping TextLine with null bounds: TextLine{ "" conf:NaN}
2026-05-10 20:58:45,309 WARN [There Is A Redeemer-lead-D]          TextBuilder.java:412  | Skipping TextLine with null bounds: TextLine{ "" conf:NaN}
2026-05-10 20:58:45,310 WARN [There Is A Redeemer-lead-D]          TextBuilder.java:412  | Skipping TextLine with null bounds: TextLine{ "" conf:NaN}
2026-05-10 20:58:45,310 WARN [There Is A Redeemer-lead-D]          TextBuilder.java:412  | Skipping TextLine with null bounds: TextLine{ "" conf:NaN}
2026-05-10 20:58:45,310 WARN [There Is A Redeemer-lead-D]          TextBuilder.java:412  | Skipping TextLine with null bounds: TextLine{ "" conf:NaN}
2026-05-10 20:58:45,311 WARN [There Is A Redeemer-lead-D]          TextBuilder.java:412  | Skipping TextLine with null bounds: TextLine{ "" conf:NaN}
2026-05-10 20:58:45,312 WARN [There Is A Redeemer-lead-D]          TextBuilder.java:412  | Skipping TextLine with null bounds: TextLine{ "" conf:NaN}
2026-05-10 20:58:45,312 WARN [There Is A Redeemer-lead-D]          TextBuilder.java:412  | Skipping TextLine with null bounds: TextLine{ "" conf:NaN}
2026-05-10 20:58:45,314 WARN [There Is A Redeemer-lead-D]          TextBuilder.java:412  | Skipping TextLine with null bounds: TextLine{ "" conf:NaN}
2026-05-10 20:58:45,315 WARN [There Is A Redeemer-lead-D]          TextBuilder.java:412  | Skipping TextLine with null bounds: TextLine{ "" conf:NaN}
2026-05-10 20:58:49,992 INFO [There Is A Redeemer-lead-D]           PageRhythm.java:176  | {Page#1.1} Starting PageRhythm time signature check
2026-05-10 20:58:49,994 INFO [There Is A Redeemer-lead-D]           PageRhythm.java:178  | {Page#1.1} Initial range state: Range{SN1- tSig:4/4} → ts: TimePairInter#135{ FROZEN(0.949/0.949) staff:1 4/4}
2026-05-10 20:58:49,995 INFO [There Is A Redeemer-lead-D]           PageRhythm.java:184  | {Page#1.1} Checking range: Range{SN1- tSig:4/4}, ts: TimePairInter#135{ FROZEN(0.949/0.949) staff:1 4/4}
2026-05-10 20:58:49,995 INFO [There Is A Redeemer-lead-D]           PageRhythm.java:277  | Last range: Range{SN1-16 tSig:4/4 dur:1}
2026-05-10 20:58:49,995 INFO [There Is A Redeemer-lead-D]           PageRhythm.java:278  | lastRange.timeRational = 4/4
2026-05-10 20:58:49,995 INFO [There Is A Redeemer-lead-D]           PageRhythm.java:279  | lastRange.ts = TimePairInter#135{ FROZEN(0.949/0.949) staff:1 4/4}
2026-05-10 20:58:49,996 DEBUG [There Is A Redeemer-lead-D]           PageRhythm.java:121  | MeasureStack#1 frats: 0 []
2026-05-10 20:58:49,997 DEBUG [There Is A Redeemer-lead-D]           PageRhythm.java:121  | MeasureStack#2 frats: 0 []
2026-05-10 20:58:49,998 DEBUG [There Is A Redeemer-lead-D]           PageRhythm.java:121  | MeasureStack#3 frats: 0 []
2026-05-10 20:58:49,998 DEBUG [There Is A Redeemer-lead-D]           PageRhythm.java:121  | MeasureStack#4 frats: 1 [5588]
2026-05-10 20:58:49,999 DEBUG [There Is A Redeemer-lead-D]           PageRhythm.java:121  | MeasureStack#5 frats: 0 []
2026-05-10 20:58:49,999 DEBUG [There Is A Redeemer-lead-D]           PageRhythm.java:121  | MeasureStack#6 frats: 4 [6317, 5974, 5982, 6318]
2026-05-10 20:58:50,000 DEBUG [There Is A Redeemer-lead-D]           PageRhythm.java:121  | MeasureStack#7 frats: 2 [6319, 6160]
2026-05-10 20:58:50,001 DEBUG [There Is A Redeemer-lead-D]           PageRhythm.java:121  | MeasureStack#8 frats: 0 []
2026-05-10 20:58:50,001 DEBUG [There Is A Redeemer-lead-D]           PageRhythm.java:121  | MeasureStack#9 frats: 0 []
2026-05-10 20:58:50,001 DEBUG [There Is A Redeemer-lead-D]           PageRhythm.java:121  | MeasureStack#10 frats: 2 [6702, 6384]
2026-05-10 20:58:50,002 DEBUG [There Is A Redeemer-lead-D]           PageRhythm.java:121  | MeasureStack#11 frats: 2 [6397, 6703]
2026-05-10 20:58:50,002 DEBUG [There Is A Redeemer-lead-D]           PageRhythm.java:121  | MeasureStack#12 frats: 4 [6704, 6705, 6699, 6547]
2026-05-10 20:58:50,002 DEBUG [There Is A Redeemer-lead-D]           PageRhythm.java:121  | MeasureStack#13 frats: 0 []
2026-05-10 20:58:50,002 DEBUG [There Is A Redeemer-lead-D]           PageRhythm.java:121  | MeasureStack#14 frats: 2 [6707, 6698]
2026-05-10 20:58:50,003 DEBUG [There Is A Redeemer-lead-D]           PageRhythm.java:121  | MeasureStack#15 frats: 3 [6828, 6827, 6808]
2026-05-10 20:58:50,003 DEBUG [There Is A Redeemer-lead-D]           PageRhythm.java:121  | MeasureStack#16 frats: 0 []
2026-05-10 20:58:50,003 DEBUG [There Is A Redeemer-lead-D]           PageRhythm.java:325  | Starting Range{SN1-16 tSig:4/4 dur:1}
2026-05-10 20:58:50,004 DEBUG [There Is A Redeemer-lead-D]           PageRhythm.java:329  | About to process StackRhythm for MeasureStack#1
2026-05-10 20:58:50,005 DEBUG [There Is A Redeemer-lead-D]          StackRhythm.java:221  | Setting expectedDuration=1 for stack on page 1
2026-05-10 20:58:50,030 DEBUG [There Is A Redeemer-lead-D]           PageRhythm.java:331  | Finished processing StackRhythm for MeasureStack#1
2026-05-10 20:58:50,031 DEBUG [There Is A Redeemer-lead-D]           PageRhythm.java:329  | About to process StackRhythm for MeasureStack#2
2026-05-10 20:58:50,031 DEBUG [There Is A Redeemer-lead-D]          StackRhythm.java:221  | Setting expectedDuration=1 for stack on page 2
2026-05-10 20:58:50,032 DEBUG [There Is A Redeemer-lead-D]           PageRhythm.java:331  | Finished processing StackRhythm for MeasureStack#2
2026-05-10 20:58:50,032 DEBUG [There Is A Redeemer-lead-D]           PageRhythm.java:329  | About to process StackRhythm for MeasureStack#3
2026-05-10 20:58:50,032 DEBUG [There Is A Redeemer-lead-D]          StackRhythm.java:221  | Setting expectedDuration=1 for stack on page 3
2026-05-10 20:58:50,034 DEBUG [There Is A Redeemer-lead-D]           PageRhythm.java:331  | Finished processing StackRhythm for MeasureStack#3
2026-05-10 20:58:50,034 DEBUG [There Is A Redeemer-lead-D]           PageRhythm.java:329  | About to process StackRhythm for MeasureStack#4
2026-05-10 20:58:50,035 DEBUG [There Is A Redeemer-lead-D]          StackRhythm.java:221  | Setting expectedDuration=1 for stack on page 4
2026-05-10 20:58:50,037 DEBUG [There Is A Redeemer-lead-D]           PageRhythm.java:331  | Finished processing StackRhythm for MeasureStack#4
2026-05-10 20:58:50,039 DEBUG [There Is A Redeemer-lead-D]           PageRhythm.java:329  | About to process StackRhythm for MeasureStack#5
2026-05-10 20:58:50,041 DEBUG [There Is A Redeemer-lead-D]          StackRhythm.java:221  | Setting expectedDuration=1 for stack on page 5
2026-05-10 20:58:50,043 DEBUG [There Is A Redeemer-lead-D]           PageRhythm.java:331  | Finished processing StackRhythm for MeasureStack#5
2026-05-10 20:58:50,043 DEBUG [There Is A Redeemer-lead-D]           PageRhythm.java:329  | About to process StackRhythm for MeasureStack#6
2026-05-10 20:58:50,043 DEBUG [There Is A Redeemer-lead-D]          StackRhythm.java:221  | Setting expectedDuration=1 for stack on page 6
2026-05-10 20:58:50,045 DEBUG [There Is A Redeemer-lead-D]           PageRhythm.java:331  | Finished processing StackRhythm for MeasureStack#6
2026-05-10 20:58:50,045 DEBUG [There Is A Redeemer-lead-D]           PageRhythm.java:329  | About to process StackRhythm for MeasureStack#7
2026-05-10 20:58:50,045 DEBUG [There Is A Redeemer-lead-D]          StackRhythm.java:221  | Setting expectedDuration=1 for stack on page 7
2026-05-10 20:58:50,048 DEBUG [There Is A Redeemer-lead-D]           PageRhythm.java:331  | Finished processing StackRhythm for MeasureStack#7
2026-05-10 20:58:50,048 DEBUG [There Is A Redeemer-lead-D]           PageRhythm.java:329  | About to process StackRhythm for MeasureStack#8
2026-05-10 20:58:50,049 DEBUG [There Is A Redeemer-lead-D]          StackRhythm.java:221  | Setting expectedDuration=1 for stack on page 8
2026-05-10 20:58:50,050 DEBUG [There Is A Redeemer-lead-D]           PageRhythm.java:331  | Finished processing StackRhythm for MeasureStack#8
2026-05-10 20:58:50,051 DEBUG [There Is A Redeemer-lead-D]           PageRhythm.java:329  | About to process StackRhythm for MeasureStack#9
2026-05-10 20:58:50,051 DEBUG [There Is A Redeemer-lead-D]          StackRhythm.java:221  | Setting expectedDuration=1 for stack on page 9
2026-05-10 20:58:50,052 DEBUG [There Is A Redeemer-lead-D]           PageRhythm.java:331  | Finished processing StackRhythm for MeasureStack#9
2026-05-10 20:58:50,053 DEBUG [There Is A Redeemer-lead-D]           PageRhythm.java:329  | About to process StackRhythm for MeasureStack#10
2026-05-10 20:58:50,053 DEBUG [There Is A Redeemer-lead-D]          StackRhythm.java:221  | Setting expectedDuration=1 for stack on page 10
2026-05-10 20:58:50,054 DEBUG [There Is A Redeemer-lead-D]           PageRhythm.java:331  | Finished processing StackRhythm for MeasureStack#10
2026-05-10 20:58:50,055 DEBUG [There Is A Redeemer-lead-D]           PageRhythm.java:329  | About to process StackRhythm for MeasureStack#11
2026-05-10 20:58:50,056 DEBUG [There Is A Redeemer-lead-D]          StackRhythm.java:221  | Setting expectedDuration=1 for stack on page 11
2026-05-10 20:58:50,057 DEBUG [There Is A Redeemer-lead-D]           PageRhythm.java:331  | Finished processing StackRhythm for MeasureStack#11
2026-05-10 20:58:50,057 DEBUG [There Is A Redeemer-lead-D]           PageRhythm.java:329  | About to process StackRhythm for MeasureStack#12
2026-05-10 20:58:50,058 DEBUG [There Is A Redeemer-lead-D]          StackRhythm.java:221  | Setting expectedDuration=1 for stack on page 12
2026-05-10 20:58:50,062 INFO [There Is A Redeemer-lead-D]          StackRhythm.java:226  | S3 MeasureStack#12 no correct rhythm
2026-05-10 20:58:50,063 DEBUG [There Is A Redeemer-lead-D]           PageRhythm.java:331  | Finished processing StackRhythm for MeasureStack#12
2026-05-10 20:58:50,063 DEBUG [There Is A Redeemer-lead-D]           PageRhythm.java:329  | About to process StackRhythm for MeasureStack#13
2026-05-10 20:58:50,064 DEBUG [There Is A Redeemer-lead-D]          StackRhythm.java:221  | Setting expectedDuration=1 for stack on page 13
2026-05-10 20:58:50,066 DEBUG [There Is A Redeemer-lead-D]           PageRhythm.java:331  | Finished processing StackRhythm for MeasureStack#13
2026-05-10 20:58:50,067 DEBUG [There Is A Redeemer-lead-D]           PageRhythm.java:329  | About to process StackRhythm for MeasureStack#14
2026-05-10 20:58:50,067 DEBUG [There Is A Redeemer-lead-D]          StackRhythm.java:221  | Setting expectedDuration=1 for stack on page 14
2026-05-10 20:58:50,069 DEBUG [There Is A Redeemer-lead-D]           PageRhythm.java:331  | Finished processing StackRhythm for MeasureStack#14
2026-05-10 20:58:50,069 DEBUG [There Is A Redeemer-lead-D]           PageRhythm.java:329  | About to process StackRhythm for MeasureStack#15
2026-05-10 20:58:50,070 DEBUG [There Is A Redeemer-lead-D]          StackRhythm.java:221  | Setting expectedDuration=1 for stack on page 15
2026-05-10 20:58:50,071 INFO [There Is A Redeemer-lead-D]          StackRhythm.java:226  | S4 MeasureStack#15 no correct rhythm
2026-05-10 20:58:50,071 DEBUG [There Is A Redeemer-lead-D]           PageRhythm.java:331  | Finished processing StackRhythm for MeasureStack#15
2026-05-10 20:58:50,071 DEBUG [There Is A Redeemer-lead-D]           PageRhythm.java:329  | About to process StackRhythm for MeasureStack#16
2026-05-10 20:58:50,071 DEBUG [There Is A Redeemer-lead-D]          StackRhythm.java:221  | Setting expectedDuration=1 for stack on page 16
2026-05-10 20:58:50,073 DEBUG [There Is A Redeemer-lead-D]           PageRhythm.java:331  | Finished processing StackRhythm for MeasureStack#16
