2026-05-10 16:52:04,012 WARN [Build My Life-lead-G#1]          TextBuilder.java:412  | Skipping TextLine with null bounds: TextLine{ "" conf:NaN}
2026-05-10 16:52:04,014 WARN [Build My Life-lead-G#1]          TextBuilder.java:412  | Skipping TextLine with null bounds: TextLine{ "" conf:NaN}
2026-05-10 16:52:04,014 WARN [Build My Life-lead-G#1]          TextBuilder.java:412  | Skipping TextLine with null bounds: TextLine{ "" conf:NaN}
2026-05-10 16:52:04,016 WARN [Build My Life-lead-G#1]          TextBuilder.java:412  | Skipping TextLine with null bounds: TextLine{ "" conf:NaN}
2026-05-10 16:52:04,019 WARN [Build My Life-lead-G#1]          TextBuilder.java:412  | Skipping TextLine with null bounds: TextLine{ "" conf:NaN}
2026-05-10 16:52:04,019 WARN [Build My Life-lead-G#1]          TextBuilder.java:412  | Skipping TextLine with null bounds: TextLine{ "" conf:NaN}
2026-05-10 16:52:04,019 WARN [Build My Life-lead-G#1]          TextBuilder.java:412  | Skipping TextLine with null bounds: TextLine{ "" conf:NaN}
2026-05-10 16:52:04,019 WARN [Build My Life-lead-G#1]          TextBuilder.java:412  | Skipping TextLine with null bounds: TextLine{ "" conf:NaN}
2026-05-10 16:52:04,021 WARN [Build My Life-lead-G#1]          TextBuilder.java:412  | Skipping TextLine with null bounds: TextLine{ "" conf:NaN}
2026-05-10 16:52:04,021 WARN [Build My Life-lead-G#1]          TextBuilder.java:412  | Skipping TextLine with null bounds: TextLine{ "" conf:NaN}
2026-05-10 16:52:04,022 WARN [Build My Life-lead-G#1]          TextBuilder.java:412  | Skipping TextLine with null bounds: TextLine{ "" conf:NaN}
2026-05-10 16:52:04,022 WARN [Build My Life-lead-G#1]          TextBuilder.java:412  | Skipping TextLine with null bounds: TextLine{ "" conf:NaN}
2026-05-10 16:52:04,022 WARN [Build My Life-lead-G#1]          TextBuilder.java:412  | Skipping TextLine with null bounds: TextLine{ "" conf:NaN}
2026-05-10 16:52:04,023 WARN [Build My Life-lead-G#1]          TextBuilder.java:412  | Skipping TextLine with null bounds: TextLine{ "" conf:NaN}
2026-05-10 16:52:04,023 WARN [Build My Life-lead-G#1]          TextBuilder.java:412  | Skipping TextLine with null bounds: TextLine{ "" conf:NaN}
2026-05-10 16:52:04,025 WARN [Build My Life-lead-G#1]          TextBuilder.java:412  | Skipping TextLine with null bounds: TextLine{ "" conf:NaN}
2026-05-10 16:52:04,025 WARN [Build My Life-lead-G#1]          TextBuilder.java:412  | Skipping TextLine with null bounds: TextLine{ "" conf:NaN}
2026-05-10 16:52:04,025 WARN [Build My Life-lead-G#1]          TextBuilder.java:412  | Skipping TextLine with null bounds: TextLine{ "" conf:NaN}
2026-05-10 16:52:04,025 WARN [Build My Life-lead-G#1]          TextBuilder.java:412  | Skipping TextLine with null bounds: TextLine{ "" conf:NaN}
2026-05-10 16:52:04,026 WARN [Build My Life-lead-G#1]          TextBuilder.java:412  | Skipping TextLine with null bounds: TextLine{ "" conf:NaN}
2026-05-10 16:52:04,027 WARN [Build My Life-lead-G#1]          TextBuilder.java:412  | Skipping TextLine with null bounds: TextLine{ "" conf:NaN}
2026-05-10 16:52:04,028 WARN [Build My Life-lead-G#1]          TextBuilder.java:412  | Skipping TextLine with null bounds: TextLine{ "" conf:NaN}
2026-05-10 16:52:04,028 WARN [Build My Life-lead-G#1]          TextBuilder.java:412  | Skipping TextLine with null bounds: TextLine{ "" conf:NaN}
2026-05-10 16:52:04,029 WARN [Build My Life-lead-G#1]          TextBuilder.java:412  | Skipping TextLine with null bounds: TextLine{ "" conf:NaN}
2026-05-10 16:52:04,029 WARN [Build My Life-lead-G#1]          TextBuilder.java:412  | Skipping TextLine with null bounds: TextLine{ "" conf:NaN}
2026-05-10 16:52:04,030 WARN [Build My Life-lead-G#1]          TextBuilder.java:412  | Skipping TextLine with null bounds: TextLine{ "" conf:NaN}
2026-05-10 16:52:04,030 WARN [Build My Life-lead-G#1]          TextBuilder.java:412  | Skipping TextLine with null bounds: TextLine{ "" conf:NaN}
2026-05-10 16:52:04,031 WARN [Build My Life-lead-G#1]          TextBuilder.java:412  | Skipping TextLine with null bounds: TextLine{ "" conf:NaN}
2026-05-10 16:52:04,031 WARN [Build My Life-lead-G#1]          TextBuilder.java:412  | Skipping TextLine with null bounds: TextLine{ "" conf:NaN}
2026-05-10 16:52:04,032 WARN [Build My Life-lead-G#1]          TextBuilder.java:412  | Skipping TextLine with null bounds: TextLine{ "" conf:NaN}
2026-05-10 16:52:04,032 WARN [Build My Life-lead-G#1]          TextBuilder.java:412  | Skipping TextLine with null bounds: TextLine{ "" conf:NaN}
2026-05-10 16:52:04,032 WARN [Build My Life-lead-G#1]          TextBuilder.java:412  | Skipping TextLine with null bounds: TextLine{ "" conf:NaN}
2026-05-10 16:52:04,034 WARN [Build My Life-lead-G#1]          TextBuilder.java:412  | Skipping TextLine with null bounds: TextLine{ "" conf:NaN}
2026-05-10 16:52:04,034 WARN [Build My Life-lead-G#1]          TextBuilder.java:412  | Skipping TextLine with null bounds: TextLine{ "" conf:NaN}
2026-05-10 16:52:04,034 WARN [Build My Life-lead-G#1]          TextBuilder.java:412  | Skipping TextLine with null bounds: TextLine{ "" conf:NaN}
2026-05-10 16:52:04,034 WARN [Build My Life-lead-G#1]          TextBuilder.java:412  | Skipping TextLine with null bounds: TextLine{ "" conf:NaN}
2026-05-10 16:52:04,035 WARN [Build My Life-lead-G#1]          TextBuilder.java:412  | Skipping TextLine with null bounds: TextLine{ "" conf:NaN}
2026-05-10 16:52:04,035 WARN [Build My Life-lead-G#1]          TextBuilder.java:412  | Skipping TextLine with null bounds: TextLine{ "" conf:NaN}
2026-05-10 16:52:04,035 WARN [Build My Life-lead-G#1]          TextBuilder.java:412  | Skipping TextLine with null bounds: TextLine{ "" conf:NaN}
2026-05-10 16:52:04,035 WARN [Build My Life-lead-G#1]          TextBuilder.java:412  | Skipping TextLine with null bounds: TextLine{ "" conf:NaN}
2026-05-10 16:52:04,037 WARN [Build My Life-lead-G#1]          TextBuilder.java:412  | Skipping TextLine with null bounds: TextLine{ "" conf:NaN}
2026-05-10 16:52:04,037 WARN [Build My Life-lead-G#1]          TextBuilder.java:412  | Skipping TextLine with null bounds: TextLine{ "" conf:NaN}
2026-05-10 16:52:04,038 WARN [Build My Life-lead-G#1]          TextBuilder.java:412  | Skipping TextLine with null bounds: TextLine{ "" conf:NaN}
2026-05-10 16:52:04,038 WARN [Build My Life-lead-G#1]          TextBuilder.java:412  | Skipping TextLine with null bounds: TextLine{ "" conf:NaN}
2026-05-10 16:52:04,039 WARN [Build My Life-lead-G#1]          TextBuilder.java:412  | Skipping TextLine with null bounds: TextLine{ "" conf:NaN}
2026-05-10 16:52:04,040 WARN [Build My Life-lead-G#1]          TextBuilder.java:412  | Skipping TextLine with null bounds: TextLine{ "" conf:NaN}
2026-05-10 16:52:04,041 WARN [Build My Life-lead-G#1]          TextBuilder.java:412  | Skipping TextLine with null bounds: TextLine{ "" conf:NaN}
2026-05-10 16:52:04,041 WARN [Build My Life-lead-G#1]          TextBuilder.java:412  | Skipping TextLine with null bounds: TextLine{ "" conf:NaN}
2026-05-10 16:52:04,042 WARN [Build My Life-lead-G#1]          TextBuilder.java:412  | Skipping TextLine with null bounds: TextLine{ "" conf:NaN}
2026-05-10 16:52:04,043 WARN [Build My Life-lead-G#1]          TextBuilder.java:412  | Skipping TextLine with null bounds: TextLine{ "" conf:NaN}
2026-05-10 16:52:04,043 WARN [Build My Life-lead-G#1]          TextBuilder.java:412  | Skipping TextLine with null bounds: TextLine{ "" conf:NaN}
2026-05-10 16:52:04,044 WARN [Build My Life-lead-G#1]          TextBuilder.java:412  | Skipping TextLine with null bounds: TextLine{ "" conf:NaN}
2026-05-10 16:52:04,044 WARN [Build My Life-lead-G#1]          TextBuilder.java:412  | Skipping TextLine with null bounds: TextLine{ "" conf:NaN}
2026-05-10 16:52:04,045 WARN [Build My Life-lead-G#1]          TextBuilder.java:412  | Skipping TextLine with null bounds: TextLine{ "" conf:NaN}
2026-05-10 16:52:04,045 WARN [Build My Life-lead-G#1]          TextBuilder.java:412  | Skipping TextLine with null bounds: TextLine{ "" conf:NaN}
2026-05-10 16:52:04,045 WARN [Build My Life-lead-G#1]          TextBuilder.java:412  | Skipping TextLine with null bounds: TextLine{ "" conf:NaN}
2026-05-10 16:52:04,045 WARN [Build My Life-lead-G#1]          TextBuilder.java:412  | Skipping TextLine with null bounds: TextLine{ "" conf:NaN}
2026-05-10 16:52:04,046 WARN [Build My Life-lead-G#1]          TextBuilder.java:412  | Skipping TextLine with null bounds: TextLine{ "" conf:NaN}
2026-05-10 16:52:04,046 WARN [Build My Life-lead-G#1]          TextBuilder.java:412  | Skipping TextLine with null bounds: TextLine{ "" conf:NaN}
2026-05-10 16:52:04,046 WARN [Build My Life-lead-G#1]          TextBuilder.java:412  | Skipping TextLine with null bounds: TextLine{ "" conf:NaN}
2026-05-10 16:52:04,047 WARN [Build My Life-lead-G#1]          TextBuilder.java:412  | Skipping TextLine with null bounds: TextLine{ "" conf:NaN}
2026-05-10 16:52:04,048 WARN [Build My Life-lead-G#1]          TextBuilder.java:412  | Skipping TextLine with null bounds: TextLine{ "" conf:NaN}
2026-05-10 16:52:04,048 WARN [Build My Life-lead-G#1]          TextBuilder.java:412  | Skipping TextLine with null bounds: TextLine{ "" conf:NaN}
2026-05-10 16:52:04,048 WARN [Build My Life-lead-G#1]          TextBuilder.java:412  | Skipping TextLine with null bounds: TextLine{ "" conf:NaN}
2026-05-10 16:52:04,049 WARN [Build My Life-lead-G#1]          TextBuilder.java:412  | Skipping TextLine with null bounds: TextLine{ "" conf:NaN}
2026-05-10 16:52:04,049 WARN [Build My Life-lead-G#1]          TextBuilder.java:412  | Skipping TextLine with null bounds: TextLine{ "" conf:NaN}
2026-05-10 16:52:04,049 WARN [Build My Life-lead-G#1]          TextBuilder.java:412  | Skipping TextLine with null bounds: TextLine{ "" conf:NaN}
2026-05-10 16:52:04,049 WARN [Build My Life-lead-G#1]          TextBuilder.java:412  | Skipping TextLine with null bounds: TextLine{ "" conf:NaN}
2026-05-10 16:52:04,049 WARN [Build My Life-lead-G#1]          TextBuilder.java:412  | Skipping TextLine with null bounds: TextLine{ "" conf:NaN}
2026-05-10 16:52:04,049 WARN [Build My Life-lead-G#1]          TextBuilder.java:412  | Skipping TextLine with null bounds: TextLine{ "" conf:NaN}
2026-05-10 16:52:04,051 WARN [Build My Life-lead-G#1]          TextBuilder.java:412  | Skipping TextLine with null bounds: TextLine{ "" conf:NaN}
2026-05-10 16:52:04,051 WARN [Build My Life-lead-G#1]          TextBuilder.java:412  | Skipping TextLine with null bounds: TextLine{ "" conf:NaN}
2026-05-10 16:52:04,052 WARN [Build My Life-lead-G#1]          TextBuilder.java:412  | Skipping TextLine with null bounds: TextLine{ "" conf:NaN}
2026-05-10 16:52:04,052 WARN [Build My Life-lead-G#1]          TextBuilder.java:412  | Skipping TextLine with null bounds: TextLine{ "" conf:NaN}
2026-05-10 16:52:04,053 WARN [Build My Life-lead-G#1]          TextBuilder.java:412  | Skipping TextLine with null bounds: TextLine{ "" conf:NaN}
2026-05-10 16:52:04,053 WARN [Build My Life-lead-G#1]          TextBuilder.java:412  | Skipping TextLine with null bounds: TextLine{ "" conf:NaN}
2026-05-10 16:52:04,053 WARN [Build My Life-lead-G#1]          TextBuilder.java:412  | Skipping TextLine with null bounds: TextLine{ "" conf:NaN}
2026-05-10 16:52:04,053 WARN [Build My Life-lead-G#1]          TextBuilder.java:412  | Skipping TextLine with null bounds: TextLine{ "" conf:NaN}
2026-05-10 16:52:04,054 WARN [Build My Life-lead-G#1]          TextBuilder.java:412  | Skipping TextLine with null bounds: TextLine{ "" conf:NaN}
2026-05-10 16:52:04,054 WARN [Build My Life-lead-G#1]          TextBuilder.java:412  | Skipping TextLine with null bounds: TextLine{ "" conf:NaN}
2026-05-10 16:52:04,054 WARN [Build My Life-lead-G#1]          TextBuilder.java:412  | Skipping TextLine with null bounds: TextLine{ "" conf:NaN}
2026-05-10 16:52:04,055 WARN [Build My Life-lead-G#1]          TextBuilder.java:412  | Skipping TextLine with null bounds: TextLine{ "" conf:NaN}
2026-05-10 16:52:04,055 WARN [Build My Life-lead-G#1]          TextBuilder.java:412  | Skipping TextLine with null bounds: TextLine{ "" conf:NaN}
2026-05-10 16:52:04,055 WARN [Build My Life-lead-G#1]          TextBuilder.java:412  | Skipping TextLine with null bounds: TextLine{ "" conf:NaN}
2026-05-10 16:52:04,056 WARN [Build My Life-lead-G#1]          TextBuilder.java:412  | Skipping TextLine with null bounds: TextLine{ "" conf:NaN}
2026-05-10 16:52:04,056 WARN [Build My Life-lead-G#1]          TextBuilder.java:412  | Skipping TextLine with null bounds: TextLine{ "" conf:NaN}
2026-05-10 16:52:04,056 WARN [Build My Life-lead-G#1]          TextBuilder.java:412  | Skipping TextLine with null bounds: TextLine{ "" conf:NaN}
2026-05-10 16:52:04,057 WARN [Build My Life-lead-G#1]          TextBuilder.java:412  | Skipping TextLine with null bounds: TextLine{ "" conf:NaN}
2026-05-10 16:52:04,058 WARN [Build My Life-lead-G#1]          TextBuilder.java:412  | Skipping TextLine with null bounds: TextLine{ "" conf:NaN}
2026-05-10 16:52:04,058 WARN [Build My Life-lead-G#1]          TextBuilder.java:412  | Skipping TextLine with null bounds: TextLine{ "" conf:NaN}
2026-05-10 16:52:04,059 WARN [Build My Life-lead-G#1]          TextBuilder.java:412  | Skipping TextLine with null bounds: TextLine{ "" conf:NaN}
2026-05-10 16:52:04,059 WARN [Build My Life-lead-G#1]          TextBuilder.java:412  | Skipping TextLine with null bounds: TextLine{ "" conf:NaN}
2026-05-10 16:52:04,059 WARN [Build My Life-lead-G#1]          TextBuilder.java:412  | Skipping TextLine with null bounds: TextLine{ "" conf:NaN}
2026-05-10 16:52:04,060 WARN [Build My Life-lead-G#1]          TextBuilder.java:412  | Skipping TextLine with null bounds: TextLine{ "" conf:NaN}
2026-05-10 16:52:04,060 WARN [Build My Life-lead-G#1]          TextBuilder.java:412  | Skipping TextLine with null bounds: TextLine{ "" conf:NaN}
2026-05-10 16:52:04,060 WARN [Build My Life-lead-G#1]          TextBuilder.java:412  | Skipping TextLine with null bounds: TextLine{ "" conf:NaN}
2026-05-10 16:52:04,060 WARN [Build My Life-lead-G#1]          TextBuilder.java:412  | Skipping TextLine with null bounds: TextLine{ "" conf:NaN}
2026-05-10 16:52:04,061 WARN [Build My Life-lead-G#1]          TextBuilder.java:412  | Skipping TextLine with null bounds: TextLine{ "" conf:NaN}
2026-05-10 16:52:04,061 WARN [Build My Life-lead-G#1]          TextBuilder.java:412  | Skipping TextLine with null bounds: TextLine{ "" conf:NaN}
2026-05-10 16:52:04,061 WARN [Build My Life-lead-G#1]          TextBuilder.java:412  | Skipping TextLine with null bounds: TextLine{ "" conf:NaN}
2026-05-10 16:52:04,063 WARN [Build My Life-lead-G#1]          TextBuilder.java:412  | Skipping TextLine with null bounds: TextLine{ "" conf:NaN}
2026-05-10 16:52:04,064 WARN [Build My Life-lead-G#1]          TextBuilder.java:412  | Skipping TextLine with null bounds: TextLine{ "" conf:NaN}
2026-05-10 16:52:04,064 WARN [Build My Life-lead-G#1]          TextBuilder.java:412  | Skipping TextLine with null bounds: TextLine{ "" conf:NaN}
2026-05-10 16:52:04,065 WARN [Build My Life-lead-G#1]          TextBuilder.java:412  | Skipping TextLine with null bounds: TextLine{ "" conf:NaN}
2026-05-10 16:52:04,065 WARN [Build My Life-lead-G#1]          TextBuilder.java:412  | Skipping TextLine with null bounds: TextLine{ "" conf:NaN}
2026-05-10 16:52:04,066 WARN [Build My Life-lead-G#1]          TextBuilder.java:412  | Skipping TextLine with null bounds: TextLine{ "" conf:NaN}
2026-05-10 16:52:04,066 WARN [Build My Life-lead-G#1]          TextBuilder.java:412  | Skipping TextLine with null bounds: TextLine{ "" conf:NaN}
2026-05-10 16:52:04,066 WARN [Build My Life-lead-G#1]          TextBuilder.java:412  | Skipping TextLine with null bounds: TextLine{ "" conf:NaN}
2026-05-10 16:52:04,067 WARN [Build My Life-lead-G#1]          TextBuilder.java:412  | Skipping TextLine with null bounds: TextLine{ "" conf:NaN}
2026-05-10 16:52:04,067 WARN [Build My Life-lead-G#1]          TextBuilder.java:412  | Skipping TextLine with null bounds: TextLine{ "" conf:NaN}
2026-05-10 16:52:04,067 WARN [Build My Life-lead-G#1]          TextBuilder.java:412  | Skipping TextLine with null bounds: TextLine{ "" conf:NaN}
2026-05-10 16:52:04,068 WARN [Build My Life-lead-G#1]          TextBuilder.java:412  | Skipping TextLine with null bounds: TextLine{ "" conf:NaN}
2026-05-10 16:52:04,068 WARN [Build My Life-lead-G#1]          TextBuilder.java:412  | Skipping TextLine with null bounds: TextLine{ "" conf:NaN}
2026-05-10 16:52:04,069 WARN [Build My Life-lead-G#1]          TextBuilder.java:412  | Skipping TextLine with null bounds: TextLine{ "" conf:NaN}
2026-05-10 16:52:04,069 WARN [Build My Life-lead-G#1]          TextBuilder.java:412  | Skipping TextLine with null bounds: TextLine{ "" conf:NaN}
2026-05-10 16:52:04,069 WARN [Build My Life-lead-G#1]          TextBuilder.java:412  | Skipping TextLine with null bounds: TextLine{ "" conf:NaN}
2026-05-10 16:52:04,069 WARN [Build My Life-lead-G#1]          TextBuilder.java:412  | Skipping TextLine with null bounds: TextLine{ "" conf:NaN}
2026-05-10 16:52:04,070 WARN [Build My Life-lead-G#1]          TextBuilder.java:412  | Skipping TextLine with null bounds: TextLine{ "" conf:NaN}
2026-05-10 16:52:04,070 WARN [Build My Life-lead-G#1]          TextBuilder.java:412  | Skipping TextLine with null bounds: TextLine{ "" conf:NaN}
2026-05-10 16:52:04,070 WARN [Build My Life-lead-G#1]          TextBuilder.java:412  | Skipping TextLine with null bounds: TextLine{ "" conf:NaN}
2026-05-10 16:52:04,071 WARN [Build My Life-lead-G#1]          TextBuilder.java:412  | Skipping TextLine with null bounds: TextLine{ "" conf:NaN}
2026-05-10 16:52:04,071 WARN [Build My Life-lead-G#1]          TextBuilder.java:412  | Skipping TextLine with null bounds: TextLine{ "" conf:NaN}
2026-05-10 16:52:04,071 WARN [Build My Life-lead-G#1]          TextBuilder.java:412  | Skipping TextLine with null bounds: TextLine{ "" conf:NaN}
2026-05-10 16:52:04,071 WARN [Build My Life-lead-G#1]          TextBuilder.java:412  | Skipping TextLine with null bounds: TextLine{ "" conf:NaN}
2026-05-10 16:52:04,072 WARN [Build My Life-lead-G#1]          TextBuilder.java:412  | Skipping TextLine with null bounds: TextLine{ "" conf:NaN}
2026-05-10 16:52:04,072 WARN [Build My Life-lead-G#1]          TextBuilder.java:412  | Skipping TextLine with null bounds: TextLine{ "" conf:NaN}
2026-05-10 16:52:04,072 WARN [Build My Life-lead-G#1]          TextBuilder.java:412  | Skipping TextLine with null bounds: TextLine{ "" conf:NaN}
2026-05-10 16:52:04,073 WARN [Build My Life-lead-G#1]          TextBuilder.java:412  | Skipping TextLine with null bounds: TextLine{ "" conf:NaN}
2026-05-10 16:52:04,074 WARN [Build My Life-lead-G#1]          TextBuilder.java:412  | Skipping TextLine with null bounds: TextLine{ "" conf:NaN}
2026-05-10 16:52:04,074 WARN [Build My Life-lead-G#1]          TextBuilder.java:412  | Skipping TextLine with null bounds: TextLine{ "" conf:NaN}
2026-05-10 16:52:04,074 WARN [Build My Life-lead-G#1]          TextBuilder.java:412  | Skipping TextLine with null bounds: TextLine{ "" conf:NaN}
2026-05-10 16:52:04,075 WARN [Build My Life-lead-G#1]          TextBuilder.java:412  | Skipping TextLine with null bounds: TextLine{ "" conf:NaN}
2026-05-10 16:52:04,075 WARN [Build My Life-lead-G#1]          TextBuilder.java:412  | Skipping TextLine with null bounds: TextLine{ "" conf:NaN}
2026-05-10 16:52:04,076 WARN [Build My Life-lead-G#1]          TextBuilder.java:412  | Skipping TextLine with null bounds: TextLine{ "" conf:NaN}
2026-05-10 16:52:04,076 WARN [Build My Life-lead-G#1]          TextBuilder.java:412  | Skipping TextLine with null bounds: TextLine{ "" conf:NaN}
2026-05-10 16:52:04,077 WARN [Build My Life-lead-G#1]          TextBuilder.java:412  | Skipping TextLine with null bounds: TextLine{ "" conf:NaN}
2026-05-10 16:52:04,077 WARN [Build My Life-lead-G#1]          TextBuilder.java:412  | Skipping TextLine with null bounds: TextLine{ "" conf:NaN}
2026-05-10 16:52:04,077 WARN [Build My Life-lead-G#1]          TextBuilder.java:412  | Skipping TextLine with null bounds: TextLine{ "" conf:NaN}
2026-05-10 16:52:04,078 WARN [Build My Life-lead-G#1]          TextBuilder.java:412  | Skipping TextLine with null bounds: TextLine{ "" conf:NaN}
2026-05-10 16:52:04,079 WARN [Build My Life-lead-G#1]          TextBuilder.java:412  | Skipping TextLine with null bounds: TextLine{ "" conf:NaN}
2026-05-10 16:52:04,079 WARN [Build My Life-lead-G#1]          TextBuilder.java:412  | Skipping TextLine with null bounds: TextLine{ "" conf:NaN}
2026-05-10 16:52:04,080 WARN [Build My Life-lead-G#1]          TextBuilder.java:412  | Skipping TextLine with null bounds: TextLine{ "" conf:NaN}
2026-05-10 16:52:04,080 WARN [Build My Life-lead-G#1]          TextBuilder.java:412  | Skipping TextLine with null bounds: TextLine{ "" conf:NaN}
2026-05-10 16:52:04,080 WARN [Build My Life-lead-G#1]          TextBuilder.java:412  | Skipping TextLine with null bounds: TextLine{ "" conf:NaN}
2026-05-10 16:52:04,080 WARN [Build My Life-lead-G#1]          TextBuilder.java:412  | Skipping TextLine with null bounds: TextLine{ "" conf:NaN}
2026-05-10 16:52:04,081 WARN [Build My Life-lead-G#1]          TextBuilder.java:412  | Skipping TextLine with null bounds: TextLine{ "" conf:NaN}
2026-05-10 16:52:04,081 WARN [Build My Life-lead-G#1]          TextBuilder.java:412  | Skipping TextLine with null bounds: TextLine{ "" conf:NaN}
2026-05-10 16:52:04,081 WARN [Build My Life-lead-G#1]          TextBuilder.java:412  | Skipping TextLine with null bounds: TextLine{ "" conf:NaN}
2026-05-10 16:52:04,082 WARN [Build My Life-lead-G#1]          TextBuilder.java:412  | Skipping TextLine with null bounds: TextLine{ "" conf:NaN}
2026-05-10 16:52:04,082 WARN [Build My Life-lead-G#1]          TextBuilder.java:412  | Skipping TextLine with null bounds: TextLine{ "" conf:NaN}
2026-05-10 16:52:04,082 WARN [Build My Life-lead-G#1]          TextBuilder.java:412  | Skipping TextLine with null bounds: TextLine{ "" conf:NaN}
2026-05-10 16:52:04,082 WARN [Build My Life-lead-G#1]          TextBuilder.java:412  | Skipping TextLine with null bounds: TextLine{ "" conf:NaN}
2026-05-10 16:52:04,082 WARN [Build My Life-lead-G#1]          TextBuilder.java:412  | Skipping TextLine with null bounds: TextLine{ "" conf:NaN}
2026-05-10 16:52:04,083 WARN [Build My Life-lead-G#1]          TextBuilder.java:412  | Skipping TextLine with null bounds: TextLine{ "" conf:NaN}
2026-05-10 16:52:04,083 WARN [Build My Life-lead-G#1]          TextBuilder.java:412  | Skipping TextLine with null bounds: TextLine{ "" conf:NaN}
2026-05-10 16:52:04,084 WARN [Build My Life-lead-G#1]          TextBuilder.java:412  | Skipping TextLine with null bounds: TextLine{ "" conf:NaN}
2026-05-10 16:52:04,084 WARN [Build My Life-lead-G#1]          TextBuilder.java:412  | Skipping TextLine with null bounds: TextLine{ "" conf:NaN}
2026-05-10 16:52:04,084 WARN [Build My Life-lead-G#1]          TextBuilder.java:412  | Skipping TextLine with null bounds: TextLine{ "" conf:NaN}
2026-05-10 16:52:04,084 WARN [Build My Life-lead-G#1]          TextBuilder.java:412  | Skipping TextLine with null bounds: TextLine{ "" conf:NaN}
2026-05-10 16:52:04,084 WARN [Build My Life-lead-G#1]          TextBuilder.java:412  | Skipping TextLine with null bounds: TextLine{ "" conf:NaN}
2026-05-10 16:52:04,084 WARN [Build My Life-lead-G#1]          TextBuilder.java:412  | Skipping TextLine with null bounds: TextLine{ "" conf:NaN}
2026-05-10 16:52:04,085 WARN [Build My Life-lead-G#1]          TextBuilder.java:412  | Skipping TextLine with null bounds: TextLine{ "" conf:NaN}
2026-05-10 16:52:04,085 WARN [Build My Life-lead-G#1]          TextBuilder.java:412  | Skipping TextLine with null bounds: TextLine{ "" conf:NaN}
2026-05-10 16:52:04,085 WARN [Build My Life-lead-G#1]          TextBuilder.java:412  | Skipping TextLine with null bounds: TextLine{ "" conf:NaN}
2026-05-10 16:52:04,086 WARN [Build My Life-lead-G#1]          TextBuilder.java:412  | Skipping TextLine with null bounds: TextLine{ "" conf:NaN}
2026-05-10 16:52:04,086 WARN [Build My Life-lead-G#1]          TextBuilder.java:412  | Skipping TextLine with null bounds: TextLine{ "" conf:NaN}
2026-05-10 16:52:04,086 WARN [Build My Life-lead-G#1]          TextBuilder.java:412  | Skipping TextLine with null bounds: TextLine{ "" conf:NaN}
2026-05-10 16:52:04,087 WARN [Build My Life-lead-G#1]          TextBuilder.java:412  | Skipping TextLine with null bounds: TextLine{ "" conf:NaN}
2026-05-10 16:52:04,087 WARN [Build My Life-lead-G#1]          TextBuilder.java:412  | Skipping TextLine with null bounds: TextLine{ "" conf:NaN}
2026-05-10 16:52:04,087 WARN [Build My Life-lead-G#1]          TextBuilder.java:412  | Skipping TextLine with null bounds: TextLine{ "" conf:NaN}
2026-05-10 16:52:04,087 WARN [Build My Life-lead-G#1]          TextBuilder.java:412  | Skipping TextLine with null bounds: TextLine{ "" conf:NaN}
2026-05-10 16:52:04,087 WARN [Build My Life-lead-G#1]          TextBuilder.java:412  | Skipping TextLine with null bounds: TextLine{ "" conf:NaN}
2026-05-10 16:52:04,087 WARN [Build My Life-lead-G#1]          TextBuilder.java:412  | Skipping TextLine with null bounds: TextLine{ "" conf:NaN}
2026-05-10 16:52:04,089 WARN [Build My Life-lead-G#1]          TextBuilder.java:412  | Skipping TextLine with null bounds: TextLine{ "" conf:NaN}
2026-05-10 16:52:04,089 WARN [Build My Life-lead-G#1]          TextBuilder.java:412  | Skipping TextLine with null bounds: TextLine{ "" conf:NaN}
2026-05-10 16:52:04,089 WARN [Build My Life-lead-G#1]          TextBuilder.java:412  | Skipping TextLine with null bounds: TextLine{ "" conf:NaN}
2026-05-10 16:52:04,089 WARN [Build My Life-lead-G#1]          TextBuilder.java:412  | Skipping TextLine with null bounds: TextLine{ "" conf:NaN}
2026-05-10 16:52:04,089 WARN [Build My Life-lead-G#1]          TextBuilder.java:412  | Skipping TextLine with null bounds: TextLine{ "" conf:NaN}
2026-05-10 16:52:04,089 WARN [Build My Life-lead-G#1]          TextBuilder.java:412  | Skipping TextLine with null bounds: TextLine{ "" conf:NaN}
2026-05-10 16:52:04,089 WARN [Build My Life-lead-G#1]          TextBuilder.java:412  | Skipping TextLine with null bounds: TextLine{ "" conf:NaN}
2026-05-10 16:52:04,090 WARN [Build My Life-lead-G#1]          TextBuilder.java:412  | Skipping TextLine with null bounds: TextLine{ "" conf:NaN}
2026-05-10 16:52:04,090 WARN [Build My Life-lead-G#1]          TextBuilder.java:412  | Skipping TextLine with null bounds: TextLine{ "" conf:NaN}
2026-05-10 16:52:04,091 WARN [Build My Life-lead-G#1]          TextBuilder.java:412  | Skipping TextLine with null bounds: TextLine{ "" conf:NaN}
2026-05-10 16:52:04,091 WARN [Build My Life-lead-G#1]          TextBuilder.java:412  | Skipping TextLine with null bounds: TextLine{ "" conf:NaN}
2026-05-10 16:52:04,092 WARN [Build My Life-lead-G#1]          TextBuilder.java:412  | Skipping TextLine with null bounds: TextLine{ "" conf:NaN}
2026-05-10 16:52:04,092 WARN [Build My Life-lead-G#1]          TextBuilder.java:412  | Skipping TextLine with null bounds: TextLine{ "" conf:NaN}
2026-05-10 16:52:04,093 WARN [Build My Life-lead-G#1]          TextBuilder.java:412  | Skipping TextLine with null bounds: TextLine{ "" conf:NaN}
2026-05-10 16:52:04,093 WARN [Build My Life-lead-G#1]          TextBuilder.java:412  | Skipping TextLine with null bounds: TextLine{ "" conf:NaN}
2026-05-10 16:52:04,093 WARN [Build My Life-lead-G#1]          TextBuilder.java:412  | Skipping TextLine with null bounds: TextLine{ "" conf:NaN}
2026-05-10 16:52:04,093 WARN [Build My Life-lead-G#1]          TextBuilder.java:412  | Skipping TextLine with null bounds: TextLine{ "" conf:NaN}
2026-05-10 16:52:04,093 WARN [Build My Life-lead-G#1]          TextBuilder.java:412  | Skipping TextLine with null bounds: TextLine{ "" conf:NaN}
2026-05-10 16:52:04,094 WARN [Build My Life-lead-G#1]          TextBuilder.java:412  | Skipping TextLine with null bounds: TextLine{ "" conf:NaN}
2026-05-10 16:52:04,095 WARN [Build My Life-lead-G#1]          TextBuilder.java:412  | Skipping TextLine with null bounds: TextLine{ "" conf:NaN}
2026-05-10 16:52:04,095 WARN [Build My Life-lead-G#1]          TextBuilder.java:412  | Skipping TextLine with null bounds: TextLine{ "" conf:NaN}
2026-05-10 16:52:04,095 WARN [Build My Life-lead-G#1]          TextBuilder.java:412  | Skipping TextLine with null bounds: TextLine{ "" conf:NaN}
2026-05-10 16:52:04,096 WARN [Build My Life-lead-G#1]          TextBuilder.java:412  | Skipping TextLine with null bounds: TextLine{ "" conf:NaN}
2026-05-10 16:52:04,096 WARN [Build My Life-lead-G#1]          TextBuilder.java:412  | Skipping TextLine with null bounds: TextLine{ "" conf:NaN}
2026-05-10 16:52:04,096 WARN [Build My Life-lead-G#1]          TextBuilder.java:412  | Skipping TextLine with null bounds: TextLine{ "" conf:NaN}
2026-05-10 16:52:04,097 WARN [Build My Life-lead-G#1]          TextBuilder.java:412  | Skipping TextLine with null bounds: TextLine{ "" conf:NaN}
2026-05-10 16:52:04,097 WARN [Build My Life-lead-G#1]          TextBuilder.java:412  | Skipping TextLine with null bounds: TextLine{ "" conf:NaN}
2026-05-10 16:52:04,097 WARN [Build My Life-lead-G#1]          TextBuilder.java:412  | Skipping TextLine with null bounds: TextLine{ "" conf:NaN}
2026-05-10 16:52:04,098 WARN [Build My Life-lead-G#1]          TextBuilder.java:412  | Skipping TextLine with null bounds: TextLine{ "" conf:NaN}
2026-05-10 16:52:04,098 WARN [Build My Life-lead-G#1]          TextBuilder.java:412  | Skipping TextLine with null bounds: TextLine{ "" conf:NaN}
2026-05-10 16:52:04,099 WARN [Build My Life-lead-G#1]          TextBuilder.java:412  | Skipping TextLine with null bounds: TextLine{ "" conf:NaN}
2026-05-10 16:52:04,099 WARN [Build My Life-lead-G#1]          TextBuilder.java:412  | Skipping TextLine with null bounds: TextLine{ "" conf:NaN}
2026-05-10 16:52:04,099 WARN [Build My Life-lead-G#1]          TextBuilder.java:412  | Skipping TextLine with null bounds: TextLine{ "" conf:NaN}
2026-05-10 16:52:04,100 WARN [Build My Life-lead-G#1]          TextBuilder.java:412  | Skipping TextLine with null bounds: TextLine{ "" conf:NaN}
2026-05-10 16:52:04,100 WARN [Build My Life-lead-G#1]          TextBuilder.java:412  | Skipping TextLine with null bounds: TextLine{ "" conf:NaN}
2026-05-10 16:52:04,100 WARN [Build My Life-lead-G#1]          TextBuilder.java:412  | Skipping TextLine with null bounds: TextLine{ "" conf:NaN}
2026-05-10 16:52:04,101 WARN [Build My Life-lead-G#1]          TextBuilder.java:412  | Skipping TextLine with null bounds: TextLine{ "" conf:NaN}
2026-05-10 16:52:04,101 WARN [Build My Life-lead-G#1]          TextBuilder.java:412  | Skipping TextLine with null bounds: TextLine{ "" conf:NaN}
2026-05-10 16:52:04,101 WARN [Build My Life-lead-G#1]          TextBuilder.java:412  | Skipping TextLine with null bounds: TextLine{ "" conf:NaN}
2026-05-10 16:52:04,101 WARN [Build My Life-lead-G#1]          TextBuilder.java:412  | Skipping TextLine with null bounds: TextLine{ "" conf:NaN}
2026-05-10 16:52:04,102 WARN [Build My Life-lead-G#1]          TextBuilder.java:412  | Skipping TextLine with null bounds: TextLine{ "" conf:NaN}
2026-05-10 16:52:04,102 WARN [Build My Life-lead-G#1]          TextBuilder.java:412  | Skipping TextLine with null bounds: TextLine{ "" conf:NaN}
2026-05-10 16:52:04,103 WARN [Build My Life-lead-G#1]          TextBuilder.java:412  | Skipping TextLine with null bounds: TextLine{ "" conf:NaN}
2026-05-10 16:52:04,103 WARN [Build My Life-lead-G#1]          TextBuilder.java:412  | Skipping TextLine with null bounds: TextLine{ "" conf:NaN}
2026-05-10 16:52:04,104 WARN [Build My Life-lead-G#1]          TextBuilder.java:412  | Skipping TextLine with null bounds: TextLine{ "" conf:NaN}
2026-05-10 16:52:04,104 WARN [Build My Life-lead-G#1]          TextBuilder.java:412  | Skipping TextLine with null bounds: TextLine{ "" conf:NaN}
2026-05-10 16:52:04,104 WARN [Build My Life-lead-G#1]          TextBuilder.java:412  | Skipping TextLine with null bounds: TextLine{ "" conf:NaN}
2026-05-10 16:52:04,105 WARN [Build My Life-lead-G#1]          TextBuilder.java:412  | Skipping TextLine with null bounds: TextLine{ "" conf:NaN}
2026-05-10 16:52:04,105 WARN [Build My Life-lead-G#1]          TextBuilder.java:412  | Skipping TextLine with null bounds: TextLine{ "" conf:NaN}
2026-05-10 16:52:04,105 WARN [Build My Life-lead-G#1]          TextBuilder.java:412  | Skipping TextLine with null bounds: TextLine{ "" conf:NaN}
2026-05-10 16:52:04,105 WARN [Build My Life-lead-G#1]          TextBuilder.java:412  | Skipping TextLine with null bounds: TextLine{ "" conf:NaN}
2026-05-10 16:52:04,105 WARN [Build My Life-lead-G#1]          TextBuilder.java:412  | Skipping TextLine with null bounds: TextLine{ "" conf:NaN}
2026-05-10 16:52:04,106 WARN [Build My Life-lead-G#1]          TextBuilder.java:412  | Skipping TextLine with null bounds: TextLine{ "" conf:NaN}
2026-05-10 16:52:04,107 WARN [Build My Life-lead-G#1]          TextBuilder.java:412  | Skipping TextLine with null bounds: TextLine{ "" conf:NaN}
2026-05-10 16:52:04,107 WARN [Build My Life-lead-G#1]          TextBuilder.java:412  | Skipping TextLine with null bounds: TextLine{ "" conf:NaN}
2026-05-10 16:52:04,108 WARN [Build My Life-lead-G#1]          TextBuilder.java:412  | Skipping TextLine with null bounds: TextLine{ "" conf:NaN}
2026-05-10 16:52:04,109 WARN [Build My Life-lead-G#1]          TextBuilder.java:412  | Skipping TextLine with null bounds: TextLine{ "" conf:NaN}
2026-05-10 16:52:04,109 WARN [Build My Life-lead-G#1]          TextBuilder.java:412  | Skipping TextLine with null bounds: TextLine{ "" conf:NaN}
2026-05-10 16:52:04,109 WARN [Build My Life-lead-G#1]          TextBuilder.java:412  | Skipping TextLine with null bounds: TextLine{ "" conf:NaN}
2026-05-10 16:52:04,110 WARN [Build My Life-lead-G#1]          TextBuilder.java:412  | Skipping TextLine with null bounds: TextLine{ "" conf:NaN}
2026-05-10 16:52:04,110 WARN [Build My Life-lead-G#1]          TextBuilder.java:412  | Skipping TextLine with null bounds: TextLine{ "" conf:NaN}
2026-05-10 16:52:04,110 WARN [Build My Life-lead-G#1]          TextBuilder.java:412  | Skipping TextLine with null bounds: TextLine{ "" conf:NaN}
2026-05-10 16:52:04,111 WARN [Build My Life-lead-G#1]          TextBuilder.java:412  | Skipping TextLine with null bounds: TextLine{ "" conf:NaN}
2026-05-10 16:52:04,111 WARN [Build My Life-lead-G#1]          TextBuilder.java:412  | Skipping TextLine with null bounds: TextLine{ "" conf:NaN}
2026-05-10 16:52:04,112 WARN [Build My Life-lead-G#1]          TextBuilder.java:412  | Skipping TextLine with null bounds: TextLine{ "" conf:NaN}
2026-05-10 16:52:04,112 WARN [Build My Life-lead-G#1]          TextBuilder.java:412  | Skipping TextLine with null bounds: TextLine{ "" conf:NaN}
2026-05-10 16:52:04,113 WARN [Build My Life-lead-G#1]          TextBuilder.java:412  | Skipping TextLine with null bounds: TextLine{ "" conf:NaN}
2026-05-10 16:52:04,113 WARN [Build My Life-lead-G#1]          TextBuilder.java:412  | Skipping TextLine with null bounds: TextLine{ "" conf:NaN}
2026-05-10 16:52:04,114 WARN [Build My Life-lead-G#1]          TextBuilder.java:412  | Skipping TextLine with null bounds: TextLine{ "" conf:NaN}
2026-05-10 16:52:04,114 WARN [Build My Life-lead-G#1]          TextBuilder.java:412  | Skipping TextLine with null bounds: TextLine{ "" conf:NaN}
2026-05-10 16:52:04,114 WARN [Build My Life-lead-G#1]          TextBuilder.java:412  | Skipping TextLine with null bounds: TextLine{ "" conf:NaN}
2026-05-10 16:52:04,114 WARN [Build My Life-lead-G#1]          TextBuilder.java:412  | Skipping TextLine with null bounds: TextLine{ "" conf:NaN}
2026-05-10 16:52:04,114 WARN [Build My Life-lead-G#1]          TextBuilder.java:412  | Skipping TextLine with null bounds: TextLine{ "" conf:NaN}
2026-05-10 16:52:04,114 WARN [Build My Life-lead-G#1]          TextBuilder.java:412  | Skipping TextLine with null bounds: TextLine{ "" conf:NaN}
2026-05-10 16:52:04,115 WARN [Build My Life-lead-G#1]          TextBuilder.java:412  | Skipping TextLine with null bounds: TextLine{ "" conf:NaN}
2026-05-10 16:52:04,115 WARN [Build My Life-lead-G#1]          TextBuilder.java:412  | Skipping TextLine with null bounds: TextLine{ "" conf:NaN}
2026-05-10 16:52:04,116 WARN [Build My Life-lead-G#1]          TextBuilder.java:412  | Skipping TextLine with null bounds: TextLine{ "" conf:NaN}
2026-05-10 16:52:04,116 WARN [Build My Life-lead-G#1]          TextBuilder.java:412  | Skipping TextLine with null bounds: TextLine{ "" conf:NaN}
2026-05-10 16:52:04,116 WARN [Build My Life-lead-G#1]          TextBuilder.java:412  | Skipping TextLine with null bounds: TextLine{ "" conf:NaN}
2026-05-10 16:52:04,116 WARN [Build My Life-lead-G#1]          TextBuilder.java:412  | Skipping TextLine with null bounds: TextLine{ "" conf:NaN}
2026-05-10 16:52:04,116 WARN [Build My Life-lead-G#1]          TextBuilder.java:412  | Skipping TextLine with null bounds: TextLine{ "" conf:NaN}
2026-05-10 16:52:04,116 WARN [Build My Life-lead-G#1]          TextBuilder.java:412  | Skipping TextLine with null bounds: TextLine{ "" conf:NaN}
2026-05-10 16:52:04,117 WARN [Build My Life-lead-G#1]          TextBuilder.java:412  | Skipping TextLine with null bounds: TextLine{ "" conf:NaN}
2026-05-10 16:52:04,117 WARN [Build My Life-lead-G#1]          TextBuilder.java:412  | Skipping TextLine with null bounds: TextLine{ "" conf:NaN}
2026-05-10 16:52:04,117 WARN [Build My Life-lead-G#1]          TextBuilder.java:412  | Skipping TextLine with null bounds: TextLine{ "" conf:NaN}
2026-05-10 16:52:04,117 WARN [Build My Life-lead-G#1]          TextBuilder.java:412  | Skipping TextLine with null bounds: TextLine{ "" conf:NaN}
2026-05-10 16:52:04,119 WARN [Build My Life-lead-G#1]          TextBuilder.java:412  | Skipping TextLine with null bounds: TextLine{ "" conf:NaN}
2026-05-10 16:52:04,119 WARN [Build My Life-lead-G#1]          TextBuilder.java:412  | Skipping TextLine with null bounds: TextLine{ "" conf:NaN}
2026-05-10 16:52:04,119 WARN [Build My Life-lead-G#1]          TextBuilder.java:412  | Skipping TextLine with null bounds: TextLine{ "" conf:NaN}
2026-05-10 16:52:04,119 WARN [Build My Life-lead-G#1]          TextBuilder.java:412  | Skipping TextLine with null bounds: TextLine{ "" conf:NaN}
2026-05-10 16:52:04,120 WARN [Build My Life-lead-G#1]          TextBuilder.java:412  | Skipping TextLine with null bounds: TextLine{ "" conf:NaN}
2026-05-10 16:52:04,120 WARN [Build My Life-lead-G#1]          TextBuilder.java:412  | Skipping TextLine with null bounds: TextLine{ "" conf:NaN}
2026-05-10 16:52:04,121 WARN [Build My Life-lead-G#1]          TextBuilder.java:412  | Skipping TextLine with null bounds: TextLine{ "" conf:NaN}
2026-05-10 16:52:04,121 WARN [Build My Life-lead-G#1]          TextBuilder.java:412  | Skipping TextLine with null bounds: TextLine{ "" conf:NaN}
2026-05-10 16:52:04,121 WARN [Build My Life-lead-G#1]          TextBuilder.java:412  | Skipping TextLine with null bounds: TextLine{ "" conf:NaN}
2026-05-10 16:52:04,122 WARN [Build My Life-lead-G#1]          TextBuilder.java:412  | Skipping TextLine with null bounds: TextLine{ "" conf:NaN}
2026-05-10 16:52:04,122 WARN [Build My Life-lead-G#1]          TextBuilder.java:412  | Skipping TextLine with null bounds: TextLine{ "" conf:NaN}
2026-05-10 16:52:08,305 INFO [Build My Life-lead-G#1]           PageRhythm.java:176  | {Page#1.1} Starting PageRhythm time signature check
2026-05-10 16:52:08,306 INFO [Build My Life-lead-G#1]           PageRhythm.java:178  | {Page#1.1} Initial range state: Range{SN1- tSig:4/4} → ts: TimePairInter#119{ FROZEN(0.949/0.949) staff:1 4/4}
2026-05-10 16:52:08,306 INFO [Build My Life-lead-G#1]           PageRhythm.java:184  | {Page#1.1} Checking range: Range{SN1- tSig:4/4}, ts: TimePairInter#119{ FROZEN(0.949/0.949) staff:1 4/4}
2026-05-10 16:52:08,307 INFO [Build My Life-lead-G#1]           PageRhythm.java:277  | Last range: Range{SN1-20 tSig:4/4 dur:1}
2026-05-10 16:52:08,307 INFO [Build My Life-lead-G#1]           PageRhythm.java:278  | lastRange.timeRational = 4/4
2026-05-10 16:52:08,307 INFO [Build My Life-lead-G#1]           PageRhythm.java:279  | lastRange.ts = TimePairInter#119{ FROZEN(0.949/0.949) staff:1 4/4}
2026-05-10 16:52:08,309 DEBUG [Build My Life-lead-G#1]           PageRhythm.java:121  | MeasureStack#1 frats: 2 [6795, 6796]
2026-05-10 16:52:08,310 DEBUG [Build My Life-lead-G#1]           PageRhythm.java:121  | MeasureStack#2 frats: 2 [6797, 6798]
2026-05-10 16:52:08,310 DEBUG [Build My Life-lead-G#1]           PageRhythm.java:121  | MeasureStack#3 frats: 2 [6799, 6800]
2026-05-10 16:52:08,311 DEBUG [Build My Life-lead-G#1]           PageRhythm.java:121  | MeasureStack#4 frats: 2 [6801, 6802]
2026-05-10 16:52:08,311 DEBUG [Build My Life-lead-G#1]           PageRhythm.java:121  | MeasureStack#5 frats: 0 []
2026-05-10 16:52:08,311 DEBUG [Build My Life-lead-G#1]           PageRhythm.java:121  | MeasureStack#6 frats: 4 [7128, 7129, 7132, 6825]
2026-05-10 16:52:08,311 DEBUG [Build My Life-lead-G#1]           PageRhythm.java:121  | MeasureStack#7 frats: 1 [7131]
2026-05-10 16:52:08,312 DEBUG [Build My Life-lead-G#1]           PageRhythm.java:121  | MeasureStack#8 frats: 5 [7688, 7689, 7699, 7157, 7691]
2026-05-10 16:52:08,312 DEBUG [Build My Life-lead-G#1]           PageRhythm.java:121  | MeasureStack#9 frats: 1 [7692]
2026-05-10 16:52:08,312 DEBUG [Build My Life-lead-G#1]           PageRhythm.java:121  | MeasureStack#10 frats: 6 [7693, 7694, 7700, 7522, 7696, 7698]
2026-05-10 16:52:08,313 DEBUG [Build My Life-lead-G#1]           PageRhythm.java:121  | MeasureStack#11 frats: 2 [8056, 8048]
2026-05-10 16:52:08,313 DEBUG [Build My Life-lead-G#1]           PageRhythm.java:121  | MeasureStack#12 frats: 3 [8050, 8051, 8057]
2026-05-10 16:52:08,313 DEBUG [Build My Life-lead-G#1]           PageRhythm.java:121  | MeasureStack#13 frats: 1 [8053]
2026-05-10 16:52:08,314 DEBUG [Build My Life-lead-G#1]           PageRhythm.java:121  | MeasureStack#14 frats: 2 [8054, 8055]
2026-05-10 16:52:08,314 DEBUG [Build My Life-lead-G#1]           PageRhythm.java:121  | MeasureStack#15 frats: 0 []
2026-05-10 16:52:08,314 DEBUG [Build My Life-lead-G#1]           PageRhythm.java:121  | MeasureStack#16 frats: 0 []
2026-05-10 16:52:08,315 DEBUG [Build My Life-lead-G#1]           PageRhythm.java:121  | MeasureStack#17 frats: 1 [8321]
2026-05-10 16:52:08,315 DEBUG [Build My Life-lead-G#1]           PageRhythm.java:121  | MeasureStack#18 frats: 0 []
2026-05-10 16:52:08,315 DEBUG [Build My Life-lead-G#1]           PageRhythm.java:121  | MeasureStack#19 frats: 0 []
2026-05-10 16:52:08,316 DEBUG [Build My Life-lead-G#1]           PageRhythm.java:121  | MeasureStack#20 frats: 0 []
2026-05-10 16:52:08,316 DEBUG [Build My Life-lead-G#1]           PageRhythm.java:325  | Starting Range{SN1-20 tSig:4/4 dur:1}
2026-05-10 16:52:08,317 DEBUG [Build My Life-lead-G#1]           PageRhythm.java:329  | About to process StackRhythm for MeasureStack#1
2026-05-10 16:52:08,318 DEBUG [Build My Life-lead-G#1]          StackRhythm.java:221  | Setting expectedDuration=1 for stack on page 1
2026-05-10 16:52:08,352 DEBUG [Build My Life-lead-G#1]           PageRhythm.java:331  | Finished processing StackRhythm for MeasureStack#1
2026-05-10 16:52:08,353 DEBUG [Build My Life-lead-G#1]           PageRhythm.java:329  | About to process StackRhythm for MeasureStack#2
2026-05-10 16:52:08,353 DEBUG [Build My Life-lead-G#1]          StackRhythm.java:221  | Setting expectedDuration=1 for stack on page 2
2026-05-10 16:52:08,355 DEBUG [Build My Life-lead-G#1]           PageRhythm.java:331  | Finished processing StackRhythm for MeasureStack#2
2026-05-10 16:52:08,356 DEBUG [Build My Life-lead-G#1]           PageRhythm.java:329  | About to process StackRhythm for MeasureStack#3
2026-05-10 16:52:08,357 DEBUG [Build My Life-lead-G#1]          StackRhythm.java:221  | Setting expectedDuration=1 for stack on page 3
2026-05-10 16:52:08,359 DEBUG [Build My Life-lead-G#1]           PageRhythm.java:331  | Finished processing StackRhythm for MeasureStack#3
2026-05-10 16:52:08,360 DEBUG [Build My Life-lead-G#1]           PageRhythm.java:329  | About to process StackRhythm for MeasureStack#4
2026-05-10 16:52:08,361 DEBUG [Build My Life-lead-G#1]          StackRhythm.java:221  | Setting expectedDuration=1 for stack on page 4
2026-05-10 16:52:08,363 DEBUG [Build My Life-lead-G#1]           PageRhythm.java:331  | Finished processing StackRhythm for MeasureStack#4
2026-05-10 16:52:08,364 DEBUG [Build My Life-lead-G#1]           PageRhythm.java:329  | About to process StackRhythm for MeasureStack#5
2026-05-10 16:52:08,366 DEBUG [Build My Life-lead-G#1]          StackRhythm.java:221  | Setting expectedDuration=1 for stack on page 5
2026-05-10 16:52:08,367 DEBUG [Build My Life-lead-G#1]           PageRhythm.java:331  | Finished processing StackRhythm for MeasureStack#5
2026-05-10 16:52:08,368 DEBUG [Build My Life-lead-G#1]           PageRhythm.java:329  | About to process StackRhythm for MeasureStack#6
2026-05-10 16:52:08,368 DEBUG [Build My Life-lead-G#1]          StackRhythm.java:221  | Setting expectedDuration=1 for stack on page 6
2026-05-10 16:52:08,372 DEBUG [Build My Life-lead-G#1]           PageRhythm.java:331  | Finished processing StackRhythm for MeasureStack#6
2026-05-10 16:52:08,373 DEBUG [Build My Life-lead-G#1]           PageRhythm.java:329  | About to process StackRhythm for MeasureStack#7
2026-05-10 16:52:08,373 DEBUG [Build My Life-lead-G#1]          StackRhythm.java:221  | Setting expectedDuration=1 for stack on page 7
2026-05-10 16:52:08,381 DEBUG [Build My Life-lead-G#1]           PageRhythm.java:331  | Finished processing StackRhythm for MeasureStack#7
2026-05-10 16:52:08,383 DEBUG [Build My Life-lead-G#1]           PageRhythm.java:329  | About to process StackRhythm for MeasureStack#8
2026-05-10 16:52:08,384 DEBUG [Build My Life-lead-G#1]          StackRhythm.java:221  | Setting expectedDuration=1 for stack on page 8
2026-05-10 16:52:08,388 DEBUG [Build My Life-lead-G#1]           PageRhythm.java:331  | Finished processing StackRhythm for MeasureStack#8
2026-05-10 16:52:08,388 DEBUG [Build My Life-lead-G#1]           PageRhythm.java:329  | About to process StackRhythm for MeasureStack#9
2026-05-10 16:52:08,389 DEBUG [Build My Life-lead-G#1]          StackRhythm.java:221  | Setting expectedDuration=1 for stack on page 9
2026-05-10 16:52:08,391 DEBUG [Build My Life-lead-G#1]           PageRhythm.java:331  | Finished processing StackRhythm for MeasureStack#9
2026-05-10 16:52:08,392 DEBUG [Build My Life-lead-G#1]           PageRhythm.java:329  | About to process StackRhythm for MeasureStack#10
2026-05-10 16:52:08,392 DEBUG [Build My Life-lead-G#1]          StackRhythm.java:221  | Setting expectedDuration=1 for stack on page 10
2026-05-10 16:52:08,396 DEBUG [Build My Life-lead-G#1]           PageRhythm.java:331  | Finished processing StackRhythm for MeasureStack#10
2026-05-10 16:52:08,396 DEBUG [Build My Life-lead-G#1]           PageRhythm.java:329  | About to process StackRhythm for MeasureStack#11
2026-05-10 16:52:08,397 DEBUG [Build My Life-lead-G#1]          StackRhythm.java:221  | Setting expectedDuration=1 for stack on page 11
2026-05-10 16:52:08,399 DEBUG [Build My Life-lead-G#1]           PageRhythm.java:331  | Finished processing StackRhythm for MeasureStack#11
2026-05-10 16:52:08,399 DEBUG [Build My Life-lead-G#1]           PageRhythm.java:329  | About to process StackRhythm for MeasureStack#12
2026-05-10 16:52:08,399 DEBUG [Build My Life-lead-G#1]          StackRhythm.java:221  | Setting expectedDuration=1 for stack on page 12
2026-05-10 16:52:08,400 DEBUG [Build My Life-lead-G#1]           PageRhythm.java:331  | Finished processing StackRhythm for MeasureStack#12
2026-05-10 16:52:08,400 DEBUG [Build My Life-lead-G#1]           PageRhythm.java:329  | About to process StackRhythm for MeasureStack#13
2026-05-10 16:52:08,400 DEBUG [Build My Life-lead-G#1]          StackRhythm.java:221  | Setting expectedDuration=1 for stack on page 13
2026-05-10 16:52:08,401 DEBUG [Build My Life-lead-G#1]           PageRhythm.java:331  | Finished processing StackRhythm for MeasureStack#13
2026-05-10 16:52:08,401 DEBUG [Build My Life-lead-G#1]           PageRhythm.java:329  | About to process StackRhythm for MeasureStack#14
2026-05-10 16:52:08,402 DEBUG [Build My Life-lead-G#1]          StackRhythm.java:221  | Setting expectedDuration=1 for stack on page 14
2026-05-10 16:52:08,403 DEBUG [Build My Life-lead-G#1]           PageRhythm.java:331  | Finished processing StackRhythm for MeasureStack#14
2026-05-10 16:52:08,403 DEBUG [Build My Life-lead-G#1]           PageRhythm.java:329  | About to process StackRhythm for MeasureStack#15
2026-05-10 16:52:08,403 DEBUG [Build My Life-lead-G#1]          StackRhythm.java:221  | Setting expectedDuration=1 for stack on page 15
2026-05-10 16:52:08,405 DEBUG [Build My Life-lead-G#1]           PageRhythm.java:331  | Finished processing StackRhythm for MeasureStack#15
2026-05-10 16:52:08,405 DEBUG [Build My Life-lead-G#1]           PageRhythm.java:329  | About to process StackRhythm for MeasureStack#16
2026-05-10 16:52:08,406 DEBUG [Build My Life-lead-G#1]          StackRhythm.java:221  | Setting expectedDuration=1 for stack on page 16
2026-05-10 16:52:08,407 DEBUG [Build My Life-lead-G#1]           PageRhythm.java:331  | Finished processing StackRhythm for MeasureStack#16
2026-05-10 16:52:08,407 DEBUG [Build My Life-lead-G#1]           PageRhythm.java:329  | About to process StackRhythm for MeasureStack#17
2026-05-10 16:52:08,407 DEBUG [Build My Life-lead-G#1]          StackRhythm.java:221  | Setting expectedDuration=1 for stack on page 17
2026-05-10 16:52:08,409 DEBUG [Build My Life-lead-G#1]           PageRhythm.java:331  | Finished processing StackRhythm for MeasureStack#17
2026-05-10 16:52:08,410 DEBUG [Build My Life-lead-G#1]           PageRhythm.java:329  | About to process StackRhythm for MeasureStack#18
2026-05-10 16:52:08,411 DEBUG [Build My Life-lead-G#1]          StackRhythm.java:221  | Setting expectedDuration=1 for stack on page 18
2026-05-10 16:52:08,411 DEBUG [Build My Life-lead-G#1]           PageRhythm.java:331  | Finished processing StackRhythm for MeasureStack#18
2026-05-10 16:52:08,412 DEBUG [Build My Life-lead-G#1]           PageRhythm.java:329  | About to process StackRhythm for MeasureStack#19
2026-05-10 16:52:08,412 DEBUG [Build My Life-lead-G#1]          StackRhythm.java:221  | Setting expectedDuration=1 for stack on page 19
2026-05-10 16:52:08,413 DEBUG [Build My Life-lead-G#1]           PageRhythm.java:331  | Finished processing StackRhythm for MeasureStack#19
2026-05-10 16:52:08,415 DEBUG [Build My Life-lead-G#1]           PageRhythm.java:329  | About to process StackRhythm for MeasureStack#20
2026-05-10 16:52:08,415 DEBUG [Build My Life-lead-G#1]          StackRhythm.java:221  | Setting expectedDuration=1 for stack on page 20
2026-05-10 16:52:08,416 DEBUG [Build My Life-lead-G#1]           PageRhythm.java:331  | Finished processing StackRhythm for MeasureStack#20
2026-05-10 16:52:15,648 WARN [Build My Life-lead-G#2]          TextBuilder.java:412  | Skipping TextLine with null bounds: TextLine{ "" conf:NaN}
2026-05-10 16:52:15,649 WARN [Build My Life-lead-G#2]          TextBuilder.java:412  | Skipping TextLine with null bounds: TextLine{ "" conf:NaN}
2026-05-10 16:52:15,649 WARN [Build My Life-lead-G#2]          TextBuilder.java:412  | Skipping TextLine with null bounds: TextLine{ "" conf:NaN}
2026-05-10 16:52:15,650 WARN [Build My Life-lead-G#2]          TextBuilder.java:412  | Skipping TextLine with null bounds: TextLine{ "" conf:NaN}
2026-05-10 16:52:15,650 WARN [Build My Life-lead-G#2]          TextBuilder.java:412  | Skipping TextLine with null bounds: TextLine{ "" conf:NaN}
2026-05-10 16:52:15,650 WARN [Build My Life-lead-G#2]          TextBuilder.java:412  | Skipping TextLine with null bounds: TextLine{ "" conf:NaN}
2026-05-10 16:52:15,651 WARN [Build My Life-lead-G#2]          TextBuilder.java:412  | Skipping TextLine with null bounds: TextLine{ "" conf:NaN}
2026-05-10 16:52:15,652 WARN [Build My Life-lead-G#2]          TextBuilder.java:412  | Skipping TextLine with null bounds: TextLine{ "" conf:NaN}
2026-05-10 16:52:15,652 WARN [Build My Life-lead-G#2]          TextBuilder.java:412  | Skipping TextLine with null bounds: TextLine{ "" conf:NaN}
2026-05-10 16:52:15,652 WARN [Build My Life-lead-G#2]          TextBuilder.java:412  | Skipping TextLine with null bounds: TextLine{ "" conf:NaN}
2026-05-10 16:52:15,653 WARN [Build My Life-lead-G#2]          TextBuilder.java:412  | Skipping TextLine with null bounds: TextLine{ "" conf:NaN}
2026-05-10 16:52:15,653 WARN [Build My Life-lead-G#2]          TextBuilder.java:412  | Skipping TextLine with null bounds: TextLine{ "" conf:NaN}
2026-05-10 16:52:15,653 WARN [Build My Life-lead-G#2]          TextBuilder.java:412  | Skipping TextLine with null bounds: TextLine{ "" conf:NaN}
2026-05-10 16:52:15,653 WARN [Build My Life-lead-G#2]          TextBuilder.java:412  | Skipping TextLine with null bounds: TextLine{ "" conf:NaN}
2026-05-10 16:52:15,654 WARN [Build My Life-lead-G#2]          TextBuilder.java:412  | Skipping TextLine with null bounds: TextLine{ "" conf:NaN}
2026-05-10 16:52:15,654 WARN [Build My Life-lead-G#2]          TextBuilder.java:412  | Skipping TextLine with null bounds: TextLine{ "" conf:NaN}
2026-05-10 16:52:15,654 WARN [Build My Life-lead-G#2]          TextBuilder.java:412  | Skipping TextLine with null bounds: TextLine{ "" conf:NaN}
2026-05-10 16:52:15,655 WARN [Build My Life-lead-G#2]          TextBuilder.java:412  | Skipping TextLine with null bounds: TextLine{ "" conf:NaN}
2026-05-10 16:52:15,655 WARN [Build My Life-lead-G#2]          TextBuilder.java:412  | Skipping TextLine with null bounds: TextLine{ "" conf:NaN}
2026-05-10 16:52:15,655 WARN [Build My Life-lead-G#2]          TextBuilder.java:412  | Skipping TextLine with null bounds: TextLine{ "" conf:NaN}
2026-05-10 16:52:15,655 WARN [Build My Life-lead-G#2]          TextBuilder.java:412  | Skipping TextLine with null bounds: TextLine{ "" conf:NaN}
2026-05-10 16:52:15,655 WARN [Build My Life-lead-G#2]          TextBuilder.java:412  | Skipping TextLine with null bounds: TextLine{ "" conf:NaN}
2026-05-10 16:52:15,655 WARN [Build My Life-lead-G#2]          TextBuilder.java:412  | Skipping TextLine with null bounds: TextLine{ "" conf:NaN}
2026-05-10 16:52:15,655 WARN [Build My Life-lead-G#2]          TextBuilder.java:412  | Skipping TextLine with null bounds: TextLine{ "" conf:NaN}
2026-05-10 16:52:15,657 WARN [Build My Life-lead-G#2]          TextBuilder.java:412  | Skipping TextLine with null bounds: TextLine{ "" conf:NaN}
2026-05-10 16:52:15,657 WARN [Build My Life-lead-G#2]          TextBuilder.java:412  | Skipping TextLine with null bounds: TextLine{ "" conf:NaN}
2026-05-10 16:52:15,657 WARN [Build My Life-lead-G#2]          TextBuilder.java:412  | Skipping TextLine with null bounds: TextLine{ "" conf:NaN}
2026-05-10 16:52:15,658 WARN [Build My Life-lead-G#2]          TextBuilder.java:412  | Skipping TextLine with null bounds: TextLine{ "" conf:NaN}
2026-05-10 16:52:15,658 WARN [Build My Life-lead-G#2]          TextBuilder.java:412  | Skipping TextLine with null bounds: TextLine{ "" conf:NaN}
2026-05-10 16:52:15,658 WARN [Build My Life-lead-G#2]          TextBuilder.java:412  | Skipping TextLine with null bounds: TextLine{ "" conf:NaN}
2026-05-10 16:52:15,658 WARN [Build My Life-lead-G#2]          TextBuilder.java:412  | Skipping TextLine with null bounds: TextLine{ "" conf:NaN}
2026-05-10 16:52:15,659 WARN [Build My Life-lead-G#2]          TextBuilder.java:412  | Skipping TextLine with null bounds: TextLine{ "" conf:NaN}
2026-05-10 16:52:15,659 WARN [Build My Life-lead-G#2]          TextBuilder.java:412  | Skipping TextLine with null bounds: TextLine{ "" conf:NaN}
2026-05-10 16:52:15,660 WARN [Build My Life-lead-G#2]          TextBuilder.java:412  | Skipping TextLine with null bounds: TextLine{ "" conf:NaN}
2026-05-10 16:52:15,660 WARN [Build My Life-lead-G#2]          TextBuilder.java:412  | Skipping TextLine with null bounds: TextLine{ "" conf:NaN}
2026-05-10 16:52:15,661 WARN [Build My Life-lead-G#2]          TextBuilder.java:412  | Skipping TextLine with null bounds: TextLine{ "" conf:NaN}
2026-05-10 16:52:15,661 WARN [Build My Life-lead-G#2]          TextBuilder.java:412  | Skipping TextLine with null bounds: TextLine{ "" conf:NaN}
2026-05-10 16:52:15,661 WARN [Build My Life-lead-G#2]          TextBuilder.java:412  | Skipping TextLine with null bounds: TextLine{ "" conf:NaN}
2026-05-10 16:52:15,661 WARN [Build My Life-lead-G#2]          TextBuilder.java:412  | Skipping TextLine with null bounds: TextLine{ "" conf:NaN}
2026-05-10 16:52:15,661 WARN [Build My Life-lead-G#2]          TextBuilder.java:412  | Skipping TextLine with null bounds: TextLine{ "" conf:NaN}
2026-05-10 16:52:15,662 WARN [Build My Life-lead-G#2]          TextBuilder.java:412  | Skipping TextLine with null bounds: TextLine{ "" conf:NaN}
2026-05-10 16:52:15,662 WARN [Build My Life-lead-G#2]          TextBuilder.java:412  | Skipping TextLine with null bounds: TextLine{ "" conf:NaN}
2026-05-10 16:52:15,662 WARN [Build My Life-lead-G#2]          TextBuilder.java:412  | Skipping TextLine with null bounds: TextLine{ "" conf:NaN}
2026-05-10 16:52:15,663 WARN [Build My Life-lead-G#2]          TextBuilder.java:412  | Skipping TextLine with null bounds: TextLine{ "" conf:NaN}
2026-05-10 16:52:15,663 WARN [Build My Life-lead-G#2]          TextBuilder.java:412  | Skipping TextLine with null bounds: TextLine{ "" conf:NaN}
2026-05-10 16:52:15,663 WARN [Build My Life-lead-G#2]          TextBuilder.java:412  | Skipping TextLine with null bounds: TextLine{ "" conf:NaN}
2026-05-10 16:52:15,664 WARN [Build My Life-lead-G#2]          TextBuilder.java:412  | Skipping TextLine with null bounds: TextLine{ "" conf:NaN}
2026-05-10 16:52:15,664 WARN [Build My Life-lead-G#2]          TextBuilder.java:412  | Skipping TextLine with null bounds: TextLine{ "" conf:NaN}
2026-05-10 16:52:15,664 WARN [Build My Life-lead-G#2]          TextBuilder.java:412  | Skipping TextLine with null bounds: TextLine{ "" conf:NaN}
2026-05-10 16:52:15,665 WARN [Build My Life-lead-G#2]          TextBuilder.java:412  | Skipping TextLine with null bounds: TextLine{ "" conf:NaN}
2026-05-10 16:52:15,665 WARN [Build My Life-lead-G#2]          TextBuilder.java:412  | Skipping TextLine with null bounds: TextLine{ "" conf:NaN}
2026-05-10 16:52:15,666 WARN [Build My Life-lead-G#2]          TextBuilder.java:412  | Skipping TextLine with null bounds: TextLine{ "" conf:NaN}
2026-05-10 16:52:15,666 WARN [Build My Life-lead-G#2]          TextBuilder.java:412  | Skipping TextLine with null bounds: TextLine{ "" conf:NaN}
2026-05-10 16:52:15,666 WARN [Build My Life-lead-G#2]          TextBuilder.java:412  | Skipping TextLine with null bounds: TextLine{ "" conf:NaN}
2026-05-10 16:52:15,666 WARN [Build My Life-lead-G#2]          TextBuilder.java:412  | Skipping TextLine with null bounds: TextLine{ "" conf:NaN}
2026-05-10 16:52:15,666 WARN [Build My Life-lead-G#2]          TextBuilder.java:412  | Skipping TextLine with null bounds: TextLine{ "" conf:NaN}
2026-05-10 16:52:15,666 WARN [Build My Life-lead-G#2]          TextBuilder.java:412  | Skipping TextLine with null bounds: TextLine{ "" conf:NaN}
2026-05-10 16:52:15,667 WARN [Build My Life-lead-G#2]          TextBuilder.java:412  | Skipping TextLine with null bounds: TextLine{ "" conf:NaN}
2026-05-10 16:52:15,667 WARN [Build My Life-lead-G#2]          TextBuilder.java:412  | Skipping TextLine with null bounds: TextLine{ "" conf:NaN}
2026-05-10 16:52:15,667 WARN [Build My Life-lead-G#2]          TextBuilder.java:412  | Skipping TextLine with null bounds: TextLine{ "" conf:NaN}
2026-05-10 16:52:15,667 WARN [Build My Life-lead-G#2]          TextBuilder.java:412  | Skipping TextLine with null bounds: TextLine{ "" conf:NaN}
2026-05-10 16:52:15,667 WARN [Build My Life-lead-G#2]          TextBuilder.java:412  | Skipping TextLine with null bounds: TextLine{ "" conf:NaN}
2026-05-10 16:52:15,667 WARN [Build My Life-lead-G#2]          TextBuilder.java:412  | Skipping TextLine with null bounds: TextLine{ "" conf:NaN}
2026-05-10 16:52:15,667 WARN [Build My Life-lead-G#2]          TextBuilder.java:412  | Skipping TextLine with null bounds: TextLine{ "" conf:NaN}
2026-05-10 16:52:15,669 WARN [Build My Life-lead-G#2]          TextBuilder.java:412  | Skipping TextLine with null bounds: TextLine{ "" conf:NaN}
2026-05-10 16:52:15,669 WARN [Build My Life-lead-G#2]          TextBuilder.java:412  | Skipping TextLine with null bounds: TextLine{ "" conf:NaN}
2026-05-10 16:52:15,669 WARN [Build My Life-lead-G#2]          TextBuilder.java:412  | Skipping TextLine with null bounds: TextLine{ "" conf:NaN}
2026-05-10 16:52:15,669 WARN [Build My Life-lead-G#2]          TextBuilder.java:412  | Skipping TextLine with null bounds: TextLine{ "" conf:NaN}
2026-05-10 16:52:15,669 WARN [Build My Life-lead-G#2]          TextBuilder.java:412  | Skipping TextLine with null bounds: TextLine{ "" conf:NaN}
2026-05-10 16:52:15,670 WARN [Build My Life-lead-G#2]          TextBuilder.java:412  | Skipping TextLine with null bounds: TextLine{ "" conf:NaN}
2026-05-10 16:52:15,670 WARN [Build My Life-lead-G#2]          TextBuilder.java:412  | Skipping TextLine with null bounds: TextLine{ "" conf:NaN}
2026-05-10 16:52:15,671 WARN [Build My Life-lead-G#2]          TextBuilder.java:412  | Skipping TextLine with null bounds: TextLine{ "" conf:NaN}
2026-05-10 16:52:15,671 WARN [Build My Life-lead-G#2]          TextBuilder.java:412  | Skipping TextLine with null bounds: TextLine{ "" conf:NaN}
2026-05-10 16:52:15,671 WARN [Build My Life-lead-G#2]          TextBuilder.java:412  | Skipping TextLine with null bounds: TextLine{ "" conf:NaN}
2026-05-10 16:52:15,671 WARN [Build My Life-lead-G#2]          TextBuilder.java:412  | Skipping TextLine with null bounds: TextLine{ "" conf:NaN}
2026-05-10 16:52:15,671 WARN [Build My Life-lead-G#2]          TextBuilder.java:412  | Skipping TextLine with null bounds: TextLine{ "" conf:NaN}
2026-05-10 16:52:15,671 WARN [Build My Life-lead-G#2]          TextBuilder.java:412  | Skipping TextLine with null bounds: TextLine{ "" conf:NaN}
2026-05-10 16:52:15,671 WARN [Build My Life-lead-G#2]          TextBuilder.java:412  | Skipping TextLine with null bounds: TextLine{ "" conf:NaN}
2026-05-10 16:52:15,671 WARN [Build My Life-lead-G#2]          TextBuilder.java:412  | Skipping TextLine with null bounds: TextLine{ "" conf:NaN}
2026-05-10 16:52:15,672 WARN [Build My Life-lead-G#2]          TextBuilder.java:412  | Skipping TextLine with null bounds: TextLine{ "" conf:NaN}
2026-05-10 16:52:15,672 WARN [Build My Life-lead-G#2]          TextBuilder.java:412  | Skipping TextLine with null bounds: TextLine{ "" conf:NaN}
2026-05-10 16:52:15,672 WARN [Build My Life-lead-G#2]          TextBuilder.java:412  | Skipping TextLine with null bounds: TextLine{ "" conf:NaN}
2026-05-10 16:52:15,672 WARN [Build My Life-lead-G#2]          TextBuilder.java:412  | Skipping TextLine with null bounds: TextLine{ "" conf:NaN}
2026-05-10 16:52:15,673 WARN [Build My Life-lead-G#2]          TextBuilder.java:412  | Skipping TextLine with null bounds: TextLine{ "" conf:NaN}
2026-05-10 16:52:15,673 WARN [Build My Life-lead-G#2]          TextBuilder.java:412  | Skipping TextLine with null bounds: TextLine{ "" conf:NaN}
2026-05-10 16:52:15,673 WARN [Build My Life-lead-G#2]          TextBuilder.java:412  | Skipping TextLine with null bounds: TextLine{ "" conf:NaN}
2026-05-10 16:52:15,673 WARN [Build My Life-lead-G#2]          TextBuilder.java:412  | Skipping TextLine with null bounds: TextLine{ "" conf:NaN}
2026-05-10 16:52:15,674 WARN [Build My Life-lead-G#2]          TextBuilder.java:412  | Skipping TextLine with null bounds: TextLine{ "" conf:NaN}
2026-05-10 16:52:15,674 WARN [Build My Life-lead-G#2]          TextBuilder.java:412  | Skipping TextLine with null bounds: TextLine{ "" conf:NaN}
2026-05-10 16:52:15,674 WARN [Build My Life-lead-G#2]          TextBuilder.java:412  | Skipping TextLine with null bounds: TextLine{ "" conf:NaN}
2026-05-10 16:52:15,674 WARN [Build My Life-lead-G#2]          TextBuilder.java:412  | Skipping TextLine with null bounds: TextLine{ "" conf:NaN}
2026-05-10 16:52:15,674 WARN [Build My Life-lead-G#2]          TextBuilder.java:412  | Skipping TextLine with null bounds: TextLine{ "" conf:NaN}
2026-05-10 16:52:17,843 INFO [Build My Life-lead-G#2]           PageRhythm.java:176  | {Page#2.1} Starting PageRhythm time signature check
2026-05-10 16:52:17,843 INFO [Build My Life-lead-G#2]           PageRhythm.java:178  | {Page#2.1} Initial range state: Range{SN1-} → ts: null
2026-05-10 16:52:17,843 INFO [Build My Life-lead-G#2]           PageRhythm.java:184  | {Page#2.1} Checking range: Range{SN1-}, ts: null
2026-05-10 16:52:17,845 INFO [Build My Life-lead-G#2]           PageRhythm.java:207  | {Page#2.1} Time value reused from sheet#1
2026-05-10 16:52:17,845 INFO [Build My Life-lead-G#2]           PageRhythm.java:277  | Last range: Range{SN1-16 tRat:4/4 dur:1}
2026-05-10 16:52:17,845 INFO [Build My Life-lead-G#2]           PageRhythm.java:278  | lastRange.timeRational = 4/4
2026-05-10 16:52:17,845 INFO [Build My Life-lead-G#2]           PageRhythm.java:279  | lastRange.ts = null
2026-05-10 16:52:17,845 DEBUG [Build My Life-lead-G#2]           PageRhythm.java:121  | MeasureStack#1 frats: 2 [3878, 3879]
2026-05-10 16:52:17,846 DEBUG [Build My Life-lead-G#2]           PageRhythm.java:121  | MeasureStack#2 frats: 0 []
2026-05-10 16:52:17,846 DEBUG [Build My Life-lead-G#2]           PageRhythm.java:121  | MeasureStack#3 frats: 0 []
2026-05-10 16:52:17,847 DEBUG [Build My Life-lead-G#2]           PageRhythm.java:121  | MeasureStack#4 frats: 1 [3877]
2026-05-10 16:52:17,847 DEBUG [Build My Life-lead-G#2]           PageRhythm.java:121  | MeasureStack#5 frats: 0 []
2026-05-10 16:52:17,847 DEBUG [Build My Life-lead-G#2]           PageRhythm.java:121  | MeasureStack#6 frats: 0 []
2026-05-10 16:52:17,847 DEBUG [Build My Life-lead-G#2]           PageRhythm.java:121  | MeasureStack#7 frats: 0 []
2026-05-10 16:52:17,848 DEBUG [Build My Life-lead-G#2]           PageRhythm.java:121  | MeasureStack#8 frats: 1 [4223]
2026-05-10 16:52:17,848 DEBUG [Build My Life-lead-G#2]           PageRhythm.java:121  | MeasureStack#9 frats: 0 []
2026-05-10 16:52:17,849 DEBUG [Build My Life-lead-G#2]           PageRhythm.java:121  | MeasureStack#10 frats: 0 []
2026-05-10 16:52:17,849 DEBUG [Build My Life-lead-G#2]           PageRhythm.java:121  | MeasureStack#11 frats: 0 []
2026-05-10 16:52:17,849 DEBUG [Build My Life-lead-G#2]           PageRhythm.java:121  | MeasureStack#12 frats: 1 [4451]
2026-05-10 16:52:17,850 DEBUG [Build My Life-lead-G#2]           PageRhythm.java:121  | MeasureStack#13 frats: 1 [4384]
2026-05-10 16:52:17,850 DEBUG [Build My Life-lead-G#2]           PageRhythm.java:121  | MeasureStack#14 frats: 0 []
2026-05-10 16:52:17,850 DEBUG [Build My Life-lead-G#2]           PageRhythm.java:121  | MeasureStack#15 frats: 1 [4434]
2026-05-10 16:52:17,850 DEBUG [Build My Life-lead-G#2]           PageRhythm.java:121  | MeasureStack#16 frats: 1 [4457]
2026-05-10 16:52:17,851 DEBUG [Build My Life-lead-G#2]           PageRhythm.java:325  | Starting Range{SN1-16 tRat:4/4 dur:1}
2026-05-10 16:52:17,851 DEBUG [Build My Life-lead-G#2]           PageRhythm.java:329  | About to process StackRhythm for MeasureStack#1
2026-05-10 16:52:17,851 DEBUG [Build My Life-lead-G#2]          StackRhythm.java:221  | Setting expectedDuration=1 for stack on page 1
2026-05-10 16:52:17,852 DEBUG [Build My Life-lead-G#2]           PageRhythm.java:331  | Finished processing StackRhythm for MeasureStack#1
2026-05-10 16:52:17,853 DEBUG [Build My Life-lead-G#2]           PageRhythm.java:329  | About to process StackRhythm for MeasureStack#2
2026-05-10 16:52:17,853 DEBUG [Build My Life-lead-G#2]          StackRhythm.java:221  | Setting expectedDuration=1 for stack on page 2
2026-05-10 16:52:17,854 DEBUG [Build My Life-lead-G#2]           PageRhythm.java:331  | Finished processing StackRhythm for MeasureStack#2
2026-05-10 16:52:17,854 DEBUG [Build My Life-lead-G#2]           PageRhythm.java:329  | About to process StackRhythm for MeasureStack#3
2026-05-10 16:52:17,855 DEBUG [Build My Life-lead-G#2]          StackRhythm.java:221  | Setting expectedDuration=1 for stack on page 3
2026-05-10 16:52:17,857 DEBUG [Build My Life-lead-G#2]           PageRhythm.java:331  | Finished processing StackRhythm for MeasureStack#3
2026-05-10 16:52:17,857 DEBUG [Build My Life-lead-G#2]           PageRhythm.java:329  | About to process StackRhythm for MeasureStack#4
2026-05-10 16:52:17,857 DEBUG [Build My Life-lead-G#2]          StackRhythm.java:221  | Setting expectedDuration=1 for stack on page 4
2026-05-10 16:52:17,858 INFO [Build My Life-lead-G#2]          StackRhythm.java:226  | S1 MeasureStack#4 no correct rhythm
2026-05-10 16:52:17,858 DEBUG [Build My Life-lead-G#2]           PageRhythm.java:331  | Finished processing StackRhythm for MeasureStack#4
2026-05-10 16:52:17,858 DEBUG [Build My Life-lead-G#2]           PageRhythm.java:329  | About to process StackRhythm for MeasureStack#5
2026-05-10 16:52:17,858 DEBUG [Build My Life-lead-G#2]          StackRhythm.java:221  | Setting expectedDuration=1 for stack on page 5
2026-05-10 16:52:17,859 DEBUG [Build My Life-lead-G#2]           PageRhythm.java:331  | Finished processing StackRhythm for MeasureStack#5
2026-05-10 16:52:17,859 DEBUG [Build My Life-lead-G#2]           PageRhythm.java:329  | About to process StackRhythm for MeasureStack#6
2026-05-10 16:52:17,859 DEBUG [Build My Life-lead-G#2]          StackRhythm.java:221  | Setting expectedDuration=1 for stack on page 6
2026-05-10 16:52:17,859 DEBUG [Build My Life-lead-G#2]           PageRhythm.java:331  | Finished processing StackRhythm for MeasureStack#6
2026-05-10 16:52:17,861 DEBUG [Build My Life-lead-G#2]           PageRhythm.java:329  | About to process StackRhythm for MeasureStack#7
2026-05-10 16:52:17,861 DEBUG [Build My Life-lead-G#2]          StackRhythm.java:221  | Setting expectedDuration=1 for stack on page 7
2026-05-10 16:52:17,862 DEBUG [Build My Life-lead-G#2]           PageRhythm.java:331  | Finished processing StackRhythm for MeasureStack#7
2026-05-10 16:52:17,863 DEBUG [Build My Life-lead-G#2]           PageRhythm.java:329  | About to process StackRhythm for MeasureStack#8
2026-05-10 16:52:17,863 DEBUG [Build My Life-lead-G#2]          StackRhythm.java:221  | Setting expectedDuration=1 for stack on page 8
2026-05-10 16:52:17,863 INFO [Build My Life-lead-G#2]          StackRhythm.java:226  | S2 MeasureStack#8 no correct rhythm
2026-05-10 16:52:17,864 DEBUG [Build My Life-lead-G#2]           PageRhythm.java:331  | Finished processing StackRhythm for MeasureStack#8
2026-05-10 16:52:17,864 DEBUG [Build My Life-lead-G#2]           PageRhythm.java:329  | About to process StackRhythm for MeasureStack#9
2026-05-10 16:52:17,864 DEBUG [Build My Life-lead-G#2]          StackRhythm.java:221  | Setting expectedDuration=1 for stack on page 9
2026-05-10 16:52:17,865 DEBUG [Build My Life-lead-G#2]           PageRhythm.java:331  | Finished processing StackRhythm for MeasureStack#9
2026-05-10 16:52:17,865 DEBUG [Build My Life-lead-G#2]           PageRhythm.java:329  | About to process StackRhythm for MeasureStack#10
2026-05-10 16:52:17,865 DEBUG [Build My Life-lead-G#2]          StackRhythm.java:221  | Setting expectedDuration=1 for stack on page 10
2026-05-10 16:52:17,866 DEBUG [Build My Life-lead-G#2]           PageRhythm.java:331  | Finished processing StackRhythm for MeasureStack#10
2026-05-10 16:52:17,866 DEBUG [Build My Life-lead-G#2]           PageRhythm.java:329  | About to process StackRhythm for MeasureStack#11
2026-05-10 16:52:17,866 DEBUG [Build My Life-lead-G#2]          StackRhythm.java:221  | Setting expectedDuration=1 for stack on page 11
2026-05-10 16:52:17,868 DEBUG [Build My Life-lead-G#2]           PageRhythm.java:331  | Finished processing StackRhythm for MeasureStack#11
2026-05-10 16:52:17,868 DEBUG [Build My Life-lead-G#2]           PageRhythm.java:329  | About to process StackRhythm for MeasureStack#12
2026-05-10 16:52:17,868 DEBUG [Build My Life-lead-G#2]          StackRhythm.java:221  | Setting expectedDuration=1 for stack on page 12
2026-05-10 16:52:17,869 INFO [Build My Life-lead-G#2]          StackRhythm.java:226  | S3 MeasureStack#12 no correct rhythm
2026-05-10 16:52:17,870 DEBUG [Build My Life-lead-G#2]           PageRhythm.java:331  | Finished processing StackRhythm for MeasureStack#12
2026-05-10 16:52:17,870 DEBUG [Build My Life-lead-G#2]           PageRhythm.java:329  | About to process StackRhythm for MeasureStack#13
2026-05-10 16:52:17,870 DEBUG [Build My Life-lead-G#2]          StackRhythm.java:221  | Setting expectedDuration=1 for stack on page 13
2026-05-10 16:52:17,872 DEBUG [Build My Life-lead-G#2]           PageRhythm.java:331  | Finished processing StackRhythm for MeasureStack#13
2026-05-10 16:52:17,873 DEBUG [Build My Life-lead-G#2]           PageRhythm.java:329  | About to process StackRhythm for MeasureStack#14
2026-05-10 16:52:17,873 DEBUG [Build My Life-lead-G#2]          StackRhythm.java:221  | Setting expectedDuration=1 for stack on page 14
2026-05-10 16:52:17,874 DEBUG [Build My Life-lead-G#2]           PageRhythm.java:331  | Finished processing StackRhythm for MeasureStack#14
2026-05-10 16:52:17,874 DEBUG [Build My Life-lead-G#2]           PageRhythm.java:329  | About to process StackRhythm for MeasureStack#15
2026-05-10 16:52:17,875 DEBUG [Build My Life-lead-G#2]          StackRhythm.java:221  | Setting expectedDuration=1 for stack on page 15
2026-05-10 16:52:17,875 DEBUG [Build My Life-lead-G#2]           PageRhythm.java:331  | Finished processing StackRhythm for MeasureStack#15
2026-05-10 16:52:17,875 DEBUG [Build My Life-lead-G#2]           PageRhythm.java:329  | About to process StackRhythm for MeasureStack#16
2026-05-10 16:52:17,875 DEBUG [Build My Life-lead-G#2]          StackRhythm.java:221  | Setting expectedDuration=1 for stack on page 16
2026-05-10 16:52:17,877 DEBUG [Build My Life-lead-G#2]           PageRhythm.java:331  | Finished processing StackRhythm for MeasureStack#16
