2026-05-10 17:42:54,834 WARN [In Christ Alone-lead-Eb#1]          TextBuilder.java:412  | Skipping TextLine with null bounds: TextLine{ "" conf:NaN}
2026-05-10 17:42:54,837 WARN [In Christ Alone-lead-Eb#1]          TextBuilder.java:412  | Skipping TextLine with null bounds: TextLine{ "" conf:NaN}
2026-05-10 17:42:54,838 WARN [In Christ Alone-lead-Eb#1]          TextBuilder.java:412  | Skipping TextLine with null bounds: TextLine{ "" conf:NaN}
2026-05-10 17:42:54,839 WARN [In Christ Alone-lead-Eb#1]          TextBuilder.java:412  | Skipping TextLine with null bounds: TextLine{ "" conf:NaN}
2026-05-10 17:42:54,842 WARN [In Christ Alone-lead-Eb#1]          TextBuilder.java:412  | Skipping TextLine with null bounds: TextLine{ "" conf:NaN}
2026-05-10 17:42:54,842 WARN [In Christ Alone-lead-Eb#1]          TextBuilder.java:412  | Skipping TextLine with null bounds: TextLine{ "" conf:NaN}
2026-05-10 17:42:54,843 WARN [In Christ Alone-lead-Eb#1]          TextBuilder.java:412  | Skipping TextLine with null bounds: TextLine{ "" conf:NaN}
2026-05-10 17:42:54,845 WARN [In Christ Alone-lead-Eb#1]          TextBuilder.java:412  | Skipping TextLine with null bounds: TextLine{ "" conf:NaN}
2026-05-10 17:42:54,845 WARN [In Christ Alone-lead-Eb#1]          TextBuilder.java:412  | Skipping TextLine with null bounds: TextLine{ "" conf:NaN}
2026-05-10 17:42:54,846 WARN [In Christ Alone-lead-Eb#1]          TextBuilder.java:412  | Skipping TextLine with null bounds: TextLine{ "" conf:NaN}
2026-05-10 17:42:54,846 WARN [In Christ Alone-lead-Eb#1]          TextBuilder.java:412  | Skipping TextLine with null bounds: TextLine{ "" conf:NaN}
2026-05-10 17:42:54,847 WARN [In Christ Alone-lead-Eb#1]          TextBuilder.java:412  | Skipping TextLine with null bounds: TextLine{ "" conf:NaN}
2026-05-10 17:42:54,848 WARN [In Christ Alone-lead-Eb#1]          TextBuilder.java:412  | Skipping TextLine with null bounds: TextLine{ "" conf:NaN}
2026-05-10 17:42:54,848 WARN [In Christ Alone-lead-Eb#1]          TextBuilder.java:412  | Skipping TextLine with null bounds: TextLine{ "" conf:NaN}
2026-05-10 17:42:54,848 WARN [In Christ Alone-lead-Eb#1]          TextBuilder.java:412  | Skipping TextLine with null bounds: TextLine{ "" conf:NaN}
2026-05-10 17:42:54,849 WARN [In Christ Alone-lead-Eb#1]          TextBuilder.java:412  | Skipping TextLine with null bounds: TextLine{ "" conf:NaN}
2026-05-10 17:42:54,849 WARN [In Christ Alone-lead-Eb#1]          TextBuilder.java:412  | Skipping TextLine with null bounds: TextLine{ "" conf:NaN}
2026-05-10 17:42:54,849 WARN [In Christ Alone-lead-Eb#1]          TextBuilder.java:412  | Skipping TextLine with null bounds: TextLine{ "" conf:NaN}
2026-05-10 17:42:54,850 WARN [In Christ Alone-lead-Eb#1]          TextBuilder.java:412  | Skipping TextLine with null bounds: TextLine{ "" conf:NaN}
2026-05-10 17:42:54,850 WARN [In Christ Alone-lead-Eb#1]          TextBuilder.java:412  | Skipping TextLine with null bounds: TextLine{ "" conf:NaN}
2026-05-10 17:42:54,850 WARN [In Christ Alone-lead-Eb#1]          TextBuilder.java:412  | Skipping TextLine with null bounds: TextLine{ "" conf:NaN}
2026-05-10 17:42:54,850 WARN [In Christ Alone-lead-Eb#1]          TextBuilder.java:412  | Skipping TextLine with null bounds: TextLine{ "" conf:NaN}
2026-05-10 17:42:54,851 WARN [In Christ Alone-lead-Eb#1]          TextBuilder.java:412  | Skipping TextLine with null bounds: TextLine{ "" conf:NaN}
2026-05-10 17:42:54,851 WARN [In Christ Alone-lead-Eb#1]          TextBuilder.java:412  | Skipping TextLine with null bounds: TextLine{ "" conf:NaN}
2026-05-10 17:42:54,851 WARN [In Christ Alone-lead-Eb#1]          TextBuilder.java:412  | Skipping TextLine with null bounds: TextLine{ "" conf:NaN}
2026-05-10 17:42:54,851 WARN [In Christ Alone-lead-Eb#1]          TextBuilder.java:412  | Skipping TextLine with null bounds: TextLine{ "" conf:NaN}
2026-05-10 17:42:54,851 WARN [In Christ Alone-lead-Eb#1]          TextBuilder.java:412  | Skipping TextLine with null bounds: TextLine{ "" conf:NaN}
2026-05-10 17:42:54,852 WARN [In Christ Alone-lead-Eb#1]          TextBuilder.java:412  | Skipping TextLine with null bounds: TextLine{ "" conf:NaN}
2026-05-10 17:42:54,853 WARN [In Christ Alone-lead-Eb#1]          TextBuilder.java:412  | Skipping TextLine with null bounds: TextLine{ "" conf:NaN}
2026-05-10 17:42:54,853 WARN [In Christ Alone-lead-Eb#1]          TextBuilder.java:412  | Skipping TextLine with null bounds: TextLine{ "" conf:NaN}
2026-05-10 17:42:54,853 WARN [In Christ Alone-lead-Eb#1]          TextBuilder.java:412  | Skipping TextLine with null bounds: TextLine{ "" conf:NaN}
2026-05-10 17:42:54,854 WARN [In Christ Alone-lead-Eb#1]          TextBuilder.java:412  | Skipping TextLine with null bounds: TextLine{ "" conf:NaN}
2026-05-10 17:42:54,854 WARN [In Christ Alone-lead-Eb#1]          TextBuilder.java:412  | Skipping TextLine with null bounds: TextLine{ "" conf:NaN}
2026-05-10 17:42:54,854 WARN [In Christ Alone-lead-Eb#1]          TextBuilder.java:412  | Skipping TextLine with null bounds: TextLine{ "" conf:NaN}
2026-05-10 17:42:54,854 WARN [In Christ Alone-lead-Eb#1]          TextBuilder.java:412  | Skipping TextLine with null bounds: TextLine{ "" conf:NaN}
2026-05-10 17:42:54,854 WARN [In Christ Alone-lead-Eb#1]          TextBuilder.java:412  | Skipping TextLine with null bounds: TextLine{ "" conf:NaN}
2026-05-10 17:42:54,854 WARN [In Christ Alone-lead-Eb#1]          TextBuilder.java:412  | Skipping TextLine with null bounds: TextLine{ "" conf:NaN}
2026-05-10 17:42:54,855 WARN [In Christ Alone-lead-Eb#1]          TextBuilder.java:412  | Skipping TextLine with null bounds: TextLine{ "" conf:NaN}
2026-05-10 17:42:54,855 WARN [In Christ Alone-lead-Eb#1]          TextBuilder.java:412  | Skipping TextLine with null bounds: TextLine{ "" conf:NaN}
2026-05-10 17:42:54,855 WARN [In Christ Alone-lead-Eb#1]          TextBuilder.java:412  | Skipping TextLine with null bounds: TextLine{ "" conf:NaN}
2026-05-10 17:42:54,855 WARN [In Christ Alone-lead-Eb#1]          TextBuilder.java:412  | Skipping TextLine with null bounds: TextLine{ "" conf:NaN}
2026-05-10 17:42:54,856 WARN [In Christ Alone-lead-Eb#1]          TextBuilder.java:412  | Skipping TextLine with null bounds: TextLine{ "" conf:NaN}
2026-05-10 17:42:54,856 WARN [In Christ Alone-lead-Eb#1]          TextBuilder.java:412  | Skipping TextLine with null bounds: TextLine{ "" conf:NaN}
2026-05-10 17:42:54,856 WARN [In Christ Alone-lead-Eb#1]          TextBuilder.java:412  | Skipping TextLine with null bounds: TextLine{ "" conf:NaN}
2026-05-10 17:42:54,856 WARN [In Christ Alone-lead-Eb#1]          TextBuilder.java:412  | Skipping TextLine with null bounds: TextLine{ "" conf:NaN}
2026-05-10 17:42:54,859 WARN [In Christ Alone-lead-Eb#1]          TextBuilder.java:412  | Skipping TextLine with null bounds: TextLine{ "" conf:NaN}
2026-05-10 17:42:54,860 WARN [In Christ Alone-lead-Eb#1]          TextBuilder.java:412  | Skipping TextLine with null bounds: TextLine{ "" conf:NaN}
2026-05-10 17:42:54,860 WARN [In Christ Alone-lead-Eb#1]          TextBuilder.java:412  | Skipping TextLine with null bounds: TextLine{ "" conf:NaN}
2026-05-10 17:42:54,860 WARN [In Christ Alone-lead-Eb#1]          TextBuilder.java:412  | Skipping TextLine with null bounds: TextLine{ "" conf:NaN}
2026-05-10 17:42:54,861 WARN [In Christ Alone-lead-Eb#1]          TextBuilder.java:412  | Skipping TextLine with null bounds: TextLine{ "" conf:NaN}
2026-05-10 17:42:54,861 WARN [In Christ Alone-lead-Eb#1]          TextBuilder.java:412  | Skipping TextLine with null bounds: TextLine{ "" conf:NaN}
2026-05-10 17:42:54,862 WARN [In Christ Alone-lead-Eb#1]          TextBuilder.java:412  | Skipping TextLine with null bounds: TextLine{ "" conf:NaN}
2026-05-10 17:42:54,862 WARN [In Christ Alone-lead-Eb#1]          TextBuilder.java:412  | Skipping TextLine with null bounds: TextLine{ "" conf:NaN}
2026-05-10 17:42:54,862 WARN [In Christ Alone-lead-Eb#1]          TextBuilder.java:412  | Skipping TextLine with null bounds: TextLine{ "" conf:NaN}
2026-05-10 17:42:54,862 WARN [In Christ Alone-lead-Eb#1]          TextBuilder.java:412  | Skipping TextLine with null bounds: TextLine{ "" conf:NaN}
2026-05-10 17:42:54,862 WARN [In Christ Alone-lead-Eb#1]          TextBuilder.java:412  | Skipping TextLine with null bounds: TextLine{ "" conf:NaN}
2026-05-10 17:42:54,863 WARN [In Christ Alone-lead-Eb#1]          TextBuilder.java:412  | Skipping TextLine with null bounds: TextLine{ "" conf:NaN}
2026-05-10 17:42:54,863 WARN [In Christ Alone-lead-Eb#1]          TextBuilder.java:412  | Skipping TextLine with null bounds: TextLine{ "" conf:NaN}
2026-05-10 17:42:54,864 WARN [In Christ Alone-lead-Eb#1]          TextBuilder.java:412  | Skipping TextLine with null bounds: TextLine{ "" conf:NaN}
2026-05-10 17:42:54,865 WARN [In Christ Alone-lead-Eb#1]          TextBuilder.java:412  | Skipping TextLine with null bounds: TextLine{ "" conf:NaN}
2026-05-10 17:42:54,865 WARN [In Christ Alone-lead-Eb#1]          TextBuilder.java:412  | Skipping TextLine with null bounds: TextLine{ "" conf:NaN}
2026-05-10 17:42:54,865 WARN [In Christ Alone-lead-Eb#1]          TextBuilder.java:412  | Skipping TextLine with null bounds: TextLine{ "" conf:NaN}
2026-05-10 17:42:54,865 WARN [In Christ Alone-lead-Eb#1]          TextBuilder.java:412  | Skipping TextLine with null bounds: TextLine{ "" conf:NaN}
2026-05-10 17:42:54,865 WARN [In Christ Alone-lead-Eb#1]          TextBuilder.java:412  | Skipping TextLine with null bounds: TextLine{ "" conf:NaN}
2026-05-10 17:42:54,866 WARN [In Christ Alone-lead-Eb#1]          TextBuilder.java:412  | Skipping TextLine with null bounds: TextLine{ "" conf:NaN}
2026-05-10 17:42:54,866 WARN [In Christ Alone-lead-Eb#1]          TextBuilder.java:412  | Skipping TextLine with null bounds: TextLine{ "" conf:NaN}
2026-05-10 17:42:54,866 WARN [In Christ Alone-lead-Eb#1]          TextBuilder.java:412  | Skipping TextLine with null bounds: TextLine{ "" conf:NaN}
2026-05-10 17:42:54,866 WARN [In Christ Alone-lead-Eb#1]          TextBuilder.java:412  | Skipping TextLine with null bounds: TextLine{ "" conf:NaN}
2026-05-10 17:42:54,867 WARN [In Christ Alone-lead-Eb#1]          TextBuilder.java:412  | Skipping TextLine with null bounds: TextLine{ "" conf:NaN}
2026-05-10 17:42:54,867 WARN [In Christ Alone-lead-Eb#1]          TextBuilder.java:412  | Skipping TextLine with null bounds: TextLine{ "" conf:NaN}
2026-05-10 17:42:54,867 WARN [In Christ Alone-lead-Eb#1]          TextBuilder.java:412  | Skipping TextLine with null bounds: TextLine{ "" conf:NaN}
2026-05-10 17:42:54,867 WARN [In Christ Alone-lead-Eb#1]          TextBuilder.java:412  | Skipping TextLine with null bounds: TextLine{ "" conf:NaN}
2026-05-10 17:42:54,869 WARN [In Christ Alone-lead-Eb#1]          TextBuilder.java:412  | Skipping TextLine with null bounds: TextLine{ "" conf:NaN}
2026-05-10 17:42:54,869 WARN [In Christ Alone-lead-Eb#1]          TextBuilder.java:412  | Skipping TextLine with null bounds: TextLine{ "" conf:NaN}
2026-05-10 17:42:54,869 WARN [In Christ Alone-lead-Eb#1]          TextBuilder.java:412  | Skipping TextLine with null bounds: TextLine{ "" conf:NaN}
2026-05-10 17:42:54,869 WARN [In Christ Alone-lead-Eb#1]          TextBuilder.java:412  | Skipping TextLine with null bounds: TextLine{ "" conf:NaN}
2026-05-10 17:42:54,869 WARN [In Christ Alone-lead-Eb#1]          TextBuilder.java:412  | Skipping TextLine with null bounds: TextLine{ "" conf:NaN}
2026-05-10 17:42:54,869 WARN [In Christ Alone-lead-Eb#1]          TextBuilder.java:412  | Skipping TextLine with null bounds: TextLine{ "" conf:NaN}
2026-05-10 17:42:54,870 WARN [In Christ Alone-lead-Eb#1]          TextBuilder.java:412  | Skipping TextLine with null bounds: TextLine{ "" conf:NaN}
2026-05-10 17:42:54,870 WARN [In Christ Alone-lead-Eb#1]          TextBuilder.java:412  | Skipping TextLine with null bounds: TextLine{ "" conf:NaN}
2026-05-10 17:42:54,870 WARN [In Christ Alone-lead-Eb#1]          TextBuilder.java:412  | Skipping TextLine with null bounds: TextLine{ "" conf:NaN}
2026-05-10 17:42:54,870 WARN [In Christ Alone-lead-Eb#1]          TextBuilder.java:412  | Skipping TextLine with null bounds: TextLine{ "" conf:NaN}
2026-05-10 17:42:54,871 WARN [In Christ Alone-lead-Eb#1]          TextBuilder.java:412  | Skipping TextLine with null bounds: TextLine{ "" conf:NaN}
2026-05-10 17:42:54,871 WARN [In Christ Alone-lead-Eb#1]          TextBuilder.java:412  | Skipping TextLine with null bounds: TextLine{ "" conf:NaN}
2026-05-10 17:42:54,871 WARN [In Christ Alone-lead-Eb#1]          TextBuilder.java:412  | Skipping TextLine with null bounds: TextLine{ "" conf:NaN}
2026-05-10 17:42:54,871 WARN [In Christ Alone-lead-Eb#1]          TextBuilder.java:412  | Skipping TextLine with null bounds: TextLine{ "" conf:NaN}
2026-05-10 17:42:54,872 WARN [In Christ Alone-lead-Eb#1]          TextBuilder.java:412  | Skipping TextLine with null bounds: TextLine{ "" conf:NaN}
2026-05-10 17:42:54,872 WARN [In Christ Alone-lead-Eb#1]          TextBuilder.java:412  | Skipping TextLine with null bounds: TextLine{ "" conf:NaN}
2026-05-10 17:42:54,872 WARN [In Christ Alone-lead-Eb#1]          TextBuilder.java:412  | Skipping TextLine with null bounds: TextLine{ "" conf:NaN}
2026-05-10 17:42:54,872 WARN [In Christ Alone-lead-Eb#1]          TextBuilder.java:412  | Skipping TextLine with null bounds: TextLine{ "" conf:NaN}
2026-05-10 17:42:54,874 WARN [In Christ Alone-lead-Eb#1]          TextBuilder.java:412  | Skipping TextLine with null bounds: TextLine{ "" conf:NaN}
2026-05-10 17:42:54,874 WARN [In Christ Alone-lead-Eb#1]          TextBuilder.java:412  | Skipping TextLine with null bounds: TextLine{ "" conf:NaN}
2026-05-10 17:42:54,874 WARN [In Christ Alone-lead-Eb#1]          TextBuilder.java:412  | Skipping TextLine with null bounds: TextLine{ "" conf:NaN}
2026-05-10 17:42:54,875 WARN [In Christ Alone-lead-Eb#1]          TextBuilder.java:412  | Skipping TextLine with null bounds: TextLine{ "" conf:NaN}
2026-05-10 17:42:54,875 WARN [In Christ Alone-lead-Eb#1]          TextBuilder.java:412  | Skipping TextLine with null bounds: TextLine{ "" conf:NaN}
2026-05-10 17:42:54,875 WARN [In Christ Alone-lead-Eb#1]          TextBuilder.java:412  | Skipping TextLine with null bounds: TextLine{ "" conf:NaN}
2026-05-10 17:42:54,875 WARN [In Christ Alone-lead-Eb#1]          TextBuilder.java:412  | Skipping TextLine with null bounds: TextLine{ "" conf:NaN}
2026-05-10 17:42:54,877 WARN [In Christ Alone-lead-Eb#1]          TextBuilder.java:412  | Skipping TextLine with null bounds: TextLine{ "" conf:NaN}
2026-05-10 17:42:54,877 WARN [In Christ Alone-lead-Eb#1]          TextBuilder.java:412  | Skipping TextLine with null bounds: TextLine{ "" conf:NaN}
2026-05-10 17:42:54,877 WARN [In Christ Alone-lead-Eb#1]          TextBuilder.java:412  | Skipping TextLine with null bounds: TextLine{ "" conf:NaN}
2026-05-10 17:42:54,878 WARN [In Christ Alone-lead-Eb#1]          TextBuilder.java:412  | Skipping TextLine with null bounds: TextLine{ "" conf:NaN}
2026-05-10 17:42:54,878 WARN [In Christ Alone-lead-Eb#1]          TextBuilder.java:412  | Skipping TextLine with null bounds: TextLine{ "" conf:NaN}
2026-05-10 17:42:54,878 WARN [In Christ Alone-lead-Eb#1]          TextBuilder.java:412  | Skipping TextLine with null bounds: TextLine{ "" conf:NaN}
2026-05-10 17:42:54,878 WARN [In Christ Alone-lead-Eb#1]          TextBuilder.java:412  | Skipping TextLine with null bounds: TextLine{ "" conf:NaN}
2026-05-10 17:42:54,879 WARN [In Christ Alone-lead-Eb#1]          TextBuilder.java:412  | Skipping TextLine with null bounds: TextLine{ "" conf:NaN}
2026-05-10 17:42:54,879 WARN [In Christ Alone-lead-Eb#1]          TextBuilder.java:412  | Skipping TextLine with null bounds: TextLine{ "" conf:NaN}
2026-05-10 17:42:54,880 WARN [In Christ Alone-lead-Eb#1]          TextBuilder.java:412  | Skipping TextLine with null bounds: TextLine{ "" conf:NaN}
2026-05-10 17:42:54,880 WARN [In Christ Alone-lead-Eb#1]          TextBuilder.java:412  | Skipping TextLine with null bounds: TextLine{ "" conf:NaN}
2026-05-10 17:42:54,880 WARN [In Christ Alone-lead-Eb#1]          TextBuilder.java:412  | Skipping TextLine with null bounds: TextLine{ "" conf:NaN}
2026-05-10 17:42:54,881 WARN [In Christ Alone-lead-Eb#1]          TextBuilder.java:412  | Skipping TextLine with null bounds: TextLine{ "" conf:NaN}
2026-05-10 17:42:54,881 WARN [In Christ Alone-lead-Eb#1]          TextBuilder.java:412  | Skipping TextLine with null bounds: TextLine{ "" conf:NaN}
2026-05-10 17:42:54,881 WARN [In Christ Alone-lead-Eb#1]          TextBuilder.java:412  | Skipping TextLine with null bounds: TextLine{ "" conf:NaN}
2026-05-10 17:42:54,881 WARN [In Christ Alone-lead-Eb#1]          TextBuilder.java:412  | Skipping TextLine with null bounds: TextLine{ "" conf:NaN}
2026-05-10 17:42:54,881 WARN [In Christ Alone-lead-Eb#1]          TextBuilder.java:412  | Skipping TextLine with null bounds: TextLine{ "" conf:NaN}
2026-05-10 17:42:54,882 WARN [In Christ Alone-lead-Eb#1]          TextBuilder.java:412  | Skipping TextLine with null bounds: TextLine{ "" conf:NaN}
2026-05-10 17:42:54,882 WARN [In Christ Alone-lead-Eb#1]          TextBuilder.java:412  | Skipping TextLine with null bounds: TextLine{ "" conf:NaN}
2026-05-10 17:42:54,882 WARN [In Christ Alone-lead-Eb#1]          TextBuilder.java:412  | Skipping TextLine with null bounds: TextLine{ "" conf:NaN}
2026-05-10 17:42:54,882 WARN [In Christ Alone-lead-Eb#1]          TextBuilder.java:412  | Skipping TextLine with null bounds: TextLine{ "" conf:NaN}
2026-05-10 17:42:54,883 WARN [In Christ Alone-lead-Eb#1]          TextBuilder.java:412  | Skipping TextLine with null bounds: TextLine{ "" conf:NaN}
2026-05-10 17:42:54,883 WARN [In Christ Alone-lead-Eb#1]          TextBuilder.java:412  | Skipping TextLine with null bounds: TextLine{ "" conf:NaN}
2026-05-10 17:42:54,883 WARN [In Christ Alone-lead-Eb#1]          TextBuilder.java:412  | Skipping TextLine with null bounds: TextLine{ "" conf:NaN}
2026-05-10 17:42:54,884 WARN [In Christ Alone-lead-Eb#1]          TextBuilder.java:412  | Skipping TextLine with null bounds: TextLine{ "" conf:NaN}
2026-05-10 17:42:54,884 WARN [In Christ Alone-lead-Eb#1]          TextBuilder.java:412  | Skipping TextLine with null bounds: TextLine{ "" conf:NaN}
2026-05-10 17:42:54,885 WARN [In Christ Alone-lead-Eb#1]          TextBuilder.java:412  | Skipping TextLine with null bounds: TextLine{ "" conf:NaN}
2026-05-10 17:42:54,885 WARN [In Christ Alone-lead-Eb#1]          TextBuilder.java:412  | Skipping TextLine with null bounds: TextLine{ "" conf:NaN}
2026-05-10 17:42:54,885 WARN [In Christ Alone-lead-Eb#1]          TextBuilder.java:412  | Skipping TextLine with null bounds: TextLine{ "" conf:NaN}
2026-05-10 17:42:54,885 WARN [In Christ Alone-lead-Eb#1]          TextBuilder.java:412  | Skipping TextLine with null bounds: TextLine{ "" conf:NaN}
2026-05-10 17:42:54,885 WARN [In Christ Alone-lead-Eb#1]          TextBuilder.java:412  | Skipping TextLine with null bounds: TextLine{ "" conf:NaN}
2026-05-10 17:42:54,886 WARN [In Christ Alone-lead-Eb#1]          TextBuilder.java:412  | Skipping TextLine with null bounds: TextLine{ "" conf:NaN}
2026-05-10 17:42:54,886 WARN [In Christ Alone-lead-Eb#1]          TextBuilder.java:412  | Skipping TextLine with null bounds: TextLine{ "" conf:NaN}
2026-05-10 17:42:54,886 WARN [In Christ Alone-lead-Eb#1]          TextBuilder.java:412  | Skipping TextLine with null bounds: TextLine{ "" conf:NaN}
2026-05-10 17:42:54,886 WARN [In Christ Alone-lead-Eb#1]          TextBuilder.java:412  | Skipping TextLine with null bounds: TextLine{ "" conf:NaN}
2026-05-10 17:42:54,887 WARN [In Christ Alone-lead-Eb#1]          TextBuilder.java:412  | Skipping TextLine with null bounds: TextLine{ "" conf:NaN}
2026-05-10 17:42:54,887 WARN [In Christ Alone-lead-Eb#1]          TextBuilder.java:412  | Skipping TextLine with null bounds: TextLine{ "" conf:NaN}
2026-05-10 17:42:54,887 WARN [In Christ Alone-lead-Eb#1]          TextBuilder.java:412  | Skipping TextLine with null bounds: TextLine{ "" conf:NaN}
2026-05-10 17:42:54,888 WARN [In Christ Alone-lead-Eb#1]          TextBuilder.java:412  | Skipping TextLine with null bounds: TextLine{ "" conf:NaN}
2026-05-10 17:42:54,889 WARN [In Christ Alone-lead-Eb#1]          TextBuilder.java:412  | Skipping TextLine with null bounds: TextLine{ "" conf:NaN}
2026-05-10 17:42:54,890 WARN [In Christ Alone-lead-Eb#1]          TextBuilder.java:412  | Skipping TextLine with null bounds: TextLine{ "" conf:NaN}
2026-05-10 17:42:54,890 WARN [In Christ Alone-lead-Eb#1]          TextBuilder.java:412  | Skipping TextLine with null bounds: TextLine{ "" conf:NaN}
2026-05-10 17:42:54,890 WARN [In Christ Alone-lead-Eb#1]          TextBuilder.java:412  | Skipping TextLine with null bounds: TextLine{ "" conf:NaN}
2026-05-10 17:42:54,890 WARN [In Christ Alone-lead-Eb#1]          TextBuilder.java:412  | Skipping TextLine with null bounds: TextLine{ "" conf:NaN}
2026-05-10 17:42:54,890 WARN [In Christ Alone-lead-Eb#1]          TextBuilder.java:412  | Skipping TextLine with null bounds: TextLine{ "" conf:NaN}
2026-05-10 17:42:54,890 WARN [In Christ Alone-lead-Eb#1]          TextBuilder.java:412  | Skipping TextLine with null bounds: TextLine{ "" conf:NaN}
2026-05-10 17:42:54,891 WARN [In Christ Alone-lead-Eb#1]          TextBuilder.java:412  | Skipping TextLine with null bounds: TextLine{ "" conf:NaN}
2026-05-10 17:42:54,891 WARN [In Christ Alone-lead-Eb#1]          TextBuilder.java:412  | Skipping TextLine with null bounds: TextLine{ "" conf:NaN}
2026-05-10 17:42:54,891 WARN [In Christ Alone-lead-Eb#1]          TextBuilder.java:412  | Skipping TextLine with null bounds: TextLine{ "" conf:NaN}
2026-05-10 17:42:54,893 WARN [In Christ Alone-lead-Eb#1]          TextBuilder.java:412  | Skipping TextLine with null bounds: TextLine{ "" conf:NaN}
2026-05-10 17:42:54,893 WARN [In Christ Alone-lead-Eb#1]          TextBuilder.java:412  | Skipping TextLine with null bounds: TextLine{ "" conf:NaN}
2026-05-10 17:42:54,893 WARN [In Christ Alone-lead-Eb#1]          TextBuilder.java:412  | Skipping TextLine with null bounds: TextLine{ "" conf:NaN}
2026-05-10 17:42:54,893 WARN [In Christ Alone-lead-Eb#1]          TextBuilder.java:412  | Skipping TextLine with null bounds: TextLine{ "" conf:NaN}
2026-05-10 17:42:54,893 WARN [In Christ Alone-lead-Eb#1]          TextBuilder.java:412  | Skipping TextLine with null bounds: TextLine{ "" conf:NaN}
2026-05-10 17:42:54,894 WARN [In Christ Alone-lead-Eb#1]          TextBuilder.java:412  | Skipping TextLine with null bounds: TextLine{ "" conf:NaN}
2026-05-10 17:42:54,894 WARN [In Christ Alone-lead-Eb#1]          TextBuilder.java:412  | Skipping TextLine with null bounds: TextLine{ "" conf:NaN}
2026-05-10 17:42:54,894 WARN [In Christ Alone-lead-Eb#1]          TextBuilder.java:412  | Skipping TextLine with null bounds: TextLine{ "" conf:NaN}
2026-05-10 17:42:54,895 WARN [In Christ Alone-lead-Eb#1]          TextBuilder.java:412  | Skipping TextLine with null bounds: TextLine{ "" conf:NaN}
2026-05-10 17:42:54,895 WARN [In Christ Alone-lead-Eb#1]          TextBuilder.java:412  | Skipping TextLine with null bounds: TextLine{ "" conf:NaN}
2026-05-10 17:42:54,895 WARN [In Christ Alone-lead-Eb#1]          TextBuilder.java:412  | Skipping TextLine with null bounds: TextLine{ "" conf:NaN}
2026-05-10 17:42:54,895 WARN [In Christ Alone-lead-Eb#1]          TextBuilder.java:412  | Skipping TextLine with null bounds: TextLine{ "" conf:NaN}
2026-05-10 17:42:54,895 WARN [In Christ Alone-lead-Eb#1]          TextBuilder.java:412  | Skipping TextLine with null bounds: TextLine{ "" conf:NaN}
2026-05-10 17:42:54,897 WARN [In Christ Alone-lead-Eb#1]          TextBuilder.java:412  | Skipping TextLine with null bounds: TextLine{ "" conf:NaN}
2026-05-10 17:42:54,897 WARN [In Christ Alone-lead-Eb#1]          TextBuilder.java:412  | Skipping TextLine with null bounds: TextLine{ "" conf:NaN}
2026-05-10 17:42:54,897 WARN [In Christ Alone-lead-Eb#1]          TextBuilder.java:412  | Skipping TextLine with null bounds: TextLine{ "" conf:NaN}
2026-05-10 17:42:54,898 WARN [In Christ Alone-lead-Eb#1]          TextBuilder.java:412  | Skipping TextLine with null bounds: TextLine{ "" conf:NaN}
2026-05-10 17:42:54,898 WARN [In Christ Alone-lead-Eb#1]          TextBuilder.java:412  | Skipping TextLine with null bounds: TextLine{ "" conf:NaN}
2026-05-10 17:42:54,898 WARN [In Christ Alone-lead-Eb#1]          TextBuilder.java:412  | Skipping TextLine with null bounds: TextLine{ "" conf:NaN}
2026-05-10 17:42:54,899 WARN [In Christ Alone-lead-Eb#1]          TextBuilder.java:412  | Skipping TextLine with null bounds: TextLine{ "" conf:NaN}
2026-05-10 17:42:54,899 WARN [In Christ Alone-lead-Eb#1]          TextBuilder.java:412  | Skipping TextLine with null bounds: TextLine{ "" conf:NaN}
2026-05-10 17:42:54,899 WARN [In Christ Alone-lead-Eb#1]          TextBuilder.java:412  | Skipping TextLine with null bounds: TextLine{ "" conf:NaN}
2026-05-10 17:42:54,900 WARN [In Christ Alone-lead-Eb#1]          TextBuilder.java:412  | Skipping TextLine with null bounds: TextLine{ "" conf:NaN}
2026-05-10 17:42:54,900 WARN [In Christ Alone-lead-Eb#1]          TextBuilder.java:412  | Skipping TextLine with null bounds: TextLine{ "" conf:NaN}
2026-05-10 17:42:54,900 WARN [In Christ Alone-lead-Eb#1]          TextBuilder.java:412  | Skipping TextLine with null bounds: TextLine{ "" conf:NaN}
2026-05-10 17:42:54,900 WARN [In Christ Alone-lead-Eb#1]          TextBuilder.java:412  | Skipping TextLine with null bounds: TextLine{ "" conf:NaN}
2026-05-10 17:42:54,901 WARN [In Christ Alone-lead-Eb#1]          TextBuilder.java:412  | Skipping TextLine with null bounds: TextLine{ "" conf:NaN}
2026-05-10 17:42:54,901 WARN [In Christ Alone-lead-Eb#1]          TextBuilder.java:412  | Skipping TextLine with null bounds: TextLine{ "" conf:NaN}
2026-05-10 17:42:54,901 WARN [In Christ Alone-lead-Eb#1]          TextBuilder.java:412  | Skipping TextLine with null bounds: TextLine{ "" conf:NaN}
2026-05-10 17:42:54,901 WARN [In Christ Alone-lead-Eb#1]          TextBuilder.java:412  | Skipping TextLine with null bounds: TextLine{ "" conf:NaN}
2026-05-10 17:42:54,901 WARN [In Christ Alone-lead-Eb#1]          TextBuilder.java:412  | Skipping TextLine with null bounds: TextLine{ "" conf:NaN}
2026-05-10 17:42:54,901 WARN [In Christ Alone-lead-Eb#1]          TextBuilder.java:412  | Skipping TextLine with null bounds: TextLine{ "" conf:NaN}
2026-05-10 17:42:54,902 WARN [In Christ Alone-lead-Eb#1]          TextBuilder.java:412  | Skipping TextLine with null bounds: TextLine{ "" conf:NaN}
2026-05-10 17:42:54,902 WARN [In Christ Alone-lead-Eb#1]          TextBuilder.java:412  | Skipping TextLine with null bounds: TextLine{ "" conf:NaN}
2026-05-10 17:42:54,902 WARN [In Christ Alone-lead-Eb#1]          TextBuilder.java:412  | Skipping TextLine with null bounds: TextLine{ "" conf:NaN}
2026-05-10 17:42:54,903 WARN [In Christ Alone-lead-Eb#1]          TextBuilder.java:412  | Skipping TextLine with null bounds: TextLine{ "" conf:NaN}
2026-05-10 17:42:54,903 WARN [In Christ Alone-lead-Eb#1]          TextBuilder.java:412  | Skipping TextLine with null bounds: TextLine{ "" conf:NaN}
2026-05-10 17:42:54,903 WARN [In Christ Alone-lead-Eb#1]          TextBuilder.java:412  | Skipping TextLine with null bounds: TextLine{ "" conf:NaN}
2026-05-10 17:42:54,903 WARN [In Christ Alone-lead-Eb#1]          TextBuilder.java:412  | Skipping TextLine with null bounds: TextLine{ "" conf:NaN}
2026-05-10 17:42:54,903 WARN [In Christ Alone-lead-Eb#1]          TextBuilder.java:412  | Skipping TextLine with null bounds: TextLine{ "" conf:NaN}
2026-05-10 17:42:54,903 WARN [In Christ Alone-lead-Eb#1]          TextBuilder.java:412  | Skipping TextLine with null bounds: TextLine{ "" conf:NaN}
2026-05-10 17:42:54,903 WARN [In Christ Alone-lead-Eb#1]          TextBuilder.java:412  | Skipping TextLine with null bounds: TextLine{ "" conf:NaN}
2026-05-10 17:42:54,905 WARN [In Christ Alone-lead-Eb#1]          TextBuilder.java:412  | Skipping TextLine with null bounds: TextLine{ "" conf:NaN}
2026-05-10 17:42:54,905 WARN [In Christ Alone-lead-Eb#1]          TextBuilder.java:412  | Skipping TextLine with null bounds: TextLine{ "" conf:NaN}
2026-05-10 17:42:54,905 WARN [In Christ Alone-lead-Eb#1]          TextBuilder.java:412  | Skipping TextLine with null bounds: TextLine{ "" conf:NaN}
2026-05-10 17:42:54,905 WARN [In Christ Alone-lead-Eb#1]          TextBuilder.java:412  | Skipping TextLine with null bounds: TextLine{ "" conf:NaN}
2026-05-10 17:42:54,906 WARN [In Christ Alone-lead-Eb#1]          TextBuilder.java:412  | Skipping TextLine with null bounds: TextLine{ "" conf:NaN}
2026-05-10 17:42:54,906 WARN [In Christ Alone-lead-Eb#1]          TextBuilder.java:412  | Skipping TextLine with null bounds: TextLine{ "" conf:NaN}
2026-05-10 17:42:54,906 WARN [In Christ Alone-lead-Eb#1]          TextBuilder.java:412  | Skipping TextLine with null bounds: TextLine{ "" conf:NaN}
2026-05-10 17:42:54,906 WARN [In Christ Alone-lead-Eb#1]          TextBuilder.java:412  | Skipping TextLine with null bounds: TextLine{ "" conf:NaN}
2026-05-10 17:42:54,907 WARN [In Christ Alone-lead-Eb#1]          TextBuilder.java:412  | Skipping TextLine with null bounds: TextLine{ "" conf:NaN}
2026-05-10 17:42:54,907 WARN [In Christ Alone-lead-Eb#1]          TextBuilder.java:412  | Skipping TextLine with null bounds: TextLine{ "" conf:NaN}
2026-05-10 17:42:54,907 WARN [In Christ Alone-lead-Eb#1]          TextBuilder.java:412  | Skipping TextLine with null bounds: TextLine{ "" conf:NaN}
2026-05-10 17:42:54,907 WARN [In Christ Alone-lead-Eb#1]          TextBuilder.java:412  | Skipping TextLine with null bounds: TextLine{ "" conf:NaN}
2026-05-10 17:42:54,908 WARN [In Christ Alone-lead-Eb#1]          TextBuilder.java:412  | Skipping TextLine with null bounds: TextLine{ "" conf:NaN}
2026-05-10 17:42:54,908 WARN [In Christ Alone-lead-Eb#1]          TextBuilder.java:412  | Skipping TextLine with null bounds: TextLine{ "" conf:NaN}
2026-05-10 17:42:54,908 WARN [In Christ Alone-lead-Eb#1]          TextBuilder.java:412  | Skipping TextLine with null bounds: TextLine{ "" conf:NaN}
2026-05-10 17:42:54,908 WARN [In Christ Alone-lead-Eb#1]          TextBuilder.java:412  | Skipping TextLine with null bounds: TextLine{ "" conf:NaN}
2026-05-10 17:42:54,909 WARN [In Christ Alone-lead-Eb#1]          TextBuilder.java:412  | Skipping TextLine with null bounds: TextLine{ "" conf:NaN}
2026-05-10 17:42:54,909 WARN [In Christ Alone-lead-Eb#1]          TextBuilder.java:412  | Skipping TextLine with null bounds: TextLine{ "" conf:NaN}
2026-05-10 17:42:54,909 WARN [In Christ Alone-lead-Eb#1]          TextBuilder.java:412  | Skipping TextLine with null bounds: TextLine{ "" conf:NaN}
2026-05-10 17:42:54,909 WARN [In Christ Alone-lead-Eb#1]          TextBuilder.java:412  | Skipping TextLine with null bounds: TextLine{ "" conf:NaN}
2026-05-10 17:42:54,909 WARN [In Christ Alone-lead-Eb#1]          TextBuilder.java:412  | Skipping TextLine with null bounds: TextLine{ "" conf:NaN}
2026-05-10 17:42:54,910 WARN [In Christ Alone-lead-Eb#1]          TextBuilder.java:412  | Skipping TextLine with null bounds: TextLine{ "" conf:NaN}
2026-05-10 17:42:54,911 WARN [In Christ Alone-lead-Eb#1]          TextBuilder.java:412  | Skipping TextLine with null bounds: TextLine{ "" conf:NaN}
2026-05-10 17:42:54,911 WARN [In Christ Alone-lead-Eb#1]          TextBuilder.java:412  | Skipping TextLine with null bounds: TextLine{ "" conf:NaN}
2026-05-10 17:42:54,911 WARN [In Christ Alone-lead-Eb#1]          TextBuilder.java:412  | Skipping TextLine with null bounds: TextLine{ "" conf:NaN}
2026-05-10 17:42:54,911 WARN [In Christ Alone-lead-Eb#1]          TextBuilder.java:412  | Skipping TextLine with null bounds: TextLine{ "" conf:NaN}
2026-05-10 17:42:54,912 WARN [In Christ Alone-lead-Eb#1]          TextBuilder.java:412  | Skipping TextLine with null bounds: TextLine{ "" conf:NaN}
2026-05-10 17:42:54,912 WARN [In Christ Alone-lead-Eb#1]          TextBuilder.java:412  | Skipping TextLine with null bounds: TextLine{ "" conf:NaN}
2026-05-10 17:42:54,912 WARN [In Christ Alone-lead-Eb#1]          TextBuilder.java:412  | Skipping TextLine with null bounds: TextLine{ "" conf:NaN}
2026-05-10 17:42:54,912 WARN [In Christ Alone-lead-Eb#1]          TextBuilder.java:412  | Skipping TextLine with null bounds: TextLine{ "" conf:NaN}
2026-05-10 17:42:54,913 WARN [In Christ Alone-lead-Eb#1]          TextBuilder.java:412  | Skipping TextLine with null bounds: TextLine{ "" conf:NaN}
2026-05-10 17:42:54,916 WARN [In Christ Alone-lead-Eb#1]          TextBuilder.java:412  | Skipping TextLine with null bounds: TextLine{ "" conf:NaN}
2026-05-10 17:42:54,916 WARN [In Christ Alone-lead-Eb#1]          TextBuilder.java:412  | Skipping TextLine with null bounds: TextLine{ "" conf:NaN}
2026-05-10 17:42:54,916 WARN [In Christ Alone-lead-Eb#1]          TextBuilder.java:412  | Skipping TextLine with null bounds: TextLine{ "" conf:NaN}
2026-05-10 17:42:54,916 WARN [In Christ Alone-lead-Eb#1]          TextBuilder.java:412  | Skipping TextLine with null bounds: TextLine{ "" conf:NaN}
2026-05-10 17:42:54,916 WARN [In Christ Alone-lead-Eb#1]          TextBuilder.java:412  | Skipping TextLine with null bounds: TextLine{ "" conf:NaN}
2026-05-10 17:42:54,916 WARN [In Christ Alone-lead-Eb#1]          TextBuilder.java:412  | Skipping TextLine with null bounds: TextLine{ "" conf:NaN}
2026-05-10 17:43:04,302 INFO [In Christ Alone-lead-Eb#1]           PageRhythm.java:176  | {Page#1.1} Starting PageRhythm time signature check
2026-05-10 17:43:04,304 INFO [In Christ Alone-lead-Eb#1]           PageRhythm.java:178  | {Page#1.1} Initial range state: Range{SN1- tSig:3/4} → ts: TimePairInter#149{ FROZEN(0.952/0.952) staff:1 3/4}
2026-05-10 17:43:04,306 INFO [In Christ Alone-lead-Eb#1]           PageRhythm.java:184  | {Page#1.1} Checking range: Range{SN1- tSig:3/4}, ts: TimePairInter#149{ FROZEN(0.952/0.952) staff:1 3/4}
2026-05-10 17:43:04,306 INFO [In Christ Alone-lead-Eb#1]           PageRhythm.java:277  | Last range: Range{SN1-18 tSig:3/4 dur:3/4}
2026-05-10 17:43:04,306 INFO [In Christ Alone-lead-Eb#1]           PageRhythm.java:278  | lastRange.timeRational = 3/4
2026-05-10 17:43:04,306 INFO [In Christ Alone-lead-Eb#1]           PageRhythm.java:279  | lastRange.ts = TimePairInter#149{ FROZEN(0.952/0.952) staff:1 3/4}
2026-05-10 17:43:04,307 DEBUG [In Christ Alone-lead-Eb#1]           PageRhythm.java:121  | MeasureStack#1 frats: 3 [9567, 8679, 9570]
2026-05-10 17:43:04,308 DEBUG [In Christ Alone-lead-Eb#1]           PageRhythm.java:121  | MeasureStack#2 frats: 2 [9568, 9061]
2026-05-10 17:43:04,308 DEBUG [In Christ Alone-lead-Eb#1]           PageRhythm.java:121  | MeasureStack#3 frats: 1 [9255]
2026-05-10 17:43:04,309 DEBUG [In Christ Alone-lead-Eb#1]           PageRhythm.java:121  | MeasureStack#4 frats: 1 [10834]
2026-05-10 17:43:04,309 DEBUG [In Christ Alone-lead-Eb#1]           PageRhythm.java:121  | MeasureStack#5 frats: 3 [10836, 10312, 10842]
2026-05-10 17:43:04,309 DEBUG [In Christ Alone-lead-Eb#1]           PageRhythm.java:121  | MeasureStack#6 frats: 2 [10839, 10677]
2026-05-10 17:43:04,310 DEBUG [In Christ Alone-lead-Eb#1]           PageRhythm.java:121  | MeasureStack#7 frats: 1 [11913]
2026-05-10 17:43:04,310 DEBUG [In Christ Alone-lead-Eb#1]           PageRhythm.java:121  | MeasureStack#8 frats: 3 [11914, 11915, 11550]
2026-05-10 17:43:04,310 DEBUG [In Christ Alone-lead-Eb#1]           PageRhythm.java:121  | MeasureStack#9 frats: 4 [11917, 11918, 11841, 11772]
2026-05-10 17:43:04,311 DEBUG [In Christ Alone-lead-Eb#1]           PageRhythm.java:121  | MeasureStack#10 frats: 4 [13930, 12080, 13931, 13945]
2026-05-10 17:43:04,311 DEBUG [In Christ Alone-lead-Eb#1]           PageRhythm.java:121  | MeasureStack#11 frats: 4 [13934, 12543, 13937, 13949]
2026-05-10 17:43:04,311 DEBUG [In Christ Alone-lead-Eb#1]           PageRhythm.java:121  | MeasureStack#12 frats: 3 [13938, 13199, 13939]
2026-05-10 17:43:04,311 DEBUG [In Christ Alone-lead-Eb#1]           PageRhythm.java:121  | MeasureStack#13 frats: 4 [13942, 13866, 13952, 13943]
2026-05-10 17:43:04,313 DEBUG [In Christ Alone-lead-Eb#1]           PageRhythm.java:121  | MeasureStack#14 frats: 2 [15096, 14232]
2026-05-10 17:43:04,313 DEBUG [In Christ Alone-lead-Eb#1]           PageRhythm.java:121  | MeasureStack#15 frats: 1 [15097]
2026-05-10 17:43:04,313 DEBUG [In Christ Alone-lead-Eb#1]           PageRhythm.java:121  | MeasureStack#16 frats: 0 []
2026-05-10 17:43:04,314 DEBUG [In Christ Alone-lead-Eb#1]           PageRhythm.java:121  | MeasureStack#17 frats: 1 [15103]
2026-05-10 17:43:04,314 DEBUG [In Christ Alone-lead-Eb#1]           PageRhythm.java:121  | MeasureStack#18 frats: 2 [15104, 15105]
2026-05-10 17:43:04,315 DEBUG [In Christ Alone-lead-Eb#1]           PageRhythm.java:325  | Starting Range{SN1-18 tSig:3/4 dur:3/4}
2026-05-10 17:43:04,315 DEBUG [In Christ Alone-lead-Eb#1]           PageRhythm.java:329  | About to process StackRhythm for MeasureStack#1
2026-05-10 17:43:04,316 DEBUG [In Christ Alone-lead-Eb#1]          StackRhythm.java:221  | Setting expectedDuration=3/4 for stack on page 1
2026-05-10 17:43:04,332 DEBUG [In Christ Alone-lead-Eb#1]           PageRhythm.java:331  | Finished processing StackRhythm for MeasureStack#1
2026-05-10 17:43:04,333 DEBUG [In Christ Alone-lead-Eb#1]           PageRhythm.java:329  | About to process StackRhythm for MeasureStack#2
2026-05-10 17:43:04,333 DEBUG [In Christ Alone-lead-Eb#1]          StackRhythm.java:221  | Setting expectedDuration=3/4 for stack on page 2
2026-05-10 17:43:04,335 DEBUG [In Christ Alone-lead-Eb#1]           PageRhythm.java:331  | Finished processing StackRhythm for MeasureStack#2
2026-05-10 17:43:04,335 DEBUG [In Christ Alone-lead-Eb#1]           PageRhythm.java:329  | About to process StackRhythm for MeasureStack#3
2026-05-10 17:43:04,335 DEBUG [In Christ Alone-lead-Eb#1]          StackRhythm.java:221  | Setting expectedDuration=3/4 for stack on page 3
2026-05-10 17:43:04,338 DEBUG [In Christ Alone-lead-Eb#1]           PageRhythm.java:331  | Finished processing StackRhythm for MeasureStack#3
2026-05-10 17:43:04,340 DEBUG [In Christ Alone-lead-Eb#1]           PageRhythm.java:329  | About to process StackRhythm for MeasureStack#4
2026-05-10 17:43:04,341 DEBUG [In Christ Alone-lead-Eb#1]          StackRhythm.java:221  | Setting expectedDuration=3/4 for stack on page 4
2026-05-10 17:43:04,345 INFO [In Christ Alone-lead-Eb#1]          StackRhythm.java:226  | S2 MeasureStack#4 no correct rhythm
2026-05-10 17:43:04,345 DEBUG [In Christ Alone-lead-Eb#1]           PageRhythm.java:331  | Finished processing StackRhythm for MeasureStack#4
2026-05-10 17:43:04,345 DEBUG [In Christ Alone-lead-Eb#1]           PageRhythm.java:329  | About to process StackRhythm for MeasureStack#5
2026-05-10 17:43:04,346 DEBUG [In Christ Alone-lead-Eb#1]          StackRhythm.java:221  | Setting expectedDuration=3/4 for stack on page 5
2026-05-10 17:43:04,346 DEBUG [In Christ Alone-lead-Eb#1]           PageRhythm.java:331  | Finished processing StackRhythm for MeasureStack#5
2026-05-10 17:43:04,348 DEBUG [In Christ Alone-lead-Eb#1]           PageRhythm.java:329  | About to process StackRhythm for MeasureStack#6
2026-05-10 17:43:04,348 DEBUG [In Christ Alone-lead-Eb#1]          StackRhythm.java:221  | Setting expectedDuration=3/4 for stack on page 6
2026-05-10 17:43:04,349 DEBUG [In Christ Alone-lead-Eb#1]           PageRhythm.java:331  | Finished processing StackRhythm for MeasureStack#6
2026-05-10 17:43:04,349 DEBUG [In Christ Alone-lead-Eb#1]           PageRhythm.java:329  | About to process StackRhythm for MeasureStack#7
2026-05-10 17:43:04,349 DEBUG [In Christ Alone-lead-Eb#1]          StackRhythm.java:221  | Setting expectedDuration=3/4 for stack on page 7
2026-05-10 17:43:04,351 DEBUG [In Christ Alone-lead-Eb#1]           PageRhythm.java:331  | Finished processing StackRhythm for MeasureStack#7
2026-05-10 17:43:04,351 DEBUG [In Christ Alone-lead-Eb#1]           PageRhythm.java:329  | About to process StackRhythm for MeasureStack#8
2026-05-10 17:43:04,351 DEBUG [In Christ Alone-lead-Eb#1]          StackRhythm.java:221  | Setting expectedDuration=3/4 for stack on page 8
2026-05-10 17:43:04,353 INFO [In Christ Alone-lead-Eb#1]          StackRhythm.java:226  | S3 MeasureStack#8 no correct rhythm
2026-05-10 17:43:04,353 DEBUG [In Christ Alone-lead-Eb#1]           PageRhythm.java:331  | Finished processing StackRhythm for MeasureStack#8
2026-05-10 17:43:04,353 DEBUG [In Christ Alone-lead-Eb#1]           PageRhythm.java:329  | About to process StackRhythm for MeasureStack#9
2026-05-10 17:43:04,355 DEBUG [In Christ Alone-lead-Eb#1]          StackRhythm.java:221  | Setting expectedDuration=3/4 for stack on page 9
2026-05-10 17:43:04,356 DEBUG [In Christ Alone-lead-Eb#1]           PageRhythm.java:331  | Finished processing StackRhythm for MeasureStack#9
2026-05-10 17:43:04,356 DEBUG [In Christ Alone-lead-Eb#1]           PageRhythm.java:329  | About to process StackRhythm for MeasureStack#10
2026-05-10 17:43:04,356 DEBUG [In Christ Alone-lead-Eb#1]          StackRhythm.java:221  | Setting expectedDuration=3/4 for stack on page 10
2026-05-10 17:43:04,358 DEBUG [In Christ Alone-lead-Eb#1]           PageRhythm.java:331  | Finished processing StackRhythm for MeasureStack#10
2026-05-10 17:43:04,359 DEBUG [In Christ Alone-lead-Eb#1]           PageRhythm.java:329  | About to process StackRhythm for MeasureStack#11
2026-05-10 17:43:04,359 DEBUG [In Christ Alone-lead-Eb#1]          StackRhythm.java:221  | Setting expectedDuration=3/4 for stack on page 11
2026-05-10 17:43:04,361 INFO [In Christ Alone-lead-Eb#1]          StackRhythm.java:226  | S4 MeasureStack#11 no correct rhythm
2026-05-10 17:43:04,361 DEBUG [In Christ Alone-lead-Eb#1]           PageRhythm.java:331  | Finished processing StackRhythm for MeasureStack#11
2026-05-10 17:43:04,361 DEBUG [In Christ Alone-lead-Eb#1]           PageRhythm.java:329  | About to process StackRhythm for MeasureStack#12
2026-05-10 17:43:04,362 DEBUG [In Christ Alone-lead-Eb#1]          StackRhythm.java:221  | Setting expectedDuration=3/4 for stack on page 12
2026-05-10 17:43:04,363 DEBUG [In Christ Alone-lead-Eb#1]           PageRhythm.java:331  | Finished processing StackRhythm for MeasureStack#12
2026-05-10 17:43:04,363 DEBUG [In Christ Alone-lead-Eb#1]           PageRhythm.java:329  | About to process StackRhythm for MeasureStack#13
2026-05-10 17:43:04,363 DEBUG [In Christ Alone-lead-Eb#1]          StackRhythm.java:221  | Setting expectedDuration=3/4 for stack on page 13
2026-05-10 17:43:04,365 INFO [In Christ Alone-lead-Eb#1]          StackRhythm.java:226  | S4 MeasureStack#13 no correct rhythm
2026-05-10 17:43:04,366 DEBUG [In Christ Alone-lead-Eb#1]           PageRhythm.java:331  | Finished processing StackRhythm for MeasureStack#13
2026-05-10 17:43:04,366 DEBUG [In Christ Alone-lead-Eb#1]           PageRhythm.java:329  | About to process StackRhythm for MeasureStack#14
2026-05-10 17:43:04,366 DEBUG [In Christ Alone-lead-Eb#1]          StackRhythm.java:221  | Setting expectedDuration=3/4 for stack on page 14
2026-05-10 17:43:04,367 DEBUG [In Christ Alone-lead-Eb#1]           PageRhythm.java:331  | Finished processing StackRhythm for MeasureStack#14
2026-05-10 17:43:04,368 DEBUG [In Christ Alone-lead-Eb#1]           PageRhythm.java:329  | About to process StackRhythm for MeasureStack#15
2026-05-10 17:43:04,368 DEBUG [In Christ Alone-lead-Eb#1]          StackRhythm.java:221  | Setting expectedDuration=3/4 for stack on page 15
2026-05-10 17:43:04,368 DEBUG [In Christ Alone-lead-Eb#1]           PageRhythm.java:331  | Finished processing StackRhythm for MeasureStack#15
2026-05-10 17:43:04,369 DEBUG [In Christ Alone-lead-Eb#1]           PageRhythm.java:329  | About to process StackRhythm for MeasureStack#16
2026-05-10 17:43:04,369 DEBUG [In Christ Alone-lead-Eb#1]          StackRhythm.java:221  | Setting expectedDuration=3/4 for stack on page 16
2026-05-10 17:43:04,369 DEBUG [In Christ Alone-lead-Eb#1]           PageRhythm.java:331  | Finished processing StackRhythm for MeasureStack#16
2026-05-10 17:43:04,369 DEBUG [In Christ Alone-lead-Eb#1]           PageRhythm.java:329  | About to process StackRhythm for MeasureStack#17
2026-05-10 17:43:04,371 DEBUG [In Christ Alone-lead-Eb#1]          StackRhythm.java:221  | Setting expectedDuration=3/4 for stack on page 17
2026-05-10 17:43:04,371 DEBUG [In Christ Alone-lead-Eb#1]           PageRhythm.java:331  | Finished processing StackRhythm for MeasureStack#17
2026-05-10 17:43:04,371 DEBUG [In Christ Alone-lead-Eb#1]           PageRhythm.java:329  | About to process StackRhythm for MeasureStack#18
2026-05-10 17:43:04,371 DEBUG [In Christ Alone-lead-Eb#1]          StackRhythm.java:221  | Setting expectedDuration=3/4 for stack on page 18
2026-05-10 17:43:04,372 DEBUG [In Christ Alone-lead-Eb#1]           PageRhythm.java:331  | Finished processing StackRhythm for MeasureStack#18
2026-05-10 17:43:08,880 WARN [In Christ Alone-lead-Eb#2]          TextBuilder.java:412  | Skipping TextLine with null bounds: TextLine{ "" conf:NaN}
2026-05-10 17:43:08,881 WARN [In Christ Alone-lead-Eb#2]          TextBuilder.java:412  | Skipping TextLine with null bounds: TextLine{ "" conf:NaN}
2026-05-10 17:43:08,882 WARN [In Christ Alone-lead-Eb#2]          TextBuilder.java:412  | Skipping TextLine with null bounds: TextLine{ "" conf:NaN}
2026-05-10 17:43:08,883 WARN [In Christ Alone-lead-Eb#2]          TextBuilder.java:412  | Skipping TextLine with null bounds: TextLine{ "" conf:NaN}
2026-05-10 17:43:08,883 WARN [In Christ Alone-lead-Eb#2]          TextBuilder.java:412  | Skipping TextLine with null bounds: TextLine{ "" conf:NaN}
2026-05-10 17:43:08,883 WARN [In Christ Alone-lead-Eb#2]          TextBuilder.java:412  | Skipping TextLine with null bounds: TextLine{ "" conf:NaN}
2026-05-10 17:43:09,703 INFO [In Christ Alone-lead-Eb#2]           PageRhythm.java:176  | {Page#2.1} Starting PageRhythm time signature check
2026-05-10 17:43:09,703 INFO [In Christ Alone-lead-Eb#2]           PageRhythm.java:178  | {Page#2.1} Initial range state: Range{SN1-} → ts: null
2026-05-10 17:43:09,704 INFO [In Christ Alone-lead-Eb#2]           PageRhythm.java:184  | {Page#2.1} Checking range: Range{SN1-}, ts: null
2026-05-10 17:43:09,705 INFO [In Christ Alone-lead-Eb#2]           PageRhythm.java:207  | {Page#2.1} Time value reused from sheet#1
2026-05-10 17:43:09,705 INFO [In Christ Alone-lead-Eb#2]           PageRhythm.java:277  | Last range: Range{SN1-3 tRat:3/4 dur:3/4}
2026-05-10 17:43:09,706 INFO [In Christ Alone-lead-Eb#2]           PageRhythm.java:278  | lastRange.timeRational = 3/4
2026-05-10 17:43:09,706 INFO [In Christ Alone-lead-Eb#2]           PageRhythm.java:279  | lastRange.ts = null
2026-05-10 17:43:09,707 DEBUG [In Christ Alone-lead-Eb#2]           PageRhythm.java:121  | MeasureStack#1 frats: 2 [434, 435]
2026-05-10 17:43:09,707 DEBUG [In Christ Alone-lead-Eb#2]           PageRhythm.java:121  | MeasureStack#2 frats: 2 [436, 369]
2026-05-10 17:43:09,708 DEBUG [In Christ Alone-lead-Eb#2]           PageRhythm.java:121  | MeasureStack#3 frats: 1 [437]
2026-05-10 17:43:09,708 DEBUG [In Christ Alone-lead-Eb#2]           PageRhythm.java:325  | Starting Range{SN1-3 tRat:3/4 dur:3/4}
2026-05-10 17:43:09,708 DEBUG [In Christ Alone-lead-Eb#2]           PageRhythm.java:329  | About to process StackRhythm for MeasureStack#1
2026-05-10 17:43:09,709 DEBUG [In Christ Alone-lead-Eb#2]          StackRhythm.java:221  | Setting expectedDuration=3/4 for stack on page 1
2026-05-10 17:43:09,709 DEBUG [In Christ Alone-lead-Eb#2]           PageRhythm.java:331  | Finished processing StackRhythm for MeasureStack#1
2026-05-10 17:43:09,710 DEBUG [In Christ Alone-lead-Eb#2]           PageRhythm.java:329  | About to process StackRhythm for MeasureStack#2
2026-05-10 17:43:09,710 DEBUG [In Christ Alone-lead-Eb#2]          StackRhythm.java:221  | Setting expectedDuration=3/4 for stack on page 2
2026-05-10 17:43:09,711 DEBUG [In Christ Alone-lead-Eb#2]           PageRhythm.java:331  | Finished processing StackRhythm for MeasureStack#2
2026-05-10 17:43:09,711 DEBUG [In Christ Alone-lead-Eb#2]           PageRhythm.java:329  | About to process StackRhythm for MeasureStack#3
2026-05-10 17:43:09,711 DEBUG [In Christ Alone-lead-Eb#2]          StackRhythm.java:221  | Setting expectedDuration=3/4 for stack on page 3
2026-05-10 17:43:09,728 DEBUG [In Christ Alone-lead-Eb#2]           PageRhythm.java:331  | Finished processing StackRhythm for MeasureStack#3
