2026-05-10 21:24:28,348 WARN [Wonderful God-lead-Bb#1]          TextBuilder.java:412  | Skipping TextLine with null bounds: TextLine{ "" conf:NaN}
2026-05-10 21:24:28,352 WARN [Wonderful God-lead-Bb#1]          TextBuilder.java:412  | Skipping TextLine with null bounds: TextLine{ "" conf:NaN}
2026-05-10 21:24:28,353 WARN [Wonderful God-lead-Bb#1]          TextBuilder.java:412  | Skipping TextLine with null bounds: TextLine{ "" conf:NaN}
2026-05-10 21:24:28,353 WARN [Wonderful God-lead-Bb#1]          TextBuilder.java:412  | Skipping TextLine with null bounds: TextLine{ "" conf:NaN}
2026-05-10 21:24:28,357 WARN [Wonderful God-lead-Bb#1]          TextBuilder.java:412  | Skipping TextLine with null bounds: TextLine{ "" conf:NaN}
2026-05-10 21:24:28,358 WARN [Wonderful God-lead-Bb#1]          TextBuilder.java:412  | Skipping TextLine with null bounds: TextLine{ "" conf:NaN}
2026-05-10 21:24:28,359 WARN [Wonderful God-lead-Bb#1]          TextBuilder.java:412  | Skipping TextLine with null bounds: TextLine{ "" conf:NaN}
2026-05-10 21:24:28,360 WARN [Wonderful God-lead-Bb#1]          TextBuilder.java:412  | Skipping TextLine with null bounds: TextLine{ "" conf:NaN}
2026-05-10 21:24:28,360 WARN [Wonderful God-lead-Bb#1]          TextBuilder.java:412  | Skipping TextLine with null bounds: TextLine{ "" conf:NaN}
2026-05-10 21:24:28,361 WARN [Wonderful God-lead-Bb#1]          TextBuilder.java:412  | Skipping TextLine with null bounds: TextLine{ "" conf:NaN}
2026-05-10 21:24:28,361 WARN [Wonderful God-lead-Bb#1]          TextBuilder.java:412  | Skipping TextLine with null bounds: TextLine{ "" conf:NaN}
2026-05-10 21:24:28,362 WARN [Wonderful God-lead-Bb#1]          TextBuilder.java:412  | Skipping TextLine with null bounds: TextLine{ "" conf:NaN}
2026-05-10 21:24:28,362 WARN [Wonderful God-lead-Bb#1]          TextBuilder.java:412  | Skipping TextLine with null bounds: TextLine{ "" conf:NaN}
2026-05-10 21:24:28,362 WARN [Wonderful God-lead-Bb#1]          TextBuilder.java:412  | Skipping TextLine with null bounds: TextLine{ "" conf:NaN}
2026-05-10 21:24:28,363 WARN [Wonderful God-lead-Bb#1]          TextBuilder.java:412  | Skipping TextLine with null bounds: TextLine{ "" conf:NaN}
2026-05-10 21:24:28,363 WARN [Wonderful God-lead-Bb#1]          TextBuilder.java:412  | Skipping TextLine with null bounds: TextLine{ "" conf:NaN}
2026-05-10 21:24:28,363 WARN [Wonderful God-lead-Bb#1]          TextBuilder.java:412  | Skipping TextLine with null bounds: TextLine{ "" conf:NaN}
2026-05-10 21:24:28,364 WARN [Wonderful God-lead-Bb#1]          TextBuilder.java:412  | Skipping TextLine with null bounds: TextLine{ "" conf:NaN}
2026-05-10 21:24:28,365 WARN [Wonderful God-lead-Bb#1]          TextBuilder.java:412  | Skipping TextLine with null bounds: TextLine{ "" conf:NaN}
2026-05-10 21:24:28,365 WARN [Wonderful God-lead-Bb#1]          TextBuilder.java:412  | Skipping TextLine with null bounds: TextLine{ "" conf:NaN}
2026-05-10 21:24:28,365 WARN [Wonderful God-lead-Bb#1]          TextBuilder.java:412  | Skipping TextLine with null bounds: TextLine{ "" conf:NaN}
2026-05-10 21:24:28,366 WARN [Wonderful God-lead-Bb#1]          TextBuilder.java:412  | Skipping TextLine with null bounds: TextLine{ "" conf:NaN}
2026-05-10 21:24:28,366 WARN [Wonderful God-lead-Bb#1]          TextBuilder.java:412  | Skipping TextLine with null bounds: TextLine{ "" conf:NaN}
2026-05-10 21:24:28,367 WARN [Wonderful God-lead-Bb#1]          TextBuilder.java:412  | Skipping TextLine with null bounds: TextLine{ "" conf:NaN}
2026-05-10 21:24:28,367 WARN [Wonderful God-lead-Bb#1]          TextBuilder.java:412  | Skipping TextLine with null bounds: TextLine{ "" conf:NaN}
2026-05-10 21:24:28,367 WARN [Wonderful God-lead-Bb#1]          TextBuilder.java:412  | Skipping TextLine with null bounds: TextLine{ "" conf:NaN}
2026-05-10 21:24:28,367 WARN [Wonderful God-lead-Bb#1]          TextBuilder.java:412  | Skipping TextLine with null bounds: TextLine{ "" conf:NaN}
2026-05-10 21:24:28,367 WARN [Wonderful God-lead-Bb#1]          TextBuilder.java:412  | Skipping TextLine with null bounds: TextLine{ "" conf:NaN}
2026-05-10 21:24:28,368 WARN [Wonderful God-lead-Bb#1]          TextBuilder.java:412  | Skipping TextLine with null bounds: TextLine{ "" conf:NaN}
2026-05-10 21:24:28,368 WARN [Wonderful God-lead-Bb#1]          TextBuilder.java:412  | Skipping TextLine with null bounds: TextLine{ "" conf:NaN}
2026-05-10 21:24:28,368 WARN [Wonderful God-lead-Bb#1]          TextBuilder.java:412  | Skipping TextLine with null bounds: TextLine{ "" conf:NaN}
2026-05-10 21:24:28,368 WARN [Wonderful God-lead-Bb#1]          TextBuilder.java:412  | Skipping TextLine with null bounds: TextLine{ "" conf:NaN}
2026-05-10 21:24:28,370 WARN [Wonderful God-lead-Bb#1]          TextBuilder.java:412  | Skipping TextLine with null bounds: TextLine{ "" conf:NaN}
2026-05-10 21:24:28,371 WARN [Wonderful God-lead-Bb#1]          TextBuilder.java:412  | Skipping TextLine with null bounds: TextLine{ "" conf:NaN}
2026-05-10 21:24:28,371 WARN [Wonderful God-lead-Bb#1]          TextBuilder.java:412  | Skipping TextLine with null bounds: TextLine{ "" conf:NaN}
2026-05-10 21:24:28,371 WARN [Wonderful God-lead-Bb#1]          TextBuilder.java:412  | Skipping TextLine with null bounds: TextLine{ "" conf:NaN}
2026-05-10 21:24:28,372 WARN [Wonderful God-lead-Bb#1]          TextBuilder.java:412  | Skipping TextLine with null bounds: TextLine{ "" conf:NaN}
2026-05-10 21:24:28,373 WARN [Wonderful God-lead-Bb#1]          TextBuilder.java:412  | Skipping TextLine with null bounds: TextLine{ "" conf:NaN}
2026-05-10 21:24:28,374 WARN [Wonderful God-lead-Bb#1]          TextBuilder.java:412  | Skipping TextLine with null bounds: TextLine{ "" conf:NaN}
2026-05-10 21:24:28,375 WARN [Wonderful God-lead-Bb#1]          TextBuilder.java:412  | Skipping TextLine with null bounds: TextLine{ "" conf:NaN}
2026-05-10 21:24:28,376 WARN [Wonderful God-lead-Bb#1]          TextBuilder.java:412  | Skipping TextLine with null bounds: TextLine{ "" conf:NaN}
2026-05-10 21:24:28,376 WARN [Wonderful God-lead-Bb#1]          TextBuilder.java:412  | Skipping TextLine with null bounds: TextLine{ "" conf:NaN}
2026-05-10 21:24:28,376 WARN [Wonderful God-lead-Bb#1]          TextBuilder.java:412  | Skipping TextLine with null bounds: TextLine{ "" conf:NaN}
2026-05-10 21:24:28,377 WARN [Wonderful God-lead-Bb#1]          TextBuilder.java:412  | Skipping TextLine with null bounds: TextLine{ "" conf:NaN}
2026-05-10 21:24:28,378 WARN [Wonderful God-lead-Bb#1]          TextBuilder.java:412  | Skipping TextLine with null bounds: TextLine{ "" conf:NaN}
2026-05-10 21:24:28,379 WARN [Wonderful God-lead-Bb#1]          TextBuilder.java:412  | Skipping TextLine with null bounds: TextLine{ "" conf:NaN}
2026-05-10 21:24:28,379 WARN [Wonderful God-lead-Bb#1]          TextBuilder.java:412  | Skipping TextLine with null bounds: TextLine{ "" conf:NaN}
2026-05-10 21:24:28,379 WARN [Wonderful God-lead-Bb#1]          TextBuilder.java:412  | Skipping TextLine with null bounds: TextLine{ "" conf:NaN}
2026-05-10 21:24:28,380 WARN [Wonderful God-lead-Bb#1]          TextBuilder.java:412  | Skipping TextLine with null bounds: TextLine{ "" conf:NaN}
2026-05-10 21:24:28,381 WARN [Wonderful God-lead-Bb#1]          TextBuilder.java:412  | Skipping TextLine with null bounds: TextLine{ "" conf:NaN}
2026-05-10 21:24:28,381 WARN [Wonderful God-lead-Bb#1]          TextBuilder.java:412  | Skipping TextLine with null bounds: TextLine{ "" conf:NaN}
2026-05-10 21:24:28,381 WARN [Wonderful God-lead-Bb#1]          TextBuilder.java:412  | Skipping TextLine with null bounds: TextLine{ "" conf:NaN}
2026-05-10 21:24:28,381 WARN [Wonderful God-lead-Bb#1]          TextBuilder.java:412  | Skipping TextLine with null bounds: TextLine{ "" conf:NaN}
2026-05-10 21:24:28,383 WARN [Wonderful God-lead-Bb#1]          TextBuilder.java:412  | Skipping TextLine with null bounds: TextLine{ "" conf:NaN}
2026-05-10 21:24:28,383 WARN [Wonderful God-lead-Bb#1]          TextBuilder.java:412  | Skipping TextLine with null bounds: TextLine{ "" conf:NaN}
2026-05-10 21:24:28,384 WARN [Wonderful God-lead-Bb#1]          TextBuilder.java:412  | Skipping TextLine with null bounds: TextLine{ "" conf:NaN}
2026-05-10 21:24:28,384 WARN [Wonderful God-lead-Bb#1]          TextBuilder.java:412  | Skipping TextLine with null bounds: TextLine{ "" conf:NaN}
2026-05-10 21:24:28,385 WARN [Wonderful God-lead-Bb#1]          TextBuilder.java:412  | Skipping TextLine with null bounds: TextLine{ "" conf:NaN}
2026-05-10 21:24:28,385 WARN [Wonderful God-lead-Bb#1]          TextBuilder.java:412  | Skipping TextLine with null bounds: TextLine{ "" conf:NaN}
2026-05-10 21:24:28,386 WARN [Wonderful God-lead-Bb#1]          TextBuilder.java:412  | Skipping TextLine with null bounds: TextLine{ "" conf:NaN}
2026-05-10 21:24:28,387 WARN [Wonderful God-lead-Bb#1]          TextBuilder.java:412  | Skipping TextLine with null bounds: TextLine{ "" conf:NaN}
2026-05-10 21:24:28,387 WARN [Wonderful God-lead-Bb#1]          TextBuilder.java:412  | Skipping TextLine with null bounds: TextLine{ "" conf:NaN}
2026-05-10 21:24:28,388 WARN [Wonderful God-lead-Bb#1]          TextBuilder.java:412  | Skipping TextLine with null bounds: TextLine{ "" conf:NaN}
2026-05-10 21:24:28,388 WARN [Wonderful God-lead-Bb#1]          TextBuilder.java:412  | Skipping TextLine with null bounds: TextLine{ "" conf:NaN}
2026-05-10 21:24:28,388 WARN [Wonderful God-lead-Bb#1]          TextBuilder.java:412  | Skipping TextLine with null bounds: TextLine{ "" conf:NaN}
2026-05-10 21:24:28,388 WARN [Wonderful God-lead-Bb#1]          TextBuilder.java:412  | Skipping TextLine with null bounds: TextLine{ "" conf:NaN}
2026-05-10 21:24:28,388 WARN [Wonderful God-lead-Bb#1]          TextBuilder.java:412  | Skipping TextLine with null bounds: TextLine{ "" conf:NaN}
2026-05-10 21:24:28,389 WARN [Wonderful God-lead-Bb#1]          TextBuilder.java:412  | Skipping TextLine with null bounds: TextLine{ "" conf:NaN}
2026-05-10 21:24:28,389 WARN [Wonderful God-lead-Bb#1]          TextBuilder.java:412  | Skipping TextLine with null bounds: TextLine{ "" conf:NaN}
2026-05-10 21:24:28,390 WARN [Wonderful God-lead-Bb#1]          TextBuilder.java:412  | Skipping TextLine with null bounds: TextLine{ "" conf:NaN}
2026-05-10 21:24:28,390 WARN [Wonderful God-lead-Bb#1]          TextBuilder.java:412  | Skipping TextLine with null bounds: TextLine{ "" conf:NaN}
2026-05-10 21:24:28,390 WARN [Wonderful God-lead-Bb#1]          TextBuilder.java:412  | Skipping TextLine with null bounds: TextLine{ "" conf:NaN}
2026-05-10 21:24:28,392 WARN [Wonderful God-lead-Bb#1]          TextBuilder.java:412  | Skipping TextLine with null bounds: TextLine{ "" conf:NaN}
2026-05-10 21:24:28,392 WARN [Wonderful God-lead-Bb#1]          TextBuilder.java:412  | Skipping TextLine with null bounds: TextLine{ "" conf:NaN}
2026-05-10 21:24:28,392 WARN [Wonderful God-lead-Bb#1]          TextBuilder.java:412  | Skipping TextLine with null bounds: TextLine{ "" conf:NaN}
2026-05-10 21:24:28,393 WARN [Wonderful God-lead-Bb#1]          TextBuilder.java:412  | Skipping TextLine with null bounds: TextLine{ "" conf:NaN}
2026-05-10 21:24:28,393 WARN [Wonderful God-lead-Bb#1]          TextBuilder.java:412  | Skipping TextLine with null bounds: TextLine{ "" conf:NaN}
2026-05-10 21:24:28,394 WARN [Wonderful God-lead-Bb#1]          TextBuilder.java:412  | Skipping TextLine with null bounds: TextLine{ "" conf:NaN}
2026-05-10 21:24:28,394 WARN [Wonderful God-lead-Bb#1]          TextBuilder.java:412  | Skipping TextLine with null bounds: TextLine{ "" conf:NaN}
2026-05-10 21:24:28,395 WARN [Wonderful God-lead-Bb#1]          TextBuilder.java:412  | Skipping TextLine with null bounds: TextLine{ "" conf:NaN}
2026-05-10 21:24:28,395 WARN [Wonderful God-lead-Bb#1]          TextBuilder.java:412  | Skipping TextLine with null bounds: TextLine{ "" conf:NaN}
2026-05-10 21:24:28,396 WARN [Wonderful God-lead-Bb#1]          TextBuilder.java:412  | Skipping TextLine with null bounds: TextLine{ "" conf:NaN}
2026-05-10 21:24:28,396 WARN [Wonderful God-lead-Bb#1]          TextBuilder.java:412  | Skipping TextLine with null bounds: TextLine{ "" conf:NaN}
2026-05-10 21:24:28,397 WARN [Wonderful God-lead-Bb#1]          TextBuilder.java:412  | Skipping TextLine with null bounds: TextLine{ "" conf:NaN}
2026-05-10 21:24:28,397 WARN [Wonderful God-lead-Bb#1]          TextBuilder.java:412  | Skipping TextLine with null bounds: TextLine{ "" conf:NaN}
2026-05-10 21:24:28,397 WARN [Wonderful God-lead-Bb#1]          TextBuilder.java:412  | Skipping TextLine with null bounds: TextLine{ "" conf:NaN}
2026-05-10 21:24:28,398 WARN [Wonderful God-lead-Bb#1]          TextBuilder.java:412  | Skipping TextLine with null bounds: TextLine{ "" conf:NaN}
2026-05-10 21:24:28,398 WARN [Wonderful God-lead-Bb#1]          TextBuilder.java:412  | Skipping TextLine with null bounds: TextLine{ "" conf:NaN}
2026-05-10 21:24:28,398 WARN [Wonderful God-lead-Bb#1]          TextBuilder.java:412  | Skipping TextLine with null bounds: TextLine{ "" conf:NaN}
2026-05-10 21:24:28,399 WARN [Wonderful God-lead-Bb#1]          TextBuilder.java:412  | Skipping TextLine with null bounds: TextLine{ "" conf:NaN}
2026-05-10 21:24:28,399 WARN [Wonderful God-lead-Bb#1]          TextBuilder.java:412  | Skipping TextLine with null bounds: TextLine{ "" conf:NaN}
2026-05-10 21:24:28,399 WARN [Wonderful God-lead-Bb#1]          TextBuilder.java:412  | Skipping TextLine with null bounds: TextLine{ "" conf:NaN}
2026-05-10 21:24:28,401 WARN [Wonderful God-lead-Bb#1]          TextBuilder.java:412  | Skipping TextLine with null bounds: TextLine{ "" conf:NaN}
2026-05-10 21:24:28,401 WARN [Wonderful God-lead-Bb#1]          TextBuilder.java:412  | Skipping TextLine with null bounds: TextLine{ "" conf:NaN}
2026-05-10 21:24:28,401 WARN [Wonderful God-lead-Bb#1]          TextBuilder.java:412  | Skipping TextLine with null bounds: TextLine{ "" conf:NaN}
2026-05-10 21:24:28,402 WARN [Wonderful God-lead-Bb#1]          TextBuilder.java:412  | Skipping TextLine with null bounds: TextLine{ "" conf:NaN}
2026-05-10 21:24:28,402 WARN [Wonderful God-lead-Bb#1]          TextBuilder.java:412  | Skipping TextLine with null bounds: TextLine{ "" conf:NaN}
2026-05-10 21:24:28,403 WARN [Wonderful God-lead-Bb#1]          TextBuilder.java:412  | Skipping TextLine with null bounds: TextLine{ "" conf:NaN}
2026-05-10 21:24:28,404 WARN [Wonderful God-lead-Bb#1]          TextBuilder.java:412  | Skipping TextLine with null bounds: TextLine{ "" conf:NaN}
2026-05-10 21:24:28,404 WARN [Wonderful God-lead-Bb#1]          TextBuilder.java:412  | Skipping TextLine with null bounds: TextLine{ "" conf:NaN}
2026-05-10 21:24:28,404 WARN [Wonderful God-lead-Bb#1]          TextBuilder.java:412  | Skipping TextLine with null bounds: TextLine{ "" conf:NaN}
2026-05-10 21:24:28,405 WARN [Wonderful God-lead-Bb#1]          TextBuilder.java:412  | Skipping TextLine with null bounds: TextLine{ "" conf:NaN}
2026-05-10 21:24:28,405 WARN [Wonderful God-lead-Bb#1]          TextBuilder.java:412  | Skipping TextLine with null bounds: TextLine{ "" conf:NaN}
2026-05-10 21:24:28,405 WARN [Wonderful God-lead-Bb#1]          TextBuilder.java:412  | Skipping TextLine with null bounds: TextLine{ "" conf:NaN}
2026-05-10 21:24:28,406 WARN [Wonderful God-lead-Bb#1]          TextBuilder.java:412  | Skipping TextLine with null bounds: TextLine{ "" conf:NaN}
2026-05-10 21:24:28,406 WARN [Wonderful God-lead-Bb#1]          TextBuilder.java:412  | Skipping TextLine with null bounds: TextLine{ "" conf:NaN}
2026-05-10 21:24:28,406 WARN [Wonderful God-lead-Bb#1]          TextBuilder.java:412  | Skipping TextLine with null bounds: TextLine{ "" conf:NaN}
2026-05-10 21:24:28,406 WARN [Wonderful God-lead-Bb#1]          TextBuilder.java:412  | Skipping TextLine with null bounds: TextLine{ "" conf:NaN}
2026-05-10 21:24:28,408 WARN [Wonderful God-lead-Bb#1]          TextBuilder.java:412  | Skipping TextLine with null bounds: TextLine{ "" conf:NaN}
2026-05-10 21:24:28,408 WARN [Wonderful God-lead-Bb#1]          TextBuilder.java:412  | Skipping TextLine with null bounds: TextLine{ "" conf:NaN}
2026-05-10 21:24:28,410 WARN [Wonderful God-lead-Bb#1]          TextBuilder.java:412  | Skipping TextLine with null bounds: TextLine{ "" conf:NaN}
2026-05-10 21:24:28,411 WARN [Wonderful God-lead-Bb#1]          TextBuilder.java:412  | Skipping TextLine with null bounds: TextLine{ "" conf:NaN}
2026-05-10 21:24:28,412 WARN [Wonderful God-lead-Bb#1]          TextBuilder.java:412  | Skipping TextLine with null bounds: TextLine{ "" conf:NaN}
2026-05-10 21:24:28,412 WARN [Wonderful God-lead-Bb#1]          TextBuilder.java:412  | Skipping TextLine with null bounds: TextLine{ "" conf:NaN}
2026-05-10 21:24:28,413 WARN [Wonderful God-lead-Bb#1]          TextBuilder.java:412  | Skipping TextLine with null bounds: TextLine{ "" conf:NaN}
2026-05-10 21:24:28,414 WARN [Wonderful God-lead-Bb#1]          TextBuilder.java:412  | Skipping TextLine with null bounds: TextLine{ "" conf:NaN}
2026-05-10 21:24:28,414 WARN [Wonderful God-lead-Bb#1]          TextBuilder.java:412  | Skipping TextLine with null bounds: TextLine{ "" conf:NaN}
2026-05-10 21:24:28,415 WARN [Wonderful God-lead-Bb#1]          TextBuilder.java:412  | Skipping TextLine with null bounds: TextLine{ "" conf:NaN}
2026-05-10 21:24:28,415 WARN [Wonderful God-lead-Bb#1]          TextBuilder.java:412  | Skipping TextLine with null bounds: TextLine{ "" conf:NaN}
2026-05-10 21:24:28,415 WARN [Wonderful God-lead-Bb#1]          TextBuilder.java:412  | Skipping TextLine with null bounds: TextLine{ "" conf:NaN}
2026-05-10 21:24:28,415 WARN [Wonderful God-lead-Bb#1]          TextBuilder.java:412  | Skipping TextLine with null bounds: TextLine{ "" conf:NaN}
2026-05-10 21:24:28,416 WARN [Wonderful God-lead-Bb#1]          TextBuilder.java:412  | Skipping TextLine with null bounds: TextLine{ "" conf:NaN}
2026-05-10 21:24:28,416 WARN [Wonderful God-lead-Bb#1]          TextBuilder.java:412  | Skipping TextLine with null bounds: TextLine{ "" conf:NaN}
2026-05-10 21:24:28,416 WARN [Wonderful God-lead-Bb#1]          TextBuilder.java:412  | Skipping TextLine with null bounds: TextLine{ "" conf:NaN}
2026-05-10 21:24:28,417 WARN [Wonderful God-lead-Bb#1]          TextBuilder.java:412  | Skipping TextLine with null bounds: TextLine{ "" conf:NaN}
2026-05-10 21:24:28,417 WARN [Wonderful God-lead-Bb#1]          TextBuilder.java:412  | Skipping TextLine with null bounds: TextLine{ "" conf:NaN}
2026-05-10 21:24:28,417 WARN [Wonderful God-lead-Bb#1]          TextBuilder.java:412  | Skipping TextLine with null bounds: TextLine{ "" conf:NaN}
2026-05-10 21:24:28,418 WARN [Wonderful God-lead-Bb#1]          TextBuilder.java:412  | Skipping TextLine with null bounds: TextLine{ "" conf:NaN}
2026-05-10 21:24:28,419 WARN [Wonderful God-lead-Bb#1]          TextBuilder.java:412  | Skipping TextLine with null bounds: TextLine{ "" conf:NaN}
2026-05-10 21:24:28,420 WARN [Wonderful God-lead-Bb#1]          TextBuilder.java:412  | Skipping TextLine with null bounds: TextLine{ "" conf:NaN}
2026-05-10 21:24:28,421 WARN [Wonderful God-lead-Bb#1]          TextBuilder.java:412  | Skipping TextLine with null bounds: TextLine{ "" conf:NaN}
2026-05-10 21:24:28,421 WARN [Wonderful God-lead-Bb#1]          TextBuilder.java:412  | Skipping TextLine with null bounds: TextLine{ "" conf:NaN}
2026-05-10 21:24:28,421 WARN [Wonderful God-lead-Bb#1]          TextBuilder.java:412  | Skipping TextLine with null bounds: TextLine{ "" conf:NaN}
2026-05-10 21:24:28,422 WARN [Wonderful God-lead-Bb#1]          TextBuilder.java:412  | Skipping TextLine with null bounds: TextLine{ "" conf:NaN}
2026-05-10 21:24:28,422 WARN [Wonderful God-lead-Bb#1]          TextBuilder.java:412  | Skipping TextLine with null bounds: TextLine{ "" conf:NaN}
2026-05-10 21:24:28,422 WARN [Wonderful God-lead-Bb#1]          TextBuilder.java:412  | Skipping TextLine with null bounds: TextLine{ "" conf:NaN}
2026-05-10 21:24:28,423 WARN [Wonderful God-lead-Bb#1]          TextBuilder.java:412  | Skipping TextLine with null bounds: TextLine{ "" conf:NaN}
2026-05-10 21:24:28,424 WARN [Wonderful God-lead-Bb#1]          TextBuilder.java:412  | Skipping TextLine with null bounds: TextLine{ "" conf:NaN}
2026-05-10 21:24:28,424 WARN [Wonderful God-lead-Bb#1]          TextBuilder.java:412  | Skipping TextLine with null bounds: TextLine{ "" conf:NaN}
2026-05-10 21:24:28,424 WARN [Wonderful God-lead-Bb#1]          TextBuilder.java:412  | Skipping TextLine with null bounds: TextLine{ "" conf:NaN}
2026-05-10 21:24:28,425 WARN [Wonderful God-lead-Bb#1]          TextBuilder.java:412  | Skipping TextLine with null bounds: TextLine{ "" conf:NaN}
2026-05-10 21:24:28,425 WARN [Wonderful God-lead-Bb#1]          TextBuilder.java:412  | Skipping TextLine with null bounds: TextLine{ "" conf:NaN}
2026-05-10 21:24:28,425 WARN [Wonderful God-lead-Bb#1]          TextBuilder.java:412  | Skipping TextLine with null bounds: TextLine{ "" conf:NaN}
2026-05-10 21:24:28,426 WARN [Wonderful God-lead-Bb#1]          TextBuilder.java:412  | Skipping TextLine with null bounds: TextLine{ "" conf:NaN}
2026-05-10 21:24:28,427 WARN [Wonderful God-lead-Bb#1]          TextBuilder.java:412  | Skipping TextLine with null bounds: TextLine{ "" conf:NaN}
2026-05-10 21:24:28,427 WARN [Wonderful God-lead-Bb#1]          TextBuilder.java:412  | Skipping TextLine with null bounds: TextLine{ "" conf:NaN}
2026-05-10 21:24:28,428 WARN [Wonderful God-lead-Bb#1]          TextBuilder.java:412  | Skipping TextLine with null bounds: TextLine{ "" conf:NaN}
2026-05-10 21:24:28,428 WARN [Wonderful God-lead-Bb#1]          TextBuilder.java:412  | Skipping TextLine with null bounds: TextLine{ "" conf:NaN}
2026-05-10 21:24:28,428 WARN [Wonderful God-lead-Bb#1]          TextBuilder.java:412  | Skipping TextLine with null bounds: TextLine{ "" conf:NaN}
2026-05-10 21:24:28,429 WARN [Wonderful God-lead-Bb#1]          TextBuilder.java:412  | Skipping TextLine with null bounds: TextLine{ "" conf:NaN}
2026-05-10 21:24:28,429 WARN [Wonderful God-lead-Bb#1]          TextBuilder.java:412  | Skipping TextLine with null bounds: TextLine{ "" conf:NaN}
2026-05-10 21:24:28,430 WARN [Wonderful God-lead-Bb#1]          TextBuilder.java:412  | Skipping TextLine with null bounds: TextLine{ "" conf:NaN}
2026-05-10 21:24:28,430 WARN [Wonderful God-lead-Bb#1]          TextBuilder.java:412  | Skipping TextLine with null bounds: TextLine{ "" conf:NaN}
2026-05-10 21:24:28,430 WARN [Wonderful God-lead-Bb#1]          TextBuilder.java:412  | Skipping TextLine with null bounds: TextLine{ "" conf:NaN}
2026-05-10 21:24:28,431 WARN [Wonderful God-lead-Bb#1]          TextBuilder.java:412  | Skipping TextLine with null bounds: TextLine{ "" conf:NaN}
2026-05-10 21:24:28,432 WARN [Wonderful God-lead-Bb#1]          TextBuilder.java:412  | Skipping TextLine with null bounds: TextLine{ "" conf:NaN}
2026-05-10 21:24:28,432 WARN [Wonderful God-lead-Bb#1]          TextBuilder.java:412  | Skipping TextLine with null bounds: TextLine{ "" conf:NaN}
2026-05-10 21:24:28,432 WARN [Wonderful God-lead-Bb#1]          TextBuilder.java:412  | Skipping TextLine with null bounds: TextLine{ "" conf:NaN}
2026-05-10 21:24:28,432 WARN [Wonderful God-lead-Bb#1]          TextBuilder.java:412  | Skipping TextLine with null bounds: TextLine{ "" conf:NaN}
2026-05-10 21:24:28,433 WARN [Wonderful God-lead-Bb#1]          TextBuilder.java:412  | Skipping TextLine with null bounds: TextLine{ "" conf:NaN}
2026-05-10 21:24:28,433 WARN [Wonderful God-lead-Bb#1]          TextBuilder.java:412  | Skipping TextLine with null bounds: TextLine{ "" conf:NaN}
2026-05-10 21:24:28,434 WARN [Wonderful God-lead-Bb#1]          TextBuilder.java:412  | Skipping TextLine with null bounds: TextLine{ "" conf:NaN}
2026-05-10 21:24:28,434 WARN [Wonderful God-lead-Bb#1]          TextBuilder.java:412  | Skipping TextLine with null bounds: TextLine{ "" conf:NaN}
2026-05-10 21:24:28,435 WARN [Wonderful God-lead-Bb#1]          TextBuilder.java:412  | Skipping TextLine with null bounds: TextLine{ "" conf:NaN}
2026-05-10 21:24:28,435 WARN [Wonderful God-lead-Bb#1]          TextBuilder.java:412  | Skipping TextLine with null bounds: TextLine{ "" conf:NaN}
2026-05-10 21:24:28,435 WARN [Wonderful God-lead-Bb#1]          TextBuilder.java:412  | Skipping TextLine with null bounds: TextLine{ "" conf:NaN}
2026-05-10 21:24:28,435 WARN [Wonderful God-lead-Bb#1]          TextBuilder.java:412  | Skipping TextLine with null bounds: TextLine{ "" conf:NaN}
2026-05-10 21:24:28,437 WARN [Wonderful God-lead-Bb#1]          TextBuilder.java:412  | Skipping TextLine with null bounds: TextLine{ "" conf:NaN}
2026-05-10 21:24:28,437 WARN [Wonderful God-lead-Bb#1]          TextBuilder.java:412  | Skipping TextLine with null bounds: TextLine{ "" conf:NaN}
2026-05-10 21:24:28,437 WARN [Wonderful God-lead-Bb#1]          TextBuilder.java:412  | Skipping TextLine with null bounds: TextLine{ "" conf:NaN}
2026-05-10 21:24:28,437 WARN [Wonderful God-lead-Bb#1]          TextBuilder.java:412  | Skipping TextLine with null bounds: TextLine{ "" conf:NaN}
2026-05-10 21:24:28,437 WARN [Wonderful God-lead-Bb#1]          TextBuilder.java:412  | Skipping TextLine with null bounds: TextLine{ "" conf:NaN}
2026-05-10 21:24:28,438 WARN [Wonderful God-lead-Bb#1]          TextBuilder.java:412  | Skipping TextLine with null bounds: TextLine{ "" conf:NaN}
2026-05-10 21:24:28,438 WARN [Wonderful God-lead-Bb#1]          TextBuilder.java:412  | Skipping TextLine with null bounds: TextLine{ "" conf:NaN}
2026-05-10 21:24:28,439 WARN [Wonderful God-lead-Bb#1]          TextBuilder.java:412  | Skipping TextLine with null bounds: TextLine{ "" conf:NaN}
2026-05-10 21:24:28,439 WARN [Wonderful God-lead-Bb#1]          TextBuilder.java:412  | Skipping TextLine with null bounds: TextLine{ "" conf:NaN}
2026-05-10 21:24:28,439 WARN [Wonderful God-lead-Bb#1]          TextBuilder.java:412  | Skipping TextLine with null bounds: TextLine{ "" conf:NaN}
2026-05-10 21:24:28,440 WARN [Wonderful God-lead-Bb#1]          TextBuilder.java:412  | Skipping TextLine with null bounds: TextLine{ "" conf:NaN}
2026-05-10 21:24:28,440 WARN [Wonderful God-lead-Bb#1]          TextBuilder.java:412  | Skipping TextLine with null bounds: TextLine{ "" conf:NaN}
2026-05-10 21:24:28,441 WARN [Wonderful God-lead-Bb#1]          TextBuilder.java:412  | Skipping TextLine with null bounds: TextLine{ "" conf:NaN}
2026-05-10 21:24:28,443 WARN [Wonderful God-lead-Bb#1]          TextBuilder.java:412  | Skipping TextLine with null bounds: TextLine{ "" conf:NaN}
2026-05-10 21:24:28,444 WARN [Wonderful God-lead-Bb#1]          TextBuilder.java:412  | Skipping TextLine with null bounds: TextLine{ "" conf:NaN}
2026-05-10 21:24:28,444 WARN [Wonderful God-lead-Bb#1]          TextBuilder.java:412  | Skipping TextLine with null bounds: TextLine{ "" conf:NaN}
2026-05-10 21:24:28,444 WARN [Wonderful God-lead-Bb#1]          TextBuilder.java:412  | Skipping TextLine with null bounds: TextLine{ "" conf:NaN}
2026-05-10 21:24:28,445 WARN [Wonderful God-lead-Bb#1]          TextBuilder.java:412  | Skipping TextLine with null bounds: TextLine{ "" conf:NaN}
2026-05-10 21:24:28,445 WARN [Wonderful God-lead-Bb#1]          TextBuilder.java:412  | Skipping TextLine with null bounds: TextLine{ "" conf:NaN}
2026-05-10 21:24:28,446 WARN [Wonderful God-lead-Bb#1]          TextBuilder.java:412  | Skipping TextLine with null bounds: TextLine{ "" conf:NaN}
2026-05-10 21:24:28,446 WARN [Wonderful God-lead-Bb#1]          TextBuilder.java:412  | Skipping TextLine with null bounds: TextLine{ "" conf:NaN}
2026-05-10 21:24:28,446 WARN [Wonderful God-lead-Bb#1]          TextBuilder.java:412  | Skipping TextLine with null bounds: TextLine{ "" conf:NaN}
2026-05-10 21:24:28,446 WARN [Wonderful God-lead-Bb#1]          TextBuilder.java:412  | Skipping TextLine with null bounds: TextLine{ "" conf:NaN}
2026-05-10 21:24:28,446 WARN [Wonderful God-lead-Bb#1]          TextBuilder.java:412  | Skipping TextLine with null bounds: TextLine{ "" conf:NaN}
2026-05-10 21:24:28,446 WARN [Wonderful God-lead-Bb#1]          TextBuilder.java:412  | Skipping TextLine with null bounds: TextLine{ "" conf:NaN}
2026-05-10 21:24:28,448 WARN [Wonderful God-lead-Bb#1]          TextBuilder.java:412  | Skipping TextLine with null bounds: TextLine{ "" conf:NaN}
2026-05-10 21:24:28,448 WARN [Wonderful God-lead-Bb#1]          TextBuilder.java:412  | Skipping TextLine with null bounds: TextLine{ "" conf:NaN}
2026-05-10 21:24:28,448 WARN [Wonderful God-lead-Bb#1]          TextBuilder.java:412  | Skipping TextLine with null bounds: TextLine{ "" conf:NaN}
2026-05-10 21:24:28,449 WARN [Wonderful God-lead-Bb#1]          TextBuilder.java:412  | Skipping TextLine with null bounds: TextLine{ "" conf:NaN}
2026-05-10 21:24:28,449 WARN [Wonderful God-lead-Bb#1]          TextBuilder.java:412  | Skipping TextLine with null bounds: TextLine{ "" conf:NaN}
2026-05-10 21:24:28,449 WARN [Wonderful God-lead-Bb#1]          TextBuilder.java:412  | Skipping TextLine with null bounds: TextLine{ "" conf:NaN}
2026-05-10 21:24:28,450 WARN [Wonderful God-lead-Bb#1]          TextBuilder.java:412  | Skipping TextLine with null bounds: TextLine{ "" conf:NaN}
2026-05-10 21:24:28,450 WARN [Wonderful God-lead-Bb#1]          TextBuilder.java:412  | Skipping TextLine with null bounds: TextLine{ "" conf:NaN}
2026-05-10 21:24:28,451 WARN [Wonderful God-lead-Bb#1]          TextBuilder.java:412  | Skipping TextLine with null bounds: TextLine{ "" conf:NaN}
2026-05-10 21:24:28,451 WARN [Wonderful God-lead-Bb#1]          TextBuilder.java:412  | Skipping TextLine with null bounds: TextLine{ "" conf:NaN}
2026-05-10 21:24:28,452 WARN [Wonderful God-lead-Bb#1]          TextBuilder.java:412  | Skipping TextLine with null bounds: TextLine{ "" conf:NaN}
2026-05-10 21:24:28,452 WARN [Wonderful God-lead-Bb#1]          TextBuilder.java:412  | Skipping TextLine with null bounds: TextLine{ "" conf:NaN}
2026-05-10 21:24:28,453 WARN [Wonderful God-lead-Bb#1]          TextBuilder.java:412  | Skipping TextLine with null bounds: TextLine{ "" conf:NaN}
2026-05-10 21:24:28,454 WARN [Wonderful God-lead-Bb#1]          TextBuilder.java:412  | Skipping TextLine with null bounds: TextLine{ "" conf:NaN}
2026-05-10 21:24:28,455 WARN [Wonderful God-lead-Bb#1]          TextBuilder.java:412  | Skipping TextLine with null bounds: TextLine{ "" conf:NaN}
2026-05-10 21:24:28,455 WARN [Wonderful God-lead-Bb#1]          TextBuilder.java:412  | Skipping TextLine with null bounds: TextLine{ "" conf:NaN}
2026-05-10 21:24:28,455 WARN [Wonderful God-lead-Bb#1]          TextBuilder.java:412  | Skipping TextLine with null bounds: TextLine{ "" conf:NaN}
2026-05-10 21:24:28,456 WARN [Wonderful God-lead-Bb#1]          TextBuilder.java:412  | Skipping TextLine with null bounds: TextLine{ "" conf:NaN}
2026-05-10 21:24:28,456 WARN [Wonderful God-lead-Bb#1]          TextBuilder.java:412  | Skipping TextLine with null bounds: TextLine{ "" conf:NaN}
2026-05-10 21:24:28,456 WARN [Wonderful God-lead-Bb#1]          TextBuilder.java:412  | Skipping TextLine with null bounds: TextLine{ "" conf:NaN}
2026-05-10 21:24:28,457 WARN [Wonderful God-lead-Bb#1]          TextBuilder.java:412  | Skipping TextLine with null bounds: TextLine{ "" conf:NaN}
2026-05-10 21:24:28,457 WARN [Wonderful God-lead-Bb#1]          TextBuilder.java:412  | Skipping TextLine with null bounds: TextLine{ "" conf:NaN}
2026-05-10 21:24:28,458 WARN [Wonderful God-lead-Bb#1]          TextBuilder.java:412  | Skipping TextLine with null bounds: TextLine{ "" conf:NaN}
2026-05-10 21:24:28,458 WARN [Wonderful God-lead-Bb#1]          TextBuilder.java:412  | Skipping TextLine with null bounds: TextLine{ "" conf:NaN}
2026-05-10 21:24:28,459 WARN [Wonderful God-lead-Bb#1]          TextBuilder.java:412  | Skipping TextLine with null bounds: TextLine{ "" conf:NaN}
2026-05-10 21:24:28,460 WARN [Wonderful God-lead-Bb#1]          TextBuilder.java:412  | Skipping TextLine with null bounds: TextLine{ "" conf:NaN}
2026-05-10 21:24:28,461 WARN [Wonderful God-lead-Bb#1]          TextBuilder.java:412  | Skipping TextLine with null bounds: TextLine{ "" conf:NaN}
2026-05-10 21:24:28,462 WARN [Wonderful God-lead-Bb#1]          TextBuilder.java:412  | Skipping TextLine with null bounds: TextLine{ "" conf:NaN}
2026-05-10 21:24:28,462 WARN [Wonderful God-lead-Bb#1]          TextBuilder.java:412  | Skipping TextLine with null bounds: TextLine{ "" conf:NaN}
2026-05-10 21:24:28,463 WARN [Wonderful God-lead-Bb#1]          TextBuilder.java:412  | Skipping TextLine with null bounds: TextLine{ "" conf:NaN}
2026-05-10 21:24:28,464 WARN [Wonderful God-lead-Bb#1]          TextBuilder.java:412  | Skipping TextLine with null bounds: TextLine{ "" conf:NaN}
2026-05-10 21:24:28,464 WARN [Wonderful God-lead-Bb#1]          TextBuilder.java:412  | Skipping TextLine with null bounds: TextLine{ "" conf:NaN}
2026-05-10 21:24:28,464 WARN [Wonderful God-lead-Bb#1]          TextBuilder.java:412  | Skipping TextLine with null bounds: TextLine{ "" conf:NaN}
2026-05-10 21:24:28,465 WARN [Wonderful God-lead-Bb#1]          TextBuilder.java:412  | Skipping TextLine with null bounds: TextLine{ "" conf:NaN}
2026-05-10 21:24:28,465 WARN [Wonderful God-lead-Bb#1]          TextBuilder.java:412  | Skipping TextLine with null bounds: TextLine{ "" conf:NaN}
2026-05-10 21:24:28,465 WARN [Wonderful God-lead-Bb#1]          TextBuilder.java:412  | Skipping TextLine with null bounds: TextLine{ "" conf:NaN}
2026-05-10 21:24:28,465 WARN [Wonderful God-lead-Bb#1]          TextBuilder.java:412  | Skipping TextLine with null bounds: TextLine{ "" conf:NaN}
2026-05-10 21:24:28,466 WARN [Wonderful God-lead-Bb#1]          TextBuilder.java:412  | Skipping TextLine with null bounds: TextLine{ "" conf:NaN}
2026-05-10 21:24:28,466 WARN [Wonderful God-lead-Bb#1]          TextBuilder.java:412  | Skipping TextLine with null bounds: TextLine{ "" conf:NaN}
2026-05-10 21:24:28,466 WARN [Wonderful God-lead-Bb#1]          TextBuilder.java:412  | Skipping TextLine with null bounds: TextLine{ "" conf:NaN}
2026-05-10 21:24:28,466 WARN [Wonderful God-lead-Bb#1]          TextBuilder.java:412  | Skipping TextLine with null bounds: TextLine{ "" conf:NaN}
2026-05-10 21:24:28,467 WARN [Wonderful God-lead-Bb#1]          TextBuilder.java:412  | Skipping TextLine with null bounds: TextLine{ "" conf:NaN}
2026-05-10 21:24:28,467 WARN [Wonderful God-lead-Bb#1]          TextBuilder.java:412  | Skipping TextLine with null bounds: TextLine{ "" conf:NaN}
2026-05-10 21:24:28,467 WARN [Wonderful God-lead-Bb#1]          TextBuilder.java:412  | Skipping TextLine with null bounds: TextLine{ "" conf:NaN}
2026-05-10 21:24:28,468 WARN [Wonderful God-lead-Bb#1]          TextBuilder.java:412  | Skipping TextLine with null bounds: TextLine{ "" conf:NaN}
2026-05-10 21:24:28,468 WARN [Wonderful God-lead-Bb#1]          TextBuilder.java:412  | Skipping TextLine with null bounds: TextLine{ "" conf:NaN}
2026-05-10 21:24:28,468 WARN [Wonderful God-lead-Bb#1]          TextBuilder.java:412  | Skipping TextLine with null bounds: TextLine{ "" conf:NaN}
2026-05-10 21:24:28,469 WARN [Wonderful God-lead-Bb#1]          TextBuilder.java:412  | Skipping TextLine with null bounds: TextLine{ "" conf:NaN}
2026-05-10 21:24:28,469 WARN [Wonderful God-lead-Bb#1]          TextBuilder.java:412  | Skipping TextLine with null bounds: TextLine{ "" conf:NaN}
2026-05-10 21:24:28,470 WARN [Wonderful God-lead-Bb#1]          TextBuilder.java:412  | Skipping TextLine with null bounds: TextLine{ "" conf:NaN}
2026-05-10 21:24:28,470 WARN [Wonderful God-lead-Bb#1]          TextBuilder.java:412  | Skipping TextLine with null bounds: TextLine{ "" conf:NaN}
2026-05-10 21:24:28,470 WARN [Wonderful God-lead-Bb#1]          TextBuilder.java:412  | Skipping TextLine with null bounds: TextLine{ "" conf:NaN}
2026-05-10 21:24:28,470 WARN [Wonderful God-lead-Bb#1]          TextBuilder.java:412  | Skipping TextLine with null bounds: TextLine{ "" conf:NaN}
2026-05-10 21:24:28,470 WARN [Wonderful God-lead-Bb#1]          TextBuilder.java:412  | Skipping TextLine with null bounds: TextLine{ "" conf:NaN}
2026-05-10 21:24:28,471 WARN [Wonderful God-lead-Bb#1]          TextBuilder.java:412  | Skipping TextLine with null bounds: TextLine{ "" conf:NaN}
2026-05-10 21:24:28,471 WARN [Wonderful God-lead-Bb#1]          TextBuilder.java:412  | Skipping TextLine with null bounds: TextLine{ "" conf:NaN}
2026-05-10 21:24:28,471 WARN [Wonderful God-lead-Bb#1]          TextBuilder.java:412  | Skipping TextLine with null bounds: TextLine{ "" conf:NaN}
2026-05-10 21:24:28,474 WARN [Wonderful God-lead-Bb#1]          TextBuilder.java:412  | Skipping TextLine with null bounds: TextLine{ "" conf:NaN}
2026-05-10 21:24:28,474 WARN [Wonderful God-lead-Bb#1]          TextBuilder.java:412  | Skipping TextLine with null bounds: TextLine{ "" conf:NaN}
2026-05-10 21:24:28,474 WARN [Wonderful God-lead-Bb#1]          TextBuilder.java:412  | Skipping TextLine with null bounds: TextLine{ "" conf:NaN}
2026-05-10 21:24:37,775 INFO [Wonderful God-lead-Bb#1]           PageRhythm.java:176  | {Page#1.1} Starting PageRhythm time signature check
2026-05-10 21:24:37,777 INFO [Wonderful God-lead-Bb#1]           PageRhythm.java:178  | {Page#1.1} Initial range state: Range{SN1- tSig:4/4} → ts: TimePairInter#176{ FROZEN(0.952/0.952) staff:1 4/4}
2026-05-10 21:24:37,779 INFO [Wonderful God-lead-Bb#1]           PageRhythm.java:184  | {Page#1.1} Checking range: Range{SN1- tSig:4/4}, ts: TimePairInter#176{ FROZEN(0.952/0.952) staff:1 4/4}
2026-05-10 21:24:37,780 INFO [Wonderful God-lead-Bb#1]           PageRhythm.java:277  | Last range: Range{SN1-28 tSig:4/4 dur:1}
2026-05-10 21:24:37,780 INFO [Wonderful God-lead-Bb#1]           PageRhythm.java:278  | lastRange.timeRational = 4/4
2026-05-10 21:24:37,780 INFO [Wonderful God-lead-Bb#1]           PageRhythm.java:279  | lastRange.ts = TimePairInter#176{ FROZEN(0.952/0.952) staff:1 4/4}
2026-05-10 21:24:37,783 DEBUG [Wonderful God-lead-Bb#1]           PageRhythm.java:121  | MeasureStack#1 frats: 1 [10061]
2026-05-10 21:24:37,783 DEBUG [Wonderful God-lead-Bb#1]           PageRhythm.java:121  | MeasureStack#2 frats: 1 [10057]
2026-05-10 21:24:37,785 DEBUG [Wonderful God-lead-Bb#1]           PageRhythm.java:121  | MeasureStack#3 frats: 1 [10065]
2026-05-10 21:24:37,786 DEBUG [Wonderful God-lead-Bb#1]           PageRhythm.java:121  | MeasureStack#4 frats: 2 [10060, 10067]
2026-05-10 21:24:37,788 DEBUG [Wonderful God-lead-Bb#1]           PageRhythm.java:121  | MeasureStack#5 frats: 1 [10425]
2026-05-10 21:24:37,789 DEBUG [Wonderful God-lead-Bb#1]           PageRhythm.java:121  | MeasureStack#6 frats: 1 [10233]
2026-05-10 21:24:37,789 DEBUG [Wonderful God-lead-Bb#1]           PageRhythm.java:121  | MeasureStack#7 frats: 2 [10423, 10426]
2026-05-10 21:24:37,790 DEBUG [Wonderful God-lead-Bb#1]           PageRhythm.java:121  | MeasureStack#8 frats: 0 []
2026-05-10 21:24:37,790 DEBUG [Wonderful God-lead-Bb#1]           PageRhythm.java:121  | MeasureStack#9 frats: 2 [10427, 10428]
2026-05-10 21:24:37,790 DEBUG [Wonderful God-lead-Bb#1]           PageRhythm.java:121  | MeasureStack#10 frats: 0 []
2026-05-10 21:24:37,791 DEBUG [Wonderful God-lead-Bb#1]           PageRhythm.java:121  | MeasureStack#11 frats: 2 [10728, 10723]
2026-05-10 21:24:37,791 DEBUG [Wonderful God-lead-Bb#1]           PageRhythm.java:121  | MeasureStack#12 frats: 2 [10724, 10725]
2026-05-10 21:24:37,791 DEBUG [Wonderful God-lead-Bb#1]           PageRhythm.java:121  | MeasureStack#13 frats: 2 [10729, 10730]
2026-05-10 21:24:37,791 DEBUG [Wonderful God-lead-Bb#1]           PageRhythm.java:121  | MeasureStack#14 frats: 1 [11146]
2026-05-10 21:24:37,793 DEBUG [Wonderful God-lead-Bb#1]           PageRhythm.java:121  | MeasureStack#15 frats: 1 [11147]
2026-05-10 21:24:37,793 DEBUG [Wonderful God-lead-Bb#1]           PageRhythm.java:121  | MeasureStack#16 frats: 3 [11145, 11149, 11150]
2026-05-10 21:24:37,795 DEBUG [Wonderful God-lead-Bb#1]           PageRhythm.java:121  | MeasureStack#17 frats: 2 [11421, 11422]
2026-05-10 21:24:37,795 DEBUG [Wonderful God-lead-Bb#1]           PageRhythm.java:121  | MeasureStack#18 frats: 2 [11250, 11424]
2026-05-10 21:24:37,796 DEBUG [Wonderful God-lead-Bb#1]           PageRhythm.java:121  | MeasureStack#19 frats: 4 [11417, 11418, 11419, 11293]
2026-05-10 21:24:37,796 DEBUG [Wonderful God-lead-Bb#1]           PageRhythm.java:121  | MeasureStack#20 frats: 3 [11425, 11323, 11420]
2026-05-10 21:24:37,797 DEBUG [Wonderful God-lead-Bb#1]           PageRhythm.java:121  | MeasureStack#21 frats: 0 []
2026-05-10 21:24:37,797 DEBUG [Wonderful God-lead-Bb#1]           PageRhythm.java:121  | MeasureStack#22 frats: 2 [11858, 11859]
2026-05-10 21:24:37,798 DEBUG [Wonderful God-lead-Bb#1]           PageRhythm.java:121  | MeasureStack#23 frats: 2 [11860, 11861]
2026-05-10 21:24:37,798 DEBUG [Wonderful God-lead-Bb#1]           PageRhythm.java:121  | MeasureStack#24 frats: 2 [12077, 12078]
2026-05-10 21:24:37,799 DEBUG [Wonderful God-lead-Bb#1]           PageRhythm.java:121  | MeasureStack#25 frats: 2 [12079, 12080]
2026-05-10 21:24:37,799 DEBUG [Wonderful God-lead-Bb#1]           PageRhythm.java:121  | MeasureStack#26 frats: 2 [12012, 12081]
2026-05-10 21:24:37,799 DEBUG [Wonderful God-lead-Bb#1]           PageRhythm.java:121  | MeasureStack#27 frats: 3 [12075, 12076, 12082]
2026-05-10 21:24:37,799 DEBUG [Wonderful God-lead-Bb#1]           PageRhythm.java:121  | MeasureStack#28 frats: 2 [12067, 12083]
2026-05-10 21:24:37,800 DEBUG [Wonderful God-lead-Bb#1]           PageRhythm.java:325  | Starting Range{SN1-28 tSig:4/4 dur:1}
2026-05-10 21:24:37,800 DEBUG [Wonderful God-lead-Bb#1]           PageRhythm.java:329  | About to process StackRhythm for MeasureStack#1
2026-05-10 21:24:37,801 DEBUG [Wonderful God-lead-Bb#1]          StackRhythm.java:221  | Setting expectedDuration=1 for stack on page 1
2026-05-10 21:24:37,824 DEBUG [Wonderful God-lead-Bb#1]           PageRhythm.java:331  | Finished processing StackRhythm for MeasureStack#1
2026-05-10 21:24:37,825 DEBUG [Wonderful God-lead-Bb#1]           PageRhythm.java:329  | About to process StackRhythm for MeasureStack#2
2026-05-10 21:24:37,826 DEBUG [Wonderful God-lead-Bb#1]          StackRhythm.java:221  | Setting expectedDuration=1 for stack on page 2
2026-05-10 21:24:37,835 DEBUG [Wonderful God-lead-Bb#1]           PageRhythm.java:331  | Finished processing StackRhythm for MeasureStack#2
2026-05-10 21:24:37,835 DEBUG [Wonderful God-lead-Bb#1]           PageRhythm.java:329  | About to process StackRhythm for MeasureStack#3
2026-05-10 21:24:37,836 DEBUG [Wonderful God-lead-Bb#1]          StackRhythm.java:221  | Setting expectedDuration=1 for stack on page 3
2026-05-10 21:24:37,837 DEBUG [Wonderful God-lead-Bb#1]           PageRhythm.java:331  | Finished processing StackRhythm for MeasureStack#3
2026-05-10 21:24:37,838 DEBUG [Wonderful God-lead-Bb#1]           PageRhythm.java:329  | About to process StackRhythm for MeasureStack#4
2026-05-10 21:24:37,838 DEBUG [Wonderful God-lead-Bb#1]          StackRhythm.java:221  | Setting expectedDuration=1 for stack on page 4
2026-05-10 21:24:37,839 DEBUG [Wonderful God-lead-Bb#1]           PageRhythm.java:331  | Finished processing StackRhythm for MeasureStack#4
2026-05-10 21:24:37,843 DEBUG [Wonderful God-lead-Bb#1]           PageRhythm.java:329  | About to process StackRhythm for MeasureStack#5
2026-05-10 21:24:37,843 DEBUG [Wonderful God-lead-Bb#1]          StackRhythm.java:221  | Setting expectedDuration=1 for stack on page 5
2026-05-10 21:24:37,847 DEBUG [Wonderful God-lead-Bb#1]           PageRhythm.java:331  | Finished processing StackRhythm for MeasureStack#5
2026-05-10 21:24:37,848 DEBUG [Wonderful God-lead-Bb#1]           PageRhythm.java:329  | About to process StackRhythm for MeasureStack#6
2026-05-10 21:24:37,848 DEBUG [Wonderful God-lead-Bb#1]          StackRhythm.java:221  | Setting expectedDuration=1 for stack on page 6
2026-05-10 21:24:37,851 DEBUG [Wonderful God-lead-Bb#1]           PageRhythm.java:331  | Finished processing StackRhythm for MeasureStack#6
2026-05-10 21:24:37,851 DEBUG [Wonderful God-lead-Bb#1]           PageRhythm.java:329  | About to process StackRhythm for MeasureStack#7
2026-05-10 21:24:37,852 DEBUG [Wonderful God-lead-Bb#1]          StackRhythm.java:221  | Setting expectedDuration=1 for stack on page 7
2026-05-10 21:24:37,856 INFO [Wonderful God-lead-Bb#1]          StackRhythm.java:226  | S2 MeasureStack#7 no correct rhythm
2026-05-10 21:24:37,857 DEBUG [Wonderful God-lead-Bb#1]           PageRhythm.java:331  | Finished processing StackRhythm for MeasureStack#7
2026-05-10 21:24:37,857 DEBUG [Wonderful God-lead-Bb#1]           PageRhythm.java:329  | About to process StackRhythm for MeasureStack#8
2026-05-10 21:24:37,857 DEBUG [Wonderful God-lead-Bb#1]          StackRhythm.java:221  | Setting expectedDuration=1 for stack on page 8
2026-05-10 21:24:37,861 DEBUG [Wonderful God-lead-Bb#1]           PageRhythm.java:331  | Finished processing StackRhythm for MeasureStack#8
2026-05-10 21:24:37,861 DEBUG [Wonderful God-lead-Bb#1]           PageRhythm.java:329  | About to process StackRhythm for MeasureStack#9
2026-05-10 21:24:37,862 DEBUG [Wonderful God-lead-Bb#1]          StackRhythm.java:221  | Setting expectedDuration=1 for stack on page 9
2026-05-10 21:24:37,863 INFO [Wonderful God-lead-Bb#1]          StackRhythm.java:226  | S2 MeasureStack#9 no correct rhythm
2026-05-10 21:24:37,863 DEBUG [Wonderful God-lead-Bb#1]           PageRhythm.java:331  | Finished processing StackRhythm for MeasureStack#9
2026-05-10 21:24:37,863 DEBUG [Wonderful God-lead-Bb#1]           PageRhythm.java:329  | About to process StackRhythm for MeasureStack#10
2026-05-10 21:24:37,863 DEBUG [Wonderful God-lead-Bb#1]          StackRhythm.java:221  | Setting expectedDuration=1 for stack on page 10
2026-05-10 21:24:37,866 DEBUG [Wonderful God-lead-Bb#1]           PageRhythm.java:331  | Finished processing StackRhythm for MeasureStack#10
2026-05-10 21:24:37,866 DEBUG [Wonderful God-lead-Bb#1]           PageRhythm.java:329  | About to process StackRhythm for MeasureStack#11
2026-05-10 21:24:37,867 DEBUG [Wonderful God-lead-Bb#1]          StackRhythm.java:221  | Setting expectedDuration=1 for stack on page 11
2026-05-10 21:24:37,868 DEBUG [Wonderful God-lead-Bb#1]           PageRhythm.java:331  | Finished processing StackRhythm for MeasureStack#11
2026-05-10 21:24:37,869 DEBUG [Wonderful God-lead-Bb#1]           PageRhythm.java:329  | About to process StackRhythm for MeasureStack#12
2026-05-10 21:24:37,869 DEBUG [Wonderful God-lead-Bb#1]          StackRhythm.java:221  | Setting expectedDuration=1 for stack on page 12
2026-05-10 21:24:37,875 DEBUG [Wonderful God-lead-Bb#1]           PageRhythm.java:331  | Finished processing StackRhythm for MeasureStack#12
2026-05-10 21:24:37,877 DEBUG [Wonderful God-lead-Bb#1]           PageRhythm.java:329  | About to process StackRhythm for MeasureStack#13
2026-05-10 21:24:37,878 DEBUG [Wonderful God-lead-Bb#1]          StackRhythm.java:221  | Setting expectedDuration=1 for stack on page 13
2026-05-10 21:24:37,882 DEBUG [Wonderful God-lead-Bb#1]           PageRhythm.java:331  | Finished processing StackRhythm for MeasureStack#13
2026-05-10 21:24:37,882 DEBUG [Wonderful God-lead-Bb#1]           PageRhythm.java:329  | About to process StackRhythm for MeasureStack#14
2026-05-10 21:24:37,882 DEBUG [Wonderful God-lead-Bb#1]          StackRhythm.java:221  | Setting expectedDuration=1 for stack on page 14
2026-05-10 21:24:37,887 DEBUG [Wonderful God-lead-Bb#1]           PageRhythm.java:331  | Finished processing StackRhythm for MeasureStack#14
2026-05-10 21:24:37,888 DEBUG [Wonderful God-lead-Bb#1]           PageRhythm.java:329  | About to process StackRhythm for MeasureStack#15
2026-05-10 21:24:37,889 DEBUG [Wonderful God-lead-Bb#1]          StackRhythm.java:221  | Setting expectedDuration=1 for stack on page 15
2026-05-10 21:24:37,894 DEBUG [Wonderful God-lead-Bb#1]           PageRhythm.java:331  | Finished processing StackRhythm for MeasureStack#15
2026-05-10 21:24:37,894 DEBUG [Wonderful God-lead-Bb#1]           PageRhythm.java:329  | About to process StackRhythm for MeasureStack#16
2026-05-10 21:24:37,895 DEBUG [Wonderful God-lead-Bb#1]          StackRhythm.java:221  | Setting expectedDuration=1 for stack on page 16
2026-05-10 21:24:37,899 INFO [Wonderful God-lead-Bb#1]          StackRhythm.java:226  | S4 MeasureStack#16 no correct rhythm
2026-05-10 21:24:37,900 DEBUG [Wonderful God-lead-Bb#1]           PageRhythm.java:331  | Finished processing StackRhythm for MeasureStack#16
2026-05-10 21:24:37,900 DEBUG [Wonderful God-lead-Bb#1]           PageRhythm.java:329  | About to process StackRhythm for MeasureStack#17
2026-05-10 21:24:37,900 DEBUG [Wonderful God-lead-Bb#1]          StackRhythm.java:221  | Setting expectedDuration=1 for stack on page 17
2026-05-10 21:24:37,902 DEBUG [Wonderful God-lead-Bb#1]           PageRhythm.java:331  | Finished processing StackRhythm for MeasureStack#17
2026-05-10 21:24:37,902 DEBUG [Wonderful God-lead-Bb#1]           PageRhythm.java:329  | About to process StackRhythm for MeasureStack#18
2026-05-10 21:24:37,903 DEBUG [Wonderful God-lead-Bb#1]          StackRhythm.java:221  | Setting expectedDuration=1 for stack on page 18
2026-05-10 21:24:37,905 DEBUG [Wonderful God-lead-Bb#1]           PageRhythm.java:331  | Finished processing StackRhythm for MeasureStack#18
2026-05-10 21:24:37,906 DEBUG [Wonderful God-lead-Bb#1]           PageRhythm.java:329  | About to process StackRhythm for MeasureStack#19
2026-05-10 21:24:37,906 DEBUG [Wonderful God-lead-Bb#1]          StackRhythm.java:221  | Setting expectedDuration=1 for stack on page 19
2026-05-10 21:24:37,907 DEBUG [Wonderful God-lead-Bb#1]           PageRhythm.java:331  | Finished processing StackRhythm for MeasureStack#19
2026-05-10 21:24:37,909 DEBUG [Wonderful God-lead-Bb#1]           PageRhythm.java:329  | About to process StackRhythm for MeasureStack#20
2026-05-10 21:24:37,909 DEBUG [Wonderful God-lead-Bb#1]          StackRhythm.java:221  | Setting expectedDuration=1 for stack on page 20
2026-05-10 21:24:37,912 DEBUG [Wonderful God-lead-Bb#1]           PageRhythm.java:331  | Finished processing StackRhythm for MeasureStack#20
2026-05-10 21:24:37,913 DEBUG [Wonderful God-lead-Bb#1]           PageRhythm.java:329  | About to process StackRhythm for MeasureStack#21
2026-05-10 21:24:37,914 DEBUG [Wonderful God-lead-Bb#1]          StackRhythm.java:221  | Setting expectedDuration=1 for stack on page 21
2026-05-10 21:24:37,916 DEBUG [Wonderful God-lead-Bb#1]           PageRhythm.java:331  | Finished processing StackRhythm for MeasureStack#21
2026-05-10 21:24:37,917 DEBUG [Wonderful God-lead-Bb#1]           PageRhythm.java:329  | About to process StackRhythm for MeasureStack#22
2026-05-10 21:24:37,917 DEBUG [Wonderful God-lead-Bb#1]          StackRhythm.java:221  | Setting expectedDuration=1 for stack on page 22
2026-05-10 21:24:37,918 DEBUG [Wonderful God-lead-Bb#1]           PageRhythm.java:331  | Finished processing StackRhythm for MeasureStack#22
2026-05-10 21:24:37,918 DEBUG [Wonderful God-lead-Bb#1]           PageRhythm.java:329  | About to process StackRhythm for MeasureStack#23
2026-05-10 21:24:37,919 DEBUG [Wonderful God-lead-Bb#1]          StackRhythm.java:221  | Setting expectedDuration=1 for stack on page 23
2026-05-10 21:24:37,924 DEBUG [Wonderful God-lead-Bb#1]           PageRhythm.java:331  | Finished processing StackRhythm for MeasureStack#23
2026-05-10 21:24:37,925 DEBUG [Wonderful God-lead-Bb#1]           PageRhythm.java:329  | About to process StackRhythm for MeasureStack#24
2026-05-10 21:24:37,925 DEBUG [Wonderful God-lead-Bb#1]          StackRhythm.java:221  | Setting expectedDuration=1 for stack on page 24
2026-05-10 21:24:37,928 DEBUG [Wonderful God-lead-Bb#1]           PageRhythm.java:331  | Finished processing StackRhythm for MeasureStack#24
2026-05-10 21:24:37,929 DEBUG [Wonderful God-lead-Bb#1]           PageRhythm.java:329  | About to process StackRhythm for MeasureStack#25
2026-05-10 21:24:37,930 DEBUG [Wonderful God-lead-Bb#1]          StackRhythm.java:221  | Setting expectedDuration=1 for stack on page 25
2026-05-10 21:24:37,931 DEBUG [Wonderful God-lead-Bb#1]           PageRhythm.java:331  | Finished processing StackRhythm for MeasureStack#25
2026-05-10 21:24:37,931 DEBUG [Wonderful God-lead-Bb#1]           PageRhythm.java:329  | About to process StackRhythm for MeasureStack#26
2026-05-10 21:24:37,932 DEBUG [Wonderful God-lead-Bb#1]          StackRhythm.java:221  | Setting expectedDuration=1 for stack on page 26
2026-05-10 21:24:37,933 DEBUG [Wonderful God-lead-Bb#1]           PageRhythm.java:331  | Finished processing StackRhythm for MeasureStack#26
2026-05-10 21:24:37,933 DEBUG [Wonderful God-lead-Bb#1]           PageRhythm.java:329  | About to process StackRhythm for MeasureStack#27
2026-05-10 21:24:37,933 DEBUG [Wonderful God-lead-Bb#1]          StackRhythm.java:221  | Setting expectedDuration=1 for stack on page 27
2026-05-10 21:24:37,935 DEBUG [Wonderful God-lead-Bb#1]           PageRhythm.java:331  | Finished processing StackRhythm for MeasureStack#27
2026-05-10 21:24:37,936 DEBUG [Wonderful God-lead-Bb#1]           PageRhythm.java:329  | About to process StackRhythm for MeasureStack#28
2026-05-10 21:24:37,936 DEBUG [Wonderful God-lead-Bb#1]          StackRhythm.java:221  | Setting expectedDuration=1 for stack on page 28
2026-05-10 21:24:37,937 DEBUG [Wonderful God-lead-Bb#1]           PageRhythm.java:331  | Finished processing StackRhythm for MeasureStack#28
2026-05-10 21:24:50,760 WARN [Wonderful God-lead-Bb#2]          TextBuilder.java:412  | Skipping TextLine with null bounds: TextLine{ "" conf:NaN}
2026-05-10 21:24:50,761 WARN [Wonderful God-lead-Bb#2]          TextBuilder.java:412  | Skipping TextLine with null bounds: TextLine{ "" conf:NaN}
2026-05-10 21:24:50,762 WARN [Wonderful God-lead-Bb#2]          TextBuilder.java:412  | Skipping TextLine with null bounds: TextLine{ "" conf:NaN}
2026-05-10 21:24:50,762 WARN [Wonderful God-lead-Bb#2]          TextBuilder.java:412  | Skipping TextLine with null bounds: TextLine{ "" conf:NaN}
2026-05-10 21:24:50,763 WARN [Wonderful God-lead-Bb#2]          TextBuilder.java:412  | Skipping TextLine with null bounds: TextLine{ "" conf:NaN}
2026-05-10 21:24:50,764 WARN [Wonderful God-lead-Bb#2]          TextBuilder.java:412  | Skipping TextLine with null bounds: TextLine{ "" conf:NaN}
2026-05-10 21:24:50,764 WARN [Wonderful God-lead-Bb#2]          TextBuilder.java:412  | Skipping TextLine with null bounds: TextLine{ "" conf:NaN}
2026-05-10 21:24:50,764 WARN [Wonderful God-lead-Bb#2]          TextBuilder.java:412  | Skipping TextLine with null bounds: TextLine{ "" conf:NaN}
2026-05-10 21:24:50,765 WARN [Wonderful God-lead-Bb#2]          TextBuilder.java:412  | Skipping TextLine with null bounds: TextLine{ "" conf:NaN}
2026-05-10 21:24:50,765 WARN [Wonderful God-lead-Bb#2]          TextBuilder.java:412  | Skipping TextLine with null bounds: TextLine{ "" conf:NaN}
2026-05-10 21:24:50,765 WARN [Wonderful God-lead-Bb#2]          TextBuilder.java:412  | Skipping TextLine with null bounds: TextLine{ "" conf:NaN}
2026-05-10 21:24:50,765 WARN [Wonderful God-lead-Bb#2]          TextBuilder.java:412  | Skipping TextLine with null bounds: TextLine{ "" conf:NaN}
2026-05-10 21:24:50,767 WARN [Wonderful God-lead-Bb#2]          TextBuilder.java:412  | Skipping TextLine with null bounds: TextLine{ "" conf:NaN}
2026-05-10 21:24:50,767 WARN [Wonderful God-lead-Bb#2]          TextBuilder.java:412  | Skipping TextLine with null bounds: TextLine{ "" conf:NaN}
2026-05-10 21:24:50,767 WARN [Wonderful God-lead-Bb#2]          TextBuilder.java:412  | Skipping TextLine with null bounds: TextLine{ "" conf:NaN}
2026-05-10 21:24:50,768 WARN [Wonderful God-lead-Bb#2]          TextBuilder.java:412  | Skipping TextLine with null bounds: TextLine{ "" conf:NaN}
2026-05-10 21:24:50,768 WARN [Wonderful God-lead-Bb#2]          TextBuilder.java:412  | Skipping TextLine with null bounds: TextLine{ "" conf:NaN}
2026-05-10 21:24:50,769 WARN [Wonderful God-lead-Bb#2]          TextBuilder.java:412  | Skipping TextLine with null bounds: TextLine{ "" conf:NaN}
2026-05-10 21:24:50,769 WARN [Wonderful God-lead-Bb#2]          TextBuilder.java:412  | Skipping TextLine with null bounds: TextLine{ "" conf:NaN}
2026-05-10 21:24:50,769 WARN [Wonderful God-lead-Bb#2]          TextBuilder.java:412  | Skipping TextLine with null bounds: TextLine{ "" conf:NaN}
2026-05-10 21:24:50,770 WARN [Wonderful God-lead-Bb#2]          TextBuilder.java:412  | Skipping TextLine with null bounds: TextLine{ "" conf:NaN}
2026-05-10 21:24:50,770 WARN [Wonderful God-lead-Bb#2]          TextBuilder.java:412  | Skipping TextLine with null bounds: TextLine{ "" conf:NaN}
2026-05-10 21:24:50,770 WARN [Wonderful God-lead-Bb#2]          TextBuilder.java:412  | Skipping TextLine with null bounds: TextLine{ "" conf:NaN}
2026-05-10 21:24:50,770 WARN [Wonderful God-lead-Bb#2]          TextBuilder.java:412  | Skipping TextLine with null bounds: TextLine{ "" conf:NaN}
2026-05-10 21:24:50,770 WARN [Wonderful God-lead-Bb#2]          TextBuilder.java:412  | Skipping TextLine with null bounds: TextLine{ "" conf:NaN}
2026-05-10 21:24:50,771 WARN [Wonderful God-lead-Bb#2]          TextBuilder.java:412  | Skipping TextLine with null bounds: TextLine{ "" conf:NaN}
2026-05-10 21:24:50,771 WARN [Wonderful God-lead-Bb#2]          TextBuilder.java:412  | Skipping TextLine with null bounds: TextLine{ "" conf:NaN}
2026-05-10 21:24:50,772 WARN [Wonderful God-lead-Bb#2]          TextBuilder.java:412  | Skipping TextLine with null bounds: TextLine{ "" conf:NaN}
2026-05-10 21:24:50,772 WARN [Wonderful God-lead-Bb#2]          TextBuilder.java:412  | Skipping TextLine with null bounds: TextLine{ "" conf:NaN}
2026-05-10 21:24:50,772 WARN [Wonderful God-lead-Bb#2]          TextBuilder.java:412  | Skipping TextLine with null bounds: TextLine{ "" conf:NaN}
2026-05-10 21:24:50,772 WARN [Wonderful God-lead-Bb#2]          TextBuilder.java:412  | Skipping TextLine with null bounds: TextLine{ "" conf:NaN}
2026-05-10 21:24:50,772 WARN [Wonderful God-lead-Bb#2]          TextBuilder.java:412  | Skipping TextLine with null bounds: TextLine{ "" conf:NaN}
2026-05-10 21:24:50,772 WARN [Wonderful God-lead-Bb#2]          TextBuilder.java:412  | Skipping TextLine with null bounds: TextLine{ "" conf:NaN}
2026-05-10 21:24:53,227 INFO [Wonderful God-lead-Bb#2]           PageRhythm.java:176  | {Page#2.1} Starting PageRhythm time signature check
2026-05-10 21:24:53,227 INFO [Wonderful God-lead-Bb#2]           PageRhythm.java:178  | {Page#2.1} Initial range state: Range{SN1-} → ts: null
2026-05-10 21:24:53,229 INFO [Wonderful God-lead-Bb#2]           PageRhythm.java:184  | {Page#2.1} Checking range: Range{SN1-}, ts: null
2026-05-10 21:24:53,230 INFO [Wonderful God-lead-Bb#2]           PageRhythm.java:207  | {Page#2.1} Time value reused from sheet#1
2026-05-10 21:24:53,230 INFO [Wonderful God-lead-Bb#2]           PageRhythm.java:277  | Last range: Range{SN1-10 tRat:4/4 dur:1}
2026-05-10 21:24:53,230 INFO [Wonderful God-lead-Bb#2]           PageRhythm.java:278  | lastRange.timeRational = 4/4
2026-05-10 21:24:53,230 INFO [Wonderful God-lead-Bb#2]           PageRhythm.java:279  | lastRange.ts = null
2026-05-10 21:24:53,231 DEBUG [Wonderful God-lead-Bb#2]           PageRhythm.java:121  | MeasureStack#1 frats: 4 [2857, 2858, 2731, 2865]
2026-05-10 21:24:53,231 DEBUG [Wonderful God-lead-Bb#2]           PageRhythm.java:121  | MeasureStack#2 frats: 3 [2859, 2769, 2866]
2026-05-10 21:24:53,231 DEBUG [Wonderful God-lead-Bb#2]           PageRhythm.java:121  | MeasureStack#3 frats: 3 [2861, 2797, 2867]
2026-05-10 21:24:53,231 DEBUG [Wonderful God-lead-Bb#2]           PageRhythm.java:121  | MeasureStack#4 frats: 3 [2863, 2831, 2868]
2026-05-10 21:24:53,232 DEBUG [Wonderful God-lead-Bb#2]           PageRhythm.java:121  | MeasureStack#5 frats: 3 [3011, 2892, 3016]
2026-05-10 21:24:53,232 DEBUG [Wonderful God-lead-Bb#2]           PageRhythm.java:121  | MeasureStack#6 frats: 3 [3013, 2934, 3018]
2026-05-10 21:24:53,232 DEBUG [Wonderful God-lead-Bb#2]           PageRhythm.java:121  | MeasureStack#7 frats: 3 [3014, 2976, 3019]
2026-05-10 21:24:53,232 DEBUG [Wonderful God-lead-Bb#2]           PageRhythm.java:121  | MeasureStack#8 frats: 0 []
2026-05-10 21:24:53,232 DEBUG [Wonderful God-lead-Bb#2]           PageRhythm.java:121  | MeasureStack#9 frats: 3 [3069, 3026, 3070]
2026-05-10 21:24:53,234 DEBUG [Wonderful God-lead-Bb#2]           PageRhythm.java:121  | MeasureStack#10 frats: 0 []
2026-05-10 21:24:53,234 DEBUG [Wonderful God-lead-Bb#2]           PageRhythm.java:325  | Starting Range{SN1-10 tRat:4/4 dur:1}
2026-05-10 21:24:53,234 DEBUG [Wonderful God-lead-Bb#2]           PageRhythm.java:329  | About to process StackRhythm for MeasureStack#1
2026-05-10 21:24:53,234 DEBUG [Wonderful God-lead-Bb#2]          StackRhythm.java:221  | Setting expectedDuration=1 for stack on page 1
2026-05-10 21:24:53,238 DEBUG [Wonderful God-lead-Bb#2]           PageRhythm.java:331  | Finished processing StackRhythm for MeasureStack#1
2026-05-10 21:24:53,238 DEBUG [Wonderful God-lead-Bb#2]           PageRhythm.java:329  | About to process StackRhythm for MeasureStack#2
2026-05-10 21:24:53,239 DEBUG [Wonderful God-lead-Bb#2]          StackRhythm.java:221  | Setting expectedDuration=1 for stack on page 2
2026-05-10 21:24:53,241 DEBUG [Wonderful God-lead-Bb#2]           PageRhythm.java:331  | Finished processing StackRhythm for MeasureStack#2
2026-05-10 21:24:53,241 DEBUG [Wonderful God-lead-Bb#2]           PageRhythm.java:329  | About to process StackRhythm for MeasureStack#3
2026-05-10 21:24:53,243 DEBUG [Wonderful God-lead-Bb#2]          StackRhythm.java:221  | Setting expectedDuration=1 for stack on page 3
2026-05-10 21:24:53,246 DEBUG [Wonderful God-lead-Bb#2]           PageRhythm.java:331  | Finished processing StackRhythm for MeasureStack#3
2026-05-10 21:24:53,247 DEBUG [Wonderful God-lead-Bb#2]           PageRhythm.java:329  | About to process StackRhythm for MeasureStack#4
2026-05-10 21:24:53,247 DEBUG [Wonderful God-lead-Bb#2]          StackRhythm.java:221  | Setting expectedDuration=1 for stack on page 4
2026-05-10 21:24:53,248 DEBUG [Wonderful God-lead-Bb#2]           PageRhythm.java:331  | Finished processing StackRhythm for MeasureStack#4
2026-05-10 21:24:53,249 DEBUG [Wonderful God-lead-Bb#2]           PageRhythm.java:329  | About to process StackRhythm for MeasureStack#5
2026-05-10 21:24:53,250 DEBUG [Wonderful God-lead-Bb#2]          StackRhythm.java:221  | Setting expectedDuration=1 for stack on page 5
2026-05-10 21:24:53,252 DEBUG [Wonderful God-lead-Bb#2]           PageRhythm.java:331  | Finished processing StackRhythm for MeasureStack#5
2026-05-10 21:24:53,252 DEBUG [Wonderful God-lead-Bb#2]           PageRhythm.java:329  | About to process StackRhythm for MeasureStack#6
2026-05-10 21:24:53,252 DEBUG [Wonderful God-lead-Bb#2]          StackRhythm.java:221  | Setting expectedDuration=1 for stack on page 6
2026-05-10 21:24:53,253 DEBUG [Wonderful God-lead-Bb#2]           PageRhythm.java:331  | Finished processing StackRhythm for MeasureStack#6
2026-05-10 21:24:53,253 DEBUG [Wonderful God-lead-Bb#2]           PageRhythm.java:329  | About to process StackRhythm for MeasureStack#7
2026-05-10 21:24:53,254 DEBUG [Wonderful God-lead-Bb#2]          StackRhythm.java:221  | Setting expectedDuration=1 for stack on page 7
2026-05-10 21:24:53,256 DEBUG [Wonderful God-lead-Bb#2]           PageRhythm.java:331  | Finished processing StackRhythm for MeasureStack#7
2026-05-10 21:24:53,257 DEBUG [Wonderful God-lead-Bb#2]           PageRhythm.java:329  | About to process StackRhythm for MeasureStack#8
2026-05-10 21:24:53,257 DEBUG [Wonderful God-lead-Bb#2]          StackRhythm.java:221  | Setting expectedDuration=1 for stack on page 8
2026-05-10 21:24:53,258 DEBUG [Wonderful God-lead-Bb#2]           PageRhythm.java:331  | Finished processing StackRhythm for MeasureStack#8
2026-05-10 21:24:53,258 DEBUG [Wonderful God-lead-Bb#2]           PageRhythm.java:329  | About to process StackRhythm for MeasureStack#9
2026-05-10 21:24:53,259 DEBUG [Wonderful God-lead-Bb#2]          StackRhythm.java:221  | Setting expectedDuration=1 for stack on page 9
2026-05-10 21:24:53,261 DEBUG [Wonderful God-lead-Bb#2]           PageRhythm.java:331  | Finished processing StackRhythm for MeasureStack#9
2026-05-10 21:24:53,261 DEBUG [Wonderful God-lead-Bb#2]           PageRhythm.java:329  | About to process StackRhythm for MeasureStack#10
2026-05-10 21:24:53,262 DEBUG [Wonderful God-lead-Bb#2]          StackRhythm.java:221  | Setting expectedDuration=1 for stack on page 10
2026-05-10 21:24:53,264 DEBUG [Wonderful God-lead-Bb#2]           PageRhythm.java:331  | Finished processing StackRhythm for MeasureStack#10
