2026-05-10 20:55:27,051 WARN [Spirit Of The Living God-lead-Bb]          TextBuilder.java:412  | Skipping TextLine with null bounds: TextLine{ "" conf:NaN}
2026-05-10 20:55:27,054 WARN [Spirit Of The Living God-lead-Bb]          TextBuilder.java:412  | Skipping TextLine with null bounds: TextLine{ "" conf:NaN}
2026-05-10 20:55:27,055 WARN [Spirit Of The Living God-lead-Bb]          TextBuilder.java:412  | Skipping TextLine with null bounds: TextLine{ "" conf:NaN}
2026-05-10 20:55:27,055 WARN [Spirit Of The Living God-lead-Bb]          TextBuilder.java:412  | Skipping TextLine with null bounds: TextLine{ "" conf:NaN}
2026-05-10 20:55:27,055 WARN [Spirit Of The Living God-lead-Bb]          TextBuilder.java:412  | Skipping TextLine with null bounds: TextLine{ "" conf:NaN}
2026-05-10 20:55:27,056 WARN [Spirit Of The Living God-lead-Bb]          TextBuilder.java:412  | Skipping TextLine with null bounds: TextLine{ "" conf:NaN}
2026-05-10 20:55:27,056 WARN [Spirit Of The Living God-lead-Bb]          TextBuilder.java:412  | Skipping TextLine with null bounds: TextLine{ "" conf:NaN}
2026-05-10 20:55:27,057 WARN [Spirit Of The Living God-lead-Bb]          TextBuilder.java:412  | Skipping TextLine with null bounds: TextLine{ "" conf:NaN}
2026-05-10 20:55:27,057 WARN [Spirit Of The Living God-lead-Bb]          TextBuilder.java:412  | Skipping TextLine with null bounds: TextLine{ "" conf:NaN}
2026-05-10 20:55:27,058 WARN [Spirit Of The Living God-lead-Bb]          TextBuilder.java:412  | Skipping TextLine with null bounds: TextLine{ "" conf:NaN}
2026-05-10 20:55:27,058 WARN [Spirit Of The Living God-lead-Bb]          TextBuilder.java:412  | Skipping TextLine with null bounds: TextLine{ "" conf:NaN}
2026-05-10 20:55:27,058 WARN [Spirit Of The Living God-lead-Bb]          TextBuilder.java:412  | Skipping TextLine with null bounds: TextLine{ "" conf:NaN}
2026-05-10 20:55:27,059 WARN [Spirit Of The Living God-lead-Bb]          TextBuilder.java:412  | Skipping TextLine with null bounds: TextLine{ "" conf:NaN}
2026-05-10 20:55:27,059 WARN [Spirit Of The Living God-lead-Bb]          TextBuilder.java:412  | Skipping TextLine with null bounds: TextLine{ "" conf:NaN}
2026-05-10 20:55:27,061 WARN [Spirit Of The Living God-lead-Bb]          TextBuilder.java:412  | Skipping TextLine with null bounds: TextLine{ "" conf:NaN}
2026-05-10 20:55:27,062 WARN [Spirit Of The Living God-lead-Bb]          TextBuilder.java:412  | Skipping TextLine with null bounds: TextLine{ "" conf:NaN}
2026-05-10 20:55:27,062 WARN [Spirit Of The Living God-lead-Bb]          TextBuilder.java:412  | Skipping TextLine with null bounds: TextLine{ "" conf:NaN}
2026-05-10 20:55:27,063 WARN [Spirit Of The Living God-lead-Bb]          TextBuilder.java:412  | Skipping TextLine with null bounds: TextLine{ "" conf:NaN}
2026-05-10 20:55:27,063 WARN [Spirit Of The Living God-lead-Bb]          TextBuilder.java:412  | Skipping TextLine with null bounds: TextLine{ "" conf:NaN}
2026-05-10 20:55:27,063 WARN [Spirit Of The Living God-lead-Bb]          TextBuilder.java:412  | Skipping TextLine with null bounds: TextLine{ "" conf:NaN}
2026-05-10 20:55:27,063 WARN [Spirit Of The Living God-lead-Bb]          TextBuilder.java:412  | Skipping TextLine with null bounds: TextLine{ "" conf:NaN}
2026-05-10 20:55:27,064 WARN [Spirit Of The Living God-lead-Bb]          TextBuilder.java:412  | Skipping TextLine with null bounds: TextLine{ "" conf:NaN}
2026-05-10 20:55:27,065 WARN [Spirit Of The Living God-lead-Bb]          TextBuilder.java:412  | Skipping TextLine with null bounds: TextLine{ "" conf:NaN}
2026-05-10 20:55:27,065 WARN [Spirit Of The Living God-lead-Bb]          TextBuilder.java:412  | Skipping TextLine with null bounds: TextLine{ "" conf:NaN}
2026-05-10 20:55:27,066 WARN [Spirit Of The Living God-lead-Bb]          TextBuilder.java:412  | Skipping TextLine with null bounds: TextLine{ "" conf:NaN}
2026-05-10 20:55:27,066 WARN [Spirit Of The Living God-lead-Bb]          TextBuilder.java:412  | Skipping TextLine with null bounds: TextLine{ "" conf:NaN}
2026-05-10 20:55:27,067 WARN [Spirit Of The Living God-lead-Bb]          TextBuilder.java:412  | Skipping TextLine with null bounds: TextLine{ "" conf:NaN}
2026-05-10 20:55:27,067 WARN [Spirit Of The Living God-lead-Bb]          TextBuilder.java:412  | Skipping TextLine with null bounds: TextLine{ "" conf:NaN}
2026-05-10 20:55:27,068 WARN [Spirit Of The Living God-lead-Bb]          TextBuilder.java:412  | Skipping TextLine with null bounds: TextLine{ "" conf:NaN}
2026-05-10 20:55:27,068 WARN [Spirit Of The Living God-lead-Bb]          TextBuilder.java:412  | Skipping TextLine with null bounds: TextLine{ "" conf:NaN}
2026-05-10 20:55:27,068 WARN [Spirit Of The Living God-lead-Bb]          TextBuilder.java:412  | Skipping TextLine with null bounds: TextLine{ "" conf:NaN}
2026-05-10 20:55:27,069 WARN [Spirit Of The Living God-lead-Bb]          TextBuilder.java:412  | Skipping TextLine with null bounds: TextLine{ "" conf:NaN}
2026-05-10 20:55:27,069 WARN [Spirit Of The Living God-lead-Bb]          TextBuilder.java:412  | Skipping TextLine with null bounds: TextLine{ "" conf:NaN}
2026-05-10 20:55:27,070 WARN [Spirit Of The Living God-lead-Bb]          TextBuilder.java:412  | Skipping TextLine with null bounds: TextLine{ "" conf:NaN}
2026-05-10 20:55:27,070 WARN [Spirit Of The Living God-lead-Bb]          TextBuilder.java:412  | Skipping TextLine with null bounds: TextLine{ "" conf:NaN}
2026-05-10 20:55:27,070 WARN [Spirit Of The Living God-lead-Bb]          TextBuilder.java:412  | Skipping TextLine with null bounds: TextLine{ "" conf:NaN}
2026-05-10 20:55:27,071 WARN [Spirit Of The Living God-lead-Bb]          TextBuilder.java:412  | Skipping TextLine with null bounds: TextLine{ "" conf:NaN}
2026-05-10 20:55:27,071 WARN [Spirit Of The Living God-lead-Bb]          TextBuilder.java:412  | Skipping TextLine with null bounds: TextLine{ "" conf:NaN}
2026-05-10 20:55:27,071 WARN [Spirit Of The Living God-lead-Bb]          TextBuilder.java:412  | Skipping TextLine with null bounds: TextLine{ "" conf:NaN}
2026-05-10 20:55:27,072 WARN [Spirit Of The Living God-lead-Bb]          TextBuilder.java:412  | Skipping TextLine with null bounds: TextLine{ "" conf:NaN}
2026-05-10 20:55:27,072 WARN [Spirit Of The Living God-lead-Bb]          TextBuilder.java:412  | Skipping TextLine with null bounds: TextLine{ "" conf:NaN}
2026-05-10 20:55:27,073 WARN [Spirit Of The Living God-lead-Bb]          TextBuilder.java:412  | Skipping TextLine with null bounds: TextLine{ "" conf:NaN}
2026-05-10 20:55:29,012 INFO [Spirit Of The Living God-lead-Bb]           PageRhythm.java:176  | {Page#1.1} Starting PageRhythm time signature check
2026-05-10 20:55:29,014 INFO [Spirit Of The Living God-lead-Bb]           PageRhythm.java:178  | {Page#1.1} Initial range state: Range{SN1- tSig:4/4} → ts: TimePairInter#90{ FROZEN(0.952/0.952) staff:1 4/4}
2026-05-10 20:55:29,015 INFO [Spirit Of The Living God-lead-Bb]           PageRhythm.java:184  | {Page#1.1} Checking range: Range{SN1- tSig:4/4}, ts: TimePairInter#90{ FROZEN(0.952/0.952) staff:1 4/4}
2026-05-10 20:55:29,016 INFO [Spirit Of The Living God-lead-Bb]           PageRhythm.java:277  | Last range: Range{SN1-16 tSig:4/4 dur:1}
2026-05-10 20:55:29,016 INFO [Spirit Of The Living God-lead-Bb]           PageRhythm.java:278  | lastRange.timeRational = 4/4
2026-05-10 20:55:29,016 INFO [Spirit Of The Living God-lead-Bb]           PageRhythm.java:279  | lastRange.ts = TimePairInter#90{ FROZEN(0.952/0.952) staff:1 4/4}
2026-05-10 20:55:29,017 DEBUG [Spirit Of The Living God-lead-Bb]           PageRhythm.java:121  | MeasureStack#1 frats: 4 [3429, 3120, 3421, 3430]
2026-05-10 20:55:29,018 DEBUG [Spirit Of The Living God-lead-Bb]           PageRhythm.java:121  | MeasureStack#2 frats: 2 [3431, 3162]
2026-05-10 20:55:29,018 DEBUG [Spirit Of The Living God-lead-Bb]           PageRhythm.java:121  | MeasureStack#3 frats: 5 [3424, 3432, 3433, 3237, 3425]
2026-05-10 20:55:29,019 DEBUG [Spirit Of The Living God-lead-Bb]           PageRhythm.java:121  | MeasureStack#4 frats: 0 []
2026-05-10 20:55:29,020 DEBUG [Spirit Of The Living God-lead-Bb]           PageRhythm.java:121  | MeasureStack#5 frats: 4 [3434, 3322, 3427, 3435]
2026-05-10 20:55:29,020 DEBUG [Spirit Of The Living God-lead-Bb]           PageRhythm.java:121  | MeasureStack#6 frats: 0 []
2026-05-10 20:55:29,021 DEBUG [Spirit Of The Living God-lead-Bb]           PageRhythm.java:121  | MeasureStack#7 frats: 2 [3654, 3492]
2026-05-10 20:55:29,022 DEBUG [Spirit Of The Living God-lead-Bb]           PageRhythm.java:121  | MeasureStack#8 frats: 0 []
2026-05-10 20:55:29,022 DEBUG [Spirit Of The Living God-lead-Bb]           PageRhythm.java:121  | MeasureStack#9 frats: 1 [3531]
2026-05-10 20:55:29,023 DEBUG [Spirit Of The Living God-lead-Bb]           PageRhythm.java:121  | MeasureStack#10 frats: 0 []
2026-05-10 20:55:29,023 DEBUG [Spirit Of The Living God-lead-Bb]           PageRhythm.java:121  | MeasureStack#11 frats: 0 []
2026-05-10 20:55:29,023 DEBUG [Spirit Of The Living God-lead-Bb]           PageRhythm.java:121  | MeasureStack#12 frats: 0 []
2026-05-10 20:55:29,023 DEBUG [Spirit Of The Living God-lead-Bb]           PageRhythm.java:121  | MeasureStack#13 frats: 2 [3655, 3641]
2026-05-10 20:55:29,024 DEBUG [Spirit Of The Living God-lead-Bb]           PageRhythm.java:121  | MeasureStack#14 frats: 1 [3750]
2026-05-10 20:55:29,024 DEBUG [Spirit Of The Living God-lead-Bb]           PageRhythm.java:121  | MeasureStack#15 frats: 0 []
2026-05-10 20:55:29,025 DEBUG [Spirit Of The Living God-lead-Bb]           PageRhythm.java:121  | MeasureStack#16 frats: 0 []
2026-05-10 20:55:29,025 DEBUG [Spirit Of The Living God-lead-Bb]           PageRhythm.java:325  | Starting Range{SN1-16 tSig:4/4 dur:1}
2026-05-10 20:55:29,025 DEBUG [Spirit Of The Living God-lead-Bb]           PageRhythm.java:329  | About to process StackRhythm for MeasureStack#1
2026-05-10 20:55:29,025 DEBUG [Spirit Of The Living God-lead-Bb]          StackRhythm.java:221  | Setting expectedDuration=1 for stack on page 1
2026-05-10 20:55:29,046 DEBUG [Spirit Of The Living God-lead-Bb]           PageRhythm.java:331  | Finished processing StackRhythm for MeasureStack#1
2026-05-10 20:55:29,048 DEBUG [Spirit Of The Living God-lead-Bb]           PageRhythm.java:329  | About to process StackRhythm for MeasureStack#2
2026-05-10 20:55:29,049 DEBUG [Spirit Of The Living God-lead-Bb]          StackRhythm.java:221  | Setting expectedDuration=1 for stack on page 2
2026-05-10 20:55:29,050 DEBUG [Spirit Of The Living God-lead-Bb]           PageRhythm.java:331  | Finished processing StackRhythm for MeasureStack#2
2026-05-10 20:55:29,050 DEBUG [Spirit Of The Living God-lead-Bb]           PageRhythm.java:329  | About to process StackRhythm for MeasureStack#3
2026-05-10 20:55:29,051 DEBUG [Spirit Of The Living God-lead-Bb]          StackRhythm.java:221  | Setting expectedDuration=1 for stack on page 3
2026-05-10 20:55:29,052 DEBUG [Spirit Of The Living God-lead-Bb]           PageRhythm.java:331  | Finished processing StackRhythm for MeasureStack#3
2026-05-10 20:55:29,053 DEBUG [Spirit Of The Living God-lead-Bb]           PageRhythm.java:329  | About to process StackRhythm for MeasureStack#4
2026-05-10 20:55:29,053 DEBUG [Spirit Of The Living God-lead-Bb]          StackRhythm.java:221  | Setting expectedDuration=1 for stack on page 4
2026-05-10 20:55:29,053 DEBUG [Spirit Of The Living God-lead-Bb]           PageRhythm.java:331  | Finished processing StackRhythm for MeasureStack#4
2026-05-10 20:55:29,054 DEBUG [Spirit Of The Living God-lead-Bb]           PageRhythm.java:329  | About to process StackRhythm for MeasureStack#5
2026-05-10 20:55:29,054 DEBUG [Spirit Of The Living God-lead-Bb]          StackRhythm.java:221  | Setting expectedDuration=1 for stack on page 5
2026-05-10 20:55:29,055 DEBUG [Spirit Of The Living God-lead-Bb]           PageRhythm.java:331  | Finished processing StackRhythm for MeasureStack#5
2026-05-10 20:55:29,057 DEBUG [Spirit Of The Living God-lead-Bb]           PageRhythm.java:329  | About to process StackRhythm for MeasureStack#6
2026-05-10 20:55:29,057 DEBUG [Spirit Of The Living God-lead-Bb]          StackRhythm.java:221  | Setting expectedDuration=1 for stack on page 6
2026-05-10 20:55:29,058 DEBUG [Spirit Of The Living God-lead-Bb]           PageRhythm.java:331  | Finished processing StackRhythm for MeasureStack#6
2026-05-10 20:55:29,060 DEBUG [Spirit Of The Living God-lead-Bb]           PageRhythm.java:329  | About to process StackRhythm for MeasureStack#7
2026-05-10 20:55:29,061 DEBUG [Spirit Of The Living God-lead-Bb]          StackRhythm.java:221  | Setting expectedDuration=1 for stack on page 7
2026-05-10 20:55:29,062 DEBUG [Spirit Of The Living God-lead-Bb]           PageRhythm.java:331  | Finished processing StackRhythm for MeasureStack#7
2026-05-10 20:55:29,062 DEBUG [Spirit Of The Living God-lead-Bb]           PageRhythm.java:329  | About to process StackRhythm for MeasureStack#8
2026-05-10 20:55:29,064 DEBUG [Spirit Of The Living God-lead-Bb]          StackRhythm.java:221  | Setting expectedDuration=1 for stack on page 8
2026-05-10 20:55:29,065 DEBUG [Spirit Of The Living God-lead-Bb]           PageRhythm.java:331  | Finished processing StackRhythm for MeasureStack#8
2026-05-10 20:55:29,066 DEBUG [Spirit Of The Living God-lead-Bb]           PageRhythm.java:329  | About to process StackRhythm for MeasureStack#9
2026-05-10 20:55:29,066 DEBUG [Spirit Of The Living God-lead-Bb]          StackRhythm.java:221  | Setting expectedDuration=1 for stack on page 9
2026-05-10 20:55:29,067 DEBUG [Spirit Of The Living God-lead-Bb]           PageRhythm.java:331  | Finished processing StackRhythm for MeasureStack#9
2026-05-10 20:55:29,068 DEBUG [Spirit Of The Living God-lead-Bb]           PageRhythm.java:329  | About to process StackRhythm for MeasureStack#10
2026-05-10 20:55:29,068 DEBUG [Spirit Of The Living God-lead-Bb]          StackRhythm.java:221  | Setting expectedDuration=1 for stack on page 10
2026-05-10 20:55:29,069 DEBUG [Spirit Of The Living God-lead-Bb]           PageRhythm.java:331  | Finished processing StackRhythm for MeasureStack#10
2026-05-10 20:55:29,069 DEBUG [Spirit Of The Living God-lead-Bb]           PageRhythm.java:329  | About to process StackRhythm for MeasureStack#11
2026-05-10 20:55:29,069 DEBUG [Spirit Of The Living God-lead-Bb]          StackRhythm.java:221  | Setting expectedDuration=1 for stack on page 11
2026-05-10 20:55:29,071 DEBUG [Spirit Of The Living God-lead-Bb]           PageRhythm.java:331  | Finished processing StackRhythm for MeasureStack#11
2026-05-10 20:55:29,071 DEBUG [Spirit Of The Living God-lead-Bb]           PageRhythm.java:329  | About to process StackRhythm for MeasureStack#12
2026-05-10 20:55:29,072 DEBUG [Spirit Of The Living God-lead-Bb]          StackRhythm.java:221  | Setting expectedDuration=1 for stack on page 12
2026-05-10 20:55:29,073 DEBUG [Spirit Of The Living God-lead-Bb]           PageRhythm.java:331  | Finished processing StackRhythm for MeasureStack#12
2026-05-10 20:55:29,073 DEBUG [Spirit Of The Living God-lead-Bb]           PageRhythm.java:329  | About to process StackRhythm for MeasureStack#13
2026-05-10 20:55:29,073 DEBUG [Spirit Of The Living God-lead-Bb]          StackRhythm.java:221  | Setting expectedDuration=1 for stack on page 13
2026-05-10 20:55:29,075 DEBUG [Spirit Of The Living God-lead-Bb]           PageRhythm.java:331  | Finished processing StackRhythm for MeasureStack#13
2026-05-10 20:55:29,076 DEBUG [Spirit Of The Living God-lead-Bb]           PageRhythm.java:329  | About to process StackRhythm for MeasureStack#14
2026-05-10 20:55:29,076 DEBUG [Spirit Of The Living God-lead-Bb]          StackRhythm.java:221  | Setting expectedDuration=1 for stack on page 14
2026-05-10 20:55:29,078 DEBUG [Spirit Of The Living God-lead-Bb]           PageRhythm.java:331  | Finished processing StackRhythm for MeasureStack#14
2026-05-10 20:55:29,078 DEBUG [Spirit Of The Living God-lead-Bb]           PageRhythm.java:329  | About to process StackRhythm for MeasureStack#15
2026-05-10 20:55:29,078 DEBUG [Spirit Of The Living God-lead-Bb]          StackRhythm.java:221  | Setting expectedDuration=1 for stack on page 15
2026-05-10 20:55:29,079 DEBUG [Spirit Of The Living God-lead-Bb]           PageRhythm.java:331  | Finished processing StackRhythm for MeasureStack#15
2026-05-10 20:55:29,080 DEBUG [Spirit Of The Living God-lead-Bb]           PageRhythm.java:329  | About to process StackRhythm for MeasureStack#16
2026-05-10 20:55:29,080 DEBUG [Spirit Of The Living God-lead-Bb]          StackRhythm.java:221  | Setting expectedDuration=1 for stack on page 16
2026-05-10 20:55:29,081 DEBUG [Spirit Of The Living God-lead-Bb]           PageRhythm.java:331  | Finished processing StackRhythm for MeasureStack#16
