2026-05-10 17:25:35,420 WARN [Great Big God-lead-E#1]          TextBuilder.java:412  | Skipping TextLine with null bounds: TextLine{ "" conf:NaN}
2026-05-10 17:25:35,423 WARN [Great Big God-lead-E#1]          TextBuilder.java:412  | Skipping TextLine with null bounds: TextLine{ "" conf:NaN}
2026-05-10 17:25:35,424 WARN [Great Big God-lead-E#1]          TextBuilder.java:412  | Skipping TextLine with null bounds: TextLine{ "" conf:NaN}
2026-05-10 17:25:35,424 WARN [Great Big God-lead-E#1]          TextBuilder.java:412  | Skipping TextLine with null bounds: TextLine{ "" conf:NaN}
2026-05-10 17:25:35,425 WARN [Great Big God-lead-E#1]          TextBuilder.java:412  | Skipping TextLine with null bounds: TextLine{ "" conf:NaN}
2026-05-10 17:25:35,425 WARN [Great Big God-lead-E#1]          TextBuilder.java:412  | Skipping TextLine with null bounds: TextLine{ "" conf:NaN}
2026-05-10 17:25:35,427 WARN [Great Big God-lead-E#1]          TextBuilder.java:412  | Skipping TextLine with null bounds: TextLine{ "" conf:NaN}
2026-05-10 17:25:35,427 WARN [Great Big God-lead-E#1]          TextBuilder.java:412  | Skipping TextLine with null bounds: TextLine{ "" conf:NaN}
2026-05-10 17:25:35,428 WARN [Great Big God-lead-E#1]          TextBuilder.java:412  | Skipping TextLine with null bounds: TextLine{ "" conf:NaN}
2026-05-10 17:25:35,429 WARN [Great Big God-lead-E#1]          TextBuilder.java:412  | Skipping TextLine with null bounds: TextLine{ "" conf:NaN}
2026-05-10 17:25:35,430 WARN [Great Big God-lead-E#1]          TextBuilder.java:412  | Skipping TextLine with null bounds: TextLine{ "" conf:NaN}
2026-05-10 17:25:35,430 WARN [Great Big God-lead-E#1]          TextBuilder.java:412  | Skipping TextLine with null bounds: TextLine{ "" conf:NaN}
2026-05-10 17:25:35,430 WARN [Great Big God-lead-E#1]          TextBuilder.java:412  | Skipping TextLine with null bounds: TextLine{ "" conf:NaN}
2026-05-10 17:25:35,431 WARN [Great Big God-lead-E#1]          TextBuilder.java:412  | Skipping TextLine with null bounds: TextLine{ "" conf:NaN}
2026-05-10 17:25:35,431 WARN [Great Big God-lead-E#1]          TextBuilder.java:412  | Skipping TextLine with null bounds: TextLine{ "" conf:NaN}
2026-05-10 17:25:35,432 WARN [Great Big God-lead-E#1]          TextBuilder.java:412  | Skipping TextLine with null bounds: TextLine{ "" conf:NaN}
2026-05-10 17:25:35,432 WARN [Great Big God-lead-E#1]          TextBuilder.java:412  | Skipping TextLine with null bounds: TextLine{ "" conf:NaN}
2026-05-10 17:25:35,432 WARN [Great Big God-lead-E#1]          TextBuilder.java:412  | Skipping TextLine with null bounds: TextLine{ "" conf:NaN}
2026-05-10 17:25:35,433 WARN [Great Big God-lead-E#1]          TextBuilder.java:412  | Skipping TextLine with null bounds: TextLine{ "" conf:NaN}
2026-05-10 17:25:35,433 WARN [Great Big God-lead-E#1]          TextBuilder.java:412  | Skipping TextLine with null bounds: TextLine{ "" conf:NaN}
2026-05-10 17:25:35,433 WARN [Great Big God-lead-E#1]          TextBuilder.java:412  | Skipping TextLine with null bounds: TextLine{ "" conf:NaN}
2026-05-10 17:25:35,433 WARN [Great Big God-lead-E#1]          TextBuilder.java:412  | Skipping TextLine with null bounds: TextLine{ "" conf:NaN}
2026-05-10 17:25:35,434 WARN [Great Big God-lead-E#1]          TextBuilder.java:412  | Skipping TextLine with null bounds: TextLine{ "" conf:NaN}
2026-05-10 17:25:35,434 WARN [Great Big God-lead-E#1]          TextBuilder.java:412  | Skipping TextLine with null bounds: TextLine{ "" conf:NaN}
2026-05-10 17:25:35,435 WARN [Great Big God-lead-E#1]          TextBuilder.java:412  | Skipping TextLine with null bounds: TextLine{ "" conf:NaN}
2026-05-10 17:25:35,435 WARN [Great Big God-lead-E#1]          TextBuilder.java:412  | Skipping TextLine with null bounds: TextLine{ "" conf:NaN}
2026-05-10 17:25:35,435 WARN [Great Big God-lead-E#1]          TextBuilder.java:412  | Skipping TextLine with null bounds: TextLine{ "" conf:NaN}
2026-05-10 17:25:35,435 WARN [Great Big God-lead-E#1]          TextBuilder.java:412  | Skipping TextLine with null bounds: TextLine{ "" conf:NaN}
2026-05-10 17:25:35,437 WARN [Great Big God-lead-E#1]          TextBuilder.java:412  | Skipping TextLine with null bounds: TextLine{ "" conf:NaN}
2026-05-10 17:25:35,437 WARN [Great Big God-lead-E#1]          TextBuilder.java:412  | Skipping TextLine with null bounds: TextLine{ "" conf:NaN}
2026-05-10 17:25:35,437 WARN [Great Big God-lead-E#1]          TextBuilder.java:412  | Skipping TextLine with null bounds: TextLine{ "" conf:NaN}
2026-05-10 17:25:35,439 WARN [Great Big God-lead-E#1]          TextBuilder.java:412  | Skipping TextLine with null bounds: TextLine{ "" conf:NaN}
2026-05-10 17:25:35,439 WARN [Great Big God-lead-E#1]          TextBuilder.java:412  | Skipping TextLine with null bounds: TextLine{ "" conf:NaN}
2026-05-10 17:25:35,440 WARN [Great Big God-lead-E#1]          TextBuilder.java:412  | Skipping TextLine with null bounds: TextLine{ "" conf:NaN}
2026-05-10 17:25:35,440 WARN [Great Big God-lead-E#1]          TextBuilder.java:412  | Skipping TextLine with null bounds: TextLine{ "" conf:NaN}
2026-05-10 17:25:35,440 WARN [Great Big God-lead-E#1]          TextBuilder.java:412  | Skipping TextLine with null bounds: TextLine{ "" conf:NaN}
2026-05-10 17:25:35,440 WARN [Great Big God-lead-E#1]          TextBuilder.java:412  | Skipping TextLine with null bounds: TextLine{ "" conf:NaN}
2026-05-10 17:25:35,441 WARN [Great Big God-lead-E#1]          TextBuilder.java:412  | Skipping TextLine with null bounds: TextLine{ "" conf:NaN}
2026-05-10 17:25:35,441 WARN [Great Big God-lead-E#1]          TextBuilder.java:412  | Skipping TextLine with null bounds: TextLine{ "" conf:NaN}
2026-05-10 17:25:35,441 WARN [Great Big God-lead-E#1]          TextBuilder.java:412  | Skipping TextLine with null bounds: TextLine{ "" conf:NaN}
2026-05-10 17:25:35,442 WARN [Great Big God-lead-E#1]          TextBuilder.java:412  | Skipping TextLine with null bounds: TextLine{ "" conf:NaN}
2026-05-10 17:25:35,442 WARN [Great Big God-lead-E#1]          TextBuilder.java:412  | Skipping TextLine with null bounds: TextLine{ "" conf:NaN}
2026-05-10 17:25:35,443 WARN [Great Big God-lead-E#1]          TextBuilder.java:412  | Skipping TextLine with null bounds: TextLine{ "" conf:NaN}
2026-05-10 17:25:35,443 WARN [Great Big God-lead-E#1]          TextBuilder.java:412  | Skipping TextLine with null bounds: TextLine{ "" conf:NaN}
2026-05-10 17:25:35,444 WARN [Great Big God-lead-E#1]          TextBuilder.java:412  | Skipping TextLine with null bounds: TextLine{ "" conf:NaN}
2026-05-10 17:25:35,445 WARN [Great Big God-lead-E#1]          TextBuilder.java:412  | Skipping TextLine with null bounds: TextLine{ "" conf:NaN}
2026-05-10 17:25:35,446 WARN [Great Big God-lead-E#1]          TextBuilder.java:412  | Skipping TextLine with null bounds: TextLine{ "" conf:NaN}
2026-05-10 17:25:35,446 WARN [Great Big God-lead-E#1]          TextBuilder.java:412  | Skipping TextLine with null bounds: TextLine{ "" conf:NaN}
2026-05-10 17:25:35,448 WARN [Great Big God-lead-E#1]          TextBuilder.java:412  | Skipping TextLine with null bounds: TextLine{ "" conf:NaN}
2026-05-10 17:25:35,448 WARN [Great Big God-lead-E#1]          TextBuilder.java:412  | Skipping TextLine with null bounds: TextLine{ "" conf:NaN}
2026-05-10 17:25:35,449 WARN [Great Big God-lead-E#1]          TextBuilder.java:412  | Skipping TextLine with null bounds: TextLine{ "" conf:NaN}
2026-05-10 17:25:35,449 WARN [Great Big God-lead-E#1]          TextBuilder.java:412  | Skipping TextLine with null bounds: TextLine{ "" conf:NaN}
2026-05-10 17:25:35,451 WARN [Great Big God-lead-E#1]          TextBuilder.java:412  | Skipping TextLine with null bounds: TextLine{ "" conf:NaN}
2026-05-10 17:25:35,451 WARN [Great Big God-lead-E#1]          TextBuilder.java:412  | Skipping TextLine with null bounds: TextLine{ "" conf:NaN}
2026-05-10 17:25:35,451 WARN [Great Big God-lead-E#1]          TextBuilder.java:412  | Skipping TextLine with null bounds: TextLine{ "" conf:NaN}
2026-05-10 17:25:35,452 WARN [Great Big God-lead-E#1]          TextBuilder.java:412  | Skipping TextLine with null bounds: TextLine{ "" conf:NaN}
2026-05-10 17:25:35,452 WARN [Great Big God-lead-E#1]          TextBuilder.java:412  | Skipping TextLine with null bounds: TextLine{ "" conf:NaN}
2026-05-10 17:25:35,453 WARN [Great Big God-lead-E#1]          TextBuilder.java:412  | Skipping TextLine with null bounds: TextLine{ "" conf:NaN}
2026-05-10 17:25:35,453 WARN [Great Big God-lead-E#1]          TextBuilder.java:412  | Skipping TextLine with null bounds: TextLine{ "" conf:NaN}
2026-05-10 17:25:35,453 WARN [Great Big God-lead-E#1]          TextBuilder.java:412  | Skipping TextLine with null bounds: TextLine{ "" conf:NaN}
2026-05-10 17:25:35,454 WARN [Great Big God-lead-E#1]          TextBuilder.java:412  | Skipping TextLine with null bounds: TextLine{ "" conf:NaN}
2026-05-10 17:25:35,454 WARN [Great Big God-lead-E#1]          TextBuilder.java:412  | Skipping TextLine with null bounds: TextLine{ "" conf:NaN}
2026-05-10 17:25:35,455 WARN [Great Big God-lead-E#1]          TextBuilder.java:412  | Skipping TextLine with null bounds: TextLine{ "" conf:NaN}
2026-05-10 17:25:35,455 WARN [Great Big God-lead-E#1]          TextBuilder.java:412  | Skipping TextLine with null bounds: TextLine{ "" conf:NaN}
2026-05-10 17:25:35,456 WARN [Great Big God-lead-E#1]          TextBuilder.java:412  | Skipping TextLine with null bounds: TextLine{ "" conf:NaN}
2026-05-10 17:25:35,457 WARN [Great Big God-lead-E#1]          TextBuilder.java:412  | Skipping TextLine with null bounds: TextLine{ "" conf:NaN}
2026-05-10 17:25:35,457 WARN [Great Big God-lead-E#1]          TextBuilder.java:412  | Skipping TextLine with null bounds: TextLine{ "" conf:NaN}
2026-05-10 17:25:35,458 WARN [Great Big God-lead-E#1]          TextBuilder.java:412  | Skipping TextLine with null bounds: TextLine{ "" conf:NaN}
2026-05-10 17:25:35,458 WARN [Great Big God-lead-E#1]          TextBuilder.java:412  | Skipping TextLine with null bounds: TextLine{ "" conf:NaN}
2026-05-10 17:25:35,458 WARN [Great Big God-lead-E#1]          TextBuilder.java:412  | Skipping TextLine with null bounds: TextLine{ "" conf:NaN}
2026-05-10 17:25:35,459 WARN [Great Big God-lead-E#1]          TextBuilder.java:412  | Skipping TextLine with null bounds: TextLine{ "" conf:NaN}
2026-05-10 17:25:35,459 WARN [Great Big God-lead-E#1]          TextBuilder.java:412  | Skipping TextLine with null bounds: TextLine{ "" conf:NaN}
2026-05-10 17:25:35,460 WARN [Great Big God-lead-E#1]          TextBuilder.java:412  | Skipping TextLine with null bounds: TextLine{ "" conf:NaN}
2026-05-10 17:25:35,460 WARN [Great Big God-lead-E#1]          TextBuilder.java:412  | Skipping TextLine with null bounds: TextLine{ "" conf:NaN}
2026-05-10 17:25:35,460 WARN [Great Big God-lead-E#1]          TextBuilder.java:412  | Skipping TextLine with null bounds: TextLine{ "" conf:NaN}
2026-05-10 17:25:35,461 WARN [Great Big God-lead-E#1]          TextBuilder.java:412  | Skipping TextLine with null bounds: TextLine{ "" conf:NaN}
2026-05-10 17:25:35,462 WARN [Great Big God-lead-E#1]          TextBuilder.java:412  | Skipping TextLine with null bounds: TextLine{ "" conf:NaN}
2026-05-10 17:25:35,462 WARN [Great Big God-lead-E#1]          TextBuilder.java:412  | Skipping TextLine with null bounds: TextLine{ "" conf:NaN}
2026-05-10 17:25:35,463 WARN [Great Big God-lead-E#1]          TextBuilder.java:412  | Skipping TextLine with null bounds: TextLine{ "" conf:NaN}
2026-05-10 17:25:35,465 WARN [Great Big God-lead-E#1]          TextBuilder.java:412  | Skipping TextLine with null bounds: TextLine{ "" conf:NaN}
2026-05-10 17:25:35,465 WARN [Great Big God-lead-E#1]          TextBuilder.java:412  | Skipping TextLine with null bounds: TextLine{ "" conf:NaN}
2026-05-10 17:25:35,465 WARN [Great Big God-lead-E#1]          TextBuilder.java:412  | Skipping TextLine with null bounds: TextLine{ "" conf:NaN}
2026-05-10 17:25:35,466 WARN [Great Big God-lead-E#1]          TextBuilder.java:412  | Skipping TextLine with null bounds: TextLine{ "" conf:NaN}
2026-05-10 17:25:35,467 WARN [Great Big God-lead-E#1]          TextBuilder.java:412  | Skipping TextLine with null bounds: TextLine{ "" conf:NaN}
2026-05-10 17:25:35,468 WARN [Great Big God-lead-E#1]          TextBuilder.java:412  | Skipping TextLine with null bounds: TextLine{ "" conf:NaN}
2026-05-10 17:25:35,471 WARN [Great Big God-lead-E#1]          TextBuilder.java:412  | Skipping TextLine with null bounds: TextLine{ "" conf:NaN}
2026-05-10 17:25:35,472 WARN [Great Big God-lead-E#1]          TextBuilder.java:412  | Skipping TextLine with null bounds: TextLine{ "" conf:NaN}
2026-05-10 17:25:35,472 WARN [Great Big God-lead-E#1]          TextBuilder.java:412  | Skipping TextLine with null bounds: TextLine{ "" conf:NaN}
2026-05-10 17:25:35,472 WARN [Great Big God-lead-E#1]          TextBuilder.java:412  | Skipping TextLine with null bounds: TextLine{ "" conf:NaN}
2026-05-10 17:25:35,472 WARN [Great Big God-lead-E#1]          TextBuilder.java:412  | Skipping TextLine with null bounds: TextLine{ "" conf:NaN}
2026-05-10 17:25:35,473 WARN [Great Big God-lead-E#1]          TextBuilder.java:412  | Skipping TextLine with null bounds: TextLine{ "" conf:NaN}
2026-05-10 17:25:35,473 WARN [Great Big God-lead-E#1]          TextBuilder.java:412  | Skipping TextLine with null bounds: TextLine{ "" conf:NaN}
2026-05-10 17:25:35,473 WARN [Great Big God-lead-E#1]          TextBuilder.java:412  | Skipping TextLine with null bounds: TextLine{ "" conf:NaN}
2026-05-10 17:25:35,474 WARN [Great Big God-lead-E#1]          TextBuilder.java:412  | Skipping TextLine with null bounds: TextLine{ "" conf:NaN}
2026-05-10 17:25:35,474 WARN [Great Big God-lead-E#1]          TextBuilder.java:412  | Skipping TextLine with null bounds: TextLine{ "" conf:NaN}
2026-05-10 17:25:35,476 WARN [Great Big God-lead-E#1]          TextBuilder.java:412  | Skipping TextLine with null bounds: TextLine{ "" conf:NaN}
2026-05-10 17:25:35,476 WARN [Great Big God-lead-E#1]          TextBuilder.java:412  | Skipping TextLine with null bounds: TextLine{ "" conf:NaN}
2026-05-10 17:25:35,477 WARN [Great Big God-lead-E#1]          TextBuilder.java:412  | Skipping TextLine with null bounds: TextLine{ "" conf:NaN}
2026-05-10 17:25:35,478 WARN [Great Big God-lead-E#1]          TextBuilder.java:412  | Skipping TextLine with null bounds: TextLine{ "" conf:NaN}
2026-05-10 17:25:35,480 WARN [Great Big God-lead-E#1]          TextBuilder.java:412  | Skipping TextLine with null bounds: TextLine{ "" conf:NaN}
2026-05-10 17:25:35,480 WARN [Great Big God-lead-E#1]          TextBuilder.java:412  | Skipping TextLine with null bounds: TextLine{ "" conf:NaN}
2026-05-10 17:25:35,481 WARN [Great Big God-lead-E#1]          TextBuilder.java:412  | Skipping TextLine with null bounds: TextLine{ "" conf:NaN}
2026-05-10 17:25:35,481 WARN [Great Big God-lead-E#1]          TextBuilder.java:412  | Skipping TextLine with null bounds: TextLine{ "" conf:NaN}
2026-05-10 17:25:35,482 WARN [Great Big God-lead-E#1]          TextBuilder.java:412  | Skipping TextLine with null bounds: TextLine{ "" conf:NaN}
2026-05-10 17:25:35,482 WARN [Great Big God-lead-E#1]          TextBuilder.java:412  | Skipping TextLine with null bounds: TextLine{ "" conf:NaN}
2026-05-10 17:25:35,482 WARN [Great Big God-lead-E#1]          TextBuilder.java:412  | Skipping TextLine with null bounds: TextLine{ "" conf:NaN}
2026-05-10 17:25:35,482 WARN [Great Big God-lead-E#1]          TextBuilder.java:412  | Skipping TextLine with null bounds: TextLine{ "" conf:NaN}
2026-05-10 17:25:35,482 WARN [Great Big God-lead-E#1]          TextBuilder.java:412  | Skipping TextLine with null bounds: TextLine{ "" conf:NaN}
2026-05-10 17:25:35,483 WARN [Great Big God-lead-E#1]          TextBuilder.java:412  | Skipping TextLine with null bounds: TextLine{ "" conf:NaN}
2026-05-10 17:25:35,483 WARN [Great Big God-lead-E#1]          TextBuilder.java:412  | Skipping TextLine with null bounds: TextLine{ "" conf:NaN}
2026-05-10 17:25:35,483 WARN [Great Big God-lead-E#1]          TextBuilder.java:412  | Skipping TextLine with null bounds: TextLine{ "" conf:NaN}
2026-05-10 17:25:35,484 WARN [Great Big God-lead-E#1]          TextBuilder.java:412  | Skipping TextLine with null bounds: TextLine{ "" conf:NaN}
2026-05-10 17:25:35,484 WARN [Great Big God-lead-E#1]          TextBuilder.java:412  | Skipping TextLine with null bounds: TextLine{ "" conf:NaN}
2026-05-10 17:25:35,484 WARN [Great Big God-lead-E#1]          TextBuilder.java:412  | Skipping TextLine with null bounds: TextLine{ "" conf:NaN}
2026-05-10 17:25:35,484 WARN [Great Big God-lead-E#1]          TextBuilder.java:412  | Skipping TextLine with null bounds: TextLine{ "" conf:NaN}
2026-05-10 17:25:35,485 WARN [Great Big God-lead-E#1]          TextBuilder.java:412  | Skipping TextLine with null bounds: TextLine{ "" conf:NaN}
2026-05-10 17:25:35,485 WARN [Great Big God-lead-E#1]          TextBuilder.java:412  | Skipping TextLine with null bounds: TextLine{ "" conf:NaN}
2026-05-10 17:25:35,485 WARN [Great Big God-lead-E#1]          TextBuilder.java:412  | Skipping TextLine with null bounds: TextLine{ "" conf:NaN}
2026-05-10 17:25:35,487 WARN [Great Big God-lead-E#1]          TextBuilder.java:412  | Skipping TextLine with null bounds: TextLine{ "" conf:NaN}
2026-05-10 17:25:35,487 WARN [Great Big God-lead-E#1]          TextBuilder.java:412  | Skipping TextLine with null bounds: TextLine{ "" conf:NaN}
2026-05-10 17:25:35,488 WARN [Great Big God-lead-E#1]          TextBuilder.java:412  | Skipping TextLine with null bounds: TextLine{ "" conf:NaN}
2026-05-10 17:25:35,488 WARN [Great Big God-lead-E#1]          TextBuilder.java:412  | Skipping TextLine with null bounds: TextLine{ "" conf:NaN}
2026-05-10 17:25:35,488 WARN [Great Big God-lead-E#1]          TextBuilder.java:412  | Skipping TextLine with null bounds: TextLine{ "" conf:NaN}
2026-05-10 17:25:35,489 WARN [Great Big God-lead-E#1]          TextBuilder.java:412  | Skipping TextLine with null bounds: TextLine{ "" conf:NaN}
2026-05-10 17:25:35,489 WARN [Great Big God-lead-E#1]          TextBuilder.java:412  | Skipping TextLine with null bounds: TextLine{ "" conf:NaN}
2026-05-10 17:25:35,489 WARN [Great Big God-lead-E#1]          TextBuilder.java:412  | Skipping TextLine with null bounds: TextLine{ "" conf:NaN}
2026-05-10 17:25:35,489 WARN [Great Big God-lead-E#1]          TextBuilder.java:412  | Skipping TextLine with null bounds: TextLine{ "" conf:NaN}
2026-05-10 17:25:35,490 WARN [Great Big God-lead-E#1]          TextBuilder.java:412  | Skipping TextLine with null bounds: TextLine{ "" conf:NaN}
2026-05-10 17:25:35,490 WARN [Great Big God-lead-E#1]          TextBuilder.java:412  | Skipping TextLine with null bounds: TextLine{ "" conf:NaN}
2026-05-10 17:25:35,490 WARN [Great Big God-lead-E#1]          TextBuilder.java:412  | Skipping TextLine with null bounds: TextLine{ "" conf:NaN}
2026-05-10 17:25:35,491 WARN [Great Big God-lead-E#1]          TextBuilder.java:412  | Skipping TextLine with null bounds: TextLine{ "" conf:NaN}
2026-05-10 17:25:35,491 WARN [Great Big God-lead-E#1]          TextBuilder.java:412  | Skipping TextLine with null bounds: TextLine{ "" conf:NaN}
2026-05-10 17:25:35,493 WARN [Great Big God-lead-E#1]          TextBuilder.java:412  | Skipping TextLine with null bounds: TextLine{ "" conf:NaN}
2026-05-10 17:25:35,493 WARN [Great Big God-lead-E#1]          TextBuilder.java:412  | Skipping TextLine with null bounds: TextLine{ "" conf:NaN}
2026-05-10 17:25:35,493 WARN [Great Big God-lead-E#1]          TextBuilder.java:412  | Skipping TextLine with null bounds: TextLine{ "" conf:NaN}
2026-05-10 17:25:35,493 WARN [Great Big God-lead-E#1]          TextBuilder.java:412  | Skipping TextLine with null bounds: TextLine{ "" conf:NaN}
2026-05-10 17:25:35,494 WARN [Great Big God-lead-E#1]          TextBuilder.java:412  | Skipping TextLine with null bounds: TextLine{ "" conf:NaN}
2026-05-10 17:25:35,494 WARN [Great Big God-lead-E#1]          TextBuilder.java:412  | Skipping TextLine with null bounds: TextLine{ "" conf:NaN}
2026-05-10 17:25:35,495 WARN [Great Big God-lead-E#1]          TextBuilder.java:412  | Skipping TextLine with null bounds: TextLine{ "" conf:NaN}
2026-05-10 17:25:35,495 WARN [Great Big God-lead-E#1]          TextBuilder.java:412  | Skipping TextLine with null bounds: TextLine{ "" conf:NaN}
2026-05-10 17:25:35,495 WARN [Great Big God-lead-E#1]          TextBuilder.java:412  | Skipping TextLine with null bounds: TextLine{ "" conf:NaN}
2026-05-10 17:25:35,497 WARN [Great Big God-lead-E#1]          TextBuilder.java:412  | Skipping TextLine with null bounds: TextLine{ "" conf:NaN}
2026-05-10 17:25:35,497 WARN [Great Big God-lead-E#1]          TextBuilder.java:412  | Skipping TextLine with null bounds: TextLine{ "" conf:NaN}
2026-05-10 17:25:35,498 WARN [Great Big God-lead-E#1]          TextBuilder.java:412  | Skipping TextLine with null bounds: TextLine{ "" conf:NaN}
2026-05-10 17:25:35,498 WARN [Great Big God-lead-E#1]          TextBuilder.java:412  | Skipping TextLine with null bounds: TextLine{ "" conf:NaN}
2026-05-10 17:25:35,499 WARN [Great Big God-lead-E#1]          TextBuilder.java:412  | Skipping TextLine with null bounds: TextLine{ "" conf:NaN}
2026-05-10 17:25:35,499 WARN [Great Big God-lead-E#1]          TextBuilder.java:412  | Skipping TextLine with null bounds: TextLine{ "" conf:NaN}
2026-05-10 17:25:35,499 WARN [Great Big God-lead-E#1]          TextBuilder.java:412  | Skipping TextLine with null bounds: TextLine{ "" conf:NaN}
2026-05-10 17:25:35,500 WARN [Great Big God-lead-E#1]          TextBuilder.java:412  | Skipping TextLine with null bounds: TextLine{ "" conf:NaN}
2026-05-10 17:25:35,500 WARN [Great Big God-lead-E#1]          TextBuilder.java:412  | Skipping TextLine with null bounds: TextLine{ "" conf:NaN}
2026-05-10 17:25:35,500 WARN [Great Big God-lead-E#1]          TextBuilder.java:412  | Skipping TextLine with null bounds: TextLine{ "" conf:NaN}
2026-05-10 17:25:35,500 WARN [Great Big God-lead-E#1]          TextBuilder.java:412  | Skipping TextLine with null bounds: TextLine{ "" conf:NaN}
2026-05-10 17:25:35,502 WARN [Great Big God-lead-E#1]          TextBuilder.java:412  | Skipping TextLine with null bounds: TextLine{ "" conf:NaN}
2026-05-10 17:25:35,502 WARN [Great Big God-lead-E#1]          TextBuilder.java:412  | Skipping TextLine with null bounds: TextLine{ "" conf:NaN}
2026-05-10 17:25:35,503 WARN [Great Big God-lead-E#1]          TextBuilder.java:412  | Skipping TextLine with null bounds: TextLine{ "" conf:NaN}
2026-05-10 17:25:35,503 WARN [Great Big God-lead-E#1]          TextBuilder.java:412  | Skipping TextLine with null bounds: TextLine{ "" conf:NaN}
2026-05-10 17:25:35,504 WARN [Great Big God-lead-E#1]          TextBuilder.java:412  | Skipping TextLine with null bounds: TextLine{ "" conf:NaN}
2026-05-10 17:25:35,504 WARN [Great Big God-lead-E#1]          TextBuilder.java:412  | Skipping TextLine with null bounds: TextLine{ "" conf:NaN}
2026-05-10 17:25:35,504 WARN [Great Big God-lead-E#1]          TextBuilder.java:412  | Skipping TextLine with null bounds: TextLine{ "" conf:NaN}
2026-05-10 17:25:35,504 WARN [Great Big God-lead-E#1]          TextBuilder.java:412  | Skipping TextLine with null bounds: TextLine{ "" conf:NaN}
2026-05-10 17:25:35,505 WARN [Great Big God-lead-E#1]          TextBuilder.java:412  | Skipping TextLine with null bounds: TextLine{ "" conf:NaN}
2026-05-10 17:25:35,505 WARN [Great Big God-lead-E#1]          TextBuilder.java:412  | Skipping TextLine with null bounds: TextLine{ "" conf:NaN}
2026-05-10 17:25:35,505 WARN [Great Big God-lead-E#1]          TextBuilder.java:412  | Skipping TextLine with null bounds: TextLine{ "" conf:NaN}
2026-05-10 17:25:35,505 WARN [Great Big God-lead-E#1]          TextBuilder.java:412  | Skipping TextLine with null bounds: TextLine{ "" conf:NaN}
2026-05-10 17:25:35,505 WARN [Great Big God-lead-E#1]          TextBuilder.java:412  | Skipping TextLine with null bounds: TextLine{ "" conf:NaN}
2026-05-10 17:25:35,505 WARN [Great Big God-lead-E#1]          TextBuilder.java:412  | Skipping TextLine with null bounds: TextLine{ "" conf:NaN}
2026-05-10 17:25:35,507 WARN [Great Big God-lead-E#1]          TextBuilder.java:412  | Skipping TextLine with null bounds: TextLine{ "" conf:NaN}
2026-05-10 17:25:35,507 WARN [Great Big God-lead-E#1]          TextBuilder.java:412  | Skipping TextLine with null bounds: TextLine{ "" conf:NaN}
2026-05-10 17:25:35,507 WARN [Great Big God-lead-E#1]          TextBuilder.java:412  | Skipping TextLine with null bounds: TextLine{ "" conf:NaN}
2026-05-10 17:25:35,508 WARN [Great Big God-lead-E#1]          TextBuilder.java:412  | Skipping TextLine with null bounds: TextLine{ "" conf:NaN}
2026-05-10 17:25:35,508 WARN [Great Big God-lead-E#1]          TextBuilder.java:412  | Skipping TextLine with null bounds: TextLine{ "" conf:NaN}
2026-05-10 17:25:35,509 WARN [Great Big God-lead-E#1]          TextBuilder.java:412  | Skipping TextLine with null bounds: TextLine{ "" conf:NaN}
2026-05-10 17:25:35,509 WARN [Great Big God-lead-E#1]          TextBuilder.java:412  | Skipping TextLine with null bounds: TextLine{ "" conf:NaN}
2026-05-10 17:25:35,509 WARN [Great Big God-lead-E#1]          TextBuilder.java:412  | Skipping TextLine with null bounds: TextLine{ "" conf:NaN}
2026-05-10 17:25:35,509 WARN [Great Big God-lead-E#1]          TextBuilder.java:412  | Skipping TextLine with null bounds: TextLine{ "" conf:NaN}
2026-05-10 17:25:35,509 WARN [Great Big God-lead-E#1]          TextBuilder.java:412  | Skipping TextLine with null bounds: TextLine{ "" conf:NaN}
2026-05-10 17:25:35,509 WARN [Great Big God-lead-E#1]          TextBuilder.java:412  | Skipping TextLine with null bounds: TextLine{ "" conf:NaN}
2026-05-10 17:25:35,510 WARN [Great Big God-lead-E#1]          TextBuilder.java:412  | Skipping TextLine with null bounds: TextLine{ "" conf:NaN}
2026-05-10 17:25:35,510 WARN [Great Big God-lead-E#1]          TextBuilder.java:412  | Skipping TextLine with null bounds: TextLine{ "" conf:NaN}
2026-05-10 17:25:35,511 WARN [Great Big God-lead-E#1]          TextBuilder.java:412  | Skipping TextLine with null bounds: TextLine{ "" conf:NaN}
2026-05-10 17:25:35,511 WARN [Great Big God-lead-E#1]          TextBuilder.java:412  | Skipping TextLine with null bounds: TextLine{ "" conf:NaN}
2026-05-10 17:25:35,511 WARN [Great Big God-lead-E#1]          TextBuilder.java:412  | Skipping TextLine with null bounds: TextLine{ "" conf:NaN}
2026-05-10 17:25:35,512 WARN [Great Big God-lead-E#1]          TextBuilder.java:412  | Skipping TextLine with null bounds: TextLine{ "" conf:NaN}
2026-05-10 17:25:35,512 WARN [Great Big God-lead-E#1]          TextBuilder.java:412  | Skipping TextLine with null bounds: TextLine{ "" conf:NaN}
2026-05-10 17:25:35,512 WARN [Great Big God-lead-E#1]          TextBuilder.java:412  | Skipping TextLine with null bounds: TextLine{ "" conf:NaN}
2026-05-10 17:25:35,513 WARN [Great Big God-lead-E#1]          TextBuilder.java:412  | Skipping TextLine with null bounds: TextLine{ "" conf:NaN}
2026-05-10 17:25:41,668 INFO [Great Big God-lead-E#1]           PageRhythm.java:176  | {Page#1.1} Starting PageRhythm time signature check
2026-05-10 17:25:41,669 INFO [Great Big God-lead-E#1]           PageRhythm.java:178  | {Page#1.1} Initial range state: Range{SN1- tSig:4/4} → ts: TimePairInter#232{ FROZEN(0.947/0.947) staff:1 4/4}
2026-05-10 17:25:41,671 INFO [Great Big God-lead-E#1]           PageRhythm.java:184  | {Page#1.1} Checking range: Range{SN1- tSig:4/4}, ts: TimePairInter#232{ FROZEN(0.947/0.947) staff:1 4/4}
2026-05-10 17:25:41,672 INFO [Great Big God-lead-E#1]           PageRhythm.java:277  | Last range: Range{SN1-27 tSig:4/4 dur:1}
2026-05-10 17:25:41,672 INFO [Great Big God-lead-E#1]           PageRhythm.java:278  | lastRange.timeRational = 4/4
2026-05-10 17:25:41,672 INFO [Great Big God-lead-E#1]           PageRhythm.java:279  | lastRange.ts = TimePairInter#232{ FROZEN(0.947/0.947) staff:1 4/4}
2026-05-10 17:25:41,674 DEBUG [Great Big God-lead-E#1]           PageRhythm.java:121  | MeasureStack#1 frats: 0 []
2026-05-10 17:25:41,674 DEBUG [Great Big God-lead-E#1]           PageRhythm.java:121  | MeasureStack#2 frats: 1 [6972]
2026-05-10 17:25:41,675 DEBUG [Great Big God-lead-E#1]           PageRhythm.java:121  | MeasureStack#3 frats: 1 [6975]
2026-05-10 17:25:41,676 DEBUG [Great Big God-lead-E#1]           PageRhythm.java:121  | MeasureStack#4 frats: 1 [6976]
2026-05-10 17:25:41,680 DEBUG [Great Big God-lead-E#1]           PageRhythm.java:121  | MeasureStack#5 frats: 2 [6979, 6980]
2026-05-10 17:25:41,681 DEBUG [Great Big God-lead-E#1]           PageRhythm.java:121  | MeasureStack#6 frats: 0 []
2026-05-10 17:25:41,681 DEBUG [Great Big God-lead-E#1]           PageRhythm.java:121  | MeasureStack#7 frats: 2 [7095, 7121]
2026-05-10 17:25:41,682 DEBUG [Great Big God-lead-E#1]           PageRhythm.java:121  | MeasureStack#8 frats: 2 [7166, 7220]
2026-05-10 17:25:41,682 DEBUG [Great Big God-lead-E#1]           PageRhythm.java:121  | MeasureStack#9 frats: 1 [7242]
2026-05-10 17:25:41,683 DEBUG [Great Big God-lead-E#1]           PageRhythm.java:121  | MeasureStack#10 frats: 1 [7243]
2026-05-10 17:25:41,683 DEBUG [Great Big God-lead-E#1]           PageRhythm.java:121  | MeasureStack#11 frats: 0 []
2026-05-10 17:25:41,683 DEBUG [Great Big God-lead-E#1]           PageRhythm.java:121  | MeasureStack#12 frats: 3 [7341, 7343, 7350]
2026-05-10 17:25:41,684 DEBUG [Great Big God-lead-E#1]           PageRhythm.java:121  | MeasureStack#13 frats: 2 [7460, 7461]
2026-05-10 17:25:41,685 DEBUG [Great Big God-lead-E#1]           PageRhythm.java:121  | MeasureStack#14 frats: 1 [7479]
2026-05-10 17:25:41,685 DEBUG [Great Big God-lead-E#1]           PageRhythm.java:121  | MeasureStack#15 frats: 0 []
2026-05-10 17:25:41,685 DEBUG [Great Big God-lead-E#1]           PageRhythm.java:121  | MeasureStack#16 frats: 3 [7617, 7703, 7710]
2026-05-10 17:25:41,685 DEBUG [Great Big God-lead-E#1]           PageRhythm.java:121  | MeasureStack#17 frats: 3 [7829, 7771, 7792]
2026-05-10 17:25:41,686 DEBUG [Great Big God-lead-E#1]           PageRhythm.java:121  | MeasureStack#18 frats: 3 [7832, 7802, 7824]
2026-05-10 17:25:41,686 DEBUG [Great Big God-lead-E#1]           PageRhythm.java:121  | MeasureStack#19 frats: 4 [7846, 7876, 7884, 7928]
2026-05-10 17:25:41,686 DEBUG [Great Big God-lead-E#1]           PageRhythm.java:121  | MeasureStack#20 frats: 3 [7941, 8252, 8247]
2026-05-10 17:25:41,686 DEBUG [Great Big God-lead-E#1]           PageRhythm.java:121  | MeasureStack#21 frats: 4 [8248, 8249, 8078, 8186]
2026-05-10 17:25:41,687 DEBUG [Great Big God-lead-E#1]           PageRhythm.java:121  | MeasureStack#22 frats: 2 [8250, 8251]
2026-05-10 17:25:41,687 DEBUG [Great Big God-lead-E#1]           PageRhythm.java:121  | MeasureStack#23 frats: 2 [8382, 8263]
2026-05-10 17:25:41,688 DEBUG [Great Big God-lead-E#1]           PageRhythm.java:121  | MeasureStack#24 frats: 2 [8384, 8385]
2026-05-10 17:25:41,688 DEBUG [Great Big God-lead-E#1]           PageRhythm.java:121  | MeasureStack#25 frats: 2 [8331, 8372]
2026-05-10 17:25:41,688 DEBUG [Great Big God-lead-E#1]           PageRhythm.java:121  | MeasureStack#26 frats: 0 []
2026-05-10 17:25:41,688 DEBUG [Great Big God-lead-E#1]           PageRhythm.java:121  | MeasureStack#27 frats: 0 []
2026-05-10 17:25:41,690 DEBUG [Great Big God-lead-E#1]           PageRhythm.java:325  | Starting Range{SN1-27 tSig:4/4 dur:1}
2026-05-10 17:25:41,690 DEBUG [Great Big God-lead-E#1]           PageRhythm.java:329  | About to process StackRhythm for MeasureStack#1
2026-05-10 17:25:41,692 DEBUG [Great Big God-lead-E#1]          StackRhythm.java:221  | Setting expectedDuration=1 for stack on page 1
2026-05-10 17:25:41,718 DEBUG [Great Big God-lead-E#1]           PageRhythm.java:331  | Finished processing StackRhythm for MeasureStack#1
2026-05-10 17:25:41,719 DEBUG [Great Big God-lead-E#1]           PageRhythm.java:329  | About to process StackRhythm for MeasureStack#2
2026-05-10 17:25:41,720 DEBUG [Great Big God-lead-E#1]          StackRhythm.java:221  | Setting expectedDuration=1 for stack on page 2
2026-05-10 17:25:41,738 DEBUG [Great Big God-lead-E#1]           PageRhythm.java:331  | Finished processing StackRhythm for MeasureStack#2
2026-05-10 17:25:41,738 DEBUG [Great Big God-lead-E#1]           PageRhythm.java:329  | About to process StackRhythm for MeasureStack#3
2026-05-10 17:25:41,739 DEBUG [Great Big God-lead-E#1]          StackRhythm.java:221  | Setting expectedDuration=1 for stack on page 3
2026-05-10 17:25:41,740 DEBUG [Great Big God-lead-E#1]           PageRhythm.java:331  | Finished processing StackRhythm for MeasureStack#3
2026-05-10 17:25:41,741 DEBUG [Great Big God-lead-E#1]           PageRhythm.java:329  | About to process StackRhythm for MeasureStack#4
2026-05-10 17:25:41,741 DEBUG [Great Big God-lead-E#1]          StackRhythm.java:221  | Setting expectedDuration=1 for stack on page 4
2026-05-10 17:25:41,746 DEBUG [Great Big God-lead-E#1]           PageRhythm.java:331  | Finished processing StackRhythm for MeasureStack#4
2026-05-10 17:25:41,747 DEBUG [Great Big God-lead-E#1]           PageRhythm.java:329  | About to process StackRhythm for MeasureStack#5
2026-05-10 17:25:41,748 DEBUG [Great Big God-lead-E#1]          StackRhythm.java:221  | Setting expectedDuration=1 for stack on page 5
2026-05-10 17:25:41,750 INFO [Great Big God-lead-E#1]          StackRhythm.java:226  | S1 MeasureStack#5 no correct rhythm
2026-05-10 17:25:41,752 DEBUG [Great Big God-lead-E#1]           PageRhythm.java:331  | Finished processing StackRhythm for MeasureStack#5
2026-05-10 17:25:41,754 DEBUG [Great Big God-lead-E#1]           PageRhythm.java:329  | About to process StackRhythm for MeasureStack#6
2026-05-10 17:25:41,754 DEBUG [Great Big God-lead-E#1]          StackRhythm.java:221  | Setting expectedDuration=1 for stack on page 6
2026-05-10 17:25:41,757 DEBUG [Great Big God-lead-E#1]           PageRhythm.java:331  | Finished processing StackRhythm for MeasureStack#6
2026-05-10 17:25:41,757 DEBUG [Great Big God-lead-E#1]           PageRhythm.java:329  | About to process StackRhythm for MeasureStack#7
2026-05-10 17:25:41,758 DEBUG [Great Big God-lead-E#1]          StackRhythm.java:221  | Setting expectedDuration=1 for stack on page 7
2026-05-10 17:25:41,760 DEBUG [Great Big God-lead-E#1]           PageRhythm.java:331  | Finished processing StackRhythm for MeasureStack#7
2026-05-10 17:25:41,760 DEBUG [Great Big God-lead-E#1]           PageRhythm.java:329  | About to process StackRhythm for MeasureStack#8
2026-05-10 17:25:41,762 DEBUG [Great Big God-lead-E#1]          StackRhythm.java:221  | Setting expectedDuration=1 for stack on page 8
2026-05-10 17:25:41,766 DEBUG [Great Big God-lead-E#1]           PageRhythm.java:331  | Finished processing StackRhythm for MeasureStack#8
2026-05-10 17:25:41,767 DEBUG [Great Big God-lead-E#1]           PageRhythm.java:329  | About to process StackRhythm for MeasureStack#9
2026-05-10 17:25:41,768 DEBUG [Great Big God-lead-E#1]          StackRhythm.java:221  | Setting expectedDuration=1 for stack on page 9
2026-05-10 17:25:41,769 DEBUG [Great Big God-lead-E#1]           PageRhythm.java:331  | Finished processing StackRhythm for MeasureStack#9
2026-05-10 17:25:41,769 DEBUG [Great Big God-lead-E#1]           PageRhythm.java:329  | About to process StackRhythm for MeasureStack#10
2026-05-10 17:25:41,770 DEBUG [Great Big God-lead-E#1]          StackRhythm.java:221  | Setting expectedDuration=1 for stack on page 10
2026-05-10 17:25:41,771 DEBUG [Great Big God-lead-E#1]           PageRhythm.java:331  | Finished processing StackRhythm for MeasureStack#10
2026-05-10 17:25:41,772 DEBUG [Great Big God-lead-E#1]           PageRhythm.java:329  | About to process StackRhythm for MeasureStack#11
2026-05-10 17:25:41,772 DEBUG [Great Big God-lead-E#1]          StackRhythm.java:221  | Setting expectedDuration=1 for stack on page 11
2026-05-10 17:25:41,773 DEBUG [Great Big God-lead-E#1]           PageRhythm.java:331  | Finished processing StackRhythm for MeasureStack#11
2026-05-10 17:25:41,774 DEBUG [Great Big God-lead-E#1]           PageRhythm.java:329  | About to process StackRhythm for MeasureStack#12
2026-05-10 17:25:41,774 DEBUG [Great Big God-lead-E#1]          StackRhythm.java:221  | Setting expectedDuration=1 for stack on page 12
2026-05-10 17:25:41,776 DEBUG [Great Big God-lead-E#1]           PageRhythm.java:331  | Finished processing StackRhythm for MeasureStack#12
2026-05-10 17:25:41,777 DEBUG [Great Big God-lead-E#1]           PageRhythm.java:329  | About to process StackRhythm for MeasureStack#13
2026-05-10 17:25:41,777 DEBUG [Great Big God-lead-E#1]          StackRhythm.java:221  | Setting expectedDuration=1 for stack on page 13
2026-05-10 17:25:41,782 DEBUG [Great Big God-lead-E#1]           PageRhythm.java:331  | Finished processing StackRhythm for MeasureStack#13
2026-05-10 17:25:41,783 DEBUG [Great Big God-lead-E#1]           PageRhythm.java:329  | About to process StackRhythm for MeasureStack#14
2026-05-10 17:25:41,783 DEBUG [Great Big God-lead-E#1]          StackRhythm.java:221  | Setting expectedDuration=1 for stack on page 14
2026-05-10 17:25:41,784 DEBUG [Great Big God-lead-E#1]           PageRhythm.java:331  | Finished processing StackRhythm for MeasureStack#14
2026-05-10 17:25:41,785 DEBUG [Great Big God-lead-E#1]           PageRhythm.java:329  | About to process StackRhythm for MeasureStack#15
2026-05-10 17:25:41,785 DEBUG [Great Big God-lead-E#1]          StackRhythm.java:221  | Setting expectedDuration=1 for stack on page 15
2026-05-10 17:25:41,787 DEBUG [Great Big God-lead-E#1]           PageRhythm.java:331  | Finished processing StackRhythm for MeasureStack#15
2026-05-10 17:25:41,787 DEBUG [Great Big God-lead-E#1]           PageRhythm.java:329  | About to process StackRhythm for MeasureStack#16
2026-05-10 17:25:41,787 DEBUG [Great Big God-lead-E#1]          StackRhythm.java:221  | Setting expectedDuration=1 for stack on page 16
2026-05-10 17:25:41,789 DEBUG [Great Big God-lead-E#1]           PageRhythm.java:331  | Finished processing StackRhythm for MeasureStack#16
2026-05-10 17:25:41,789 DEBUG [Great Big God-lead-E#1]           PageRhythm.java:329  | About to process StackRhythm for MeasureStack#17
2026-05-10 17:25:41,790 DEBUG [Great Big God-lead-E#1]          StackRhythm.java:221  | Setting expectedDuration=1 for stack on page 17
2026-05-10 17:25:41,798 DEBUG [Great Big God-lead-E#1]           PageRhythm.java:331  | Finished processing StackRhythm for MeasureStack#17
2026-05-10 17:25:41,880 DEBUG [Great Big God-lead-E#1]           PageRhythm.java:329  | About to process StackRhythm for MeasureStack#18
2026-05-10 17:25:41,891 DEBUG [Great Big God-lead-E#1]          StackRhythm.java:221  | Setting expectedDuration=1 for stack on page 18
2026-05-10 17:25:41,900 DEBUG [Great Big God-lead-E#1]           PageRhythm.java:331  | Finished processing StackRhythm for MeasureStack#18
2026-05-10 17:25:41,904 DEBUG [Great Big God-lead-E#1]           PageRhythm.java:329  | About to process StackRhythm for MeasureStack#19
2026-05-10 17:25:41,906 DEBUG [Great Big God-lead-E#1]          StackRhythm.java:221  | Setting expectedDuration=1 for stack on page 19
2026-05-10 17:25:41,910 DEBUG [Great Big God-lead-E#1]           PageRhythm.java:331  | Finished processing StackRhythm for MeasureStack#19
2026-05-10 17:25:41,912 DEBUG [Great Big God-lead-E#1]           PageRhythm.java:329  | About to process StackRhythm for MeasureStack#20
2026-05-10 17:25:41,913 DEBUG [Great Big God-lead-E#1]          StackRhythm.java:221  | Setting expectedDuration=1 for stack on page 20
2026-05-10 17:25:41,917 DEBUG [Great Big God-lead-E#1]           PageRhythm.java:331  | Finished processing StackRhythm for MeasureStack#20
2026-05-10 17:25:41,918 DEBUG [Great Big God-lead-E#1]           PageRhythm.java:329  | About to process StackRhythm for MeasureStack#21
2026-05-10 17:25:41,918 DEBUG [Great Big God-lead-E#1]          StackRhythm.java:221  | Setting expectedDuration=1 for stack on page 21
2026-05-10 17:25:41,921 INFO [Great Big God-lead-E#1]          StackRhythm.java:226  | S5 MeasureStack#21 no correct rhythm
2026-05-10 17:25:41,921 DEBUG [Great Big God-lead-E#1]           PageRhythm.java:331  | Finished processing StackRhythm for MeasureStack#21
2026-05-10 17:25:41,922 DEBUG [Great Big God-lead-E#1]           PageRhythm.java:329  | About to process StackRhythm for MeasureStack#22
2026-05-10 17:25:41,922 DEBUG [Great Big God-lead-E#1]          StackRhythm.java:221  | Setting expectedDuration=1 for stack on page 22
2026-05-10 17:25:41,923 DEBUG [Great Big God-lead-E#1]           PageRhythm.java:331  | Finished processing StackRhythm for MeasureStack#22
2026-05-10 17:25:41,923 DEBUG [Great Big God-lead-E#1]           PageRhythm.java:329  | About to process StackRhythm for MeasureStack#23
2026-05-10 17:25:41,924 DEBUG [Great Big God-lead-E#1]          StackRhythm.java:221  | Setting expectedDuration=1 for stack on page 23
2026-05-10 17:25:41,925 DEBUG [Great Big God-lead-E#1]           PageRhythm.java:331  | Finished processing StackRhythm for MeasureStack#23
2026-05-10 17:25:41,925 DEBUG [Great Big God-lead-E#1]           PageRhythm.java:329  | About to process StackRhythm for MeasureStack#24
2026-05-10 17:25:41,927 DEBUG [Great Big God-lead-E#1]          StackRhythm.java:221  | Setting expectedDuration=1 for stack on page 24
2026-05-10 17:25:41,929 INFO [Great Big God-lead-E#1]          StackRhythm.java:226  | S6 MeasureStack#24 no correct rhythm
2026-05-10 17:25:41,929 DEBUG [Great Big God-lead-E#1]           PageRhythm.java:331  | Finished processing StackRhythm for MeasureStack#24
2026-05-10 17:25:41,929 DEBUG [Great Big God-lead-E#1]           PageRhythm.java:329  | About to process StackRhythm for MeasureStack#25
2026-05-10 17:25:41,930 DEBUG [Great Big God-lead-E#1]          StackRhythm.java:221  | Setting expectedDuration=1 for stack on page 25
2026-05-10 17:25:41,943 DEBUG [Great Big God-lead-E#1]           PageRhythm.java:331  | Finished processing StackRhythm for MeasureStack#25
2026-05-10 17:25:41,945 DEBUG [Great Big God-lead-E#1]           PageRhythm.java:329  | About to process StackRhythm for MeasureStack#26
2026-05-10 17:25:41,945 DEBUG [Great Big God-lead-E#1]          StackRhythm.java:221  | Setting expectedDuration=1 for stack on page 26
2026-05-10 17:25:41,948 DEBUG [Great Big God-lead-E#1]           PageRhythm.java:331  | Finished processing StackRhythm for MeasureStack#26
2026-05-10 17:25:41,950 DEBUG [Great Big God-lead-E#1]           PageRhythm.java:329  | About to process StackRhythm for MeasureStack#27
2026-05-10 17:25:41,950 DEBUG [Great Big God-lead-E#1]          StackRhythm.java:221  | Setting expectedDuration=1 for stack on page 27
2026-05-10 17:25:41,952 DEBUG [Great Big God-lead-E#1]           PageRhythm.java:331  | Finished processing StackRhythm for MeasureStack#27
2026-05-10 17:25:46,871 WARN [Great Big God-lead-E#2]          TextBuilder.java:412  | Skipping TextLine with null bounds: TextLine{ "" conf:NaN}
2026-05-10 17:25:46,873 WARN [Great Big God-lead-E#2]          TextBuilder.java:412  | Skipping TextLine with null bounds: TextLine{ "" conf:NaN}
2026-05-10 17:25:46,873 WARN [Great Big God-lead-E#2]          TextBuilder.java:412  | Skipping TextLine with null bounds: TextLine{ "" conf:NaN}
2026-05-10 17:25:46,873 WARN [Great Big God-lead-E#2]          TextBuilder.java:412  | Skipping TextLine with null bounds: TextLine{ "" conf:NaN}
2026-05-10 17:25:46,873 WARN [Great Big God-lead-E#2]          TextBuilder.java:412  | Skipping TextLine with null bounds: TextLine{ "" conf:NaN}
2026-05-10 17:25:46,874 WARN [Great Big God-lead-E#2]          TextBuilder.java:412  | Skipping TextLine with null bounds: TextLine{ "" conf:NaN}
2026-05-10 17:25:46,874 WARN [Great Big God-lead-E#2]          TextBuilder.java:412  | Skipping TextLine with null bounds: TextLine{ "" conf:NaN}
2026-05-10 17:25:46,874 WARN [Great Big God-lead-E#2]          TextBuilder.java:412  | Skipping TextLine with null bounds: TextLine{ "" conf:NaN}
2026-05-10 17:25:46,875 WARN [Great Big God-lead-E#2]          TextBuilder.java:412  | Skipping TextLine with null bounds: TextLine{ "" conf:NaN}
2026-05-10 17:25:46,875 WARN [Great Big God-lead-E#2]          TextBuilder.java:412  | Skipping TextLine with null bounds: TextLine{ "" conf:NaN}
2026-05-10 17:25:46,875 WARN [Great Big God-lead-E#2]          TextBuilder.java:412  | Skipping TextLine with null bounds: TextLine{ "" conf:NaN}
2026-05-10 17:25:46,875 WARN [Great Big God-lead-E#2]          TextBuilder.java:412  | Skipping TextLine with null bounds: TextLine{ "" conf:NaN}
2026-05-10 17:25:46,875 WARN [Great Big God-lead-E#2]          TextBuilder.java:412  | Skipping TextLine with null bounds: TextLine{ "" conf:NaN}
2026-05-10 17:25:46,875 WARN [Great Big God-lead-E#2]          TextBuilder.java:412  | Skipping TextLine with null bounds: TextLine{ "" conf:NaN}
2026-05-10 17:25:46,875 WARN [Great Big God-lead-E#2]          TextBuilder.java:412  | Skipping TextLine with null bounds: TextLine{ "" conf:NaN}
2026-05-10 17:25:46,875 WARN [Great Big God-lead-E#2]          TextBuilder.java:412  | Skipping TextLine with null bounds: TextLine{ "" conf:NaN}
2026-05-10 17:25:48,004 INFO [Great Big God-lead-E#2]           PageRhythm.java:176  | {Page#2.1} Starting PageRhythm time signature check
2026-05-10 17:25:48,005 INFO [Great Big God-lead-E#2]           PageRhythm.java:178  | {Page#2.1} Initial range state: Range{SN1-} → ts: null
2026-05-10 17:25:48,005 INFO [Great Big God-lead-E#2]           PageRhythm.java:184  | {Page#2.1} Checking range: Range{SN1-}, ts: null
2026-05-10 17:25:48,005 INFO [Great Big God-lead-E#2]           PageRhythm.java:207  | {Page#2.1} Time value reused from sheet#1
2026-05-10 17:25:48,005 INFO [Great Big God-lead-E#2]           PageRhythm.java:277  | Last range: Range{SN1-4 tRat:4/4 dur:1}
2026-05-10 17:25:48,005 INFO [Great Big God-lead-E#2]           PageRhythm.java:278  | lastRange.timeRational = 4/4
2026-05-10 17:25:48,005 INFO [Great Big God-lead-E#2]           PageRhythm.java:279  | lastRange.ts = null
2026-05-10 17:25:48,007 DEBUG [Great Big God-lead-E#2]           PageRhythm.java:121  | MeasureStack#1 frats: 2 [915, 982]
2026-05-10 17:25:48,007 DEBUG [Great Big God-lead-E#2]           PageRhythm.java:121  | MeasureStack#2 frats: 1 [1108]
2026-05-10 17:25:48,008 DEBUG [Great Big God-lead-E#2]           PageRhythm.java:121  | MeasureStack#3 frats: 2 [1034, 1101]
2026-05-10 17:25:48,008 DEBUG [Great Big God-lead-E#2]           PageRhythm.java:121  | MeasureStack#4 frats: 1 [1110]
2026-05-10 17:25:48,008 DEBUG [Great Big God-lead-E#2]           PageRhythm.java:325  | Starting Range{SN1-4 tRat:4/4 dur:1}
2026-05-10 17:25:48,008 DEBUG [Great Big God-lead-E#2]           PageRhythm.java:329  | About to process StackRhythm for MeasureStack#1
2026-05-10 17:25:48,008 DEBUG [Great Big God-lead-E#2]          StackRhythm.java:221  | Setting expectedDuration=1 for stack on page 1
2026-05-10 17:25:48,009 DEBUG [Great Big God-lead-E#2]           PageRhythm.java:331  | Finished processing StackRhythm for MeasureStack#1
2026-05-10 17:25:48,009 DEBUG [Great Big God-lead-E#2]           PageRhythm.java:329  | About to process StackRhythm for MeasureStack#2
2026-05-10 17:25:48,010 DEBUG [Great Big God-lead-E#2]          StackRhythm.java:221  | Setting expectedDuration=1 for stack on page 2
2026-05-10 17:25:48,011 DEBUG [Great Big God-lead-E#2]           PageRhythm.java:331  | Finished processing StackRhythm for MeasureStack#2
2026-05-10 17:25:48,011 DEBUG [Great Big God-lead-E#2]           PageRhythm.java:329  | About to process StackRhythm for MeasureStack#3
2026-05-10 17:25:48,011 DEBUG [Great Big God-lead-E#2]          StackRhythm.java:221  | Setting expectedDuration=1 for stack on page 3
2026-05-10 17:25:48,013 DEBUG [Great Big God-lead-E#2]           PageRhythm.java:331  | Finished processing StackRhythm for MeasureStack#3
2026-05-10 17:25:48,013 DEBUG [Great Big God-lead-E#2]           PageRhythm.java:329  | About to process StackRhythm for MeasureStack#4
2026-05-10 17:25:48,013 DEBUG [Great Big God-lead-E#2]          StackRhythm.java:221  | Setting expectedDuration=1 for stack on page 4
2026-05-10 17:25:48,014 DEBUG [Great Big God-lead-E#2]           PageRhythm.java:331  | Finished processing StackRhythm for MeasureStack#4
