2026-05-10 17:39:46,544 WARN [How Great Is Our God-lead-C#1]          TextBuilder.java:412  | Skipping TextLine with null bounds: TextLine{ "" conf:NaN}
2026-05-10 17:39:46,546 WARN [How Great Is Our God-lead-C#1]          TextBuilder.java:412  | Skipping TextLine with null bounds: TextLine{ "" conf:NaN}
2026-05-10 17:39:46,547 WARN [How Great Is Our God-lead-C#1]          TextBuilder.java:412  | Skipping TextLine with null bounds: TextLine{ "" conf:NaN}
2026-05-10 17:39:46,548 WARN [How Great Is Our God-lead-C#1]          TextBuilder.java:412  | Skipping TextLine with null bounds: TextLine{ "" conf:NaN}
2026-05-10 17:39:46,551 WARN [How Great Is Our God-lead-C#1]          TextBuilder.java:412  | Skipping TextLine with null bounds: TextLine{ "" conf:NaN}
2026-05-10 17:39:46,552 WARN [How Great Is Our God-lead-C#1]          TextBuilder.java:412  | Skipping TextLine with null bounds: TextLine{ "" conf:NaN}
2026-05-10 17:39:46,552 WARN [How Great Is Our God-lead-C#1]          TextBuilder.java:412  | Skipping TextLine with null bounds: TextLine{ "" conf:NaN}
2026-05-10 17:39:46,553 WARN [How Great Is Our God-lead-C#1]          TextBuilder.java:412  | Skipping TextLine with null bounds: TextLine{ "" conf:NaN}
2026-05-10 17:39:46,553 WARN [How Great Is Our God-lead-C#1]          TextBuilder.java:412  | Skipping TextLine with null bounds: TextLine{ "" conf:NaN}
2026-05-10 17:39:46,554 WARN [How Great Is Our God-lead-C#1]          TextBuilder.java:412  | Skipping TextLine with null bounds: TextLine{ "" conf:NaN}
2026-05-10 17:39:46,554 WARN [How Great Is Our God-lead-C#1]          TextBuilder.java:412  | Skipping TextLine with null bounds: TextLine{ "" conf:NaN}
2026-05-10 17:39:46,554 WARN [How Great Is Our God-lead-C#1]          TextBuilder.java:412  | Skipping TextLine with null bounds: TextLine{ "" conf:NaN}
2026-05-10 17:39:46,555 WARN [How Great Is Our God-lead-C#1]          TextBuilder.java:412  | Skipping TextLine with null bounds: TextLine{ "" conf:NaN}
2026-05-10 17:39:46,556 WARN [How Great Is Our God-lead-C#1]          TextBuilder.java:412  | Skipping TextLine with null bounds: TextLine{ "" conf:NaN}
2026-05-10 17:39:46,556 WARN [How Great Is Our God-lead-C#1]          TextBuilder.java:412  | Skipping TextLine with null bounds: TextLine{ "" conf:NaN}
2026-05-10 17:39:46,556 WARN [How Great Is Our God-lead-C#1]          TextBuilder.java:412  | Skipping TextLine with null bounds: TextLine{ "" conf:NaN}
2026-05-10 17:39:46,557 WARN [How Great Is Our God-lead-C#1]          TextBuilder.java:412  | Skipping TextLine with null bounds: TextLine{ "" conf:NaN}
2026-05-10 17:39:46,557 WARN [How Great Is Our God-lead-C#1]          TextBuilder.java:412  | Skipping TextLine with null bounds: TextLine{ "" conf:NaN}
2026-05-10 17:39:46,558 WARN [How Great Is Our God-lead-C#1]          TextBuilder.java:412  | Skipping TextLine with null bounds: TextLine{ "" conf:NaN}
2026-05-10 17:39:46,558 WARN [How Great Is Our God-lead-C#1]          TextBuilder.java:412  | Skipping TextLine with null bounds: TextLine{ "" conf:NaN}
2026-05-10 17:39:46,558 WARN [How Great Is Our God-lead-C#1]          TextBuilder.java:412  | Skipping TextLine with null bounds: TextLine{ "" conf:NaN}
2026-05-10 17:39:46,559 WARN [How Great Is Our God-lead-C#1]          TextBuilder.java:412  | Skipping TextLine with null bounds: TextLine{ "" conf:NaN}
2026-05-10 17:39:46,559 WARN [How Great Is Our God-lead-C#1]          TextBuilder.java:412  | Skipping TextLine with null bounds: TextLine{ "" conf:NaN}
2026-05-10 17:39:46,559 WARN [How Great Is Our God-lead-C#1]          TextBuilder.java:412  | Skipping TextLine with null bounds: TextLine{ "" conf:NaN}
2026-05-10 17:39:46,560 WARN [How Great Is Our God-lead-C#1]          TextBuilder.java:412  | Skipping TextLine with null bounds: TextLine{ "" conf:NaN}
2026-05-10 17:39:46,560 WARN [How Great Is Our God-lead-C#1]          TextBuilder.java:412  | Skipping TextLine with null bounds: TextLine{ "" conf:NaN}
2026-05-10 17:39:46,561 WARN [How Great Is Our God-lead-C#1]          TextBuilder.java:412  | Skipping TextLine with null bounds: TextLine{ "" conf:NaN}
2026-05-10 17:39:46,561 WARN [How Great Is Our God-lead-C#1]          TextBuilder.java:412  | Skipping TextLine with null bounds: TextLine{ "" conf:NaN}
2026-05-10 17:39:46,561 WARN [How Great Is Our God-lead-C#1]          TextBuilder.java:412  | Skipping TextLine with null bounds: TextLine{ "" conf:NaN}
2026-05-10 17:39:46,562 WARN [How Great Is Our God-lead-C#1]          TextBuilder.java:412  | Skipping TextLine with null bounds: TextLine{ "" conf:NaN}
2026-05-10 17:39:46,562 WARN [How Great Is Our God-lead-C#1]          TextBuilder.java:412  | Skipping TextLine with null bounds: TextLine{ "" conf:NaN}
2026-05-10 17:39:46,562 WARN [How Great Is Our God-lead-C#1]          TextBuilder.java:412  | Skipping TextLine with null bounds: TextLine{ "" conf:NaN}
2026-05-10 17:39:46,562 WARN [How Great Is Our God-lead-C#1]          TextBuilder.java:412  | Skipping TextLine with null bounds: TextLine{ "" conf:NaN}
2026-05-10 17:39:46,564 WARN [How Great Is Our God-lead-C#1]          TextBuilder.java:412  | Skipping TextLine with null bounds: TextLine{ "" conf:NaN}
2026-05-10 17:39:46,564 WARN [How Great Is Our God-lead-C#1]          TextBuilder.java:412  | Skipping TextLine with null bounds: TextLine{ "" conf:NaN}
2026-05-10 17:39:46,564 WARN [How Great Is Our God-lead-C#1]          TextBuilder.java:412  | Skipping TextLine with null bounds: TextLine{ "" conf:NaN}
2026-05-10 17:39:46,564 WARN [How Great Is Our God-lead-C#1]          TextBuilder.java:412  | Skipping TextLine with null bounds: TextLine{ "" conf:NaN}
2026-05-10 17:39:46,565 WARN [How Great Is Our God-lead-C#1]          TextBuilder.java:412  | Skipping TextLine with null bounds: TextLine{ "" conf:NaN}
2026-05-10 17:39:46,565 WARN [How Great Is Our God-lead-C#1]          TextBuilder.java:412  | Skipping TextLine with null bounds: TextLine{ "" conf:NaN}
2026-05-10 17:39:46,565 WARN [How Great Is Our God-lead-C#1]          TextBuilder.java:412  | Skipping TextLine with null bounds: TextLine{ "" conf:NaN}
2026-05-10 17:39:46,566 WARN [How Great Is Our God-lead-C#1]          TextBuilder.java:412  | Skipping TextLine with null bounds: TextLine{ "" conf:NaN}
2026-05-10 17:39:46,567 WARN [How Great Is Our God-lead-C#1]          TextBuilder.java:412  | Skipping TextLine with null bounds: TextLine{ "" conf:NaN}
2026-05-10 17:39:46,568 WARN [How Great Is Our God-lead-C#1]          TextBuilder.java:412  | Skipping TextLine with null bounds: TextLine{ "" conf:NaN}
2026-05-10 17:39:46,568 WARN [How Great Is Our God-lead-C#1]          TextBuilder.java:412  | Skipping TextLine with null bounds: TextLine{ "" conf:NaN}
2026-05-10 17:39:46,569 WARN [How Great Is Our God-lead-C#1]          TextBuilder.java:412  | Skipping TextLine with null bounds: TextLine{ "" conf:NaN}
2026-05-10 17:39:46,569 WARN [How Great Is Our God-lead-C#1]          TextBuilder.java:412  | Skipping TextLine with null bounds: TextLine{ "" conf:NaN}
2026-05-10 17:39:46,569 WARN [How Great Is Our God-lead-C#1]          TextBuilder.java:412  | Skipping TextLine with null bounds: TextLine{ "" conf:NaN}
2026-05-10 17:39:46,570 WARN [How Great Is Our God-lead-C#1]          TextBuilder.java:412  | Skipping TextLine with null bounds: TextLine{ "" conf:NaN}
2026-05-10 17:39:46,570 WARN [How Great Is Our God-lead-C#1]          TextBuilder.java:412  | Skipping TextLine with null bounds: TextLine{ "" conf:NaN}
2026-05-10 17:39:46,571 WARN [How Great Is Our God-lead-C#1]          TextBuilder.java:412  | Skipping TextLine with null bounds: TextLine{ "" conf:NaN}
2026-05-10 17:39:46,571 WARN [How Great Is Our God-lead-C#1]          TextBuilder.java:412  | Skipping TextLine with null bounds: TextLine{ "" conf:NaN}
2026-05-10 17:39:46,571 WARN [How Great Is Our God-lead-C#1]          TextBuilder.java:412  | Skipping TextLine with null bounds: TextLine{ "" conf:NaN}
2026-05-10 17:39:46,571 WARN [How Great Is Our God-lead-C#1]          TextBuilder.java:412  | Skipping TextLine with null bounds: TextLine{ "" conf:NaN}
2026-05-10 17:39:46,572 WARN [How Great Is Our God-lead-C#1]          TextBuilder.java:412  | Skipping TextLine with null bounds: TextLine{ "" conf:NaN}
2026-05-10 17:39:46,572 WARN [How Great Is Our God-lead-C#1]          TextBuilder.java:412  | Skipping TextLine with null bounds: TextLine{ "" conf:NaN}
2026-05-10 17:39:46,573 WARN [How Great Is Our God-lead-C#1]          TextBuilder.java:412  | Skipping TextLine with null bounds: TextLine{ "" conf:NaN}
2026-05-10 17:39:46,573 WARN [How Great Is Our God-lead-C#1]          TextBuilder.java:412  | Skipping TextLine with null bounds: TextLine{ "" conf:NaN}
2026-05-10 17:39:46,573 WARN [How Great Is Our God-lead-C#1]          TextBuilder.java:412  | Skipping TextLine with null bounds: TextLine{ "" conf:NaN}
2026-05-10 17:39:46,575 WARN [How Great Is Our God-lead-C#1]          TextBuilder.java:412  | Skipping TextLine with null bounds: TextLine{ "" conf:NaN}
2026-05-10 17:39:46,575 WARN [How Great Is Our God-lead-C#1]          TextBuilder.java:412  | Skipping TextLine with null bounds: TextLine{ "" conf:NaN}
2026-05-10 17:39:46,575 WARN [How Great Is Our God-lead-C#1]          TextBuilder.java:412  | Skipping TextLine with null bounds: TextLine{ "" conf:NaN}
2026-05-10 17:39:46,575 WARN [How Great Is Our God-lead-C#1]          TextBuilder.java:412  | Skipping TextLine with null bounds: TextLine{ "" conf:NaN}
2026-05-10 17:39:46,576 WARN [How Great Is Our God-lead-C#1]          TextBuilder.java:412  | Skipping TextLine with null bounds: TextLine{ "" conf:NaN}
2026-05-10 17:39:46,577 WARN [How Great Is Our God-lead-C#1]          TextBuilder.java:412  | Skipping TextLine with null bounds: TextLine{ "" conf:NaN}
2026-05-10 17:39:46,577 WARN [How Great Is Our God-lead-C#1]          TextBuilder.java:412  | Skipping TextLine with null bounds: TextLine{ "" conf:NaN}
2026-05-10 17:39:46,578 WARN [How Great Is Our God-lead-C#1]          TextBuilder.java:412  | Skipping TextLine with null bounds: TextLine{ "" conf:NaN}
2026-05-10 17:39:46,579 WARN [How Great Is Our God-lead-C#1]          TextBuilder.java:412  | Skipping TextLine with null bounds: TextLine{ "" conf:NaN}
2026-05-10 17:39:46,579 WARN [How Great Is Our God-lead-C#1]          TextBuilder.java:412  | Skipping TextLine with null bounds: TextLine{ "" conf:NaN}
2026-05-10 17:39:46,579 WARN [How Great Is Our God-lead-C#1]          TextBuilder.java:412  | Skipping TextLine with null bounds: TextLine{ "" conf:NaN}
2026-05-10 17:39:46,580 WARN [How Great Is Our God-lead-C#1]          TextBuilder.java:412  | Skipping TextLine with null bounds: TextLine{ "" conf:NaN}
2026-05-10 17:39:46,580 WARN [How Great Is Our God-lead-C#1]          TextBuilder.java:412  | Skipping TextLine with null bounds: TextLine{ "" conf:NaN}
2026-05-10 17:39:46,580 WARN [How Great Is Our God-lead-C#1]          TextBuilder.java:412  | Skipping TextLine with null bounds: TextLine{ "" conf:NaN}
2026-05-10 17:39:46,581 WARN [How Great Is Our God-lead-C#1]          TextBuilder.java:412  | Skipping TextLine with null bounds: TextLine{ "" conf:NaN}
2026-05-10 17:39:46,581 WARN [How Great Is Our God-lead-C#1]          TextBuilder.java:412  | Skipping TextLine with null bounds: TextLine{ "" conf:NaN}
2026-05-10 17:39:46,581 WARN [How Great Is Our God-lead-C#1]          TextBuilder.java:412  | Skipping TextLine with null bounds: TextLine{ "" conf:NaN}
2026-05-10 17:39:46,582 WARN [How Great Is Our God-lead-C#1]          TextBuilder.java:412  | Skipping TextLine with null bounds: TextLine{ "" conf:NaN}
2026-05-10 17:39:46,582 WARN [How Great Is Our God-lead-C#1]          TextBuilder.java:412  | Skipping TextLine with null bounds: TextLine{ "" conf:NaN}
2026-05-10 17:39:46,582 WARN [How Great Is Our God-lead-C#1]          TextBuilder.java:412  | Skipping TextLine with null bounds: TextLine{ "" conf:NaN}
2026-05-10 17:39:46,582 WARN [How Great Is Our God-lead-C#1]          TextBuilder.java:412  | Skipping TextLine with null bounds: TextLine{ "" conf:NaN}
2026-05-10 17:39:46,582 WARN [How Great Is Our God-lead-C#1]          TextBuilder.java:412  | Skipping TextLine with null bounds: TextLine{ "" conf:NaN}
2026-05-10 17:39:46,584 WARN [How Great Is Our God-lead-C#1]          TextBuilder.java:412  | Skipping TextLine with null bounds: TextLine{ "" conf:NaN}
2026-05-10 17:39:46,584 WARN [How Great Is Our God-lead-C#1]          TextBuilder.java:412  | Skipping TextLine with null bounds: TextLine{ "" conf:NaN}
2026-05-10 17:39:46,585 WARN [How Great Is Our God-lead-C#1]          TextBuilder.java:412  | Skipping TextLine with null bounds: TextLine{ "" conf:NaN}
2026-05-10 17:39:46,586 WARN [How Great Is Our God-lead-C#1]          TextBuilder.java:412  | Skipping TextLine with null bounds: TextLine{ "" conf:NaN}
2026-05-10 17:39:46,586 WARN [How Great Is Our God-lead-C#1]          TextBuilder.java:412  | Skipping TextLine with null bounds: TextLine{ "" conf:NaN}
2026-05-10 17:39:46,587 WARN [How Great Is Our God-lead-C#1]          TextBuilder.java:412  | Skipping TextLine with null bounds: TextLine{ "" conf:NaN}
2026-05-10 17:39:46,587 WARN [How Great Is Our God-lead-C#1]          TextBuilder.java:412  | Skipping TextLine with null bounds: TextLine{ "" conf:NaN}
2026-05-10 17:39:46,587 WARN [How Great Is Our God-lead-C#1]          TextBuilder.java:412  | Skipping TextLine with null bounds: TextLine{ "" conf:NaN}
2026-05-10 17:39:46,587 WARN [How Great Is Our God-lead-C#1]          TextBuilder.java:412  | Skipping TextLine with null bounds: TextLine{ "" conf:NaN}
2026-05-10 17:39:46,588 WARN [How Great Is Our God-lead-C#1]          TextBuilder.java:412  | Skipping TextLine with null bounds: TextLine{ "" conf:NaN}
2026-05-10 17:39:46,588 WARN [How Great Is Our God-lead-C#1]          TextBuilder.java:412  | Skipping TextLine with null bounds: TextLine{ "" conf:NaN}
2026-05-10 17:39:46,588 WARN [How Great Is Our God-lead-C#1]          TextBuilder.java:412  | Skipping TextLine with null bounds: TextLine{ "" conf:NaN}
2026-05-10 17:39:46,589 WARN [How Great Is Our God-lead-C#1]          TextBuilder.java:412  | Skipping TextLine with null bounds: TextLine{ "" conf:NaN}
2026-05-10 17:39:46,589 WARN [How Great Is Our God-lead-C#1]          TextBuilder.java:412  | Skipping TextLine with null bounds: TextLine{ "" conf:NaN}
2026-05-10 17:39:46,589 WARN [How Great Is Our God-lead-C#1]          TextBuilder.java:412  | Skipping TextLine with null bounds: TextLine{ "" conf:NaN}
2026-05-10 17:39:46,590 WARN [How Great Is Our God-lead-C#1]          TextBuilder.java:412  | Skipping TextLine with null bounds: TextLine{ "" conf:NaN}
2026-05-10 17:39:46,590 WARN [How Great Is Our God-lead-C#1]          TextBuilder.java:412  | Skipping TextLine with null bounds: TextLine{ "" conf:NaN}
2026-05-10 17:39:46,591 WARN [How Great Is Our God-lead-C#1]          TextBuilder.java:412  | Skipping TextLine with null bounds: TextLine{ "" conf:NaN}
2026-05-10 17:39:46,591 WARN [How Great Is Our God-lead-C#1]          TextBuilder.java:412  | Skipping TextLine with null bounds: TextLine{ "" conf:NaN}
2026-05-10 17:39:46,591 WARN [How Great Is Our God-lead-C#1]          TextBuilder.java:412  | Skipping TextLine with null bounds: TextLine{ "" conf:NaN}
2026-05-10 17:39:46,593 WARN [How Great Is Our God-lead-C#1]          TextBuilder.java:412  | Skipping TextLine with null bounds: TextLine{ "" conf:NaN}
2026-05-10 17:39:46,593 WARN [How Great Is Our God-lead-C#1]          TextBuilder.java:412  | Skipping TextLine with null bounds: TextLine{ "" conf:NaN}
2026-05-10 17:39:46,594 WARN [How Great Is Our God-lead-C#1]          TextBuilder.java:412  | Skipping TextLine with null bounds: TextLine{ "" conf:NaN}
2026-05-10 17:39:46,594 WARN [How Great Is Our God-lead-C#1]          TextBuilder.java:412  | Skipping TextLine with null bounds: TextLine{ "" conf:NaN}
2026-05-10 17:39:46,594 WARN [How Great Is Our God-lead-C#1]          TextBuilder.java:412  | Skipping TextLine with null bounds: TextLine{ "" conf:NaN}
2026-05-10 17:39:46,596 WARN [How Great Is Our God-lead-C#1]          TextBuilder.java:412  | Skipping TextLine with null bounds: TextLine{ "" conf:NaN}
2026-05-10 17:39:46,596 WARN [How Great Is Our God-lead-C#1]          TextBuilder.java:412  | Skipping TextLine with null bounds: TextLine{ "" conf:NaN}
2026-05-10 17:39:46,596 WARN [How Great Is Our God-lead-C#1]          TextBuilder.java:412  | Skipping TextLine with null bounds: TextLine{ "" conf:NaN}
2026-05-10 17:39:46,597 WARN [How Great Is Our God-lead-C#1]          TextBuilder.java:412  | Skipping TextLine with null bounds: TextLine{ "" conf:NaN}
2026-05-10 17:39:46,598 WARN [How Great Is Our God-lead-C#1]          TextBuilder.java:412  | Skipping TextLine with null bounds: TextLine{ "" conf:NaN}
2026-05-10 17:39:46,598 WARN [How Great Is Our God-lead-C#1]          TextBuilder.java:412  | Skipping TextLine with null bounds: TextLine{ "" conf:NaN}
2026-05-10 17:39:46,599 WARN [How Great Is Our God-lead-C#1]          TextBuilder.java:412  | Skipping TextLine with null bounds: TextLine{ "" conf:NaN}
2026-05-10 17:39:46,599 WARN [How Great Is Our God-lead-C#1]          TextBuilder.java:412  | Skipping TextLine with null bounds: TextLine{ "" conf:NaN}
2026-05-10 17:39:46,599 WARN [How Great Is Our God-lead-C#1]          TextBuilder.java:412  | Skipping TextLine with null bounds: TextLine{ "" conf:NaN}
2026-05-10 17:39:46,600 WARN [How Great Is Our God-lead-C#1]          TextBuilder.java:412  | Skipping TextLine with null bounds: TextLine{ "" conf:NaN}
2026-05-10 17:39:46,600 WARN [How Great Is Our God-lead-C#1]          TextBuilder.java:412  | Skipping TextLine with null bounds: TextLine{ "" conf:NaN}
2026-05-10 17:39:46,600 WARN [How Great Is Our God-lead-C#1]          TextBuilder.java:412  | Skipping TextLine with null bounds: TextLine{ "" conf:NaN}
2026-05-10 17:39:46,601 WARN [How Great Is Our God-lead-C#1]          TextBuilder.java:412  | Skipping TextLine with null bounds: TextLine{ "" conf:NaN}
2026-05-10 17:39:46,601 WARN [How Great Is Our God-lead-C#1]          TextBuilder.java:412  | Skipping TextLine with null bounds: TextLine{ "" conf:NaN}
2026-05-10 17:39:46,601 WARN [How Great Is Our God-lead-C#1]          TextBuilder.java:412  | Skipping TextLine with null bounds: TextLine{ "" conf:NaN}
2026-05-10 17:39:46,601 WARN [How Great Is Our God-lead-C#1]          TextBuilder.java:412  | Skipping TextLine with null bounds: TextLine{ "" conf:NaN}
2026-05-10 17:39:46,602 WARN [How Great Is Our God-lead-C#1]          TextBuilder.java:412  | Skipping TextLine with null bounds: TextLine{ "" conf:NaN}
2026-05-10 17:39:46,603 WARN [How Great Is Our God-lead-C#1]          TextBuilder.java:412  | Skipping TextLine with null bounds: TextLine{ "" conf:NaN}
2026-05-10 17:39:46,604 WARN [How Great Is Our God-lead-C#1]          TextBuilder.java:412  | Skipping TextLine with null bounds: TextLine{ "" conf:NaN}
2026-05-10 17:39:46,604 WARN [How Great Is Our God-lead-C#1]          TextBuilder.java:412  | Skipping TextLine with null bounds: TextLine{ "" conf:NaN}
2026-05-10 17:39:46,605 WARN [How Great Is Our God-lead-C#1]          TextBuilder.java:412  | Skipping TextLine with null bounds: TextLine{ "" conf:NaN}
2026-05-10 17:39:46,605 WARN [How Great Is Our God-lead-C#1]          TextBuilder.java:412  | Skipping TextLine with null bounds: TextLine{ "" conf:NaN}
2026-05-10 17:39:46,605 WARN [How Great Is Our God-lead-C#1]          TextBuilder.java:412  | Skipping TextLine with null bounds: TextLine{ "" conf:NaN}
2026-05-10 17:39:46,606 WARN [How Great Is Our God-lead-C#1]          TextBuilder.java:412  | Skipping TextLine with null bounds: TextLine{ "" conf:NaN}
2026-05-10 17:39:46,606 WARN [How Great Is Our God-lead-C#1]          TextBuilder.java:412  | Skipping TextLine with null bounds: TextLine{ "" conf:NaN}
2026-05-10 17:39:46,607 WARN [How Great Is Our God-lead-C#1]          TextBuilder.java:412  | Skipping TextLine with null bounds: TextLine{ "" conf:NaN}
2026-05-10 17:39:46,607 WARN [How Great Is Our God-lead-C#1]          TextBuilder.java:412  | Skipping TextLine with null bounds: TextLine{ "" conf:NaN}
2026-05-10 17:39:46,607 WARN [How Great Is Our God-lead-C#1]          TextBuilder.java:412  | Skipping TextLine with null bounds: TextLine{ "" conf:NaN}
2026-05-10 17:39:46,608 WARN [How Great Is Our God-lead-C#1]          TextBuilder.java:412  | Skipping TextLine with null bounds: TextLine{ "" conf:NaN}
2026-05-10 17:39:46,608 WARN [How Great Is Our God-lead-C#1]          TextBuilder.java:412  | Skipping TextLine with null bounds: TextLine{ "" conf:NaN}
2026-05-10 17:39:46,608 WARN [How Great Is Our God-lead-C#1]          TextBuilder.java:412  | Skipping TextLine with null bounds: TextLine{ "" conf:NaN}
2026-05-10 17:39:46,608 WARN [How Great Is Our God-lead-C#1]          TextBuilder.java:412  | Skipping TextLine with null bounds: TextLine{ "" conf:NaN}
2026-05-10 17:39:46,609 WARN [How Great Is Our God-lead-C#1]          TextBuilder.java:412  | Skipping TextLine with null bounds: TextLine{ "" conf:NaN}
2026-05-10 17:39:46,609 WARN [How Great Is Our God-lead-C#1]          TextBuilder.java:412  | Skipping TextLine with null bounds: TextLine{ "" conf:NaN}
2026-05-10 17:39:46,610 WARN [How Great Is Our God-lead-C#1]          TextBuilder.java:412  | Skipping TextLine with null bounds: TextLine{ "" conf:NaN}
2026-05-10 17:39:46,610 WARN [How Great Is Our God-lead-C#1]          TextBuilder.java:412  | Skipping TextLine with null bounds: TextLine{ "" conf:NaN}
2026-05-10 17:39:46,610 WARN [How Great Is Our God-lead-C#1]          TextBuilder.java:412  | Skipping TextLine with null bounds: TextLine{ "" conf:NaN}
2026-05-10 17:39:46,611 WARN [How Great Is Our God-lead-C#1]          TextBuilder.java:412  | Skipping TextLine with null bounds: TextLine{ "" conf:NaN}
2026-05-10 17:39:46,611 WARN [How Great Is Our God-lead-C#1]          TextBuilder.java:412  | Skipping TextLine with null bounds: TextLine{ "" conf:NaN}
2026-05-10 17:39:46,612 WARN [How Great Is Our God-lead-C#1]          TextBuilder.java:412  | Skipping TextLine with null bounds: TextLine{ "" conf:NaN}
2026-05-10 17:39:46,612 WARN [How Great Is Our God-lead-C#1]          TextBuilder.java:412  | Skipping TextLine with null bounds: TextLine{ "" conf:NaN}
2026-05-10 17:39:46,613 WARN [How Great Is Our God-lead-C#1]          TextBuilder.java:412  | Skipping TextLine with null bounds: TextLine{ "" conf:NaN}
2026-05-10 17:39:46,614 WARN [How Great Is Our God-lead-C#1]          TextBuilder.java:412  | Skipping TextLine with null bounds: TextLine{ "" conf:NaN}
2026-05-10 17:39:46,614 WARN [How Great Is Our God-lead-C#1]          TextBuilder.java:412  | Skipping TextLine with null bounds: TextLine{ "" conf:NaN}
2026-05-10 17:39:46,614 WARN [How Great Is Our God-lead-C#1]          TextBuilder.java:412  | Skipping TextLine with null bounds: TextLine{ "" conf:NaN}
2026-05-10 17:39:46,614 WARN [How Great Is Our God-lead-C#1]          TextBuilder.java:412  | Skipping TextLine with null bounds: TextLine{ "" conf:NaN}
2026-05-10 17:39:46,615 WARN [How Great Is Our God-lead-C#1]          TextBuilder.java:412  | Skipping TextLine with null bounds: TextLine{ "" conf:NaN}
2026-05-10 17:39:46,615 WARN [How Great Is Our God-lead-C#1]          TextBuilder.java:412  | Skipping TextLine with null bounds: TextLine{ "" conf:NaN}
2026-05-10 17:39:46,615 WARN [How Great Is Our God-lead-C#1]          TextBuilder.java:412  | Skipping TextLine with null bounds: TextLine{ "" conf:NaN}
2026-05-10 17:39:46,616 WARN [How Great Is Our God-lead-C#1]          TextBuilder.java:412  | Skipping TextLine with null bounds: TextLine{ "" conf:NaN}
2026-05-10 17:39:46,616 WARN [How Great Is Our God-lead-C#1]          TextBuilder.java:412  | Skipping TextLine with null bounds: TextLine{ "" conf:NaN}
2026-05-10 17:39:46,616 WARN [How Great Is Our God-lead-C#1]          TextBuilder.java:412  | Skipping TextLine with null bounds: TextLine{ "" conf:NaN}
2026-05-10 17:39:46,617 WARN [How Great Is Our God-lead-C#1]          TextBuilder.java:412  | Skipping TextLine with null bounds: TextLine{ "" conf:NaN}
2026-05-10 17:39:46,617 WARN [How Great Is Our God-lead-C#1]          TextBuilder.java:412  | Skipping TextLine with null bounds: TextLine{ "" conf:NaN}
2026-05-10 17:39:46,617 WARN [How Great Is Our God-lead-C#1]          TextBuilder.java:412  | Skipping TextLine with null bounds: TextLine{ "" conf:NaN}
2026-05-10 17:39:46,617 WARN [How Great Is Our God-lead-C#1]          TextBuilder.java:412  | Skipping TextLine with null bounds: TextLine{ "" conf:NaN}
2026-05-10 17:39:46,618 WARN [How Great Is Our God-lead-C#1]          TextBuilder.java:412  | Skipping TextLine with null bounds: TextLine{ "" conf:NaN}
2026-05-10 17:39:46,618 WARN [How Great Is Our God-lead-C#1]          TextBuilder.java:412  | Skipping TextLine with null bounds: TextLine{ "" conf:NaN}
2026-05-10 17:39:46,618 WARN [How Great Is Our God-lead-C#1]          TextBuilder.java:412  | Skipping TextLine with null bounds: TextLine{ "" conf:NaN}
2026-05-10 17:39:46,619 WARN [How Great Is Our God-lead-C#1]          TextBuilder.java:412  | Skipping TextLine with null bounds: TextLine{ "" conf:NaN}
2026-05-10 17:39:46,619 WARN [How Great Is Our God-lead-C#1]          TextBuilder.java:412  | Skipping TextLine with null bounds: TextLine{ "" conf:NaN}
2026-05-10 17:39:46,620 WARN [How Great Is Our God-lead-C#1]          TextBuilder.java:412  | Skipping TextLine with null bounds: TextLine{ "" conf:NaN}
2026-05-10 17:39:46,620 WARN [How Great Is Our God-lead-C#1]          TextBuilder.java:412  | Skipping TextLine with null bounds: TextLine{ "" conf:NaN}
2026-05-10 17:39:46,620 WARN [How Great Is Our God-lead-C#1]          TextBuilder.java:412  | Skipping TextLine with null bounds: TextLine{ "" conf:NaN}
2026-05-10 17:39:46,621 WARN [How Great Is Our God-lead-C#1]          TextBuilder.java:412  | Skipping TextLine with null bounds: TextLine{ "" conf:NaN}
2026-05-10 17:39:46,621 WARN [How Great Is Our God-lead-C#1]          TextBuilder.java:412  | Skipping TextLine with null bounds: TextLine{ "" conf:NaN}
2026-05-10 17:39:46,621 WARN [How Great Is Our God-lead-C#1]          TextBuilder.java:412  | Skipping TextLine with null bounds: TextLine{ "" conf:NaN}
2026-05-10 17:39:46,622 WARN [How Great Is Our God-lead-C#1]          TextBuilder.java:412  | Skipping TextLine with null bounds: TextLine{ "" conf:NaN}
2026-05-10 17:39:46,622 WARN [How Great Is Our God-lead-C#1]          TextBuilder.java:412  | Skipping TextLine with null bounds: TextLine{ "" conf:NaN}
2026-05-10 17:39:46,622 WARN [How Great Is Our God-lead-C#1]          TextBuilder.java:412  | Skipping TextLine with null bounds: TextLine{ "" conf:NaN}
2026-05-10 17:39:46,622 WARN [How Great Is Our God-lead-C#1]          TextBuilder.java:412  | Skipping TextLine with null bounds: TextLine{ "" conf:NaN}
2026-05-10 17:39:46,622 WARN [How Great Is Our God-lead-C#1]          TextBuilder.java:412  | Skipping TextLine with null bounds: TextLine{ "" conf:NaN}
2026-05-10 17:39:46,624 WARN [How Great Is Our God-lead-C#1]          TextBuilder.java:412  | Skipping TextLine with null bounds: TextLine{ "" conf:NaN}
2026-05-10 17:39:46,624 WARN [How Great Is Our God-lead-C#1]          TextBuilder.java:412  | Skipping TextLine with null bounds: TextLine{ "" conf:NaN}
2026-05-10 17:39:46,624 WARN [How Great Is Our God-lead-C#1]          TextBuilder.java:412  | Skipping TextLine with null bounds: TextLine{ "" conf:NaN}
2026-05-10 17:39:46,624 WARN [How Great Is Our God-lead-C#1]          TextBuilder.java:412  | Skipping TextLine with null bounds: TextLine{ "" conf:NaN}
2026-05-10 17:39:46,624 WARN [How Great Is Our God-lead-C#1]          TextBuilder.java:412  | Skipping TextLine with null bounds: TextLine{ "" conf:NaN}
2026-05-10 17:39:46,625 WARN [How Great Is Our God-lead-C#1]          TextBuilder.java:412  | Skipping TextLine with null bounds: TextLine{ "" conf:NaN}
2026-05-10 17:39:46,625 WARN [How Great Is Our God-lead-C#1]          TextBuilder.java:412  | Skipping TextLine with null bounds: TextLine{ "" conf:NaN}
2026-05-10 17:39:46,626 WARN [How Great Is Our God-lead-C#1]          TextBuilder.java:412  | Skipping TextLine with null bounds: TextLine{ "" conf:NaN}
2026-05-10 17:39:46,626 WARN [How Great Is Our God-lead-C#1]          TextBuilder.java:412  | Skipping TextLine with null bounds: TextLine{ "" conf:NaN}
2026-05-10 17:39:46,626 WARN [How Great Is Our God-lead-C#1]          TextBuilder.java:412  | Skipping TextLine with null bounds: TextLine{ "" conf:NaN}
2026-05-10 17:39:46,627 WARN [How Great Is Our God-lead-C#1]          TextBuilder.java:412  | Skipping TextLine with null bounds: TextLine{ "" conf:NaN}
2026-05-10 17:39:46,627 WARN [How Great Is Our God-lead-C#1]          TextBuilder.java:412  | Skipping TextLine with null bounds: TextLine{ "" conf:NaN}
2026-05-10 17:39:46,628 WARN [How Great Is Our God-lead-C#1]          TextBuilder.java:412  | Skipping TextLine with null bounds: TextLine{ "" conf:NaN}
2026-05-10 17:39:46,628 WARN [How Great Is Our God-lead-C#1]          TextBuilder.java:412  | Skipping TextLine with null bounds: TextLine{ "" conf:NaN}
2026-05-10 17:39:46,628 WARN [How Great Is Our God-lead-C#1]          TextBuilder.java:412  | Skipping TextLine with null bounds: TextLine{ "" conf:NaN}
2026-05-10 17:39:46,628 WARN [How Great Is Our God-lead-C#1]          TextBuilder.java:412  | Skipping TextLine with null bounds: TextLine{ "" conf:NaN}
2026-05-10 17:39:46,630 WARN [How Great Is Our God-lead-C#1]          TextBuilder.java:412  | Skipping TextLine with null bounds: TextLine{ "" conf:NaN}
2026-05-10 17:39:46,630 WARN [How Great Is Our God-lead-C#1]          TextBuilder.java:412  | Skipping TextLine with null bounds: TextLine{ "" conf:NaN}
2026-05-10 17:39:46,631 WARN [How Great Is Our God-lead-C#1]          TextBuilder.java:412  | Skipping TextLine with null bounds: TextLine{ "" conf:NaN}
2026-05-10 17:39:46,631 WARN [How Great Is Our God-lead-C#1]          TextBuilder.java:412  | Skipping TextLine with null bounds: TextLine{ "" conf:NaN}
2026-05-10 17:39:46,631 WARN [How Great Is Our God-lead-C#1]          TextBuilder.java:412  | Skipping TextLine with null bounds: TextLine{ "" conf:NaN}
2026-05-10 17:39:46,632 WARN [How Great Is Our God-lead-C#1]          TextBuilder.java:412  | Skipping TextLine with null bounds: TextLine{ "" conf:NaN}
2026-05-10 17:39:46,632 WARN [How Great Is Our God-lead-C#1]          TextBuilder.java:412  | Skipping TextLine with null bounds: TextLine{ "" conf:NaN}
2026-05-10 17:39:46,633 WARN [How Great Is Our God-lead-C#1]          TextBuilder.java:412  | Skipping TextLine with null bounds: TextLine{ "" conf:NaN}
2026-05-10 17:39:46,633 WARN [How Great Is Our God-lead-C#1]          TextBuilder.java:412  | Skipping TextLine with null bounds: TextLine{ "" conf:NaN}
2026-05-10 17:39:46,634 WARN [How Great Is Our God-lead-C#1]          TextBuilder.java:412  | Skipping TextLine with null bounds: TextLine{ "" conf:NaN}
2026-05-10 17:39:46,634 WARN [How Great Is Our God-lead-C#1]          TextBuilder.java:412  | Skipping TextLine with null bounds: TextLine{ "" conf:NaN}
2026-05-10 17:39:46,634 WARN [How Great Is Our God-lead-C#1]          TextBuilder.java:412  | Skipping TextLine with null bounds: TextLine{ "" conf:NaN}
2026-05-10 17:39:46,635 WARN [How Great Is Our God-lead-C#1]          TextBuilder.java:412  | Skipping TextLine with null bounds: TextLine{ "" conf:NaN}
2026-05-10 17:39:46,635 WARN [How Great Is Our God-lead-C#1]          TextBuilder.java:412  | Skipping TextLine with null bounds: TextLine{ "" conf:NaN}
2026-05-10 17:39:46,636 WARN [How Great Is Our God-lead-C#1]          TextBuilder.java:412  | Skipping TextLine with null bounds: TextLine{ "" conf:NaN}
2026-05-10 17:39:46,636 WARN [How Great Is Our God-lead-C#1]          TextBuilder.java:412  | Skipping TextLine with null bounds: TextLine{ "" conf:NaN}
2026-05-10 17:39:46,636 WARN [How Great Is Our God-lead-C#1]          TextBuilder.java:412  | Skipping TextLine with null bounds: TextLine{ "" conf:NaN}
2026-05-10 17:39:46,637 WARN [How Great Is Our God-lead-C#1]          TextBuilder.java:412  | Skipping TextLine with null bounds: TextLine{ "" conf:NaN}
2026-05-10 17:39:46,637 WARN [How Great Is Our God-lead-C#1]          TextBuilder.java:412  | Skipping TextLine with null bounds: TextLine{ "" conf:NaN}
2026-05-10 17:39:46,638 WARN [How Great Is Our God-lead-C#1]          TextBuilder.java:412  | Skipping TextLine with null bounds: TextLine{ "" conf:NaN}
2026-05-10 17:39:46,639 WARN [How Great Is Our God-lead-C#1]          TextBuilder.java:412  | Skipping TextLine with null bounds: TextLine{ "" conf:NaN}
2026-05-10 17:39:46,639 WARN [How Great Is Our God-lead-C#1]          TextBuilder.java:412  | Skipping TextLine with null bounds: TextLine{ "" conf:NaN}
2026-05-10 17:39:46,639 WARN [How Great Is Our God-lead-C#1]          TextBuilder.java:412  | Skipping TextLine with null bounds: TextLine{ "" conf:NaN}
2026-05-10 17:39:46,639 WARN [How Great Is Our God-lead-C#1]          TextBuilder.java:412  | Skipping TextLine with null bounds: TextLine{ "" conf:NaN}
2026-05-10 17:39:46,639 WARN [How Great Is Our God-lead-C#1]          TextBuilder.java:412  | Skipping TextLine with null bounds: TextLine{ "" conf:NaN}
2026-05-10 17:39:46,640 WARN [How Great Is Our God-lead-C#1]          TextBuilder.java:412  | Skipping TextLine with null bounds: TextLine{ "" conf:NaN}
2026-05-10 17:39:46,640 WARN [How Great Is Our God-lead-C#1]          TextBuilder.java:412  | Skipping TextLine with null bounds: TextLine{ "" conf:NaN}
2026-05-10 17:39:46,640 WARN [How Great Is Our God-lead-C#1]          TextBuilder.java:412  | Skipping TextLine with null bounds: TextLine{ "" conf:NaN}
2026-05-10 17:39:46,640 WARN [How Great Is Our God-lead-C#1]          TextBuilder.java:412  | Skipping TextLine with null bounds: TextLine{ "" conf:NaN}
2026-05-10 17:39:46,640 WARN [How Great Is Our God-lead-C#1]          TextBuilder.java:412  | Skipping TextLine with null bounds: TextLine{ "" conf:NaN}
2026-05-10 17:39:46,642 WARN [How Great Is Our God-lead-C#1]          TextBuilder.java:412  | Skipping TextLine with null bounds: TextLine{ "" conf:NaN}
2026-05-10 17:39:46,642 WARN [How Great Is Our God-lead-C#1]          TextBuilder.java:412  | Skipping TextLine with null bounds: TextLine{ "" conf:NaN}
2026-05-10 17:39:46,642 WARN [How Great Is Our God-lead-C#1]          TextBuilder.java:412  | Skipping TextLine with null bounds: TextLine{ "" conf:NaN}
2026-05-10 17:39:46,642 WARN [How Great Is Our God-lead-C#1]          TextBuilder.java:412  | Skipping TextLine with null bounds: TextLine{ "" conf:NaN}
2026-05-10 17:39:46,642 WARN [How Great Is Our God-lead-C#1]          TextBuilder.java:412  | Skipping TextLine with null bounds: TextLine{ "" conf:NaN}
2026-05-10 17:39:46,643 WARN [How Great Is Our God-lead-C#1]          TextBuilder.java:412  | Skipping TextLine with null bounds: TextLine{ "" conf:NaN}
2026-05-10 17:39:46,643 WARN [How Great Is Our God-lead-C#1]          TextBuilder.java:412  | Skipping TextLine with null bounds: TextLine{ "" conf:NaN}
2026-05-10 17:39:46,644 WARN [How Great Is Our God-lead-C#1]          TextBuilder.java:412  | Skipping TextLine with null bounds: TextLine{ "" conf:NaN}
2026-05-10 17:39:46,644 WARN [How Great Is Our God-lead-C#1]          TextBuilder.java:412  | Skipping TextLine with null bounds: TextLine{ "" conf:NaN}
2026-05-10 17:39:46,644 WARN [How Great Is Our God-lead-C#1]          TextBuilder.java:412  | Skipping TextLine with null bounds: TextLine{ "" conf:NaN}
2026-05-10 17:39:46,645 WARN [How Great Is Our God-lead-C#1]          TextBuilder.java:412  | Skipping TextLine with null bounds: TextLine{ "" conf:NaN}
2026-05-10 17:39:46,645 WARN [How Great Is Our God-lead-C#1]          TextBuilder.java:412  | Skipping TextLine with null bounds: TextLine{ "" conf:NaN}
2026-05-10 17:39:46,646 WARN [How Great Is Our God-lead-C#1]          TextBuilder.java:412  | Skipping TextLine with null bounds: TextLine{ "" conf:NaN}
2026-05-10 17:39:46,646 WARN [How Great Is Our God-lead-C#1]          TextBuilder.java:412  | Skipping TextLine with null bounds: TextLine{ "" conf:NaN}
2026-05-10 17:39:46,646 WARN [How Great Is Our God-lead-C#1]          TextBuilder.java:412  | Skipping TextLine with null bounds: TextLine{ "" conf:NaN}
2026-05-10 17:39:46,646 WARN [How Great Is Our God-lead-C#1]          TextBuilder.java:412  | Skipping TextLine with null bounds: TextLine{ "" conf:NaN}
2026-05-10 17:39:46,646 WARN [How Great Is Our God-lead-C#1]          TextBuilder.java:412  | Skipping TextLine with null bounds: TextLine{ "" conf:NaN}
2026-05-10 17:39:46,646 WARN [How Great Is Our God-lead-C#1]          TextBuilder.java:412  | Skipping TextLine with null bounds: TextLine{ "" conf:NaN}
2026-05-10 17:39:46,647 WARN [How Great Is Our God-lead-C#1]          TextBuilder.java:412  | Skipping TextLine with null bounds: TextLine{ "" conf:NaN}
2026-05-10 17:39:46,647 WARN [How Great Is Our God-lead-C#1]          TextBuilder.java:412  | Skipping TextLine with null bounds: TextLine{ "" conf:NaN}
2026-05-10 17:39:46,648 WARN [How Great Is Our God-lead-C#1]          TextBuilder.java:412  | Skipping TextLine with null bounds: TextLine{ "" conf:NaN}
2026-05-10 17:39:46,648 WARN [How Great Is Our God-lead-C#1]          TextBuilder.java:412  | Skipping TextLine with null bounds: TextLine{ "" conf:NaN}
2026-05-10 17:39:46,648 WARN [How Great Is Our God-lead-C#1]          TextBuilder.java:412  | Skipping TextLine with null bounds: TextLine{ "" conf:NaN}
2026-05-10 17:39:51,884 INFO [How Great Is Our God-lead-C#1]           PageRhythm.java:176  | {Page#1.1} Starting PageRhythm time signature check
2026-05-10 17:39:51,885 INFO [How Great Is Our God-lead-C#1]           PageRhythm.java:178  | {Page#1.1} Initial range state: Range{SN1- tSig:4/4} → ts: TimePairInter#157{ FROZEN(0.952/0.952) staff:1 4/4}
2026-05-10 17:39:51,887 INFO [How Great Is Our God-lead-C#1]           PageRhythm.java:184  | {Page#1.1} Checking range: Range{SN1- tSig:4/4}, ts: TimePairInter#157{ FROZEN(0.952/0.952) staff:1 4/4}
2026-05-10 17:39:51,888 INFO [How Great Is Our God-lead-C#1]           PageRhythm.java:277  | Last range: Range{SN1-25 tSig:4/4 dur:1}
2026-05-10 17:39:51,888 INFO [How Great Is Our God-lead-C#1]           PageRhythm.java:278  | lastRange.timeRational = 4/4
2026-05-10 17:39:51,888 INFO [How Great Is Our God-lead-C#1]           PageRhythm.java:279  | lastRange.ts = TimePairInter#157{ FROZEN(0.952/0.952) staff:1 4/4}
2026-05-10 17:39:51,889 DEBUG [How Great Is Our God-lead-C#1]           PageRhythm.java:121  | MeasureStack#1 frats: 1 [7196]
2026-05-10 17:39:51,889 DEBUG [How Great Is Our God-lead-C#1]           PageRhythm.java:121  | MeasureStack#2 frats: 4 [7641, 7643, 7644, 7642]
2026-05-10 17:39:51,890 DEBUG [How Great Is Our God-lead-C#1]           PageRhythm.java:121  | MeasureStack#3 frats: 0 []
2026-05-10 17:39:51,890 DEBUG [How Great Is Our God-lead-C#1]           PageRhythm.java:121  | MeasureStack#4 frats: 3 [8100, 7651, 7715]
2026-05-10 17:39:51,891 DEBUG [How Great Is Our God-lead-C#1]           PageRhythm.java:121  | MeasureStack#5 frats: 2 [8101, 7819]
2026-05-10 17:39:51,891 DEBUG [How Great Is Our God-lead-C#1]           PageRhythm.java:121  | MeasureStack#6 frats: 1 [8102]
2026-05-10 17:39:51,891 DEBUG [How Great Is Our God-lead-C#1]           PageRhythm.java:121  | MeasureStack#7 frats: 0 []
2026-05-10 17:39:51,891 DEBUG [How Great Is Our God-lead-C#1]           PageRhythm.java:121  | MeasureStack#8 frats: 3 [8670, 8665, 8130]
2026-05-10 17:39:51,892 DEBUG [How Great Is Our God-lead-C#1]           PageRhythm.java:121  | MeasureStack#9 frats: 1 [8666]
2026-05-10 17:39:51,892 DEBUG [How Great Is Our God-lead-C#1]           PageRhythm.java:121  | MeasureStack#10 frats: 2 [8672, 8391]
2026-05-10 17:39:51,892 DEBUG [How Great Is Our God-lead-C#1]           PageRhythm.java:121  | MeasureStack#11 frats: 3 [8673, 8542, 8550]
2026-05-10 17:39:51,894 DEBUG [How Great Is Our God-lead-C#1]           PageRhythm.java:121  | MeasureStack#12 frats: 1 [9072]
2026-05-10 17:39:51,894 DEBUG [How Great Is Our God-lead-C#1]           PageRhythm.java:121  | MeasureStack#13 frats: 3 [9074, 8762, 9078]
2026-05-10 17:39:51,894 DEBUG [How Great Is Our God-lead-C#1]           PageRhythm.java:121  | MeasureStack#14 frats: 1 [9075]
2026-05-10 17:39:51,895 DEBUG [How Great Is Our God-lead-C#1]           PageRhythm.java:121  | MeasureStack#15 frats: 3 [9077, 9050, 9079]
2026-05-10 17:39:51,895 DEBUG [How Great Is Our God-lead-C#1]           PageRhythm.java:121  | MeasureStack#16 frats: 1 [9318]
2026-05-10 17:39:51,895 DEBUG [How Great Is Our God-lead-C#1]           PageRhythm.java:121  | MeasureStack#17 frats: 2 [9319, 9313]
2026-05-10 17:39:51,896 DEBUG [How Great Is Our God-lead-C#1]           PageRhythm.java:121  | MeasureStack#18 frats: 2 [9314, 9248]
2026-05-10 17:39:51,896 DEBUG [How Great Is Our God-lead-C#1]           PageRhythm.java:121  | MeasureStack#19 frats: 0 []
2026-05-10 17:39:51,896 DEBUG [How Great Is Our God-lead-C#1]           PageRhythm.java:121  | MeasureStack#20 frats: 4 [9315, 9316, 9317, 9300]
2026-05-10 17:39:51,896 DEBUG [How Great Is Our God-lead-C#1]           PageRhythm.java:121  | MeasureStack#21 frats: 1 [9450]
2026-05-10 17:39:51,896 DEBUG [How Great Is Our God-lead-C#1]           PageRhythm.java:121  | MeasureStack#22 frats: 2 [9360, 9454]
2026-05-10 17:39:51,897 DEBUG [How Great Is Our God-lead-C#1]           PageRhythm.java:121  | MeasureStack#23 frats: 0 []
2026-05-10 17:39:51,897 DEBUG [How Great Is Our God-lead-C#1]           PageRhythm.java:121  | MeasureStack#24 frats: 2 [9452, 9455]
2026-05-10 17:39:51,897 DEBUG [How Great Is Our God-lead-C#1]           PageRhythm.java:121  | MeasureStack#25 frats: 3 [9456, 9453, 9449]
2026-05-10 17:39:51,897 DEBUG [How Great Is Our God-lead-C#1]           PageRhythm.java:325  | Starting Range{SN1-25 tSig:4/4 dur:1}
2026-05-10 17:39:51,898 DEBUG [How Great Is Our God-lead-C#1]           PageRhythm.java:329  | About to process StackRhythm for MeasureStack#1
2026-05-10 17:39:51,899 DEBUG [How Great Is Our God-lead-C#1]          StackRhythm.java:221  | Setting expectedDuration=1 for stack on page 1
2026-05-10 17:39:51,911 DEBUG [How Great Is Our God-lead-C#1]           PageRhythm.java:331  | Finished processing StackRhythm for MeasureStack#1
2026-05-10 17:39:51,912 DEBUG [How Great Is Our God-lead-C#1]           PageRhythm.java:329  | About to process StackRhythm for MeasureStack#2
2026-05-10 17:39:51,912 DEBUG [How Great Is Our God-lead-C#1]          StackRhythm.java:221  | Setting expectedDuration=1 for stack on page 2
2026-05-10 17:39:51,921 INFO [How Great Is Our God-lead-C#1]          StackRhythm.java:226  | S1 MeasureStack#2 no correct rhythm
2026-05-10 17:39:51,921 DEBUG [How Great Is Our God-lead-C#1]           PageRhythm.java:331  | Finished processing StackRhythm for MeasureStack#2
2026-05-10 17:39:51,922 DEBUG [How Great Is Our God-lead-C#1]           PageRhythm.java:329  | About to process StackRhythm for MeasureStack#3
2026-05-10 17:39:51,922 DEBUG [How Great Is Our God-lead-C#1]          StackRhythm.java:221  | Setting expectedDuration=1 for stack on page 3
2026-05-10 17:39:51,924 DEBUG [How Great Is Our God-lead-C#1]           PageRhythm.java:331  | Finished processing StackRhythm for MeasureStack#3
2026-05-10 17:39:51,926 DEBUG [How Great Is Our God-lead-C#1]           PageRhythm.java:329  | About to process StackRhythm for MeasureStack#4
2026-05-10 17:39:51,927 DEBUG [How Great Is Our God-lead-C#1]          StackRhythm.java:221  | Setting expectedDuration=1 for stack on page 4
2026-05-10 17:39:51,931 DEBUG [How Great Is Our God-lead-C#1]           PageRhythm.java:331  | Finished processing StackRhythm for MeasureStack#4
2026-05-10 17:39:51,932 DEBUG [How Great Is Our God-lead-C#1]           PageRhythm.java:329  | About to process StackRhythm for MeasureStack#5
2026-05-10 17:39:51,932 DEBUG [How Great Is Our God-lead-C#1]          StackRhythm.java:221  | Setting expectedDuration=1 for stack on page 5
2026-05-10 17:39:51,935 DEBUG [How Great Is Our God-lead-C#1]           PageRhythm.java:331  | Finished processing StackRhythm for MeasureStack#5
2026-05-10 17:39:51,935 DEBUG [How Great Is Our God-lead-C#1]           PageRhythm.java:329  | About to process StackRhythm for MeasureStack#6
2026-05-10 17:39:51,936 DEBUG [How Great Is Our God-lead-C#1]          StackRhythm.java:221  | Setting expectedDuration=1 for stack on page 6
2026-05-10 17:39:51,937 DEBUG [How Great Is Our God-lead-C#1]           PageRhythm.java:331  | Finished processing StackRhythm for MeasureStack#6
2026-05-10 17:39:51,937 DEBUG [How Great Is Our God-lead-C#1]           PageRhythm.java:329  | About to process StackRhythm for MeasureStack#7
2026-05-10 17:39:51,938 DEBUG [How Great Is Our God-lead-C#1]          StackRhythm.java:221  | Setting expectedDuration=1 for stack on page 7
2026-05-10 17:39:51,940 DEBUG [How Great Is Our God-lead-C#1]           PageRhythm.java:331  | Finished processing StackRhythm for MeasureStack#7
2026-05-10 17:39:51,940 DEBUG [How Great Is Our God-lead-C#1]           PageRhythm.java:329  | About to process StackRhythm for MeasureStack#8
2026-05-10 17:39:51,941 DEBUG [How Great Is Our God-lead-C#1]          StackRhythm.java:221  | Setting expectedDuration=1 for stack on page 8
2026-05-10 17:39:51,941 DEBUG [How Great Is Our God-lead-C#1]           PageRhythm.java:331  | Finished processing StackRhythm for MeasureStack#8
2026-05-10 17:39:51,942 DEBUG [How Great Is Our God-lead-C#1]           PageRhythm.java:329  | About to process StackRhythm for MeasureStack#9
2026-05-10 17:39:51,942 DEBUG [How Great Is Our God-lead-C#1]          StackRhythm.java:221  | Setting expectedDuration=1 for stack on page 9
2026-05-10 17:39:51,943 INFO [How Great Is Our God-lead-C#1]          StackRhythm.java:226  | S3 MeasureStack#9 no correct rhythm
2026-05-10 17:39:51,944 DEBUG [How Great Is Our God-lead-C#1]           PageRhythm.java:331  | Finished processing StackRhythm for MeasureStack#9
2026-05-10 17:39:51,944 DEBUG [How Great Is Our God-lead-C#1]           PageRhythm.java:329  | About to process StackRhythm for MeasureStack#10
2026-05-10 17:39:51,944 DEBUG [How Great Is Our God-lead-C#1]          StackRhythm.java:221  | Setting expectedDuration=1 for stack on page 10
2026-05-10 17:39:51,946 DEBUG [How Great Is Our God-lead-C#1]           PageRhythm.java:331  | Finished processing StackRhythm for MeasureStack#10
2026-05-10 17:39:51,947 DEBUG [How Great Is Our God-lead-C#1]           PageRhythm.java:329  | About to process StackRhythm for MeasureStack#11
2026-05-10 17:39:51,947 DEBUG [How Great Is Our God-lead-C#1]          StackRhythm.java:221  | Setting expectedDuration=1 for stack on page 11
2026-05-10 17:39:51,949 DEBUG [How Great Is Our God-lead-C#1]           PageRhythm.java:331  | Finished processing StackRhythm for MeasureStack#11
2026-05-10 17:39:51,949 DEBUG [How Great Is Our God-lead-C#1]           PageRhythm.java:329  | About to process StackRhythm for MeasureStack#12
2026-05-10 17:39:51,950 DEBUG [How Great Is Our God-lead-C#1]          StackRhythm.java:221  | Setting expectedDuration=1 for stack on page 12
2026-05-10 17:39:51,951 DEBUG [How Great Is Our God-lead-C#1]           PageRhythm.java:331  | Finished processing StackRhythm for MeasureStack#12
2026-05-10 17:39:51,951 DEBUG [How Great Is Our God-lead-C#1]           PageRhythm.java:329  | About to process StackRhythm for MeasureStack#13
2026-05-10 17:39:51,952 DEBUG [How Great Is Our God-lead-C#1]          StackRhythm.java:221  | Setting expectedDuration=1 for stack on page 13
2026-05-10 17:39:51,953 DEBUG [How Great Is Our God-lead-C#1]           PageRhythm.java:331  | Finished processing StackRhythm for MeasureStack#13
2026-05-10 17:39:51,953 DEBUG [How Great Is Our God-lead-C#1]           PageRhythm.java:329  | About to process StackRhythm for MeasureStack#14
2026-05-10 17:39:51,954 DEBUG [How Great Is Our God-lead-C#1]          StackRhythm.java:221  | Setting expectedDuration=1 for stack on page 14
2026-05-10 17:39:51,955 INFO [How Great Is Our God-lead-C#1]          StackRhythm.java:226  | S4 MeasureStack#14 no correct rhythm
2026-05-10 17:39:51,956 DEBUG [How Great Is Our God-lead-C#1]           PageRhythm.java:331  | Finished processing StackRhythm for MeasureStack#14
2026-05-10 17:39:51,956 DEBUG [How Great Is Our God-lead-C#1]           PageRhythm.java:329  | About to process StackRhythm for MeasureStack#15
2026-05-10 17:39:51,956 DEBUG [How Great Is Our God-lead-C#1]          StackRhythm.java:221  | Setting expectedDuration=1 for stack on page 15
2026-05-10 17:39:51,958 DEBUG [How Great Is Our God-lead-C#1]           PageRhythm.java:331  | Finished processing StackRhythm for MeasureStack#15
2026-05-10 17:39:51,958 DEBUG [How Great Is Our God-lead-C#1]           PageRhythm.java:329  | About to process StackRhythm for MeasureStack#16
2026-05-10 17:39:51,958 DEBUG [How Great Is Our God-lead-C#1]          StackRhythm.java:221  | Setting expectedDuration=1 for stack on page 16
2026-05-10 17:39:51,961 DEBUG [How Great Is Our God-lead-C#1]           PageRhythm.java:331  | Finished processing StackRhythm for MeasureStack#16
2026-05-10 17:39:51,962 DEBUG [How Great Is Our God-lead-C#1]           PageRhythm.java:329  | About to process StackRhythm for MeasureStack#17
2026-05-10 17:39:51,962 DEBUG [How Great Is Our God-lead-C#1]          StackRhythm.java:221  | Setting expectedDuration=1 for stack on page 17
2026-05-10 17:39:51,963 INFO [How Great Is Our God-lead-C#1]          StackRhythm.java:226  | S5 MeasureStack#17 no correct rhythm
2026-05-10 17:39:51,964 DEBUG [How Great Is Our God-lead-C#1]           PageRhythm.java:331  | Finished processing StackRhythm for MeasureStack#17
2026-05-10 17:39:51,964 DEBUG [How Great Is Our God-lead-C#1]           PageRhythm.java:329  | About to process StackRhythm for MeasureStack#18
2026-05-10 17:39:51,964 DEBUG [How Great Is Our God-lead-C#1]          StackRhythm.java:221  | Setting expectedDuration=1 for stack on page 18
2026-05-10 17:39:51,966 DEBUG [How Great Is Our God-lead-C#1]           PageRhythm.java:331  | Finished processing StackRhythm for MeasureStack#18
2026-05-10 17:39:51,966 DEBUG [How Great Is Our God-lead-C#1]           PageRhythm.java:329  | About to process StackRhythm for MeasureStack#19
2026-05-10 17:39:51,966 DEBUG [How Great Is Our God-lead-C#1]          StackRhythm.java:221  | Setting expectedDuration=1 for stack on page 19
2026-05-10 17:39:51,967 DEBUG [How Great Is Our God-lead-C#1]           PageRhythm.java:331  | Finished processing StackRhythm for MeasureStack#19
2026-05-10 17:39:51,967 DEBUG [How Great Is Our God-lead-C#1]           PageRhythm.java:329  | About to process StackRhythm for MeasureStack#20
2026-05-10 17:39:51,967 DEBUG [How Great Is Our God-lead-C#1]          StackRhythm.java:221  | Setting expectedDuration=1 for stack on page 20
2026-05-10 17:39:51,968 DEBUG [How Great Is Our God-lead-C#1]           PageRhythm.java:331  | Finished processing StackRhythm for MeasureStack#20
2026-05-10 17:39:51,969 DEBUG [How Great Is Our God-lead-C#1]           PageRhythm.java:329  | About to process StackRhythm for MeasureStack#21
2026-05-10 17:39:51,969 DEBUG [How Great Is Our God-lead-C#1]          StackRhythm.java:221  | Setting expectedDuration=1 for stack on page 21
2026-05-10 17:39:51,969 DEBUG [How Great Is Our God-lead-C#1]           PageRhythm.java:331  | Finished processing StackRhythm for MeasureStack#21
2026-05-10 17:39:51,969 DEBUG [How Great Is Our God-lead-C#1]           PageRhythm.java:329  | About to process StackRhythm for MeasureStack#22
2026-05-10 17:39:51,970 DEBUG [How Great Is Our God-lead-C#1]          StackRhythm.java:221  | Setting expectedDuration=1 for stack on page 22
2026-05-10 17:39:51,971 DEBUG [How Great Is Our God-lead-C#1]           PageRhythm.java:331  | Finished processing StackRhythm for MeasureStack#22
2026-05-10 17:39:51,971 DEBUG [How Great Is Our God-lead-C#1]           PageRhythm.java:329  | About to process StackRhythm for MeasureStack#23
2026-05-10 17:39:51,972 DEBUG [How Great Is Our God-lead-C#1]          StackRhythm.java:221  | Setting expectedDuration=1 for stack on page 23
2026-05-10 17:39:51,972 DEBUG [How Great Is Our God-lead-C#1]           PageRhythm.java:331  | Finished processing StackRhythm for MeasureStack#23
2026-05-10 17:39:51,972 DEBUG [How Great Is Our God-lead-C#1]           PageRhythm.java:329  | About to process StackRhythm for MeasureStack#24
2026-05-10 17:39:51,973 DEBUG [How Great Is Our God-lead-C#1]          StackRhythm.java:221  | Setting expectedDuration=1 for stack on page 24
2026-05-10 17:39:51,973 INFO [How Great Is Our God-lead-C#1]          StackRhythm.java:226  | S6 MeasureStack#24 no correct rhythm
2026-05-10 17:39:51,975 DEBUG [How Great Is Our God-lead-C#1]           PageRhythm.java:331  | Finished processing StackRhythm for MeasureStack#24
2026-05-10 17:39:51,975 DEBUG [How Great Is Our God-lead-C#1]           PageRhythm.java:329  | About to process StackRhythm for MeasureStack#25
2026-05-10 17:39:51,975 DEBUG [How Great Is Our God-lead-C#1]          StackRhythm.java:221  | Setting expectedDuration=1 for stack on page 25
2026-05-10 17:39:51,975 DEBUG [How Great Is Our God-lead-C#1]           PageRhythm.java:331  | Finished processing StackRhythm for MeasureStack#25
2026-05-10 17:39:57,518 WARN [How Great Is Our God-lead-C#2]          TextBuilder.java:412  | Skipping TextLine with null bounds: TextLine{ "" conf:NaN}
2026-05-10 17:39:57,520 WARN [How Great Is Our God-lead-C#2]          TextBuilder.java:412  | Skipping TextLine with null bounds: TextLine{ "" conf:NaN}
2026-05-10 17:39:57,520 WARN [How Great Is Our God-lead-C#2]          TextBuilder.java:412  | Skipping TextLine with null bounds: TextLine{ "" conf:NaN}
2026-05-10 17:39:57,521 WARN [How Great Is Our God-lead-C#2]          TextBuilder.java:412  | Skipping TextLine with null bounds: TextLine{ "" conf:NaN}
2026-05-10 17:39:57,521 WARN [How Great Is Our God-lead-C#2]          TextBuilder.java:412  | Skipping TextLine with null bounds: TextLine{ "" conf:NaN}
2026-05-10 17:39:57,521 WARN [How Great Is Our God-lead-C#2]          TextBuilder.java:412  | Skipping TextLine with null bounds: TextLine{ "" conf:NaN}
2026-05-10 17:39:57,523 WARN [How Great Is Our God-lead-C#2]          TextBuilder.java:412  | Skipping TextLine with null bounds: TextLine{ "" conf:NaN}
2026-05-10 17:39:57,523 WARN [How Great Is Our God-lead-C#2]          TextBuilder.java:412  | Skipping TextLine with null bounds: TextLine{ "" conf:NaN}
2026-05-10 17:39:57,524 WARN [How Great Is Our God-lead-C#2]          TextBuilder.java:412  | Skipping TextLine with null bounds: TextLine{ "" conf:NaN}
2026-05-10 17:39:57,524 WARN [How Great Is Our God-lead-C#2]          TextBuilder.java:412  | Skipping TextLine with null bounds: TextLine{ "" conf:NaN}
2026-05-10 17:39:57,524 WARN [How Great Is Our God-lead-C#2]          TextBuilder.java:412  | Skipping TextLine with null bounds: TextLine{ "" conf:NaN}
2026-05-10 17:39:57,524 WARN [How Great Is Our God-lead-C#2]          TextBuilder.java:412  | Skipping TextLine with null bounds: TextLine{ "" conf:NaN}
2026-05-10 17:39:57,525 WARN [How Great Is Our God-lead-C#2]          TextBuilder.java:412  | Skipping TextLine with null bounds: TextLine{ "" conf:NaN}
2026-05-10 17:39:57,525 WARN [How Great Is Our God-lead-C#2]          TextBuilder.java:412  | Skipping TextLine with null bounds: TextLine{ "" conf:NaN}
2026-05-10 17:39:59,107 INFO [How Great Is Our God-lead-C#2]           PageRhythm.java:176  | {Page#2.1} Starting PageRhythm time signature check
2026-05-10 17:39:59,107 INFO [How Great Is Our God-lead-C#2]           PageRhythm.java:178  | {Page#2.1} Initial range state: Range{SN1-} → ts: null
2026-05-10 17:39:59,109 INFO [How Great Is Our God-lead-C#2]           PageRhythm.java:184  | {Page#2.1} Checking range: Range{SN1-}, ts: null
2026-05-10 17:39:59,109 INFO [How Great Is Our God-lead-C#2]           PageRhythm.java:207  | {Page#2.1} Time value reused from sheet#1
2026-05-10 17:39:59,110 INFO [How Great Is Our God-lead-C#2]           PageRhythm.java:277  | Last range: Range{SN1-7 tRat:4/4 dur:1}
2026-05-10 17:39:59,111 INFO [How Great Is Our God-lead-C#2]           PageRhythm.java:278  | lastRange.timeRational = 4/4
2026-05-10 17:39:59,111 INFO [How Great Is Our God-lead-C#2]           PageRhythm.java:279  | lastRange.ts = null
2026-05-10 17:39:59,111 DEBUG [How Great Is Our God-lead-C#2]           PageRhythm.java:121  | MeasureStack#1 frats: 1 [1465]
2026-05-10 17:39:59,111 DEBUG [How Great Is Our God-lead-C#2]           PageRhythm.java:121  | MeasureStack#2 frats: 2 [1466, 1328]
2026-05-10 17:39:59,112 DEBUG [How Great Is Our God-lead-C#2]           PageRhythm.java:121  | MeasureStack#3 frats: 0 []
2026-05-10 17:39:59,112 DEBUG [How Great Is Our God-lead-C#2]           PageRhythm.java:121  | MeasureStack#4 frats: 1 [1467]
2026-05-10 17:39:59,112 DEBUG [How Great Is Our God-lead-C#2]           PageRhythm.java:121  | MeasureStack#5 frats: 2 [1468, 1377]
2026-05-10 17:39:59,112 DEBUG [How Great Is Our God-lead-C#2]           PageRhythm.java:121  | MeasureStack#6 frats: 0 []
2026-05-10 17:39:59,114 DEBUG [How Great Is Our God-lead-C#2]           PageRhythm.java:121  | MeasureStack#7 frats: 1 [1513]
2026-05-10 17:39:59,114 DEBUG [How Great Is Our God-lead-C#2]           PageRhythm.java:325  | Starting Range{SN1-7 tRat:4/4 dur:1}
2026-05-10 17:39:59,115 DEBUG [How Great Is Our God-lead-C#2]           PageRhythm.java:329  | About to process StackRhythm for MeasureStack#1
2026-05-10 17:39:59,115 DEBUG [How Great Is Our God-lead-C#2]          StackRhythm.java:221  | Setting expectedDuration=1 for stack on page 1
2026-05-10 17:39:59,116 INFO [How Great Is Our God-lead-C#2]          StackRhythm.java:226  | S1 MeasureStack#1 no correct rhythm
2026-05-10 17:39:59,117 DEBUG [How Great Is Our God-lead-C#2]           PageRhythm.java:331  | Finished processing StackRhythm for MeasureStack#1
2026-05-10 17:39:59,117 DEBUG [How Great Is Our God-lead-C#2]           PageRhythm.java:329  | About to process StackRhythm for MeasureStack#2
2026-05-10 17:39:59,118 DEBUG [How Great Is Our God-lead-C#2]          StackRhythm.java:221  | Setting expectedDuration=1 for stack on page 2
2026-05-10 17:39:59,119 DEBUG [How Great Is Our God-lead-C#2]           PageRhythm.java:331  | Finished processing StackRhythm for MeasureStack#2
2026-05-10 17:39:59,120 DEBUG [How Great Is Our God-lead-C#2]           PageRhythm.java:329  | About to process StackRhythm for MeasureStack#3
2026-05-10 17:39:59,120 DEBUG [How Great Is Our God-lead-C#2]          StackRhythm.java:221  | Setting expectedDuration=1 for stack on page 3
2026-05-10 17:39:59,121 DEBUG [How Great Is Our God-lead-C#2]           PageRhythm.java:331  | Finished processing StackRhythm for MeasureStack#3
2026-05-10 17:39:59,121 DEBUG [How Great Is Our God-lead-C#2]           PageRhythm.java:329  | About to process StackRhythm for MeasureStack#4
2026-05-10 17:39:59,121 DEBUG [How Great Is Our God-lead-C#2]          StackRhythm.java:221  | Setting expectedDuration=1 for stack on page 4
2026-05-10 17:39:59,122 DEBUG [How Great Is Our God-lead-C#2]           PageRhythm.java:331  | Finished processing StackRhythm for MeasureStack#4
2026-05-10 17:39:59,122 DEBUG [How Great Is Our God-lead-C#2]           PageRhythm.java:329  | About to process StackRhythm for MeasureStack#5
2026-05-10 17:39:59,122 DEBUG [How Great Is Our God-lead-C#2]          StackRhythm.java:221  | Setting expectedDuration=1 for stack on page 5
2026-05-10 17:39:59,123 DEBUG [How Great Is Our God-lead-C#2]           PageRhythm.java:331  | Finished processing StackRhythm for MeasureStack#5
2026-05-10 17:39:59,123 DEBUG [How Great Is Our God-lead-C#2]           PageRhythm.java:329  | About to process StackRhythm for MeasureStack#6
2026-05-10 17:39:59,124 DEBUG [How Great Is Our God-lead-C#2]          StackRhythm.java:221  | Setting expectedDuration=1 for stack on page 6
2026-05-10 17:39:59,124 DEBUG [How Great Is Our God-lead-C#2]           PageRhythm.java:331  | Finished processing StackRhythm for MeasureStack#6
2026-05-10 17:39:59,125 DEBUG [How Great Is Our God-lead-C#2]           PageRhythm.java:329  | About to process StackRhythm for MeasureStack#7
2026-05-10 17:39:59,126 DEBUG [How Great Is Our God-lead-C#2]          StackRhythm.java:221  | Setting expectedDuration=1 for stack on page 7
2026-05-10 17:39:59,127 DEBUG [How Great Is Our God-lead-C#2]           PageRhythm.java:331  | Finished processing StackRhythm for MeasureStack#7
