2026-05-10 16:51:29,595 WARN [Boldly I Approach-lead-Bb#1]          TextBuilder.java:412  | Skipping TextLine with null bounds: TextLine{ "" conf:NaN}
2026-05-10 16:51:29,599 WARN [Boldly I Approach-lead-Bb#1]          TextBuilder.java:412  | Skipping TextLine with null bounds: TextLine{ "" conf:NaN}
2026-05-10 16:51:29,599 WARN [Boldly I Approach-lead-Bb#1]          TextBuilder.java:412  | Skipping TextLine with null bounds: TextLine{ "" conf:NaN}
2026-05-10 16:51:29,600 WARN [Boldly I Approach-lead-Bb#1]          TextBuilder.java:412  | Skipping TextLine with null bounds: TextLine{ "" conf:NaN}
2026-05-10 16:51:29,603 WARN [Boldly I Approach-lead-Bb#1]          TextBuilder.java:412  | Skipping TextLine with null bounds: TextLine{ "" conf:NaN}
2026-05-10 16:51:29,604 WARN [Boldly I Approach-lead-Bb#1]          TextBuilder.java:412  | Skipping TextLine with null bounds: TextLine{ "" conf:NaN}
2026-05-10 16:51:29,605 WARN [Boldly I Approach-lead-Bb#1]          TextBuilder.java:412  | Skipping TextLine with null bounds: TextLine{ "" conf:NaN}
2026-05-10 16:51:29,606 WARN [Boldly I Approach-lead-Bb#1]          TextBuilder.java:412  | Skipping TextLine with null bounds: TextLine{ "" conf:NaN}
2026-05-10 16:51:29,606 WARN [Boldly I Approach-lead-Bb#1]          TextBuilder.java:412  | Skipping TextLine with null bounds: TextLine{ "" conf:NaN}
2026-05-10 16:51:29,606 WARN [Boldly I Approach-lead-Bb#1]          TextBuilder.java:412  | Skipping TextLine with null bounds: TextLine{ "" conf:NaN}
2026-05-10 16:51:29,607 WARN [Boldly I Approach-lead-Bb#1]          TextBuilder.java:412  | Skipping TextLine with null bounds: TextLine{ "" conf:NaN}
2026-05-10 16:51:29,607 WARN [Boldly I Approach-lead-Bb#1]          TextBuilder.java:412  | Skipping TextLine with null bounds: TextLine{ "" conf:NaN}
2026-05-10 16:51:29,608 WARN [Boldly I Approach-lead-Bb#1]          TextBuilder.java:412  | Skipping TextLine with null bounds: TextLine{ "" conf:NaN}
2026-05-10 16:51:29,608 WARN [Boldly I Approach-lead-Bb#1]          TextBuilder.java:412  | Skipping TextLine with null bounds: TextLine{ "" conf:NaN}
2026-05-10 16:51:29,609 WARN [Boldly I Approach-lead-Bb#1]          TextBuilder.java:412  | Skipping TextLine with null bounds: TextLine{ "" conf:NaN}
2026-05-10 16:51:29,609 WARN [Boldly I Approach-lead-Bb#1]          TextBuilder.java:412  | Skipping TextLine with null bounds: TextLine{ "" conf:NaN}
2026-05-10 16:51:29,609 WARN [Boldly I Approach-lead-Bb#1]          TextBuilder.java:412  | Skipping TextLine with null bounds: TextLine{ "" conf:NaN}
2026-05-10 16:51:29,610 WARN [Boldly I Approach-lead-Bb#1]          TextBuilder.java:412  | Skipping TextLine with null bounds: TextLine{ "" conf:NaN}
2026-05-10 16:51:29,610 WARN [Boldly I Approach-lead-Bb#1]          TextBuilder.java:412  | Skipping TextLine with null bounds: TextLine{ "" conf:NaN}
2026-05-10 16:51:29,610 WARN [Boldly I Approach-lead-Bb#1]          TextBuilder.java:412  | Skipping TextLine with null bounds: TextLine{ "" conf:NaN}
2026-05-10 16:51:29,611 WARN [Boldly I Approach-lead-Bb#1]          TextBuilder.java:412  | Skipping TextLine with null bounds: TextLine{ "" conf:NaN}
2026-05-10 16:51:29,611 WARN [Boldly I Approach-lead-Bb#1]          TextBuilder.java:412  | Skipping TextLine with null bounds: TextLine{ "" conf:NaN}
2026-05-10 16:51:29,612 WARN [Boldly I Approach-lead-Bb#1]          TextBuilder.java:412  | Skipping TextLine with null bounds: TextLine{ "" conf:NaN}
2026-05-10 16:51:29,612 WARN [Boldly I Approach-lead-Bb#1]          TextBuilder.java:412  | Skipping TextLine with null bounds: TextLine{ "" conf:NaN}
2026-05-10 16:51:29,613 WARN [Boldly I Approach-lead-Bb#1]          TextBuilder.java:412  | Skipping TextLine with null bounds: TextLine{ "" conf:NaN}
2026-05-10 16:51:29,613 WARN [Boldly I Approach-lead-Bb#1]          TextBuilder.java:412  | Skipping TextLine with null bounds: TextLine{ "" conf:NaN}
2026-05-10 16:51:29,613 WARN [Boldly I Approach-lead-Bb#1]          TextBuilder.java:412  | Skipping TextLine with null bounds: TextLine{ "" conf:NaN}
2026-05-10 16:51:29,613 WARN [Boldly I Approach-lead-Bb#1]          TextBuilder.java:412  | Skipping TextLine with null bounds: TextLine{ "" conf:NaN}
2026-05-10 16:51:29,614 WARN [Boldly I Approach-lead-Bb#1]          TextBuilder.java:412  | Skipping TextLine with null bounds: TextLine{ "" conf:NaN}
2026-05-10 16:51:29,615 WARN [Boldly I Approach-lead-Bb#1]          TextBuilder.java:412  | Skipping TextLine with null bounds: TextLine{ "" conf:NaN}
2026-05-10 16:51:29,615 WARN [Boldly I Approach-lead-Bb#1]          TextBuilder.java:412  | Skipping TextLine with null bounds: TextLine{ "" conf:NaN}
2026-05-10 16:51:29,615 WARN [Boldly I Approach-lead-Bb#1]          TextBuilder.java:412  | Skipping TextLine with null bounds: TextLine{ "" conf:NaN}
2026-05-10 16:51:29,616 WARN [Boldly I Approach-lead-Bb#1]          TextBuilder.java:412  | Skipping TextLine with null bounds: TextLine{ "" conf:NaN}
2026-05-10 16:51:29,616 WARN [Boldly I Approach-lead-Bb#1]          TextBuilder.java:412  | Skipping TextLine with null bounds: TextLine{ "" conf:NaN}
2026-05-10 16:51:29,616 WARN [Boldly I Approach-lead-Bb#1]          TextBuilder.java:412  | Skipping TextLine with null bounds: TextLine{ "" conf:NaN}
2026-05-10 16:51:29,617 WARN [Boldly I Approach-lead-Bb#1]          TextBuilder.java:412  | Skipping TextLine with null bounds: TextLine{ "" conf:NaN}
2026-05-10 16:51:29,617 WARN [Boldly I Approach-lead-Bb#1]          TextBuilder.java:412  | Skipping TextLine with null bounds: TextLine{ "" conf:NaN}
2026-05-10 16:51:29,617 WARN [Boldly I Approach-lead-Bb#1]          TextBuilder.java:412  | Skipping TextLine with null bounds: TextLine{ "" conf:NaN}
2026-05-10 16:51:29,617 WARN [Boldly I Approach-lead-Bb#1]          TextBuilder.java:412  | Skipping TextLine with null bounds: TextLine{ "" conf:NaN}
2026-05-10 16:51:29,617 WARN [Boldly I Approach-lead-Bb#1]          TextBuilder.java:412  | Skipping TextLine with null bounds: TextLine{ "" conf:NaN}
2026-05-10 16:51:29,618 WARN [Boldly I Approach-lead-Bb#1]          TextBuilder.java:412  | Skipping TextLine with null bounds: TextLine{ "" conf:NaN}
2026-05-10 16:51:29,620 WARN [Boldly I Approach-lead-Bb#1]          TextBuilder.java:412  | Skipping TextLine with null bounds: TextLine{ "" conf:NaN}
2026-05-10 16:51:29,620 WARN [Boldly I Approach-lead-Bb#1]          TextBuilder.java:412  | Skipping TextLine with null bounds: TextLine{ "" conf:NaN}
2026-05-10 16:51:29,621 WARN [Boldly I Approach-lead-Bb#1]          TextBuilder.java:412  | Skipping TextLine with null bounds: TextLine{ "" conf:NaN}
2026-05-10 16:51:29,621 WARN [Boldly I Approach-lead-Bb#1]          TextBuilder.java:412  | Skipping TextLine with null bounds: TextLine{ "" conf:NaN}
2026-05-10 16:51:29,621 WARN [Boldly I Approach-lead-Bb#1]          TextBuilder.java:412  | Skipping TextLine with null bounds: TextLine{ "" conf:NaN}
2026-05-10 16:51:29,622 WARN [Boldly I Approach-lead-Bb#1]          TextBuilder.java:412  | Skipping TextLine with null bounds: TextLine{ "" conf:NaN}
2026-05-10 16:51:29,622 WARN [Boldly I Approach-lead-Bb#1]          TextBuilder.java:412  | Skipping TextLine with null bounds: TextLine{ "" conf:NaN}
2026-05-10 16:51:29,623 WARN [Boldly I Approach-lead-Bb#1]          TextBuilder.java:412  | Skipping TextLine with null bounds: TextLine{ "" conf:NaN}
2026-05-10 16:51:29,623 WARN [Boldly I Approach-lead-Bb#1]          TextBuilder.java:412  | Skipping TextLine with null bounds: TextLine{ "" conf:NaN}
2026-05-10 16:51:29,623 WARN [Boldly I Approach-lead-Bb#1]          TextBuilder.java:412  | Skipping TextLine with null bounds: TextLine{ "" conf:NaN}
2026-05-10 16:51:29,624 WARN [Boldly I Approach-lead-Bb#1]          TextBuilder.java:412  | Skipping TextLine with null bounds: TextLine{ "" conf:NaN}
2026-05-10 16:51:29,624 WARN [Boldly I Approach-lead-Bb#1]          TextBuilder.java:412  | Skipping TextLine with null bounds: TextLine{ "" conf:NaN}
2026-05-10 16:51:29,624 WARN [Boldly I Approach-lead-Bb#1]          TextBuilder.java:412  | Skipping TextLine with null bounds: TextLine{ "" conf:NaN}
2026-05-10 16:51:29,625 WARN [Boldly I Approach-lead-Bb#1]          TextBuilder.java:412  | Skipping TextLine with null bounds: TextLine{ "" conf:NaN}
2026-05-10 16:51:29,625 WARN [Boldly I Approach-lead-Bb#1]          TextBuilder.java:412  | Skipping TextLine with null bounds: TextLine{ "" conf:NaN}
2026-05-10 16:51:29,626 WARN [Boldly I Approach-lead-Bb#1]          TextBuilder.java:412  | Skipping TextLine with null bounds: TextLine{ "" conf:NaN}
2026-05-10 16:51:29,626 WARN [Boldly I Approach-lead-Bb#1]          TextBuilder.java:412  | Skipping TextLine with null bounds: TextLine{ "" conf:NaN}
2026-05-10 16:51:29,626 WARN [Boldly I Approach-lead-Bb#1]          TextBuilder.java:412  | Skipping TextLine with null bounds: TextLine{ "" conf:NaN}
2026-05-10 16:51:29,627 WARN [Boldly I Approach-lead-Bb#1]          TextBuilder.java:412  | Skipping TextLine with null bounds: TextLine{ "" conf:NaN}
2026-05-10 16:51:29,627 WARN [Boldly I Approach-lead-Bb#1]          TextBuilder.java:412  | Skipping TextLine with null bounds: TextLine{ "" conf:NaN}
2026-05-10 16:51:29,627 WARN [Boldly I Approach-lead-Bb#1]          TextBuilder.java:412  | Skipping TextLine with null bounds: TextLine{ "" conf:NaN}
2026-05-10 16:51:29,628 WARN [Boldly I Approach-lead-Bb#1]          TextBuilder.java:412  | Skipping TextLine with null bounds: TextLine{ "" conf:NaN}
2026-05-10 16:51:29,628 WARN [Boldly I Approach-lead-Bb#1]          TextBuilder.java:412  | Skipping TextLine with null bounds: TextLine{ "" conf:NaN}
2026-05-10 16:51:29,628 WARN [Boldly I Approach-lead-Bb#1]          TextBuilder.java:412  | Skipping TextLine with null bounds: TextLine{ "" conf:NaN}
2026-05-10 16:51:29,629 WARN [Boldly I Approach-lead-Bb#1]          TextBuilder.java:412  | Skipping TextLine with null bounds: TextLine{ "" conf:NaN}
2026-05-10 16:51:29,629 WARN [Boldly I Approach-lead-Bb#1]          TextBuilder.java:412  | Skipping TextLine with null bounds: TextLine{ "" conf:NaN}
2026-05-10 16:51:29,629 WARN [Boldly I Approach-lead-Bb#1]          TextBuilder.java:412  | Skipping TextLine with null bounds: TextLine{ "" conf:NaN}
2026-05-10 16:51:29,629 WARN [Boldly I Approach-lead-Bb#1]          TextBuilder.java:412  | Skipping TextLine with null bounds: TextLine{ "" conf:NaN}
2026-05-10 16:51:29,629 WARN [Boldly I Approach-lead-Bb#1]          TextBuilder.java:412  | Skipping TextLine with null bounds: TextLine{ "" conf:NaN}
2026-05-10 16:51:29,631 WARN [Boldly I Approach-lead-Bb#1]          TextBuilder.java:412  | Skipping TextLine with null bounds: TextLine{ "" conf:NaN}
2026-05-10 16:51:29,631 WARN [Boldly I Approach-lead-Bb#1]          TextBuilder.java:412  | Skipping TextLine with null bounds: TextLine{ "" conf:NaN}
2026-05-10 16:51:29,631 WARN [Boldly I Approach-lead-Bb#1]          TextBuilder.java:412  | Skipping TextLine with null bounds: TextLine{ "" conf:NaN}
2026-05-10 16:51:29,631 WARN [Boldly I Approach-lead-Bb#1]          TextBuilder.java:412  | Skipping TextLine with null bounds: TextLine{ "" conf:NaN}
2026-05-10 16:51:29,631 WARN [Boldly I Approach-lead-Bb#1]          TextBuilder.java:412  | Skipping TextLine with null bounds: TextLine{ "" conf:NaN}
2026-05-10 16:51:29,632 WARN [Boldly I Approach-lead-Bb#1]          TextBuilder.java:412  | Skipping TextLine with null bounds: TextLine{ "" conf:NaN}
2026-05-10 16:51:29,632 WARN [Boldly I Approach-lead-Bb#1]          TextBuilder.java:412  | Skipping TextLine with null bounds: TextLine{ "" conf:NaN}
2026-05-10 16:51:29,632 WARN [Boldly I Approach-lead-Bb#1]          TextBuilder.java:412  | Skipping TextLine with null bounds: TextLine{ "" conf:NaN}
2026-05-10 16:51:29,633 WARN [Boldly I Approach-lead-Bb#1]          TextBuilder.java:412  | Skipping TextLine with null bounds: TextLine{ "" conf:NaN}
2026-05-10 16:51:29,633 WARN [Boldly I Approach-lead-Bb#1]          TextBuilder.java:412  | Skipping TextLine with null bounds: TextLine{ "" conf:NaN}
2026-05-10 16:51:29,633 WARN [Boldly I Approach-lead-Bb#1]          TextBuilder.java:412  | Skipping TextLine with null bounds: TextLine{ "" conf:NaN}
2026-05-10 16:51:29,634 WARN [Boldly I Approach-lead-Bb#1]          TextBuilder.java:412  | Skipping TextLine with null bounds: TextLine{ "" conf:NaN}
2026-05-10 16:51:29,634 WARN [Boldly I Approach-lead-Bb#1]          TextBuilder.java:412  | Skipping TextLine with null bounds: TextLine{ "" conf:NaN}
2026-05-10 16:51:29,635 WARN [Boldly I Approach-lead-Bb#1]          TextBuilder.java:412  | Skipping TextLine with null bounds: TextLine{ "" conf:NaN}
2026-05-10 16:51:29,635 WARN [Boldly I Approach-lead-Bb#1]          TextBuilder.java:412  | Skipping TextLine with null bounds: TextLine{ "" conf:NaN}
2026-05-10 16:51:29,635 WARN [Boldly I Approach-lead-Bb#1]          TextBuilder.java:412  | Skipping TextLine with null bounds: TextLine{ "" conf:NaN}
2026-05-10 16:51:29,636 WARN [Boldly I Approach-lead-Bb#1]          TextBuilder.java:412  | Skipping TextLine with null bounds: TextLine{ "" conf:NaN}
2026-05-10 16:51:29,636 WARN [Boldly I Approach-lead-Bb#1]          TextBuilder.java:412  | Skipping TextLine with null bounds: TextLine{ "" conf:NaN}
2026-05-10 16:51:29,637 WARN [Boldly I Approach-lead-Bb#1]          TextBuilder.java:412  | Skipping TextLine with null bounds: TextLine{ "" conf:NaN}
2026-05-10 16:51:29,637 WARN [Boldly I Approach-lead-Bb#1]          TextBuilder.java:412  | Skipping TextLine with null bounds: TextLine{ "" conf:NaN}
2026-05-10 16:51:29,637 WARN [Boldly I Approach-lead-Bb#1]          TextBuilder.java:412  | Skipping TextLine with null bounds: TextLine{ "" conf:NaN}
2026-05-10 16:51:29,637 WARN [Boldly I Approach-lead-Bb#1]          TextBuilder.java:412  | Skipping TextLine with null bounds: TextLine{ "" conf:NaN}
2026-05-10 16:51:29,638 WARN [Boldly I Approach-lead-Bb#1]          TextBuilder.java:412  | Skipping TextLine with null bounds: TextLine{ "" conf:NaN}
2026-05-10 16:51:29,638 WARN [Boldly I Approach-lead-Bb#1]          TextBuilder.java:412  | Skipping TextLine with null bounds: TextLine{ "" conf:NaN}
2026-05-10 16:51:29,638 WARN [Boldly I Approach-lead-Bb#1]          TextBuilder.java:412  | Skipping TextLine with null bounds: TextLine{ "" conf:NaN}
2026-05-10 16:51:29,639 WARN [Boldly I Approach-lead-Bb#1]          TextBuilder.java:412  | Skipping TextLine with null bounds: TextLine{ "" conf:NaN}
2026-05-10 16:51:29,639 WARN [Boldly I Approach-lead-Bb#1]          TextBuilder.java:412  | Skipping TextLine with null bounds: TextLine{ "" conf:NaN}
2026-05-10 16:51:29,639 WARN [Boldly I Approach-lead-Bb#1]          TextBuilder.java:412  | Skipping TextLine with null bounds: TextLine{ "" conf:NaN}
2026-05-10 16:51:29,639 WARN [Boldly I Approach-lead-Bb#1]          TextBuilder.java:412  | Skipping TextLine with null bounds: TextLine{ "" conf:NaN}
2026-05-10 16:51:29,639 WARN [Boldly I Approach-lead-Bb#1]          TextBuilder.java:412  | Skipping TextLine with null bounds: TextLine{ "" conf:NaN}
2026-05-10 16:51:29,640 WARN [Boldly I Approach-lead-Bb#1]          TextBuilder.java:412  | Skipping TextLine with null bounds: TextLine{ "" conf:NaN}
2026-05-10 16:51:29,640 WARN [Boldly I Approach-lead-Bb#1]          TextBuilder.java:412  | Skipping TextLine with null bounds: TextLine{ "" conf:NaN}
2026-05-10 16:51:29,640 WARN [Boldly I Approach-lead-Bb#1]          TextBuilder.java:412  | Skipping TextLine with null bounds: TextLine{ "" conf:NaN}
2026-05-10 16:51:29,640 WARN [Boldly I Approach-lead-Bb#1]          TextBuilder.java:412  | Skipping TextLine with null bounds: TextLine{ "" conf:NaN}
2026-05-10 16:51:29,640 WARN [Boldly I Approach-lead-Bb#1]          TextBuilder.java:412  | Skipping TextLine with null bounds: TextLine{ "" conf:NaN}
2026-05-10 16:51:29,641 WARN [Boldly I Approach-lead-Bb#1]          TextBuilder.java:412  | Skipping TextLine with null bounds: TextLine{ "" conf:NaN}
2026-05-10 16:51:29,642 WARN [Boldly I Approach-lead-Bb#1]          TextBuilder.java:412  | Skipping TextLine with null bounds: TextLine{ "" conf:NaN}
2026-05-10 16:51:29,642 WARN [Boldly I Approach-lead-Bb#1]          TextBuilder.java:412  | Skipping TextLine with null bounds: TextLine{ "" conf:NaN}
2026-05-10 16:51:29,643 WARN [Boldly I Approach-lead-Bb#1]          TextBuilder.java:412  | Skipping TextLine with null bounds: TextLine{ "" conf:NaN}
2026-05-10 16:51:29,643 WARN [Boldly I Approach-lead-Bb#1]          TextBuilder.java:412  | Skipping TextLine with null bounds: TextLine{ "" conf:NaN}
2026-05-10 16:51:29,643 WARN [Boldly I Approach-lead-Bb#1]          TextBuilder.java:412  | Skipping TextLine with null bounds: TextLine{ "" conf:NaN}
2026-05-10 16:51:29,643 WARN [Boldly I Approach-lead-Bb#1]          TextBuilder.java:412  | Skipping TextLine with null bounds: TextLine{ "" conf:NaN}
2026-05-10 16:51:29,644 WARN [Boldly I Approach-lead-Bb#1]          TextBuilder.java:412  | Skipping TextLine with null bounds: TextLine{ "" conf:NaN}
2026-05-10 16:51:29,644 WARN [Boldly I Approach-lead-Bb#1]          TextBuilder.java:412  | Skipping TextLine with null bounds: TextLine{ "" conf:NaN}
2026-05-10 16:51:29,644 WARN [Boldly I Approach-lead-Bb#1]          TextBuilder.java:412  | Skipping TextLine with null bounds: TextLine{ "" conf:NaN}
2026-05-10 16:51:29,645 WARN [Boldly I Approach-lead-Bb#1]          TextBuilder.java:412  | Skipping TextLine with null bounds: TextLine{ "" conf:NaN}
2026-05-10 16:51:29,645 WARN [Boldly I Approach-lead-Bb#1]          TextBuilder.java:412  | Skipping TextLine with null bounds: TextLine{ "" conf:NaN}
2026-05-10 16:51:29,645 WARN [Boldly I Approach-lead-Bb#1]          TextBuilder.java:412  | Skipping TextLine with null bounds: TextLine{ "" conf:NaN}
2026-05-10 16:51:29,645 WARN [Boldly I Approach-lead-Bb#1]          TextBuilder.java:412  | Skipping TextLine with null bounds: TextLine{ "" conf:NaN}
2026-05-10 16:51:29,646 WARN [Boldly I Approach-lead-Bb#1]          TextBuilder.java:412  | Skipping TextLine with null bounds: TextLine{ "" conf:NaN}
2026-05-10 16:51:29,646 WARN [Boldly I Approach-lead-Bb#1]          TextBuilder.java:412  | Skipping TextLine with null bounds: TextLine{ "" conf:NaN}
2026-05-10 16:51:29,647 WARN [Boldly I Approach-lead-Bb#1]          TextBuilder.java:412  | Skipping TextLine with null bounds: TextLine{ "" conf:NaN}
2026-05-10 16:51:29,647 WARN [Boldly I Approach-lead-Bb#1]          TextBuilder.java:412  | Skipping TextLine with null bounds: TextLine{ "" conf:NaN}
2026-05-10 16:51:29,647 WARN [Boldly I Approach-lead-Bb#1]          TextBuilder.java:412  | Skipping TextLine with null bounds: TextLine{ "" conf:NaN}
2026-05-10 16:51:29,649 WARN [Boldly I Approach-lead-Bb#1]          TextBuilder.java:412  | Skipping TextLine with null bounds: TextLine{ "" conf:NaN}
2026-05-10 16:51:29,649 WARN [Boldly I Approach-lead-Bb#1]          TextBuilder.java:412  | Skipping TextLine with null bounds: TextLine{ "" conf:NaN}
2026-05-10 16:51:29,649 WARN [Boldly I Approach-lead-Bb#1]          TextBuilder.java:412  | Skipping TextLine with null bounds: TextLine{ "" conf:NaN}
2026-05-10 16:51:29,650 WARN [Boldly I Approach-lead-Bb#1]          TextBuilder.java:412  | Skipping TextLine with null bounds: TextLine{ "" conf:NaN}
2026-05-10 16:51:29,650 WARN [Boldly I Approach-lead-Bb#1]          TextBuilder.java:412  | Skipping TextLine with null bounds: TextLine{ "" conf:NaN}
2026-05-10 16:51:29,650 WARN [Boldly I Approach-lead-Bb#1]          TextBuilder.java:412  | Skipping TextLine with null bounds: TextLine{ "" conf:NaN}
2026-05-10 16:51:29,651 WARN [Boldly I Approach-lead-Bb#1]          TextBuilder.java:412  | Skipping TextLine with null bounds: TextLine{ "" conf:NaN}
2026-05-10 16:51:29,651 WARN [Boldly I Approach-lead-Bb#1]          TextBuilder.java:412  | Skipping TextLine with null bounds: TextLine{ "" conf:NaN}
2026-05-10 16:51:29,651 WARN [Boldly I Approach-lead-Bb#1]          TextBuilder.java:412  | Skipping TextLine with null bounds: TextLine{ "" conf:NaN}
2026-05-10 16:51:29,651 WARN [Boldly I Approach-lead-Bb#1]          TextBuilder.java:412  | Skipping TextLine with null bounds: TextLine{ "" conf:NaN}
2026-05-10 16:51:29,652 WARN [Boldly I Approach-lead-Bb#1]          TextBuilder.java:412  | Skipping TextLine with null bounds: TextLine{ "" conf:NaN}
2026-05-10 16:51:29,652 WARN [Boldly I Approach-lead-Bb#1]          TextBuilder.java:412  | Skipping TextLine with null bounds: TextLine{ "" conf:NaN}
2026-05-10 16:51:29,652 WARN [Boldly I Approach-lead-Bb#1]          TextBuilder.java:412  | Skipping TextLine with null bounds: TextLine{ "" conf:NaN}
2026-05-10 16:51:29,652 WARN [Boldly I Approach-lead-Bb#1]          TextBuilder.java:412  | Skipping TextLine with null bounds: TextLine{ "" conf:NaN}
2026-05-10 16:51:29,652 WARN [Boldly I Approach-lead-Bb#1]          TextBuilder.java:412  | Skipping TextLine with null bounds: TextLine{ "" conf:NaN}
2026-05-10 16:51:29,652 WARN [Boldly I Approach-lead-Bb#1]          TextBuilder.java:412  | Skipping TextLine with null bounds: TextLine{ "" conf:NaN}
2026-05-10 16:51:29,653 WARN [Boldly I Approach-lead-Bb#1]          TextBuilder.java:412  | Skipping TextLine with null bounds: TextLine{ "" conf:NaN}
2026-05-10 16:51:29,653 WARN [Boldly I Approach-lead-Bb#1]          TextBuilder.java:412  | Skipping TextLine with null bounds: TextLine{ "" conf:NaN}
2026-05-10 16:51:29,653 WARN [Boldly I Approach-lead-Bb#1]          TextBuilder.java:412  | Skipping TextLine with null bounds: TextLine{ "" conf:NaN}
2026-05-10 16:51:29,654 WARN [Boldly I Approach-lead-Bb#1]          TextBuilder.java:412  | Skipping TextLine with null bounds: TextLine{ "" conf:NaN}
2026-05-10 16:51:29,654 WARN [Boldly I Approach-lead-Bb#1]          TextBuilder.java:412  | Skipping TextLine with null bounds: TextLine{ "" conf:NaN}
2026-05-10 16:51:29,654 WARN [Boldly I Approach-lead-Bb#1]          TextBuilder.java:412  | Skipping TextLine with null bounds: TextLine{ "" conf:NaN}
2026-05-10 16:51:29,655 WARN [Boldly I Approach-lead-Bb#1]          TextBuilder.java:412  | Skipping TextLine with null bounds: TextLine{ "" conf:NaN}
2026-05-10 16:51:29,655 WARN [Boldly I Approach-lead-Bb#1]          TextBuilder.java:412  | Skipping TextLine with null bounds: TextLine{ "" conf:NaN}
2026-05-10 16:51:29,655 WARN [Boldly I Approach-lead-Bb#1]          TextBuilder.java:412  | Skipping TextLine with null bounds: TextLine{ "" conf:NaN}
2026-05-10 16:51:29,655 WARN [Boldly I Approach-lead-Bb#1]          TextBuilder.java:412  | Skipping TextLine with null bounds: TextLine{ "" conf:NaN}
2026-05-10 16:51:29,655 WARN [Boldly I Approach-lead-Bb#1]          TextBuilder.java:412  | Skipping TextLine with null bounds: TextLine{ "" conf:NaN}
2026-05-10 16:51:29,655 WARN [Boldly I Approach-lead-Bb#1]          TextBuilder.java:412  | Skipping TextLine with null bounds: TextLine{ "" conf:NaN}
2026-05-10 16:51:29,655 WARN [Boldly I Approach-lead-Bb#1]          TextBuilder.java:412  | Skipping TextLine with null bounds: TextLine{ "" conf:NaN}
2026-05-10 16:51:29,657 WARN [Boldly I Approach-lead-Bb#1]          TextBuilder.java:412  | Skipping TextLine with null bounds: TextLine{ "" conf:NaN}
2026-05-10 16:51:29,657 WARN [Boldly I Approach-lead-Bb#1]          TextBuilder.java:412  | Skipping TextLine with null bounds: TextLine{ "" conf:NaN}
2026-05-10 16:51:29,657 WARN [Boldly I Approach-lead-Bb#1]          TextBuilder.java:412  | Skipping TextLine with null bounds: TextLine{ "" conf:NaN}
2026-05-10 16:51:29,658 WARN [Boldly I Approach-lead-Bb#1]          TextBuilder.java:412  | Skipping TextLine with null bounds: TextLine{ "" conf:NaN}
2026-05-10 16:51:29,658 WARN [Boldly I Approach-lead-Bb#1]          TextBuilder.java:412  | Skipping TextLine with null bounds: TextLine{ "" conf:NaN}
2026-05-10 16:51:29,659 WARN [Boldly I Approach-lead-Bb#1]          TextBuilder.java:412  | Skipping TextLine with null bounds: TextLine{ "" conf:NaN}
2026-05-10 16:51:29,659 WARN [Boldly I Approach-lead-Bb#1]          TextBuilder.java:412  | Skipping TextLine with null bounds: TextLine{ "" conf:NaN}
2026-05-10 16:51:29,659 WARN [Boldly I Approach-lead-Bb#1]          TextBuilder.java:412  | Skipping TextLine with null bounds: TextLine{ "" conf:NaN}
2026-05-10 16:51:29,659 WARN [Boldly I Approach-lead-Bb#1]          TextBuilder.java:412  | Skipping TextLine with null bounds: TextLine{ "" conf:NaN}
2026-05-10 16:51:29,660 WARN [Boldly I Approach-lead-Bb#1]          TextBuilder.java:412  | Skipping TextLine with null bounds: TextLine{ "" conf:NaN}
2026-05-10 16:51:29,660 WARN [Boldly I Approach-lead-Bb#1]          TextBuilder.java:412  | Skipping TextLine with null bounds: TextLine{ "" conf:NaN}
2026-05-10 16:51:29,661 WARN [Boldly I Approach-lead-Bb#1]          TextBuilder.java:412  | Skipping TextLine with null bounds: TextLine{ "" conf:NaN}
2026-05-10 16:51:29,661 WARN [Boldly I Approach-lead-Bb#1]          TextBuilder.java:412  | Skipping TextLine with null bounds: TextLine{ "" conf:NaN}
2026-05-10 16:51:29,661 WARN [Boldly I Approach-lead-Bb#1]          TextBuilder.java:412  | Skipping TextLine with null bounds: TextLine{ "" conf:NaN}
2026-05-10 16:51:29,661 WARN [Boldly I Approach-lead-Bb#1]          TextBuilder.java:412  | Skipping TextLine with null bounds: TextLine{ "" conf:NaN}
2026-05-10 16:51:29,662 WARN [Boldly I Approach-lead-Bb#1]          TextBuilder.java:412  | Skipping TextLine with null bounds: TextLine{ "" conf:NaN}
2026-05-10 16:51:29,662 WARN [Boldly I Approach-lead-Bb#1]          TextBuilder.java:412  | Skipping TextLine with null bounds: TextLine{ "" conf:NaN}
2026-05-10 16:51:29,663 WARN [Boldly I Approach-lead-Bb#1]          TextBuilder.java:412  | Skipping TextLine with null bounds: TextLine{ "" conf:NaN}
2026-05-10 16:51:29,663 WARN [Boldly I Approach-lead-Bb#1]          TextBuilder.java:412  | Skipping TextLine with null bounds: TextLine{ "" conf:NaN}
2026-05-10 16:51:29,663 WARN [Boldly I Approach-lead-Bb#1]          TextBuilder.java:412  | Skipping TextLine with null bounds: TextLine{ "" conf:NaN}
2026-05-10 16:51:29,663 WARN [Boldly I Approach-lead-Bb#1]          TextBuilder.java:412  | Skipping TextLine with null bounds: TextLine{ "" conf:NaN}
2026-05-10 16:51:29,664 WARN [Boldly I Approach-lead-Bb#1]          TextBuilder.java:412  | Skipping TextLine with null bounds: TextLine{ "" conf:NaN}
2026-05-10 16:51:29,664 WARN [Boldly I Approach-lead-Bb#1]          TextBuilder.java:412  | Skipping TextLine with null bounds: TextLine{ "" conf:NaN}
2026-05-10 16:51:29,664 WARN [Boldly I Approach-lead-Bb#1]          TextBuilder.java:412  | Skipping TextLine with null bounds: TextLine{ "" conf:NaN}
2026-05-10 16:51:29,664 WARN [Boldly I Approach-lead-Bb#1]          TextBuilder.java:412  | Skipping TextLine with null bounds: TextLine{ "" conf:NaN}
2026-05-10 16:51:29,665 WARN [Boldly I Approach-lead-Bb#1]          TextBuilder.java:412  | Skipping TextLine with null bounds: TextLine{ "" conf:NaN}
2026-05-10 16:51:29,665 WARN [Boldly I Approach-lead-Bb#1]          TextBuilder.java:412  | Skipping TextLine with null bounds: TextLine{ "" conf:NaN}
2026-05-10 16:51:29,665 WARN [Boldly I Approach-lead-Bb#1]          TextBuilder.java:412  | Skipping TextLine with null bounds: TextLine{ "" conf:NaN}
2026-05-10 16:51:29,665 WARN [Boldly I Approach-lead-Bb#1]          TextBuilder.java:412  | Skipping TextLine with null bounds: TextLine{ "" conf:NaN}
2026-05-10 16:51:29,666 WARN [Boldly I Approach-lead-Bb#1]          TextBuilder.java:412  | Skipping TextLine with null bounds: TextLine{ "" conf:NaN}
2026-05-10 16:51:29,666 WARN [Boldly I Approach-lead-Bb#1]          TextBuilder.java:412  | Skipping TextLine with null bounds: TextLine{ "" conf:NaN}
2026-05-10 16:51:29,666 WARN [Boldly I Approach-lead-Bb#1]          TextBuilder.java:412  | Skipping TextLine with null bounds: TextLine{ "" conf:NaN}
2026-05-10 16:51:29,667 WARN [Boldly I Approach-lead-Bb#1]          TextBuilder.java:412  | Skipping TextLine with null bounds: TextLine{ "" conf:NaN}
2026-05-10 16:51:29,667 WARN [Boldly I Approach-lead-Bb#1]          TextBuilder.java:412  | Skipping TextLine with null bounds: TextLine{ "" conf:NaN}
2026-05-10 16:51:29,668 WARN [Boldly I Approach-lead-Bb#1]          TextBuilder.java:412  | Skipping TextLine with null bounds: TextLine{ "" conf:NaN}
2026-05-10 16:51:29,668 WARN [Boldly I Approach-lead-Bb#1]          TextBuilder.java:412  | Skipping TextLine with null bounds: TextLine{ "" conf:NaN}
2026-05-10 16:51:29,668 WARN [Boldly I Approach-lead-Bb#1]          TextBuilder.java:412  | Skipping TextLine with null bounds: TextLine{ "" conf:NaN}
2026-05-10 16:51:29,668 WARN [Boldly I Approach-lead-Bb#1]          TextBuilder.java:412  | Skipping TextLine with null bounds: TextLine{ "" conf:NaN}
2026-05-10 16:51:29,669 WARN [Boldly I Approach-lead-Bb#1]          TextBuilder.java:412  | Skipping TextLine with null bounds: TextLine{ "" conf:NaN}
2026-05-10 16:51:29,669 WARN [Boldly I Approach-lead-Bb#1]          TextBuilder.java:412  | Skipping TextLine with null bounds: TextLine{ "" conf:NaN}
2026-05-10 16:51:29,669 WARN [Boldly I Approach-lead-Bb#1]          TextBuilder.java:412  | Skipping TextLine with null bounds: TextLine{ "" conf:NaN}
2026-05-10 16:51:29,669 WARN [Boldly I Approach-lead-Bb#1]          TextBuilder.java:412  | Skipping TextLine with null bounds: TextLine{ "" conf:NaN}
2026-05-10 16:51:29,670 WARN [Boldly I Approach-lead-Bb#1]          TextBuilder.java:412  | Skipping TextLine with null bounds: TextLine{ "" conf:NaN}
2026-05-10 16:51:29,670 WARN [Boldly I Approach-lead-Bb#1]          TextBuilder.java:412  | Skipping TextLine with null bounds: TextLine{ "" conf:NaN}
2026-05-10 16:51:29,670 WARN [Boldly I Approach-lead-Bb#1]          TextBuilder.java:412  | Skipping TextLine with null bounds: TextLine{ "" conf:NaN}
2026-05-10 16:51:29,670 WARN [Boldly I Approach-lead-Bb#1]          TextBuilder.java:412  | Skipping TextLine with null bounds: TextLine{ "" conf:NaN}
2026-05-10 16:51:29,671 WARN [Boldly I Approach-lead-Bb#1]          TextBuilder.java:412  | Skipping TextLine with null bounds: TextLine{ "" conf:NaN}
2026-05-10 16:51:29,671 WARN [Boldly I Approach-lead-Bb#1]          TextBuilder.java:412  | Skipping TextLine with null bounds: TextLine{ "" conf:NaN}
2026-05-10 16:51:29,671 WARN [Boldly I Approach-lead-Bb#1]          TextBuilder.java:412  | Skipping TextLine with null bounds: TextLine{ "" conf:NaN}
2026-05-10 16:51:29,672 WARN [Boldly I Approach-lead-Bb#1]          TextBuilder.java:412  | Skipping TextLine with null bounds: TextLine{ "" conf:NaN}
2026-05-10 16:51:29,672 WARN [Boldly I Approach-lead-Bb#1]          TextBuilder.java:412  | Skipping TextLine with null bounds: TextLine{ "" conf:NaN}
2026-05-10 16:51:29,672 WARN [Boldly I Approach-lead-Bb#1]          TextBuilder.java:412  | Skipping TextLine with null bounds: TextLine{ "" conf:NaN}
2026-05-10 16:51:29,673 WARN [Boldly I Approach-lead-Bb#1]          TextBuilder.java:412  | Skipping TextLine with null bounds: TextLine{ "" conf:NaN}
2026-05-10 16:51:29,673 WARN [Boldly I Approach-lead-Bb#1]          TextBuilder.java:412  | Skipping TextLine with null bounds: TextLine{ "" conf:NaN}
2026-05-10 16:51:29,673 WARN [Boldly I Approach-lead-Bb#1]          TextBuilder.java:412  | Skipping TextLine with null bounds: TextLine{ "" conf:NaN}
2026-05-10 16:51:29,673 WARN [Boldly I Approach-lead-Bb#1]          TextBuilder.java:412  | Skipping TextLine with null bounds: TextLine{ "" conf:NaN}
2026-05-10 16:51:29,673 WARN [Boldly I Approach-lead-Bb#1]          TextBuilder.java:412  | Skipping TextLine with null bounds: TextLine{ "" conf:NaN}
2026-05-10 16:51:29,673 WARN [Boldly I Approach-lead-Bb#1]          TextBuilder.java:412  | Skipping TextLine with null bounds: TextLine{ "" conf:NaN}
2026-05-10 16:51:29,674 WARN [Boldly I Approach-lead-Bb#1]          TextBuilder.java:412  | Skipping TextLine with null bounds: TextLine{ "" conf:NaN}
2026-05-10 16:51:29,674 WARN [Boldly I Approach-lead-Bb#1]          TextBuilder.java:412  | Skipping TextLine with null bounds: TextLine{ "" conf:NaN}
2026-05-10 16:51:29,674 WARN [Boldly I Approach-lead-Bb#1]          TextBuilder.java:412  | Skipping TextLine with null bounds: TextLine{ "" conf:NaN}
2026-05-10 16:51:29,674 WARN [Boldly I Approach-lead-Bb#1]          TextBuilder.java:412  | Skipping TextLine with null bounds: TextLine{ "" conf:NaN}
2026-05-10 16:51:29,675 WARN [Boldly I Approach-lead-Bb#1]          TextBuilder.java:412  | Skipping TextLine with null bounds: TextLine{ "" conf:NaN}
2026-05-10 16:51:29,675 WARN [Boldly I Approach-lead-Bb#1]          TextBuilder.java:412  | Skipping TextLine with null bounds: TextLine{ "" conf:NaN}
2026-05-10 16:51:29,675 WARN [Boldly I Approach-lead-Bb#1]          TextBuilder.java:412  | Skipping TextLine with null bounds: TextLine{ "" conf:NaN}
2026-05-10 16:51:29,676 WARN [Boldly I Approach-lead-Bb#1]          TextBuilder.java:412  | Skipping TextLine with null bounds: TextLine{ "" conf:NaN}
2026-05-10 16:51:29,676 WARN [Boldly I Approach-lead-Bb#1]          TextBuilder.java:412  | Skipping TextLine with null bounds: TextLine{ "" conf:NaN}
2026-05-10 16:51:29,676 WARN [Boldly I Approach-lead-Bb#1]          TextBuilder.java:412  | Skipping TextLine with null bounds: TextLine{ "" conf:NaN}
2026-05-10 16:51:29,676 WARN [Boldly I Approach-lead-Bb#1]          TextBuilder.java:412  | Skipping TextLine with null bounds: TextLine{ "" conf:NaN}
2026-05-10 16:51:29,676 WARN [Boldly I Approach-lead-Bb#1]          TextBuilder.java:412  | Skipping TextLine with null bounds: TextLine{ "" conf:NaN}
2026-05-10 16:51:29,676 WARN [Boldly I Approach-lead-Bb#1]          TextBuilder.java:412  | Skipping TextLine with null bounds: TextLine{ "" conf:NaN}
2026-05-10 16:51:29,676 WARN [Boldly I Approach-lead-Bb#1]          TextBuilder.java:412  | Skipping TextLine with null bounds: TextLine{ "" conf:NaN}
2026-05-10 16:51:29,678 WARN [Boldly I Approach-lead-Bb#1]          TextBuilder.java:412  | Skipping TextLine with null bounds: TextLine{ "" conf:NaN}
2026-05-10 16:51:29,678 WARN [Boldly I Approach-lead-Bb#1]          TextBuilder.java:412  | Skipping TextLine with null bounds: TextLine{ "" conf:NaN}
2026-05-10 16:51:29,678 WARN [Boldly I Approach-lead-Bb#1]          TextBuilder.java:412  | Skipping TextLine with null bounds: TextLine{ "" conf:NaN}
2026-05-10 16:51:29,679 WARN [Boldly I Approach-lead-Bb#1]          TextBuilder.java:412  | Skipping TextLine with null bounds: TextLine{ "" conf:NaN}
2026-05-10 16:51:29,679 WARN [Boldly I Approach-lead-Bb#1]          TextBuilder.java:412  | Skipping TextLine with null bounds: TextLine{ "" conf:NaN}
2026-05-10 16:51:29,679 WARN [Boldly I Approach-lead-Bb#1]          TextBuilder.java:412  | Skipping TextLine with null bounds: TextLine{ "" conf:NaN}
2026-05-10 16:51:29,680 WARN [Boldly I Approach-lead-Bb#1]          TextBuilder.java:412  | Skipping TextLine with null bounds: TextLine{ "" conf:NaN}
2026-05-10 16:51:29,680 WARN [Boldly I Approach-lead-Bb#1]          TextBuilder.java:412  | Skipping TextLine with null bounds: TextLine{ "" conf:NaN}
2026-05-10 16:51:29,681 WARN [Boldly I Approach-lead-Bb#1]          TextBuilder.java:412  | Skipping TextLine with null bounds: TextLine{ "" conf:NaN}
2026-05-10 16:51:29,681 WARN [Boldly I Approach-lead-Bb#1]          TextBuilder.java:412  | Skipping TextLine with null bounds: TextLine{ "" conf:NaN}
2026-05-10 16:51:29,681 WARN [Boldly I Approach-lead-Bb#1]          TextBuilder.java:412  | Skipping TextLine with null bounds: TextLine{ "" conf:NaN}
2026-05-10 16:51:29,681 WARN [Boldly I Approach-lead-Bb#1]          TextBuilder.java:412  | Skipping TextLine with null bounds: TextLine{ "" conf:NaN}
2026-05-10 16:51:29,682 WARN [Boldly I Approach-lead-Bb#1]          TextBuilder.java:412  | Skipping TextLine with null bounds: TextLine{ "" conf:NaN}
2026-05-10 16:51:29,682 WARN [Boldly I Approach-lead-Bb#1]          TextBuilder.java:412  | Skipping TextLine with null bounds: TextLine{ "" conf:NaN}
2026-05-10 16:51:29,682 WARN [Boldly I Approach-lead-Bb#1]          TextBuilder.java:412  | Skipping TextLine with null bounds: TextLine{ "" conf:NaN}
2026-05-10 16:51:29,682 WARN [Boldly I Approach-lead-Bb#1]          TextBuilder.java:412  | Skipping TextLine with null bounds: TextLine{ "" conf:NaN}
2026-05-10 16:51:29,683 WARN [Boldly I Approach-lead-Bb#1]          TextBuilder.java:412  | Skipping TextLine with null bounds: TextLine{ "" conf:NaN}
2026-05-10 16:51:29,683 WARN [Boldly I Approach-lead-Bb#1]          TextBuilder.java:412  | Skipping TextLine with null bounds: TextLine{ "" conf:NaN}
2026-05-10 16:51:29,683 WARN [Boldly I Approach-lead-Bb#1]          TextBuilder.java:412  | Skipping TextLine with null bounds: TextLine{ "" conf:NaN}
2026-05-10 16:51:29,683 WARN [Boldly I Approach-lead-Bb#1]          TextBuilder.java:412  | Skipping TextLine with null bounds: TextLine{ "" conf:NaN}
2026-05-10 16:51:29,683 WARN [Boldly I Approach-lead-Bb#1]          TextBuilder.java:412  | Skipping TextLine with null bounds: TextLine{ "" conf:NaN}
2026-05-10 16:51:36,273 INFO [Boldly I Approach-lead-Bb#1]           PageRhythm.java:176  | {Page#1.1} Starting PageRhythm time signature check
2026-05-10 16:51:36,274 INFO [Boldly I Approach-lead-Bb#1]           PageRhythm.java:178  | {Page#1.1} Initial range state: Range{SN1- tSig:4/4} → ts: TimePairInter#144{ FROZEN(0.952/0.952) staff:1 4/4}
2026-05-10 16:51:36,277 INFO [Boldly I Approach-lead-Bb#1]           PageRhythm.java:184  | {Page#1.1} Checking range: Range{SN1- tSig:4/4}, ts: TimePairInter#144{ FROZEN(0.952/0.952) staff:1 4/4}
2026-05-10 16:51:36,277 INFO [Boldly I Approach-lead-Bb#1]           PageRhythm.java:277  | Last range: Range{SN1-23 tSig:4/4 dur:1}
2026-05-10 16:51:36,278 INFO [Boldly I Approach-lead-Bb#1]           PageRhythm.java:278  | lastRange.timeRational = 4/4
2026-05-10 16:51:36,278 INFO [Boldly I Approach-lead-Bb#1]           PageRhythm.java:279  | lastRange.ts = TimePairInter#144{ FROZEN(0.952/0.952) staff:1 4/4}
2026-05-10 16:51:36,279 DEBUG [Boldly I Approach-lead-Bb#1]           PageRhythm.java:121  | MeasureStack#1 frats: 0 []
2026-05-10 16:51:36,280 DEBUG [Boldly I Approach-lead-Bb#1]           PageRhythm.java:121  | MeasureStack#2 frats: 4 [7930, 7298, 7356, 7580]
2026-05-10 16:51:36,281 DEBUG [Boldly I Approach-lead-Bb#1]           PageRhythm.java:121  | MeasureStack#3 frats: 2 [7931, 7932]
2026-05-10 16:51:36,281 DEBUG [Boldly I Approach-lead-Bb#1]           PageRhythm.java:121  | MeasureStack#4 frats: 2 [8713, 7984]
2026-05-10 16:51:36,281 DEBUG [Boldly I Approach-lead-Bb#1]           PageRhythm.java:121  | MeasureStack#5 frats: 2 [8719, 8720]
2026-05-10 16:51:36,282 DEBUG [Boldly I Approach-lead-Bb#1]           PageRhythm.java:121  | MeasureStack#6 frats: 4 [8721, 8324, 8722, 8728]
2026-05-10 16:51:36,282 DEBUG [Boldly I Approach-lead-Bb#1]           PageRhythm.java:121  | MeasureStack#7 frats: 4 [9642, 9655, 8917, 9643]
2026-05-10 16:51:36,283 DEBUG [Boldly I Approach-lead-Bb#1]           PageRhythm.java:121  | MeasureStack#8 frats: 4 [9644, 9006, 9650, 9656]
2026-05-10 16:51:36,283 DEBUG [Boldly I Approach-lead-Bb#1]           PageRhythm.java:121  | MeasureStack#9 frats: 3 [9368, 9651, 9379]
2026-05-10 16:51:36,284 DEBUG [Boldly I Approach-lead-Bb#1]           PageRhythm.java:121  | MeasureStack#10 frats: 6 [9652, 9657, 9658, 9475, 9659, 9641]
2026-05-10 16:51:36,284 DEBUG [Boldly I Approach-lead-Bb#1]           PageRhythm.java:121  | MeasureStack#11 frats: 3 [10362, 9868, 10357]
2026-05-10 16:51:36,284 DEBUG [Boldly I Approach-lead-Bb#1]           PageRhythm.java:121  | MeasureStack#12 frats: 2 [10358, 9994]
2026-05-10 16:51:36,286 DEBUG [Boldly I Approach-lead-Bb#1]           PageRhythm.java:121  | MeasureStack#13 frats: 1 [10360]
2026-05-10 16:51:36,286 DEBUG [Boldly I Approach-lead-Bb#1]           PageRhythm.java:121  | MeasureStack#14 frats: 1 [10361]
2026-05-10 16:51:36,286 DEBUG [Boldly I Approach-lead-Bb#1]           PageRhythm.java:121  | MeasureStack#15 frats: 1 [10567]
2026-05-10 16:51:36,286 DEBUG [Boldly I Approach-lead-Bb#1]           PageRhythm.java:121  | MeasureStack#16 frats: 0 []
2026-05-10 16:51:36,286 DEBUG [Boldly I Approach-lead-Bb#1]           PageRhythm.java:121  | MeasureStack#17 frats: 1 [10569]
2026-05-10 16:51:36,287 DEBUG [Boldly I Approach-lead-Bb#1]           PageRhythm.java:121  | MeasureStack#18 frats: 0 []
2026-05-10 16:51:36,287 DEBUG [Boldly I Approach-lead-Bb#1]           PageRhythm.java:121  | MeasureStack#19 frats: 1 [10570]
2026-05-10 16:51:36,287 DEBUG [Boldly I Approach-lead-Bb#1]           PageRhythm.java:121  | MeasureStack#20 frats: 1 [10875]
2026-05-10 16:51:36,287 DEBUG [Boldly I Approach-lead-Bb#1]           PageRhythm.java:121  | MeasureStack#21 frats: 2 [10877, 10725]
2026-05-10 16:51:36,289 DEBUG [Boldly I Approach-lead-Bb#1]           PageRhythm.java:121  | MeasureStack#22 frats: 1 [10879]
2026-05-10 16:51:36,289 DEBUG [Boldly I Approach-lead-Bb#1]           PageRhythm.java:121  | MeasureStack#23 frats: 1 [10880]
2026-05-10 16:51:36,289 DEBUG [Boldly I Approach-lead-Bb#1]           PageRhythm.java:325  | Starting Range{SN1-23 tSig:4/4 dur:1}
2026-05-10 16:51:36,290 DEBUG [Boldly I Approach-lead-Bb#1]           PageRhythm.java:329  | About to process StackRhythm for MeasureStack#1
2026-05-10 16:51:36,291 DEBUG [Boldly I Approach-lead-Bb#1]          StackRhythm.java:221  | Setting expectedDuration=1 for stack on page 1
2026-05-10 16:51:36,302 DEBUG [Boldly I Approach-lead-Bb#1]           PageRhythm.java:331  | Finished processing StackRhythm for MeasureStack#1
2026-05-10 16:51:36,303 DEBUG [Boldly I Approach-lead-Bb#1]           PageRhythm.java:329  | About to process StackRhythm for MeasureStack#2
2026-05-10 16:51:36,303 DEBUG [Boldly I Approach-lead-Bb#1]          StackRhythm.java:221  | Setting expectedDuration=1 for stack on page 2
2026-05-10 16:51:36,315 DEBUG [Boldly I Approach-lead-Bb#1]           PageRhythm.java:331  | Finished processing StackRhythm for MeasureStack#2
2026-05-10 16:51:36,315 DEBUG [Boldly I Approach-lead-Bb#1]           PageRhythm.java:329  | About to process StackRhythm for MeasureStack#3
2026-05-10 16:51:36,316 DEBUG [Boldly I Approach-lead-Bb#1]          StackRhythm.java:221  | Setting expectedDuration=1 for stack on page 3
2026-05-10 16:51:36,316 DEBUG [Boldly I Approach-lead-Bb#1]           PageRhythm.java:331  | Finished processing StackRhythm for MeasureStack#3
2026-05-10 16:51:36,319 DEBUG [Boldly I Approach-lead-Bb#1]           PageRhythm.java:329  | About to process StackRhythm for MeasureStack#4
2026-05-10 16:51:36,320 DEBUG [Boldly I Approach-lead-Bb#1]          StackRhythm.java:221  | Setting expectedDuration=1 for stack on page 4
2026-05-10 16:51:36,322 DEBUG [Boldly I Approach-lead-Bb#1]           PageRhythm.java:331  | Finished processing StackRhythm for MeasureStack#4
2026-05-10 16:51:36,323 DEBUG [Boldly I Approach-lead-Bb#1]           PageRhythm.java:329  | About to process StackRhythm for MeasureStack#5
2026-05-10 16:51:36,323 DEBUG [Boldly I Approach-lead-Bb#1]          StackRhythm.java:221  | Setting expectedDuration=1 for stack on page 5
2026-05-10 16:51:36,324 DEBUG [Boldly I Approach-lead-Bb#1]           PageRhythm.java:331  | Finished processing StackRhythm for MeasureStack#5
2026-05-10 16:51:36,325 DEBUG [Boldly I Approach-lead-Bb#1]           PageRhythm.java:329  | About to process StackRhythm for MeasureStack#6
2026-05-10 16:51:36,325 DEBUG [Boldly I Approach-lead-Bb#1]          StackRhythm.java:221  | Setting expectedDuration=1 for stack on page 6
2026-05-10 16:51:36,332 DEBUG [Boldly I Approach-lead-Bb#1]           PageRhythm.java:331  | Finished processing StackRhythm for MeasureStack#6
2026-05-10 16:51:36,332 DEBUG [Boldly I Approach-lead-Bb#1]           PageRhythm.java:329  | About to process StackRhythm for MeasureStack#7
2026-05-10 16:51:36,333 DEBUG [Boldly I Approach-lead-Bb#1]          StackRhythm.java:221  | Setting expectedDuration=1 for stack on page 7
2026-05-10 16:51:36,334 DEBUG [Boldly I Approach-lead-Bb#1]           PageRhythm.java:331  | Finished processing StackRhythm for MeasureStack#7
2026-05-10 16:51:36,334 DEBUG [Boldly I Approach-lead-Bb#1]           PageRhythm.java:329  | About to process StackRhythm for MeasureStack#8
2026-05-10 16:51:36,335 DEBUG [Boldly I Approach-lead-Bb#1]          StackRhythm.java:221  | Setting expectedDuration=1 for stack on page 8
2026-05-10 16:51:36,337 DEBUG [Boldly I Approach-lead-Bb#1]           PageRhythm.java:331  | Finished processing StackRhythm for MeasureStack#8
2026-05-10 16:51:36,337 DEBUG [Boldly I Approach-lead-Bb#1]           PageRhythm.java:329  | About to process StackRhythm for MeasureStack#9
2026-05-10 16:51:36,337 DEBUG [Boldly I Approach-lead-Bb#1]          StackRhythm.java:221  | Setting expectedDuration=1 for stack on page 9
2026-05-10 16:51:36,338 DEBUG [Boldly I Approach-lead-Bb#1]           PageRhythm.java:331  | Finished processing StackRhythm for MeasureStack#9
2026-05-10 16:51:36,339 DEBUG [Boldly I Approach-lead-Bb#1]           PageRhythm.java:329  | About to process StackRhythm for MeasureStack#10
2026-05-10 16:51:36,339 DEBUG [Boldly I Approach-lead-Bb#1]          StackRhythm.java:221  | Setting expectedDuration=1 for stack on page 10
2026-05-10 16:51:36,340 DEBUG [Boldly I Approach-lead-Bb#1]           PageRhythm.java:331  | Finished processing StackRhythm for MeasureStack#10
2026-05-10 16:51:36,340 DEBUG [Boldly I Approach-lead-Bb#1]           PageRhythm.java:329  | About to process StackRhythm for MeasureStack#11
2026-05-10 16:51:36,341 DEBUG [Boldly I Approach-lead-Bb#1]          StackRhythm.java:221  | Setting expectedDuration=1 for stack on page 11
2026-05-10 16:51:36,342 DEBUG [Boldly I Approach-lead-Bb#1]           PageRhythm.java:331  | Finished processing StackRhythm for MeasureStack#11
2026-05-10 16:51:36,342 DEBUG [Boldly I Approach-lead-Bb#1]           PageRhythm.java:329  | About to process StackRhythm for MeasureStack#12
2026-05-10 16:51:36,342 DEBUG [Boldly I Approach-lead-Bb#1]          StackRhythm.java:221  | Setting expectedDuration=1 for stack on page 12
2026-05-10 16:51:36,345 DEBUG [Boldly I Approach-lead-Bb#1]           PageRhythm.java:331  | Finished processing StackRhythm for MeasureStack#12
2026-05-10 16:51:36,346 DEBUG [Boldly I Approach-lead-Bb#1]           PageRhythm.java:329  | About to process StackRhythm for MeasureStack#13
2026-05-10 16:51:36,347 DEBUG [Boldly I Approach-lead-Bb#1]          StackRhythm.java:221  | Setting expectedDuration=1 for stack on page 13
2026-05-10 16:51:36,347 DEBUG [Boldly I Approach-lead-Bb#1]           PageRhythm.java:331  | Finished processing StackRhythm for MeasureStack#13
2026-05-10 16:51:36,349 DEBUG [Boldly I Approach-lead-Bb#1]           PageRhythm.java:329  | About to process StackRhythm for MeasureStack#14
2026-05-10 16:51:36,349 DEBUG [Boldly I Approach-lead-Bb#1]          StackRhythm.java:221  | Setting expectedDuration=1 for stack on page 14
2026-05-10 16:51:36,350 DEBUG [Boldly I Approach-lead-Bb#1]           PageRhythm.java:331  | Finished processing StackRhythm for MeasureStack#14
2026-05-10 16:51:36,350 DEBUG [Boldly I Approach-lead-Bb#1]           PageRhythm.java:329  | About to process StackRhythm for MeasureStack#15
2026-05-10 16:51:36,350 DEBUG [Boldly I Approach-lead-Bb#1]          StackRhythm.java:221  | Setting expectedDuration=1 for stack on page 15
2026-05-10 16:51:36,351 DEBUG [Boldly I Approach-lead-Bb#1]           PageRhythm.java:331  | Finished processing StackRhythm for MeasureStack#15
2026-05-10 16:51:36,351 DEBUG [Boldly I Approach-lead-Bb#1]           PageRhythm.java:329  | About to process StackRhythm for MeasureStack#16
2026-05-10 16:51:36,352 DEBUG [Boldly I Approach-lead-Bb#1]          StackRhythm.java:221  | Setting expectedDuration=1 for stack on page 16
2026-05-10 16:51:36,353 DEBUG [Boldly I Approach-lead-Bb#1]           PageRhythm.java:331  | Finished processing StackRhythm for MeasureStack#16
2026-05-10 16:51:36,353 DEBUG [Boldly I Approach-lead-Bb#1]           PageRhythm.java:329  | About to process StackRhythm for MeasureStack#17
2026-05-10 16:51:36,354 DEBUG [Boldly I Approach-lead-Bb#1]          StackRhythm.java:221  | Setting expectedDuration=1 for stack on page 17
2026-05-10 16:51:36,355 DEBUG [Boldly I Approach-lead-Bb#1]           PageRhythm.java:331  | Finished processing StackRhythm for MeasureStack#17
2026-05-10 16:51:36,355 DEBUG [Boldly I Approach-lead-Bb#1]           PageRhythm.java:329  | About to process StackRhythm for MeasureStack#18
2026-05-10 16:51:36,355 DEBUG [Boldly I Approach-lead-Bb#1]          StackRhythm.java:221  | Setting expectedDuration=1 for stack on page 18
2026-05-10 16:51:36,356 DEBUG [Boldly I Approach-lead-Bb#1]           PageRhythm.java:331  | Finished processing StackRhythm for MeasureStack#18
2026-05-10 16:51:36,357 DEBUG [Boldly I Approach-lead-Bb#1]           PageRhythm.java:329  | About to process StackRhythm for MeasureStack#19
2026-05-10 16:51:36,357 DEBUG [Boldly I Approach-lead-Bb#1]          StackRhythm.java:221  | Setting expectedDuration=1 for stack on page 19
2026-05-10 16:51:36,357 DEBUG [Boldly I Approach-lead-Bb#1]           PageRhythm.java:331  | Finished processing StackRhythm for MeasureStack#19
2026-05-10 16:51:36,359 DEBUG [Boldly I Approach-lead-Bb#1]           PageRhythm.java:329  | About to process StackRhythm for MeasureStack#20
2026-05-10 16:51:36,359 DEBUG [Boldly I Approach-lead-Bb#1]          StackRhythm.java:221  | Setting expectedDuration=1 for stack on page 20
2026-05-10 16:51:36,361 DEBUG [Boldly I Approach-lead-Bb#1]           PageRhythm.java:331  | Finished processing StackRhythm for MeasureStack#20
2026-05-10 16:51:36,362 DEBUG [Boldly I Approach-lead-Bb#1]           PageRhythm.java:329  | About to process StackRhythm for MeasureStack#21
2026-05-10 16:51:36,362 DEBUG [Boldly I Approach-lead-Bb#1]          StackRhythm.java:221  | Setting expectedDuration=1 for stack on page 21
2026-05-10 16:51:36,364 DEBUG [Boldly I Approach-lead-Bb#1]           PageRhythm.java:331  | Finished processing StackRhythm for MeasureStack#21
2026-05-10 16:51:36,366 DEBUG [Boldly I Approach-lead-Bb#1]           PageRhythm.java:329  | About to process StackRhythm for MeasureStack#22
2026-05-10 16:51:36,366 DEBUG [Boldly I Approach-lead-Bb#1]          StackRhythm.java:221  | Setting expectedDuration=1 for stack on page 22
2026-05-10 16:51:36,368 DEBUG [Boldly I Approach-lead-Bb#1]           PageRhythm.java:331  | Finished processing StackRhythm for MeasureStack#22
2026-05-10 16:51:36,368 DEBUG [Boldly I Approach-lead-Bb#1]           PageRhythm.java:329  | About to process StackRhythm for MeasureStack#23
2026-05-10 16:51:36,369 DEBUG [Boldly I Approach-lead-Bb#1]          StackRhythm.java:221  | Setting expectedDuration=1 for stack on page 23
2026-05-10 16:51:36,370 DEBUG [Boldly I Approach-lead-Bb#1]           PageRhythm.java:331  | Finished processing StackRhythm for MeasureStack#23
2026-05-10 16:51:44,291 WARN [Boldly I Approach-lead-Bb#2]          TextBuilder.java:412  | Skipping TextLine with null bounds: TextLine{ "" conf:NaN}
2026-05-10 16:51:44,292 WARN [Boldly I Approach-lead-Bb#2]          TextBuilder.java:412  | Skipping TextLine with null bounds: TextLine{ "" conf:NaN}
2026-05-10 16:51:44,293 WARN [Boldly I Approach-lead-Bb#2]          TextBuilder.java:412  | Skipping TextLine with null bounds: TextLine{ "" conf:NaN}
2026-05-10 16:51:44,293 WARN [Boldly I Approach-lead-Bb#2]          TextBuilder.java:412  | Skipping TextLine with null bounds: TextLine{ "" conf:NaN}
2026-05-10 16:51:44,294 WARN [Boldly I Approach-lead-Bb#2]          TextBuilder.java:412  | Skipping TextLine with null bounds: TextLine{ "" conf:NaN}
2026-05-10 16:51:44,295 WARN [Boldly I Approach-lead-Bb#2]          TextBuilder.java:412  | Skipping TextLine with null bounds: TextLine{ "" conf:NaN}
2026-05-10 16:51:44,295 WARN [Boldly I Approach-lead-Bb#2]          TextBuilder.java:412  | Skipping TextLine with null bounds: TextLine{ "" conf:NaN}
2026-05-10 16:51:44,295 WARN [Boldly I Approach-lead-Bb#2]          TextBuilder.java:412  | Skipping TextLine with null bounds: TextLine{ "" conf:NaN}
2026-05-10 16:51:44,296 WARN [Boldly I Approach-lead-Bb#2]          TextBuilder.java:412  | Skipping TextLine with null bounds: TextLine{ "" conf:NaN}
2026-05-10 16:51:44,296 WARN [Boldly I Approach-lead-Bb#2]          TextBuilder.java:412  | Skipping TextLine with null bounds: TextLine{ "" conf:NaN}
2026-05-10 16:51:44,296 WARN [Boldly I Approach-lead-Bb#2]          TextBuilder.java:412  | Skipping TextLine with null bounds: TextLine{ "" conf:NaN}
2026-05-10 16:51:44,296 WARN [Boldly I Approach-lead-Bb#2]          TextBuilder.java:412  | Skipping TextLine with null bounds: TextLine{ "" conf:NaN}
2026-05-10 16:51:44,297 WARN [Boldly I Approach-lead-Bb#2]          TextBuilder.java:412  | Skipping TextLine with null bounds: TextLine{ "" conf:NaN}
2026-05-10 16:51:44,297 WARN [Boldly I Approach-lead-Bb#2]          TextBuilder.java:412  | Skipping TextLine with null bounds: TextLine{ "" conf:NaN}
2026-05-10 16:51:44,297 WARN [Boldly I Approach-lead-Bb#2]          TextBuilder.java:412  | Skipping TextLine with null bounds: TextLine{ "" conf:NaN}
2026-05-10 16:51:44,297 WARN [Boldly I Approach-lead-Bb#2]          TextBuilder.java:412  | Skipping TextLine with null bounds: TextLine{ "" conf:NaN}
2026-05-10 16:51:44,297 WARN [Boldly I Approach-lead-Bb#2]          TextBuilder.java:412  | Skipping TextLine with null bounds: TextLine{ "" conf:NaN}
2026-05-10 16:51:44,299 WARN [Boldly I Approach-lead-Bb#2]          TextBuilder.java:412  | Skipping TextLine with null bounds: TextLine{ "" conf:NaN}
2026-05-10 16:51:44,299 WARN [Boldly I Approach-lead-Bb#2]          TextBuilder.java:412  | Skipping TextLine with null bounds: TextLine{ "" conf:NaN}
2026-05-10 16:51:44,299 WARN [Boldly I Approach-lead-Bb#2]          TextBuilder.java:412  | Skipping TextLine with null bounds: TextLine{ "" conf:NaN}
2026-05-10 16:51:44,300 WARN [Boldly I Approach-lead-Bb#2]          TextBuilder.java:412  | Skipping TextLine with null bounds: TextLine{ "" conf:NaN}
2026-05-10 16:51:44,300 WARN [Boldly I Approach-lead-Bb#2]          TextBuilder.java:412  | Skipping TextLine with null bounds: TextLine{ "" conf:NaN}
2026-05-10 16:51:44,300 WARN [Boldly I Approach-lead-Bb#2]          TextBuilder.java:412  | Skipping TextLine with null bounds: TextLine{ "" conf:NaN}
2026-05-10 16:51:44,300 WARN [Boldly I Approach-lead-Bb#2]          TextBuilder.java:412  | Skipping TextLine with null bounds: TextLine{ "" conf:NaN}
2026-05-10 16:51:44,301 WARN [Boldly I Approach-lead-Bb#2]          TextBuilder.java:412  | Skipping TextLine with null bounds: TextLine{ "" conf:NaN}
2026-05-10 16:51:44,301 WARN [Boldly I Approach-lead-Bb#2]          TextBuilder.java:412  | Skipping TextLine with null bounds: TextLine{ "" conf:NaN}
2026-05-10 16:51:44,302 WARN [Boldly I Approach-lead-Bb#2]          TextBuilder.java:412  | Skipping TextLine with null bounds: TextLine{ "" conf:NaN}
2026-05-10 16:51:44,303 WARN [Boldly I Approach-lead-Bb#2]          TextBuilder.java:412  | Skipping TextLine with null bounds: TextLine{ "" conf:NaN}
2026-05-10 16:51:44,303 WARN [Boldly I Approach-lead-Bb#2]          TextBuilder.java:412  | Skipping TextLine with null bounds: TextLine{ "" conf:NaN}
2026-05-10 16:51:44,303 WARN [Boldly I Approach-lead-Bb#2]          TextBuilder.java:412  | Skipping TextLine with null bounds: TextLine{ "" conf:NaN}
2026-05-10 16:51:44,304 WARN [Boldly I Approach-lead-Bb#2]          TextBuilder.java:412  | Skipping TextLine with null bounds: TextLine{ "" conf:NaN}
2026-05-10 16:51:44,304 WARN [Boldly I Approach-lead-Bb#2]          TextBuilder.java:412  | Skipping TextLine with null bounds: TextLine{ "" conf:NaN}
2026-05-10 16:51:44,304 WARN [Boldly I Approach-lead-Bb#2]          TextBuilder.java:412  | Skipping TextLine with null bounds: TextLine{ "" conf:NaN}
2026-05-10 16:51:44,305 WARN [Boldly I Approach-lead-Bb#2]          TextBuilder.java:412  | Skipping TextLine with null bounds: TextLine{ "" conf:NaN}
2026-05-10 16:51:44,305 WARN [Boldly I Approach-lead-Bb#2]          TextBuilder.java:412  | Skipping TextLine with null bounds: TextLine{ "" conf:NaN}
2026-05-10 16:51:44,305 WARN [Boldly I Approach-lead-Bb#2]          TextBuilder.java:412  | Skipping TextLine with null bounds: TextLine{ "" conf:NaN}
2026-05-10 16:51:44,305 WARN [Boldly I Approach-lead-Bb#2]          TextBuilder.java:412  | Skipping TextLine with null bounds: TextLine{ "" conf:NaN}
2026-05-10 16:51:44,306 WARN [Boldly I Approach-lead-Bb#2]          TextBuilder.java:412  | Skipping TextLine with null bounds: TextLine{ "" conf:NaN}
2026-05-10 16:51:44,306 WARN [Boldly I Approach-lead-Bb#2]          TextBuilder.java:412  | Skipping TextLine with null bounds: TextLine{ "" conf:NaN}
2026-05-10 16:51:44,307 WARN [Boldly I Approach-lead-Bb#2]          TextBuilder.java:412  | Skipping TextLine with null bounds: TextLine{ "" conf:NaN}
2026-05-10 16:51:44,307 WARN [Boldly I Approach-lead-Bb#2]          TextBuilder.java:412  | Skipping TextLine with null bounds: TextLine{ "" conf:NaN}
2026-05-10 16:51:44,307 WARN [Boldly I Approach-lead-Bb#2]          TextBuilder.java:412  | Skipping TextLine with null bounds: TextLine{ "" conf:NaN}
2026-05-10 16:51:44,308 WARN [Boldly I Approach-lead-Bb#2]          TextBuilder.java:412  | Skipping TextLine with null bounds: TextLine{ "" conf:NaN}
2026-05-10 16:51:44,308 WARN [Boldly I Approach-lead-Bb#2]          TextBuilder.java:412  | Skipping TextLine with null bounds: TextLine{ "" conf:NaN}
2026-05-10 16:51:44,309 WARN [Boldly I Approach-lead-Bb#2]          TextBuilder.java:412  | Skipping TextLine with null bounds: TextLine{ "" conf:NaN}
2026-05-10 16:51:44,309 WARN [Boldly I Approach-lead-Bb#2]          TextBuilder.java:412  | Skipping TextLine with null bounds: TextLine{ "" conf:NaN}
2026-05-10 16:51:44,309 WARN [Boldly I Approach-lead-Bb#2]          TextBuilder.java:412  | Skipping TextLine with null bounds: TextLine{ "" conf:NaN}
2026-05-10 16:51:44,310 WARN [Boldly I Approach-lead-Bb#2]          TextBuilder.java:412  | Skipping TextLine with null bounds: TextLine{ "" conf:NaN}
2026-05-10 16:51:44,310 WARN [Boldly I Approach-lead-Bb#2]          TextBuilder.java:412  | Skipping TextLine with null bounds: TextLine{ "" conf:NaN}
2026-05-10 16:51:44,310 WARN [Boldly I Approach-lead-Bb#2]          TextBuilder.java:412  | Skipping TextLine with null bounds: TextLine{ "" conf:NaN}
2026-05-10 16:51:44,310 WARN [Boldly I Approach-lead-Bb#2]          TextBuilder.java:412  | Skipping TextLine with null bounds: TextLine{ "" conf:NaN}
2026-05-10 16:51:44,310 WARN [Boldly I Approach-lead-Bb#2]          TextBuilder.java:412  | Skipping TextLine with null bounds: TextLine{ "" conf:NaN}
2026-05-10 16:51:44,312 WARN [Boldly I Approach-lead-Bb#2]          TextBuilder.java:412  | Skipping TextLine with null bounds: TextLine{ "" conf:NaN}
2026-05-10 16:51:44,312 WARN [Boldly I Approach-lead-Bb#2]          TextBuilder.java:412  | Skipping TextLine with null bounds: TextLine{ "" conf:NaN}
2026-05-10 16:51:44,312 WARN [Boldly I Approach-lead-Bb#2]          TextBuilder.java:412  | Skipping TextLine with null bounds: TextLine{ "" conf:NaN}
2026-05-10 16:51:44,313 WARN [Boldly I Approach-lead-Bb#2]          TextBuilder.java:412  | Skipping TextLine with null bounds: TextLine{ "" conf:NaN}
2026-05-10 16:51:44,313 WARN [Boldly I Approach-lead-Bb#2]          TextBuilder.java:412  | Skipping TextLine with null bounds: TextLine{ "" conf:NaN}
2026-05-10 16:51:44,314 WARN [Boldly I Approach-lead-Bb#2]          TextBuilder.java:412  | Skipping TextLine with null bounds: TextLine{ "" conf:NaN}
2026-05-10 16:51:44,314 WARN [Boldly I Approach-lead-Bb#2]          TextBuilder.java:412  | Skipping TextLine with null bounds: TextLine{ "" conf:NaN}
2026-05-10 16:51:44,314 WARN [Boldly I Approach-lead-Bb#2]          TextBuilder.java:412  | Skipping TextLine with null bounds: TextLine{ "" conf:NaN}
2026-05-10 16:51:44,315 WARN [Boldly I Approach-lead-Bb#2]          TextBuilder.java:412  | Skipping TextLine with null bounds: TextLine{ "" conf:NaN}
2026-05-10 16:51:44,315 WARN [Boldly I Approach-lead-Bb#2]          TextBuilder.java:412  | Skipping TextLine with null bounds: TextLine{ "" conf:NaN}
2026-05-10 16:51:44,315 WARN [Boldly I Approach-lead-Bb#2]          TextBuilder.java:412  | Skipping TextLine with null bounds: TextLine{ "" conf:NaN}
2026-05-10 16:51:44,315 WARN [Boldly I Approach-lead-Bb#2]          TextBuilder.java:412  | Skipping TextLine with null bounds: TextLine{ "" conf:NaN}
2026-05-10 16:51:44,316 WARN [Boldly I Approach-lead-Bb#2]          TextBuilder.java:412  | Skipping TextLine with null bounds: TextLine{ "" conf:NaN}
2026-05-10 16:51:44,316 WARN [Boldly I Approach-lead-Bb#2]          TextBuilder.java:412  | Skipping TextLine with null bounds: TextLine{ "" conf:NaN}
2026-05-10 16:51:44,316 WARN [Boldly I Approach-lead-Bb#2]          TextBuilder.java:412  | Skipping TextLine with null bounds: TextLine{ "" conf:NaN}
2026-05-10 16:51:44,318 WARN [Boldly I Approach-lead-Bb#2]          TextBuilder.java:412  | Skipping TextLine with null bounds: TextLine{ "" conf:NaN}
2026-05-10 16:51:44,318 WARN [Boldly I Approach-lead-Bb#2]          TextBuilder.java:412  | Skipping TextLine with null bounds: TextLine{ "" conf:NaN}
2026-05-10 16:51:44,318 WARN [Boldly I Approach-lead-Bb#2]          TextBuilder.java:412  | Skipping TextLine with null bounds: TextLine{ "" conf:NaN}
2026-05-10 16:51:44,318 WARN [Boldly I Approach-lead-Bb#2]          TextBuilder.java:412  | Skipping TextLine with null bounds: TextLine{ "" conf:NaN}
2026-05-10 16:51:44,319 WARN [Boldly I Approach-lead-Bb#2]          TextBuilder.java:412  | Skipping TextLine with null bounds: TextLine{ "" conf:NaN}
2026-05-10 16:51:44,319 WARN [Boldly I Approach-lead-Bb#2]          TextBuilder.java:412  | Skipping TextLine with null bounds: TextLine{ "" conf:NaN}
2026-05-10 16:51:44,319 WARN [Boldly I Approach-lead-Bb#2]          TextBuilder.java:412  | Skipping TextLine with null bounds: TextLine{ "" conf:NaN}
2026-05-10 16:51:44,319 WARN [Boldly I Approach-lead-Bb#2]          TextBuilder.java:412  | Skipping TextLine with null bounds: TextLine{ "" conf:NaN}
2026-05-10 16:51:44,319 WARN [Boldly I Approach-lead-Bb#2]          TextBuilder.java:412  | Skipping TextLine with null bounds: TextLine{ "" conf:NaN}
2026-05-10 16:51:44,320 WARN [Boldly I Approach-lead-Bb#2]          TextBuilder.java:412  | Skipping TextLine with null bounds: TextLine{ "" conf:NaN}
2026-05-10 16:51:44,321 WARN [Boldly I Approach-lead-Bb#2]          TextBuilder.java:412  | Skipping TextLine with null bounds: TextLine{ "" conf:NaN}
2026-05-10 16:51:44,321 WARN [Boldly I Approach-lead-Bb#2]          TextBuilder.java:412  | Skipping TextLine with null bounds: TextLine{ "" conf:NaN}
2026-05-10 16:51:44,322 WARN [Boldly I Approach-lead-Bb#2]          TextBuilder.java:412  | Skipping TextLine with null bounds: TextLine{ "" conf:NaN}
2026-05-10 16:51:44,322 WARN [Boldly I Approach-lead-Bb#2]          TextBuilder.java:412  | Skipping TextLine with null bounds: TextLine{ "" conf:NaN}
2026-05-10 16:51:44,322 WARN [Boldly I Approach-lead-Bb#2]          TextBuilder.java:412  | Skipping TextLine with null bounds: TextLine{ "" conf:NaN}
2026-05-10 16:51:44,322 WARN [Boldly I Approach-lead-Bb#2]          TextBuilder.java:412  | Skipping TextLine with null bounds: TextLine{ "" conf:NaN}
2026-05-10 16:51:44,323 WARN [Boldly I Approach-lead-Bb#2]          TextBuilder.java:412  | Skipping TextLine with null bounds: TextLine{ "" conf:NaN}
2026-05-10 16:51:44,323 WARN [Boldly I Approach-lead-Bb#2]          TextBuilder.java:412  | Skipping TextLine with null bounds: TextLine{ "" conf:NaN}
2026-05-10 16:51:44,323 WARN [Boldly I Approach-lead-Bb#2]          TextBuilder.java:412  | Skipping TextLine with null bounds: TextLine{ "" conf:NaN}
2026-05-10 16:51:44,324 WARN [Boldly I Approach-lead-Bb#2]          TextBuilder.java:412  | Skipping TextLine with null bounds: TextLine{ "" conf:NaN}
2026-05-10 16:51:44,324 WARN [Boldly I Approach-lead-Bb#2]          TextBuilder.java:412  | Skipping TextLine with null bounds: TextLine{ "" conf:NaN}
2026-05-10 16:51:44,325 WARN [Boldly I Approach-lead-Bb#2]          TextBuilder.java:412  | Skipping TextLine with null bounds: TextLine{ "" conf:NaN}
2026-05-10 16:51:44,325 WARN [Boldly I Approach-lead-Bb#2]          TextBuilder.java:412  | Skipping TextLine with null bounds: TextLine{ "" conf:NaN}
2026-05-10 16:51:44,326 WARN [Boldly I Approach-lead-Bb#2]          TextBuilder.java:412  | Skipping TextLine with null bounds: TextLine{ "" conf:NaN}
2026-05-10 16:51:44,326 WARN [Boldly I Approach-lead-Bb#2]          TextBuilder.java:412  | Skipping TextLine with null bounds: TextLine{ "" conf:NaN}
2026-05-10 16:51:44,326 WARN [Boldly I Approach-lead-Bb#2]          TextBuilder.java:412  | Skipping TextLine with null bounds: TextLine{ "" conf:NaN}
2026-05-10 16:51:44,327 WARN [Boldly I Approach-lead-Bb#2]          TextBuilder.java:412  | Skipping TextLine with null bounds: TextLine{ "" conf:NaN}
2026-05-10 16:51:44,327 WARN [Boldly I Approach-lead-Bb#2]          TextBuilder.java:412  | Skipping TextLine with null bounds: TextLine{ "" conf:NaN}
2026-05-10 16:51:44,327 WARN [Boldly I Approach-lead-Bb#2]          TextBuilder.java:412  | Skipping TextLine with null bounds: TextLine{ "" conf:NaN}
2026-05-10 16:51:44,327 WARN [Boldly I Approach-lead-Bb#2]          TextBuilder.java:412  | Skipping TextLine with null bounds: TextLine{ "" conf:NaN}
2026-05-10 16:51:44,329 WARN [Boldly I Approach-lead-Bb#2]          TextBuilder.java:412  | Skipping TextLine with null bounds: TextLine{ "" conf:NaN}
2026-05-10 16:51:44,329 WARN [Boldly I Approach-lead-Bb#2]          TextBuilder.java:412  | Skipping TextLine with null bounds: TextLine{ "" conf:NaN}
2026-05-10 16:51:44,329 WARN [Boldly I Approach-lead-Bb#2]          TextBuilder.java:412  | Skipping TextLine with null bounds: TextLine{ "" conf:NaN}
2026-05-10 16:51:44,330 WARN [Boldly I Approach-lead-Bb#2]          TextBuilder.java:412  | Skipping TextLine with null bounds: TextLine{ "" conf:NaN}
2026-05-10 16:51:44,331 WARN [Boldly I Approach-lead-Bb#2]          TextBuilder.java:412  | Skipping TextLine with null bounds: TextLine{ "" conf:NaN}
2026-05-10 16:51:44,331 WARN [Boldly I Approach-lead-Bb#2]          TextBuilder.java:412  | Skipping TextLine with null bounds: TextLine{ "" conf:NaN}
2026-05-10 16:51:44,331 WARN [Boldly I Approach-lead-Bb#2]          TextBuilder.java:412  | Skipping TextLine with null bounds: TextLine{ "" conf:NaN}
2026-05-10 16:51:47,031 INFO [Boldly I Approach-lead-Bb#2]           PageRhythm.java:176  | {Page#2.1} Starting PageRhythm time signature check
2026-05-10 16:51:47,031 INFO [Boldly I Approach-lead-Bb#2]           PageRhythm.java:178  | {Page#2.1} Initial range state: Range{SN1-} → ts: null
2026-05-10 16:51:47,032 INFO [Boldly I Approach-lead-Bb#2]           PageRhythm.java:184  | {Page#2.1} Checking range: Range{SN1-}, ts: null
2026-05-10 16:51:47,033 INFO [Boldly I Approach-lead-Bb#2]           PageRhythm.java:207  | {Page#2.1} Time value reused from sheet#1
2026-05-10 16:51:47,033 INFO [Boldly I Approach-lead-Bb#2]           PageRhythm.java:277  | Last range: Range{SN1-18 tRat:4/4 dur:1}
2026-05-10 16:51:47,033 INFO [Boldly I Approach-lead-Bb#2]           PageRhythm.java:278  | lastRange.timeRational = 4/4
2026-05-10 16:51:47,033 INFO [Boldly I Approach-lead-Bb#2]           PageRhythm.java:279  | lastRange.ts = null
2026-05-10 16:51:47,034 DEBUG [Boldly I Approach-lead-Bb#2]           PageRhythm.java:121  | MeasureStack#1 frats: 1 [4231]
2026-05-10 16:51:47,034 DEBUG [Boldly I Approach-lead-Bb#2]           PageRhythm.java:121  | MeasureStack#2 frats: 2 [4232, 4241]
2026-05-10 16:51:47,035 DEBUG [Boldly I Approach-lead-Bb#2]           PageRhythm.java:121  | MeasureStack#3 frats: 1 [4233]
2026-05-10 16:51:47,036 DEBUG [Boldly I Approach-lead-Bb#2]           PageRhythm.java:121  | MeasureStack#4 frats: 0 []
2026-05-10 16:51:47,036 DEBUG [Boldly I Approach-lead-Bb#2]           PageRhythm.java:121  | MeasureStack#5 frats: 1 [4238]
2026-05-10 16:51:47,036 DEBUG [Boldly I Approach-lead-Bb#2]           PageRhythm.java:121  | MeasureStack#6 frats: 1 [4572]
2026-05-10 16:51:47,037 DEBUG [Boldly I Approach-lead-Bb#2]           PageRhythm.java:121  | MeasureStack#7 frats: 2 [4573, 4574]
2026-05-10 16:51:47,037 DEBUG [Boldly I Approach-lead-Bb#2]           PageRhythm.java:121  | MeasureStack#8 frats: 3 [4569, 4575, 4570]
2026-05-10 16:51:47,037 DEBUG [Boldly I Approach-lead-Bb#2]           PageRhythm.java:121  | MeasureStack#9 frats: 0 []
2026-05-10 16:51:47,037 DEBUG [Boldly I Approach-lead-Bb#2]           PageRhythm.java:121  | MeasureStack#10 frats: 3 [4465, 4576, 4571]
2026-05-10 16:51:47,037 DEBUG [Boldly I Approach-lead-Bb#2]           PageRhythm.java:121  | MeasureStack#11 frats: 1 [4906]
2026-05-10 16:51:47,038 DEBUG [Boldly I Approach-lead-Bb#2]           PageRhythm.java:121  | MeasureStack#12 frats: 3 [4657, 4914, 4907]
2026-05-10 16:51:47,039 DEBUG [Boldly I Approach-lead-Bb#2]           PageRhythm.java:121  | MeasureStack#13 frats: 3 [4915, 4908, 4909]
2026-05-10 16:51:47,039 DEBUG [Boldly I Approach-lead-Bb#2]           PageRhythm.java:121  | MeasureStack#14 frats: 3 [4916, 4912, 4905]
2026-05-10 16:51:47,039 DEBUG [Boldly I Approach-lead-Bb#2]           PageRhythm.java:121  | MeasureStack#15 frats: 1 [5233]
2026-05-10 16:51:47,039 DEBUG [Boldly I Approach-lead-Bb#2]           PageRhythm.java:121  | MeasureStack#16 frats: 2 [5045, 5234]
2026-05-10 16:51:47,039 DEBUG [Boldly I Approach-lead-Bb#2]           PageRhythm.java:121  | MeasureStack#17 frats: 1 [5236]
2026-05-10 16:51:47,039 DEBUG [Boldly I Approach-lead-Bb#2]           PageRhythm.java:121  | MeasureStack#18 frats: 1 [5237]
2026-05-10 16:51:47,040 DEBUG [Boldly I Approach-lead-Bb#2]           PageRhythm.java:325  | Starting Range{SN1-18 tRat:4/4 dur:1}
2026-05-10 16:51:47,040 DEBUG [Boldly I Approach-lead-Bb#2]           PageRhythm.java:329  | About to process StackRhythm for MeasureStack#1
2026-05-10 16:51:47,040 DEBUG [Boldly I Approach-lead-Bb#2]          StackRhythm.java:221  | Setting expectedDuration=1 for stack on page 1
2026-05-10 16:51:47,042 DEBUG [Boldly I Approach-lead-Bb#2]           PageRhythm.java:331  | Finished processing StackRhythm for MeasureStack#1
2026-05-10 16:51:47,042 DEBUG [Boldly I Approach-lead-Bb#2]           PageRhythm.java:329  | About to process StackRhythm for MeasureStack#2
2026-05-10 16:51:47,042 DEBUG [Boldly I Approach-lead-Bb#2]          StackRhythm.java:221  | Setting expectedDuration=1 for stack on page 2
2026-05-10 16:51:47,045 DEBUG [Boldly I Approach-lead-Bb#2]           PageRhythm.java:331  | Finished processing StackRhythm for MeasureStack#2
2026-05-10 16:51:47,045 DEBUG [Boldly I Approach-lead-Bb#2]           PageRhythm.java:329  | About to process StackRhythm for MeasureStack#3
2026-05-10 16:51:47,046 DEBUG [Boldly I Approach-lead-Bb#2]          StackRhythm.java:221  | Setting expectedDuration=1 for stack on page 3
2026-05-10 16:51:47,047 DEBUG [Boldly I Approach-lead-Bb#2]           PageRhythm.java:331  | Finished processing StackRhythm for MeasureStack#3
2026-05-10 16:51:47,047 DEBUG [Boldly I Approach-lead-Bb#2]           PageRhythm.java:329  | About to process StackRhythm for MeasureStack#4
2026-05-10 16:51:47,047 DEBUG [Boldly I Approach-lead-Bb#2]          StackRhythm.java:221  | Setting expectedDuration=1 for stack on page 4
2026-05-10 16:51:47,049 DEBUG [Boldly I Approach-lead-Bb#2]           PageRhythm.java:331  | Finished processing StackRhythm for MeasureStack#4
2026-05-10 16:51:47,049 DEBUG [Boldly I Approach-lead-Bb#2]           PageRhythm.java:329  | About to process StackRhythm for MeasureStack#5
2026-05-10 16:51:47,050 DEBUG [Boldly I Approach-lead-Bb#2]          StackRhythm.java:221  | Setting expectedDuration=1 for stack on page 5
2026-05-10 16:51:47,050 DEBUG [Boldly I Approach-lead-Bb#2]           PageRhythm.java:331  | Finished processing StackRhythm for MeasureStack#5
2026-05-10 16:51:47,051 DEBUG [Boldly I Approach-lead-Bb#2]           PageRhythm.java:329  | About to process StackRhythm for MeasureStack#6
2026-05-10 16:51:47,051 DEBUG [Boldly I Approach-lead-Bb#2]          StackRhythm.java:221  | Setting expectedDuration=1 for stack on page 6
2026-05-10 16:51:47,052 DEBUG [Boldly I Approach-lead-Bb#2]           PageRhythm.java:331  | Finished processing StackRhythm for MeasureStack#6
2026-05-10 16:51:47,052 DEBUG [Boldly I Approach-lead-Bb#2]           PageRhythm.java:329  | About to process StackRhythm for MeasureStack#7
2026-05-10 16:51:47,052 DEBUG [Boldly I Approach-lead-Bb#2]          StackRhythm.java:221  | Setting expectedDuration=1 for stack on page 7
2026-05-10 16:51:47,053 DEBUG [Boldly I Approach-lead-Bb#2]           PageRhythm.java:331  | Finished processing StackRhythm for MeasureStack#7
2026-05-10 16:51:47,053 DEBUG [Boldly I Approach-lead-Bb#2]           PageRhythm.java:329  | About to process StackRhythm for MeasureStack#8
2026-05-10 16:51:47,053 DEBUG [Boldly I Approach-lead-Bb#2]          StackRhythm.java:221  | Setting expectedDuration=1 for stack on page 8
2026-05-10 16:51:47,055 DEBUG [Boldly I Approach-lead-Bb#2]           PageRhythm.java:331  | Finished processing StackRhythm for MeasureStack#8
2026-05-10 16:51:47,055 DEBUG [Boldly I Approach-lead-Bb#2]           PageRhythm.java:329  | About to process StackRhythm for MeasureStack#9
2026-05-10 16:51:47,055 DEBUG [Boldly I Approach-lead-Bb#2]          StackRhythm.java:221  | Setting expectedDuration=1 for stack on page 9
2026-05-10 16:51:47,056 DEBUG [Boldly I Approach-lead-Bb#2]           PageRhythm.java:331  | Finished processing StackRhythm for MeasureStack#9
2026-05-10 16:51:47,056 DEBUG [Boldly I Approach-lead-Bb#2]           PageRhythm.java:329  | About to process StackRhythm for MeasureStack#10
2026-05-10 16:51:47,057 DEBUG [Boldly I Approach-lead-Bb#2]          StackRhythm.java:221  | Setting expectedDuration=1 for stack on page 10
2026-05-10 16:51:47,057 DEBUG [Boldly I Approach-lead-Bb#2]           PageRhythm.java:331  | Finished processing StackRhythm for MeasureStack#10
2026-05-10 16:51:47,059 DEBUG [Boldly I Approach-lead-Bb#2]           PageRhythm.java:329  | About to process StackRhythm for MeasureStack#11
2026-05-10 16:51:47,059 DEBUG [Boldly I Approach-lead-Bb#2]          StackRhythm.java:221  | Setting expectedDuration=1 for stack on page 11
2026-05-10 16:51:47,062 DEBUG [Boldly I Approach-lead-Bb#2]           PageRhythm.java:331  | Finished processing StackRhythm for MeasureStack#11
2026-05-10 16:51:47,062 DEBUG [Boldly I Approach-lead-Bb#2]           PageRhythm.java:329  | About to process StackRhythm for MeasureStack#12
2026-05-10 16:51:47,063 DEBUG [Boldly I Approach-lead-Bb#2]          StackRhythm.java:221  | Setting expectedDuration=1 for stack on page 12
2026-05-10 16:51:47,064 DEBUG [Boldly I Approach-lead-Bb#2]           PageRhythm.java:331  | Finished processing StackRhythm for MeasureStack#12
2026-05-10 16:51:47,064 DEBUG [Boldly I Approach-lead-Bb#2]           PageRhythm.java:329  | About to process StackRhythm for MeasureStack#13
2026-05-10 16:51:47,064 DEBUG [Boldly I Approach-lead-Bb#2]          StackRhythm.java:221  | Setting expectedDuration=1 for stack on page 13
2026-05-10 16:51:47,066 DEBUG [Boldly I Approach-lead-Bb#2]           PageRhythm.java:331  | Finished processing StackRhythm for MeasureStack#13
2026-05-10 16:51:47,066 DEBUG [Boldly I Approach-lead-Bb#2]           PageRhythm.java:329  | About to process StackRhythm for MeasureStack#14
2026-05-10 16:51:47,066 DEBUG [Boldly I Approach-lead-Bb#2]          StackRhythm.java:221  | Setting expectedDuration=1 for stack on page 14
2026-05-10 16:51:47,067 DEBUG [Boldly I Approach-lead-Bb#2]           PageRhythm.java:331  | Finished processing StackRhythm for MeasureStack#14
2026-05-10 16:51:47,067 DEBUG [Boldly I Approach-lead-Bb#2]           PageRhythm.java:329  | About to process StackRhythm for MeasureStack#15
2026-05-10 16:51:47,069 DEBUG [Boldly I Approach-lead-Bb#2]          StackRhythm.java:221  | Setting expectedDuration=1 for stack on page 15
2026-05-10 16:51:47,069 INFO [Boldly I Approach-lead-Bb#2]          StackRhythm.java:226  | S4 MeasureStack#15 no correct rhythm
2026-05-10 16:51:47,070 DEBUG [Boldly I Approach-lead-Bb#2]           PageRhythm.java:331  | Finished processing StackRhythm for MeasureStack#15
2026-05-10 16:51:47,070 DEBUG [Boldly I Approach-lead-Bb#2]           PageRhythm.java:329  | About to process StackRhythm for MeasureStack#16
2026-05-10 16:51:47,070 DEBUG [Boldly I Approach-lead-Bb#2]          StackRhythm.java:221  | Setting expectedDuration=1 for stack on page 16
2026-05-10 16:51:47,071 DEBUG [Boldly I Approach-lead-Bb#2]           PageRhythm.java:331  | Finished processing StackRhythm for MeasureStack#16
2026-05-10 16:51:47,072 DEBUG [Boldly I Approach-lead-Bb#2]           PageRhythm.java:329  | About to process StackRhythm for MeasureStack#17
2026-05-10 16:51:47,072 DEBUG [Boldly I Approach-lead-Bb#2]          StackRhythm.java:221  | Setting expectedDuration=1 for stack on page 17
2026-05-10 16:51:47,072 DEBUG [Boldly I Approach-lead-Bb#2]           PageRhythm.java:331  | Finished processing StackRhythm for MeasureStack#17
2026-05-10 16:51:47,073 DEBUG [Boldly I Approach-lead-Bb#2]           PageRhythm.java:329  | About to process StackRhythm for MeasureStack#18
2026-05-10 16:51:47,073 DEBUG [Boldly I Approach-lead-Bb#2]          StackRhythm.java:221  | Setting expectedDuration=1 for stack on page 18
2026-05-10 16:51:47,074 DEBUG [Boldly I Approach-lead-Bb#2]           PageRhythm.java:331  | Finished processing StackRhythm for MeasureStack#18
