2026-05-10 17:27:32,943 WARN [Hallowed Be Your Name-lead-F (1)#1]          TextBuilder.java:412  | Skipping TextLine with null bounds: TextLine{ "" conf:NaN}
2026-05-10 17:27:32,945 WARN [Hallowed Be Your Name-lead-F (1)#1]          TextBuilder.java:412  | Skipping TextLine with null bounds: TextLine{ "" conf:NaN}
2026-05-10 17:27:32,945 WARN [Hallowed Be Your Name-lead-F (1)#1]          TextBuilder.java:412  | Skipping TextLine with null bounds: TextLine{ "" conf:NaN}
2026-05-10 17:27:32,945 WARN [Hallowed Be Your Name-lead-F (1)#1]          TextBuilder.java:412  | Skipping TextLine with null bounds: TextLine{ "" conf:NaN}
2026-05-10 17:27:32,949 WARN [Hallowed Be Your Name-lead-F (1)#1]          TextBuilder.java:412  | Skipping TextLine with null bounds: TextLine{ "" conf:NaN}
2026-05-10 17:27:32,949 WARN [Hallowed Be Your Name-lead-F (1)#1]          TextBuilder.java:412  | Skipping TextLine with null bounds: TextLine{ "" conf:NaN}
2026-05-10 17:27:32,950 WARN [Hallowed Be Your Name-lead-F (1)#1]          TextBuilder.java:412  | Skipping TextLine with null bounds: TextLine{ "" conf:NaN}
2026-05-10 17:27:32,950 WARN [Hallowed Be Your Name-lead-F (1)#1]          TextBuilder.java:412  | Skipping TextLine with null bounds: TextLine{ "" conf:NaN}
2026-05-10 17:27:32,950 WARN [Hallowed Be Your Name-lead-F (1)#1]          TextBuilder.java:412  | Skipping TextLine with null bounds: TextLine{ "" conf:NaN}
2026-05-10 17:27:32,951 WARN [Hallowed Be Your Name-lead-F (1)#1]          TextBuilder.java:412  | Skipping TextLine with null bounds: TextLine{ "" conf:NaN}
2026-05-10 17:27:32,951 WARN [Hallowed Be Your Name-lead-F (1)#1]          TextBuilder.java:412  | Skipping TextLine with null bounds: TextLine{ "" conf:NaN}
2026-05-10 17:27:32,952 WARN [Hallowed Be Your Name-lead-F (1)#1]          TextBuilder.java:412  | Skipping TextLine with null bounds: TextLine{ "" conf:NaN}
2026-05-10 17:27:32,952 WARN [Hallowed Be Your Name-lead-F (1)#1]          TextBuilder.java:412  | Skipping TextLine with null bounds: TextLine{ "" conf:NaN}
2026-05-10 17:27:32,952 WARN [Hallowed Be Your Name-lead-F (1)#1]          TextBuilder.java:412  | Skipping TextLine with null bounds: TextLine{ "" conf:NaN}
2026-05-10 17:27:32,952 WARN [Hallowed Be Your Name-lead-F (1)#1]          TextBuilder.java:412  | Skipping TextLine with null bounds: TextLine{ "" conf:NaN}
2026-05-10 17:27:32,953 WARN [Hallowed Be Your Name-lead-F (1)#1]          TextBuilder.java:412  | Skipping TextLine with null bounds: TextLine{ "" conf:NaN}
2026-05-10 17:27:32,954 WARN [Hallowed Be Your Name-lead-F (1)#1]          TextBuilder.java:412  | Skipping TextLine with null bounds: TextLine{ "" conf:NaN}
2026-05-10 17:27:32,954 WARN [Hallowed Be Your Name-lead-F (1)#1]          TextBuilder.java:412  | Skipping TextLine with null bounds: TextLine{ "" conf:NaN}
2026-05-10 17:27:32,954 WARN [Hallowed Be Your Name-lead-F (1)#1]          TextBuilder.java:412  | Skipping TextLine with null bounds: TextLine{ "" conf:NaN}
2026-05-10 17:27:32,955 WARN [Hallowed Be Your Name-lead-F (1)#1]          TextBuilder.java:412  | Skipping TextLine with null bounds: TextLine{ "" conf:NaN}
2026-05-10 17:27:32,955 WARN [Hallowed Be Your Name-lead-F (1)#1]          TextBuilder.java:412  | Skipping TextLine with null bounds: TextLine{ "" conf:NaN}
2026-05-10 17:27:32,955 WARN [Hallowed Be Your Name-lead-F (1)#1]          TextBuilder.java:412  | Skipping TextLine with null bounds: TextLine{ "" conf:NaN}
2026-05-10 17:27:32,955 WARN [Hallowed Be Your Name-lead-F (1)#1]          TextBuilder.java:412  | Skipping TextLine with null bounds: TextLine{ "" conf:NaN}
2026-05-10 17:27:32,956 WARN [Hallowed Be Your Name-lead-F (1)#1]          TextBuilder.java:412  | Skipping TextLine with null bounds: TextLine{ "" conf:NaN}
2026-05-10 17:27:32,956 WARN [Hallowed Be Your Name-lead-F (1)#1]          TextBuilder.java:412  | Skipping TextLine with null bounds: TextLine{ "" conf:NaN}
2026-05-10 17:27:32,956 WARN [Hallowed Be Your Name-lead-F (1)#1]          TextBuilder.java:412  | Skipping TextLine with null bounds: TextLine{ "" conf:NaN}
2026-05-10 17:27:32,957 WARN [Hallowed Be Your Name-lead-F (1)#1]          TextBuilder.java:412  | Skipping TextLine with null bounds: TextLine{ "" conf:NaN}
2026-05-10 17:27:32,957 WARN [Hallowed Be Your Name-lead-F (1)#1]          TextBuilder.java:412  | Skipping TextLine with null bounds: TextLine{ "" conf:NaN}
2026-05-10 17:27:32,957 WARN [Hallowed Be Your Name-lead-F (1)#1]          TextBuilder.java:412  | Skipping TextLine with null bounds: TextLine{ "" conf:NaN}
2026-05-10 17:27:32,957 WARN [Hallowed Be Your Name-lead-F (1)#1]          TextBuilder.java:412  | Skipping TextLine with null bounds: TextLine{ "" conf:NaN}
2026-05-10 17:27:32,957 WARN [Hallowed Be Your Name-lead-F (1)#1]          TextBuilder.java:412  | Skipping TextLine with null bounds: TextLine{ "" conf:NaN}
2026-05-10 17:27:32,958 WARN [Hallowed Be Your Name-lead-F (1)#1]          TextBuilder.java:412  | Skipping TextLine with null bounds: TextLine{ "" conf:NaN}
2026-05-10 17:27:32,958 WARN [Hallowed Be Your Name-lead-F (1)#1]          TextBuilder.java:412  | Skipping TextLine with null bounds: TextLine{ "" conf:NaN}
2026-05-10 17:27:32,959 WARN [Hallowed Be Your Name-lead-F (1)#1]          TextBuilder.java:412  | Skipping TextLine with null bounds: TextLine{ "" conf:NaN}
2026-05-10 17:27:32,959 WARN [Hallowed Be Your Name-lead-F (1)#1]          TextBuilder.java:412  | Skipping TextLine with null bounds: TextLine{ "" conf:NaN}
2026-05-10 17:27:32,959 WARN [Hallowed Be Your Name-lead-F (1)#1]          TextBuilder.java:412  | Skipping TextLine with null bounds: TextLine{ "" conf:NaN}
2026-05-10 17:27:32,960 WARN [Hallowed Be Your Name-lead-F (1)#1]          TextBuilder.java:412  | Skipping TextLine with null bounds: TextLine{ "" conf:NaN}
2026-05-10 17:27:32,960 WARN [Hallowed Be Your Name-lead-F (1)#1]          TextBuilder.java:412  | Skipping TextLine with null bounds: TextLine{ "" conf:NaN}
2026-05-10 17:27:32,960 WARN [Hallowed Be Your Name-lead-F (1)#1]          TextBuilder.java:412  | Skipping TextLine with null bounds: TextLine{ "" conf:NaN}
2026-05-10 17:27:32,961 WARN [Hallowed Be Your Name-lead-F (1)#1]          TextBuilder.java:412  | Skipping TextLine with null bounds: TextLine{ "" conf:NaN}
2026-05-10 17:27:32,961 WARN [Hallowed Be Your Name-lead-F (1)#1]          TextBuilder.java:412  | Skipping TextLine with null bounds: TextLine{ "" conf:NaN}
2026-05-10 17:27:32,962 WARN [Hallowed Be Your Name-lead-F (1)#1]          TextBuilder.java:412  | Skipping TextLine with null bounds: TextLine{ "" conf:NaN}
2026-05-10 17:27:32,963 WARN [Hallowed Be Your Name-lead-F (1)#1]          TextBuilder.java:412  | Skipping TextLine with null bounds: TextLine{ "" conf:NaN}
2026-05-10 17:27:32,964 WARN [Hallowed Be Your Name-lead-F (1)#1]          TextBuilder.java:412  | Skipping TextLine with null bounds: TextLine{ "" conf:NaN}
2026-05-10 17:27:32,964 WARN [Hallowed Be Your Name-lead-F (1)#1]          TextBuilder.java:412  | Skipping TextLine with null bounds: TextLine{ "" conf:NaN}
2026-05-10 17:27:32,965 WARN [Hallowed Be Your Name-lead-F (1)#1]          TextBuilder.java:412  | Skipping TextLine with null bounds: TextLine{ "" conf:NaN}
2026-05-10 17:27:32,965 WARN [Hallowed Be Your Name-lead-F (1)#1]          TextBuilder.java:412  | Skipping TextLine with null bounds: TextLine{ "" conf:NaN}
2026-05-10 17:27:32,966 WARN [Hallowed Be Your Name-lead-F (1)#1]          TextBuilder.java:412  | Skipping TextLine with null bounds: TextLine{ "" conf:NaN}
2026-05-10 17:27:32,966 WARN [Hallowed Be Your Name-lead-F (1)#1]          TextBuilder.java:412  | Skipping TextLine with null bounds: TextLine{ "" conf:NaN}
2026-05-10 17:27:32,966 WARN [Hallowed Be Your Name-lead-F (1)#1]          TextBuilder.java:412  | Skipping TextLine with null bounds: TextLine{ "" conf:NaN}
2026-05-10 17:27:32,967 WARN [Hallowed Be Your Name-lead-F (1)#1]          TextBuilder.java:412  | Skipping TextLine with null bounds: TextLine{ "" conf:NaN}
2026-05-10 17:27:32,967 WARN [Hallowed Be Your Name-lead-F (1)#1]          TextBuilder.java:412  | Skipping TextLine with null bounds: TextLine{ "" conf:NaN}
2026-05-10 17:27:32,967 WARN [Hallowed Be Your Name-lead-F (1)#1]          TextBuilder.java:412  | Skipping TextLine with null bounds: TextLine{ "" conf:NaN}
2026-05-10 17:27:32,967 WARN [Hallowed Be Your Name-lead-F (1)#1]          TextBuilder.java:412  | Skipping TextLine with null bounds: TextLine{ "" conf:NaN}
2026-05-10 17:27:32,967 WARN [Hallowed Be Your Name-lead-F (1)#1]          TextBuilder.java:412  | Skipping TextLine with null bounds: TextLine{ "" conf:NaN}
2026-05-10 17:27:32,968 WARN [Hallowed Be Your Name-lead-F (1)#1]          TextBuilder.java:412  | Skipping TextLine with null bounds: TextLine{ "" conf:NaN}
2026-05-10 17:27:32,968 WARN [Hallowed Be Your Name-lead-F (1)#1]          TextBuilder.java:412  | Skipping TextLine with null bounds: TextLine{ "" conf:NaN}
2026-05-10 17:27:32,969 WARN [Hallowed Be Your Name-lead-F (1)#1]          TextBuilder.java:412  | Skipping TextLine with null bounds: TextLine{ "" conf:NaN}
2026-05-10 17:27:32,969 WARN [Hallowed Be Your Name-lead-F (1)#1]          TextBuilder.java:412  | Skipping TextLine with null bounds: TextLine{ "" conf:NaN}
2026-05-10 17:27:32,969 WARN [Hallowed Be Your Name-lead-F (1)#1]          TextBuilder.java:412  | Skipping TextLine with null bounds: TextLine{ "" conf:NaN}
2026-05-10 17:27:32,969 WARN [Hallowed Be Your Name-lead-F (1)#1]          TextBuilder.java:412  | Skipping TextLine with null bounds: TextLine{ "" conf:NaN}
2026-05-10 17:27:32,970 WARN [Hallowed Be Your Name-lead-F (1)#1]          TextBuilder.java:412  | Skipping TextLine with null bounds: TextLine{ "" conf:NaN}
2026-05-10 17:27:32,970 WARN [Hallowed Be Your Name-lead-F (1)#1]          TextBuilder.java:412  | Skipping TextLine with null bounds: TextLine{ "" conf:NaN}
2026-05-10 17:27:32,970 WARN [Hallowed Be Your Name-lead-F (1)#1]          TextBuilder.java:412  | Skipping TextLine with null bounds: TextLine{ "" conf:NaN}
2026-05-10 17:27:32,971 WARN [Hallowed Be Your Name-lead-F (1)#1]          TextBuilder.java:412  | Skipping TextLine with null bounds: TextLine{ "" conf:NaN}
2026-05-10 17:27:32,971 WARN [Hallowed Be Your Name-lead-F (1)#1]          TextBuilder.java:412  | Skipping TextLine with null bounds: TextLine{ "" conf:NaN}
2026-05-10 17:27:32,971 WARN [Hallowed Be Your Name-lead-F (1)#1]          TextBuilder.java:412  | Skipping TextLine with null bounds: TextLine{ "" conf:NaN}
2026-05-10 17:27:32,972 WARN [Hallowed Be Your Name-lead-F (1)#1]          TextBuilder.java:412  | Skipping TextLine with null bounds: TextLine{ "" conf:NaN}
2026-05-10 17:27:32,972 WARN [Hallowed Be Your Name-lead-F (1)#1]          TextBuilder.java:412  | Skipping TextLine with null bounds: TextLine{ "" conf:NaN}
2026-05-10 17:27:32,973 WARN [Hallowed Be Your Name-lead-F (1)#1]          TextBuilder.java:412  | Skipping TextLine with null bounds: TextLine{ "" conf:NaN}
2026-05-10 17:27:32,973 WARN [Hallowed Be Your Name-lead-F (1)#1]          TextBuilder.java:412  | Skipping TextLine with null bounds: TextLine{ "" conf:NaN}
2026-05-10 17:27:32,973 WARN [Hallowed Be Your Name-lead-F (1)#1]          TextBuilder.java:412  | Skipping TextLine with null bounds: TextLine{ "" conf:NaN}
2026-05-10 17:27:32,974 WARN [Hallowed Be Your Name-lead-F (1)#1]          TextBuilder.java:412  | Skipping TextLine with null bounds: TextLine{ "" conf:NaN}
2026-05-10 17:27:32,975 WARN [Hallowed Be Your Name-lead-F (1)#1]          TextBuilder.java:412  | Skipping TextLine with null bounds: TextLine{ "" conf:NaN}
2026-05-10 17:27:32,975 WARN [Hallowed Be Your Name-lead-F (1)#1]          TextBuilder.java:412  | Skipping TextLine with null bounds: TextLine{ "" conf:NaN}
2026-05-10 17:27:32,976 WARN [Hallowed Be Your Name-lead-F (1)#1]          TextBuilder.java:412  | Skipping TextLine with null bounds: TextLine{ "" conf:NaN}
2026-05-10 17:27:32,976 WARN [Hallowed Be Your Name-lead-F (1)#1]          TextBuilder.java:412  | Skipping TextLine with null bounds: TextLine{ "" conf:NaN}
2026-05-10 17:27:32,977 WARN [Hallowed Be Your Name-lead-F (1)#1]          TextBuilder.java:412  | Skipping TextLine with null bounds: TextLine{ "" conf:NaN}
2026-05-10 17:27:32,977 WARN [Hallowed Be Your Name-lead-F (1)#1]          TextBuilder.java:412  | Skipping TextLine with null bounds: TextLine{ "" conf:NaN}
2026-05-10 17:27:32,978 WARN [Hallowed Be Your Name-lead-F (1)#1]          TextBuilder.java:412  | Skipping TextLine with null bounds: TextLine{ "" conf:NaN}
2026-05-10 17:27:32,979 WARN [Hallowed Be Your Name-lead-F (1)#1]          TextBuilder.java:412  | Skipping TextLine with null bounds: TextLine{ "" conf:NaN}
2026-05-10 17:27:32,979 WARN [Hallowed Be Your Name-lead-F (1)#1]          TextBuilder.java:412  | Skipping TextLine with null bounds: TextLine{ "" conf:NaN}
2026-05-10 17:27:32,980 WARN [Hallowed Be Your Name-lead-F (1)#1]          TextBuilder.java:412  | Skipping TextLine with null bounds: TextLine{ "" conf:NaN}
2026-05-10 17:27:32,981 WARN [Hallowed Be Your Name-lead-F (1)#1]          TextBuilder.java:412  | Skipping TextLine with null bounds: TextLine{ "" conf:NaN}
2026-05-10 17:27:32,981 WARN [Hallowed Be Your Name-lead-F (1)#1]          TextBuilder.java:412  | Skipping TextLine with null bounds: TextLine{ "" conf:NaN}
2026-05-10 17:27:32,981 WARN [Hallowed Be Your Name-lead-F (1)#1]          TextBuilder.java:412  | Skipping TextLine with null bounds: TextLine{ "" conf:NaN}
2026-05-10 17:27:32,981 WARN [Hallowed Be Your Name-lead-F (1)#1]          TextBuilder.java:412  | Skipping TextLine with null bounds: TextLine{ "" conf:NaN}
2026-05-10 17:27:32,982 WARN [Hallowed Be Your Name-lead-F (1)#1]          TextBuilder.java:412  | Skipping TextLine with null bounds: TextLine{ "" conf:NaN}
2026-05-10 17:27:32,982 WARN [Hallowed Be Your Name-lead-F (1)#1]          TextBuilder.java:412  | Skipping TextLine with null bounds: TextLine{ "" conf:NaN}
2026-05-10 17:27:32,983 WARN [Hallowed Be Your Name-lead-F (1)#1]          TextBuilder.java:412  | Skipping TextLine with null bounds: TextLine{ "" conf:NaN}
2026-05-10 17:27:32,983 WARN [Hallowed Be Your Name-lead-F (1)#1]          TextBuilder.java:412  | Skipping TextLine with null bounds: TextLine{ "" conf:NaN}
2026-05-10 17:27:32,984 WARN [Hallowed Be Your Name-lead-F (1)#1]          TextBuilder.java:412  | Skipping TextLine with null bounds: TextLine{ "" conf:NaN}
2026-05-10 17:27:32,984 WARN [Hallowed Be Your Name-lead-F (1)#1]          TextBuilder.java:412  | Skipping TextLine with null bounds: TextLine{ "" conf:NaN}
2026-05-10 17:27:32,985 WARN [Hallowed Be Your Name-lead-F (1)#1]          TextBuilder.java:412  | Skipping TextLine with null bounds: TextLine{ "" conf:NaN}
2026-05-10 17:27:32,985 WARN [Hallowed Be Your Name-lead-F (1)#1]          TextBuilder.java:412  | Skipping TextLine with null bounds: TextLine{ "" conf:NaN}
2026-05-10 17:27:32,986 WARN [Hallowed Be Your Name-lead-F (1)#1]          TextBuilder.java:412  | Skipping TextLine with null bounds: TextLine{ "" conf:NaN}
2026-05-10 17:27:32,986 WARN [Hallowed Be Your Name-lead-F (1)#1]          TextBuilder.java:412  | Skipping TextLine with null bounds: TextLine{ "" conf:NaN}
2026-05-10 17:27:32,987 WARN [Hallowed Be Your Name-lead-F (1)#1]          TextBuilder.java:412  | Skipping TextLine with null bounds: TextLine{ "" conf:NaN}
2026-05-10 17:27:32,987 WARN [Hallowed Be Your Name-lead-F (1)#1]          TextBuilder.java:412  | Skipping TextLine with null bounds: TextLine{ "" conf:NaN}
2026-05-10 17:27:32,987 WARN [Hallowed Be Your Name-lead-F (1)#1]          TextBuilder.java:412  | Skipping TextLine with null bounds: TextLine{ "" conf:NaN}
2026-05-10 17:27:32,987 WARN [Hallowed Be Your Name-lead-F (1)#1]          TextBuilder.java:412  | Skipping TextLine with null bounds: TextLine{ "" conf:NaN}
2026-05-10 17:27:32,988 WARN [Hallowed Be Your Name-lead-F (1)#1]          TextBuilder.java:412  | Skipping TextLine with null bounds: TextLine{ "" conf:NaN}
2026-05-10 17:27:32,989 WARN [Hallowed Be Your Name-lead-F (1)#1]          TextBuilder.java:412  | Skipping TextLine with null bounds: TextLine{ "" conf:NaN}
2026-05-10 17:27:32,989 WARN [Hallowed Be Your Name-lead-F (1)#1]          TextBuilder.java:412  | Skipping TextLine with null bounds: TextLine{ "" conf:NaN}
2026-05-10 17:27:32,989 WARN [Hallowed Be Your Name-lead-F (1)#1]          TextBuilder.java:412  | Skipping TextLine with null bounds: TextLine{ "" conf:NaN}
2026-05-10 17:27:32,990 WARN [Hallowed Be Your Name-lead-F (1)#1]          TextBuilder.java:412  | Skipping TextLine with null bounds: TextLine{ "" conf:NaN}
2026-05-10 17:27:32,990 WARN [Hallowed Be Your Name-lead-F (1)#1]          TextBuilder.java:412  | Skipping TextLine with null bounds: TextLine{ "" conf:NaN}
2026-05-10 17:27:32,991 WARN [Hallowed Be Your Name-lead-F (1)#1]          TextBuilder.java:412  | Skipping TextLine with null bounds: TextLine{ "" conf:NaN}
2026-05-10 17:27:32,991 WARN [Hallowed Be Your Name-lead-F (1)#1]          TextBuilder.java:412  | Skipping TextLine with null bounds: TextLine{ "" conf:NaN}
2026-05-10 17:27:32,991 WARN [Hallowed Be Your Name-lead-F (1)#1]          TextBuilder.java:412  | Skipping TextLine with null bounds: TextLine{ "" conf:NaN}
2026-05-10 17:27:32,991 WARN [Hallowed Be Your Name-lead-F (1)#1]          TextBuilder.java:412  | Skipping TextLine with null bounds: TextLine{ "" conf:NaN}
2026-05-10 17:27:32,991 WARN [Hallowed Be Your Name-lead-F (1)#1]          TextBuilder.java:412  | Skipping TextLine with null bounds: TextLine{ "" conf:NaN}
2026-05-10 17:27:32,991 WARN [Hallowed Be Your Name-lead-F (1)#1]          TextBuilder.java:412  | Skipping TextLine with null bounds: TextLine{ "" conf:NaN}
2026-05-10 17:27:32,993 WARN [Hallowed Be Your Name-lead-F (1)#1]          TextBuilder.java:412  | Skipping TextLine with null bounds: TextLine{ "" conf:NaN}
2026-05-10 17:27:32,993 WARN [Hallowed Be Your Name-lead-F (1)#1]          TextBuilder.java:412  | Skipping TextLine with null bounds: TextLine{ "" conf:NaN}
2026-05-10 17:27:32,993 WARN [Hallowed Be Your Name-lead-F (1)#1]          TextBuilder.java:412  | Skipping TextLine with null bounds: TextLine{ "" conf:NaN}
2026-05-10 17:27:33,015 WARN [Hallowed Be Your Name-lead-F (1)#1]          TextBuilder.java:412  | Skipping TextLine with null bounds: TextLine{ "" conf:NaN}
2026-05-10 17:27:33,025 WARN [Hallowed Be Your Name-lead-F (1)#1]          TextBuilder.java:412  | Skipping TextLine with null bounds: TextLine{ "" conf:NaN}
2026-05-10 17:27:33,025 WARN [Hallowed Be Your Name-lead-F (1)#1]          TextBuilder.java:412  | Skipping TextLine with null bounds: TextLine{ "" conf:NaN}
2026-05-10 17:27:33,025 WARN [Hallowed Be Your Name-lead-F (1)#1]          TextBuilder.java:412  | Skipping TextLine with null bounds: TextLine{ "" conf:NaN}
2026-05-10 17:27:33,027 WARN [Hallowed Be Your Name-lead-F (1)#1]          TextBuilder.java:412  | Skipping TextLine with null bounds: TextLine{ "" conf:NaN}
2026-05-10 17:27:33,028 WARN [Hallowed Be Your Name-lead-F (1)#1]          TextBuilder.java:412  | Skipping TextLine with null bounds: TextLine{ "" conf:NaN}
2026-05-10 17:27:33,029 WARN [Hallowed Be Your Name-lead-F (1)#1]          TextBuilder.java:412  | Skipping TextLine with null bounds: TextLine{ "" conf:NaN}
2026-05-10 17:27:33,030 WARN [Hallowed Be Your Name-lead-F (1)#1]          TextBuilder.java:412  | Skipping TextLine with null bounds: TextLine{ "" conf:NaN}
2026-05-10 17:27:33,030 WARN [Hallowed Be Your Name-lead-F (1)#1]          TextBuilder.java:412  | Skipping TextLine with null bounds: TextLine{ "" conf:NaN}
2026-05-10 17:27:33,031 WARN [Hallowed Be Your Name-lead-F (1)#1]          TextBuilder.java:412  | Skipping TextLine with null bounds: TextLine{ "" conf:NaN}
2026-05-10 17:27:33,032 WARN [Hallowed Be Your Name-lead-F (1)#1]          TextBuilder.java:412  | Skipping TextLine with null bounds: TextLine{ "" conf:NaN}
2026-05-10 17:27:33,033 WARN [Hallowed Be Your Name-lead-F (1)#1]          TextBuilder.java:412  | Skipping TextLine with null bounds: TextLine{ "" conf:NaN}
2026-05-10 17:27:33,033 WARN [Hallowed Be Your Name-lead-F (1)#1]          TextBuilder.java:412  | Skipping TextLine with null bounds: TextLine{ "" conf:NaN}
2026-05-10 17:27:33,034 WARN [Hallowed Be Your Name-lead-F (1)#1]          TextBuilder.java:412  | Skipping TextLine with null bounds: TextLine{ "" conf:NaN}
2026-05-10 17:27:33,034 WARN [Hallowed Be Your Name-lead-F (1)#1]          TextBuilder.java:412  | Skipping TextLine with null bounds: TextLine{ "" conf:NaN}
2026-05-10 17:27:33,035 WARN [Hallowed Be Your Name-lead-F (1)#1]          TextBuilder.java:412  | Skipping TextLine with null bounds: TextLine{ "" conf:NaN}
2026-05-10 17:27:33,036 WARN [Hallowed Be Your Name-lead-F (1)#1]          TextBuilder.java:412  | Skipping TextLine with null bounds: TextLine{ "" conf:NaN}
2026-05-10 17:27:33,036 WARN [Hallowed Be Your Name-lead-F (1)#1]          TextBuilder.java:412  | Skipping TextLine with null bounds: TextLine{ "" conf:NaN}
2026-05-10 17:27:33,036 WARN [Hallowed Be Your Name-lead-F (1)#1]          TextBuilder.java:412  | Skipping TextLine with null bounds: TextLine{ "" conf:NaN}
2026-05-10 17:27:33,036 WARN [Hallowed Be Your Name-lead-F (1)#1]          TextBuilder.java:412  | Skipping TextLine with null bounds: TextLine{ "" conf:NaN}
2026-05-10 17:27:33,038 WARN [Hallowed Be Your Name-lead-F (1)#1]          TextBuilder.java:412  | Skipping TextLine with null bounds: TextLine{ "" conf:NaN}
2026-05-10 17:27:33,038 WARN [Hallowed Be Your Name-lead-F (1)#1]          TextBuilder.java:412  | Skipping TextLine with null bounds: TextLine{ "" conf:NaN}
2026-05-10 17:27:33,038 WARN [Hallowed Be Your Name-lead-F (1)#1]          TextBuilder.java:412  | Skipping TextLine with null bounds: TextLine{ "" conf:NaN}
2026-05-10 17:27:33,038 WARN [Hallowed Be Your Name-lead-F (1)#1]          TextBuilder.java:412  | Skipping TextLine with null bounds: TextLine{ "" conf:NaN}
2026-05-10 17:27:33,039 WARN [Hallowed Be Your Name-lead-F (1)#1]          TextBuilder.java:412  | Skipping TextLine with null bounds: TextLine{ "" conf:NaN}
2026-05-10 17:27:33,039 WARN [Hallowed Be Your Name-lead-F (1)#1]          TextBuilder.java:412  | Skipping TextLine with null bounds: TextLine{ "" conf:NaN}
2026-05-10 17:27:33,039 WARN [Hallowed Be Your Name-lead-F (1)#1]          TextBuilder.java:412  | Skipping TextLine with null bounds: TextLine{ "" conf:NaN}
2026-05-10 17:27:33,039 WARN [Hallowed Be Your Name-lead-F (1)#1]          TextBuilder.java:412  | Skipping TextLine with null bounds: TextLine{ "" conf:NaN}
2026-05-10 17:27:33,040 WARN [Hallowed Be Your Name-lead-F (1)#1]          TextBuilder.java:412  | Skipping TextLine with null bounds: TextLine{ "" conf:NaN}
2026-05-10 17:27:33,040 WARN [Hallowed Be Your Name-lead-F (1)#1]          TextBuilder.java:412  | Skipping TextLine with null bounds: TextLine{ "" conf:NaN}
2026-05-10 17:27:33,040 WARN [Hallowed Be Your Name-lead-F (1)#1]          TextBuilder.java:412  | Skipping TextLine with null bounds: TextLine{ "" conf:NaN}
2026-05-10 17:27:33,041 WARN [Hallowed Be Your Name-lead-F (1)#1]          TextBuilder.java:412  | Skipping TextLine with null bounds: TextLine{ "" conf:NaN}
2026-05-10 17:27:33,042 WARN [Hallowed Be Your Name-lead-F (1)#1]          TextBuilder.java:412  | Skipping TextLine with null bounds: TextLine{ "" conf:NaN}
2026-05-10 17:27:33,044 WARN [Hallowed Be Your Name-lead-F (1)#1]          TextBuilder.java:412  | Skipping TextLine with null bounds: TextLine{ "" conf:NaN}
2026-05-10 17:27:33,045 WARN [Hallowed Be Your Name-lead-F (1)#1]          TextBuilder.java:412  | Skipping TextLine with null bounds: TextLine{ "" conf:NaN}
2026-05-10 17:27:33,045 WARN [Hallowed Be Your Name-lead-F (1)#1]          TextBuilder.java:412  | Skipping TextLine with null bounds: TextLine{ "" conf:NaN}
2026-05-10 17:27:33,047 WARN [Hallowed Be Your Name-lead-F (1)#1]          TextBuilder.java:412  | Skipping TextLine with null bounds: TextLine{ "" conf:NaN}
2026-05-10 17:27:33,047 WARN [Hallowed Be Your Name-lead-F (1)#1]          TextBuilder.java:412  | Skipping TextLine with null bounds: TextLine{ "" conf:NaN}
2026-05-10 17:27:33,048 WARN [Hallowed Be Your Name-lead-F (1)#1]          TextBuilder.java:412  | Skipping TextLine with null bounds: TextLine{ "" conf:NaN}
2026-05-10 17:27:33,050 WARN [Hallowed Be Your Name-lead-F (1)#1]          TextBuilder.java:412  | Skipping TextLine with null bounds: TextLine{ "" conf:NaN}
2026-05-10 17:27:33,050 WARN [Hallowed Be Your Name-lead-F (1)#1]          TextBuilder.java:412  | Skipping TextLine with null bounds: TextLine{ "" conf:NaN}
2026-05-10 17:27:33,051 WARN [Hallowed Be Your Name-lead-F (1)#1]          TextBuilder.java:412  | Skipping TextLine with null bounds: TextLine{ "" conf:NaN}
2026-05-10 17:27:33,051 WARN [Hallowed Be Your Name-lead-F (1)#1]          TextBuilder.java:412  | Skipping TextLine with null bounds: TextLine{ "" conf:NaN}
2026-05-10 17:27:33,051 WARN [Hallowed Be Your Name-lead-F (1)#1]          TextBuilder.java:412  | Skipping TextLine with null bounds: TextLine{ "" conf:NaN}
2026-05-10 17:27:33,051 WARN [Hallowed Be Your Name-lead-F (1)#1]          TextBuilder.java:412  | Skipping TextLine with null bounds: TextLine{ "" conf:NaN}
2026-05-10 17:27:33,052 WARN [Hallowed Be Your Name-lead-F (1)#1]          TextBuilder.java:412  | Skipping TextLine with null bounds: TextLine{ "" conf:NaN}
2026-05-10 17:27:33,052 WARN [Hallowed Be Your Name-lead-F (1)#1]          TextBuilder.java:412  | Skipping TextLine with null bounds: TextLine{ "" conf:NaN}
2026-05-10 17:27:33,052 WARN [Hallowed Be Your Name-lead-F (1)#1]          TextBuilder.java:412  | Skipping TextLine with null bounds: TextLine{ "" conf:NaN}
2026-05-10 17:27:33,053 WARN [Hallowed Be Your Name-lead-F (1)#1]          TextBuilder.java:412  | Skipping TextLine with null bounds: TextLine{ "" conf:NaN}
2026-05-10 17:27:33,053 WARN [Hallowed Be Your Name-lead-F (1)#1]          TextBuilder.java:412  | Skipping TextLine with null bounds: TextLine{ "" conf:NaN}
2026-05-10 17:27:33,053 WARN [Hallowed Be Your Name-lead-F (1)#1]          TextBuilder.java:412  | Skipping TextLine with null bounds: TextLine{ "" conf:NaN}
2026-05-10 17:27:33,054 WARN [Hallowed Be Your Name-lead-F (1)#1]          TextBuilder.java:412  | Skipping TextLine with null bounds: TextLine{ "" conf:NaN}
2026-05-10 17:27:33,054 WARN [Hallowed Be Your Name-lead-F (1)#1]          TextBuilder.java:412  | Skipping TextLine with null bounds: TextLine{ "" conf:NaN}
2026-05-10 17:27:33,054 WARN [Hallowed Be Your Name-lead-F (1)#1]          TextBuilder.java:412  | Skipping TextLine with null bounds: TextLine{ "" conf:NaN}
2026-05-10 17:27:33,054 WARN [Hallowed Be Your Name-lead-F (1)#1]          TextBuilder.java:412  | Skipping TextLine with null bounds: TextLine{ "" conf:NaN}
2026-05-10 17:27:33,055 WARN [Hallowed Be Your Name-lead-F (1)#1]          TextBuilder.java:412  | Skipping TextLine with null bounds: TextLine{ "" conf:NaN}
2026-05-10 17:27:33,055 WARN [Hallowed Be Your Name-lead-F (1)#1]          TextBuilder.java:412  | Skipping TextLine with null bounds: TextLine{ "" conf:NaN}
2026-05-10 17:27:33,055 WARN [Hallowed Be Your Name-lead-F (1)#1]          TextBuilder.java:412  | Skipping TextLine with null bounds: TextLine{ "" conf:NaN}
2026-05-10 17:27:33,055 WARN [Hallowed Be Your Name-lead-F (1)#1]          TextBuilder.java:412  | Skipping TextLine with null bounds: TextLine{ "" conf:NaN}
2026-05-10 17:27:33,056 WARN [Hallowed Be Your Name-lead-F (1)#1]          TextBuilder.java:412  | Skipping TextLine with null bounds: TextLine{ "" conf:NaN}
2026-05-10 17:27:33,056 WARN [Hallowed Be Your Name-lead-F (1)#1]          TextBuilder.java:412  | Skipping TextLine with null bounds: TextLine{ "" conf:NaN}
2026-05-10 17:27:33,056 WARN [Hallowed Be Your Name-lead-F (1)#1]          TextBuilder.java:412  | Skipping TextLine with null bounds: TextLine{ "" conf:NaN}
2026-05-10 17:27:33,056 WARN [Hallowed Be Your Name-lead-F (1)#1]          TextBuilder.java:412  | Skipping TextLine with null bounds: TextLine{ "" conf:NaN}
2026-05-10 17:27:33,057 WARN [Hallowed Be Your Name-lead-F (1)#1]          TextBuilder.java:412  | Skipping TextLine with null bounds: TextLine{ "" conf:NaN}
2026-05-10 17:27:33,057 WARN [Hallowed Be Your Name-lead-F (1)#1]          TextBuilder.java:412  | Skipping TextLine with null bounds: TextLine{ "" conf:NaN}
2026-05-10 17:27:33,057 WARN [Hallowed Be Your Name-lead-F (1)#1]          TextBuilder.java:412  | Skipping TextLine with null bounds: TextLine{ "" conf:NaN}
2026-05-10 17:27:33,057 WARN [Hallowed Be Your Name-lead-F (1)#1]          TextBuilder.java:412  | Skipping TextLine with null bounds: TextLine{ "" conf:NaN}
2026-05-10 17:27:33,058 WARN [Hallowed Be Your Name-lead-F (1)#1]          TextBuilder.java:412  | Skipping TextLine with null bounds: TextLine{ "" conf:NaN}
2026-05-10 17:27:33,058 WARN [Hallowed Be Your Name-lead-F (1)#1]          TextBuilder.java:412  | Skipping TextLine with null bounds: TextLine{ "" conf:NaN}
2026-05-10 17:27:33,058 WARN [Hallowed Be Your Name-lead-F (1)#1]          TextBuilder.java:412  | Skipping TextLine with null bounds: TextLine{ "" conf:NaN}
2026-05-10 17:27:33,058 WARN [Hallowed Be Your Name-lead-F (1)#1]          TextBuilder.java:412  | Skipping TextLine with null bounds: TextLine{ "" conf:NaN}
2026-05-10 17:27:33,058 WARN [Hallowed Be Your Name-lead-F (1)#1]          TextBuilder.java:412  | Skipping TextLine with null bounds: TextLine{ "" conf:NaN}
2026-05-10 17:27:33,058 WARN [Hallowed Be Your Name-lead-F (1)#1]          TextBuilder.java:412  | Skipping TextLine with null bounds: TextLine{ "" conf:NaN}
2026-05-10 17:27:33,060 WARN [Hallowed Be Your Name-lead-F (1)#1]          TextBuilder.java:412  | Skipping TextLine with null bounds: TextLine{ "" conf:NaN}
2026-05-10 17:27:33,060 WARN [Hallowed Be Your Name-lead-F (1)#1]          TextBuilder.java:412  | Skipping TextLine with null bounds: TextLine{ "" conf:NaN}
2026-05-10 17:27:33,060 WARN [Hallowed Be Your Name-lead-F (1)#1]          TextBuilder.java:412  | Skipping TextLine with null bounds: TextLine{ "" conf:NaN}
2026-05-10 17:27:33,061 WARN [Hallowed Be Your Name-lead-F (1)#1]          TextBuilder.java:412  | Skipping TextLine with null bounds: TextLine{ "" conf:NaN}
2026-05-10 17:27:33,061 WARN [Hallowed Be Your Name-lead-F (1)#1]          TextBuilder.java:412  | Skipping TextLine with null bounds: TextLine{ "" conf:NaN}
2026-05-10 17:27:33,061 WARN [Hallowed Be Your Name-lead-F (1)#1]          TextBuilder.java:412  | Skipping TextLine with null bounds: TextLine{ "" conf:NaN}
2026-05-10 17:27:33,062 WARN [Hallowed Be Your Name-lead-F (1)#1]          TextBuilder.java:412  | Skipping TextLine with null bounds: TextLine{ "" conf:NaN}
2026-05-10 17:27:33,062 WARN [Hallowed Be Your Name-lead-F (1)#1]          TextBuilder.java:412  | Skipping TextLine with null bounds: TextLine{ "" conf:NaN}
2026-05-10 17:27:33,062 WARN [Hallowed Be Your Name-lead-F (1)#1]          TextBuilder.java:412  | Skipping TextLine with null bounds: TextLine{ "" conf:NaN}
2026-05-10 17:27:33,063 WARN [Hallowed Be Your Name-lead-F (1)#1]          TextBuilder.java:412  | Skipping TextLine with null bounds: TextLine{ "" conf:NaN}
2026-05-10 17:27:33,063 WARN [Hallowed Be Your Name-lead-F (1)#1]          TextBuilder.java:412  | Skipping TextLine with null bounds: TextLine{ "" conf:NaN}
2026-05-10 17:27:33,063 WARN [Hallowed Be Your Name-lead-F (1)#1]          TextBuilder.java:412  | Skipping TextLine with null bounds: TextLine{ "" conf:NaN}
2026-05-10 17:27:33,063 WARN [Hallowed Be Your Name-lead-F (1)#1]          TextBuilder.java:412  | Skipping TextLine with null bounds: TextLine{ "" conf:NaN}
2026-05-10 17:27:33,064 WARN [Hallowed Be Your Name-lead-F (1)#1]          TextBuilder.java:412  | Skipping TextLine with null bounds: TextLine{ "" conf:NaN}
2026-05-10 17:27:33,064 WARN [Hallowed Be Your Name-lead-F (1)#1]          TextBuilder.java:412  | Skipping TextLine with null bounds: TextLine{ "" conf:NaN}
2026-05-10 17:27:33,064 WARN [Hallowed Be Your Name-lead-F (1)#1]          TextBuilder.java:412  | Skipping TextLine with null bounds: TextLine{ "" conf:NaN}
2026-05-10 17:27:33,064 WARN [Hallowed Be Your Name-lead-F (1)#1]          TextBuilder.java:412  | Skipping TextLine with null bounds: TextLine{ "" conf:NaN}
2026-05-10 17:27:33,065 WARN [Hallowed Be Your Name-lead-F (1)#1]          TextBuilder.java:412  | Skipping TextLine with null bounds: TextLine{ "" conf:NaN}
2026-05-10 17:27:33,065 WARN [Hallowed Be Your Name-lead-F (1)#1]          TextBuilder.java:412  | Skipping TextLine with null bounds: TextLine{ "" conf:NaN}
2026-05-10 17:27:33,065 WARN [Hallowed Be Your Name-lead-F (1)#1]          TextBuilder.java:412  | Skipping TextLine with null bounds: TextLine{ "" conf:NaN}
2026-05-10 17:27:33,066 WARN [Hallowed Be Your Name-lead-F (1)#1]          TextBuilder.java:412  | Skipping TextLine with null bounds: TextLine{ "" conf:NaN}
2026-05-10 17:27:33,066 WARN [Hallowed Be Your Name-lead-F (1)#1]          TextBuilder.java:412  | Skipping TextLine with null bounds: TextLine{ "" conf:NaN}
2026-05-10 17:27:33,066 WARN [Hallowed Be Your Name-lead-F (1)#1]          TextBuilder.java:412  | Skipping TextLine with null bounds: TextLine{ "" conf:NaN}
2026-05-10 17:27:33,066 WARN [Hallowed Be Your Name-lead-F (1)#1]          TextBuilder.java:412  | Skipping TextLine with null bounds: TextLine{ "" conf:NaN}
2026-05-10 17:27:33,066 WARN [Hallowed Be Your Name-lead-F (1)#1]          TextBuilder.java:412  | Skipping TextLine with null bounds: TextLine{ "" conf:NaN}
2026-05-10 17:27:33,066 WARN [Hallowed Be Your Name-lead-F (1)#1]          TextBuilder.java:412  | Skipping TextLine with null bounds: TextLine{ "" conf:NaN}
2026-05-10 17:27:33,068 WARN [Hallowed Be Your Name-lead-F (1)#1]          TextBuilder.java:412  | Skipping TextLine with null bounds: TextLine{ "" conf:NaN}
2026-05-10 17:27:33,068 WARN [Hallowed Be Your Name-lead-F (1)#1]          TextBuilder.java:412  | Skipping TextLine with null bounds: TextLine{ "" conf:NaN}
2026-05-10 17:27:33,069 WARN [Hallowed Be Your Name-lead-F (1)#1]          TextBuilder.java:412  | Skipping TextLine with null bounds: TextLine{ "" conf:NaN}
2026-05-10 17:27:33,069 WARN [Hallowed Be Your Name-lead-F (1)#1]          TextBuilder.java:412  | Skipping TextLine with null bounds: TextLine{ "" conf:NaN}
2026-05-10 17:27:33,069 WARN [Hallowed Be Your Name-lead-F (1)#1]          TextBuilder.java:412  | Skipping TextLine with null bounds: TextLine{ "" conf:NaN}
2026-05-10 17:27:33,070 WARN [Hallowed Be Your Name-lead-F (1)#1]          TextBuilder.java:412  | Skipping TextLine with null bounds: TextLine{ "" conf:NaN}
2026-05-10 17:27:33,070 WARN [Hallowed Be Your Name-lead-F (1)#1]          TextBuilder.java:412  | Skipping TextLine with null bounds: TextLine{ "" conf:NaN}
2026-05-10 17:27:33,070 WARN [Hallowed Be Your Name-lead-F (1)#1]          TextBuilder.java:412  | Skipping TextLine with null bounds: TextLine{ "" conf:NaN}
2026-05-10 17:27:33,071 WARN [Hallowed Be Your Name-lead-F (1)#1]          TextBuilder.java:412  | Skipping TextLine with null bounds: TextLine{ "" conf:NaN}
2026-05-10 17:27:33,071 WARN [Hallowed Be Your Name-lead-F (1)#1]          TextBuilder.java:412  | Skipping TextLine with null bounds: TextLine{ "" conf:NaN}
2026-05-10 17:27:33,071 WARN [Hallowed Be Your Name-lead-F (1)#1]          TextBuilder.java:412  | Skipping TextLine with null bounds: TextLine{ "" conf:NaN}
2026-05-10 17:27:33,071 WARN [Hallowed Be Your Name-lead-F (1)#1]          TextBuilder.java:412  | Skipping TextLine with null bounds: TextLine{ "" conf:NaN}
2026-05-10 17:27:33,071 WARN [Hallowed Be Your Name-lead-F (1)#1]          TextBuilder.java:412  | Skipping TextLine with null bounds: TextLine{ "" conf:NaN}
2026-05-10 17:27:33,072 WARN [Hallowed Be Your Name-lead-F (1)#1]          TextBuilder.java:412  | Skipping TextLine with null bounds: TextLine{ "" conf:NaN}
2026-05-10 17:27:33,072 WARN [Hallowed Be Your Name-lead-F (1)#1]          TextBuilder.java:412  | Skipping TextLine with null bounds: TextLine{ "" conf:NaN}
2026-05-10 17:27:33,072 WARN [Hallowed Be Your Name-lead-F (1)#1]          TextBuilder.java:412  | Skipping TextLine with null bounds: TextLine{ "" conf:NaN}
2026-05-10 17:27:33,072 WARN [Hallowed Be Your Name-lead-F (1)#1]          TextBuilder.java:412  | Skipping TextLine with null bounds: TextLine{ "" conf:NaN}
2026-05-10 17:27:33,073 WARN [Hallowed Be Your Name-lead-F (1)#1]          TextBuilder.java:412  | Skipping TextLine with null bounds: TextLine{ "" conf:NaN}
2026-05-10 17:27:33,073 WARN [Hallowed Be Your Name-lead-F (1)#1]          TextBuilder.java:412  | Skipping TextLine with null bounds: TextLine{ "" conf:NaN}
2026-05-10 17:27:33,073 WARN [Hallowed Be Your Name-lead-F (1)#1]          TextBuilder.java:412  | Skipping TextLine with null bounds: TextLine{ "" conf:NaN}
2026-05-10 17:27:33,074 WARN [Hallowed Be Your Name-lead-F (1)#1]          TextBuilder.java:412  | Skipping TextLine with null bounds: TextLine{ "" conf:NaN}
2026-05-10 17:27:33,074 WARN [Hallowed Be Your Name-lead-F (1)#1]          TextBuilder.java:412  | Skipping TextLine with null bounds: TextLine{ "" conf:NaN}
2026-05-10 17:27:33,074 WARN [Hallowed Be Your Name-lead-F (1)#1]          TextBuilder.java:412  | Skipping TextLine with null bounds: TextLine{ "" conf:NaN}
2026-05-10 17:27:33,074 WARN [Hallowed Be Your Name-lead-F (1)#1]          TextBuilder.java:412  | Skipping TextLine with null bounds: TextLine{ "" conf:NaN}
2026-05-10 17:27:33,075 WARN [Hallowed Be Your Name-lead-F (1)#1]          TextBuilder.java:412  | Skipping TextLine with null bounds: TextLine{ "" conf:NaN}
2026-05-10 17:27:33,075 WARN [Hallowed Be Your Name-lead-F (1)#1]          TextBuilder.java:412  | Skipping TextLine with null bounds: TextLine{ "" conf:NaN}
2026-05-10 17:27:33,075 WARN [Hallowed Be Your Name-lead-F (1)#1]          TextBuilder.java:412  | Skipping TextLine with null bounds: TextLine{ "" conf:NaN}
2026-05-10 17:27:33,076 WARN [Hallowed Be Your Name-lead-F (1)#1]          TextBuilder.java:412  | Skipping TextLine with null bounds: TextLine{ "" conf:NaN}
2026-05-10 17:27:33,076 WARN [Hallowed Be Your Name-lead-F (1)#1]          TextBuilder.java:412  | Skipping TextLine with null bounds: TextLine{ "" conf:NaN}
2026-05-10 17:27:33,076 WARN [Hallowed Be Your Name-lead-F (1)#1]          TextBuilder.java:412  | Skipping TextLine with null bounds: TextLine{ "" conf:NaN}
2026-05-10 17:27:33,076 WARN [Hallowed Be Your Name-lead-F (1)#1]          TextBuilder.java:412  | Skipping TextLine with null bounds: TextLine{ "" conf:NaN}
2026-05-10 17:27:37,908 INFO [Hallowed Be Your Name-lead-F (1)#1]           PageRhythm.java:176  | {Page#1.1} Starting PageRhythm time signature check
2026-05-10 17:27:37,908 INFO [Hallowed Be Your Name-lead-F (1)#1]           PageRhythm.java:178  | {Page#1.1} Initial range state: Range{SN1- tSig:6/8} → ts: TimePairInter#154{ FROZEN(0.952/0.952) staff:1 6/8}
2026-05-10 17:27:37,910 INFO [Hallowed Be Your Name-lead-F (1)#1]           PageRhythm.java:184  | {Page#1.1} Checking range: Range{SN1- tSig:6/8}, ts: TimePairInter#154{ FROZEN(0.952/0.952) staff:1 6/8}
2026-05-10 17:27:37,911 INFO [Hallowed Be Your Name-lead-F (1)#1]           PageRhythm.java:277  | Last range: Range{SN1-34 tSig:6/8 dur:3/4}
2026-05-10 17:27:37,911 INFO [Hallowed Be Your Name-lead-F (1)#1]           PageRhythm.java:278  | lastRange.timeRational = 6/8
2026-05-10 17:27:37,911 INFO [Hallowed Be Your Name-lead-F (1)#1]           PageRhythm.java:279  | lastRange.ts = TimePairInter#154{ FROZEN(0.952/0.952) staff:1 6/8}
2026-05-10 17:27:37,912 DEBUG [Hallowed Be Your Name-lead-F (1)#1]           PageRhythm.java:121  | MeasureStack#1 frats: 0 []
2026-05-10 17:27:37,913 DEBUG [Hallowed Be Your Name-lead-F (1)#1]           PageRhythm.java:121  | MeasureStack#2 frats: 3 [7762, 7767, 7768]
2026-05-10 17:27:37,913 DEBUG [Hallowed Be Your Name-lead-F (1)#1]           PageRhythm.java:121  | MeasureStack#3 frats: 1 [7230]
2026-05-10 17:27:37,914 DEBUG [Hallowed Be Your Name-lead-F (1)#1]           PageRhythm.java:121  | MeasureStack#4 frats: 2 [7769, 7770]
2026-05-10 17:27:37,914 DEBUG [Hallowed Be Your Name-lead-F (1)#1]           PageRhythm.java:121  | MeasureStack#5 frats: 0 []
2026-05-10 17:27:37,914 DEBUG [Hallowed Be Your Name-lead-F (1)#1]           PageRhythm.java:121  | MeasureStack#6 frats: 2 [7771, 7772]
2026-05-10 17:27:37,915 DEBUG [Hallowed Be Your Name-lead-F (1)#1]           PageRhythm.java:121  | MeasureStack#7 frats: 2 [8242, 8243]
2026-05-10 17:27:37,915 DEBUG [Hallowed Be Your Name-lead-F (1)#1]           PageRhythm.java:121  | MeasureStack#8 frats: 1 [8244]
2026-05-10 17:27:37,916 DEBUG [Hallowed Be Your Name-lead-F (1)#1]           PageRhythm.java:121  | MeasureStack#9 frats: 1 [8239]
2026-05-10 17:27:37,916 DEBUG [Hallowed Be Your Name-lead-F (1)#1]           PageRhythm.java:121  | MeasureStack#10 frats: 2 [8245, 8246]
2026-05-10 17:27:37,916 DEBUG [Hallowed Be Your Name-lead-F (1)#1]           PageRhythm.java:121  | MeasureStack#11 frats: 2 [8240, 8077]
2026-05-10 17:27:37,917 DEBUG [Hallowed Be Your Name-lead-F (1)#1]           PageRhythm.java:121  | MeasureStack#12 frats: 2 [8247, 8248]
2026-05-10 17:27:37,918 DEBUG [Hallowed Be Your Name-lead-F (1)#1]           PageRhythm.java:121  | MeasureStack#13 frats: 2 [8241, 8185]
2026-05-10 17:27:37,918 DEBUG [Hallowed Be Your Name-lead-F (1)#1]           PageRhythm.java:121  | MeasureStack#14 frats: 2 [8591, 8592]
2026-05-10 17:27:37,918 DEBUG [Hallowed Be Your Name-lead-F (1)#1]           PageRhythm.java:121  | MeasureStack#15 frats: 2 [8593, 8594]
2026-05-10 17:27:37,918 DEBUG [Hallowed Be Your Name-lead-F (1)#1]           PageRhythm.java:121  | MeasureStack#16 frats: 3 [8595, 8585, 8596]
2026-05-10 17:27:37,918 DEBUG [Hallowed Be Your Name-lead-F (1)#1]           PageRhythm.java:121  | MeasureStack#17 frats: 1 [8586]
2026-05-10 17:27:37,919 DEBUG [Hallowed Be Your Name-lead-F (1)#1]           PageRhythm.java:121  | MeasureStack#18 frats: 1 [8587]
2026-05-10 17:27:37,919 DEBUG [Hallowed Be Your Name-lead-F (1)#1]           PageRhythm.java:121  | MeasureStack#19 frats: 1 [8589]
2026-05-10 17:27:37,920 DEBUG [Hallowed Be Your Name-lead-F (1)#1]           PageRhythm.java:121  | MeasureStack#20 frats: 1 [8889]
2026-05-10 17:27:37,920 DEBUG [Hallowed Be Your Name-lead-F (1)#1]           PageRhythm.java:121  | MeasureStack#21 frats: 2 [8890, 8891]
2026-05-10 17:27:37,920 DEBUG [Hallowed Be Your Name-lead-F (1)#1]           PageRhythm.java:121  | MeasureStack#22 frats: 2 [8893, 8815]
2026-05-10 17:27:37,921 DEBUG [Hallowed Be Your Name-lead-F (1)#1]           PageRhythm.java:121  | MeasureStack#23 frats: 1 [8895]
2026-05-10 17:27:37,921 DEBUG [Hallowed Be Your Name-lead-F (1)#1]           PageRhythm.java:121  | MeasureStack#24 frats: 2 [9162, 9165]
2026-05-10 17:27:37,921 DEBUG [Hallowed Be Your Name-lead-F (1)#1]           PageRhythm.java:121  | MeasureStack#25 frats: 1 [9166]
2026-05-10 17:27:37,921 DEBUG [Hallowed Be Your Name-lead-F (1)#1]           PageRhythm.java:121  | MeasureStack#26 frats: 2 [9163, 9167]
2026-05-10 17:27:37,921 DEBUG [Hallowed Be Your Name-lead-F (1)#1]           PageRhythm.java:121  | MeasureStack#27 frats: 2 [9168, 9169]
2026-05-10 17:27:37,923 DEBUG [Hallowed Be Your Name-lead-F (1)#1]           PageRhythm.java:121  | MeasureStack#28 frats: 4 [9164, 9170, 9129, 9136]
2026-05-10 17:27:37,923 DEBUG [Hallowed Be Your Name-lead-F (1)#1]           PageRhythm.java:121  | MeasureStack#29 frats: 2 [9171, 9172]
2026-05-10 17:27:37,923 DEBUG [Hallowed Be Your Name-lead-F (1)#1]           PageRhythm.java:121  | MeasureStack#30 frats: 2 [9475, 9207]
2026-05-10 17:27:37,923 DEBUG [Hallowed Be Your Name-lead-F (1)#1]           PageRhythm.java:121  | MeasureStack#31 frats: 2 [9227, 9476]
2026-05-10 17:27:37,924 DEBUG [Hallowed Be Your Name-lead-F (1)#1]           PageRhythm.java:121  | MeasureStack#32 frats: 3 [9477, 9472, 9478]
2026-05-10 17:27:37,924 DEBUG [Hallowed Be Your Name-lead-F (1)#1]           PageRhythm.java:121  | MeasureStack#33 frats: 2 [9473, 9479]
2026-05-10 17:27:37,924 DEBUG [Hallowed Be Your Name-lead-F (1)#1]           PageRhythm.java:121  | MeasureStack#34 frats: 1 [9480]
2026-05-10 17:27:37,924 DEBUG [Hallowed Be Your Name-lead-F (1)#1]           PageRhythm.java:325  | Starting Range{SN1-34 tSig:6/8 dur:3/4}
2026-05-10 17:27:37,925 DEBUG [Hallowed Be Your Name-lead-F (1)#1]           PageRhythm.java:329  | About to process StackRhythm for MeasureStack#1
2026-05-10 17:27:37,926 DEBUG [Hallowed Be Your Name-lead-F (1)#1]          StackRhythm.java:221  | Setting expectedDuration=3/4 for stack on page 1
2026-05-10 17:27:37,936 DEBUG [Hallowed Be Your Name-lead-F (1)#1]           PageRhythm.java:331  | Finished processing StackRhythm for MeasureStack#1
2026-05-10 17:27:37,936 DEBUG [Hallowed Be Your Name-lead-F (1)#1]           PageRhythm.java:329  | About to process StackRhythm for MeasureStack#2
2026-05-10 17:27:37,936 DEBUG [Hallowed Be Your Name-lead-F (1)#1]          StackRhythm.java:221  | Setting expectedDuration=3/4 for stack on page 2
2026-05-10 17:27:37,946 INFO [Hallowed Be Your Name-lead-F (1)#1]          StackRhythm.java:226  | S1 MeasureStack#2 no correct rhythm
2026-05-10 17:27:37,946 DEBUG [Hallowed Be Your Name-lead-F (1)#1]           PageRhythm.java:331  | Finished processing StackRhythm for MeasureStack#2
2026-05-10 17:27:37,947 DEBUG [Hallowed Be Your Name-lead-F (1)#1]           PageRhythm.java:329  | About to process StackRhythm for MeasureStack#3
2026-05-10 17:27:37,947 DEBUG [Hallowed Be Your Name-lead-F (1)#1]          StackRhythm.java:221  | Setting expectedDuration=3/4 for stack on page 3
2026-05-10 17:27:37,950 DEBUG [Hallowed Be Your Name-lead-F (1)#1]           PageRhythm.java:331  | Finished processing StackRhythm for MeasureStack#3
2026-05-10 17:27:37,950 DEBUG [Hallowed Be Your Name-lead-F (1)#1]           PageRhythm.java:329  | About to process StackRhythm for MeasureStack#4
2026-05-10 17:27:37,950 DEBUG [Hallowed Be Your Name-lead-F (1)#1]          StackRhythm.java:221  | Setting expectedDuration=3/4 for stack on page 4
2026-05-10 17:27:37,951 DEBUG [Hallowed Be Your Name-lead-F (1)#1]           PageRhythm.java:331  | Finished processing StackRhythm for MeasureStack#4
2026-05-10 17:27:37,952 DEBUG [Hallowed Be Your Name-lead-F (1)#1]           PageRhythm.java:329  | About to process StackRhythm for MeasureStack#5
2026-05-10 17:27:37,952 DEBUG [Hallowed Be Your Name-lead-F (1)#1]          StackRhythm.java:221  | Setting expectedDuration=3/4 for stack on page 5
2026-05-10 17:27:37,953 DEBUG [Hallowed Be Your Name-lead-F (1)#1]           PageRhythm.java:331  | Finished processing StackRhythm for MeasureStack#5
2026-05-10 17:27:37,954 DEBUG [Hallowed Be Your Name-lead-F (1)#1]           PageRhythm.java:329  | About to process StackRhythm for MeasureStack#6
2026-05-10 17:27:37,954 DEBUG [Hallowed Be Your Name-lead-F (1)#1]          StackRhythm.java:221  | Setting expectedDuration=3/4 for stack on page 6
2026-05-10 17:27:37,955 DEBUG [Hallowed Be Your Name-lead-F (1)#1]           PageRhythm.java:331  | Finished processing StackRhythm for MeasureStack#6
2026-05-10 17:27:37,958 DEBUG [Hallowed Be Your Name-lead-F (1)#1]           PageRhythm.java:329  | About to process StackRhythm for MeasureStack#7
2026-05-10 17:27:37,959 DEBUG [Hallowed Be Your Name-lead-F (1)#1]          StackRhythm.java:221  | Setting expectedDuration=3/4 for stack on page 7
2026-05-10 17:27:37,961 DEBUG [Hallowed Be Your Name-lead-F (1)#1]           PageRhythm.java:331  | Finished processing StackRhythm for MeasureStack#7
2026-05-10 17:27:37,961 DEBUG [Hallowed Be Your Name-lead-F (1)#1]           PageRhythm.java:329  | About to process StackRhythm for MeasureStack#8
2026-05-10 17:27:37,962 DEBUG [Hallowed Be Your Name-lead-F (1)#1]          StackRhythm.java:221  | Setting expectedDuration=3/4 for stack on page 8
2026-05-10 17:27:37,963 DEBUG [Hallowed Be Your Name-lead-F (1)#1]           PageRhythm.java:331  | Finished processing StackRhythm for MeasureStack#8
2026-05-10 17:27:37,963 DEBUG [Hallowed Be Your Name-lead-F (1)#1]           PageRhythm.java:329  | About to process StackRhythm for MeasureStack#9
2026-05-10 17:27:37,963 DEBUG [Hallowed Be Your Name-lead-F (1)#1]          StackRhythm.java:221  | Setting expectedDuration=3/4 for stack on page 9
2026-05-10 17:27:37,964 DEBUG [Hallowed Be Your Name-lead-F (1)#1]           PageRhythm.java:331  | Finished processing StackRhythm for MeasureStack#9
2026-05-10 17:27:37,964 DEBUG [Hallowed Be Your Name-lead-F (1)#1]           PageRhythm.java:329  | About to process StackRhythm for MeasureStack#10
2026-05-10 17:27:37,964 DEBUG [Hallowed Be Your Name-lead-F (1)#1]          StackRhythm.java:221  | Setting expectedDuration=3/4 for stack on page 10
2026-05-10 17:27:37,965 DEBUG [Hallowed Be Your Name-lead-F (1)#1]           PageRhythm.java:331  | Finished processing StackRhythm for MeasureStack#10
2026-05-10 17:27:37,965 DEBUG [Hallowed Be Your Name-lead-F (1)#1]           PageRhythm.java:329  | About to process StackRhythm for MeasureStack#11
2026-05-10 17:27:37,966 DEBUG [Hallowed Be Your Name-lead-F (1)#1]          StackRhythm.java:221  | Setting expectedDuration=3/4 for stack on page 11
2026-05-10 17:27:37,968 DEBUG [Hallowed Be Your Name-lead-F (1)#1]           PageRhythm.java:331  | Finished processing StackRhythm for MeasureStack#11
2026-05-10 17:27:37,969 DEBUG [Hallowed Be Your Name-lead-F (1)#1]           PageRhythm.java:329  | About to process StackRhythm for MeasureStack#12
2026-05-10 17:27:37,970 DEBUG [Hallowed Be Your Name-lead-F (1)#1]          StackRhythm.java:221  | Setting expectedDuration=3/4 for stack on page 12
2026-05-10 17:27:37,970 DEBUG [Hallowed Be Your Name-lead-F (1)#1]           PageRhythm.java:331  | Finished processing StackRhythm for MeasureStack#12
2026-05-10 17:27:37,971 DEBUG [Hallowed Be Your Name-lead-F (1)#1]           PageRhythm.java:329  | About to process StackRhythm for MeasureStack#13
2026-05-10 17:27:37,971 DEBUG [Hallowed Be Your Name-lead-F (1)#1]          StackRhythm.java:221  | Setting expectedDuration=3/4 for stack on page 13
2026-05-10 17:27:37,973 DEBUG [Hallowed Be Your Name-lead-F (1)#1]           PageRhythm.java:331  | Finished processing StackRhythm for MeasureStack#13
2026-05-10 17:27:37,973 DEBUG [Hallowed Be Your Name-lead-F (1)#1]           PageRhythm.java:329  | About to process StackRhythm for MeasureStack#14
2026-05-10 17:27:37,974 DEBUG [Hallowed Be Your Name-lead-F (1)#1]          StackRhythm.java:221  | Setting expectedDuration=3/4 for stack on page 14
2026-05-10 17:27:37,975 DEBUG [Hallowed Be Your Name-lead-F (1)#1]           PageRhythm.java:331  | Finished processing StackRhythm for MeasureStack#14
2026-05-10 17:27:37,976 DEBUG [Hallowed Be Your Name-lead-F (1)#1]           PageRhythm.java:329  | About to process StackRhythm for MeasureStack#15
2026-05-10 17:27:37,977 DEBUG [Hallowed Be Your Name-lead-F (1)#1]          StackRhythm.java:221  | Setting expectedDuration=3/4 for stack on page 15
2026-05-10 17:27:37,978 DEBUG [Hallowed Be Your Name-lead-F (1)#1]           PageRhythm.java:331  | Finished processing StackRhythm for MeasureStack#15
2026-05-10 17:27:37,978 DEBUG [Hallowed Be Your Name-lead-F (1)#1]           PageRhythm.java:329  | About to process StackRhythm for MeasureStack#16
2026-05-10 17:27:37,978 DEBUG [Hallowed Be Your Name-lead-F (1)#1]          StackRhythm.java:221  | Setting expectedDuration=3/4 for stack on page 16
2026-05-10 17:27:37,979 DEBUG [Hallowed Be Your Name-lead-F (1)#1]           PageRhythm.java:331  | Finished processing StackRhythm for MeasureStack#16
2026-05-10 17:27:37,980 DEBUG [Hallowed Be Your Name-lead-F (1)#1]           PageRhythm.java:329  | About to process StackRhythm for MeasureStack#17
2026-05-10 17:27:37,980 DEBUG [Hallowed Be Your Name-lead-F (1)#1]          StackRhythm.java:221  | Setting expectedDuration=3/4 for stack on page 17
2026-05-10 17:27:37,980 DEBUG [Hallowed Be Your Name-lead-F (1)#1]           PageRhythm.java:331  | Finished processing StackRhythm for MeasureStack#17
2026-05-10 17:27:37,981 DEBUG [Hallowed Be Your Name-lead-F (1)#1]           PageRhythm.java:329  | About to process StackRhythm for MeasureStack#18
2026-05-10 17:27:37,982 DEBUG [Hallowed Be Your Name-lead-F (1)#1]          StackRhythm.java:221  | Setting expectedDuration=3/4 for stack on page 18
2026-05-10 17:27:37,983 DEBUG [Hallowed Be Your Name-lead-F (1)#1]           PageRhythm.java:331  | Finished processing StackRhythm for MeasureStack#18
2026-05-10 17:27:37,983 DEBUG [Hallowed Be Your Name-lead-F (1)#1]           PageRhythm.java:329  | About to process StackRhythm for MeasureStack#19
2026-05-10 17:27:37,984 DEBUG [Hallowed Be Your Name-lead-F (1)#1]          StackRhythm.java:221  | Setting expectedDuration=3/4 for stack on page 19
2026-05-10 17:27:37,986 DEBUG [Hallowed Be Your Name-lead-F (1)#1]           PageRhythm.java:331  | Finished processing StackRhythm for MeasureStack#19
2026-05-10 17:27:37,986 DEBUG [Hallowed Be Your Name-lead-F (1)#1]           PageRhythm.java:329  | About to process StackRhythm for MeasureStack#20
2026-05-10 17:27:37,987 DEBUG [Hallowed Be Your Name-lead-F (1)#1]          StackRhythm.java:221  | Setting expectedDuration=3/4 for stack on page 20
2026-05-10 17:27:37,988 INFO [Hallowed Be Your Name-lead-F (1)#1]          StackRhythm.java:226  | S4 MeasureStack#20 no correct rhythm
2026-05-10 17:27:37,988 DEBUG [Hallowed Be Your Name-lead-F (1)#1]           PageRhythm.java:331  | Finished processing StackRhythm for MeasureStack#20
2026-05-10 17:27:37,988 DEBUG [Hallowed Be Your Name-lead-F (1)#1]           PageRhythm.java:329  | About to process StackRhythm for MeasureStack#21
2026-05-10 17:27:37,988 DEBUG [Hallowed Be Your Name-lead-F (1)#1]          StackRhythm.java:221  | Setting expectedDuration=3/4 for stack on page 21
2026-05-10 17:27:37,991 INFO [Hallowed Be Your Name-lead-F (1)#1]          StackRhythm.java:226  | S4 MeasureStack#21 no correct rhythm
2026-05-10 17:27:37,992 DEBUG [Hallowed Be Your Name-lead-F (1)#1]           PageRhythm.java:331  | Finished processing StackRhythm for MeasureStack#21
2026-05-10 17:27:37,993 DEBUG [Hallowed Be Your Name-lead-F (1)#1]           PageRhythm.java:329  | About to process StackRhythm for MeasureStack#22
2026-05-10 17:27:37,993 DEBUG [Hallowed Be Your Name-lead-F (1)#1]          StackRhythm.java:221  | Setting expectedDuration=3/4 for stack on page 22
2026-05-10 17:27:37,997 DEBUG [Hallowed Be Your Name-lead-F (1)#1]           PageRhythm.java:331  | Finished processing StackRhythm for MeasureStack#22
2026-05-10 17:27:37,997 DEBUG [Hallowed Be Your Name-lead-F (1)#1]           PageRhythm.java:329  | About to process StackRhythm for MeasureStack#23
2026-05-10 17:27:37,998 DEBUG [Hallowed Be Your Name-lead-F (1)#1]          StackRhythm.java:221  | Setting expectedDuration=3/4 for stack on page 23
2026-05-10 17:27:37,999 DEBUG [Hallowed Be Your Name-lead-F (1)#1]           PageRhythm.java:331  | Finished processing StackRhythm for MeasureStack#23
2026-05-10 17:27:38,000 DEBUG [Hallowed Be Your Name-lead-F (1)#1]           PageRhythm.java:329  | About to process StackRhythm for MeasureStack#24
2026-05-10 17:27:38,001 DEBUG [Hallowed Be Your Name-lead-F (1)#1]          StackRhythm.java:221  | Setting expectedDuration=3/4 for stack on page 24
2026-05-10 17:27:38,002 DEBUG [Hallowed Be Your Name-lead-F (1)#1]           PageRhythm.java:331  | Finished processing StackRhythm for MeasureStack#24
2026-05-10 17:27:38,002 DEBUG [Hallowed Be Your Name-lead-F (1)#1]           PageRhythm.java:329  | About to process StackRhythm for MeasureStack#25
2026-05-10 17:27:38,002 DEBUG [Hallowed Be Your Name-lead-F (1)#1]          StackRhythm.java:221  | Setting expectedDuration=3/4 for stack on page 25
2026-05-10 17:27:38,003 DEBUG [Hallowed Be Your Name-lead-F (1)#1]           PageRhythm.java:331  | Finished processing StackRhythm for MeasureStack#25
2026-05-10 17:27:38,004 DEBUG [Hallowed Be Your Name-lead-F (1)#1]           PageRhythm.java:329  | About to process StackRhythm for MeasureStack#26
2026-05-10 17:27:38,004 DEBUG [Hallowed Be Your Name-lead-F (1)#1]          StackRhythm.java:221  | Setting expectedDuration=3/4 for stack on page 26
2026-05-10 17:27:38,005 DEBUG [Hallowed Be Your Name-lead-F (1)#1]           PageRhythm.java:331  | Finished processing StackRhythm for MeasureStack#26
2026-05-10 17:27:38,005 DEBUG [Hallowed Be Your Name-lead-F (1)#1]           PageRhythm.java:329  | About to process StackRhythm for MeasureStack#27
2026-05-10 17:27:38,006 DEBUG [Hallowed Be Your Name-lead-F (1)#1]          StackRhythm.java:221  | Setting expectedDuration=3/4 for stack on page 27
2026-05-10 17:27:38,006 DEBUG [Hallowed Be Your Name-lead-F (1)#1]           PageRhythm.java:331  | Finished processing StackRhythm for MeasureStack#27
2026-05-10 17:27:38,007 DEBUG [Hallowed Be Your Name-lead-F (1)#1]           PageRhythm.java:329  | About to process StackRhythm for MeasureStack#28
2026-05-10 17:27:38,007 DEBUG [Hallowed Be Your Name-lead-F (1)#1]          StackRhythm.java:221  | Setting expectedDuration=3/4 for stack on page 28
2026-05-10 17:27:38,007 DEBUG [Hallowed Be Your Name-lead-F (1)#1]           PageRhythm.java:331  | Finished processing StackRhythm for MeasureStack#28
2026-05-10 17:27:38,007 DEBUG [Hallowed Be Your Name-lead-F (1)#1]           PageRhythm.java:329  | About to process StackRhythm for MeasureStack#29
2026-05-10 17:27:38,008 DEBUG [Hallowed Be Your Name-lead-F (1)#1]          StackRhythm.java:221  | Setting expectedDuration=3/4 for stack on page 29
2026-05-10 17:27:38,009 DEBUG [Hallowed Be Your Name-lead-F (1)#1]           PageRhythm.java:331  | Finished processing StackRhythm for MeasureStack#29
2026-05-10 17:27:38,009 DEBUG [Hallowed Be Your Name-lead-F (1)#1]           PageRhythm.java:329  | About to process StackRhythm for MeasureStack#30
2026-05-10 17:27:38,009 DEBUG [Hallowed Be Your Name-lead-F (1)#1]          StackRhythm.java:221  | Setting expectedDuration=3/4 for stack on page 30
2026-05-10 17:27:38,010 DEBUG [Hallowed Be Your Name-lead-F (1)#1]           PageRhythm.java:331  | Finished processing StackRhythm for MeasureStack#30
2026-05-10 17:27:38,010 DEBUG [Hallowed Be Your Name-lead-F (1)#1]           PageRhythm.java:329  | About to process StackRhythm for MeasureStack#31
2026-05-10 17:27:38,011 DEBUG [Hallowed Be Your Name-lead-F (1)#1]          StackRhythm.java:221  | Setting expectedDuration=3/4 for stack on page 31
2026-05-10 17:27:38,012 DEBUG [Hallowed Be Your Name-lead-F (1)#1]           PageRhythm.java:331  | Finished processing StackRhythm for MeasureStack#31
2026-05-10 17:27:38,013 DEBUG [Hallowed Be Your Name-lead-F (1)#1]           PageRhythm.java:329  | About to process StackRhythm for MeasureStack#32
2026-05-10 17:27:38,013 DEBUG [Hallowed Be Your Name-lead-F (1)#1]          StackRhythm.java:221  | Setting expectedDuration=3/4 for stack on page 32
2026-05-10 17:27:38,014 DEBUG [Hallowed Be Your Name-lead-F (1)#1]           PageRhythm.java:331  | Finished processing StackRhythm for MeasureStack#32
2026-05-10 17:27:38,015 DEBUG [Hallowed Be Your Name-lead-F (1)#1]           PageRhythm.java:329  | About to process StackRhythm for MeasureStack#33
2026-05-10 17:27:38,015 DEBUG [Hallowed Be Your Name-lead-F (1)#1]          StackRhythm.java:221  | Setting expectedDuration=3/4 for stack on page 33
2026-05-10 17:27:38,016 DEBUG [Hallowed Be Your Name-lead-F (1)#1]           PageRhythm.java:331  | Finished processing StackRhythm for MeasureStack#33
2026-05-10 17:27:38,018 DEBUG [Hallowed Be Your Name-lead-F (1)#1]           PageRhythm.java:329  | About to process StackRhythm for MeasureStack#34
2026-05-10 17:27:38,018 DEBUG [Hallowed Be Your Name-lead-F (1)#1]          StackRhythm.java:221  | Setting expectedDuration=3/4 for stack on page 34
2026-05-10 17:27:38,020 DEBUG [Hallowed Be Your Name-lead-F (1)#1]           PageRhythm.java:331  | Finished processing StackRhythm for MeasureStack#34
2026-05-10 17:27:44,157 WARN [Hallowed Be Your Name-lead-F (1)#2]          TextBuilder.java:412  | Skipping TextLine with null bounds: TextLine{ "" conf:NaN}
2026-05-10 17:27:44,158 WARN [Hallowed Be Your Name-lead-F (1)#2]          TextBuilder.java:412  | Skipping TextLine with null bounds: TextLine{ "" conf:NaN}
2026-05-10 17:27:44,158 WARN [Hallowed Be Your Name-lead-F (1)#2]          TextBuilder.java:412  | Skipping TextLine with null bounds: TextLine{ "" conf:NaN}
2026-05-10 17:27:44,158 WARN [Hallowed Be Your Name-lead-F (1)#2]          TextBuilder.java:412  | Skipping TextLine with null bounds: TextLine{ "" conf:NaN}
2026-05-10 17:27:44,159 WARN [Hallowed Be Your Name-lead-F (1)#2]          TextBuilder.java:412  | Skipping TextLine with null bounds: TextLine{ "" conf:NaN}
2026-05-10 17:27:44,159 WARN [Hallowed Be Your Name-lead-F (1)#2]          TextBuilder.java:412  | Skipping TextLine with null bounds: TextLine{ "" conf:NaN}
2026-05-10 17:27:44,159 WARN [Hallowed Be Your Name-lead-F (1)#2]          TextBuilder.java:412  | Skipping TextLine with null bounds: TextLine{ "" conf:NaN}
2026-05-10 17:27:44,159 WARN [Hallowed Be Your Name-lead-F (1)#2]          TextBuilder.java:412  | Skipping TextLine with null bounds: TextLine{ "" conf:NaN}
2026-05-10 17:27:44,159 WARN [Hallowed Be Your Name-lead-F (1)#2]          TextBuilder.java:412  | Skipping TextLine with null bounds: TextLine{ "" conf:NaN}
2026-05-10 17:27:44,159 WARN [Hallowed Be Your Name-lead-F (1)#2]          TextBuilder.java:412  | Skipping TextLine with null bounds: TextLine{ "" conf:NaN}
2026-05-10 17:27:44,159 WARN [Hallowed Be Your Name-lead-F (1)#2]          TextBuilder.java:412  | Skipping TextLine with null bounds: TextLine{ "" conf:NaN}
2026-05-10 17:27:44,161 WARN [Hallowed Be Your Name-lead-F (1)#2]          TextBuilder.java:412  | Skipping TextLine with null bounds: TextLine{ "" conf:NaN}
2026-05-10 17:27:44,161 WARN [Hallowed Be Your Name-lead-F (1)#2]          TextBuilder.java:412  | Skipping TextLine with null bounds: TextLine{ "" conf:NaN}
2026-05-10 17:27:44,161 WARN [Hallowed Be Your Name-lead-F (1)#2]          TextBuilder.java:412  | Skipping TextLine with null bounds: TextLine{ "" conf:NaN}
2026-05-10 17:27:44,162 WARN [Hallowed Be Your Name-lead-F (1)#2]          TextBuilder.java:412  | Skipping TextLine with null bounds: TextLine{ "" conf:NaN}
2026-05-10 17:27:44,162 WARN [Hallowed Be Your Name-lead-F (1)#2]          TextBuilder.java:412  | Skipping TextLine with null bounds: TextLine{ "" conf:NaN}
2026-05-10 17:27:44,162 WARN [Hallowed Be Your Name-lead-F (1)#2]          TextBuilder.java:412  | Skipping TextLine with null bounds: TextLine{ "" conf:NaN}
2026-05-10 17:27:44,162 WARN [Hallowed Be Your Name-lead-F (1)#2]          TextBuilder.java:412  | Skipping TextLine with null bounds: TextLine{ "" conf:NaN}
2026-05-10 17:27:44,162 WARN [Hallowed Be Your Name-lead-F (1)#2]          TextBuilder.java:412  | Skipping TextLine with null bounds: TextLine{ "" conf:NaN}
2026-05-10 17:27:44,163 WARN [Hallowed Be Your Name-lead-F (1)#2]          TextBuilder.java:412  | Skipping TextLine with null bounds: TextLine{ "" conf:NaN}
2026-05-10 17:27:44,164 WARN [Hallowed Be Your Name-lead-F (1)#2]          TextBuilder.java:412  | Skipping TextLine with null bounds: TextLine{ "" conf:NaN}
2026-05-10 17:27:44,164 WARN [Hallowed Be Your Name-lead-F (1)#2]          TextBuilder.java:412  | Skipping TextLine with null bounds: TextLine{ "" conf:NaN}
2026-05-10 17:27:44,164 WARN [Hallowed Be Your Name-lead-F (1)#2]          TextBuilder.java:412  | Skipping TextLine with null bounds: TextLine{ "" conf:NaN}
2026-05-10 17:27:44,164 WARN [Hallowed Be Your Name-lead-F (1)#2]          TextBuilder.java:412  | Skipping TextLine with null bounds: TextLine{ "" conf:NaN}
2026-05-10 17:27:44,164 WARN [Hallowed Be Your Name-lead-F (1)#2]          TextBuilder.java:412  | Skipping TextLine with null bounds: TextLine{ "" conf:NaN}
2026-05-10 17:27:44,165 WARN [Hallowed Be Your Name-lead-F (1)#2]          TextBuilder.java:412  | Skipping TextLine with null bounds: TextLine{ "" conf:NaN}
2026-05-10 17:27:44,165 WARN [Hallowed Be Your Name-lead-F (1)#2]          TextBuilder.java:412  | Skipping TextLine with null bounds: TextLine{ "" conf:NaN}
2026-05-10 17:27:44,166 WARN [Hallowed Be Your Name-lead-F (1)#2]          TextBuilder.java:412  | Skipping TextLine with null bounds: TextLine{ "" conf:NaN}
2026-05-10 17:27:44,166 WARN [Hallowed Be Your Name-lead-F (1)#2]          TextBuilder.java:412  | Skipping TextLine with null bounds: TextLine{ "" conf:NaN}
2026-05-10 17:27:44,166 WARN [Hallowed Be Your Name-lead-F (1)#2]          TextBuilder.java:412  | Skipping TextLine with null bounds: TextLine{ "" conf:NaN}
2026-05-10 17:27:44,167 WARN [Hallowed Be Your Name-lead-F (1)#2]          TextBuilder.java:412  | Skipping TextLine with null bounds: TextLine{ "" conf:NaN}
2026-05-10 17:27:44,167 WARN [Hallowed Be Your Name-lead-F (1)#2]          TextBuilder.java:412  | Skipping TextLine with null bounds: TextLine{ "" conf:NaN}
2026-05-10 17:27:44,167 WARN [Hallowed Be Your Name-lead-F (1)#2]          TextBuilder.java:412  | Skipping TextLine with null bounds: TextLine{ "" conf:NaN}
2026-05-10 17:27:44,167 WARN [Hallowed Be Your Name-lead-F (1)#2]          TextBuilder.java:412  | Skipping TextLine with null bounds: TextLine{ "" conf:NaN}
2026-05-10 17:27:44,167 WARN [Hallowed Be Your Name-lead-F (1)#2]          TextBuilder.java:412  | Skipping TextLine with null bounds: TextLine{ "" conf:NaN}
2026-05-10 17:27:44,168 WARN [Hallowed Be Your Name-lead-F (1)#2]          TextBuilder.java:412  | Skipping TextLine with null bounds: TextLine{ "" conf:NaN}
2026-05-10 17:27:44,168 WARN [Hallowed Be Your Name-lead-F (1)#2]          TextBuilder.java:412  | Skipping TextLine with null bounds: TextLine{ "" conf:NaN}
2026-05-10 17:27:44,168 WARN [Hallowed Be Your Name-lead-F (1)#2]          TextBuilder.java:412  | Skipping TextLine with null bounds: TextLine{ "" conf:NaN}
2026-05-10 17:27:44,168 WARN [Hallowed Be Your Name-lead-F (1)#2]          TextBuilder.java:412  | Skipping TextLine with null bounds: TextLine{ "" conf:NaN}
2026-05-10 17:27:45,855 INFO [Hallowed Be Your Name-lead-F (1)#2]           PageRhythm.java:176  | {Page#2.1} Starting PageRhythm time signature check
2026-05-10 17:27:45,855 INFO [Hallowed Be Your Name-lead-F (1)#2]           PageRhythm.java:178  | {Page#2.1} Initial range state: Range{SN1-} → ts: null
2026-05-10 17:27:45,856 INFO [Hallowed Be Your Name-lead-F (1)#2]           PageRhythm.java:184  | {Page#2.1} Checking range: Range{SN1-}, ts: null
2026-05-10 17:27:45,856 INFO [Hallowed Be Your Name-lead-F (1)#2]           PageRhythm.java:207  | {Page#2.1} Time value reused from sheet#1
2026-05-10 17:27:45,856 INFO [Hallowed Be Your Name-lead-F (1)#2]           PageRhythm.java:277  | Last range: Range{SN1-13 tRat:6/8 dur:3/4}
2026-05-10 17:27:45,856 INFO [Hallowed Be Your Name-lead-F (1)#2]           PageRhythm.java:278  | lastRange.timeRational = 6/8
2026-05-10 17:27:45,857 INFO [Hallowed Be Your Name-lead-F (1)#2]           PageRhythm.java:279  | lastRange.ts = null
2026-05-10 17:27:45,857 DEBUG [Hallowed Be Your Name-lead-F (1)#2]           PageRhythm.java:121  | MeasureStack#1 frats: 2 [2418, 2419]
2026-05-10 17:27:45,858 DEBUG [Hallowed Be Your Name-lead-F (1)#2]           PageRhythm.java:121  | MeasureStack#2 frats: 0 []
2026-05-10 17:27:45,858 DEBUG [Hallowed Be Your Name-lead-F (1)#2]           PageRhythm.java:121  | MeasureStack#3 frats: 2 [2420, 2421]
2026-05-10 17:27:45,858 DEBUG [Hallowed Be Your Name-lead-F (1)#2]           PageRhythm.java:121  | MeasureStack#4 frats: 3 [2414, 2422, 2424]
2026-05-10 17:27:45,858 DEBUG [Hallowed Be Your Name-lead-F (1)#2]           PageRhythm.java:121  | MeasureStack#5 frats: 2 [2425, 2426]
2026-05-10 17:27:45,858 DEBUG [Hallowed Be Your Name-lead-F (1)#2]           PageRhythm.java:121  | MeasureStack#6 frats: 3 [2427, 2417, 2429]
2026-05-10 17:27:45,859 DEBUG [Hallowed Be Your Name-lead-F (1)#2]           PageRhythm.java:121  | MeasureStack#7 frats: 3 [2446, 2566, 2567]
2026-05-10 17:27:45,859 DEBUG [Hallowed Be Your Name-lead-F (1)#2]           PageRhythm.java:121  | MeasureStack#8 frats: 1 [2568]
2026-05-10 17:27:45,860 DEBUG [Hallowed Be Your Name-lead-F (1)#2]           PageRhythm.java:121  | MeasureStack#9 frats: 3 [2569, 2563, 2570]
2026-05-10 17:27:45,861 DEBUG [Hallowed Be Your Name-lead-F (1)#2]           PageRhythm.java:121  | MeasureStack#10 frats: 1 [2564]
2026-05-10 17:27:45,861 DEBUG [Hallowed Be Your Name-lead-F (1)#2]           PageRhythm.java:121  | MeasureStack#11 frats: 2 [2571, 2572]
2026-05-10 17:27:45,861 DEBUG [Hallowed Be Your Name-lead-F (1)#2]           PageRhythm.java:121  | MeasureStack#12 frats: 1 [2671]
2026-05-10 17:27:45,862 DEBUG [Hallowed Be Your Name-lead-F (1)#2]           PageRhythm.java:121  | MeasureStack#13 frats: 1 [2672]
2026-05-10 17:27:45,862 DEBUG [Hallowed Be Your Name-lead-F (1)#2]           PageRhythm.java:325  | Starting Range{SN1-13 tRat:6/8 dur:3/4}
2026-05-10 17:27:45,863 DEBUG [Hallowed Be Your Name-lead-F (1)#2]           PageRhythm.java:329  | About to process StackRhythm for MeasureStack#1
2026-05-10 17:27:45,863 DEBUG [Hallowed Be Your Name-lead-F (1)#2]          StackRhythm.java:221  | Setting expectedDuration=3/4 for stack on page 1
2026-05-10 17:27:45,864 DEBUG [Hallowed Be Your Name-lead-F (1)#2]           PageRhythm.java:331  | Finished processing StackRhythm for MeasureStack#1
2026-05-10 17:27:45,864 DEBUG [Hallowed Be Your Name-lead-F (1)#2]           PageRhythm.java:329  | About to process StackRhythm for MeasureStack#2
2026-05-10 17:27:45,864 DEBUG [Hallowed Be Your Name-lead-F (1)#2]          StackRhythm.java:221  | Setting expectedDuration=3/4 for stack on page 2
2026-05-10 17:27:45,865 DEBUG [Hallowed Be Your Name-lead-F (1)#2]           PageRhythm.java:331  | Finished processing StackRhythm for MeasureStack#2
2026-05-10 17:27:45,865 DEBUG [Hallowed Be Your Name-lead-F (1)#2]           PageRhythm.java:329  | About to process StackRhythm for MeasureStack#3
2026-05-10 17:27:45,865 DEBUG [Hallowed Be Your Name-lead-F (1)#2]          StackRhythm.java:221  | Setting expectedDuration=3/4 for stack on page 3
2026-05-10 17:27:45,866 DEBUG [Hallowed Be Your Name-lead-F (1)#2]           PageRhythm.java:331  | Finished processing StackRhythm for MeasureStack#3
2026-05-10 17:27:45,866 DEBUG [Hallowed Be Your Name-lead-F (1)#2]           PageRhythm.java:329  | About to process StackRhythm for MeasureStack#4
2026-05-10 17:27:45,867 DEBUG [Hallowed Be Your Name-lead-F (1)#2]          StackRhythm.java:221  | Setting expectedDuration=3/4 for stack on page 4
2026-05-10 17:27:45,868 DEBUG [Hallowed Be Your Name-lead-F (1)#2]           PageRhythm.java:331  | Finished processing StackRhythm for MeasureStack#4
2026-05-10 17:27:45,868 DEBUG [Hallowed Be Your Name-lead-F (1)#2]           PageRhythm.java:329  | About to process StackRhythm for MeasureStack#5
2026-05-10 17:27:45,868 DEBUG [Hallowed Be Your Name-lead-F (1)#2]          StackRhythm.java:221  | Setting expectedDuration=3/4 for stack on page 5
2026-05-10 17:27:45,869 DEBUG [Hallowed Be Your Name-lead-F (1)#2]           PageRhythm.java:331  | Finished processing StackRhythm for MeasureStack#5
2026-05-10 17:27:45,869 DEBUG [Hallowed Be Your Name-lead-F (1)#2]           PageRhythm.java:329  | About to process StackRhythm for MeasureStack#6
2026-05-10 17:27:45,870 DEBUG [Hallowed Be Your Name-lead-F (1)#2]          StackRhythm.java:221  | Setting expectedDuration=3/4 for stack on page 6
2026-05-10 17:27:45,870 DEBUG [Hallowed Be Your Name-lead-F (1)#2]           PageRhythm.java:331  | Finished processing StackRhythm for MeasureStack#6
2026-05-10 17:27:45,871 DEBUG [Hallowed Be Your Name-lead-F (1)#2]           PageRhythm.java:329  | About to process StackRhythm for MeasureStack#7
2026-05-10 17:27:45,871 DEBUG [Hallowed Be Your Name-lead-F (1)#2]          StackRhythm.java:221  | Setting expectedDuration=3/4 for stack on page 7
2026-05-10 17:27:45,872 DEBUG [Hallowed Be Your Name-lead-F (1)#2]           PageRhythm.java:331  | Finished processing StackRhythm for MeasureStack#7
2026-05-10 17:27:45,872 DEBUG [Hallowed Be Your Name-lead-F (1)#2]           PageRhythm.java:329  | About to process StackRhythm for MeasureStack#8
2026-05-10 17:27:45,872 DEBUG [Hallowed Be Your Name-lead-F (1)#2]          StackRhythm.java:221  | Setting expectedDuration=3/4 for stack on page 8
2026-05-10 17:27:45,874 DEBUG [Hallowed Be Your Name-lead-F (1)#2]           PageRhythm.java:331  | Finished processing StackRhythm for MeasureStack#8
2026-05-10 17:27:45,874 DEBUG [Hallowed Be Your Name-lead-F (1)#2]           PageRhythm.java:329  | About to process StackRhythm for MeasureStack#9
2026-05-10 17:27:45,874 DEBUG [Hallowed Be Your Name-lead-F (1)#2]          StackRhythm.java:221  | Setting expectedDuration=3/4 for stack on page 9
2026-05-10 17:27:45,875 DEBUG [Hallowed Be Your Name-lead-F (1)#2]           PageRhythm.java:331  | Finished processing StackRhythm for MeasureStack#9
2026-05-10 17:27:45,875 DEBUG [Hallowed Be Your Name-lead-F (1)#2]           PageRhythm.java:329  | About to process StackRhythm for MeasureStack#10
2026-05-10 17:27:45,875 DEBUG [Hallowed Be Your Name-lead-F (1)#2]          StackRhythm.java:221  | Setting expectedDuration=3/4 for stack on page 10
2026-05-10 17:27:45,876 DEBUG [Hallowed Be Your Name-lead-F (1)#2]           PageRhythm.java:331  | Finished processing StackRhythm for MeasureStack#10
2026-05-10 17:27:45,876 DEBUG [Hallowed Be Your Name-lead-F (1)#2]           PageRhythm.java:329  | About to process StackRhythm for MeasureStack#11
2026-05-10 17:27:45,876 DEBUG [Hallowed Be Your Name-lead-F (1)#2]          StackRhythm.java:221  | Setting expectedDuration=3/4 for stack on page 11
2026-05-10 17:27:45,877 DEBUG [Hallowed Be Your Name-lead-F (1)#2]           PageRhythm.java:331  | Finished processing StackRhythm for MeasureStack#11
2026-05-10 17:27:45,877 DEBUG [Hallowed Be Your Name-lead-F (1)#2]           PageRhythm.java:329  | About to process StackRhythm for MeasureStack#12
2026-05-10 17:27:45,877 DEBUG [Hallowed Be Your Name-lead-F (1)#2]          StackRhythm.java:221  | Setting expectedDuration=3/4 for stack on page 12
2026-05-10 17:27:45,878 INFO [Hallowed Be Your Name-lead-F (1)#2]          StackRhythm.java:226  | S3 MeasureStack#12 no correct rhythm
2026-05-10 17:27:45,879 DEBUG [Hallowed Be Your Name-lead-F (1)#2]           PageRhythm.java:331  | Finished processing StackRhythm for MeasureStack#12
2026-05-10 17:27:45,879 DEBUG [Hallowed Be Your Name-lead-F (1)#2]           PageRhythm.java:329  | About to process StackRhythm for MeasureStack#13
2026-05-10 17:27:45,879 DEBUG [Hallowed Be Your Name-lead-F (1)#2]          StackRhythm.java:221  | Setting expectedDuration=3/4 for stack on page 13
2026-05-10 17:27:45,880 DEBUG [Hallowed Be Your Name-lead-F (1)#2]           PageRhythm.java:331  | Finished processing StackRhythm for MeasureStack#13
