2026-05-10 17:26:03,405 WARN [Great Is Thy Faithfulness-lead-D]          TextBuilder.java:412  | Skipping TextLine with null bounds: TextLine{ "" conf:NaN}
2026-05-10 17:26:03,408 WARN [Great Is Thy Faithfulness-lead-D]          TextBuilder.java:412  | Skipping TextLine with null bounds: TextLine{ "" conf:NaN}
2026-05-10 17:26:03,408 WARN [Great Is Thy Faithfulness-lead-D]          TextBuilder.java:412  | Skipping TextLine with null bounds: TextLine{ "" conf:NaN}
2026-05-10 17:26:03,409 WARN [Great Is Thy Faithfulness-lead-D]          TextBuilder.java:412  | Skipping TextLine with null bounds: TextLine{ "" conf:NaN}
2026-05-10 17:26:03,410 WARN [Great Is Thy Faithfulness-lead-D]          TextBuilder.java:412  | Skipping TextLine with null bounds: TextLine{ "" conf:NaN}
2026-05-10 17:26:03,411 WARN [Great Is Thy Faithfulness-lead-D]          TextBuilder.java:412  | Skipping TextLine with null bounds: TextLine{ "" conf:NaN}
2026-05-10 17:26:03,411 WARN [Great Is Thy Faithfulness-lead-D]          TextBuilder.java:412  | Skipping TextLine with null bounds: TextLine{ "" conf:NaN}
2026-05-10 17:26:03,411 WARN [Great Is Thy Faithfulness-lead-D]          TextBuilder.java:412  | Skipping TextLine with null bounds: TextLine{ "" conf:NaN}
2026-05-10 17:26:03,411 WARN [Great Is Thy Faithfulness-lead-D]          TextBuilder.java:412  | Skipping TextLine with null bounds: TextLine{ "" conf:NaN}
2026-05-10 17:26:03,413 WARN [Great Is Thy Faithfulness-lead-D]          TextBuilder.java:412  | Skipping TextLine with null bounds: TextLine{ "" conf:NaN}
2026-05-10 17:26:03,413 WARN [Great Is Thy Faithfulness-lead-D]          TextBuilder.java:412  | Skipping TextLine with null bounds: TextLine{ "" conf:NaN}
2026-05-10 17:26:03,413 WARN [Great Is Thy Faithfulness-lead-D]          TextBuilder.java:412  | Skipping TextLine with null bounds: TextLine{ "" conf:NaN}
2026-05-10 17:26:03,413 WARN [Great Is Thy Faithfulness-lead-D]          TextBuilder.java:412  | Skipping TextLine with null bounds: TextLine{ "" conf:NaN}
2026-05-10 17:26:03,414 WARN [Great Is Thy Faithfulness-lead-D]          TextBuilder.java:412  | Skipping TextLine with null bounds: TextLine{ "" conf:NaN}
2026-05-10 17:26:03,414 WARN [Great Is Thy Faithfulness-lead-D]          TextBuilder.java:412  | Skipping TextLine with null bounds: TextLine{ "" conf:NaN}
2026-05-10 17:26:03,414 WARN [Great Is Thy Faithfulness-lead-D]          TextBuilder.java:412  | Skipping TextLine with null bounds: TextLine{ "" conf:NaN}
2026-05-10 17:26:03,415 WARN [Great Is Thy Faithfulness-lead-D]          TextBuilder.java:412  | Skipping TextLine with null bounds: TextLine{ "" conf:NaN}
2026-05-10 17:26:03,415 WARN [Great Is Thy Faithfulness-lead-D]          TextBuilder.java:412  | Skipping TextLine with null bounds: TextLine{ "" conf:NaN}
2026-05-10 17:26:03,415 WARN [Great Is Thy Faithfulness-lead-D]          TextBuilder.java:412  | Skipping TextLine with null bounds: TextLine{ "" conf:NaN}
2026-05-10 17:26:03,415 WARN [Great Is Thy Faithfulness-lead-D]          TextBuilder.java:412  | Skipping TextLine with null bounds: TextLine{ "" conf:NaN}
2026-05-10 17:26:03,417 WARN [Great Is Thy Faithfulness-lead-D]          TextBuilder.java:412  | Skipping TextLine with null bounds: TextLine{ "" conf:NaN}
2026-05-10 17:26:03,417 WARN [Great Is Thy Faithfulness-lead-D]          TextBuilder.java:412  | Skipping TextLine with null bounds: TextLine{ "" conf:NaN}
2026-05-10 17:26:03,417 WARN [Great Is Thy Faithfulness-lead-D]          TextBuilder.java:412  | Skipping TextLine with null bounds: TextLine{ "" conf:NaN}
2026-05-10 17:26:03,418 WARN [Great Is Thy Faithfulness-lead-D]          TextBuilder.java:412  | Skipping TextLine with null bounds: TextLine{ "" conf:NaN}
2026-05-10 17:26:03,419 WARN [Great Is Thy Faithfulness-lead-D]          TextBuilder.java:412  | Skipping TextLine with null bounds: TextLine{ "" conf:NaN}
2026-05-10 17:26:03,419 WARN [Great Is Thy Faithfulness-lead-D]          TextBuilder.java:412  | Skipping TextLine with null bounds: TextLine{ "" conf:NaN}
2026-05-10 17:26:03,420 WARN [Great Is Thy Faithfulness-lead-D]          TextBuilder.java:412  | Skipping TextLine with null bounds: TextLine{ "" conf:NaN}
2026-05-10 17:26:03,420 WARN [Great Is Thy Faithfulness-lead-D]          TextBuilder.java:412  | Skipping TextLine with null bounds: TextLine{ "" conf:NaN}
2026-05-10 17:26:03,420 WARN [Great Is Thy Faithfulness-lead-D]          TextBuilder.java:412  | Skipping TextLine with null bounds: TextLine{ "" conf:NaN}
2026-05-10 17:26:03,421 WARN [Great Is Thy Faithfulness-lead-D]          TextBuilder.java:412  | Skipping TextLine with null bounds: TextLine{ "" conf:NaN}
2026-05-10 17:26:03,421 WARN [Great Is Thy Faithfulness-lead-D]          TextBuilder.java:412  | Skipping TextLine with null bounds: TextLine{ "" conf:NaN}
2026-05-10 17:26:03,421 WARN [Great Is Thy Faithfulness-lead-D]          TextBuilder.java:412  | Skipping TextLine with null bounds: TextLine{ "" conf:NaN}
2026-05-10 17:26:03,422 WARN [Great Is Thy Faithfulness-lead-D]          TextBuilder.java:412  | Skipping TextLine with null bounds: TextLine{ "" conf:NaN}
2026-05-10 17:26:03,422 WARN [Great Is Thy Faithfulness-lead-D]          TextBuilder.java:412  | Skipping TextLine with null bounds: TextLine{ "" conf:NaN}
2026-05-10 17:26:03,422 WARN [Great Is Thy Faithfulness-lead-D]          TextBuilder.java:412  | Skipping TextLine with null bounds: TextLine{ "" conf:NaN}
2026-05-10 17:26:03,424 WARN [Great Is Thy Faithfulness-lead-D]          TextBuilder.java:412  | Skipping TextLine with null bounds: TextLine{ "" conf:NaN}
2026-05-10 17:26:03,424 WARN [Great Is Thy Faithfulness-lead-D]          TextBuilder.java:412  | Skipping TextLine with null bounds: TextLine{ "" conf:NaN}
2026-05-10 17:26:03,425 WARN [Great Is Thy Faithfulness-lead-D]          TextBuilder.java:412  | Skipping TextLine with null bounds: TextLine{ "" conf:NaN}
2026-05-10 17:26:03,425 WARN [Great Is Thy Faithfulness-lead-D]          TextBuilder.java:412  | Skipping TextLine with null bounds: TextLine{ "" conf:NaN}
2026-05-10 17:26:03,425 WARN [Great Is Thy Faithfulness-lead-D]          TextBuilder.java:412  | Skipping TextLine with null bounds: TextLine{ "" conf:NaN}
2026-05-10 17:26:03,426 WARN [Great Is Thy Faithfulness-lead-D]          TextBuilder.java:412  | Skipping TextLine with null bounds: TextLine{ "" conf:NaN}
2026-05-10 17:26:03,426 WARN [Great Is Thy Faithfulness-lead-D]          TextBuilder.java:412  | Skipping TextLine with null bounds: TextLine{ "" conf:NaN}
2026-05-10 17:26:03,426 WARN [Great Is Thy Faithfulness-lead-D]          TextBuilder.java:412  | Skipping TextLine with null bounds: TextLine{ "" conf:NaN}
2026-05-10 17:26:03,426 WARN [Great Is Thy Faithfulness-lead-D]          TextBuilder.java:412  | Skipping TextLine with null bounds: TextLine{ "" conf:NaN}
2026-05-10 17:26:03,426 WARN [Great Is Thy Faithfulness-lead-D]          TextBuilder.java:412  | Skipping TextLine with null bounds: TextLine{ "" conf:NaN}
2026-05-10 17:26:03,426 WARN [Great Is Thy Faithfulness-lead-D]          TextBuilder.java:412  | Skipping TextLine with null bounds: TextLine{ "" conf:NaN}
2026-05-10 17:26:03,426 WARN [Great Is Thy Faithfulness-lead-D]          TextBuilder.java:412  | Skipping TextLine with null bounds: TextLine{ "" conf:NaN}
2026-05-10 17:26:03,427 WARN [Great Is Thy Faithfulness-lead-D]          TextBuilder.java:412  | Skipping TextLine with null bounds: TextLine{ "" conf:NaN}
2026-05-10 17:26:03,428 WARN [Great Is Thy Faithfulness-lead-D]          TextBuilder.java:412  | Skipping TextLine with null bounds: TextLine{ "" conf:NaN}
2026-05-10 17:26:03,429 WARN [Great Is Thy Faithfulness-lead-D]          TextBuilder.java:412  | Skipping TextLine with null bounds: TextLine{ "" conf:NaN}
2026-05-10 17:26:03,430 WARN [Great Is Thy Faithfulness-lead-D]          TextBuilder.java:412  | Skipping TextLine with null bounds: TextLine{ "" conf:NaN}
2026-05-10 17:26:03,430 WARN [Great Is Thy Faithfulness-lead-D]          TextBuilder.java:412  | Skipping TextLine with null bounds: TextLine{ "" conf:NaN}
2026-05-10 17:26:03,431 WARN [Great Is Thy Faithfulness-lead-D]          TextBuilder.java:412  | Skipping TextLine with null bounds: TextLine{ "" conf:NaN}
2026-05-10 17:26:03,431 WARN [Great Is Thy Faithfulness-lead-D]          TextBuilder.java:412  | Skipping TextLine with null bounds: TextLine{ "" conf:NaN}
2026-05-10 17:26:03,432 WARN [Great Is Thy Faithfulness-lead-D]          TextBuilder.java:412  | Skipping TextLine with null bounds: TextLine{ "" conf:NaN}
2026-05-10 17:26:03,433 WARN [Great Is Thy Faithfulness-lead-D]          TextBuilder.java:412  | Skipping TextLine with null bounds: TextLine{ "" conf:NaN}
2026-05-10 17:26:03,433 WARN [Great Is Thy Faithfulness-lead-D]          TextBuilder.java:412  | Skipping TextLine with null bounds: TextLine{ "" conf:NaN}
2026-05-10 17:26:03,433 WARN [Great Is Thy Faithfulness-lead-D]          TextBuilder.java:412  | Skipping TextLine with null bounds: TextLine{ "" conf:NaN}
2026-05-10 17:26:03,433 WARN [Great Is Thy Faithfulness-lead-D]          TextBuilder.java:412  | Skipping TextLine with null bounds: TextLine{ "" conf:NaN}
2026-05-10 17:26:03,433 WARN [Great Is Thy Faithfulness-lead-D]          TextBuilder.java:412  | Skipping TextLine with null bounds: TextLine{ "" conf:NaN}
2026-05-10 17:26:03,434 WARN [Great Is Thy Faithfulness-lead-D]          TextBuilder.java:412  | Skipping TextLine with null bounds: TextLine{ "" conf:NaN}
2026-05-10 17:26:03,434 WARN [Great Is Thy Faithfulness-lead-D]          TextBuilder.java:412  | Skipping TextLine with null bounds: TextLine{ "" conf:NaN}
2026-05-10 17:26:03,434 WARN [Great Is Thy Faithfulness-lead-D]          TextBuilder.java:412  | Skipping TextLine with null bounds: TextLine{ "" conf:NaN}
2026-05-10 17:26:03,434 WARN [Great Is Thy Faithfulness-lead-D]          TextBuilder.java:412  | Skipping TextLine with null bounds: TextLine{ "" conf:NaN}
2026-05-10 17:26:03,435 WARN [Great Is Thy Faithfulness-lead-D]          TextBuilder.java:412  | Skipping TextLine with null bounds: TextLine{ "" conf:NaN}
2026-05-10 17:26:03,435 WARN [Great Is Thy Faithfulness-lead-D]          TextBuilder.java:412  | Skipping TextLine with null bounds: TextLine{ "" conf:NaN}
2026-05-10 17:26:03,435 WARN [Great Is Thy Faithfulness-lead-D]          TextBuilder.java:412  | Skipping TextLine with null bounds: TextLine{ "" conf:NaN}
2026-05-10 17:26:03,435 WARN [Great Is Thy Faithfulness-lead-D]          TextBuilder.java:412  | Skipping TextLine with null bounds: TextLine{ "" conf:NaN}
2026-05-10 17:26:03,435 WARN [Great Is Thy Faithfulness-lead-D]          TextBuilder.java:412  | Skipping TextLine with null bounds: TextLine{ "" conf:NaN}
2026-05-10 17:26:03,437 WARN [Great Is Thy Faithfulness-lead-D]          TextBuilder.java:412  | Skipping TextLine with null bounds: TextLine{ "" conf:NaN}
2026-05-10 17:26:03,437 WARN [Great Is Thy Faithfulness-lead-D]          TextBuilder.java:412  | Skipping TextLine with null bounds: TextLine{ "" conf:NaN}
2026-05-10 17:26:03,437 WARN [Great Is Thy Faithfulness-lead-D]          TextBuilder.java:412  | Skipping TextLine with null bounds: TextLine{ "" conf:NaN}
2026-05-10 17:26:03,438 WARN [Great Is Thy Faithfulness-lead-D]          TextBuilder.java:412  | Skipping TextLine with null bounds: TextLine{ "" conf:NaN}
2026-05-10 17:26:03,438 WARN [Great Is Thy Faithfulness-lead-D]          TextBuilder.java:412  | Skipping TextLine with null bounds: TextLine{ "" conf:NaN}
2026-05-10 17:26:03,438 WARN [Great Is Thy Faithfulness-lead-D]          TextBuilder.java:412  | Skipping TextLine with null bounds: TextLine{ "" conf:NaN}
2026-05-10 17:26:03,439 WARN [Great Is Thy Faithfulness-lead-D]          TextBuilder.java:412  | Skipping TextLine with null bounds: TextLine{ "" conf:NaN}
2026-05-10 17:26:03,439 WARN [Great Is Thy Faithfulness-lead-D]          TextBuilder.java:412  | Skipping TextLine with null bounds: TextLine{ "" conf:NaN}
2026-05-10 17:26:03,440 WARN [Great Is Thy Faithfulness-lead-D]          TextBuilder.java:412  | Skipping TextLine with null bounds: TextLine{ "" conf:NaN}
2026-05-10 17:26:03,440 WARN [Great Is Thy Faithfulness-lead-D]          TextBuilder.java:412  | Skipping TextLine with null bounds: TextLine{ "" conf:NaN}
2026-05-10 17:26:03,440 WARN [Great Is Thy Faithfulness-lead-D]          TextBuilder.java:412  | Skipping TextLine with null bounds: TextLine{ "" conf:NaN}
2026-05-10 17:26:03,441 WARN [Great Is Thy Faithfulness-lead-D]          TextBuilder.java:412  | Skipping TextLine with null bounds: TextLine{ "" conf:NaN}
2026-05-10 17:26:03,441 WARN [Great Is Thy Faithfulness-lead-D]          TextBuilder.java:412  | Skipping TextLine with null bounds: TextLine{ "" conf:NaN}
2026-05-10 17:26:03,441 WARN [Great Is Thy Faithfulness-lead-D]          TextBuilder.java:412  | Skipping TextLine with null bounds: TextLine{ "" conf:NaN}
2026-05-10 17:26:03,441 WARN [Great Is Thy Faithfulness-lead-D]          TextBuilder.java:412  | Skipping TextLine with null bounds: TextLine{ "" conf:NaN}
2026-05-10 17:26:03,441 WARN [Great Is Thy Faithfulness-lead-D]          TextBuilder.java:412  | Skipping TextLine with null bounds: TextLine{ "" conf:NaN}
2026-05-10 17:26:03,442 WARN [Great Is Thy Faithfulness-lead-D]          TextBuilder.java:412  | Skipping TextLine with null bounds: TextLine{ "" conf:NaN}
2026-05-10 17:26:03,442 WARN [Great Is Thy Faithfulness-lead-D]          TextBuilder.java:412  | Skipping TextLine with null bounds: TextLine{ "" conf:NaN}
2026-05-10 17:26:03,442 WARN [Great Is Thy Faithfulness-lead-D]          TextBuilder.java:412  | Skipping TextLine with null bounds: TextLine{ "" conf:NaN}
2026-05-10 17:26:03,442 WARN [Great Is Thy Faithfulness-lead-D]          TextBuilder.java:412  | Skipping TextLine with null bounds: TextLine{ "" conf:NaN}
2026-05-10 17:26:03,442 WARN [Great Is Thy Faithfulness-lead-D]          TextBuilder.java:412  | Skipping TextLine with null bounds: TextLine{ "" conf:NaN}
2026-05-10 17:26:03,443 WARN [Great Is Thy Faithfulness-lead-D]          TextBuilder.java:412  | Skipping TextLine with null bounds: TextLine{ "" conf:NaN}
2026-05-10 17:26:03,443 WARN [Great Is Thy Faithfulness-lead-D]          TextBuilder.java:412  | Skipping TextLine with null bounds: TextLine{ "" conf:NaN}
2026-05-10 17:26:03,443 WARN [Great Is Thy Faithfulness-lead-D]          TextBuilder.java:412  | Skipping TextLine with null bounds: TextLine{ "" conf:NaN}
2026-05-10 17:26:03,443 WARN [Great Is Thy Faithfulness-lead-D]          TextBuilder.java:412  | Skipping TextLine with null bounds: TextLine{ "" conf:NaN}
2026-05-10 17:26:03,443 WARN [Great Is Thy Faithfulness-lead-D]          TextBuilder.java:412  | Skipping TextLine with null bounds: TextLine{ "" conf:NaN}
2026-05-10 17:26:03,444 WARN [Great Is Thy Faithfulness-lead-D]          TextBuilder.java:412  | Skipping TextLine with null bounds: TextLine{ "" conf:NaN}
2026-05-10 17:26:03,444 WARN [Great Is Thy Faithfulness-lead-D]          TextBuilder.java:412  | Skipping TextLine with null bounds: TextLine{ "" conf:NaN}
2026-05-10 17:26:03,445 WARN [Great Is Thy Faithfulness-lead-D]          TextBuilder.java:412  | Skipping TextLine with null bounds: TextLine{ "" conf:NaN}
2026-05-10 17:26:03,445 WARN [Great Is Thy Faithfulness-lead-D]          TextBuilder.java:412  | Skipping TextLine with null bounds: TextLine{ "" conf:NaN}
2026-05-10 17:26:03,445 WARN [Great Is Thy Faithfulness-lead-D]          TextBuilder.java:412  | Skipping TextLine with null bounds: TextLine{ "" conf:NaN}
2026-05-10 17:26:03,445 WARN [Great Is Thy Faithfulness-lead-D]          TextBuilder.java:412  | Skipping TextLine with null bounds: TextLine{ "" conf:NaN}
2026-05-10 17:26:03,446 WARN [Great Is Thy Faithfulness-lead-D]          TextBuilder.java:412  | Skipping TextLine with null bounds: TextLine{ "" conf:NaN}
2026-05-10 17:26:03,446 WARN [Great Is Thy Faithfulness-lead-D]          TextBuilder.java:412  | Skipping TextLine with null bounds: TextLine{ "" conf:NaN}
2026-05-10 17:26:03,447 WARN [Great Is Thy Faithfulness-lead-D]          TextBuilder.java:412  | Skipping TextLine with null bounds: TextLine{ "" conf:NaN}
2026-05-10 17:26:03,447 WARN [Great Is Thy Faithfulness-lead-D]          TextBuilder.java:412  | Skipping TextLine with null bounds: TextLine{ "" conf:NaN}
2026-05-10 17:26:03,448 WARN [Great Is Thy Faithfulness-lead-D]          TextBuilder.java:412  | Skipping TextLine with null bounds: TextLine{ "" conf:NaN}
2026-05-10 17:26:03,449 WARN [Great Is Thy Faithfulness-lead-D]          TextBuilder.java:412  | Skipping TextLine with null bounds: TextLine{ "" conf:NaN}
2026-05-10 17:26:03,450 WARN [Great Is Thy Faithfulness-lead-D]          TextBuilder.java:412  | Skipping TextLine with null bounds: TextLine{ "" conf:NaN}
2026-05-10 17:26:03,450 WARN [Great Is Thy Faithfulness-lead-D]          TextBuilder.java:412  | Skipping TextLine with null bounds: TextLine{ "" conf:NaN}
2026-05-10 17:26:03,451 WARN [Great Is Thy Faithfulness-lead-D]          TextBuilder.java:412  | Skipping TextLine with null bounds: TextLine{ "" conf:NaN}
2026-05-10 17:26:03,451 WARN [Great Is Thy Faithfulness-lead-D]          TextBuilder.java:412  | Skipping TextLine with null bounds: TextLine{ "" conf:NaN}
2026-05-10 17:26:03,451 WARN [Great Is Thy Faithfulness-lead-D]          TextBuilder.java:412  | Skipping TextLine with null bounds: TextLine{ "" conf:NaN}
2026-05-10 17:26:03,451 WARN [Great Is Thy Faithfulness-lead-D]          TextBuilder.java:412  | Skipping TextLine with null bounds: TextLine{ "" conf:NaN}
2026-05-10 17:26:03,452 WARN [Great Is Thy Faithfulness-lead-D]          TextBuilder.java:412  | Skipping TextLine with null bounds: TextLine{ "" conf:NaN}
2026-05-10 17:26:03,452 WARN [Great Is Thy Faithfulness-lead-D]          TextBuilder.java:412  | Skipping TextLine with null bounds: TextLine{ "" conf:NaN}
2026-05-10 17:26:03,452 WARN [Great Is Thy Faithfulness-lead-D]          TextBuilder.java:412  | Skipping TextLine with null bounds: TextLine{ "" conf:NaN}
2026-05-10 17:26:03,453 WARN [Great Is Thy Faithfulness-lead-D]          TextBuilder.java:412  | Skipping TextLine with null bounds: TextLine{ "" conf:NaN}
2026-05-10 17:26:03,453 WARN [Great Is Thy Faithfulness-lead-D]          TextBuilder.java:412  | Skipping TextLine with null bounds: TextLine{ "" conf:NaN}
2026-05-10 17:26:03,453 WARN [Great Is Thy Faithfulness-lead-D]          TextBuilder.java:412  | Skipping TextLine with null bounds: TextLine{ "" conf:NaN}
2026-05-10 17:26:03,453 WARN [Great Is Thy Faithfulness-lead-D]          TextBuilder.java:412  | Skipping TextLine with null bounds: TextLine{ "" conf:NaN}
2026-05-10 17:26:03,455 WARN [Great Is Thy Faithfulness-lead-D]          TextBuilder.java:412  | Skipping TextLine with null bounds: TextLine{ "" conf:NaN}
2026-05-10 17:26:03,455 WARN [Great Is Thy Faithfulness-lead-D]          TextBuilder.java:412  | Skipping TextLine with null bounds: TextLine{ "" conf:NaN}
2026-05-10 17:26:03,455 WARN [Great Is Thy Faithfulness-lead-D]          TextBuilder.java:412  | Skipping TextLine with null bounds: TextLine{ "" conf:NaN}
2026-05-10 17:26:03,455 WARN [Great Is Thy Faithfulness-lead-D]          TextBuilder.java:412  | Skipping TextLine with null bounds: TextLine{ "" conf:NaN}
2026-05-10 17:26:03,455 WARN [Great Is Thy Faithfulness-lead-D]          TextBuilder.java:412  | Skipping TextLine with null bounds: TextLine{ "" conf:NaN}
2026-05-10 17:26:03,455 WARN [Great Is Thy Faithfulness-lead-D]          TextBuilder.java:412  | Skipping TextLine with null bounds: TextLine{ "" conf:NaN}
2026-05-10 17:26:03,456 WARN [Great Is Thy Faithfulness-lead-D]          TextBuilder.java:412  | Skipping TextLine with null bounds: TextLine{ "" conf:NaN}
2026-05-10 17:26:03,456 WARN [Great Is Thy Faithfulness-lead-D]          TextBuilder.java:412  | Skipping TextLine with null bounds: TextLine{ "" conf:NaN}
2026-05-10 17:26:03,457 WARN [Great Is Thy Faithfulness-lead-D]          TextBuilder.java:412  | Skipping TextLine with null bounds: TextLine{ "" conf:NaN}
2026-05-10 17:26:03,457 WARN [Great Is Thy Faithfulness-lead-D]          TextBuilder.java:412  | Skipping TextLine with null bounds: TextLine{ "" conf:NaN}
2026-05-10 17:26:03,457 WARN [Great Is Thy Faithfulness-lead-D]          TextBuilder.java:412  | Skipping TextLine with null bounds: TextLine{ "" conf:NaN}
2026-05-10 17:26:03,457 WARN [Great Is Thy Faithfulness-lead-D]          TextBuilder.java:412  | Skipping TextLine with null bounds: TextLine{ "" conf:NaN}
2026-05-10 17:26:03,457 WARN [Great Is Thy Faithfulness-lead-D]          TextBuilder.java:412  | Skipping TextLine with null bounds: TextLine{ "" conf:NaN}
2026-05-10 17:26:03,458 WARN [Great Is Thy Faithfulness-lead-D]          TextBuilder.java:412  | Skipping TextLine with null bounds: TextLine{ "" conf:NaN}
2026-05-10 17:26:03,458 WARN [Great Is Thy Faithfulness-lead-D]          TextBuilder.java:412  | Skipping TextLine with null bounds: TextLine{ "" conf:NaN}
2026-05-10 17:26:03,458 WARN [Great Is Thy Faithfulness-lead-D]          TextBuilder.java:412  | Skipping TextLine with null bounds: TextLine{ "" conf:NaN}
2026-05-10 17:26:03,458 WARN [Great Is Thy Faithfulness-lead-D]          TextBuilder.java:412  | Skipping TextLine with null bounds: TextLine{ "" conf:NaN}
2026-05-10 17:26:03,458 WARN [Great Is Thy Faithfulness-lead-D]          TextBuilder.java:412  | Skipping TextLine with null bounds: TextLine{ "" conf:NaN}
2026-05-10 17:26:03,458 WARN [Great Is Thy Faithfulness-lead-D]          TextBuilder.java:412  | Skipping TextLine with null bounds: TextLine{ "" conf:NaN}
2026-05-10 17:26:03,460 WARN [Great Is Thy Faithfulness-lead-D]          TextBuilder.java:412  | Skipping TextLine with null bounds: TextLine{ "" conf:NaN}
2026-05-10 17:26:03,460 WARN [Great Is Thy Faithfulness-lead-D]          TextBuilder.java:412  | Skipping TextLine with null bounds: TextLine{ "" conf:NaN}
2026-05-10 17:26:03,461 WARN [Great Is Thy Faithfulness-lead-D]          TextBuilder.java:412  | Skipping TextLine with null bounds: TextLine{ "" conf:NaN}
2026-05-10 17:26:03,461 WARN [Great Is Thy Faithfulness-lead-D]          TextBuilder.java:412  | Skipping TextLine with null bounds: TextLine{ "" conf:NaN}
2026-05-10 17:26:03,461 WARN [Great Is Thy Faithfulness-lead-D]          TextBuilder.java:412  | Skipping TextLine with null bounds: TextLine{ "" conf:NaN}
2026-05-10 17:26:03,462 WARN [Great Is Thy Faithfulness-lead-D]          TextBuilder.java:412  | Skipping TextLine with null bounds: TextLine{ "" conf:NaN}
2026-05-10 17:26:03,462 WARN [Great Is Thy Faithfulness-lead-D]          TextBuilder.java:412  | Skipping TextLine with null bounds: TextLine{ "" conf:NaN}
2026-05-10 17:26:03,463 WARN [Great Is Thy Faithfulness-lead-D]          TextBuilder.java:412  | Skipping TextLine with null bounds: TextLine{ "" conf:NaN}
2026-05-10 17:26:03,463 WARN [Great Is Thy Faithfulness-lead-D]          TextBuilder.java:412  | Skipping TextLine with null bounds: TextLine{ "" conf:NaN}
2026-05-10 17:26:03,463 WARN [Great Is Thy Faithfulness-lead-D]          TextBuilder.java:412  | Skipping TextLine with null bounds: TextLine{ "" conf:NaN}
2026-05-10 17:26:03,463 WARN [Great Is Thy Faithfulness-lead-D]          TextBuilder.java:412  | Skipping TextLine with null bounds: TextLine{ "" conf:NaN}
2026-05-10 17:26:03,464 WARN [Great Is Thy Faithfulness-lead-D]          TextBuilder.java:412  | Skipping TextLine with null bounds: TextLine{ "" conf:NaN}
2026-05-10 17:26:03,465 WARN [Great Is Thy Faithfulness-lead-D]          TextBuilder.java:412  | Skipping TextLine with null bounds: TextLine{ "" conf:NaN}
2026-05-10 17:26:03,465 WARN [Great Is Thy Faithfulness-lead-D]          TextBuilder.java:412  | Skipping TextLine with null bounds: TextLine{ "" conf:NaN}
2026-05-10 17:26:03,465 WARN [Great Is Thy Faithfulness-lead-D]          TextBuilder.java:412  | Skipping TextLine with null bounds: TextLine{ "" conf:NaN}
2026-05-10 17:26:03,465 WARN [Great Is Thy Faithfulness-lead-D]          TextBuilder.java:412  | Skipping TextLine with null bounds: TextLine{ "" conf:NaN}
2026-05-10 17:26:03,466 WARN [Great Is Thy Faithfulness-lead-D]          TextBuilder.java:412  | Skipping TextLine with null bounds: TextLine{ "" conf:NaN}
2026-05-10 17:26:03,466 WARN [Great Is Thy Faithfulness-lead-D]          TextBuilder.java:412  | Skipping TextLine with null bounds: TextLine{ "" conf:NaN}
2026-05-10 17:26:03,466 WARN [Great Is Thy Faithfulness-lead-D]          TextBuilder.java:412  | Skipping TextLine with null bounds: TextLine{ "" conf:NaN}
2026-05-10 17:26:03,466 WARN [Great Is Thy Faithfulness-lead-D]          TextBuilder.java:412  | Skipping TextLine with null bounds: TextLine{ "" conf:NaN}
2026-05-10 17:26:03,467 WARN [Great Is Thy Faithfulness-lead-D]          TextBuilder.java:412  | Skipping TextLine with null bounds: TextLine{ "" conf:NaN}
2026-05-10 17:26:03,467 WARN [Great Is Thy Faithfulness-lead-D]          TextBuilder.java:412  | Skipping TextLine with null bounds: TextLine{ "" conf:NaN}
2026-05-10 17:26:03,467 WARN [Great Is Thy Faithfulness-lead-D]          TextBuilder.java:412  | Skipping TextLine with null bounds: TextLine{ "" conf:NaN}
2026-05-10 17:26:03,467 WARN [Great Is Thy Faithfulness-lead-D]          TextBuilder.java:412  | Skipping TextLine with null bounds: TextLine{ "" conf:NaN}
2026-05-10 17:26:03,469 WARN [Great Is Thy Faithfulness-lead-D]          TextBuilder.java:412  | Skipping TextLine with null bounds: TextLine{ "" conf:NaN}
2026-05-10 17:26:03,469 WARN [Great Is Thy Faithfulness-lead-D]          TextBuilder.java:412  | Skipping TextLine with null bounds: TextLine{ "" conf:NaN}
2026-05-10 17:26:03,469 WARN [Great Is Thy Faithfulness-lead-D]          TextBuilder.java:412  | Skipping TextLine with null bounds: TextLine{ "" conf:NaN}
2026-05-10 17:26:03,469 WARN [Great Is Thy Faithfulness-lead-D]          TextBuilder.java:412  | Skipping TextLine with null bounds: TextLine{ "" conf:NaN}
2026-05-10 17:26:03,469 WARN [Great Is Thy Faithfulness-lead-D]          TextBuilder.java:412  | Skipping TextLine with null bounds: TextLine{ "" conf:NaN}
2026-05-10 17:26:03,470 WARN [Great Is Thy Faithfulness-lead-D]          TextBuilder.java:412  | Skipping TextLine with null bounds: TextLine{ "" conf:NaN}
2026-05-10 17:26:03,470 WARN [Great Is Thy Faithfulness-lead-D]          TextBuilder.java:412  | Skipping TextLine with null bounds: TextLine{ "" conf:NaN}
2026-05-10 17:26:03,471 WARN [Great Is Thy Faithfulness-lead-D]          TextBuilder.java:412  | Skipping TextLine with null bounds: TextLine{ "" conf:NaN}
2026-05-10 17:26:03,471 WARN [Great Is Thy Faithfulness-lead-D]          TextBuilder.java:412  | Skipping TextLine with null bounds: TextLine{ "" conf:NaN}
2026-05-10 17:26:03,471 WARN [Great Is Thy Faithfulness-lead-D]          TextBuilder.java:412  | Skipping TextLine with null bounds: TextLine{ "" conf:NaN}
2026-05-10 17:26:03,471 WARN [Great Is Thy Faithfulness-lead-D]          TextBuilder.java:412  | Skipping TextLine with null bounds: TextLine{ "" conf:NaN}
2026-05-10 17:26:03,472 WARN [Great Is Thy Faithfulness-lead-D]          TextBuilder.java:412  | Skipping TextLine with null bounds: TextLine{ "" conf:NaN}
2026-05-10 17:26:09,231 INFO [Great Is Thy Faithfulness-lead-D]           PageRhythm.java:176  | {Page#1.1} Starting PageRhythm time signature check
2026-05-10 17:26:09,231 INFO [Great Is Thy Faithfulness-lead-D]           PageRhythm.java:178  | {Page#1.1} Initial range state: Range{SN1- tSig:3/4} → ts: TimePairInter#174{ FROZEN(0.949/0.949) staff:1 3/4}
2026-05-10 17:26:09,233 INFO [Great Is Thy Faithfulness-lead-D]           PageRhythm.java:184  | {Page#1.1} Checking range: Range{SN1- tSig:3/4}, ts: TimePairInter#174{ FROZEN(0.949/0.949) staff:1 3/4}
2026-05-10 17:26:09,234 INFO [Great Is Thy Faithfulness-lead-D]           PageRhythm.java:277  | Last range: Range{SN1-32 tSig:3/4 dur:3/4}
2026-05-10 17:26:09,234 INFO [Great Is Thy Faithfulness-lead-D]           PageRhythm.java:278  | lastRange.timeRational = 3/4
2026-05-10 17:26:09,235 INFO [Great Is Thy Faithfulness-lead-D]           PageRhythm.java:279  | lastRange.ts = TimePairInter#174{ FROZEN(0.949/0.949) staff:1 3/4}
2026-05-10 17:26:09,236 DEBUG [Great Is Thy Faithfulness-lead-D]           PageRhythm.java:121  | MeasureStack#1 frats: 1 [8251]
2026-05-10 17:26:09,237 DEBUG [Great Is Thy Faithfulness-lead-D]           PageRhythm.java:121  | MeasureStack#2 frats: 3 [8252, 8255, 7667]
2026-05-10 17:26:09,237 DEBUG [Great Is Thy Faithfulness-lead-D]           PageRhythm.java:121  | MeasureStack#3 frats: 0 []
2026-05-10 17:26:09,238 DEBUG [Great Is Thy Faithfulness-lead-D]           PageRhythm.java:121  | MeasureStack#4 frats: 0 []
2026-05-10 17:26:09,238 DEBUG [Great Is Thy Faithfulness-lead-D]           PageRhythm.java:121  | MeasureStack#5 frats: 0 []
2026-05-10 17:26:09,238 DEBUG [Great Is Thy Faithfulness-lead-D]           PageRhythm.java:121  | MeasureStack#6 frats: 2 [8952, 8351]
2026-05-10 17:26:09,238 DEBUG [Great Is Thy Faithfulness-lead-D]           PageRhythm.java:121  | MeasureStack#7 frats: 1 [8946]
2026-05-10 17:26:09,239 DEBUG [Great Is Thy Faithfulness-lead-D]           PageRhythm.java:121  | MeasureStack#8 frats: 1 [8954]
2026-05-10 17:26:09,239 DEBUG [Great Is Thy Faithfulness-lead-D]           PageRhythm.java:121  | MeasureStack#9 frats: 0 []
2026-05-10 17:26:09,239 DEBUG [Great Is Thy Faithfulness-lead-D]           PageRhythm.java:121  | MeasureStack#10 frats: 2 [8955, 8778]
2026-05-10 17:26:09,239 DEBUG [Great Is Thy Faithfulness-lead-D]           PageRhythm.java:121  | MeasureStack#11 frats: 0 []
2026-05-10 17:26:09,240 DEBUG [Great Is Thy Faithfulness-lead-D]           PageRhythm.java:121  | MeasureStack#12 frats: 3 [9799, 9813, 9800]
2026-05-10 17:26:09,240 DEBUG [Great Is Thy Faithfulness-lead-D]           PageRhythm.java:121  | MeasureStack#13 frats: 1 [9803]
2026-05-10 17:26:09,241 DEBUG [Great Is Thy Faithfulness-lead-D]           PageRhythm.java:121  | MeasureStack#14 frats: 2 [9814, 9505]
2026-05-10 17:26:09,241 DEBUG [Great Is Thy Faithfulness-lead-D]           PageRhythm.java:121  | MeasureStack#15 frats: 0 []
2026-05-10 17:26:09,241 DEBUG [Great Is Thy Faithfulness-lead-D]           PageRhythm.java:121  | MeasureStack#16 frats: 1 [9817]
2026-05-10 17:26:09,242 DEBUG [Great Is Thy Faithfulness-lead-D]           PageRhythm.java:121  | MeasureStack#17 frats: 0 []
2026-05-10 17:26:09,242 DEBUG [Great Is Thy Faithfulness-lead-D]           PageRhythm.java:121  | MeasureStack#18 frats: 2 [9811, 9818]
2026-05-10 17:26:09,242 DEBUG [Great Is Thy Faithfulness-lead-D]           PageRhythm.java:121  | MeasureStack#19 frats: 2 [10092, 9867]
2026-05-10 17:26:09,242 DEBUG [Great Is Thy Faithfulness-lead-D]           PageRhythm.java:121  | MeasureStack#20 frats: 2 [10094, 10098]
2026-05-10 17:26:09,243 DEBUG [Great Is Thy Faithfulness-lead-D]           PageRhythm.java:121  | MeasureStack#21 frats: 1 [10095]
2026-05-10 17:26:09,243 DEBUG [Great Is Thy Faithfulness-lead-D]           PageRhythm.java:121  | MeasureStack#22 frats: 0 []
2026-05-10 17:26:09,243 DEBUG [Great Is Thy Faithfulness-lead-D]           PageRhythm.java:121  | MeasureStack#23 frats: 1 [10096]
2026-05-10 17:26:09,243 DEBUG [Great Is Thy Faithfulness-lead-D]           PageRhythm.java:121  | MeasureStack#24 frats: 1 [10099]
2026-05-10 17:26:09,245 DEBUG [Great Is Thy Faithfulness-lead-D]           PageRhythm.java:121  | MeasureStack#25 frats: 1 [10097]
2026-05-10 17:26:09,245 DEBUG [Great Is Thy Faithfulness-lead-D]           PageRhythm.java:121  | MeasureStack#26 frats: 2 [10484, 10113]
2026-05-10 17:26:09,246 DEBUG [Great Is Thy Faithfulness-lead-D]           PageRhythm.java:121  | MeasureStack#27 frats: 0 []
2026-05-10 17:26:09,246 DEBUG [Great Is Thy Faithfulness-lead-D]           PageRhythm.java:121  | MeasureStack#28 frats: 0 []
2026-05-10 17:26:09,246 DEBUG [Great Is Thy Faithfulness-lead-D]           PageRhythm.java:121  | MeasureStack#29 frats: 1 [10383]
2026-05-10 17:26:09,246 DEBUG [Great Is Thy Faithfulness-lead-D]           PageRhythm.java:121  | MeasureStack#30 frats: 3 [10482, 10485, 10419]
2026-05-10 17:26:09,246 DEBUG [Great Is Thy Faithfulness-lead-D]           PageRhythm.java:121  | MeasureStack#31 frats: 1 [10483]
2026-05-10 17:26:09,247 DEBUG [Great Is Thy Faithfulness-lead-D]           PageRhythm.java:121  | MeasureStack#32 frats: 1 [10486]
2026-05-10 17:26:09,247 DEBUG [Great Is Thy Faithfulness-lead-D]           PageRhythm.java:325  | Starting Range{SN1-32 tSig:3/4 dur:3/4}
2026-05-10 17:26:09,247 DEBUG [Great Is Thy Faithfulness-lead-D]           PageRhythm.java:329  | About to process StackRhythm for MeasureStack#1
2026-05-10 17:26:09,249 DEBUG [Great Is Thy Faithfulness-lead-D]          StackRhythm.java:221  | Setting expectedDuration=3/4 for stack on page 1
2026-05-10 17:26:09,269 INFO [Great Is Thy Faithfulness-lead-D]          StackRhythm.java:226  | S1 MeasureStack#1 no correct rhythm
2026-05-10 17:26:09,270 DEBUG [Great Is Thy Faithfulness-lead-D]           PageRhythm.java:331  | Finished processing StackRhythm for MeasureStack#1
2026-05-10 17:26:09,270 DEBUG [Great Is Thy Faithfulness-lead-D]           PageRhythm.java:329  | About to process StackRhythm for MeasureStack#2
2026-05-10 17:26:09,270 DEBUG [Great Is Thy Faithfulness-lead-D]          StackRhythm.java:221  | Setting expectedDuration=3/4 for stack on page 2
2026-05-10 17:26:09,272 DEBUG [Great Is Thy Faithfulness-lead-D]           PageRhythm.java:331  | Finished processing StackRhythm for MeasureStack#2
2026-05-10 17:26:09,272 DEBUG [Great Is Thy Faithfulness-lead-D]           PageRhythm.java:329  | About to process StackRhythm for MeasureStack#3
2026-05-10 17:26:09,273 DEBUG [Great Is Thy Faithfulness-lead-D]          StackRhythm.java:221  | Setting expectedDuration=3/4 for stack on page 3
2026-05-10 17:26:09,274 DEBUG [Great Is Thy Faithfulness-lead-D]           PageRhythm.java:331  | Finished processing StackRhythm for MeasureStack#3
2026-05-10 17:26:09,274 DEBUG [Great Is Thy Faithfulness-lead-D]           PageRhythm.java:329  | About to process StackRhythm for MeasureStack#4
2026-05-10 17:26:09,274 DEBUG [Great Is Thy Faithfulness-lead-D]          StackRhythm.java:221  | Setting expectedDuration=3/4 for stack on page 4
2026-05-10 17:26:09,274 DEBUG [Great Is Thy Faithfulness-lead-D]           PageRhythm.java:331  | Finished processing StackRhythm for MeasureStack#4
2026-05-10 17:26:09,275 DEBUG [Great Is Thy Faithfulness-lead-D]           PageRhythm.java:329  | About to process StackRhythm for MeasureStack#5
2026-05-10 17:26:09,275 DEBUG [Great Is Thy Faithfulness-lead-D]          StackRhythm.java:221  | Setting expectedDuration=3/4 for stack on page 5
2026-05-10 17:26:09,276 DEBUG [Great Is Thy Faithfulness-lead-D]           PageRhythm.java:331  | Finished processing StackRhythm for MeasureStack#5
2026-05-10 17:26:09,279 DEBUG [Great Is Thy Faithfulness-lead-D]           PageRhythm.java:329  | About to process StackRhythm for MeasureStack#6
2026-05-10 17:26:09,280 DEBUG [Great Is Thy Faithfulness-lead-D]          StackRhythm.java:221  | Setting expectedDuration=3/4 for stack on page 6
2026-05-10 17:26:09,281 DEBUG [Great Is Thy Faithfulness-lead-D]           PageRhythm.java:331  | Finished processing StackRhythm for MeasureStack#6
2026-05-10 17:26:09,281 DEBUG [Great Is Thy Faithfulness-lead-D]           PageRhythm.java:329  | About to process StackRhythm for MeasureStack#7
2026-05-10 17:26:09,282 DEBUG [Great Is Thy Faithfulness-lead-D]          StackRhythm.java:221  | Setting expectedDuration=3/4 for stack on page 7
2026-05-10 17:26:09,283 INFO [Great Is Thy Faithfulness-lead-D]          StackRhythm.java:226  | S2 MeasureStack#7 no correct rhythm
2026-05-10 17:26:09,283 DEBUG [Great Is Thy Faithfulness-lead-D]           PageRhythm.java:331  | Finished processing StackRhythm for MeasureStack#7
2026-05-10 17:26:09,283 DEBUG [Great Is Thy Faithfulness-lead-D]           PageRhythm.java:329  | About to process StackRhythm for MeasureStack#8
2026-05-10 17:26:09,284 DEBUG [Great Is Thy Faithfulness-lead-D]          StackRhythm.java:221  | Setting expectedDuration=3/4 for stack on page 8
2026-05-10 17:26:09,284 DEBUG [Great Is Thy Faithfulness-lead-D]           PageRhythm.java:331  | Finished processing StackRhythm for MeasureStack#8
2026-05-10 17:26:09,284 DEBUG [Great Is Thy Faithfulness-lead-D]           PageRhythm.java:329  | About to process StackRhythm for MeasureStack#9
2026-05-10 17:26:09,284 DEBUG [Great Is Thy Faithfulness-lead-D]          StackRhythm.java:221  | Setting expectedDuration=3/4 for stack on page 9
2026-05-10 17:26:09,286 DEBUG [Great Is Thy Faithfulness-lead-D]           PageRhythm.java:331  | Finished processing StackRhythm for MeasureStack#9
2026-05-10 17:26:09,286 DEBUG [Great Is Thy Faithfulness-lead-D]           PageRhythm.java:329  | About to process StackRhythm for MeasureStack#10
2026-05-10 17:26:09,286 DEBUG [Great Is Thy Faithfulness-lead-D]          StackRhythm.java:221  | Setting expectedDuration=3/4 for stack on page 10
2026-05-10 17:26:09,288 DEBUG [Great Is Thy Faithfulness-lead-D]           PageRhythm.java:331  | Finished processing StackRhythm for MeasureStack#10
2026-05-10 17:26:09,288 DEBUG [Great Is Thy Faithfulness-lead-D]           PageRhythm.java:329  | About to process StackRhythm for MeasureStack#11
2026-05-10 17:26:09,288 DEBUG [Great Is Thy Faithfulness-lead-D]          StackRhythm.java:221  | Setting expectedDuration=3/4 for stack on page 11
2026-05-10 17:26:09,289 DEBUG [Great Is Thy Faithfulness-lead-D]           PageRhythm.java:331  | Finished processing StackRhythm for MeasureStack#11
2026-05-10 17:26:09,290 DEBUG [Great Is Thy Faithfulness-lead-D]           PageRhythm.java:329  | About to process StackRhythm for MeasureStack#12
2026-05-10 17:26:09,290 DEBUG [Great Is Thy Faithfulness-lead-D]          StackRhythm.java:221  | Setting expectedDuration=3/4 for stack on page 12
2026-05-10 17:26:09,291 DEBUG [Great Is Thy Faithfulness-lead-D]           PageRhythm.java:331  | Finished processing StackRhythm for MeasureStack#12
2026-05-10 17:26:09,291 DEBUG [Great Is Thy Faithfulness-lead-D]           PageRhythm.java:329  | About to process StackRhythm for MeasureStack#13
2026-05-10 17:26:09,292 DEBUG [Great Is Thy Faithfulness-lead-D]          StackRhythm.java:221  | Setting expectedDuration=3/4 for stack on page 13
2026-05-10 17:26:09,293 INFO [Great Is Thy Faithfulness-lead-D]          StackRhythm.java:226  | S3 MeasureStack#13 no correct rhythm
2026-05-10 17:26:09,293 DEBUG [Great Is Thy Faithfulness-lead-D]           PageRhythm.java:331  | Finished processing StackRhythm for MeasureStack#13
2026-05-10 17:26:09,294 DEBUG [Great Is Thy Faithfulness-lead-D]           PageRhythm.java:329  | About to process StackRhythm for MeasureStack#14
2026-05-10 17:26:09,294 DEBUG [Great Is Thy Faithfulness-lead-D]          StackRhythm.java:221  | Setting expectedDuration=3/4 for stack on page 14
2026-05-10 17:26:09,295 DEBUG [Great Is Thy Faithfulness-lead-D]           PageRhythm.java:331  | Finished processing StackRhythm for MeasureStack#14
2026-05-10 17:26:09,296 DEBUG [Great Is Thy Faithfulness-lead-D]           PageRhythm.java:329  | About to process StackRhythm for MeasureStack#15
2026-05-10 17:26:09,297 DEBUG [Great Is Thy Faithfulness-lead-D]          StackRhythm.java:221  | Setting expectedDuration=3/4 for stack on page 15
2026-05-10 17:26:09,297 DEBUG [Great Is Thy Faithfulness-lead-D]           PageRhythm.java:331  | Finished processing StackRhythm for MeasureStack#15
2026-05-10 17:26:09,297 DEBUG [Great Is Thy Faithfulness-lead-D]           PageRhythm.java:329  | About to process StackRhythm for MeasureStack#16
2026-05-10 17:26:09,298 DEBUG [Great Is Thy Faithfulness-lead-D]          StackRhythm.java:221  | Setting expectedDuration=3/4 for stack on page 16
2026-05-10 17:26:09,298 DEBUG [Great Is Thy Faithfulness-lead-D]           PageRhythm.java:331  | Finished processing StackRhythm for MeasureStack#16
2026-05-10 17:26:09,299 DEBUG [Great Is Thy Faithfulness-lead-D]           PageRhythm.java:329  | About to process StackRhythm for MeasureStack#17
2026-05-10 17:26:09,299 DEBUG [Great Is Thy Faithfulness-lead-D]          StackRhythm.java:221  | Setting expectedDuration=3/4 for stack on page 17
2026-05-10 17:26:09,300 DEBUG [Great Is Thy Faithfulness-lead-D]           PageRhythm.java:331  | Finished processing StackRhythm for MeasureStack#17
2026-05-10 17:26:09,300 DEBUG [Great Is Thy Faithfulness-lead-D]           PageRhythm.java:329  | About to process StackRhythm for MeasureStack#18
2026-05-10 17:26:09,300 DEBUG [Great Is Thy Faithfulness-lead-D]          StackRhythm.java:221  | Setting expectedDuration=3/4 for stack on page 18
2026-05-10 17:26:09,303 DEBUG [Great Is Thy Faithfulness-lead-D]           PageRhythm.java:331  | Finished processing StackRhythm for MeasureStack#18
2026-05-10 17:26:09,303 DEBUG [Great Is Thy Faithfulness-lead-D]           PageRhythm.java:329  | About to process StackRhythm for MeasureStack#19
2026-05-10 17:26:09,304 DEBUG [Great Is Thy Faithfulness-lead-D]          StackRhythm.java:221  | Setting expectedDuration=3/4 for stack on page 19
2026-05-10 17:26:09,305 DEBUG [Great Is Thy Faithfulness-lead-D]           PageRhythm.java:331  | Finished processing StackRhythm for MeasureStack#19
2026-05-10 17:26:09,305 DEBUG [Great Is Thy Faithfulness-lead-D]           PageRhythm.java:329  | About to process StackRhythm for MeasureStack#20
2026-05-10 17:26:09,306 DEBUG [Great Is Thy Faithfulness-lead-D]          StackRhythm.java:221  | Setting expectedDuration=3/4 for stack on page 20
2026-05-10 17:26:09,307 DEBUG [Great Is Thy Faithfulness-lead-D]           PageRhythm.java:331  | Finished processing StackRhythm for MeasureStack#20
2026-05-10 17:26:09,307 DEBUG [Great Is Thy Faithfulness-lead-D]           PageRhythm.java:329  | About to process StackRhythm for MeasureStack#21
2026-05-10 17:26:09,308 DEBUG [Great Is Thy Faithfulness-lead-D]          StackRhythm.java:221  | Setting expectedDuration=3/4 for stack on page 21
2026-05-10 17:26:09,309 INFO [Great Is Thy Faithfulness-lead-D]          StackRhythm.java:226  | S4 MeasureStack#21 no correct rhythm
2026-05-10 17:26:09,309 DEBUG [Great Is Thy Faithfulness-lead-D]           PageRhythm.java:331  | Finished processing StackRhythm for MeasureStack#21
2026-05-10 17:26:09,309 DEBUG [Great Is Thy Faithfulness-lead-D]           PageRhythm.java:329  | About to process StackRhythm for MeasureStack#22
2026-05-10 17:26:09,309 DEBUG [Great Is Thy Faithfulness-lead-D]          StackRhythm.java:221  | Setting expectedDuration=3/4 for stack on page 22
2026-05-10 17:26:09,311 DEBUG [Great Is Thy Faithfulness-lead-D]           PageRhythm.java:331  | Finished processing StackRhythm for MeasureStack#22
2026-05-10 17:26:09,311 DEBUG [Great Is Thy Faithfulness-lead-D]           PageRhythm.java:329  | About to process StackRhythm for MeasureStack#23
2026-05-10 17:26:09,311 DEBUG [Great Is Thy Faithfulness-lead-D]          StackRhythm.java:221  | Setting expectedDuration=3/4 for stack on page 23
2026-05-10 17:26:09,312 INFO [Great Is Thy Faithfulness-lead-D]          StackRhythm.java:226  | S4 MeasureStack#23 no correct rhythm
2026-05-10 17:26:09,313 DEBUG [Great Is Thy Faithfulness-lead-D]           PageRhythm.java:331  | Finished processing StackRhythm for MeasureStack#23
2026-05-10 17:26:09,313 DEBUG [Great Is Thy Faithfulness-lead-D]           PageRhythm.java:329  | About to process StackRhythm for MeasureStack#24
2026-05-10 17:26:09,313 DEBUG [Great Is Thy Faithfulness-lead-D]          StackRhythm.java:221  | Setting expectedDuration=3/4 for stack on page 24
2026-05-10 17:26:09,315 DEBUG [Great Is Thy Faithfulness-lead-D]           PageRhythm.java:331  | Finished processing StackRhythm for MeasureStack#24
2026-05-10 17:26:09,315 DEBUG [Great Is Thy Faithfulness-lead-D]           PageRhythm.java:329  | About to process StackRhythm for MeasureStack#25
2026-05-10 17:26:09,315 DEBUG [Great Is Thy Faithfulness-lead-D]          StackRhythm.java:221  | Setting expectedDuration=3/4 for stack on page 25
2026-05-10 17:26:09,316 INFO [Great Is Thy Faithfulness-lead-D]          StackRhythm.java:226  | S4 MeasureStack#25 no correct rhythm
2026-05-10 17:26:09,316 DEBUG [Great Is Thy Faithfulness-lead-D]           PageRhythm.java:331  | Finished processing StackRhythm for MeasureStack#25
2026-05-10 17:26:09,317 DEBUG [Great Is Thy Faithfulness-lead-D]           PageRhythm.java:329  | About to process StackRhythm for MeasureStack#26
2026-05-10 17:26:09,317 DEBUG [Great Is Thy Faithfulness-lead-D]          StackRhythm.java:221  | Setting expectedDuration=3/4 for stack on page 26
2026-05-10 17:26:09,318 DEBUG [Great Is Thy Faithfulness-lead-D]           PageRhythm.java:331  | Finished processing StackRhythm for MeasureStack#26
2026-05-10 17:26:09,318 DEBUG [Great Is Thy Faithfulness-lead-D]           PageRhythm.java:329  | About to process StackRhythm for MeasureStack#27
2026-05-10 17:26:09,318 DEBUG [Great Is Thy Faithfulness-lead-D]          StackRhythm.java:221  | Setting expectedDuration=3/4 for stack on page 27
2026-05-10 17:26:09,319 DEBUG [Great Is Thy Faithfulness-lead-D]           PageRhythm.java:331  | Finished processing StackRhythm for MeasureStack#27
2026-05-10 17:26:09,319 DEBUG [Great Is Thy Faithfulness-lead-D]           PageRhythm.java:329  | About to process StackRhythm for MeasureStack#28
2026-05-10 17:26:09,319 DEBUG [Great Is Thy Faithfulness-lead-D]          StackRhythm.java:221  | Setting expectedDuration=3/4 for stack on page 28
2026-05-10 17:26:09,320 DEBUG [Great Is Thy Faithfulness-lead-D]           PageRhythm.java:331  | Finished processing StackRhythm for MeasureStack#28
2026-05-10 17:26:09,320 DEBUG [Great Is Thy Faithfulness-lead-D]           PageRhythm.java:329  | About to process StackRhythm for MeasureStack#29
2026-05-10 17:26:09,321 DEBUG [Great Is Thy Faithfulness-lead-D]          StackRhythm.java:221  | Setting expectedDuration=3/4 for stack on page 29
2026-05-10 17:26:09,321 DEBUG [Great Is Thy Faithfulness-lead-D]           PageRhythm.java:331  | Finished processing StackRhythm for MeasureStack#29
2026-05-10 17:26:09,322 DEBUG [Great Is Thy Faithfulness-lead-D]           PageRhythm.java:329  | About to process StackRhythm for MeasureStack#30
2026-05-10 17:26:09,322 DEBUG [Great Is Thy Faithfulness-lead-D]          StackRhythm.java:221  | Setting expectedDuration=3/4 for stack on page 30
2026-05-10 17:26:09,324 DEBUG [Great Is Thy Faithfulness-lead-D]           PageRhythm.java:331  | Finished processing StackRhythm for MeasureStack#30
2026-05-10 17:26:09,324 DEBUG [Great Is Thy Faithfulness-lead-D]           PageRhythm.java:329  | About to process StackRhythm for MeasureStack#31
2026-05-10 17:26:09,324 DEBUG [Great Is Thy Faithfulness-lead-D]          StackRhythm.java:221  | Setting expectedDuration=3/4 for stack on page 31
2026-05-10 17:26:09,325 INFO [Great Is Thy Faithfulness-lead-D]          StackRhythm.java:226  | S5 MeasureStack#31 no correct rhythm
2026-05-10 17:26:09,325 DEBUG [Great Is Thy Faithfulness-lead-D]           PageRhythm.java:331  | Finished processing StackRhythm for MeasureStack#31
2026-05-10 17:26:09,325 DEBUG [Great Is Thy Faithfulness-lead-D]           PageRhythm.java:329  | About to process StackRhythm for MeasureStack#32
2026-05-10 17:26:09,325 DEBUG [Great Is Thy Faithfulness-lead-D]          StackRhythm.java:221  | Setting expectedDuration=3/4 for stack on page 32
2026-05-10 17:26:09,325 DEBUG [Great Is Thy Faithfulness-lead-D]           PageRhythm.java:331  | Finished processing StackRhythm for MeasureStack#32
