2026-05-10 00:16:17,192 WARN [The_Power_Of_The_Cross-lead-A#1]          TextBuilder.java:412  | Skipping TextLine with null bounds: TextLine{ "" conf:NaN}
2026-05-10 00:16:17,192 WARN [The_Power_Of_The_Cross-lead-A#1]          TextBuilder.java:412  | Skipping TextLine with null bounds: TextLine{ "" conf:NaN}
2026-05-10 00:16:17,192 WARN [The_Power_Of_The_Cross-lead-A#1]          TextBuilder.java:412  | Skipping TextLine with null bounds: TextLine{ "" conf:NaN}
2026-05-10 00:16:17,192 WARN [The_Power_Of_The_Cross-lead-A#1]          TextBuilder.java:412  | Skipping TextLine with null bounds: TextLine{ "" conf:NaN}
2026-05-10 00:16:17,207 WARN [The_Power_Of_The_Cross-lead-A#1]          TextBuilder.java:412  | Skipping TextLine with null bounds: TextLine{ "" conf:NaN}
2026-05-10 00:16:17,209 WARN [The_Power_Of_The_Cross-lead-A#1]          TextBuilder.java:412  | Skipping TextLine with null bounds: TextLine{ "" conf:NaN}
2026-05-10 00:16:17,210 WARN [The_Power_Of_The_Cross-lead-A#1]          TextBuilder.java:412  | Skipping TextLine with null bounds: TextLine{ "" conf:NaN}
2026-05-10 00:16:17,210 WARN [The_Power_Of_The_Cross-lead-A#1]          TextBuilder.java:412  | Skipping TextLine with null bounds: TextLine{ "" conf:NaN}
2026-05-10 00:16:17,210 WARN [The_Power_Of_The_Cross-lead-A#1]          TextBuilder.java:412  | Skipping TextLine with null bounds: TextLine{ "" conf:NaN}
2026-05-10 00:16:17,210 WARN [The_Power_Of_The_Cross-lead-A#1]          TextBuilder.java:412  | Skipping TextLine with null bounds: TextLine{ "" conf:NaN}
2026-05-10 00:16:17,210 WARN [The_Power_Of_The_Cross-lead-A#1]          TextBuilder.java:412  | Skipping TextLine with null bounds: TextLine{ "" conf:NaN}
2026-05-10 00:16:17,210 WARN [The_Power_Of_The_Cross-lead-A#1]          TextBuilder.java:412  | Skipping TextLine with null bounds: TextLine{ "" conf:NaN}
2026-05-10 00:16:17,210 WARN [The_Power_Of_The_Cross-lead-A#1]          TextBuilder.java:412  | Skipping TextLine with null bounds: TextLine{ "" conf:NaN}
2026-05-10 00:16:17,210 WARN [The_Power_Of_The_Cross-lead-A#1]          TextBuilder.java:412  | Skipping TextLine with null bounds: TextLine{ "" conf:NaN}
2026-05-10 00:16:17,210 WARN [The_Power_Of_The_Cross-lead-A#1]          TextBuilder.java:412  | Skipping TextLine with null bounds: TextLine{ "" conf:NaN}
2026-05-10 00:16:17,214 WARN [The_Power_Of_The_Cross-lead-A#1]          TextBuilder.java:412  | Skipping TextLine with null bounds: TextLine{ "" conf:NaN}
2026-05-10 00:16:17,215 WARN [The_Power_Of_The_Cross-lead-A#1]          TextBuilder.java:412  | Skipping TextLine with null bounds: TextLine{ "" conf:NaN}
2026-05-10 00:16:17,215 WARN [The_Power_Of_The_Cross-lead-A#1]          TextBuilder.java:412  | Skipping TextLine with null bounds: TextLine{ "" conf:NaN}
2026-05-10 00:16:17,216 WARN [The_Power_Of_The_Cross-lead-A#1]          TextBuilder.java:412  | Skipping TextLine with null bounds: TextLine{ "" conf:NaN}
2026-05-10 00:16:17,216 WARN [The_Power_Of_The_Cross-lead-A#1]          TextBuilder.java:412  | Skipping TextLine with null bounds: TextLine{ "" conf:NaN}
2026-05-10 00:16:17,216 WARN [The_Power_Of_The_Cross-lead-A#1]          TextBuilder.java:412  | Skipping TextLine with null bounds: TextLine{ "" conf:NaN}
2026-05-10 00:16:17,216 WARN [The_Power_Of_The_Cross-lead-A#1]          TextBuilder.java:412  | Skipping TextLine with null bounds: TextLine{ "" conf:NaN}
2026-05-10 00:16:17,216 WARN [The_Power_Of_The_Cross-lead-A#1]          TextBuilder.java:412  | Skipping TextLine with null bounds: TextLine{ "" conf:NaN}
2026-05-10 00:16:17,216 WARN [The_Power_Of_The_Cross-lead-A#1]          TextBuilder.java:412  | Skipping TextLine with null bounds: TextLine{ "" conf:NaN}
2026-05-10 00:16:17,216 WARN [The_Power_Of_The_Cross-lead-A#1]          TextBuilder.java:412  | Skipping TextLine with null bounds: TextLine{ "" conf:NaN}
2026-05-10 00:16:17,219 WARN [The_Power_Of_The_Cross-lead-A#1]          TextBuilder.java:412  | Skipping TextLine with null bounds: TextLine{ "" conf:NaN}
2026-05-10 00:16:17,220 WARN [The_Power_Of_The_Cross-lead-A#1]          TextBuilder.java:412  | Skipping TextLine with null bounds: TextLine{ "" conf:NaN}
2026-05-10 00:16:17,220 WARN [The_Power_Of_The_Cross-lead-A#1]          TextBuilder.java:412  | Skipping TextLine with null bounds: TextLine{ "" conf:NaN}
2026-05-10 00:16:17,220 WARN [The_Power_Of_The_Cross-lead-A#1]          TextBuilder.java:412  | Skipping TextLine with null bounds: TextLine{ "" conf:NaN}
2026-05-10 00:16:17,220 WARN [The_Power_Of_The_Cross-lead-A#1]          TextBuilder.java:412  | Skipping TextLine with null bounds: TextLine{ "" conf:NaN}
2026-05-10 00:16:17,220 WARN [The_Power_Of_The_Cross-lead-A#1]          TextBuilder.java:412  | Skipping TextLine with null bounds: TextLine{ "" conf:NaN}
2026-05-10 00:16:17,225 WARN [The_Power_Of_The_Cross-lead-A#1]          TextBuilder.java:412  | Skipping TextLine with null bounds: TextLine{ "" conf:NaN}
2026-05-10 00:16:17,226 WARN [The_Power_Of_The_Cross-lead-A#1]          TextBuilder.java:412  | Skipping TextLine with null bounds: TextLine{ "" conf:NaN}
2026-05-10 00:16:17,226 WARN [The_Power_Of_The_Cross-lead-A#1]          TextBuilder.java:412  | Skipping TextLine with null bounds: TextLine{ "" conf:NaN}
2026-05-10 00:16:17,226 WARN [The_Power_Of_The_Cross-lead-A#1]          TextBuilder.java:412  | Skipping TextLine with null bounds: TextLine{ "" conf:NaN}
2026-05-10 00:16:17,229 WARN [The_Power_Of_The_Cross-lead-A#1]          TextBuilder.java:412  | Skipping TextLine with null bounds: TextLine{ "" conf:NaN}
2026-05-10 00:16:17,229 WARN [The_Power_Of_The_Cross-lead-A#1]          TextBuilder.java:412  | Skipping TextLine with null bounds: TextLine{ "" conf:NaN}
2026-05-10 00:16:17,229 WARN [The_Power_Of_The_Cross-lead-A#1]          TextBuilder.java:412  | Skipping TextLine with null bounds: TextLine{ "" conf:NaN}
2026-05-10 00:16:17,229 WARN [The_Power_Of_The_Cross-lead-A#1]          TextBuilder.java:412  | Skipping TextLine with null bounds: TextLine{ "" conf:NaN}
2026-05-10 00:16:17,229 WARN [The_Power_Of_The_Cross-lead-A#1]          TextBuilder.java:412  | Skipping TextLine with null bounds: TextLine{ "" conf:NaN}
2026-05-10 00:16:17,229 WARN [The_Power_Of_The_Cross-lead-A#1]          TextBuilder.java:412  | Skipping TextLine with null bounds: TextLine{ "" conf:NaN}
2026-05-10 00:16:17,232 WARN [The_Power_Of_The_Cross-lead-A#1]          TextBuilder.java:412  | Skipping TextLine with null bounds: TextLine{ "" conf:NaN}
2026-05-10 00:16:17,233 WARN [The_Power_Of_The_Cross-lead-A#1]          TextBuilder.java:412  | Skipping TextLine with null bounds: TextLine{ "" conf:NaN}
2026-05-10 00:16:17,234 WARN [The_Power_Of_The_Cross-lead-A#1]          TextBuilder.java:412  | Skipping TextLine with null bounds: TextLine{ "" conf:NaN}
2026-05-10 00:16:17,234 WARN [The_Power_Of_The_Cross-lead-A#1]          TextBuilder.java:412  | Skipping TextLine with null bounds: TextLine{ "" conf:NaN}
2026-05-10 00:16:17,234 WARN [The_Power_Of_The_Cross-lead-A#1]          TextBuilder.java:412  | Skipping TextLine with null bounds: TextLine{ "" conf:NaN}
2026-05-10 00:16:17,234 WARN [The_Power_Of_The_Cross-lead-A#1]          TextBuilder.java:412  | Skipping TextLine with null bounds: TextLine{ "" conf:NaN}
2026-05-10 00:16:17,236 WARN [The_Power_Of_The_Cross-lead-A#1]          TextBuilder.java:412  | Skipping TextLine with null bounds: TextLine{ "" conf:NaN}
2026-05-10 00:16:17,238 WARN [The_Power_Of_The_Cross-lead-A#1]          TextBuilder.java:412  | Skipping TextLine with null bounds: TextLine{ "" conf:NaN}
2026-05-10 00:16:17,238 WARN [The_Power_Of_The_Cross-lead-A#1]          TextBuilder.java:412  | Skipping TextLine with null bounds: TextLine{ "" conf:NaN}
2026-05-10 00:16:17,238 WARN [The_Power_Of_The_Cross-lead-A#1]          TextBuilder.java:412  | Skipping TextLine with null bounds: TextLine{ "" conf:NaN}
2026-05-10 00:16:17,238 WARN [The_Power_Of_The_Cross-lead-A#1]          TextBuilder.java:412  | Skipping TextLine with null bounds: TextLine{ "" conf:NaN}
2026-05-10 00:16:17,238 WARN [The_Power_Of_The_Cross-lead-A#1]          TextBuilder.java:412  | Skipping TextLine with null bounds: TextLine{ "" conf:NaN}
2026-05-10 00:16:17,238 WARN [The_Power_Of_The_Cross-lead-A#1]          TextBuilder.java:412  | Skipping TextLine with null bounds: TextLine{ "" conf:NaN}
2026-05-10 00:16:17,238 WARN [The_Power_Of_The_Cross-lead-A#1]          TextBuilder.java:412  | Skipping TextLine with null bounds: TextLine{ "" conf:NaN}
2026-05-10 00:16:17,243 WARN [The_Power_Of_The_Cross-lead-A#1]          TextBuilder.java:412  | Skipping TextLine with null bounds: TextLine{ "" conf:NaN}
2026-05-10 00:16:17,244 WARN [The_Power_Of_The_Cross-lead-A#1]          TextBuilder.java:412  | Skipping TextLine with null bounds: TextLine{ "" conf:NaN}
2026-05-10 00:16:17,245 WARN [The_Power_Of_The_Cross-lead-A#1]          TextBuilder.java:412  | Skipping TextLine with null bounds: TextLine{ "" conf:NaN}
2026-05-10 00:16:17,245 WARN [The_Power_Of_The_Cross-lead-A#1]          TextBuilder.java:412  | Skipping TextLine with null bounds: TextLine{ "" conf:NaN}
2026-05-10 00:16:17,246 WARN [The_Power_Of_The_Cross-lead-A#1]          TextBuilder.java:412  | Skipping TextLine with null bounds: TextLine{ "" conf:NaN}
2026-05-10 00:16:17,246 WARN [The_Power_Of_The_Cross-lead-A#1]          TextBuilder.java:412  | Skipping TextLine with null bounds: TextLine{ "" conf:NaN}
2026-05-10 00:16:17,247 WARN [The_Power_Of_The_Cross-lead-A#1]          TextBuilder.java:412  | Skipping TextLine with null bounds: TextLine{ "" conf:NaN}
2026-05-10 00:16:17,250 WARN [The_Power_Of_The_Cross-lead-A#1]          TextBuilder.java:412  | Skipping TextLine with null bounds: TextLine{ "" conf:NaN}
2026-05-10 00:16:17,250 WARN [The_Power_Of_The_Cross-lead-A#1]          TextBuilder.java:412  | Skipping TextLine with null bounds: TextLine{ "" conf:NaN}
2026-05-10 00:16:17,251 WARN [The_Power_Of_The_Cross-lead-A#1]          TextBuilder.java:412  | Skipping TextLine with null bounds: TextLine{ "" conf:NaN}
2026-05-10 00:16:17,251 WARN [The_Power_Of_The_Cross-lead-A#1]          TextBuilder.java:412  | Skipping TextLine with null bounds: TextLine{ "" conf:NaN}
2026-05-10 00:16:17,251 WARN [The_Power_Of_The_Cross-lead-A#1]          TextBuilder.java:412  | Skipping TextLine with null bounds: TextLine{ "" conf:NaN}
2026-05-10 00:16:17,251 WARN [The_Power_Of_The_Cross-lead-A#1]          TextBuilder.java:412  | Skipping TextLine with null bounds: TextLine{ "" conf:NaN}
2026-05-10 00:16:17,251 WARN [The_Power_Of_The_Cross-lead-A#1]          TextBuilder.java:412  | Skipping TextLine with null bounds: TextLine{ "" conf:NaN}
2026-05-10 00:16:17,255 WARN [The_Power_Of_The_Cross-lead-A#1]          TextBuilder.java:412  | Skipping TextLine with null bounds: TextLine{ "" conf:NaN}
2026-05-10 00:16:17,255 WARN [The_Power_Of_The_Cross-lead-A#1]          TextBuilder.java:412  | Skipping TextLine with null bounds: TextLine{ "" conf:NaN}
2026-05-10 00:16:17,255 WARN [The_Power_Of_The_Cross-lead-A#1]          TextBuilder.java:412  | Skipping TextLine with null bounds: TextLine{ "" conf:NaN}
2026-05-10 00:16:17,255 WARN [The_Power_Of_The_Cross-lead-A#1]          TextBuilder.java:412  | Skipping TextLine with null bounds: TextLine{ "" conf:NaN}
2026-05-10 00:16:17,255 WARN [The_Power_Of_The_Cross-lead-A#1]          TextBuilder.java:412  | Skipping TextLine with null bounds: TextLine{ "" conf:NaN}
2026-05-10 00:16:17,255 WARN [The_Power_Of_The_Cross-lead-A#1]          TextBuilder.java:412  | Skipping TextLine with null bounds: TextLine{ "" conf:NaN}
2026-05-10 00:16:17,255 WARN [The_Power_Of_The_Cross-lead-A#1]          TextBuilder.java:412  | Skipping TextLine with null bounds: TextLine{ "" conf:NaN}
2026-05-10 00:16:17,259 WARN [The_Power_Of_The_Cross-lead-A#1]          TextBuilder.java:412  | Skipping TextLine with null bounds: TextLine{ "" conf:NaN}
2026-05-10 00:16:17,262 WARN [The_Power_Of_The_Cross-lead-A#1]          TextBuilder.java:412  | Skipping TextLine with null bounds: TextLine{ "" conf:NaN}
2026-05-10 00:16:17,262 WARN [The_Power_Of_The_Cross-lead-A#1]          TextBuilder.java:412  | Skipping TextLine with null bounds: TextLine{ "" conf:NaN}
2026-05-10 00:16:17,264 WARN [The_Power_Of_The_Cross-lead-A#1]          TextBuilder.java:412  | Skipping TextLine with null bounds: TextLine{ "" conf:NaN}
2026-05-10 00:16:17,264 WARN [The_Power_Of_The_Cross-lead-A#1]          TextBuilder.java:412  | Skipping TextLine with null bounds: TextLine{ "" conf:NaN}
2026-05-10 00:16:17,264 WARN [The_Power_Of_The_Cross-lead-A#1]          TextBuilder.java:412  | Skipping TextLine with null bounds: TextLine{ "" conf:NaN}
2026-05-10 00:16:17,264 WARN [The_Power_Of_The_Cross-lead-A#1]          TextBuilder.java:412  | Skipping TextLine with null bounds: TextLine{ "" conf:NaN}
2026-05-10 00:16:17,264 WARN [The_Power_Of_The_Cross-lead-A#1]          TextBuilder.java:412  | Skipping TextLine with null bounds: TextLine{ "" conf:NaN}
2026-05-10 00:16:17,264 WARN [The_Power_Of_The_Cross-lead-A#1]          TextBuilder.java:412  | Skipping TextLine with null bounds: TextLine{ "" conf:NaN}
2026-05-10 00:16:17,264 WARN [The_Power_Of_The_Cross-lead-A#1]          TextBuilder.java:412  | Skipping TextLine with null bounds: TextLine{ "" conf:NaN}
2026-05-10 00:16:17,264 WARN [The_Power_Of_The_Cross-lead-A#1]          TextBuilder.java:412  | Skipping TextLine with null bounds: TextLine{ "" conf:NaN}
2026-05-10 00:16:17,264 WARN [The_Power_Of_The_Cross-lead-A#1]          TextBuilder.java:412  | Skipping TextLine with null bounds: TextLine{ "" conf:NaN}
2026-05-10 00:16:17,267 WARN [The_Power_Of_The_Cross-lead-A#1]          TextBuilder.java:412  | Skipping TextLine with null bounds: TextLine{ "" conf:NaN}
2026-05-10 00:16:17,267 WARN [The_Power_Of_The_Cross-lead-A#1]          TextBuilder.java:412  | Skipping TextLine with null bounds: TextLine{ "" conf:NaN}
2026-05-10 00:16:17,267 WARN [The_Power_Of_The_Cross-lead-A#1]          TextBuilder.java:412  | Skipping TextLine with null bounds: TextLine{ "" conf:NaN}
2026-05-10 00:16:17,267 WARN [The_Power_Of_The_Cross-lead-A#1]          TextBuilder.java:412  | Skipping TextLine with null bounds: TextLine{ "" conf:NaN}
2026-05-10 00:16:17,267 WARN [The_Power_Of_The_Cross-lead-A#1]          TextBuilder.java:412  | Skipping TextLine with null bounds: TextLine{ "" conf:NaN}
2026-05-10 00:16:17,267 WARN [The_Power_Of_The_Cross-lead-A#1]          TextBuilder.java:412  | Skipping TextLine with null bounds: TextLine{ "" conf:NaN}
2026-05-10 00:16:17,269 WARN [The_Power_Of_The_Cross-lead-A#1]          TextBuilder.java:412  | Skipping TextLine with null bounds: TextLine{ "" conf:NaN}
2026-05-10 00:16:17,269 WARN [The_Power_Of_The_Cross-lead-A#1]          TextBuilder.java:412  | Skipping TextLine with null bounds: TextLine{ "" conf:NaN}
2026-05-10 00:16:17,270 WARN [The_Power_Of_The_Cross-lead-A#1]          TextBuilder.java:412  | Skipping TextLine with null bounds: TextLine{ "" conf:NaN}
2026-05-10 00:16:17,270 WARN [The_Power_Of_The_Cross-lead-A#1]          TextBuilder.java:412  | Skipping TextLine with null bounds: TextLine{ "" conf:NaN}
2026-05-10 00:16:17,270 WARN [The_Power_Of_The_Cross-lead-A#1]          TextBuilder.java:412  | Skipping TextLine with null bounds: TextLine{ "" conf:NaN}
2026-05-10 00:16:17,270 WARN [The_Power_Of_The_Cross-lead-A#1]          TextBuilder.java:412  | Skipping TextLine with null bounds: TextLine{ "" conf:NaN}
2026-05-10 00:16:17,270 WARN [The_Power_Of_The_Cross-lead-A#1]          TextBuilder.java:412  | Skipping TextLine with null bounds: TextLine{ "" conf:NaN}
2026-05-10 00:16:17,270 WARN [The_Power_Of_The_Cross-lead-A#1]          TextBuilder.java:412  | Skipping TextLine with null bounds: TextLine{ "" conf:NaN}
2026-05-10 00:16:17,270 WARN [The_Power_Of_The_Cross-lead-A#1]          TextBuilder.java:412  | Skipping TextLine with null bounds: TextLine{ "" conf:NaN}
2026-05-10 00:16:17,273 WARN [The_Power_Of_The_Cross-lead-A#1]          TextBuilder.java:412  | Skipping TextLine with null bounds: TextLine{ "" conf:NaN}
2026-05-10 00:16:17,274 WARN [The_Power_Of_The_Cross-lead-A#1]          TextBuilder.java:412  | Skipping TextLine with null bounds: TextLine{ "" conf:NaN}
2026-05-10 00:16:17,274 WARN [The_Power_Of_The_Cross-lead-A#1]          TextBuilder.java:412  | Skipping TextLine with null bounds: TextLine{ "" conf:NaN}
2026-05-10 00:16:17,274 WARN [The_Power_Of_The_Cross-lead-A#1]          TextBuilder.java:412  | Skipping TextLine with null bounds: TextLine{ "" conf:NaN}
2026-05-10 00:16:17,274 WARN [The_Power_Of_The_Cross-lead-A#1]          TextBuilder.java:412  | Skipping TextLine with null bounds: TextLine{ "" conf:NaN}
2026-05-10 00:16:17,275 WARN [The_Power_Of_The_Cross-lead-A#1]          TextBuilder.java:412  | Skipping TextLine with null bounds: TextLine{ "" conf:NaN}
2026-05-10 00:16:17,275 WARN [The_Power_Of_The_Cross-lead-A#1]          TextBuilder.java:412  | Skipping TextLine with null bounds: TextLine{ "" conf:NaN}
2026-05-10 00:16:17,275 WARN [The_Power_Of_The_Cross-lead-A#1]          TextBuilder.java:412  | Skipping TextLine with null bounds: TextLine{ "" conf:NaN}
2026-05-10 00:16:17,277 WARN [The_Power_Of_The_Cross-lead-A#1]          TextBuilder.java:412  | Skipping TextLine with null bounds: TextLine{ "" conf:NaN}
2026-05-10 00:16:17,277 WARN [The_Power_Of_The_Cross-lead-A#1]          TextBuilder.java:412  | Skipping TextLine with null bounds: TextLine{ "" conf:NaN}
2026-05-10 00:16:17,277 WARN [The_Power_Of_The_Cross-lead-A#1]          TextBuilder.java:412  | Skipping TextLine with null bounds: TextLine{ "" conf:NaN}
2026-05-10 00:16:17,277 WARN [The_Power_Of_The_Cross-lead-A#1]          TextBuilder.java:412  | Skipping TextLine with null bounds: TextLine{ "" conf:NaN}
2026-05-10 00:16:17,279 WARN [The_Power_Of_The_Cross-lead-A#1]          TextBuilder.java:412  | Skipping TextLine with null bounds: TextLine{ "" conf:NaN}
2026-05-10 00:16:17,279 WARN [The_Power_Of_The_Cross-lead-A#1]          TextBuilder.java:412  | Skipping TextLine with null bounds: TextLine{ "" conf:NaN}
2026-05-10 00:16:17,279 WARN [The_Power_Of_The_Cross-lead-A#1]          TextBuilder.java:412  | Skipping TextLine with null bounds: TextLine{ "" conf:NaN}
2026-05-10 00:16:17,280 WARN [The_Power_Of_The_Cross-lead-A#1]          TextBuilder.java:412  | Skipping TextLine with null bounds: TextLine{ "" conf:NaN}
2026-05-10 00:16:17,280 WARN [The_Power_Of_The_Cross-lead-A#1]          TextBuilder.java:412  | Skipping TextLine with null bounds: TextLine{ "" conf:NaN}
2026-05-10 00:16:17,280 WARN [The_Power_Of_The_Cross-lead-A#1]          TextBuilder.java:412  | Skipping TextLine with null bounds: TextLine{ "" conf:NaN}
2026-05-10 00:16:17,280 WARN [The_Power_Of_The_Cross-lead-A#1]          TextBuilder.java:412  | Skipping TextLine with null bounds: TextLine{ "" conf:NaN}
2026-05-10 00:16:17,280 WARN [The_Power_Of_The_Cross-lead-A#1]          TextBuilder.java:412  | Skipping TextLine with null bounds: TextLine{ "" conf:NaN}
2026-05-10 00:16:17,280 WARN [The_Power_Of_The_Cross-lead-A#1]          TextBuilder.java:412  | Skipping TextLine with null bounds: TextLine{ "" conf:NaN}
2026-05-10 00:16:17,280 WARN [The_Power_Of_The_Cross-lead-A#1]          TextBuilder.java:412  | Skipping TextLine with null bounds: TextLine{ "" conf:NaN}
2026-05-10 00:16:17,280 WARN [The_Power_Of_The_Cross-lead-A#1]          TextBuilder.java:412  | Skipping TextLine with null bounds: TextLine{ "" conf:NaN}
2026-05-10 00:16:17,280 WARN [The_Power_Of_The_Cross-lead-A#1]          TextBuilder.java:412  | Skipping TextLine with null bounds: TextLine{ "" conf:NaN}
2026-05-10 00:16:17,280 WARN [The_Power_Of_The_Cross-lead-A#1]          TextBuilder.java:412  | Skipping TextLine with null bounds: TextLine{ "" conf:NaN}
2026-05-10 00:16:17,283 WARN [The_Power_Of_The_Cross-lead-A#1]          TextBuilder.java:412  | Skipping TextLine with null bounds: TextLine{ "" conf:NaN}
2026-05-10 00:16:17,283 WARN [The_Power_Of_The_Cross-lead-A#1]          TextBuilder.java:412  | Skipping TextLine with null bounds: TextLine{ "" conf:NaN}
2026-05-10 00:16:17,283 WARN [The_Power_Of_The_Cross-lead-A#1]          TextBuilder.java:412  | Skipping TextLine with null bounds: TextLine{ "" conf:NaN}
2026-05-10 00:16:17,283 WARN [The_Power_Of_The_Cross-lead-A#1]          TextBuilder.java:412  | Skipping TextLine with null bounds: TextLine{ "" conf:NaN}
2026-05-10 00:16:17,283 WARN [The_Power_Of_The_Cross-lead-A#1]          TextBuilder.java:412  | Skipping TextLine with null bounds: TextLine{ "" conf:NaN}
2026-05-10 00:16:17,283 WARN [The_Power_Of_The_Cross-lead-A#1]          TextBuilder.java:412  | Skipping TextLine with null bounds: TextLine{ "" conf:NaN}
2026-05-10 00:16:17,283 WARN [The_Power_Of_The_Cross-lead-A#1]          TextBuilder.java:412  | Skipping TextLine with null bounds: TextLine{ "" conf:NaN}
2026-05-10 00:16:17,283 WARN [The_Power_Of_The_Cross-lead-A#1]          TextBuilder.java:412  | Skipping TextLine with null bounds: TextLine{ "" conf:NaN}
2026-05-10 00:16:17,283 WARN [The_Power_Of_The_Cross-lead-A#1]          TextBuilder.java:412  | Skipping TextLine with null bounds: TextLine{ "" conf:NaN}
2026-05-10 00:16:17,283 WARN [The_Power_Of_The_Cross-lead-A#1]          TextBuilder.java:412  | Skipping TextLine with null bounds: TextLine{ "" conf:NaN}
2026-05-10 00:16:17,283 WARN [The_Power_Of_The_Cross-lead-A#1]          TextBuilder.java:412  | Skipping TextLine with null bounds: TextLine{ "" conf:NaN}
2026-05-10 00:16:17,283 WARN [The_Power_Of_The_Cross-lead-A#1]          TextBuilder.java:412  | Skipping TextLine with null bounds: TextLine{ "" conf:NaN}
2026-05-10 00:16:17,283 WARN [The_Power_Of_The_Cross-lead-A#1]          TextBuilder.java:412  | Skipping TextLine with null bounds: TextLine{ "" conf:NaN}
2026-05-10 00:16:17,289 WARN [The_Power_Of_The_Cross-lead-A#1]          TextBuilder.java:412  | Skipping TextLine with null bounds: TextLine{ "" conf:NaN}
2026-05-10 00:16:17,289 WARN [The_Power_Of_The_Cross-lead-A#1]          TextBuilder.java:412  | Skipping TextLine with null bounds: TextLine{ "" conf:NaN}
2026-05-10 00:16:17,289 WARN [The_Power_Of_The_Cross-lead-A#1]          TextBuilder.java:412  | Skipping TextLine with null bounds: TextLine{ "" conf:NaN}
2026-05-10 00:16:17,289 WARN [The_Power_Of_The_Cross-lead-A#1]          TextBuilder.java:412  | Skipping TextLine with null bounds: TextLine{ "" conf:NaN}
2026-05-10 00:16:17,289 WARN [The_Power_Of_The_Cross-lead-A#1]          TextBuilder.java:412  | Skipping TextLine with null bounds: TextLine{ "" conf:NaN}
2026-05-10 00:16:17,289 WARN [The_Power_Of_The_Cross-lead-A#1]          TextBuilder.java:412  | Skipping TextLine with null bounds: TextLine{ "" conf:NaN}
2026-05-10 00:16:17,289 WARN [The_Power_Of_The_Cross-lead-A#1]          TextBuilder.java:412  | Skipping TextLine with null bounds: TextLine{ "" conf:NaN}
2026-05-10 00:16:17,289 WARN [The_Power_Of_The_Cross-lead-A#1]          TextBuilder.java:412  | Skipping TextLine with null bounds: TextLine{ "" conf:NaN}
2026-05-10 00:16:17,289 WARN [The_Power_Of_The_Cross-lead-A#1]          TextBuilder.java:412  | Skipping TextLine with null bounds: TextLine{ "" conf:NaN}
2026-05-10 00:16:17,293 WARN [The_Power_Of_The_Cross-lead-A#1]          TextBuilder.java:412  | Skipping TextLine with null bounds: TextLine{ "" conf:NaN}
2026-05-10 00:16:17,294 WARN [The_Power_Of_The_Cross-lead-A#1]          TextBuilder.java:412  | Skipping TextLine with null bounds: TextLine{ "" conf:NaN}
2026-05-10 00:16:17,294 WARN [The_Power_Of_The_Cross-lead-A#1]          TextBuilder.java:412  | Skipping TextLine with null bounds: TextLine{ "" conf:NaN}
2026-05-10 00:16:17,294 WARN [The_Power_Of_The_Cross-lead-A#1]          TextBuilder.java:412  | Skipping TextLine with null bounds: TextLine{ "" conf:NaN}
2026-05-10 00:16:17,295 WARN [The_Power_Of_The_Cross-lead-A#1]          TextBuilder.java:412  | Skipping TextLine with null bounds: TextLine{ "" conf:NaN}
2026-05-10 00:16:17,296 WARN [The_Power_Of_The_Cross-lead-A#1]          TextBuilder.java:412  | Skipping TextLine with null bounds: TextLine{ "" conf:NaN}
2026-05-10 00:16:17,296 WARN [The_Power_Of_The_Cross-lead-A#1]          TextBuilder.java:412  | Skipping TextLine with null bounds: TextLine{ "" conf:NaN}
2026-05-10 00:16:17,296 WARN [The_Power_Of_The_Cross-lead-A#1]          TextBuilder.java:412  | Skipping TextLine with null bounds: TextLine{ "" conf:NaN}
2026-05-10 00:16:17,297 WARN [The_Power_Of_The_Cross-lead-A#1]          TextBuilder.java:412  | Skipping TextLine with null bounds: TextLine{ "" conf:NaN}
2026-05-10 00:16:17,297 WARN [The_Power_Of_The_Cross-lead-A#1]          TextBuilder.java:412  | Skipping TextLine with null bounds: TextLine{ "" conf:NaN}
2026-05-10 00:16:17,297 WARN [The_Power_Of_The_Cross-lead-A#1]          TextBuilder.java:412  | Skipping TextLine with null bounds: TextLine{ "" conf:NaN}
2026-05-10 00:16:17,297 WARN [The_Power_Of_The_Cross-lead-A#1]          TextBuilder.java:412  | Skipping TextLine with null bounds: TextLine{ "" conf:NaN}
2026-05-10 00:16:17,297 WARN [The_Power_Of_The_Cross-lead-A#1]          TextBuilder.java:412  | Skipping TextLine with null bounds: TextLine{ "" conf:NaN}
2026-05-10 00:16:17,297 WARN [The_Power_Of_The_Cross-lead-A#1]          TextBuilder.java:412  | Skipping TextLine with null bounds: TextLine{ "" conf:NaN}
2026-05-10 00:16:17,298 WARN [The_Power_Of_The_Cross-lead-A#1]          TextBuilder.java:412  | Skipping TextLine with null bounds: TextLine{ "" conf:NaN}
2026-05-10 00:16:17,298 WARN [The_Power_Of_The_Cross-lead-A#1]          TextBuilder.java:412  | Skipping TextLine with null bounds: TextLine{ "" conf:NaN}
2026-05-10 00:16:17,299 WARN [The_Power_Of_The_Cross-lead-A#1]          TextBuilder.java:412  | Skipping TextLine with null bounds: TextLine{ "" conf:NaN}
2026-05-10 00:16:17,299 WARN [The_Power_Of_The_Cross-lead-A#1]          TextBuilder.java:412  | Skipping TextLine with null bounds: TextLine{ "" conf:NaN}
2026-05-10 00:16:17,299 WARN [The_Power_Of_The_Cross-lead-A#1]          TextBuilder.java:412  | Skipping TextLine with null bounds: TextLine{ "" conf:NaN}
2026-05-10 00:16:17,299 WARN [The_Power_Of_The_Cross-lead-A#1]          TextBuilder.java:412  | Skipping TextLine with null bounds: TextLine{ "" conf:NaN}
2026-05-10 00:16:17,300 WARN [The_Power_Of_The_Cross-lead-A#1]          TextBuilder.java:412  | Skipping TextLine with null bounds: TextLine{ "" conf:NaN}
2026-05-10 00:16:17,300 WARN [The_Power_Of_The_Cross-lead-A#1]          TextBuilder.java:412  | Skipping TextLine with null bounds: TextLine{ "" conf:NaN}
2026-05-10 00:16:17,300 WARN [The_Power_Of_The_Cross-lead-A#1]          TextBuilder.java:412  | Skipping TextLine with null bounds: TextLine{ "" conf:NaN}
2026-05-10 00:16:17,300 WARN [The_Power_Of_The_Cross-lead-A#1]          TextBuilder.java:412  | Skipping TextLine with null bounds: TextLine{ "" conf:NaN}
2026-05-10 00:16:17,300 WARN [The_Power_Of_The_Cross-lead-A#1]          TextBuilder.java:412  | Skipping TextLine with null bounds: TextLine{ "" conf:NaN}
2026-05-10 00:16:17,300 WARN [The_Power_Of_The_Cross-lead-A#1]          TextBuilder.java:412  | Skipping TextLine with null bounds: TextLine{ "" conf:NaN}
2026-05-10 00:16:17,300 WARN [The_Power_Of_The_Cross-lead-A#1]          TextBuilder.java:412  | Skipping TextLine with null bounds: TextLine{ "" conf:NaN}
2026-05-10 00:16:17,300 WARN [The_Power_Of_The_Cross-lead-A#1]          TextBuilder.java:412  | Skipping TextLine with null bounds: TextLine{ "" conf:NaN}
2026-05-10 00:16:17,300 WARN [The_Power_Of_The_Cross-lead-A#1]          TextBuilder.java:412  | Skipping TextLine with null bounds: TextLine{ "" conf:NaN}
2026-05-10 00:16:17,300 WARN [The_Power_Of_The_Cross-lead-A#1]          TextBuilder.java:412  | Skipping TextLine with null bounds: TextLine{ "" conf:NaN}
2026-05-10 00:16:17,300 WARN [The_Power_Of_The_Cross-lead-A#1]          TextBuilder.java:412  | Skipping TextLine with null bounds: TextLine{ "" conf:NaN}
2026-05-10 00:16:17,300 WARN [The_Power_Of_The_Cross-lead-A#1]          TextBuilder.java:412  | Skipping TextLine with null bounds: TextLine{ "" conf:NaN}
2026-05-10 00:16:17,300 WARN [The_Power_Of_The_Cross-lead-A#1]          TextBuilder.java:412  | Skipping TextLine with null bounds: TextLine{ "" conf:NaN}
2026-05-10 00:16:17,304 WARN [The_Power_Of_The_Cross-lead-A#1]          TextBuilder.java:412  | Skipping TextLine with null bounds: TextLine{ "" conf:NaN}
2026-05-10 00:16:17,304 WARN [The_Power_Of_The_Cross-lead-A#1]          TextBuilder.java:412  | Skipping TextLine with null bounds: TextLine{ "" conf:NaN}
2026-05-10 00:16:17,304 WARN [The_Power_Of_The_Cross-lead-A#1]          TextBuilder.java:412  | Skipping TextLine with null bounds: TextLine{ "" conf:NaN}
2026-05-10 00:16:17,304 WARN [The_Power_Of_The_Cross-lead-A#1]          TextBuilder.java:412  | Skipping TextLine with null bounds: TextLine{ "" conf:NaN}
2026-05-10 00:16:17,304 WARN [The_Power_Of_The_Cross-lead-A#1]          TextBuilder.java:412  | Skipping TextLine with null bounds: TextLine{ "" conf:NaN}
2026-05-10 00:16:17,306 WARN [The_Power_Of_The_Cross-lead-A#1]          TextBuilder.java:412  | Skipping TextLine with null bounds: TextLine{ "" conf:NaN}
2026-05-10 00:16:17,306 WARN [The_Power_Of_The_Cross-lead-A#1]          TextBuilder.java:412  | Skipping TextLine with null bounds: TextLine{ "" conf:NaN}
2026-05-10 00:16:17,306 WARN [The_Power_Of_The_Cross-lead-A#1]          TextBuilder.java:412  | Skipping TextLine with null bounds: TextLine{ "" conf:NaN}
2026-05-10 00:16:17,306 WARN [The_Power_Of_The_Cross-lead-A#1]          TextBuilder.java:412  | Skipping TextLine with null bounds: TextLine{ "" conf:NaN}
2026-05-10 00:16:17,306 WARN [The_Power_Of_The_Cross-lead-A#1]          TextBuilder.java:412  | Skipping TextLine with null bounds: TextLine{ "" conf:NaN}
2026-05-10 00:16:17,306 WARN [The_Power_Of_The_Cross-lead-A#1]          TextBuilder.java:412  | Skipping TextLine with null bounds: TextLine{ "" conf:NaN}
2026-05-10 00:16:17,306 WARN [The_Power_Of_The_Cross-lead-A#1]          TextBuilder.java:412  | Skipping TextLine with null bounds: TextLine{ "" conf:NaN}
2026-05-10 00:16:17,306 WARN [The_Power_Of_The_Cross-lead-A#1]          TextBuilder.java:412  | Skipping TextLine with null bounds: TextLine{ "" conf:NaN}
2026-05-10 00:16:17,306 WARN [The_Power_Of_The_Cross-lead-A#1]          TextBuilder.java:412  | Skipping TextLine with null bounds: TextLine{ "" conf:NaN}
2026-05-10 00:16:17,306 WARN [The_Power_Of_The_Cross-lead-A#1]          TextBuilder.java:412  | Skipping TextLine with null bounds: TextLine{ "" conf:NaN}
2026-05-10 00:16:17,306 WARN [The_Power_Of_The_Cross-lead-A#1]          TextBuilder.java:412  | Skipping TextLine with null bounds: TextLine{ "" conf:NaN}
2026-05-10 00:16:17,309 WARN [The_Power_Of_The_Cross-lead-A#1]          TextBuilder.java:412  | Skipping TextLine with null bounds: TextLine{ "" conf:NaN}
2026-05-10 00:16:17,309 WARN [The_Power_Of_The_Cross-lead-A#1]          TextBuilder.java:412  | Skipping TextLine with null bounds: TextLine{ "" conf:NaN}
2026-05-10 00:16:17,309 WARN [The_Power_Of_The_Cross-lead-A#1]          TextBuilder.java:412  | Skipping TextLine with null bounds: TextLine{ "" conf:NaN}
2026-05-10 00:16:17,310 WARN [The_Power_Of_The_Cross-lead-A#1]          TextBuilder.java:412  | Skipping TextLine with null bounds: TextLine{ "" conf:NaN}
2026-05-10 00:16:17,310 WARN [The_Power_Of_The_Cross-lead-A#1]          TextBuilder.java:412  | Skipping TextLine with null bounds: TextLine{ "" conf:NaN}
2026-05-10 00:16:17,311 WARN [The_Power_Of_The_Cross-lead-A#1]          TextBuilder.java:412  | Skipping TextLine with null bounds: TextLine{ "" conf:NaN}
2026-05-10 00:16:17,311 WARN [The_Power_Of_The_Cross-lead-A#1]          TextBuilder.java:412  | Skipping TextLine with null bounds: TextLine{ "" conf:NaN}
2026-05-10 00:16:17,311 WARN [The_Power_Of_The_Cross-lead-A#1]          TextBuilder.java:412  | Skipping TextLine with null bounds: TextLine{ "" conf:NaN}
2026-05-10 00:16:17,311 WARN [The_Power_Of_The_Cross-lead-A#1]          TextBuilder.java:412  | Skipping TextLine with null bounds: TextLine{ "" conf:NaN}
2026-05-10 00:16:17,311 WARN [The_Power_Of_The_Cross-lead-A#1]          TextBuilder.java:412  | Skipping TextLine with null bounds: TextLine{ "" conf:NaN}
2026-05-10 00:16:17,311 WARN [The_Power_Of_The_Cross-lead-A#1]          TextBuilder.java:412  | Skipping TextLine with null bounds: TextLine{ "" conf:NaN}
2026-05-10 00:16:17,311 WARN [The_Power_Of_The_Cross-lead-A#1]          TextBuilder.java:412  | Skipping TextLine with null bounds: TextLine{ "" conf:NaN}
2026-05-10 00:16:17,311 WARN [The_Power_Of_The_Cross-lead-A#1]          TextBuilder.java:412  | Skipping TextLine with null bounds: TextLine{ "" conf:NaN}
2026-05-10 00:16:17,311 WARN [The_Power_Of_The_Cross-lead-A#1]          TextBuilder.java:412  | Skipping TextLine with null bounds: TextLine{ "" conf:NaN}
2026-05-10 00:16:17,314 WARN [The_Power_Of_The_Cross-lead-A#1]          TextBuilder.java:412  | Skipping TextLine with null bounds: TextLine{ "" conf:NaN}
2026-05-10 00:16:17,314 WARN [The_Power_Of_The_Cross-lead-A#1]          TextBuilder.java:412  | Skipping TextLine with null bounds: TextLine{ "" conf:NaN}
2026-05-10 00:16:17,314 WARN [The_Power_Of_The_Cross-lead-A#1]          TextBuilder.java:412  | Skipping TextLine with null bounds: TextLine{ "" conf:NaN}
2026-05-10 00:16:17,314 WARN [The_Power_Of_The_Cross-lead-A#1]          TextBuilder.java:412  | Skipping TextLine with null bounds: TextLine{ "" conf:NaN}
2026-05-10 00:16:17,314 WARN [The_Power_Of_The_Cross-lead-A#1]          TextBuilder.java:412  | Skipping TextLine with null bounds: TextLine{ "" conf:NaN}
2026-05-10 00:16:17,314 WARN [The_Power_Of_The_Cross-lead-A#1]          TextBuilder.java:412  | Skipping TextLine with null bounds: TextLine{ "" conf:NaN}
2026-05-10 00:16:17,314 WARN [The_Power_Of_The_Cross-lead-A#1]          TextBuilder.java:412  | Skipping TextLine with null bounds: TextLine{ "" conf:NaN}
2026-05-10 00:16:17,314 WARN [The_Power_Of_The_Cross-lead-A#1]          TextBuilder.java:412  | Skipping TextLine with null bounds: TextLine{ "" conf:NaN}
2026-05-10 00:16:17,314 WARN [The_Power_Of_The_Cross-lead-A#1]          TextBuilder.java:412  | Skipping TextLine with null bounds: TextLine{ "" conf:NaN}
2026-05-10 00:16:17,314 WARN [The_Power_Of_The_Cross-lead-A#1]          TextBuilder.java:412  | Skipping TextLine with null bounds: TextLine{ "" conf:NaN}
2026-05-10 00:16:17,314 WARN [The_Power_Of_The_Cross-lead-A#1]          TextBuilder.java:412  | Skipping TextLine with null bounds: TextLine{ "" conf:NaN}
2026-05-10 00:16:17,314 WARN [The_Power_Of_The_Cross-lead-A#1]          TextBuilder.java:412  | Skipping TextLine with null bounds: TextLine{ "" conf:NaN}
2026-05-10 00:16:17,314 WARN [The_Power_Of_The_Cross-lead-A#1]          TextBuilder.java:412  | Skipping TextLine with null bounds: TextLine{ "" conf:NaN}
2026-05-10 00:16:17,314 WARN [The_Power_Of_The_Cross-lead-A#1]          TextBuilder.java:412  | Skipping TextLine with null bounds: TextLine{ "" conf:NaN}
2026-05-10 00:16:17,314 WARN [The_Power_Of_The_Cross-lead-A#1]          TextBuilder.java:412  | Skipping TextLine with null bounds: TextLine{ "" conf:NaN}
2026-05-10 00:16:17,314 WARN [The_Power_Of_The_Cross-lead-A#1]          TextBuilder.java:412  | Skipping TextLine with null bounds: TextLine{ "" conf:NaN}
2026-05-10 00:16:17,317 WARN [The_Power_Of_The_Cross-lead-A#1]          TextBuilder.java:412  | Skipping TextLine with null bounds: TextLine{ "" conf:NaN}
2026-05-10 00:16:17,317 WARN [The_Power_Of_The_Cross-lead-A#1]          TextBuilder.java:412  | Skipping TextLine with null bounds: TextLine{ "" conf:NaN}
2026-05-10 00:16:17,317 WARN [The_Power_Of_The_Cross-lead-A#1]          TextBuilder.java:412  | Skipping TextLine with null bounds: TextLine{ "" conf:NaN}
2026-05-10 00:16:17,317 WARN [The_Power_Of_The_Cross-lead-A#1]          TextBuilder.java:412  | Skipping TextLine with null bounds: TextLine{ "" conf:NaN}
2026-05-10 00:16:17,317 WARN [The_Power_Of_The_Cross-lead-A#1]          TextBuilder.java:412  | Skipping TextLine with null bounds: TextLine{ "" conf:NaN}
2026-05-10 00:16:17,317 WARN [The_Power_Of_The_Cross-lead-A#1]          TextBuilder.java:412  | Skipping TextLine with null bounds: TextLine{ "" conf:NaN}
2026-05-10 00:16:24,081 INFO [The_Power_Of_The_Cross-lead-A#1]           PageRhythm.java:176  | {Page#1.1} Starting PageRhythm time signature check
2026-05-10 00:16:24,081 INFO [The_Power_Of_The_Cross-lead-A#1]           PageRhythm.java:178  | {Page#1.1} Initial range state: Range{SN1- tSig:4/4} → ts: TimePairInter#124{ FROZEN(0.947/0.947) staff:1 4/4}
2026-05-10 00:16:24,081 INFO [The_Power_Of_The_Cross-lead-A#1]           PageRhythm.java:178  | {Page#1.1} Initial range state: Range{SN16- tSig:2/4} → ts: TimeWholeInter#11743{(0.799/0.799) staff:5 TIME_TWO_FOUR 2/4}
2026-05-10 00:16:24,081 INFO [The_Power_Of_The_Cross-lead-A#1]           PageRhythm.java:178  | {Page#1.1} Initial range state: Range{SN19- tSig:2/4} → ts: TimeWholeInter#11843{(0.799/0.799) staff:5 TIME_TWO_FOUR 2/4}
2026-05-10 00:16:24,081 INFO [The_Power_Of_The_Cross-lead-A#1]           PageRhythm.java:184  | {Page#1.1} Checking range: Range{SN1- tSig:4/4}, ts: TimePairInter#124{ FROZEN(0.947/0.947) staff:1 4/4}
2026-05-10 00:16:24,081 INFO [The_Power_Of_The_Cross-lead-A#1]           PageRhythm.java:184  | {Page#1.1} Checking range: Range{SN16- tSig:2/4}, ts: TimeWholeInter#11743{(0.799/0.799) staff:5 TIME_TWO_FOUR 2/4}
2026-05-10 00:16:24,081 INFO [The_Power_Of_The_Cross-lead-A#1]           PageRhythm.java:184  | {Page#1.1} Checking range: Range{SN19- tSig:2/4}, ts: TimeWholeInter#11843{(0.799/0.799) staff:5 TIME_TWO_FOUR 2/4}
2026-05-10 00:16:24,081 INFO [The_Power_Of_The_Cross-lead-A#1]           PageRhythm.java:277  | Last range: Range{SN19-19 tSig:2/4 dur:1/2}
2026-05-10 00:16:24,081 INFO [The_Power_Of_The_Cross-lead-A#1]           PageRhythm.java:278  | lastRange.timeRational = 2/4
2026-05-10 00:16:24,081 INFO [The_Power_Of_The_Cross-lead-A#1]           PageRhythm.java:279  | lastRange.ts = TimeWholeInter#11843{(0.799/0.799) staff:5 TIME_TWO_FOUR 2/4}
2026-05-10 00:16:24,081 DEBUG [The_Power_Of_The_Cross-lead-A#1]           PageRhythm.java:121  | MeasureStack#1 frats: 0 []
2026-05-10 00:16:24,088 DEBUG [The_Power_Of_The_Cross-lead-A#1]           PageRhythm.java:121  | MeasureStack#2 frats: 2 [8114, 8115]
2026-05-10 00:16:24,089 DEBUG [The_Power_Of_The_Cross-lead-A#1]           PageRhythm.java:121  | MeasureStack#3 frats: 6 [8116, 8111, 8117, 8113, 8118, 8120]
2026-05-10 00:16:24,089 DEBUG [The_Power_Of_The_Cross-lead-A#1]           PageRhythm.java:121  | MeasureStack#4 frats: 0 []
2026-05-10 00:16:24,090 DEBUG [The_Power_Of_The_Cross-lead-A#1]           PageRhythm.java:121  | MeasureStack#5 frats: 3 [9141, 9135, 9136]
2026-05-10 00:16:24,090 DEBUG [The_Power_Of_The_Cross-lead-A#1]           PageRhythm.java:121  | MeasureStack#6 frats: 3 [9142, 9143, 9139]
2026-05-10 00:16:24,090 DEBUG [The_Power_Of_The_Cross-lead-A#1]           PageRhythm.java:121  | MeasureStack#7 frats: 2 [10155, 10156]
2026-05-10 00:16:24,092 DEBUG [The_Power_Of_The_Cross-lead-A#1]           PageRhythm.java:121  | MeasureStack#8 frats: 2 [10152, 10157]
2026-05-10 00:16:24,092 DEBUG [The_Power_Of_The_Cross-lead-A#1]           PageRhythm.java:121  | MeasureStack#9 frats: 1 [10158]
2026-05-10 00:16:24,093 DEBUG [The_Power_Of_The_Cross-lead-A#1]           PageRhythm.java:121  | MeasureStack#10 frats: 2 [11433, 11434]
2026-05-10 00:16:24,093 DEBUG [The_Power_Of_The_Cross-lead-A#1]           PageRhythm.java:121  | MeasureStack#11 frats: 2 [11435, 11436]
2026-05-10 00:16:24,093 DEBUG [The_Power_Of_The_Cross-lead-A#1]           PageRhythm.java:121  | MeasureStack#12 frats: 2 [11437, 11438]
2026-05-10 00:16:24,094 DEBUG [The_Power_Of_The_Cross-lead-A#1]           PageRhythm.java:121  | MeasureStack#13 frats: 2 [11439, 11440]
2026-05-10 00:16:24,094 DEBUG [The_Power_Of_The_Cross-lead-A#1]           PageRhythm.java:121  | MeasureStack#14 frats: 2 [11441, 11442]
2026-05-10 00:16:24,094 DEBUG [The_Power_Of_The_Cross-lead-A#1]           PageRhythm.java:121  | MeasureStack#15 frats: 0 []
2026-05-10 00:16:24,094 DEBUG [The_Power_Of_The_Cross-lead-A#1]           PageRhythm.java:121  | MeasureStack#16 frats: 1 [11846]
2026-05-10 00:16:24,094 DEBUG [The_Power_Of_The_Cross-lead-A#1]           PageRhythm.java:121  | MeasureStack#17 frats: 1 [11844]
2026-05-10 00:16:24,094 DEBUG [The_Power_Of_The_Cross-lead-A#1]           PageRhythm.java:121  | MeasureStack#18 frats: 0 []
2026-05-10 00:16:24,097 DEBUG [The_Power_Of_The_Cross-lead-A#1]           PageRhythm.java:121  | MeasureStack#19 frats: 0 []
2026-05-10 00:16:24,097 DEBUG [The_Power_Of_The_Cross-lead-A#1]           PageRhythm.java:325  | Starting Range{SN1-15 tSig:4/4 dur:1}
2026-05-10 00:16:24,097 DEBUG [The_Power_Of_The_Cross-lead-A#1]           PageRhythm.java:329  | About to process StackRhythm for MeasureStack#1
2026-05-10 00:16:24,097 DEBUG [The_Power_Of_The_Cross-lead-A#1]          StackRhythm.java:221  | Setting expectedDuration=1 for stack on page 1
2026-05-10 00:16:24,111 DEBUG [The_Power_Of_The_Cross-lead-A#1]           PageRhythm.java:331  | Finished processing StackRhythm for MeasureStack#1
2026-05-10 00:16:24,111 DEBUG [The_Power_Of_The_Cross-lead-A#1]           PageRhythm.java:329  | About to process StackRhythm for MeasureStack#2
2026-05-10 00:16:24,111 DEBUG [The_Power_Of_The_Cross-lead-A#1]          StackRhythm.java:221  | Setting expectedDuration=1 for stack on page 2
2026-05-10 00:16:24,127 INFO [The_Power_Of_The_Cross-lead-A#1]          StackRhythm.java:226  | S1 MeasureStack#2 no correct rhythm
2026-05-10 00:16:24,127 DEBUG [The_Power_Of_The_Cross-lead-A#1]           PageRhythm.java:331  | Finished processing StackRhythm for MeasureStack#2
2026-05-10 00:16:24,127 DEBUG [The_Power_Of_The_Cross-lead-A#1]           PageRhythm.java:329  | About to process StackRhythm for MeasureStack#3
2026-05-10 00:16:24,127 DEBUG [The_Power_Of_The_Cross-lead-A#1]          StackRhythm.java:221  | Setting expectedDuration=1 for stack on page 3
2026-05-10 00:16:24,134 INFO [The_Power_Of_The_Cross-lead-A#1]          StackRhythm.java:226  | S1 MeasureStack#3 no correct rhythm
2026-05-10 00:16:24,134 DEBUG [The_Power_Of_The_Cross-lead-A#1]           PageRhythm.java:331  | Finished processing StackRhythm for MeasureStack#3
2026-05-10 00:16:24,137 DEBUG [The_Power_Of_The_Cross-lead-A#1]           PageRhythm.java:329  | About to process StackRhythm for MeasureStack#4
2026-05-10 00:16:24,137 DEBUG [The_Power_Of_The_Cross-lead-A#1]          StackRhythm.java:221  | Setting expectedDuration=1 for stack on page 4
2026-05-10 00:16:24,142 DEBUG [The_Power_Of_The_Cross-lead-A#1]           PageRhythm.java:331  | Finished processing StackRhythm for MeasureStack#4
2026-05-10 00:16:24,142 DEBUG [The_Power_Of_The_Cross-lead-A#1]           PageRhythm.java:329  | About to process StackRhythm for MeasureStack#5
2026-05-10 00:16:24,142 DEBUG [The_Power_Of_The_Cross-lead-A#1]          StackRhythm.java:221  | Setting expectedDuration=1 for stack on page 5
2026-05-10 00:16:24,147 DEBUG [The_Power_Of_The_Cross-lead-A#1]           PageRhythm.java:331  | Finished processing StackRhythm for MeasureStack#5
2026-05-10 00:16:24,147 DEBUG [The_Power_Of_The_Cross-lead-A#1]           PageRhythm.java:329  | About to process StackRhythm for MeasureStack#6
2026-05-10 00:16:24,149 DEBUG [The_Power_Of_The_Cross-lead-A#1]          StackRhythm.java:221  | Setting expectedDuration=1 for stack on page 6
2026-05-10 00:16:24,150 DEBUG [The_Power_Of_The_Cross-lead-A#1]           PageRhythm.java:331  | Finished processing StackRhythm for MeasureStack#6
2026-05-10 00:16:24,150 DEBUG [The_Power_Of_The_Cross-lead-A#1]           PageRhythm.java:329  | About to process StackRhythm for MeasureStack#7
2026-05-10 00:16:24,150 DEBUG [The_Power_Of_The_Cross-lead-A#1]          StackRhythm.java:221  | Setting expectedDuration=1 for stack on page 7
2026-05-10 00:16:24,156 DEBUG [The_Power_Of_The_Cross-lead-A#1]           PageRhythm.java:331  | Finished processing StackRhythm for MeasureStack#7
2026-05-10 00:16:24,156 DEBUG [The_Power_Of_The_Cross-lead-A#1]           PageRhythm.java:329  | About to process StackRhythm for MeasureStack#8
2026-05-10 00:16:24,156 DEBUG [The_Power_Of_The_Cross-lead-A#1]          StackRhythm.java:221  | Setting expectedDuration=1 for stack on page 8
2026-05-10 00:16:24,158 INFO [The_Power_Of_The_Cross-lead-A#1]          StackRhythm.java:226  | S3 MeasureStack#8 no correct rhythm
2026-05-10 00:16:24,158 DEBUG [The_Power_Of_The_Cross-lead-A#1]           PageRhythm.java:331  | Finished processing StackRhythm for MeasureStack#8
2026-05-10 00:16:24,158 DEBUG [The_Power_Of_The_Cross-lead-A#1]           PageRhythm.java:329  | About to process StackRhythm for MeasureStack#9
2026-05-10 00:16:24,158 DEBUG [The_Power_Of_The_Cross-lead-A#1]          StackRhythm.java:221  | Setting expectedDuration=1 for stack on page 9
2026-05-10 00:16:24,162 DEBUG [The_Power_Of_The_Cross-lead-A#1]           PageRhythm.java:331  | Finished processing StackRhythm for MeasureStack#9
2026-05-10 00:16:24,163 DEBUG [The_Power_Of_The_Cross-lead-A#1]           PageRhythm.java:329  | About to process StackRhythm for MeasureStack#10
2026-05-10 00:16:24,163 DEBUG [The_Power_Of_The_Cross-lead-A#1]          StackRhythm.java:221  | Setting expectedDuration=1 for stack on page 10
2026-05-10 00:16:24,163 DEBUG [The_Power_Of_The_Cross-lead-A#1]           PageRhythm.java:331  | Finished processing StackRhythm for MeasureStack#10
2026-05-10 00:16:24,163 DEBUG [The_Power_Of_The_Cross-lead-A#1]           PageRhythm.java:329  | About to process StackRhythm for MeasureStack#11
2026-05-10 00:16:24,163 DEBUG [The_Power_Of_The_Cross-lead-A#1]          StackRhythm.java:221  | Setting expectedDuration=1 for stack on page 11
2026-05-10 00:16:24,166 DEBUG [The_Power_Of_The_Cross-lead-A#1]           PageRhythm.java:331  | Finished processing StackRhythm for MeasureStack#11
2026-05-10 00:16:24,166 DEBUG [The_Power_Of_The_Cross-lead-A#1]           PageRhythm.java:329  | About to process StackRhythm for MeasureStack#12
2026-05-10 00:16:24,166 DEBUG [The_Power_Of_The_Cross-lead-A#1]          StackRhythm.java:221  | Setting expectedDuration=1 for stack on page 12
2026-05-10 00:16:24,169 DEBUG [The_Power_Of_The_Cross-lead-A#1]           PageRhythm.java:331  | Finished processing StackRhythm for MeasureStack#12
2026-05-10 00:16:24,169 DEBUG [The_Power_Of_The_Cross-lead-A#1]           PageRhythm.java:329  | About to process StackRhythm for MeasureStack#13
2026-05-10 00:16:24,169 DEBUG [The_Power_Of_The_Cross-lead-A#1]          StackRhythm.java:221  | Setting expectedDuration=1 for stack on page 13
2026-05-10 00:16:24,169 DEBUG [The_Power_Of_The_Cross-lead-A#1]           PageRhythm.java:331  | Finished processing StackRhythm for MeasureStack#13
2026-05-10 00:16:24,169 DEBUG [The_Power_Of_The_Cross-lead-A#1]           PageRhythm.java:329  | About to process StackRhythm for MeasureStack#14
2026-05-10 00:16:24,169 DEBUG [The_Power_Of_The_Cross-lead-A#1]          StackRhythm.java:221  | Setting expectedDuration=1 for stack on page 14
2026-05-10 00:16:24,169 DEBUG [The_Power_Of_The_Cross-lead-A#1]           PageRhythm.java:331  | Finished processing StackRhythm for MeasureStack#14
2026-05-10 00:16:24,169 DEBUG [The_Power_Of_The_Cross-lead-A#1]           PageRhythm.java:329  | About to process StackRhythm for MeasureStack#15
2026-05-10 00:16:24,169 DEBUG [The_Power_Of_The_Cross-lead-A#1]          StackRhythm.java:221  | Setting expectedDuration=1 for stack on page 15
2026-05-10 00:16:24,175 DEBUG [The_Power_Of_The_Cross-lead-A#1]           PageRhythm.java:331  | Finished processing StackRhythm for MeasureStack#15
2026-05-10 00:16:24,175 DEBUG [The_Power_Of_The_Cross-lead-A#1]           PageRhythm.java:325  | Starting Range{SN16-18 tSig:2/4 dur:1/2}
2026-05-10 00:16:24,175 DEBUG [The_Power_Of_The_Cross-lead-A#1]           PageRhythm.java:329  | About to process StackRhythm for MeasureStack#16
2026-05-10 00:16:24,175 DEBUG [The_Power_Of_The_Cross-lead-A#1]          StackRhythm.java:221  | Setting expectedDuration=1/2 for stack on page 16
2026-05-10 00:16:24,177 DEBUG [The_Power_Of_The_Cross-lead-A#1]           PageRhythm.java:331  | Finished processing StackRhythm for MeasureStack#16
2026-05-10 00:16:24,178 DEBUG [The_Power_Of_The_Cross-lead-A#1]           PageRhythm.java:329  | About to process StackRhythm for MeasureStack#17
2026-05-10 00:16:24,178 DEBUG [The_Power_Of_The_Cross-lead-A#1]          StackRhythm.java:221  | Setting expectedDuration=1/2 for stack on page 17
2026-05-10 00:16:24,179 INFO [The_Power_Of_The_Cross-lead-A#1]          StackRhythm.java:226  | S5 MeasureStack#17 no correct rhythm
2026-05-10 00:16:24,179 DEBUG [The_Power_Of_The_Cross-lead-A#1]           PageRhythm.java:331  | Finished processing StackRhythm for MeasureStack#17
2026-05-10 00:16:24,179 DEBUG [The_Power_Of_The_Cross-lead-A#1]           PageRhythm.java:329  | About to process StackRhythm for MeasureStack#18
2026-05-10 00:16:24,179 DEBUG [The_Power_Of_The_Cross-lead-A#1]          StackRhythm.java:221  | Setting expectedDuration=1/2 for stack on page 18
2026-05-10 00:16:24,179 DEBUG [The_Power_Of_The_Cross-lead-A#1]           PageRhythm.java:331  | Finished processing StackRhythm for MeasureStack#18
2026-05-10 00:16:24,179 DEBUG [The_Power_Of_The_Cross-lead-A#1]           PageRhythm.java:325  | Starting Range{SN19-19 tSig:2/4 dur:1/2}
2026-05-10 00:16:24,179 DEBUG [The_Power_Of_The_Cross-lead-A#1]           PageRhythm.java:329  | About to process StackRhythm for MeasureStack#19
2026-05-10 00:16:24,179 DEBUG [The_Power_Of_The_Cross-lead-A#1]          StackRhythm.java:221  | Setting expectedDuration=1/2 for stack on page 19
2026-05-10 00:16:24,179 DEBUG [The_Power_Of_The_Cross-lead-A#1]           PageRhythm.java:331  | Finished processing StackRhythm for MeasureStack#19
2026-05-10 00:16:28,857 WARN [The_Power_Of_The_Cross-lead-A#2]          TextBuilder.java:412  | Skipping TextLine with null bounds: TextLine{ "" conf:NaN}
2026-05-10 00:16:28,857 WARN [The_Power_Of_The_Cross-lead-A#2]          TextBuilder.java:412  | Skipping TextLine with null bounds: TextLine{ "" conf:NaN}
2026-05-10 00:16:28,857 WARN [The_Power_Of_The_Cross-lead-A#2]          TextBuilder.java:412  | Skipping TextLine with null bounds: TextLine{ "" conf:NaN}
2026-05-10 00:16:28,857 WARN [The_Power_Of_The_Cross-lead-A#2]          TextBuilder.java:412  | Skipping TextLine with null bounds: TextLine{ "" conf:NaN}
2026-05-10 00:16:28,857 WARN [The_Power_Of_The_Cross-lead-A#2]          TextBuilder.java:412  | Skipping TextLine with null bounds: TextLine{ "" conf:NaN}
2026-05-10 00:16:28,857 WARN [The_Power_Of_The_Cross-lead-A#2]          TextBuilder.java:412  | Skipping TextLine with null bounds: TextLine{ "" conf:NaN}
2026-05-10 00:16:28,857 WARN [The_Power_Of_The_Cross-lead-A#2]          TextBuilder.java:412  | Skipping TextLine with null bounds: TextLine{ "" conf:NaN}
2026-05-10 00:16:28,857 WARN [The_Power_Of_The_Cross-lead-A#2]          TextBuilder.java:412  | Skipping TextLine with null bounds: TextLine{ "" conf:NaN}
2026-05-10 00:16:28,857 WARN [The_Power_Of_The_Cross-lead-A#2]          TextBuilder.java:412  | Skipping TextLine with null bounds: TextLine{ "" conf:NaN}
2026-05-10 00:16:28,857 WARN [The_Power_Of_The_Cross-lead-A#2]          TextBuilder.java:412  | Skipping TextLine with null bounds: TextLine{ "" conf:NaN}
2026-05-10 00:16:28,857 WARN [The_Power_Of_The_Cross-lead-A#2]          TextBuilder.java:412  | Skipping TextLine with null bounds: TextLine{ "" conf:NaN}
2026-05-10 00:16:28,857 WARN [The_Power_Of_The_Cross-lead-A#2]          TextBuilder.java:412  | Skipping TextLine with null bounds: TextLine{ "" conf:NaN}
2026-05-10 00:16:28,865 WARN [The_Power_Of_The_Cross-lead-A#2]          TextBuilder.java:412  | Skipping TextLine with null bounds: TextLine{ "" conf:NaN}
2026-05-10 00:16:29,930 INFO [The_Power_Of_The_Cross-lead-A#2]           PageRhythm.java:176  | {Page#2.1} Starting PageRhythm time signature check
2026-05-10 00:16:29,930 INFO [The_Power_Of_The_Cross-lead-A#2]           PageRhythm.java:178  | {Page#2.1} Initial range state: Range{SN1- tSig:2/4} → ts: TimePairInter#39{ FROZEN(0.951/0.951) staff:1 2/4}
2026-05-10 00:16:29,945 INFO [The_Power_Of_The_Cross-lead-A#2]           PageRhythm.java:178  | {Page#2.1} Initial range state: Range{SN2- tSig:4/4} → ts: TimeWholeInter#706{(0.550/0.550) staff:1 TIME_FOUR_FOUR 4/4}
2026-05-10 00:16:29,945 INFO [The_Power_Of_The_Cross-lead-A#2]           PageRhythm.java:184  | {Page#2.1} Checking range: Range{SN1- tSig:2/4}, ts: TimePairInter#39{ FROZEN(0.951/0.951) staff:1 2/4}
2026-05-10 00:16:29,945 INFO [The_Power_Of_The_Cross-lead-A#2]           PageRhythm.java:184  | {Page#2.1} Checking range: Range{SN2- tSig:4/4}, ts: TimeWholeInter#706{(0.550/0.550) staff:1 TIME_FOUR_FOUR 4/4}
2026-05-10 00:16:29,945 INFO [The_Power_Of_The_Cross-lead-A#2]           PageRhythm.java:277  | Last range: Range{SN2-5 tSig:4/4 dur:1}
2026-05-10 00:16:29,945 INFO [The_Power_Of_The_Cross-lead-A#2]           PageRhythm.java:278  | lastRange.timeRational = 4/4
2026-05-10 00:16:29,945 INFO [The_Power_Of_The_Cross-lead-A#2]           PageRhythm.java:279  | lastRange.ts = TimeWholeInter#706{(0.550/0.550) staff:1 TIME_FOUR_FOUR 4/4}
2026-05-10 00:16:29,945 DEBUG [The_Power_Of_The_Cross-lead-A#2]           PageRhythm.java:121  | MeasureStack#1 frats: 1 [843]
2026-05-10 00:16:29,945 DEBUG [The_Power_Of_The_Cross-lead-A#2]           PageRhythm.java:121  | MeasureStack#2 frats: 1 [840]
2026-05-10 00:16:29,945 DEBUG [The_Power_Of_The_Cross-lead-A#2]           PageRhythm.java:121  | MeasureStack#3 frats: 0 []
2026-05-10 00:16:29,945 DEBUG [The_Power_Of_The_Cross-lead-A#2]           PageRhythm.java:121  | MeasureStack#4 frats: 0 []
2026-05-10 00:16:29,945 DEBUG [The_Power_Of_The_Cross-lead-A#2]           PageRhythm.java:121  | MeasureStack#5 frats: 0 []
2026-05-10 00:16:29,945 DEBUG [The_Power_Of_The_Cross-lead-A#2]           PageRhythm.java:325  | Starting Range{SN1-1 tSig:2/4 dur:1/2}
2026-05-10 00:16:29,945 DEBUG [The_Power_Of_The_Cross-lead-A#2]           PageRhythm.java:329  | About to process StackRhythm for MeasureStack#1
2026-05-10 00:16:29,945 DEBUG [The_Power_Of_The_Cross-lead-A#2]          StackRhythm.java:221  | Setting expectedDuration=1/2 for stack on page 1
2026-05-10 00:16:29,953 DEBUG [The_Power_Of_The_Cross-lead-A#2]           PageRhythm.java:331  | Finished processing StackRhythm for MeasureStack#1
2026-05-10 00:16:29,953 DEBUG [The_Power_Of_The_Cross-lead-A#2]           PageRhythm.java:325  | Starting Range{SN2-5 tSig:4/4 dur:1}
2026-05-10 00:16:29,953 DEBUG [The_Power_Of_The_Cross-lead-A#2]           PageRhythm.java:329  | About to process StackRhythm for MeasureStack#2
2026-05-10 00:16:29,953 DEBUG [The_Power_Of_The_Cross-lead-A#2]          StackRhythm.java:221  | Setting expectedDuration=1 for stack on page 2
2026-05-10 00:16:29,953 DEBUG [The_Power_Of_The_Cross-lead-A#2]           PageRhythm.java:331  | Finished processing StackRhythm for MeasureStack#2
2026-05-10 00:16:29,953 DEBUG [The_Power_Of_The_Cross-lead-A#2]           PageRhythm.java:329  | About to process StackRhythm for MeasureStack#3
2026-05-10 00:16:29,953 DEBUG [The_Power_Of_The_Cross-lead-A#2]          StackRhythm.java:221  | Setting expectedDuration=1 for stack on page 3
2026-05-10 00:16:29,953 DEBUG [The_Power_Of_The_Cross-lead-A#2]           PageRhythm.java:331  | Finished processing StackRhythm for MeasureStack#3
2026-05-10 00:16:29,953 DEBUG [The_Power_Of_The_Cross-lead-A#2]           PageRhythm.java:329  | About to process StackRhythm for MeasureStack#4
2026-05-10 00:16:29,953 DEBUG [The_Power_Of_The_Cross-lead-A#2]          StackRhythm.java:221  | Setting expectedDuration=1 for stack on page 4
2026-05-10 00:16:29,953 DEBUG [The_Power_Of_The_Cross-lead-A#2]           PageRhythm.java:331  | Finished processing StackRhythm for MeasureStack#4
2026-05-10 00:16:29,953 DEBUG [The_Power_Of_The_Cross-lead-A#2]           PageRhythm.java:329  | About to process StackRhythm for MeasureStack#5
2026-05-10 00:16:29,953 DEBUG [The_Power_Of_The_Cross-lead-A#2]          StackRhythm.java:221  | Setting expectedDuration=1 for stack on page 5
2026-05-10 00:16:29,953 DEBUG [The_Power_Of_The_Cross-lead-A#2]           PageRhythm.java:331  | Finished processing StackRhythm for MeasureStack#5
