2026-05-10 00:01:43,218 WARN [The_Power_Of_The_Cross-lead-A#1]          TextBuilder.java:412  | Skipping TextLine with null bounds: TextLine{ "" conf:NaN}
2026-05-10 00:01:43,218 WARN [The_Power_Of_The_Cross-lead-A#1]          TextBuilder.java:412  | Skipping TextLine with null bounds: TextLine{ "" conf:NaN}
2026-05-10 00:01:43,218 WARN [The_Power_Of_The_Cross-lead-A#1]          TextBuilder.java:412  | Skipping TextLine with null bounds: TextLine{ "" conf:NaN}
2026-05-10 00:01:43,218 WARN [The_Power_Of_The_Cross-lead-A#1]          TextBuilder.java:412  | Skipping TextLine with null bounds: TextLine{ "" conf:NaN}
2026-05-10 00:01:43,218 WARN [The_Power_Of_The_Cross-lead-A#1]          TextBuilder.java:412  | Skipping TextLine with null bounds: TextLine{ "" conf:NaN}
2026-05-10 00:01:43,218 WARN [The_Power_Of_The_Cross-lead-A#1]          TextBuilder.java:412  | Skipping TextLine with null bounds: TextLine{ "" conf:NaN}
2026-05-10 00:01:43,218 WARN [The_Power_Of_The_Cross-lead-A#1]          TextBuilder.java:412  | Skipping TextLine with null bounds: TextLine{ "" conf:NaN}
2026-05-10 00:01:43,227 WARN [The_Power_Of_The_Cross-lead-A#1]          TextBuilder.java:412  | Skipping TextLine with null bounds: TextLine{ "" conf:NaN}
2026-05-10 00:01:43,228 WARN [The_Power_Of_The_Cross-lead-A#1]          TextBuilder.java:412  | Skipping TextLine with null bounds: TextLine{ "" conf:NaN}
2026-05-10 00:01:43,228 WARN [The_Power_Of_The_Cross-lead-A#1]          TextBuilder.java:412  | Skipping TextLine with null bounds: TextLine{ "" conf:NaN}
2026-05-10 00:01:43,228 WARN [The_Power_Of_The_Cross-lead-A#1]          TextBuilder.java:412  | Skipping TextLine with null bounds: TextLine{ "" conf:NaN}
2026-05-10 00:01:43,228 WARN [The_Power_Of_The_Cross-lead-A#1]          TextBuilder.java:412  | Skipping TextLine with null bounds: TextLine{ "" conf:NaN}
2026-05-10 00:01:43,228 WARN [The_Power_Of_The_Cross-lead-A#1]          TextBuilder.java:412  | Skipping TextLine with null bounds: TextLine{ "" conf:NaN}
2026-05-10 00:01:43,228 WARN [The_Power_Of_The_Cross-lead-A#1]          TextBuilder.java:412  | Skipping TextLine with null bounds: TextLine{ "" conf:NaN}
2026-05-10 00:01:43,228 WARN [The_Power_Of_The_Cross-lead-A#1]          TextBuilder.java:412  | Skipping TextLine with null bounds: TextLine{ "" conf:NaN}
2026-05-10 00:01:43,231 WARN [The_Power_Of_The_Cross-lead-A#1]          TextBuilder.java:412  | Skipping TextLine with null bounds: TextLine{ "" conf:NaN}
2026-05-10 00:01:43,231 WARN [The_Power_Of_The_Cross-lead-A#1]          TextBuilder.java:412  | Skipping TextLine with null bounds: TextLine{ "" conf:NaN}
2026-05-10 00:01:43,233 WARN [The_Power_Of_The_Cross-lead-A#1]          TextBuilder.java:412  | Skipping TextLine with null bounds: TextLine{ "" conf:NaN}
2026-05-10 00:01:43,233 WARN [The_Power_Of_The_Cross-lead-A#1]          TextBuilder.java:412  | Skipping TextLine with null bounds: TextLine{ "" conf:NaN}
2026-05-10 00:01:43,234 WARN [The_Power_Of_The_Cross-lead-A#1]          TextBuilder.java:412  | Skipping TextLine with null bounds: TextLine{ "" conf:NaN}
2026-05-10 00:01:43,234 WARN [The_Power_Of_The_Cross-lead-A#1]          TextBuilder.java:412  | Skipping TextLine with null bounds: TextLine{ "" conf:NaN}
2026-05-10 00:01:43,234 WARN [The_Power_Of_The_Cross-lead-A#1]          TextBuilder.java:412  | Skipping TextLine with null bounds: TextLine{ "" conf:NaN}
2026-05-10 00:01:43,234 WARN [The_Power_Of_The_Cross-lead-A#1]          TextBuilder.java:412  | Skipping TextLine with null bounds: TextLine{ "" conf:NaN}
2026-05-10 00:01:43,237 WARN [The_Power_Of_The_Cross-lead-A#1]          TextBuilder.java:412  | Skipping TextLine with null bounds: TextLine{ "" conf:NaN}
2026-05-10 00:01:43,237 WARN [The_Power_Of_The_Cross-lead-A#1]          TextBuilder.java:412  | Skipping TextLine with null bounds: TextLine{ "" conf:NaN}
2026-05-10 00:01:43,238 WARN [The_Power_Of_The_Cross-lead-A#1]          TextBuilder.java:412  | Skipping TextLine with null bounds: TextLine{ "" conf:NaN}
2026-05-10 00:01:43,238 WARN [The_Power_Of_The_Cross-lead-A#1]          TextBuilder.java:412  | Skipping TextLine with null bounds: TextLine{ "" conf:NaN}
2026-05-10 00:01:43,238 WARN [The_Power_Of_The_Cross-lead-A#1]          TextBuilder.java:412  | Skipping TextLine with null bounds: TextLine{ "" conf:NaN}
2026-05-10 00:01:43,238 WARN [The_Power_Of_The_Cross-lead-A#1]          TextBuilder.java:412  | Skipping TextLine with null bounds: TextLine{ "" conf:NaN}
2026-05-10 00:01:43,238 WARN [The_Power_Of_The_Cross-lead-A#1]          TextBuilder.java:412  | Skipping TextLine with null bounds: TextLine{ "" conf:NaN}
2026-05-10 00:01:43,238 WARN [The_Power_Of_The_Cross-lead-A#1]          TextBuilder.java:412  | Skipping TextLine with null bounds: TextLine{ "" conf:NaN}
2026-05-10 00:01:43,238 WARN [The_Power_Of_The_Cross-lead-A#1]          TextBuilder.java:412  | Skipping TextLine with null bounds: TextLine{ "" conf:NaN}
2026-05-10 00:01:43,238 WARN [The_Power_Of_The_Cross-lead-A#1]          TextBuilder.java:412  | Skipping TextLine with null bounds: TextLine{ "" conf:NaN}
2026-05-10 00:01:43,238 WARN [The_Power_Of_The_Cross-lead-A#1]          TextBuilder.java:412  | Skipping TextLine with null bounds: TextLine{ "" conf:NaN}
2026-05-10 00:01:43,241 WARN [The_Power_Of_The_Cross-lead-A#1]          TextBuilder.java:412  | Skipping TextLine with null bounds: TextLine{ "" conf:NaN}
2026-05-10 00:01:43,241 WARN [The_Power_Of_The_Cross-lead-A#1]          TextBuilder.java:412  | Skipping TextLine with null bounds: TextLine{ "" conf:NaN}
2026-05-10 00:01:43,241 WARN [The_Power_Of_The_Cross-lead-A#1]          TextBuilder.java:412  | Skipping TextLine with null bounds: TextLine{ "" conf:NaN}
2026-05-10 00:01:43,241 WARN [The_Power_Of_The_Cross-lead-A#1]          TextBuilder.java:412  | Skipping TextLine with null bounds: TextLine{ "" conf:NaN}
2026-05-10 00:01:43,241 WARN [The_Power_Of_The_Cross-lead-A#1]          TextBuilder.java:412  | Skipping TextLine with null bounds: TextLine{ "" conf:NaN}
2026-05-10 00:01:43,241 WARN [The_Power_Of_The_Cross-lead-A#1]          TextBuilder.java:412  | Skipping TextLine with null bounds: TextLine{ "" conf:NaN}
2026-05-10 00:01:43,241 WARN [The_Power_Of_The_Cross-lead-A#1]          TextBuilder.java:412  | Skipping TextLine with null bounds: TextLine{ "" conf:NaN}
2026-05-10 00:01:43,241 WARN [The_Power_Of_The_Cross-lead-A#1]          TextBuilder.java:412  | Skipping TextLine with null bounds: TextLine{ "" conf:NaN}
2026-05-10 00:01:43,241 WARN [The_Power_Of_The_Cross-lead-A#1]          TextBuilder.java:412  | Skipping TextLine with null bounds: TextLine{ "" conf:NaN}
2026-05-10 00:01:43,241 WARN [The_Power_Of_The_Cross-lead-A#1]          TextBuilder.java:412  | Skipping TextLine with null bounds: TextLine{ "" conf:NaN}
2026-05-10 00:01:43,241 WARN [The_Power_Of_The_Cross-lead-A#1]          TextBuilder.java:412  | Skipping TextLine with null bounds: TextLine{ "" conf:NaN}
2026-05-10 00:01:43,241 WARN [The_Power_Of_The_Cross-lead-A#1]          TextBuilder.java:412  | Skipping TextLine with null bounds: TextLine{ "" conf:NaN}
2026-05-10 00:01:43,247 WARN [The_Power_Of_The_Cross-lead-A#1]          TextBuilder.java:412  | Skipping TextLine with null bounds: TextLine{ "" conf:NaN}
2026-05-10 00:01:43,247 WARN [The_Power_Of_The_Cross-lead-A#1]          TextBuilder.java:412  | Skipping TextLine with null bounds: TextLine{ "" conf:NaN}
2026-05-10 00:01:43,247 WARN [The_Power_Of_The_Cross-lead-A#1]          TextBuilder.java:412  | Skipping TextLine with null bounds: TextLine{ "" conf:NaN}
2026-05-10 00:01:43,247 WARN [The_Power_Of_The_Cross-lead-A#1]          TextBuilder.java:412  | Skipping TextLine with null bounds: TextLine{ "" conf:NaN}
2026-05-10 00:01:43,247 WARN [The_Power_Of_The_Cross-lead-A#1]          TextBuilder.java:412  | Skipping TextLine with null bounds: TextLine{ "" conf:NaN}
2026-05-10 00:01:43,247 WARN [The_Power_Of_The_Cross-lead-A#1]          TextBuilder.java:412  | Skipping TextLine with null bounds: TextLine{ "" conf:NaN}
2026-05-10 00:01:43,247 WARN [The_Power_Of_The_Cross-lead-A#1]          TextBuilder.java:412  | Skipping TextLine with null bounds: TextLine{ "" conf:NaN}
2026-05-10 00:01:43,252 WARN [The_Power_Of_The_Cross-lead-A#1]          TextBuilder.java:412  | Skipping TextLine with null bounds: TextLine{ "" conf:NaN}
2026-05-10 00:01:43,253 WARN [The_Power_Of_The_Cross-lead-A#1]          TextBuilder.java:412  | Skipping TextLine with null bounds: TextLine{ "" conf:NaN}
2026-05-10 00:01:43,254 WARN [The_Power_Of_The_Cross-lead-A#1]          TextBuilder.java:412  | Skipping TextLine with null bounds: TextLine{ "" conf:NaN}
2026-05-10 00:01:43,254 WARN [The_Power_Of_The_Cross-lead-A#1]          TextBuilder.java:412  | Skipping TextLine with null bounds: TextLine{ "" conf:NaN}
2026-05-10 00:01:43,255 WARN [The_Power_Of_The_Cross-lead-A#1]          TextBuilder.java:412  | Skipping TextLine with null bounds: TextLine{ "" conf:NaN}
2026-05-10 00:01:43,255 WARN [The_Power_Of_The_Cross-lead-A#1]          TextBuilder.java:412  | Skipping TextLine with null bounds: TextLine{ "" conf:NaN}
2026-05-10 00:01:43,255 WARN [The_Power_Of_The_Cross-lead-A#1]          TextBuilder.java:412  | Skipping TextLine with null bounds: TextLine{ "" conf:NaN}
2026-05-10 00:01:43,255 WARN [The_Power_Of_The_Cross-lead-A#1]          TextBuilder.java:412  | Skipping TextLine with null bounds: TextLine{ "" conf:NaN}
2026-05-10 00:01:43,255 WARN [The_Power_Of_The_Cross-lead-A#1]          TextBuilder.java:412  | Skipping TextLine with null bounds: TextLine{ "" conf:NaN}
2026-05-10 00:01:43,255 WARN [The_Power_Of_The_Cross-lead-A#1]          TextBuilder.java:412  | Skipping TextLine with null bounds: TextLine{ "" conf:NaN}
2026-05-10 00:01:43,255 WARN [The_Power_Of_The_Cross-lead-A#1]          TextBuilder.java:412  | Skipping TextLine with null bounds: TextLine{ "" conf:NaN}
2026-05-10 00:01:43,255 WARN [The_Power_Of_The_Cross-lead-A#1]          TextBuilder.java:412  | Skipping TextLine with null bounds: TextLine{ "" conf:NaN}
2026-05-10 00:01:43,258 WARN [The_Power_Of_The_Cross-lead-A#1]          TextBuilder.java:412  | Skipping TextLine with null bounds: TextLine{ "" conf:NaN}
2026-05-10 00:01:43,259 WARN [The_Power_Of_The_Cross-lead-A#1]          TextBuilder.java:412  | Skipping TextLine with null bounds: TextLine{ "" conf:NaN}
2026-05-10 00:01:43,259 WARN [The_Power_Of_The_Cross-lead-A#1]          TextBuilder.java:412  | Skipping TextLine with null bounds: TextLine{ "" conf:NaN}
2026-05-10 00:01:43,259 WARN [The_Power_Of_The_Cross-lead-A#1]          TextBuilder.java:412  | Skipping TextLine with null bounds: TextLine{ "" conf:NaN}
2026-05-10 00:01:43,259 WARN [The_Power_Of_The_Cross-lead-A#1]          TextBuilder.java:412  | Skipping TextLine with null bounds: TextLine{ "" conf:NaN}
2026-05-10 00:01:43,259 WARN [The_Power_Of_The_Cross-lead-A#1]          TextBuilder.java:412  | Skipping TextLine with null bounds: TextLine{ "" conf:NaN}
2026-05-10 00:01:43,259 WARN [The_Power_Of_The_Cross-lead-A#1]          TextBuilder.java:412  | Skipping TextLine with null bounds: TextLine{ "" conf:NaN}
2026-05-10 00:01:43,259 WARN [The_Power_Of_The_Cross-lead-A#1]          TextBuilder.java:412  | Skipping TextLine with null bounds: TextLine{ "" conf:NaN}
2026-05-10 00:01:43,259 WARN [The_Power_Of_The_Cross-lead-A#1]          TextBuilder.java:412  | Skipping TextLine with null bounds: TextLine{ "" conf:NaN}
2026-05-10 00:01:43,259 WARN [The_Power_Of_The_Cross-lead-A#1]          TextBuilder.java:412  | Skipping TextLine with null bounds: TextLine{ "" conf:NaN}
2026-05-10 00:01:43,259 WARN [The_Power_Of_The_Cross-lead-A#1]          TextBuilder.java:412  | Skipping TextLine with null bounds: TextLine{ "" conf:NaN}
2026-05-10 00:01:43,259 WARN [The_Power_Of_The_Cross-lead-A#1]          TextBuilder.java:412  | Skipping TextLine with null bounds: TextLine{ "" conf:NaN}
2026-05-10 00:01:43,263 WARN [The_Power_Of_The_Cross-lead-A#1]          TextBuilder.java:412  | Skipping TextLine with null bounds: TextLine{ "" conf:NaN}
2026-05-10 00:01:43,264 WARN [The_Power_Of_The_Cross-lead-A#1]          TextBuilder.java:412  | Skipping TextLine with null bounds: TextLine{ "" conf:NaN}
2026-05-10 00:01:43,264 WARN [The_Power_Of_The_Cross-lead-A#1]          TextBuilder.java:412  | Skipping TextLine with null bounds: TextLine{ "" conf:NaN}
2026-05-10 00:01:43,264 WARN [The_Power_Of_The_Cross-lead-A#1]          TextBuilder.java:412  | Skipping TextLine with null bounds: TextLine{ "" conf:NaN}
2026-05-10 00:01:43,264 WARN [The_Power_Of_The_Cross-lead-A#1]          TextBuilder.java:412  | Skipping TextLine with null bounds: TextLine{ "" conf:NaN}
2026-05-10 00:01:43,264 WARN [The_Power_Of_The_Cross-lead-A#1]          TextBuilder.java:412  | Skipping TextLine with null bounds: TextLine{ "" conf:NaN}
2026-05-10 00:01:43,264 WARN [The_Power_Of_The_Cross-lead-A#1]          TextBuilder.java:412  | Skipping TextLine with null bounds: TextLine{ "" conf:NaN}
2026-05-10 00:01:43,264 WARN [The_Power_Of_The_Cross-lead-A#1]          TextBuilder.java:412  | Skipping TextLine with null bounds: TextLine{ "" conf:NaN}
2026-05-10 00:01:43,266 WARN [The_Power_Of_The_Cross-lead-A#1]          TextBuilder.java:412  | Skipping TextLine with null bounds: TextLine{ "" conf:NaN}
2026-05-10 00:01:43,266 WARN [The_Power_Of_The_Cross-lead-A#1]          TextBuilder.java:412  | Skipping TextLine with null bounds: TextLine{ "" conf:NaN}
2026-05-10 00:01:43,266 WARN [The_Power_Of_The_Cross-lead-A#1]          TextBuilder.java:412  | Skipping TextLine with null bounds: TextLine{ "" conf:NaN}
2026-05-10 00:01:43,267 WARN [The_Power_Of_The_Cross-lead-A#1]          TextBuilder.java:412  | Skipping TextLine with null bounds: TextLine{ "" conf:NaN}
2026-05-10 00:01:43,267 WARN [The_Power_Of_The_Cross-lead-A#1]          TextBuilder.java:412  | Skipping TextLine with null bounds: TextLine{ "" conf:NaN}
2026-05-10 00:01:43,267 WARN [The_Power_Of_The_Cross-lead-A#1]          TextBuilder.java:412  | Skipping TextLine with null bounds: TextLine{ "" conf:NaN}
2026-05-10 00:01:43,269 WARN [The_Power_Of_The_Cross-lead-A#1]          TextBuilder.java:412  | Skipping TextLine with null bounds: TextLine{ "" conf:NaN}
2026-05-10 00:01:43,269 WARN [The_Power_Of_The_Cross-lead-A#1]          TextBuilder.java:412  | Skipping TextLine with null bounds: TextLine{ "" conf:NaN}
2026-05-10 00:01:43,269 WARN [The_Power_Of_The_Cross-lead-A#1]          TextBuilder.java:412  | Skipping TextLine with null bounds: TextLine{ "" conf:NaN}
2026-05-10 00:01:43,269 WARN [The_Power_Of_The_Cross-lead-A#1]          TextBuilder.java:412  | Skipping TextLine with null bounds: TextLine{ "" conf:NaN}
2026-05-10 00:01:43,269 WARN [The_Power_Of_The_Cross-lead-A#1]          TextBuilder.java:412  | Skipping TextLine with null bounds: TextLine{ "" conf:NaN}
2026-05-10 00:01:43,269 WARN [The_Power_Of_The_Cross-lead-A#1]          TextBuilder.java:412  | Skipping TextLine with null bounds: TextLine{ "" conf:NaN}
2026-05-10 00:01:43,269 WARN [The_Power_Of_The_Cross-lead-A#1]          TextBuilder.java:412  | Skipping TextLine with null bounds: TextLine{ "" conf:NaN}
2026-05-10 00:01:43,269 WARN [The_Power_Of_The_Cross-lead-A#1]          TextBuilder.java:412  | Skipping TextLine with null bounds: TextLine{ "" conf:NaN}
2026-05-10 00:01:43,269 WARN [The_Power_Of_The_Cross-lead-A#1]          TextBuilder.java:412  | Skipping TextLine with null bounds: TextLine{ "" conf:NaN}
2026-05-10 00:01:43,272 WARN [The_Power_Of_The_Cross-lead-A#1]          TextBuilder.java:412  | Skipping TextLine with null bounds: TextLine{ "" conf:NaN}
2026-05-10 00:01:43,272 WARN [The_Power_Of_The_Cross-lead-A#1]          TextBuilder.java:412  | Skipping TextLine with null bounds: TextLine{ "" conf:NaN}
2026-05-10 00:01:43,272 WARN [The_Power_Of_The_Cross-lead-A#1]          TextBuilder.java:412  | Skipping TextLine with null bounds: TextLine{ "" conf:NaN}
2026-05-10 00:01:43,273 WARN [The_Power_Of_The_Cross-lead-A#1]          TextBuilder.java:412  | Skipping TextLine with null bounds: TextLine{ "" conf:NaN}
2026-05-10 00:01:43,273 WARN [The_Power_Of_The_Cross-lead-A#1]          TextBuilder.java:412  | Skipping TextLine with null bounds: TextLine{ "" conf:NaN}
2026-05-10 00:01:43,273 WARN [The_Power_Of_The_Cross-lead-A#1]          TextBuilder.java:412  | Skipping TextLine with null bounds: TextLine{ "" conf:NaN}
2026-05-10 00:01:43,273 WARN [The_Power_Of_The_Cross-lead-A#1]          TextBuilder.java:412  | Skipping TextLine with null bounds: TextLine{ "" conf:NaN}
2026-05-10 00:01:43,273 WARN [The_Power_Of_The_Cross-lead-A#1]          TextBuilder.java:412  | Skipping TextLine with null bounds: TextLine{ "" conf:NaN}
2026-05-10 00:01:43,273 WARN [The_Power_Of_The_Cross-lead-A#1]          TextBuilder.java:412  | Skipping TextLine with null bounds: TextLine{ "" conf:NaN}
2026-05-10 00:01:43,273 WARN [The_Power_Of_The_Cross-lead-A#1]          TextBuilder.java:412  | Skipping TextLine with null bounds: TextLine{ "" conf:NaN}
2026-05-10 00:01:43,273 WARN [The_Power_Of_The_Cross-lead-A#1]          TextBuilder.java:412  | Skipping TextLine with null bounds: TextLine{ "" conf:NaN}
2026-05-10 00:01:43,273 WARN [The_Power_Of_The_Cross-lead-A#1]          TextBuilder.java:412  | Skipping TextLine with null bounds: TextLine{ "" conf:NaN}
2026-05-10 00:01:43,273 WARN [The_Power_Of_The_Cross-lead-A#1]          TextBuilder.java:412  | Skipping TextLine with null bounds: TextLine{ "" conf:NaN}
2026-05-10 00:01:43,273 WARN [The_Power_Of_The_Cross-lead-A#1]          TextBuilder.java:412  | Skipping TextLine with null bounds: TextLine{ "" conf:NaN}
2026-05-10 00:01:43,273 WARN [The_Power_Of_The_Cross-lead-A#1]          TextBuilder.java:412  | Skipping TextLine with null bounds: TextLine{ "" conf:NaN}
2026-05-10 00:01:43,273 WARN [The_Power_Of_The_Cross-lead-A#1]          TextBuilder.java:412  | Skipping TextLine with null bounds: TextLine{ "" conf:NaN}
2026-05-10 00:01:43,273 WARN [The_Power_Of_The_Cross-lead-A#1]          TextBuilder.java:412  | Skipping TextLine with null bounds: TextLine{ "" conf:NaN}
2026-05-10 00:01:43,273 WARN [The_Power_Of_The_Cross-lead-A#1]          TextBuilder.java:412  | Skipping TextLine with null bounds: TextLine{ "" conf:NaN}
2026-05-10 00:01:43,273 WARN [The_Power_Of_The_Cross-lead-A#1]          TextBuilder.java:412  | Skipping TextLine with null bounds: TextLine{ "" conf:NaN}
2026-05-10 00:01:43,273 WARN [The_Power_Of_The_Cross-lead-A#1]          TextBuilder.java:412  | Skipping TextLine with null bounds: TextLine{ "" conf:NaN}
2026-05-10 00:01:43,273 WARN [The_Power_Of_The_Cross-lead-A#1]          TextBuilder.java:412  | Skipping TextLine with null bounds: TextLine{ "" conf:NaN}
2026-05-10 00:01:43,273 WARN [The_Power_Of_The_Cross-lead-A#1]          TextBuilder.java:412  | Skipping TextLine with null bounds: TextLine{ "" conf:NaN}
2026-05-10 00:01:43,273 WARN [The_Power_Of_The_Cross-lead-A#1]          TextBuilder.java:412  | Skipping TextLine with null bounds: TextLine{ "" conf:NaN}
2026-05-10 00:01:43,273 WARN [The_Power_Of_The_Cross-lead-A#1]          TextBuilder.java:412  | Skipping TextLine with null bounds: TextLine{ "" conf:NaN}
2026-05-10 00:01:43,279 WARN [The_Power_Of_The_Cross-lead-A#1]          TextBuilder.java:412  | Skipping TextLine with null bounds: TextLine{ "" conf:NaN}
2026-05-10 00:01:43,279 WARN [The_Power_Of_The_Cross-lead-A#1]          TextBuilder.java:412  | Skipping TextLine with null bounds: TextLine{ "" conf:NaN}
2026-05-10 00:01:43,279 WARN [The_Power_Of_The_Cross-lead-A#1]          TextBuilder.java:412  | Skipping TextLine with null bounds: TextLine{ "" conf:NaN}
2026-05-10 00:01:43,279 WARN [The_Power_Of_The_Cross-lead-A#1]          TextBuilder.java:412  | Skipping TextLine with null bounds: TextLine{ "" conf:NaN}
2026-05-10 00:01:43,279 WARN [The_Power_Of_The_Cross-lead-A#1]          TextBuilder.java:412  | Skipping TextLine with null bounds: TextLine{ "" conf:NaN}
2026-05-10 00:01:43,280 WARN [The_Power_Of_The_Cross-lead-A#1]          TextBuilder.java:412  | Skipping TextLine with null bounds: TextLine{ "" conf:NaN}
2026-05-10 00:01:43,280 WARN [The_Power_Of_The_Cross-lead-A#1]          TextBuilder.java:412  | Skipping TextLine with null bounds: TextLine{ "" conf:NaN}
2026-05-10 00:01:43,280 WARN [The_Power_Of_The_Cross-lead-A#1]          TextBuilder.java:412  | Skipping TextLine with null bounds: TextLine{ "" conf:NaN}
2026-05-10 00:01:43,280 WARN [The_Power_Of_The_Cross-lead-A#1]          TextBuilder.java:412  | Skipping TextLine with null bounds: TextLine{ "" conf:NaN}
2026-05-10 00:01:43,280 WARN [The_Power_Of_The_Cross-lead-A#1]          TextBuilder.java:412  | Skipping TextLine with null bounds: TextLine{ "" conf:NaN}
2026-05-10 00:01:43,280 WARN [The_Power_Of_The_Cross-lead-A#1]          TextBuilder.java:412  | Skipping TextLine with null bounds: TextLine{ "" conf:NaN}
2026-05-10 00:01:43,280 WARN [The_Power_Of_The_Cross-lead-A#1]          TextBuilder.java:412  | Skipping TextLine with null bounds: TextLine{ "" conf:NaN}
2026-05-10 00:01:43,280 WARN [The_Power_Of_The_Cross-lead-A#1]          TextBuilder.java:412  | Skipping TextLine with null bounds: TextLine{ "" conf:NaN}
2026-05-10 00:01:43,280 WARN [The_Power_Of_The_Cross-lead-A#1]          TextBuilder.java:412  | Skipping TextLine with null bounds: TextLine{ "" conf:NaN}
2026-05-10 00:01:43,280 WARN [The_Power_Of_The_Cross-lead-A#1]          TextBuilder.java:412  | Skipping TextLine with null bounds: TextLine{ "" conf:NaN}
2026-05-10 00:01:43,280 WARN [The_Power_Of_The_Cross-lead-A#1]          TextBuilder.java:412  | Skipping TextLine with null bounds: TextLine{ "" conf:NaN}
2026-05-10 00:01:43,280 WARN [The_Power_Of_The_Cross-lead-A#1]          TextBuilder.java:412  | Skipping TextLine with null bounds: TextLine{ "" conf:NaN}
2026-05-10 00:01:43,280 WARN [The_Power_Of_The_Cross-lead-A#1]          TextBuilder.java:412  | Skipping TextLine with null bounds: TextLine{ "" conf:NaN}
2026-05-10 00:01:43,280 WARN [The_Power_Of_The_Cross-lead-A#1]          TextBuilder.java:412  | Skipping TextLine with null bounds: TextLine{ "" conf:NaN}
2026-05-10 00:01:43,284 WARN [The_Power_Of_The_Cross-lead-A#1]          TextBuilder.java:412  | Skipping TextLine with null bounds: TextLine{ "" conf:NaN}
2026-05-10 00:01:43,284 WARN [The_Power_Of_The_Cross-lead-A#1]          TextBuilder.java:412  | Skipping TextLine with null bounds: TextLine{ "" conf:NaN}
2026-05-10 00:01:43,285 WARN [The_Power_Of_The_Cross-lead-A#1]          TextBuilder.java:412  | Skipping TextLine with null bounds: TextLine{ "" conf:NaN}
2026-05-10 00:01:43,285 WARN [The_Power_Of_The_Cross-lead-A#1]          TextBuilder.java:412  | Skipping TextLine with null bounds: TextLine{ "" conf:NaN}
2026-05-10 00:01:43,285 WARN [The_Power_Of_The_Cross-lead-A#1]          TextBuilder.java:412  | Skipping TextLine with null bounds: TextLine{ "" conf:NaN}
2026-05-10 00:01:43,285 WARN [The_Power_Of_The_Cross-lead-A#1]          TextBuilder.java:412  | Skipping TextLine with null bounds: TextLine{ "" conf:NaN}
2026-05-10 00:01:43,285 WARN [The_Power_Of_The_Cross-lead-A#1]          TextBuilder.java:412  | Skipping TextLine with null bounds: TextLine{ "" conf:NaN}
2026-05-10 00:01:43,285 WARN [The_Power_Of_The_Cross-lead-A#1]          TextBuilder.java:412  | Skipping TextLine with null bounds: TextLine{ "" conf:NaN}
2026-05-10 00:01:43,285 WARN [The_Power_Of_The_Cross-lead-A#1]          TextBuilder.java:412  | Skipping TextLine with null bounds: TextLine{ "" conf:NaN}
2026-05-10 00:01:43,285 WARN [The_Power_Of_The_Cross-lead-A#1]          TextBuilder.java:412  | Skipping TextLine with null bounds: TextLine{ "" conf:NaN}
2026-05-10 00:01:43,285 WARN [The_Power_Of_The_Cross-lead-A#1]          TextBuilder.java:412  | Skipping TextLine with null bounds: TextLine{ "" conf:NaN}
2026-05-10 00:01:43,285 WARN [The_Power_Of_The_Cross-lead-A#1]          TextBuilder.java:412  | Skipping TextLine with null bounds: TextLine{ "" conf:NaN}
2026-05-10 00:01:43,285 WARN [The_Power_Of_The_Cross-lead-A#1]          TextBuilder.java:412  | Skipping TextLine with null bounds: TextLine{ "" conf:NaN}
2026-05-10 00:01:43,285 WARN [The_Power_Of_The_Cross-lead-A#1]          TextBuilder.java:412  | Skipping TextLine with null bounds: TextLine{ "" conf:NaN}
2026-05-10 00:01:43,285 WARN [The_Power_Of_The_Cross-lead-A#1]          TextBuilder.java:412  | Skipping TextLine with null bounds: TextLine{ "" conf:NaN}
2026-05-10 00:01:43,285 WARN [The_Power_Of_The_Cross-lead-A#1]          TextBuilder.java:412  | Skipping TextLine with null bounds: TextLine{ "" conf:NaN}
2026-05-10 00:01:43,289 WARN [The_Power_Of_The_Cross-lead-A#1]          TextBuilder.java:412  | Skipping TextLine with null bounds: TextLine{ "" conf:NaN}
2026-05-10 00:01:43,289 WARN [The_Power_Of_The_Cross-lead-A#1]          TextBuilder.java:412  | Skipping TextLine with null bounds: TextLine{ "" conf:NaN}
2026-05-10 00:01:43,289 WARN [The_Power_Of_The_Cross-lead-A#1]          TextBuilder.java:412  | Skipping TextLine with null bounds: TextLine{ "" conf:NaN}
2026-05-10 00:01:43,289 WARN [The_Power_Of_The_Cross-lead-A#1]          TextBuilder.java:412  | Skipping TextLine with null bounds: TextLine{ "" conf:NaN}
2026-05-10 00:01:43,289 WARN [The_Power_Of_The_Cross-lead-A#1]          TextBuilder.java:412  | Skipping TextLine with null bounds: TextLine{ "" conf:NaN}
2026-05-10 00:01:43,289 WARN [The_Power_Of_The_Cross-lead-A#1]          TextBuilder.java:412  | Skipping TextLine with null bounds: TextLine{ "" conf:NaN}
2026-05-10 00:01:43,289 WARN [The_Power_Of_The_Cross-lead-A#1]          TextBuilder.java:412  | Skipping TextLine with null bounds: TextLine{ "" conf:NaN}
2026-05-10 00:01:43,289 WARN [The_Power_Of_The_Cross-lead-A#1]          TextBuilder.java:412  | Skipping TextLine with null bounds: TextLine{ "" conf:NaN}
2026-05-10 00:01:43,289 WARN [The_Power_Of_The_Cross-lead-A#1]          TextBuilder.java:412  | Skipping TextLine with null bounds: TextLine{ "" conf:NaN}
2026-05-10 00:01:43,289 WARN [The_Power_Of_The_Cross-lead-A#1]          TextBuilder.java:412  | Skipping TextLine with null bounds: TextLine{ "" conf:NaN}
2026-05-10 00:01:43,289 WARN [The_Power_Of_The_Cross-lead-A#1]          TextBuilder.java:412  | Skipping TextLine with null bounds: TextLine{ "" conf:NaN}
2026-05-10 00:01:43,289 WARN [The_Power_Of_The_Cross-lead-A#1]          TextBuilder.java:412  | Skipping TextLine with null bounds: TextLine{ "" conf:NaN}
2026-05-10 00:01:43,289 WARN [The_Power_Of_The_Cross-lead-A#1]          TextBuilder.java:412  | Skipping TextLine with null bounds: TextLine{ "" conf:NaN}
2026-05-10 00:01:43,289 WARN [The_Power_Of_The_Cross-lead-A#1]          TextBuilder.java:412  | Skipping TextLine with null bounds: TextLine{ "" conf:NaN}
2026-05-10 00:01:43,289 WARN [The_Power_Of_The_Cross-lead-A#1]          TextBuilder.java:412  | Skipping TextLine with null bounds: TextLine{ "" conf:NaN}
2026-05-10 00:01:43,289 WARN [The_Power_Of_The_Cross-lead-A#1]          TextBuilder.java:412  | Skipping TextLine with null bounds: TextLine{ "" conf:NaN}
2026-05-10 00:01:43,289 WARN [The_Power_Of_The_Cross-lead-A#1]          TextBuilder.java:412  | Skipping TextLine with null bounds: TextLine{ "" conf:NaN}
2026-05-10 00:01:43,289 WARN [The_Power_Of_The_Cross-lead-A#1]          TextBuilder.java:412  | Skipping TextLine with null bounds: TextLine{ "" conf:NaN}
2026-05-10 00:01:43,289 WARN [The_Power_Of_The_Cross-lead-A#1]          TextBuilder.java:412  | Skipping TextLine with null bounds: TextLine{ "" conf:NaN}
2026-05-10 00:01:43,289 WARN [The_Power_Of_The_Cross-lead-A#1]          TextBuilder.java:412  | Skipping TextLine with null bounds: TextLine{ "" conf:NaN}
2026-05-10 00:01:43,289 WARN [The_Power_Of_The_Cross-lead-A#1]          TextBuilder.java:412  | Skipping TextLine with null bounds: TextLine{ "" conf:NaN}
2026-05-10 00:01:43,295 WARN [The_Power_Of_The_Cross-lead-A#1]          TextBuilder.java:412  | Skipping TextLine with null bounds: TextLine{ "" conf:NaN}
2026-05-10 00:01:43,295 WARN [The_Power_Of_The_Cross-lead-A#1]          TextBuilder.java:412  | Skipping TextLine with null bounds: TextLine{ "" conf:NaN}
2026-05-10 00:01:43,295 WARN [The_Power_Of_The_Cross-lead-A#1]          TextBuilder.java:412  | Skipping TextLine with null bounds: TextLine{ "" conf:NaN}
2026-05-10 00:01:43,295 WARN [The_Power_Of_The_Cross-lead-A#1]          TextBuilder.java:412  | Skipping TextLine with null bounds: TextLine{ "" conf:NaN}
2026-05-10 00:01:43,295 WARN [The_Power_Of_The_Cross-lead-A#1]          TextBuilder.java:412  | Skipping TextLine with null bounds: TextLine{ "" conf:NaN}
2026-05-10 00:01:43,295 WARN [The_Power_Of_The_Cross-lead-A#1]          TextBuilder.java:412  | Skipping TextLine with null bounds: TextLine{ "" conf:NaN}
2026-05-10 00:01:43,295 WARN [The_Power_Of_The_Cross-lead-A#1]          TextBuilder.java:412  | Skipping TextLine with null bounds: TextLine{ "" conf:NaN}
2026-05-10 00:01:43,295 WARN [The_Power_Of_The_Cross-lead-A#1]          TextBuilder.java:412  | Skipping TextLine with null bounds: TextLine{ "" conf:NaN}
2026-05-10 00:01:43,295 WARN [The_Power_Of_The_Cross-lead-A#1]          TextBuilder.java:412  | Skipping TextLine with null bounds: TextLine{ "" conf:NaN}
2026-05-10 00:01:43,295 WARN [The_Power_Of_The_Cross-lead-A#1]          TextBuilder.java:412  | Skipping TextLine with null bounds: TextLine{ "" conf:NaN}
2026-05-10 00:01:43,297 WARN [The_Power_Of_The_Cross-lead-A#1]          TextBuilder.java:412  | Skipping TextLine with null bounds: TextLine{ "" conf:NaN}
2026-05-10 00:01:43,297 WARN [The_Power_Of_The_Cross-lead-A#1]          TextBuilder.java:412  | Skipping TextLine with null bounds: TextLine{ "" conf:NaN}
2026-05-10 00:01:43,297 WARN [The_Power_Of_The_Cross-lead-A#1]          TextBuilder.java:412  | Skipping TextLine with null bounds: TextLine{ "" conf:NaN}
2026-05-10 00:01:43,297 WARN [The_Power_Of_The_Cross-lead-A#1]          TextBuilder.java:412  | Skipping TextLine with null bounds: TextLine{ "" conf:NaN}
2026-05-10 00:01:43,297 WARN [The_Power_Of_The_Cross-lead-A#1]          TextBuilder.java:412  | Skipping TextLine with null bounds: TextLine{ "" conf:NaN}
2026-05-10 00:01:43,297 WARN [The_Power_Of_The_Cross-lead-A#1]          TextBuilder.java:412  | Skipping TextLine with null bounds: TextLine{ "" conf:NaN}
2026-05-10 00:01:43,297 WARN [The_Power_Of_The_Cross-lead-A#1]          TextBuilder.java:412  | Skipping TextLine with null bounds: TextLine{ "" conf:NaN}
2026-05-10 00:01:43,299 WARN [The_Power_Of_The_Cross-lead-A#1]          TextBuilder.java:412  | Skipping TextLine with null bounds: TextLine{ "" conf:NaN}
2026-05-10 00:01:43,299 WARN [The_Power_Of_The_Cross-lead-A#1]          TextBuilder.java:412  | Skipping TextLine with null bounds: TextLine{ "" conf:NaN}
2026-05-10 00:01:43,299 WARN [The_Power_Of_The_Cross-lead-A#1]          TextBuilder.java:412  | Skipping TextLine with null bounds: TextLine{ "" conf:NaN}
2026-05-10 00:01:43,299 WARN [The_Power_Of_The_Cross-lead-A#1]          TextBuilder.java:412  | Skipping TextLine with null bounds: TextLine{ "" conf:NaN}
2026-05-10 00:01:43,299 WARN [The_Power_Of_The_Cross-lead-A#1]          TextBuilder.java:412  | Skipping TextLine with null bounds: TextLine{ "" conf:NaN}
2026-05-10 00:01:43,301 WARN [The_Power_Of_The_Cross-lead-A#1]          TextBuilder.java:412  | Skipping TextLine with null bounds: TextLine{ "" conf:NaN}
2026-05-10 00:01:43,301 WARN [The_Power_Of_The_Cross-lead-A#1]          TextBuilder.java:412  | Skipping TextLine with null bounds: TextLine{ "" conf:NaN}
2026-05-10 00:01:43,301 WARN [The_Power_Of_The_Cross-lead-A#1]          TextBuilder.java:412  | Skipping TextLine with null bounds: TextLine{ "" conf:NaN}
2026-05-10 00:01:43,301 WARN [The_Power_Of_The_Cross-lead-A#1]          TextBuilder.java:412  | Skipping TextLine with null bounds: TextLine{ "" conf:NaN}
2026-05-10 00:01:43,301 WARN [The_Power_Of_The_Cross-lead-A#1]          TextBuilder.java:412  | Skipping TextLine with null bounds: TextLine{ "" conf:NaN}
2026-05-10 00:01:43,301 WARN [The_Power_Of_The_Cross-lead-A#1]          TextBuilder.java:412  | Skipping TextLine with null bounds: TextLine{ "" conf:NaN}
2026-05-10 00:01:43,301 WARN [The_Power_Of_The_Cross-lead-A#1]          TextBuilder.java:412  | Skipping TextLine with null bounds: TextLine{ "" conf:NaN}
2026-05-10 00:01:43,301 WARN [The_Power_Of_The_Cross-lead-A#1]          TextBuilder.java:412  | Skipping TextLine with null bounds: TextLine{ "" conf:NaN}
2026-05-10 00:01:43,301 WARN [The_Power_Of_The_Cross-lead-A#1]          TextBuilder.java:412  | Skipping TextLine with null bounds: TextLine{ "" conf:NaN}
2026-05-10 00:01:43,301 WARN [The_Power_Of_The_Cross-lead-A#1]          TextBuilder.java:412  | Skipping TextLine with null bounds: TextLine{ "" conf:NaN}
2026-05-10 00:01:43,301 WARN [The_Power_Of_The_Cross-lead-A#1]          TextBuilder.java:412  | Skipping TextLine with null bounds: TextLine{ "" conf:NaN}
2026-05-10 00:01:43,301 WARN [The_Power_Of_The_Cross-lead-A#1]          TextBuilder.java:412  | Skipping TextLine with null bounds: TextLine{ "" conf:NaN}
2026-05-10 00:01:43,301 WARN [The_Power_Of_The_Cross-lead-A#1]          TextBuilder.java:412  | Skipping TextLine with null bounds: TextLine{ "" conf:NaN}
2026-05-10 00:01:43,304 WARN [The_Power_Of_The_Cross-lead-A#1]          TextBuilder.java:412  | Skipping TextLine with null bounds: TextLine{ "" conf:NaN}
2026-05-10 00:01:43,305 WARN [The_Power_Of_The_Cross-lead-A#1]          TextBuilder.java:412  | Skipping TextLine with null bounds: TextLine{ "" conf:NaN}
2026-05-10 00:01:43,305 WARN [The_Power_Of_The_Cross-lead-A#1]          TextBuilder.java:412  | Skipping TextLine with null bounds: TextLine{ "" conf:NaN}
2026-05-10 00:01:43,305 WARN [The_Power_Of_The_Cross-lead-A#1]          TextBuilder.java:412  | Skipping TextLine with null bounds: TextLine{ "" conf:NaN}
2026-05-10 00:01:43,305 WARN [The_Power_Of_The_Cross-lead-A#1]          TextBuilder.java:412  | Skipping TextLine with null bounds: TextLine{ "" conf:NaN}
2026-05-10 00:01:43,305 WARN [The_Power_Of_The_Cross-lead-A#1]          TextBuilder.java:412  | Skipping TextLine with null bounds: TextLine{ "" conf:NaN}
2026-05-10 00:01:43,305 WARN [The_Power_Of_The_Cross-lead-A#1]          TextBuilder.java:412  | Skipping TextLine with null bounds: TextLine{ "" conf:NaN}
2026-05-10 00:01:43,305 WARN [The_Power_Of_The_Cross-lead-A#1]          TextBuilder.java:412  | Skipping TextLine with null bounds: TextLine{ "" conf:NaN}
2026-05-10 00:01:43,305 WARN [The_Power_Of_The_Cross-lead-A#1]          TextBuilder.java:412  | Skipping TextLine with null bounds: TextLine{ "" conf:NaN}
2026-05-10 00:01:43,305 WARN [The_Power_Of_The_Cross-lead-A#1]          TextBuilder.java:412  | Skipping TextLine with null bounds: TextLine{ "" conf:NaN}
2026-05-10 00:01:43,305 WARN [The_Power_Of_The_Cross-lead-A#1]          TextBuilder.java:412  | Skipping TextLine with null bounds: TextLine{ "" conf:NaN}
2026-05-10 00:01:43,305 WARN [The_Power_Of_The_Cross-lead-A#1]          TextBuilder.java:412  | Skipping TextLine with null bounds: TextLine{ "" conf:NaN}
2026-05-10 00:01:43,305 WARN [The_Power_Of_The_Cross-lead-A#1]          TextBuilder.java:412  | Skipping TextLine with null bounds: TextLine{ "" conf:NaN}
2026-05-10 00:01:43,305 WARN [The_Power_Of_The_Cross-lead-A#1]          TextBuilder.java:412  | Skipping TextLine with null bounds: TextLine{ "" conf:NaN}
2026-05-10 00:01:43,305 WARN [The_Power_Of_The_Cross-lead-A#1]          TextBuilder.java:412  | Skipping TextLine with null bounds: TextLine{ "" conf:NaN}
2026-05-10 00:01:43,305 WARN [The_Power_Of_The_Cross-lead-A#1]          TextBuilder.java:412  | Skipping TextLine with null bounds: TextLine{ "" conf:NaN}
2026-05-10 00:01:43,305 WARN [The_Power_Of_The_Cross-lead-A#1]          TextBuilder.java:412  | Skipping TextLine with null bounds: TextLine{ "" conf:NaN}
2026-05-10 00:01:43,305 WARN [The_Power_Of_The_Cross-lead-A#1]          TextBuilder.java:412  | Skipping TextLine with null bounds: TextLine{ "" conf:NaN}
2026-05-10 00:01:43,305 WARN [The_Power_Of_The_Cross-lead-A#1]          TextBuilder.java:412  | Skipping TextLine with null bounds: TextLine{ "" conf:NaN}
2026-05-10 00:01:43,305 WARN [The_Power_Of_The_Cross-lead-A#1]          TextBuilder.java:412  | Skipping TextLine with null bounds: TextLine{ "" conf:NaN}
2026-05-10 00:01:50,258 INFO [The_Power_Of_The_Cross-lead-A#1]           PageRhythm.java:176  | {Page#1.1} Starting PageRhythm time signature check
2026-05-10 00:01:50,274 INFO [The_Power_Of_The_Cross-lead-A#1]           PageRhythm.java:178  | {Page#1.1} Initial range state: Range{SN1- tSig:4/4} → ts: TimePairInter#124{ FROZEN(0.947/0.947) staff:1 4/4}
2026-05-10 00:01:50,274 INFO [The_Power_Of_The_Cross-lead-A#1]           PageRhythm.java:178  | {Page#1.1} Initial range state: Range{SN16- tSig:2/4} → ts: TimeWholeInter#11257{(0.799/0.799) staff:5 TIME_TWO_FOUR 2/4}
2026-05-10 00:01:50,274 INFO [The_Power_Of_The_Cross-lead-A#1]           PageRhythm.java:178  | {Page#1.1} Initial range state: Range{SN19- tSig:2/4} → ts: TimeWholeInter#11720{(0.799/0.799) staff:5 TIME_TWO_FOUR 2/4}
2026-05-10 00:01:50,274 INFO [The_Power_Of_The_Cross-lead-A#1]           PageRhythm.java:184  | {Page#1.1} Checking range: Range{SN1- tSig:4/4}, ts: TimePairInter#124{ FROZEN(0.947/0.947) staff:1 4/4}
2026-05-10 00:01:50,274 INFO [The_Power_Of_The_Cross-lead-A#1]           PageRhythm.java:184  | {Page#1.1} Checking range: Range{SN16- tSig:2/4}, ts: TimeWholeInter#11257{(0.799/0.799) staff:5 TIME_TWO_FOUR 2/4}
2026-05-10 00:01:50,280 INFO [The_Power_Of_The_Cross-lead-A#1]           PageRhythm.java:184  | {Page#1.1} Checking range: Range{SN19- tSig:2/4}, ts: TimeWholeInter#11720{(0.799/0.799) staff:5 TIME_TWO_FOUR 2/4}
2026-05-10 00:01:50,282 INFO [The_Power_Of_The_Cross-lead-A#1]           PageRhythm.java:277  | Last range: Range{SN19-19 tSig:2/4 dur:1/2}
2026-05-10 00:01:50,283 INFO [The_Power_Of_The_Cross-lead-A#1]           PageRhythm.java:278  | lastRange.timeRational = 2/4
2026-05-10 00:01:50,283 INFO [The_Power_Of_The_Cross-lead-A#1]           PageRhythm.java:279  | lastRange.ts = TimeWholeInter#11720{(0.799/0.799) staff:5 TIME_TWO_FOUR 2/4}
2026-05-10 00:01:50,283 DEBUG [The_Power_Of_The_Cross-lead-A#1]           PageRhythm.java:121  | MeasureStack#1 frats: 0 []
2026-05-10 00:01:50,283 DEBUG [The_Power_Of_The_Cross-lead-A#1]           PageRhythm.java:121  | MeasureStack#2 frats: 2 [8102, 8103]
2026-05-10 00:01:50,283 DEBUG [The_Power_Of_The_Cross-lead-A#1]           PageRhythm.java:121  | MeasureStack#3 frats: 6 [8104, 8099, 8105, 8101, 8106, 8108]
2026-05-10 00:01:50,289 DEBUG [The_Power_Of_The_Cross-lead-A#1]           PageRhythm.java:121  | MeasureStack#4 frats: 0 []
2026-05-10 00:01:50,289 DEBUG [The_Power_Of_The_Cross-lead-A#1]           PageRhythm.java:121  | MeasureStack#5 frats: 3 [9129, 9123, 9124]
2026-05-10 00:01:50,289 DEBUG [The_Power_Of_The_Cross-lead-A#1]           PageRhythm.java:121  | MeasureStack#6 frats: 3 [9130, 9131, 9127]
2026-05-10 00:01:50,289 DEBUG [The_Power_Of_The_Cross-lead-A#1]           PageRhythm.java:121  | MeasureStack#7 frats: 2 [10134, 10135]
2026-05-10 00:01:50,289 DEBUG [The_Power_Of_The_Cross-lead-A#1]           PageRhythm.java:121  | MeasureStack#8 frats: 2 [10131, 10136]
2026-05-10 00:01:50,292 DEBUG [The_Power_Of_The_Cross-lead-A#1]           PageRhythm.java:121  | MeasureStack#9 frats: 1 [10137]
2026-05-10 00:01:50,292 DEBUG [The_Power_Of_The_Cross-lead-A#1]           PageRhythm.java:121  | MeasureStack#10 frats: 2 [10903, 10904]
2026-05-10 00:01:50,292 DEBUG [The_Power_Of_The_Cross-lead-A#1]           PageRhythm.java:121  | MeasureStack#11 frats: 2 [10905, 10906]
2026-05-10 00:01:50,292 DEBUG [The_Power_Of_The_Cross-lead-A#1]           PageRhythm.java:121  | MeasureStack#12 frats: 2 [10907, 10908]
2026-05-10 00:01:50,292 DEBUG [The_Power_Of_The_Cross-lead-A#1]           PageRhythm.java:121  | MeasureStack#13 frats: 2 [10909, 10910]
2026-05-10 00:01:50,298 DEBUG [The_Power_Of_The_Cross-lead-A#1]           PageRhythm.java:121  | MeasureStack#14 frats: 2 [10911, 10912]
2026-05-10 00:01:50,298 DEBUG [The_Power_Of_The_Cross-lead-A#1]           PageRhythm.java:121  | MeasureStack#15 frats: 0 []
2026-05-10 00:01:50,298 DEBUG [The_Power_Of_The_Cross-lead-A#1]           PageRhythm.java:121  | MeasureStack#16 frats: 1 [11723]
2026-05-10 00:01:50,300 DEBUG [The_Power_Of_The_Cross-lead-A#1]           PageRhythm.java:121  | MeasureStack#17 frats: 1 [11721]
2026-05-10 00:01:50,300 DEBUG [The_Power_Of_The_Cross-lead-A#1]           PageRhythm.java:121  | MeasureStack#18 frats: 0 []
2026-05-10 00:01:50,300 DEBUG [The_Power_Of_The_Cross-lead-A#1]           PageRhythm.java:121  | MeasureStack#19 frats: 0 []
2026-05-10 00:01:50,302 DEBUG [The_Power_Of_The_Cross-lead-A#1]           PageRhythm.java:325  | Starting Range{SN1-15 tSig:4/4 dur:1}
2026-05-10 00:01:50,304 DEBUG [The_Power_Of_The_Cross-lead-A#1]           PageRhythm.java:329  | About to process StackRhythm for MeasureStack#1
2026-05-10 00:01:50,304 DEBUG [The_Power_Of_The_Cross-lead-A#1]          StackRhythm.java:221  | Setting expectedDuration=1 for stack on page 1
2026-05-10 00:01:50,308 DEBUG [The_Power_Of_The_Cross-lead-A#1]           PageRhythm.java:331  | Finished processing StackRhythm for MeasureStack#1
2026-05-10 00:01:50,308 DEBUG [The_Power_Of_The_Cross-lead-A#1]           PageRhythm.java:329  | About to process StackRhythm for MeasureStack#2
2026-05-10 00:01:50,314 DEBUG [The_Power_Of_The_Cross-lead-A#1]          StackRhythm.java:221  | Setting expectedDuration=1 for stack on page 2
2026-05-10 00:01:50,323 INFO [The_Power_Of_The_Cross-lead-A#1]          StackRhythm.java:226  | S1 MeasureStack#2 no correct rhythm
2026-05-10 00:01:50,323 DEBUG [The_Power_Of_The_Cross-lead-A#1]           PageRhythm.java:331  | Finished processing StackRhythm for MeasureStack#2
2026-05-10 00:01:50,323 DEBUG [The_Power_Of_The_Cross-lead-A#1]           PageRhythm.java:329  | About to process StackRhythm for MeasureStack#3
2026-05-10 00:01:50,323 DEBUG [The_Power_Of_The_Cross-lead-A#1]          StackRhythm.java:221  | Setting expectedDuration=1 for stack on page 3
2026-05-10 00:01:50,335 INFO [The_Power_Of_The_Cross-lead-A#1]          StackRhythm.java:226  | S1 MeasureStack#3 no correct rhythm
2026-05-10 00:01:50,335 DEBUG [The_Power_Of_The_Cross-lead-A#1]           PageRhythm.java:331  | Finished processing StackRhythm for MeasureStack#3
2026-05-10 00:01:50,338 DEBUG [The_Power_Of_The_Cross-lead-A#1]           PageRhythm.java:329  | About to process StackRhythm for MeasureStack#4
2026-05-10 00:01:50,340 DEBUG [The_Power_Of_The_Cross-lead-A#1]          StackRhythm.java:221  | Setting expectedDuration=1 for stack on page 4
2026-05-10 00:01:50,340 DEBUG [The_Power_Of_The_Cross-lead-A#1]           PageRhythm.java:331  | Finished processing StackRhythm for MeasureStack#4
2026-05-10 00:01:50,340 DEBUG [The_Power_Of_The_Cross-lead-A#1]           PageRhythm.java:329  | About to process StackRhythm for MeasureStack#5
2026-05-10 00:01:50,343 DEBUG [The_Power_Of_The_Cross-lead-A#1]          StackRhythm.java:221  | Setting expectedDuration=1 for stack on page 5
2026-05-10 00:01:50,344 DEBUG [The_Power_Of_The_Cross-lead-A#1]           PageRhythm.java:331  | Finished processing StackRhythm for MeasureStack#5
2026-05-10 00:01:50,344 DEBUG [The_Power_Of_The_Cross-lead-A#1]           PageRhythm.java:329  | About to process StackRhythm for MeasureStack#6
2026-05-10 00:01:50,344 DEBUG [The_Power_Of_The_Cross-lead-A#1]          StackRhythm.java:221  | Setting expectedDuration=1 for stack on page 6
2026-05-10 00:01:50,344 DEBUG [The_Power_Of_The_Cross-lead-A#1]           PageRhythm.java:331  | Finished processing StackRhythm for MeasureStack#6
2026-05-10 00:01:50,344 DEBUG [The_Power_Of_The_Cross-lead-A#1]           PageRhythm.java:329  | About to process StackRhythm for MeasureStack#7
2026-05-10 00:01:50,349 DEBUG [The_Power_Of_The_Cross-lead-A#1]          StackRhythm.java:221  | Setting expectedDuration=1 for stack on page 7
2026-05-10 00:01:50,351 DEBUG [The_Power_Of_The_Cross-lead-A#1]           PageRhythm.java:331  | Finished processing StackRhythm for MeasureStack#7
2026-05-10 00:01:50,351 DEBUG [The_Power_Of_The_Cross-lead-A#1]           PageRhythm.java:329  | About to process StackRhythm for MeasureStack#8
2026-05-10 00:01:50,351 DEBUG [The_Power_Of_The_Cross-lead-A#1]          StackRhythm.java:221  | Setting expectedDuration=1 for stack on page 8
2026-05-10 00:01:50,354 INFO [The_Power_Of_The_Cross-lead-A#1]          StackRhythm.java:226  | S3 MeasureStack#8 no correct rhythm
2026-05-10 00:01:50,354 DEBUG [The_Power_Of_The_Cross-lead-A#1]           PageRhythm.java:331  | Finished processing StackRhythm for MeasureStack#8
2026-05-10 00:01:50,354 DEBUG [The_Power_Of_The_Cross-lead-A#1]           PageRhythm.java:329  | About to process StackRhythm for MeasureStack#9
2026-05-10 00:01:50,354 DEBUG [The_Power_Of_The_Cross-lead-A#1]          StackRhythm.java:221  | Setting expectedDuration=1 for stack on page 9
2026-05-10 00:01:50,354 DEBUG [The_Power_Of_The_Cross-lead-A#1]           PageRhythm.java:331  | Finished processing StackRhythm for MeasureStack#9
2026-05-10 00:01:50,357 DEBUG [The_Power_Of_The_Cross-lead-A#1]           PageRhythm.java:329  | About to process StackRhythm for MeasureStack#10
2026-05-10 00:01:50,357 DEBUG [The_Power_Of_The_Cross-lead-A#1]          StackRhythm.java:221  | Setting expectedDuration=1 for stack on page 10
2026-05-10 00:01:50,357 DEBUG [The_Power_Of_The_Cross-lead-A#1]           PageRhythm.java:331  | Finished processing StackRhythm for MeasureStack#10
2026-05-10 00:01:50,357 DEBUG [The_Power_Of_The_Cross-lead-A#1]           PageRhythm.java:329  | About to process StackRhythm for MeasureStack#11
2026-05-10 00:01:50,357 DEBUG [The_Power_Of_The_Cross-lead-A#1]          StackRhythm.java:221  | Setting expectedDuration=1 for stack on page 11
2026-05-10 00:01:50,357 DEBUG [The_Power_Of_The_Cross-lead-A#1]           PageRhythm.java:331  | Finished processing StackRhythm for MeasureStack#11
2026-05-10 00:01:50,357 DEBUG [The_Power_Of_The_Cross-lead-A#1]           PageRhythm.java:329  | About to process StackRhythm for MeasureStack#12
2026-05-10 00:01:50,357 DEBUG [The_Power_Of_The_Cross-lead-A#1]          StackRhythm.java:221  | Setting expectedDuration=1 for stack on page 12
2026-05-10 00:01:50,362 DEBUG [The_Power_Of_The_Cross-lead-A#1]           PageRhythm.java:331  | Finished processing StackRhythm for MeasureStack#12
2026-05-10 00:01:50,362 DEBUG [The_Power_Of_The_Cross-lead-A#1]           PageRhythm.java:329  | About to process StackRhythm for MeasureStack#13
2026-05-10 00:01:50,362 DEBUG [The_Power_Of_The_Cross-lead-A#1]          StackRhythm.java:221  | Setting expectedDuration=1 for stack on page 13
2026-05-10 00:01:50,362 DEBUG [The_Power_Of_The_Cross-lead-A#1]           PageRhythm.java:331  | Finished processing StackRhythm for MeasureStack#13
2026-05-10 00:01:50,362 DEBUG [The_Power_Of_The_Cross-lead-A#1]           PageRhythm.java:329  | About to process StackRhythm for MeasureStack#14
2026-05-10 00:01:50,362 DEBUG [The_Power_Of_The_Cross-lead-A#1]          StackRhythm.java:221  | Setting expectedDuration=1 for stack on page 14
2026-05-10 00:01:50,365 DEBUG [The_Power_Of_The_Cross-lead-A#1]           PageRhythm.java:331  | Finished processing StackRhythm for MeasureStack#14
2026-05-10 00:01:50,365 DEBUG [The_Power_Of_The_Cross-lead-A#1]           PageRhythm.java:329  | About to process StackRhythm for MeasureStack#15
2026-05-10 00:01:50,365 DEBUG [The_Power_Of_The_Cross-lead-A#1]          StackRhythm.java:221  | Setting expectedDuration=1 for stack on page 15
2026-05-10 00:01:50,365 DEBUG [The_Power_Of_The_Cross-lead-A#1]           PageRhythm.java:331  | Finished processing StackRhythm for MeasureStack#15
2026-05-10 00:01:50,365 DEBUG [The_Power_Of_The_Cross-lead-A#1]           PageRhythm.java:325  | Starting Range{SN16-18 tSig:2/4 dur:1/2}
2026-05-10 00:01:50,365 DEBUG [The_Power_Of_The_Cross-lead-A#1]           PageRhythm.java:329  | About to process StackRhythm for MeasureStack#16
2026-05-10 00:01:50,370 DEBUG [The_Power_Of_The_Cross-lead-A#1]          StackRhythm.java:221  | Setting expectedDuration=1/2 for stack on page 16
2026-05-10 00:01:50,370 DEBUG [The_Power_Of_The_Cross-lead-A#1]           PageRhythm.java:331  | Finished processing StackRhythm for MeasureStack#16
2026-05-10 00:01:50,370 DEBUG [The_Power_Of_The_Cross-lead-A#1]           PageRhythm.java:329  | About to process StackRhythm for MeasureStack#17
2026-05-10 00:01:50,372 DEBUG [The_Power_Of_The_Cross-lead-A#1]          StackRhythm.java:221  | Setting expectedDuration=1/2 for stack on page 17
2026-05-10 00:01:50,372 INFO [The_Power_Of_The_Cross-lead-A#1]          StackRhythm.java:226  | S5 MeasureStack#17 no correct rhythm
2026-05-10 00:01:50,372 DEBUG [The_Power_Of_The_Cross-lead-A#1]           PageRhythm.java:331  | Finished processing StackRhythm for MeasureStack#17
2026-05-10 00:01:50,372 DEBUG [The_Power_Of_The_Cross-lead-A#1]           PageRhythm.java:329  | About to process StackRhythm for MeasureStack#18
2026-05-10 00:01:50,372 DEBUG [The_Power_Of_The_Cross-lead-A#1]          StackRhythm.java:221  | Setting expectedDuration=1/2 for stack on page 18
2026-05-10 00:01:50,372 DEBUG [The_Power_Of_The_Cross-lead-A#1]           PageRhythm.java:331  | Finished processing StackRhythm for MeasureStack#18
2026-05-10 00:01:50,372 DEBUG [The_Power_Of_The_Cross-lead-A#1]           PageRhythm.java:325  | Starting Range{SN19-19 tSig:2/4 dur:1/2}
2026-05-10 00:01:50,372 DEBUG [The_Power_Of_The_Cross-lead-A#1]           PageRhythm.java:329  | About to process StackRhythm for MeasureStack#19
2026-05-10 00:01:50,372 DEBUG [The_Power_Of_The_Cross-lead-A#1]          StackRhythm.java:221  | Setting expectedDuration=1/2 for stack on page 19
2026-05-10 00:01:50,372 DEBUG [The_Power_Of_The_Cross-lead-A#1]           PageRhythm.java:331  | Finished processing StackRhythm for MeasureStack#19
2026-05-10 00:01:55,290 WARN [The_Power_Of_The_Cross-lead-A#2]          TextBuilder.java:412  | Skipping TextLine with null bounds: TextLine{ "" conf:NaN}
2026-05-10 00:01:55,290 WARN [The_Power_Of_The_Cross-lead-A#2]          TextBuilder.java:412  | Skipping TextLine with null bounds: TextLine{ "" conf:NaN}
2026-05-10 00:01:55,298 WARN [The_Power_Of_The_Cross-lead-A#2]          TextBuilder.java:412  | Skipping TextLine with null bounds: TextLine{ "" conf:NaN}
2026-05-10 00:01:55,298 WARN [The_Power_Of_The_Cross-lead-A#2]          TextBuilder.java:412  | Skipping TextLine with null bounds: TextLine{ "" conf:NaN}
2026-05-10 00:01:55,298 WARN [The_Power_Of_The_Cross-lead-A#2]          TextBuilder.java:412  | Skipping TextLine with null bounds: TextLine{ "" conf:NaN}
2026-05-10 00:01:55,298 WARN [The_Power_Of_The_Cross-lead-A#2]          TextBuilder.java:412  | Skipping TextLine with null bounds: TextLine{ "" conf:NaN}
2026-05-10 00:01:55,298 WARN [The_Power_Of_The_Cross-lead-A#2]          TextBuilder.java:412  | Skipping TextLine with null bounds: TextLine{ "" conf:NaN}
2026-05-10 00:01:55,298 WARN [The_Power_Of_The_Cross-lead-A#2]          TextBuilder.java:412  | Skipping TextLine with null bounds: TextLine{ "" conf:NaN}
2026-05-10 00:01:55,298 WARN [The_Power_Of_The_Cross-lead-A#2]          TextBuilder.java:412  | Skipping TextLine with null bounds: TextLine{ "" conf:NaN}
2026-05-10 00:01:55,298 WARN [The_Power_Of_The_Cross-lead-A#2]          TextBuilder.java:412  | Skipping TextLine with null bounds: TextLine{ "" conf:NaN}
2026-05-10 00:01:55,298 WARN [The_Power_Of_The_Cross-lead-A#2]          TextBuilder.java:412  | Skipping TextLine with null bounds: TextLine{ "" conf:NaN}
2026-05-10 00:01:55,298 WARN [The_Power_Of_The_Cross-lead-A#2]          TextBuilder.java:412  | Skipping TextLine with null bounds: TextLine{ "" conf:NaN}
2026-05-10 00:01:55,298 WARN [The_Power_Of_The_Cross-lead-A#2]          TextBuilder.java:412  | Skipping TextLine with null bounds: TextLine{ "" conf:NaN}
2026-05-10 00:01:56,341 INFO [The_Power_Of_The_Cross-lead-A#2]           PageRhythm.java:176  | {Page#2.1} Starting PageRhythm time signature check
2026-05-10 00:01:56,341 INFO [The_Power_Of_The_Cross-lead-A#2]           PageRhythm.java:178  | {Page#2.1} Initial range state: Range{SN1- tSig:2/4} → ts: TimePairInter#39{ FROZEN(0.951/0.951) staff:1 2/4}
2026-05-10 00:01:56,341 INFO [The_Power_Of_The_Cross-lead-A#2]           PageRhythm.java:178  | {Page#2.1} Initial range state: Range{SN2- tSig:4/4} → ts: TimeWholeInter#706{(0.550/0.550) staff:1 TIME_FOUR_FOUR 4/4}
2026-05-10 00:01:56,341 INFO [The_Power_Of_The_Cross-lead-A#2]           PageRhythm.java:184  | {Page#2.1} Checking range: Range{SN1- tSig:2/4}, ts: TimePairInter#39{ FROZEN(0.951/0.951) staff:1 2/4}
2026-05-10 00:01:56,341 INFO [The_Power_Of_The_Cross-lead-A#2]           PageRhythm.java:184  | {Page#2.1} Checking range: Range{SN2- tSig:4/4}, ts: TimeWholeInter#706{(0.550/0.550) staff:1 TIME_FOUR_FOUR 4/4}
2026-05-10 00:01:56,341 INFO [The_Power_Of_The_Cross-lead-A#2]           PageRhythm.java:277  | Last range: Range{SN2-5 tSig:4/4 dur:1}
2026-05-10 00:01:56,341 INFO [The_Power_Of_The_Cross-lead-A#2]           PageRhythm.java:278  | lastRange.timeRational = 4/4
2026-05-10 00:01:56,348 INFO [The_Power_Of_The_Cross-lead-A#2]           PageRhythm.java:279  | lastRange.ts = TimeWholeInter#706{(0.550/0.550) staff:1 TIME_FOUR_FOUR 4/4}
2026-05-10 00:01:56,349 DEBUG [The_Power_Of_The_Cross-lead-A#2]           PageRhythm.java:121  | MeasureStack#1 frats: 1 [843]
2026-05-10 00:01:56,350 DEBUG [The_Power_Of_The_Cross-lead-A#2]           PageRhythm.java:121  | MeasureStack#2 frats: 1 [840]
2026-05-10 00:01:56,350 DEBUG [The_Power_Of_The_Cross-lead-A#2]           PageRhythm.java:121  | MeasureStack#3 frats: 0 []
2026-05-10 00:01:56,350 DEBUG [The_Power_Of_The_Cross-lead-A#2]           PageRhythm.java:121  | MeasureStack#4 frats: 0 []
2026-05-10 00:01:56,350 DEBUG [The_Power_Of_The_Cross-lead-A#2]           PageRhythm.java:121  | MeasureStack#5 frats: 0 []
2026-05-10 00:01:56,350 DEBUG [The_Power_Of_The_Cross-lead-A#2]           PageRhythm.java:325  | Starting Range{SN1-1 tSig:2/4 dur:1/2}
2026-05-10 00:01:56,352 DEBUG [The_Power_Of_The_Cross-lead-A#2]           PageRhythm.java:329  | About to process StackRhythm for MeasureStack#1
2026-05-10 00:01:56,352 DEBUG [The_Power_Of_The_Cross-lead-A#2]          StackRhythm.java:221  | Setting expectedDuration=1/2 for stack on page 1
2026-05-10 00:01:56,352 DEBUG [The_Power_Of_The_Cross-lead-A#2]           PageRhythm.java:331  | Finished processing StackRhythm for MeasureStack#1
2026-05-10 00:01:56,352 DEBUG [The_Power_Of_The_Cross-lead-A#2]           PageRhythm.java:325  | Starting Range{SN2-5 tSig:4/4 dur:1}
2026-05-10 00:01:56,352 DEBUG [The_Power_Of_The_Cross-lead-A#2]           PageRhythm.java:329  | About to process StackRhythm for MeasureStack#2
2026-05-10 00:01:56,352 DEBUG [The_Power_Of_The_Cross-lead-A#2]          StackRhythm.java:221  | Setting expectedDuration=1 for stack on page 2
2026-05-10 00:01:56,356 DEBUG [The_Power_Of_The_Cross-lead-A#2]           PageRhythm.java:331  | Finished processing StackRhythm for MeasureStack#2
2026-05-10 00:01:56,356 DEBUG [The_Power_Of_The_Cross-lead-A#2]           PageRhythm.java:329  | About to process StackRhythm for MeasureStack#3
2026-05-10 00:01:56,356 DEBUG [The_Power_Of_The_Cross-lead-A#2]          StackRhythm.java:221  | Setting expectedDuration=1 for stack on page 3
2026-05-10 00:01:56,356 DEBUG [The_Power_Of_The_Cross-lead-A#2]           PageRhythm.java:331  | Finished processing StackRhythm for MeasureStack#3
2026-05-10 00:01:56,358 DEBUG [The_Power_Of_The_Cross-lead-A#2]           PageRhythm.java:329  | About to process StackRhythm for MeasureStack#4
2026-05-10 00:01:56,358 DEBUG [The_Power_Of_The_Cross-lead-A#2]          StackRhythm.java:221  | Setting expectedDuration=1 for stack on page 4
2026-05-10 00:01:56,358 DEBUG [The_Power_Of_The_Cross-lead-A#2]           PageRhythm.java:331  | Finished processing StackRhythm for MeasureStack#4
2026-05-10 00:01:56,358 DEBUG [The_Power_Of_The_Cross-lead-A#2]           PageRhythm.java:329  | About to process StackRhythm for MeasureStack#5
2026-05-10 00:01:56,358 DEBUG [The_Power_Of_The_Cross-lead-A#2]          StackRhythm.java:221  | Setting expectedDuration=1 for stack on page 5
2026-05-10 00:01:56,360 DEBUG [The_Power_Of_The_Cross-lead-A#2]           PageRhythm.java:331  | Finished processing StackRhythm for MeasureStack#5
