2026-05-10 17:39:21,382 WARN [How Deep The Father's Love For Us-lead-D]          TextBuilder.java:412  | Skipping TextLine with null bounds: TextLine{ "" conf:NaN}
2026-05-10 17:39:21,385 WARN [How Deep The Father's Love For Us-lead-D]          TextBuilder.java:412  | Skipping TextLine with null bounds: TextLine{ "" conf:NaN}
2026-05-10 17:39:21,386 WARN [How Deep The Father's Love For Us-lead-D]          TextBuilder.java:412  | Skipping TextLine with null bounds: TextLine{ "" conf:NaN}
2026-05-10 17:39:21,386 WARN [How Deep The Father's Love For Us-lead-D]          TextBuilder.java:412  | Skipping TextLine with null bounds: TextLine{ "" conf:NaN}
2026-05-10 17:39:21,389 WARN [How Deep The Father's Love For Us-lead-D]          TextBuilder.java:412  | Skipping TextLine with null bounds: TextLine{ "" conf:NaN}
2026-05-10 17:39:21,390 WARN [How Deep The Father's Love For Us-lead-D]          TextBuilder.java:412  | Skipping TextLine with null bounds: TextLine{ "" conf:NaN}
2026-05-10 17:39:21,390 WARN [How Deep The Father's Love For Us-lead-D]          TextBuilder.java:412  | Skipping TextLine with null bounds: TextLine{ "" conf:NaN}
2026-05-10 17:39:21,390 WARN [How Deep The Father's Love For Us-lead-D]          TextBuilder.java:412  | Skipping TextLine with null bounds: TextLine{ "" conf:NaN}
2026-05-10 17:39:21,392 WARN [How Deep The Father's Love For Us-lead-D]          TextBuilder.java:412  | Skipping TextLine with null bounds: TextLine{ "" conf:NaN}
2026-05-10 17:39:21,392 WARN [How Deep The Father's Love For Us-lead-D]          TextBuilder.java:412  | Skipping TextLine with null bounds: TextLine{ "" conf:NaN}
2026-05-10 17:39:21,393 WARN [How Deep The Father's Love For Us-lead-D]          TextBuilder.java:412  | Skipping TextLine with null bounds: TextLine{ "" conf:NaN}
2026-05-10 17:39:21,393 WARN [How Deep The Father's Love For Us-lead-D]          TextBuilder.java:412  | Skipping TextLine with null bounds: TextLine{ "" conf:NaN}
2026-05-10 17:39:21,393 WARN [How Deep The Father's Love For Us-lead-D]          TextBuilder.java:412  | Skipping TextLine with null bounds: TextLine{ "" conf:NaN}
2026-05-10 17:39:21,394 WARN [How Deep The Father's Love For Us-lead-D]          TextBuilder.java:412  | Skipping TextLine with null bounds: TextLine{ "" conf:NaN}
2026-05-10 17:39:21,394 WARN [How Deep The Father's Love For Us-lead-D]          TextBuilder.java:412  | Skipping TextLine with null bounds: TextLine{ "" conf:NaN}
2026-05-10 17:39:21,394 WARN [How Deep The Father's Love For Us-lead-D]          TextBuilder.java:412  | Skipping TextLine with null bounds: TextLine{ "" conf:NaN}
2026-05-10 17:39:21,394 WARN [How Deep The Father's Love For Us-lead-D]          TextBuilder.java:412  | Skipping TextLine with null bounds: TextLine{ "" conf:NaN}
2026-05-10 17:39:21,396 WARN [How Deep The Father's Love For Us-lead-D]          TextBuilder.java:412  | Skipping TextLine with null bounds: TextLine{ "" conf:NaN}
2026-05-10 17:39:21,397 WARN [How Deep The Father's Love For Us-lead-D]          TextBuilder.java:412  | Skipping TextLine with null bounds: TextLine{ "" conf:NaN}
2026-05-10 17:39:21,397 WARN [How Deep The Father's Love For Us-lead-D]          TextBuilder.java:412  | Skipping TextLine with null bounds: TextLine{ "" conf:NaN}
2026-05-10 17:39:21,397 WARN [How Deep The Father's Love For Us-lead-D]          TextBuilder.java:412  | Skipping TextLine with null bounds: TextLine{ "" conf:NaN}
2026-05-10 17:39:21,398 WARN [How Deep The Father's Love For Us-lead-D]          TextBuilder.java:412  | Skipping TextLine with null bounds: TextLine{ "" conf:NaN}
2026-05-10 17:39:21,398 WARN [How Deep The Father's Love For Us-lead-D]          TextBuilder.java:412  | Skipping TextLine with null bounds: TextLine{ "" conf:NaN}
2026-05-10 17:39:21,398 WARN [How Deep The Father's Love For Us-lead-D]          TextBuilder.java:412  | Skipping TextLine with null bounds: TextLine{ "" conf:NaN}
2026-05-10 17:39:21,399 WARN [How Deep The Father's Love For Us-lead-D]          TextBuilder.java:412  | Skipping TextLine with null bounds: TextLine{ "" conf:NaN}
2026-05-10 17:39:21,399 WARN [How Deep The Father's Love For Us-lead-D]          TextBuilder.java:412  | Skipping TextLine with null bounds: TextLine{ "" conf:NaN}
2026-05-10 17:39:21,400 WARN [How Deep The Father's Love For Us-lead-D]          TextBuilder.java:412  | Skipping TextLine with null bounds: TextLine{ "" conf:NaN}
2026-05-10 17:39:21,400 WARN [How Deep The Father's Love For Us-lead-D]          TextBuilder.java:412  | Skipping TextLine with null bounds: TextLine{ "" conf:NaN}
2026-05-10 17:39:21,400 WARN [How Deep The Father's Love For Us-lead-D]          TextBuilder.java:412  | Skipping TextLine with null bounds: TextLine{ "" conf:NaN}
2026-05-10 17:39:21,401 WARN [How Deep The Father's Love For Us-lead-D]          TextBuilder.java:412  | Skipping TextLine with null bounds: TextLine{ "" conf:NaN}
2026-05-10 17:39:21,401 WARN [How Deep The Father's Love For Us-lead-D]          TextBuilder.java:412  | Skipping TextLine with null bounds: TextLine{ "" conf:NaN}
2026-05-10 17:39:21,401 WARN [How Deep The Father's Love For Us-lead-D]          TextBuilder.java:412  | Skipping TextLine with null bounds: TextLine{ "" conf:NaN}
2026-05-10 17:39:21,402 WARN [How Deep The Father's Love For Us-lead-D]          TextBuilder.java:412  | Skipping TextLine with null bounds: TextLine{ "" conf:NaN}
2026-05-10 17:39:21,402 WARN [How Deep The Father's Love For Us-lead-D]          TextBuilder.java:412  | Skipping TextLine with null bounds: TextLine{ "" conf:NaN}
2026-05-10 17:39:21,402 WARN [How Deep The Father's Love For Us-lead-D]          TextBuilder.java:412  | Skipping TextLine with null bounds: TextLine{ "" conf:NaN}
2026-05-10 17:39:21,402 WARN [How Deep The Father's Love For Us-lead-D]          TextBuilder.java:412  | Skipping TextLine with null bounds: TextLine{ "" conf:NaN}
2026-05-10 17:39:21,404 WARN [How Deep The Father's Love For Us-lead-D]          TextBuilder.java:412  | Skipping TextLine with null bounds: TextLine{ "" conf:NaN}
2026-05-10 17:39:21,404 WARN [How Deep The Father's Love For Us-lead-D]          TextBuilder.java:412  | Skipping TextLine with null bounds: TextLine{ "" conf:NaN}
2026-05-10 17:39:21,404 WARN [How Deep The Father's Love For Us-lead-D]          TextBuilder.java:412  | Skipping TextLine with null bounds: TextLine{ "" conf:NaN}
2026-05-10 17:39:21,405 WARN [How Deep The Father's Love For Us-lead-D]          TextBuilder.java:412  | Skipping TextLine with null bounds: TextLine{ "" conf:NaN}
2026-05-10 17:39:21,405 WARN [How Deep The Father's Love For Us-lead-D]          TextBuilder.java:412  | Skipping TextLine with null bounds: TextLine{ "" conf:NaN}
2026-05-10 17:39:21,405 WARN [How Deep The Father's Love For Us-lead-D]          TextBuilder.java:412  | Skipping TextLine with null bounds: TextLine{ "" conf:NaN}
2026-05-10 17:39:21,406 WARN [How Deep The Father's Love For Us-lead-D]          TextBuilder.java:412  | Skipping TextLine with null bounds: TextLine{ "" conf:NaN}
2026-05-10 17:39:21,407 WARN [How Deep The Father's Love For Us-lead-D]          TextBuilder.java:412  | Skipping TextLine with null bounds: TextLine{ "" conf:NaN}
2026-05-10 17:39:21,407 WARN [How Deep The Father's Love For Us-lead-D]          TextBuilder.java:412  | Skipping TextLine with null bounds: TextLine{ "" conf:NaN}
2026-05-10 17:39:21,407 WARN [How Deep The Father's Love For Us-lead-D]          TextBuilder.java:412  | Skipping TextLine with null bounds: TextLine{ "" conf:NaN}
2026-05-10 17:39:21,407 WARN [How Deep The Father's Love For Us-lead-D]          TextBuilder.java:412  | Skipping TextLine with null bounds: TextLine{ "" conf:NaN}
2026-05-10 17:39:21,407 WARN [How Deep The Father's Love For Us-lead-D]          TextBuilder.java:412  | Skipping TextLine with null bounds: TextLine{ "" conf:NaN}
2026-05-10 17:39:21,407 WARN [How Deep The Father's Love For Us-lead-D]          TextBuilder.java:412  | Skipping TextLine with null bounds: TextLine{ "" conf:NaN}
2026-05-10 17:39:21,409 WARN [How Deep The Father's Love For Us-lead-D]          TextBuilder.java:412  | Skipping TextLine with null bounds: TextLine{ "" conf:NaN}
2026-05-10 17:39:21,409 WARN [How Deep The Father's Love For Us-lead-D]          TextBuilder.java:412  | Skipping TextLine with null bounds: TextLine{ "" conf:NaN}
2026-05-10 17:39:21,410 WARN [How Deep The Father's Love For Us-lead-D]          TextBuilder.java:412  | Skipping TextLine with null bounds: TextLine{ "" conf:NaN}
2026-05-10 17:39:21,411 WARN [How Deep The Father's Love For Us-lead-D]          TextBuilder.java:412  | Skipping TextLine with null bounds: TextLine{ "" conf:NaN}
2026-05-10 17:39:21,411 WARN [How Deep The Father's Love For Us-lead-D]          TextBuilder.java:412  | Skipping TextLine with null bounds: TextLine{ "" conf:NaN}
2026-05-10 17:39:21,412 WARN [How Deep The Father's Love For Us-lead-D]          TextBuilder.java:412  | Skipping TextLine with null bounds: TextLine{ "" conf:NaN}
2026-05-10 17:39:21,412 WARN [How Deep The Father's Love For Us-lead-D]          TextBuilder.java:412  | Skipping TextLine with null bounds: TextLine{ "" conf:NaN}
2026-05-10 17:39:21,412 WARN [How Deep The Father's Love For Us-lead-D]          TextBuilder.java:412  | Skipping TextLine with null bounds: TextLine{ "" conf:NaN}
2026-05-10 17:39:21,412 WARN [How Deep The Father's Love For Us-lead-D]          TextBuilder.java:412  | Skipping TextLine with null bounds: TextLine{ "" conf:NaN}
2026-05-10 17:39:21,412 WARN [How Deep The Father's Love For Us-lead-D]          TextBuilder.java:412  | Skipping TextLine with null bounds: TextLine{ "" conf:NaN}
2026-05-10 17:39:21,412 WARN [How Deep The Father's Love For Us-lead-D]          TextBuilder.java:412  | Skipping TextLine with null bounds: TextLine{ "" conf:NaN}
2026-05-10 17:39:21,413 WARN [How Deep The Father's Love For Us-lead-D]          TextBuilder.java:412  | Skipping TextLine with null bounds: TextLine{ "" conf:NaN}
2026-05-10 17:39:21,414 WARN [How Deep The Father's Love For Us-lead-D]          TextBuilder.java:412  | Skipping TextLine with null bounds: TextLine{ "" conf:NaN}
2026-05-10 17:39:21,414 WARN [How Deep The Father's Love For Us-lead-D]          TextBuilder.java:412  | Skipping TextLine with null bounds: TextLine{ "" conf:NaN}
2026-05-10 17:39:21,414 WARN [How Deep The Father's Love For Us-lead-D]          TextBuilder.java:412  | Skipping TextLine with null bounds: TextLine{ "" conf:NaN}
2026-05-10 17:39:21,415 WARN [How Deep The Father's Love For Us-lead-D]          TextBuilder.java:412  | Skipping TextLine with null bounds: TextLine{ "" conf:NaN}
2026-05-10 17:39:21,415 WARN [How Deep The Father's Love For Us-lead-D]          TextBuilder.java:412  | Skipping TextLine with null bounds: TextLine{ "" conf:NaN}
2026-05-10 17:39:21,415 WARN [How Deep The Father's Love For Us-lead-D]          TextBuilder.java:412  | Skipping TextLine with null bounds: TextLine{ "" conf:NaN}
2026-05-10 17:39:21,416 WARN [How Deep The Father's Love For Us-lead-D]          TextBuilder.java:412  | Skipping TextLine with null bounds: TextLine{ "" conf:NaN}
2026-05-10 17:39:21,416 WARN [How Deep The Father's Love For Us-lead-D]          TextBuilder.java:412  | Skipping TextLine with null bounds: TextLine{ "" conf:NaN}
2026-05-10 17:39:21,416 WARN [How Deep The Father's Love For Us-lead-D]          TextBuilder.java:412  | Skipping TextLine with null bounds: TextLine{ "" conf:NaN}
2026-05-10 17:39:21,417 WARN [How Deep The Father's Love For Us-lead-D]          TextBuilder.java:412  | Skipping TextLine with null bounds: TextLine{ "" conf:NaN}
2026-05-10 17:39:21,418 WARN [How Deep The Father's Love For Us-lead-D]          TextBuilder.java:412  | Skipping TextLine with null bounds: TextLine{ "" conf:NaN}
2026-05-10 17:39:21,418 WARN [How Deep The Father's Love For Us-lead-D]          TextBuilder.java:412  | Skipping TextLine with null bounds: TextLine{ "" conf:NaN}
2026-05-10 17:39:21,418 WARN [How Deep The Father's Love For Us-lead-D]          TextBuilder.java:412  | Skipping TextLine with null bounds: TextLine{ "" conf:NaN}
2026-05-10 17:39:21,418 WARN [How Deep The Father's Love For Us-lead-D]          TextBuilder.java:412  | Skipping TextLine with null bounds: TextLine{ "" conf:NaN}
2026-05-10 17:39:21,418 WARN [How Deep The Father's Love For Us-lead-D]          TextBuilder.java:412  | Skipping TextLine with null bounds: TextLine{ "" conf:NaN}
2026-05-10 17:39:21,419 WARN [How Deep The Father's Love For Us-lead-D]          TextBuilder.java:412  | Skipping TextLine with null bounds: TextLine{ "" conf:NaN}
2026-05-10 17:39:21,419 WARN [How Deep The Father's Love For Us-lead-D]          TextBuilder.java:412  | Skipping TextLine with null bounds: TextLine{ "" conf:NaN}
2026-05-10 17:39:21,419 WARN [How Deep The Father's Love For Us-lead-D]          TextBuilder.java:412  | Skipping TextLine with null bounds: TextLine{ "" conf:NaN}
2026-05-10 17:39:21,420 WARN [How Deep The Father's Love For Us-lead-D]          TextBuilder.java:412  | Skipping TextLine with null bounds: TextLine{ "" conf:NaN}
2026-05-10 17:39:21,420 WARN [How Deep The Father's Love For Us-lead-D]          TextBuilder.java:412  | Skipping TextLine with null bounds: TextLine{ "" conf:NaN}
2026-05-10 17:39:21,420 WARN [How Deep The Father's Love For Us-lead-D]          TextBuilder.java:412  | Skipping TextLine with null bounds: TextLine{ "" conf:NaN}
2026-05-10 17:39:21,420 WARN [How Deep The Father's Love For Us-lead-D]          TextBuilder.java:412  | Skipping TextLine with null bounds: TextLine{ "" conf:NaN}
2026-05-10 17:39:21,421 WARN [How Deep The Father's Love For Us-lead-D]          TextBuilder.java:412  | Skipping TextLine with null bounds: TextLine{ "" conf:NaN}
2026-05-10 17:39:21,421 WARN [How Deep The Father's Love For Us-lead-D]          TextBuilder.java:412  | Skipping TextLine with null bounds: TextLine{ "" conf:NaN}
2026-05-10 17:39:21,422 WARN [How Deep The Father's Love For Us-lead-D]          TextBuilder.java:412  | Skipping TextLine with null bounds: TextLine{ "" conf:NaN}
2026-05-10 17:39:21,423 WARN [How Deep The Father's Love For Us-lead-D]          TextBuilder.java:412  | Skipping TextLine with null bounds: TextLine{ "" conf:NaN}
2026-05-10 17:39:21,423 WARN [How Deep The Father's Love For Us-lead-D]          TextBuilder.java:412  | Skipping TextLine with null bounds: TextLine{ "" conf:NaN}
2026-05-10 17:39:21,424 WARN [How Deep The Father's Love For Us-lead-D]          TextBuilder.java:412  | Skipping TextLine with null bounds: TextLine{ "" conf:NaN}
2026-05-10 17:39:21,424 WARN [How Deep The Father's Love For Us-lead-D]          TextBuilder.java:412  | Skipping TextLine with null bounds: TextLine{ "" conf:NaN}
2026-05-10 17:39:21,424 WARN [How Deep The Father's Love For Us-lead-D]          TextBuilder.java:412  | Skipping TextLine with null bounds: TextLine{ "" conf:NaN}
2026-05-10 17:39:21,424 WARN [How Deep The Father's Love For Us-lead-D]          TextBuilder.java:412  | Skipping TextLine with null bounds: TextLine{ "" conf:NaN}
2026-05-10 17:39:21,424 WARN [How Deep The Father's Love For Us-lead-D]          TextBuilder.java:412  | Skipping TextLine with null bounds: TextLine{ "" conf:NaN}
2026-05-10 17:39:21,424 WARN [How Deep The Father's Love For Us-lead-D]          TextBuilder.java:412  | Skipping TextLine with null bounds: TextLine{ "" conf:NaN}
2026-05-10 17:39:21,425 WARN [How Deep The Father's Love For Us-lead-D]          TextBuilder.java:412  | Skipping TextLine with null bounds: TextLine{ "" conf:NaN}
2026-05-10 17:39:21,425 WARN [How Deep The Father's Love For Us-lead-D]          TextBuilder.java:412  | Skipping TextLine with null bounds: TextLine{ "" conf:NaN}
2026-05-10 17:39:21,425 WARN [How Deep The Father's Love For Us-lead-D]          TextBuilder.java:412  | Skipping TextLine with null bounds: TextLine{ "" conf:NaN}
2026-05-10 17:39:21,426 WARN [How Deep The Father's Love For Us-lead-D]          TextBuilder.java:412  | Skipping TextLine with null bounds: TextLine{ "" conf:NaN}
2026-05-10 17:39:21,427 WARN [How Deep The Father's Love For Us-lead-D]          TextBuilder.java:412  | Skipping TextLine with null bounds: TextLine{ "" conf:NaN}
2026-05-10 17:39:21,427 WARN [How Deep The Father's Love For Us-lead-D]          TextBuilder.java:412  | Skipping TextLine with null bounds: TextLine{ "" conf:NaN}
2026-05-10 17:39:21,428 WARN [How Deep The Father's Love For Us-lead-D]          TextBuilder.java:412  | Skipping TextLine with null bounds: TextLine{ "" conf:NaN}
2026-05-10 17:39:21,428 WARN [How Deep The Father's Love For Us-lead-D]          TextBuilder.java:412  | Skipping TextLine with null bounds: TextLine{ "" conf:NaN}
2026-05-10 17:39:21,428 WARN [How Deep The Father's Love For Us-lead-D]          TextBuilder.java:412  | Skipping TextLine with null bounds: TextLine{ "" conf:NaN}
2026-05-10 17:39:21,428 WARN [How Deep The Father's Love For Us-lead-D]          TextBuilder.java:412  | Skipping TextLine with null bounds: TextLine{ "" conf:NaN}
2026-05-10 17:39:21,429 WARN [How Deep The Father's Love For Us-lead-D]          TextBuilder.java:412  | Skipping TextLine with null bounds: TextLine{ "" conf:NaN}
2026-05-10 17:39:21,430 WARN [How Deep The Father's Love For Us-lead-D]          TextBuilder.java:412  | Skipping TextLine with null bounds: TextLine{ "" conf:NaN}
2026-05-10 17:39:21,430 WARN [How Deep The Father's Love For Us-lead-D]          TextBuilder.java:412  | Skipping TextLine with null bounds: TextLine{ "" conf:NaN}
2026-05-10 17:39:21,430 WARN [How Deep The Father's Love For Us-lead-D]          TextBuilder.java:412  | Skipping TextLine with null bounds: TextLine{ "" conf:NaN}
2026-05-10 17:39:21,431 WARN [How Deep The Father's Love For Us-lead-D]          TextBuilder.java:412  | Skipping TextLine with null bounds: TextLine{ "" conf:NaN}
2026-05-10 17:39:21,431 WARN [How Deep The Father's Love For Us-lead-D]          TextBuilder.java:412  | Skipping TextLine with null bounds: TextLine{ "" conf:NaN}
2026-05-10 17:39:21,431 WARN [How Deep The Father's Love For Us-lead-D]          TextBuilder.java:412  | Skipping TextLine with null bounds: TextLine{ "" conf:NaN}
2026-05-10 17:39:21,432 WARN [How Deep The Father's Love For Us-lead-D]          TextBuilder.java:412  | Skipping TextLine with null bounds: TextLine{ "" conf:NaN}
2026-05-10 17:39:21,432 WARN [How Deep The Father's Love For Us-lead-D]          TextBuilder.java:412  | Skipping TextLine with null bounds: TextLine{ "" conf:NaN}
2026-05-10 17:39:21,433 WARN [How Deep The Father's Love For Us-lead-D]          TextBuilder.java:412  | Skipping TextLine with null bounds: TextLine{ "" conf:NaN}
2026-05-10 17:39:21,433 WARN [How Deep The Father's Love For Us-lead-D]          TextBuilder.java:412  | Skipping TextLine with null bounds: TextLine{ "" conf:NaN}
2026-05-10 17:39:21,433 WARN [How Deep The Father's Love For Us-lead-D]          TextBuilder.java:412  | Skipping TextLine with null bounds: TextLine{ "" conf:NaN}
2026-05-10 17:39:21,434 WARN [How Deep The Father's Love For Us-lead-D]          TextBuilder.java:412  | Skipping TextLine with null bounds: TextLine{ "" conf:NaN}
2026-05-10 17:39:21,434 WARN [How Deep The Father's Love For Us-lead-D]          TextBuilder.java:412  | Skipping TextLine with null bounds: TextLine{ "" conf:NaN}
2026-05-10 17:39:21,434 WARN [How Deep The Father's Love For Us-lead-D]          TextBuilder.java:412  | Skipping TextLine with null bounds: TextLine{ "" conf:NaN}
2026-05-10 17:39:21,434 WARN [How Deep The Father's Love For Us-lead-D]          TextBuilder.java:412  | Skipping TextLine with null bounds: TextLine{ "" conf:NaN}
2026-05-10 17:39:21,435 WARN [How Deep The Father's Love For Us-lead-D]          TextBuilder.java:412  | Skipping TextLine with null bounds: TextLine{ "" conf:NaN}
2026-05-10 17:39:21,435 WARN [How Deep The Father's Love For Us-lead-D]          TextBuilder.java:412  | Skipping TextLine with null bounds: TextLine{ "" conf:NaN}
2026-05-10 17:39:21,435 WARN [How Deep The Father's Love For Us-lead-D]          TextBuilder.java:412  | Skipping TextLine with null bounds: TextLine{ "" conf:NaN}
2026-05-10 17:39:21,436 WARN [How Deep The Father's Love For Us-lead-D]          TextBuilder.java:412  | Skipping TextLine with null bounds: TextLine{ "" conf:NaN}
2026-05-10 17:39:21,436 WARN [How Deep The Father's Love For Us-lead-D]          TextBuilder.java:412  | Skipping TextLine with null bounds: TextLine{ "" conf:NaN}
2026-05-10 17:39:21,436 WARN [How Deep The Father's Love For Us-lead-D]          TextBuilder.java:412  | Skipping TextLine with null bounds: TextLine{ "" conf:NaN}
2026-05-10 17:39:21,437 WARN [How Deep The Father's Love For Us-lead-D]          TextBuilder.java:412  | Skipping TextLine with null bounds: TextLine{ "" conf:NaN}
2026-05-10 17:39:21,437 WARN [How Deep The Father's Love For Us-lead-D]          TextBuilder.java:412  | Skipping TextLine with null bounds: TextLine{ "" conf:NaN}
2026-05-10 17:39:21,437 WARN [How Deep The Father's Love For Us-lead-D]          TextBuilder.java:412  | Skipping TextLine with null bounds: TextLine{ "" conf:NaN}
2026-05-10 17:39:21,438 WARN [How Deep The Father's Love For Us-lead-D]          TextBuilder.java:412  | Skipping TextLine with null bounds: TextLine{ "" conf:NaN}
2026-05-10 17:39:21,438 WARN [How Deep The Father's Love For Us-lead-D]          TextBuilder.java:412  | Skipping TextLine with null bounds: TextLine{ "" conf:NaN}
2026-05-10 17:39:21,439 WARN [How Deep The Father's Love For Us-lead-D]          TextBuilder.java:412  | Skipping TextLine with null bounds: TextLine{ "" conf:NaN}
2026-05-10 17:39:21,439 WARN [How Deep The Father's Love For Us-lead-D]          TextBuilder.java:412  | Skipping TextLine with null bounds: TextLine{ "" conf:NaN}
2026-05-10 17:39:21,439 WARN [How Deep The Father's Love For Us-lead-D]          TextBuilder.java:412  | Skipping TextLine with null bounds: TextLine{ "" conf:NaN}
2026-05-10 17:39:21,440 WARN [How Deep The Father's Love For Us-lead-D]          TextBuilder.java:412  | Skipping TextLine with null bounds: TextLine{ "" conf:NaN}
2026-05-10 17:39:21,440 WARN [How Deep The Father's Love For Us-lead-D]          TextBuilder.java:412  | Skipping TextLine with null bounds: TextLine{ "" conf:NaN}
2026-05-10 17:39:21,440 WARN [How Deep The Father's Love For Us-lead-D]          TextBuilder.java:412  | Skipping TextLine with null bounds: TextLine{ "" conf:NaN}
2026-05-10 17:39:21,441 WARN [How Deep The Father's Love For Us-lead-D]          TextBuilder.java:412  | Skipping TextLine with null bounds: TextLine{ "" conf:NaN}
2026-05-10 17:39:21,441 WARN [How Deep The Father's Love For Us-lead-D]          TextBuilder.java:412  | Skipping TextLine with null bounds: TextLine{ "" conf:NaN}
2026-05-10 17:39:21,441 WARN [How Deep The Father's Love For Us-lead-D]          TextBuilder.java:412  | Skipping TextLine with null bounds: TextLine{ "" conf:NaN}
2026-05-10 17:39:21,441 WARN [How Deep The Father's Love For Us-lead-D]          TextBuilder.java:412  | Skipping TextLine with null bounds: TextLine{ "" conf:NaN}
2026-05-10 17:39:21,442 WARN [How Deep The Father's Love For Us-lead-D]          TextBuilder.java:412  | Skipping TextLine with null bounds: TextLine{ "" conf:NaN}
2026-05-10 17:39:21,443 WARN [How Deep The Father's Love For Us-lead-D]          TextBuilder.java:412  | Skipping TextLine with null bounds: TextLine{ "" conf:NaN}
2026-05-10 17:39:21,443 WARN [How Deep The Father's Love For Us-lead-D]          TextBuilder.java:412  | Skipping TextLine with null bounds: TextLine{ "" conf:NaN}
2026-05-10 17:39:21,443 WARN [How Deep The Father's Love For Us-lead-D]          TextBuilder.java:412  | Skipping TextLine with null bounds: TextLine{ "" conf:NaN}
2026-05-10 17:39:21,443 WARN [How Deep The Father's Love For Us-lead-D]          TextBuilder.java:412  | Skipping TextLine with null bounds: TextLine{ "" conf:NaN}
2026-05-10 17:39:21,444 WARN [How Deep The Father's Love For Us-lead-D]          TextBuilder.java:412  | Skipping TextLine with null bounds: TextLine{ "" conf:NaN}
2026-05-10 17:39:21,444 WARN [How Deep The Father's Love For Us-lead-D]          TextBuilder.java:412  | Skipping TextLine with null bounds: TextLine{ "" conf:NaN}
2026-05-10 17:39:21,444 WARN [How Deep The Father's Love For Us-lead-D]          TextBuilder.java:412  | Skipping TextLine with null bounds: TextLine{ "" conf:NaN}
2026-05-10 17:39:21,445 WARN [How Deep The Father's Love For Us-lead-D]          TextBuilder.java:412  | Skipping TextLine with null bounds: TextLine{ "" conf:NaN}
2026-05-10 17:39:21,445 WARN [How Deep The Father's Love For Us-lead-D]          TextBuilder.java:412  | Skipping TextLine with null bounds: TextLine{ "" conf:NaN}
2026-05-10 17:39:21,445 WARN [How Deep The Father's Love For Us-lead-D]          TextBuilder.java:412  | Skipping TextLine with null bounds: TextLine{ "" conf:NaN}
2026-05-10 17:39:21,445 WARN [How Deep The Father's Love For Us-lead-D]          TextBuilder.java:412  | Skipping TextLine with null bounds: TextLine{ "" conf:NaN}
2026-05-10 17:39:21,446 WARN [How Deep The Father's Love For Us-lead-D]          TextBuilder.java:412  | Skipping TextLine with null bounds: TextLine{ "" conf:NaN}
2026-05-10 17:39:21,446 WARN [How Deep The Father's Love For Us-lead-D]          TextBuilder.java:412  | Skipping TextLine with null bounds: TextLine{ "" conf:NaN}
2026-05-10 17:39:21,447 WARN [How Deep The Father's Love For Us-lead-D]          TextBuilder.java:412  | Skipping TextLine with null bounds: TextLine{ "" conf:NaN}
2026-05-10 17:39:21,447 WARN [How Deep The Father's Love For Us-lead-D]          TextBuilder.java:412  | Skipping TextLine with null bounds: TextLine{ "" conf:NaN}
2026-05-10 17:39:21,447 WARN [How Deep The Father's Love For Us-lead-D]          TextBuilder.java:412  | Skipping TextLine with null bounds: TextLine{ "" conf:NaN}
2026-05-10 17:39:21,447 WARN [How Deep The Father's Love For Us-lead-D]          TextBuilder.java:412  | Skipping TextLine with null bounds: TextLine{ "" conf:NaN}
2026-05-10 17:39:21,449 WARN [How Deep The Father's Love For Us-lead-D]          TextBuilder.java:412  | Skipping TextLine with null bounds: TextLine{ "" conf:NaN}
2026-05-10 17:39:21,449 WARN [How Deep The Father's Love For Us-lead-D]          TextBuilder.java:412  | Skipping TextLine with null bounds: TextLine{ "" conf:NaN}
2026-05-10 17:39:21,449 WARN [How Deep The Father's Love For Us-lead-D]          TextBuilder.java:412  | Skipping TextLine with null bounds: TextLine{ "" conf:NaN}
2026-05-10 17:39:21,449 WARN [How Deep The Father's Love For Us-lead-D]          TextBuilder.java:412  | Skipping TextLine with null bounds: TextLine{ "" conf:NaN}
2026-05-10 17:39:21,450 WARN [How Deep The Father's Love For Us-lead-D]          TextBuilder.java:412  | Skipping TextLine with null bounds: TextLine{ "" conf:NaN}
2026-05-10 17:39:21,450 WARN [How Deep The Father's Love For Us-lead-D]          TextBuilder.java:412  | Skipping TextLine with null bounds: TextLine{ "" conf:NaN}
2026-05-10 17:39:21,450 WARN [How Deep The Father's Love For Us-lead-D]          TextBuilder.java:412  | Skipping TextLine with null bounds: TextLine{ "" conf:NaN}
2026-05-10 17:39:21,450 WARN [How Deep The Father's Love For Us-lead-D]          TextBuilder.java:412  | Skipping TextLine with null bounds: TextLine{ "" conf:NaN}
2026-05-10 17:39:21,450 WARN [How Deep The Father's Love For Us-lead-D]          TextBuilder.java:412  | Skipping TextLine with null bounds: TextLine{ "" conf:NaN}
2026-05-10 17:39:21,451 WARN [How Deep The Father's Love For Us-lead-D]          TextBuilder.java:412  | Skipping TextLine with null bounds: TextLine{ "" conf:NaN}
2026-05-10 17:39:21,451 WARN [How Deep The Father's Love For Us-lead-D]          TextBuilder.java:412  | Skipping TextLine with null bounds: TextLine{ "" conf:NaN}
2026-05-10 17:39:21,451 WARN [How Deep The Father's Love For Us-lead-D]          TextBuilder.java:412  | Skipping TextLine with null bounds: TextLine{ "" conf:NaN}
2026-05-10 17:39:21,452 WARN [How Deep The Father's Love For Us-lead-D]          TextBuilder.java:412  | Skipping TextLine with null bounds: TextLine{ "" conf:NaN}
2026-05-10 17:39:21,452 WARN [How Deep The Father's Love For Us-lead-D]          TextBuilder.java:412  | Skipping TextLine with null bounds: TextLine{ "" conf:NaN}
2026-05-10 17:39:21,453 WARN [How Deep The Father's Love For Us-lead-D]          TextBuilder.java:412  | Skipping TextLine with null bounds: TextLine{ "" conf:NaN}
2026-05-10 17:39:21,453 WARN [How Deep The Father's Love For Us-lead-D]          TextBuilder.java:412  | Skipping TextLine with null bounds: TextLine{ "" conf:NaN}
2026-05-10 17:39:21,453 WARN [How Deep The Father's Love For Us-lead-D]          TextBuilder.java:412  | Skipping TextLine with null bounds: TextLine{ "" conf:NaN}
2026-05-10 17:39:21,454 WARN [How Deep The Father's Love For Us-lead-D]          TextBuilder.java:412  | Skipping TextLine with null bounds: TextLine{ "" conf:NaN}
2026-05-10 17:39:21,454 WARN [How Deep The Father's Love For Us-lead-D]          TextBuilder.java:412  | Skipping TextLine with null bounds: TextLine{ "" conf:NaN}
2026-05-10 17:39:21,454 WARN [How Deep The Father's Love For Us-lead-D]          TextBuilder.java:412  | Skipping TextLine with null bounds: TextLine{ "" conf:NaN}
2026-05-10 17:39:21,455 WARN [How Deep The Father's Love For Us-lead-D]          TextBuilder.java:412  | Skipping TextLine with null bounds: TextLine{ "" conf:NaN}
2026-05-10 17:39:21,455 WARN [How Deep The Father's Love For Us-lead-D]          TextBuilder.java:412  | Skipping TextLine with null bounds: TextLine{ "" conf:NaN}
2026-05-10 17:39:21,455 WARN [How Deep The Father's Love For Us-lead-D]          TextBuilder.java:412  | Skipping TextLine with null bounds: TextLine{ "" conf:NaN}
2026-05-10 17:39:21,455 WARN [How Deep The Father's Love For Us-lead-D]          TextBuilder.java:412  | Skipping TextLine with null bounds: TextLine{ "" conf:NaN}
2026-05-10 17:39:21,455 WARN [How Deep The Father's Love For Us-lead-D]          TextBuilder.java:412  | Skipping TextLine with null bounds: TextLine{ "" conf:NaN}
2026-05-10 17:39:21,456 WARN [How Deep The Father's Love For Us-lead-D]          TextBuilder.java:412  | Skipping TextLine with null bounds: TextLine{ "" conf:NaN}
2026-05-10 17:39:21,456 WARN [How Deep The Father's Love For Us-lead-D]          TextBuilder.java:412  | Skipping TextLine with null bounds: TextLine{ "" conf:NaN}
2026-05-10 17:39:21,456 WARN [How Deep The Father's Love For Us-lead-D]          TextBuilder.java:412  | Skipping TextLine with null bounds: TextLine{ "" conf:NaN}
2026-05-10 17:39:21,456 WARN [How Deep The Father's Love For Us-lead-D]          TextBuilder.java:412  | Skipping TextLine with null bounds: TextLine{ "" conf:NaN}
2026-05-10 17:39:21,457 WARN [How Deep The Father's Love For Us-lead-D]          TextBuilder.java:412  | Skipping TextLine with null bounds: TextLine{ "" conf:NaN}
2026-05-10 17:39:21,457 WARN [How Deep The Father's Love For Us-lead-D]          TextBuilder.java:412  | Skipping TextLine with null bounds: TextLine{ "" conf:NaN}
2026-05-10 17:39:21,457 WARN [How Deep The Father's Love For Us-lead-D]          TextBuilder.java:412  | Skipping TextLine with null bounds: TextLine{ "" conf:NaN}
2026-05-10 17:39:21,457 WARN [How Deep The Father's Love For Us-lead-D]          TextBuilder.java:412  | Skipping TextLine with null bounds: TextLine{ "" conf:NaN}
2026-05-10 17:39:21,458 WARN [How Deep The Father's Love For Us-lead-D]          TextBuilder.java:412  | Skipping TextLine with null bounds: TextLine{ "" conf:NaN}
2026-05-10 17:39:21,458 WARN [How Deep The Father's Love For Us-lead-D]          TextBuilder.java:412  | Skipping TextLine with null bounds: TextLine{ "" conf:NaN}
2026-05-10 17:39:21,458 WARN [How Deep The Father's Love For Us-lead-D]          TextBuilder.java:412  | Skipping TextLine with null bounds: TextLine{ "" conf:NaN}
2026-05-10 17:39:21,458 WARN [How Deep The Father's Love For Us-lead-D]          TextBuilder.java:412  | Skipping TextLine with null bounds: TextLine{ "" conf:NaN}
2026-05-10 17:39:21,459 WARN [How Deep The Father's Love For Us-lead-D]          TextBuilder.java:412  | Skipping TextLine with null bounds: TextLine{ "" conf:NaN}
2026-05-10 17:39:21,459 WARN [How Deep The Father's Love For Us-lead-D]          TextBuilder.java:412  | Skipping TextLine with null bounds: TextLine{ "" conf:NaN}
2026-05-10 17:39:21,460 WARN [How Deep The Father's Love For Us-lead-D]          TextBuilder.java:412  | Skipping TextLine with null bounds: TextLine{ "" conf:NaN}
2026-05-10 17:39:21,461 WARN [How Deep The Father's Love For Us-lead-D]          TextBuilder.java:412  | Skipping TextLine with null bounds: TextLine{ "" conf:NaN}
2026-05-10 17:39:21,462 WARN [How Deep The Father's Love For Us-lead-D]          TextBuilder.java:412  | Skipping TextLine with null bounds: TextLine{ "" conf:NaN}
2026-05-10 17:39:21,462 WARN [How Deep The Father's Love For Us-lead-D]          TextBuilder.java:412  | Skipping TextLine with null bounds: TextLine{ "" conf:NaN}
2026-05-10 17:39:21,462 WARN [How Deep The Father's Love For Us-lead-D]          TextBuilder.java:412  | Skipping TextLine with null bounds: TextLine{ "" conf:NaN}
2026-05-10 17:39:21,462 WARN [How Deep The Father's Love For Us-lead-D]          TextBuilder.java:412  | Skipping TextLine with null bounds: TextLine{ "" conf:NaN}
2026-05-10 17:39:21,463 WARN [How Deep The Father's Love For Us-lead-D]          TextBuilder.java:412  | Skipping TextLine with null bounds: TextLine{ "" conf:NaN}
2026-05-10 17:39:21,463 WARN [How Deep The Father's Love For Us-lead-D]          TextBuilder.java:412  | Skipping TextLine with null bounds: TextLine{ "" conf:NaN}
2026-05-10 17:39:21,464 WARN [How Deep The Father's Love For Us-lead-D]          TextBuilder.java:412  | Skipping TextLine with null bounds: TextLine{ "" conf:NaN}
2026-05-10 17:39:21,464 WARN [How Deep The Father's Love For Us-lead-D]          TextBuilder.java:412  | Skipping TextLine with null bounds: TextLine{ "" conf:NaN}
2026-05-10 17:39:21,464 WARN [How Deep The Father's Love For Us-lead-D]          TextBuilder.java:412  | Skipping TextLine with null bounds: TextLine{ "" conf:NaN}
2026-05-10 17:39:21,464 WARN [How Deep The Father's Love For Us-lead-D]          TextBuilder.java:412  | Skipping TextLine with null bounds: TextLine{ "" conf:NaN}
2026-05-10 17:39:21,464 WARN [How Deep The Father's Love For Us-lead-D]          TextBuilder.java:412  | Skipping TextLine with null bounds: TextLine{ "" conf:NaN}
2026-05-10 17:39:21,464 WARN [How Deep The Father's Love For Us-lead-D]          TextBuilder.java:412  | Skipping TextLine with null bounds: TextLine{ "" conf:NaN}
2026-05-10 17:39:21,465 WARN [How Deep The Father's Love For Us-lead-D]          TextBuilder.java:412  | Skipping TextLine with null bounds: TextLine{ "" conf:NaN}
2026-05-10 17:39:21,465 WARN [How Deep The Father's Love For Us-lead-D]          TextBuilder.java:412  | Skipping TextLine with null bounds: TextLine{ "" conf:NaN}
2026-05-10 17:39:21,465 WARN [How Deep The Father's Love For Us-lead-D]          TextBuilder.java:412  | Skipping TextLine with null bounds: TextLine{ "" conf:NaN}
2026-05-10 17:39:28,042 INFO [How Deep The Father's Love For Us-lead-D]           PageRhythm.java:176  | {Page#1.1} Starting PageRhythm time signature check
2026-05-10 17:39:28,043 INFO [How Deep The Father's Love For Us-lead-D]           PageRhythm.java:178  | {Page#1.1} Initial range state: Range{SN1- tSig:5/4} → ts: TimePairInter#151{ FROZEN(0.949/0.949) staff:1 5/4}
2026-05-10 17:39:28,046 INFO [How Deep The Father's Love For Us-lead-D]           PageRhythm.java:178  | {Page#1.1} Initial range state: Range{SN9- tSig:4/4} → ts: TimeWholeInter#9838{(0.682/0.682) staff:4 TIME_FOUR_FOUR 4/4}
2026-05-10 17:39:28,047 INFO [How Deep The Father's Love For Us-lead-D]           PageRhythm.java:178  | {Page#1.1} Initial range state: Range{SN10- tSig:3/4} → ts: TimePairInter#202{ FROZEN(0.953/0.953) staff:5 3/4}
2026-05-10 17:39:28,047 INFO [How Deep The Father's Love For Us-lead-D]           PageRhythm.java:184  | {Page#1.1} Checking range: Range{SN1- tSig:5/4}, ts: TimePairInter#151{ FROZEN(0.949/0.949) staff:1 5/4}
2026-05-10 17:39:28,047 INFO [How Deep The Father's Love For Us-lead-D]           PageRhythm.java:184  | {Page#1.1} Checking range: Range{SN9- tSig:4/4}, ts: TimeWholeInter#9838{(0.682/0.682) staff:4 TIME_FOUR_FOUR 4/4}
2026-05-10 17:39:28,048 INFO [How Deep The Father's Love For Us-lead-D]           PageRhythm.java:184  | {Page#1.1} Checking range: Range{SN10- tSig:3/4}, ts: TimePairInter#202{ FROZEN(0.953/0.953) staff:5 3/4}
2026-05-10 17:39:28,049 INFO [How Deep The Father's Love For Us-lead-D]           PageRhythm.java:277  | Last range: Range{SN10-14 tSig:3/4 dur:3/4}
2026-05-10 17:39:28,049 INFO [How Deep The Father's Love For Us-lead-D]           PageRhythm.java:278  | lastRange.timeRational = 3/4
2026-05-10 17:39:28,050 INFO [How Deep The Father's Love For Us-lead-D]           PageRhythm.java:279  | lastRange.ts = TimePairInter#202{ FROZEN(0.953/0.953) staff:5 3/4}
2026-05-10 17:39:28,050 DEBUG [How Deep The Father's Love For Us-lead-D]           PageRhythm.java:121  | MeasureStack#1 frats: 1 [6710]
2026-05-10 17:39:28,051 DEBUG [How Deep The Father's Love For Us-lead-D]           PageRhythm.java:121  | MeasureStack#2 frats: 3 [7059, 7060, 7058]
2026-05-10 17:39:28,051 DEBUG [How Deep The Father's Love For Us-lead-D]           PageRhythm.java:121  | MeasureStack#3 frats: 4 [7778, 7779, 7780, 7399]
2026-05-10 17:39:28,052 DEBUG [How Deep The Father's Love For Us-lead-D]           PageRhythm.java:121  | MeasureStack#4 frats: 4 [7781, 7777, 7782, 7773]
2026-05-10 17:39:28,052 DEBUG [How Deep The Father's Love For Us-lead-D]           PageRhythm.java:121  | MeasureStack#5 frats: 4 [8757, 8758, 8759, 8115]
2026-05-10 17:39:28,052 DEBUG [How Deep The Father's Love For Us-lead-D]           PageRhythm.java:121  | MeasureStack#6 frats: 3 [8760, 8761, 8752]
2026-05-10 17:39:28,053 DEBUG [How Deep The Father's Love For Us-lead-D]           PageRhythm.java:121  | MeasureStack#7 frats: 6 [9945, 9938, 9947, 9948, 9949, 9147]
2026-05-10 17:39:28,053 DEBUG [How Deep The Father's Love For Us-lead-D]           PageRhythm.java:121  | MeasureStack#8 frats: 5 [9950, 9941, 9951, 9952, 9812]
2026-05-10 17:39:28,054 DEBUG [How Deep The Father's Love For Us-lead-D]           PageRhythm.java:121  | MeasureStack#9 frats: 0 []
2026-05-10 17:39:28,055 DEBUG [How Deep The Father's Love For Us-lead-D]           PageRhythm.java:121  | MeasureStack#10 frats: 2 [10926, 10927]
2026-05-10 17:39:28,055 DEBUG [How Deep The Father's Love For Us-lead-D]           PageRhythm.java:121  | MeasureStack#11 frats: 1 [10928]
2026-05-10 17:39:28,055 DEBUG [How Deep The Father's Love For Us-lead-D]           PageRhythm.java:121  | MeasureStack#12 frats: 1 [10929]
2026-05-10 17:39:28,056 DEBUG [How Deep The Father's Love For Us-lead-D]           PageRhythm.java:121  | MeasureStack#13 frats: 0 []
2026-05-10 17:39:28,056 DEBUG [How Deep The Father's Love For Us-lead-D]           PageRhythm.java:121  | MeasureStack#14 frats: 2 [10925, 10858]
2026-05-10 17:39:28,057 DEBUG [How Deep The Father's Love For Us-lead-D]           PageRhythm.java:325  | Starting Range{SN1-8 tSig:5/4 dur:5/4}
2026-05-10 17:39:28,057 DEBUG [How Deep The Father's Love For Us-lead-D]           PageRhythm.java:329  | About to process StackRhythm for MeasureStack#1
2026-05-10 17:39:28,058 DEBUG [How Deep The Father's Love For Us-lead-D]          StackRhythm.java:221  | Setting expectedDuration=5/4 for stack on page 1
2026-05-10 17:39:28,071 DEBUG [How Deep The Father's Love For Us-lead-D]           PageRhythm.java:331  | Finished processing StackRhythm for MeasureStack#1
2026-05-10 17:39:28,071 DEBUG [How Deep The Father's Love For Us-lead-D]           PageRhythm.java:329  | About to process StackRhythm for MeasureStack#2
2026-05-10 17:39:28,073 DEBUG [How Deep The Father's Love For Us-lead-D]          StackRhythm.java:221  | Setting expectedDuration=5/4 for stack on page 2
2026-05-10 17:39:28,080 DEBUG [How Deep The Father's Love For Us-lead-D]           PageRhythm.java:331  | Finished processing StackRhythm for MeasureStack#2
2026-05-10 17:39:28,083 DEBUG [How Deep The Father's Love For Us-lead-D]           PageRhythm.java:329  | About to process StackRhythm for MeasureStack#3
2026-05-10 17:39:28,083 DEBUG [How Deep The Father's Love For Us-lead-D]          StackRhythm.java:221  | Setting expectedDuration=5/4 for stack on page 3
2026-05-10 17:39:28,086 DEBUG [How Deep The Father's Love For Us-lead-D]           PageRhythm.java:331  | Finished processing StackRhythm for MeasureStack#3
2026-05-10 17:39:28,087 DEBUG [How Deep The Father's Love For Us-lead-D]           PageRhythm.java:329  | About to process StackRhythm for MeasureStack#4
2026-05-10 17:39:28,087 DEBUG [How Deep The Father's Love For Us-lead-D]          StackRhythm.java:221  | Setting expectedDuration=5/4 for stack on page 4
2026-05-10 17:39:28,093 DEBUG [How Deep The Father's Love For Us-lead-D]           PageRhythm.java:331  | Finished processing StackRhythm for MeasureStack#4
2026-05-10 17:39:28,094 DEBUG [How Deep The Father's Love For Us-lead-D]           PageRhythm.java:329  | About to process StackRhythm for MeasureStack#5
2026-05-10 17:39:28,094 DEBUG [How Deep The Father's Love For Us-lead-D]          StackRhythm.java:221  | Setting expectedDuration=5/4 for stack on page 5
2026-05-10 17:39:28,097 DEBUG [How Deep The Father's Love For Us-lead-D]           PageRhythm.java:331  | Finished processing StackRhythm for MeasureStack#5
2026-05-10 17:39:28,098 DEBUG [How Deep The Father's Love For Us-lead-D]           PageRhythm.java:329  | About to process StackRhythm for MeasureStack#6
2026-05-10 17:39:28,098 DEBUG [How Deep The Father's Love For Us-lead-D]          StackRhythm.java:221  | Setting expectedDuration=5/4 for stack on page 6
2026-05-10 17:39:28,101 DEBUG [How Deep The Father's Love For Us-lead-D]           PageRhythm.java:331  | Finished processing StackRhythm for MeasureStack#6
2026-05-10 17:39:28,102 DEBUG [How Deep The Father's Love For Us-lead-D]           PageRhythm.java:329  | About to process StackRhythm for MeasureStack#7
2026-05-10 17:39:28,102 DEBUG [How Deep The Father's Love For Us-lead-D]          StackRhythm.java:221  | Setting expectedDuration=5/4 for stack on page 7
2026-05-10 17:39:28,103 DEBUG [How Deep The Father's Love For Us-lead-D]           PageRhythm.java:331  | Finished processing StackRhythm for MeasureStack#7
2026-05-10 17:39:28,103 DEBUG [How Deep The Father's Love For Us-lead-D]           PageRhythm.java:329  | About to process StackRhythm for MeasureStack#8
2026-05-10 17:39:28,103 DEBUG [How Deep The Father's Love For Us-lead-D]          StackRhythm.java:221  | Setting expectedDuration=5/4 for stack on page 8
2026-05-10 17:39:28,106 DEBUG [How Deep The Father's Love For Us-lead-D]           PageRhythm.java:331  | Finished processing StackRhythm for MeasureStack#8
2026-05-10 17:39:28,106 DEBUG [How Deep The Father's Love For Us-lead-D]           PageRhythm.java:325  | Starting Range{SN9-9 tSig:4/4 dur:1}
2026-05-10 17:39:28,107 DEBUG [How Deep The Father's Love For Us-lead-D]           PageRhythm.java:329  | About to process StackRhythm for MeasureStack#9
2026-05-10 17:39:28,107 DEBUG [How Deep The Father's Love For Us-lead-D]          StackRhythm.java:221  | Setting expectedDuration=1 for stack on page 9
2026-05-10 17:39:28,107 DEBUG [How Deep The Father's Love For Us-lead-D]           PageRhythm.java:331  | Finished processing StackRhythm for MeasureStack#9
2026-05-10 17:39:28,109 DEBUG [How Deep The Father's Love For Us-lead-D]           PageRhythm.java:325  | Starting Range{SN10-14 tSig:3/4 dur:3/4}
2026-05-10 17:39:28,109 DEBUG [How Deep The Father's Love For Us-lead-D]           PageRhythm.java:329  | About to process StackRhythm for MeasureStack#10
2026-05-10 17:39:28,109 DEBUG [How Deep The Father's Love For Us-lead-D]          StackRhythm.java:221  | Setting expectedDuration=3/4 for stack on page 10
2026-05-10 17:39:28,111 DEBUG [How Deep The Father's Love For Us-lead-D]           PageRhythm.java:331  | Finished processing StackRhythm for MeasureStack#10
2026-05-10 17:39:28,111 DEBUG [How Deep The Father's Love For Us-lead-D]           PageRhythm.java:329  | About to process StackRhythm for MeasureStack#11
2026-05-10 17:39:28,112 DEBUG [How Deep The Father's Love For Us-lead-D]          StackRhythm.java:221  | Setting expectedDuration=3/4 for stack on page 11
2026-05-10 17:39:28,113 DEBUG [How Deep The Father's Love For Us-lead-D]           PageRhythm.java:331  | Finished processing StackRhythm for MeasureStack#11
2026-05-10 17:39:28,113 DEBUG [How Deep The Father's Love For Us-lead-D]           PageRhythm.java:329  | About to process StackRhythm for MeasureStack#12
2026-05-10 17:39:28,113 DEBUG [How Deep The Father's Love For Us-lead-D]          StackRhythm.java:221  | Setting expectedDuration=3/4 for stack on page 12
2026-05-10 17:39:28,114 DEBUG [How Deep The Father's Love For Us-lead-D]           PageRhythm.java:331  | Finished processing StackRhythm for MeasureStack#12
2026-05-10 17:39:28,114 DEBUG [How Deep The Father's Love For Us-lead-D]           PageRhythm.java:329  | About to process StackRhythm for MeasureStack#13
2026-05-10 17:39:28,115 DEBUG [How Deep The Father's Love For Us-lead-D]          StackRhythm.java:221  | Setting expectedDuration=3/4 for stack on page 13
2026-05-10 17:39:28,115 DEBUG [How Deep The Father's Love For Us-lead-D]           PageRhythm.java:331  | Finished processing StackRhythm for MeasureStack#13
2026-05-10 17:39:28,116 DEBUG [How Deep The Father's Love For Us-lead-D]           PageRhythm.java:329  | About to process StackRhythm for MeasureStack#14
2026-05-10 17:39:28,116 DEBUG [How Deep The Father's Love For Us-lead-D]          StackRhythm.java:221  | Setting expectedDuration=3/4 for stack on page 14
2026-05-10 17:39:28,116 DEBUG [How Deep The Father's Love For Us-lead-D]           PageRhythm.java:331  | Finished processing StackRhythm for MeasureStack#14
