2026-05-10 17:40:16,530 WARN [How Great Thou Art-lead-Bb#1]          TextBuilder.java:412  | Skipping TextLine with null bounds: TextLine{ "" conf:NaN}
2026-05-10 17:40:16,534 WARN [How Great Thou Art-lead-Bb#1]          TextBuilder.java:412  | Skipping TextLine with null bounds: TextLine{ "" conf:NaN}
2026-05-10 17:40:16,535 WARN [How Great Thou Art-lead-Bb#1]          TextBuilder.java:412  | Skipping TextLine with null bounds: TextLine{ "" conf:NaN}
2026-05-10 17:40:16,536 WARN [How Great Thou Art-lead-Bb#1]          TextBuilder.java:412  | Skipping TextLine with null bounds: TextLine{ "" conf:NaN}
2026-05-10 17:40:16,540 WARN [How Great Thou Art-lead-Bb#1]          TextBuilder.java:412  | Skipping TextLine with null bounds: TextLine{ "" conf:NaN}
2026-05-10 17:40:16,540 WARN [How Great Thou Art-lead-Bb#1]          TextBuilder.java:412  | Skipping TextLine with null bounds: TextLine{ "" conf:NaN}
2026-05-10 17:40:16,541 WARN [How Great Thou Art-lead-Bb#1]          TextBuilder.java:412  | Skipping TextLine with null bounds: TextLine{ "" conf:NaN}
2026-05-10 17:40:16,541 WARN [How Great Thou Art-lead-Bb#1]          TextBuilder.java:412  | Skipping TextLine with null bounds: TextLine{ "" conf:NaN}
2026-05-10 17:40:16,541 WARN [How Great Thou Art-lead-Bb#1]          TextBuilder.java:412  | Skipping TextLine with null bounds: TextLine{ "" conf:NaN}
2026-05-10 17:40:16,542 WARN [How Great Thou Art-lead-Bb#1]          TextBuilder.java:412  | Skipping TextLine with null bounds: TextLine{ "" conf:NaN}
2026-05-10 17:40:16,542 WARN [How Great Thou Art-lead-Bb#1]          TextBuilder.java:412  | Skipping TextLine with null bounds: TextLine{ "" conf:NaN}
2026-05-10 17:40:16,544 WARN [How Great Thou Art-lead-Bb#1]          TextBuilder.java:412  | Skipping TextLine with null bounds: TextLine{ "" conf:NaN}
2026-05-10 17:40:16,544 WARN [How Great Thou Art-lead-Bb#1]          TextBuilder.java:412  | Skipping TextLine with null bounds: TextLine{ "" conf:NaN}
2026-05-10 17:40:16,545 WARN [How Great Thou Art-lead-Bb#1]          TextBuilder.java:412  | Skipping TextLine with null bounds: TextLine{ "" conf:NaN}
2026-05-10 17:40:16,545 WARN [How Great Thou Art-lead-Bb#1]          TextBuilder.java:412  | Skipping TextLine with null bounds: TextLine{ "" conf:NaN}
2026-05-10 17:40:16,545 WARN [How Great Thou Art-lead-Bb#1]          TextBuilder.java:412  | Skipping TextLine with null bounds: TextLine{ "" conf:NaN}
2026-05-10 17:40:16,546 WARN [How Great Thou Art-lead-Bb#1]          TextBuilder.java:412  | Skipping TextLine with null bounds: TextLine{ "" conf:NaN}
2026-05-10 17:40:16,546 WARN [How Great Thou Art-lead-Bb#1]          TextBuilder.java:412  | Skipping TextLine with null bounds: TextLine{ "" conf:NaN}
2026-05-10 17:40:16,546 WARN [How Great Thou Art-lead-Bb#1]          TextBuilder.java:412  | Skipping TextLine with null bounds: TextLine{ "" conf:NaN}
2026-05-10 17:40:16,547 WARN [How Great Thou Art-lead-Bb#1]          TextBuilder.java:412  | Skipping TextLine with null bounds: TextLine{ "" conf:NaN}
2026-05-10 17:40:16,547 WARN [How Great Thou Art-lead-Bb#1]          TextBuilder.java:412  | Skipping TextLine with null bounds: TextLine{ "" conf:NaN}
2026-05-10 17:40:16,547 WARN [How Great Thou Art-lead-Bb#1]          TextBuilder.java:412  | Skipping TextLine with null bounds: TextLine{ "" conf:NaN}
2026-05-10 17:40:16,548 WARN [How Great Thou Art-lead-Bb#1]          TextBuilder.java:412  | Skipping TextLine with null bounds: TextLine{ "" conf:NaN}
2026-05-10 17:40:16,548 WARN [How Great Thou Art-lead-Bb#1]          TextBuilder.java:412  | Skipping TextLine with null bounds: TextLine{ "" conf:NaN}
2026-05-10 17:40:16,548 WARN [How Great Thou Art-lead-Bb#1]          TextBuilder.java:412  | Skipping TextLine with null bounds: TextLine{ "" conf:NaN}
2026-05-10 17:40:16,549 WARN [How Great Thou Art-lead-Bb#1]          TextBuilder.java:412  | Skipping TextLine with null bounds: TextLine{ "" conf:NaN}
2026-05-10 17:40:16,549 WARN [How Great Thou Art-lead-Bb#1]          TextBuilder.java:412  | Skipping TextLine with null bounds: TextLine{ "" conf:NaN}
2026-05-10 17:40:16,550 WARN [How Great Thou Art-lead-Bb#1]          TextBuilder.java:412  | Skipping TextLine with null bounds: TextLine{ "" conf:NaN}
2026-05-10 17:40:16,550 WARN [How Great Thou Art-lead-Bb#1]          TextBuilder.java:412  | Skipping TextLine with null bounds: TextLine{ "" conf:NaN}
2026-05-10 17:40:16,550 WARN [How Great Thou Art-lead-Bb#1]          TextBuilder.java:412  | Skipping TextLine with null bounds: TextLine{ "" conf:NaN}
2026-05-10 17:40:16,550 WARN [How Great Thou Art-lead-Bb#1]          TextBuilder.java:412  | Skipping TextLine with null bounds: TextLine{ "" conf:NaN}
2026-05-10 17:40:16,551 WARN [How Great Thou Art-lead-Bb#1]          TextBuilder.java:412  | Skipping TextLine with null bounds: TextLine{ "" conf:NaN}
2026-05-10 17:40:16,551 WARN [How Great Thou Art-lead-Bb#1]          TextBuilder.java:412  | Skipping TextLine with null bounds: TextLine{ "" conf:NaN}
2026-05-10 17:40:16,552 WARN [How Great Thou Art-lead-Bb#1]          TextBuilder.java:412  | Skipping TextLine with null bounds: TextLine{ "" conf:NaN}
2026-05-10 17:40:16,552 WARN [How Great Thou Art-lead-Bb#1]          TextBuilder.java:412  | Skipping TextLine with null bounds: TextLine{ "" conf:NaN}
2026-05-10 17:40:16,552 WARN [How Great Thou Art-lead-Bb#1]          TextBuilder.java:412  | Skipping TextLine with null bounds: TextLine{ "" conf:NaN}
2026-05-10 17:40:16,552 WARN [How Great Thou Art-lead-Bb#1]          TextBuilder.java:412  | Skipping TextLine with null bounds: TextLine{ "" conf:NaN}
2026-05-10 17:40:16,552 WARN [How Great Thou Art-lead-Bb#1]          TextBuilder.java:412  | Skipping TextLine with null bounds: TextLine{ "" conf:NaN}
2026-05-10 17:40:16,554 WARN [How Great Thou Art-lead-Bb#1]          TextBuilder.java:412  | Skipping TextLine with null bounds: TextLine{ "" conf:NaN}
2026-05-10 17:40:16,554 WARN [How Great Thou Art-lead-Bb#1]          TextBuilder.java:412  | Skipping TextLine with null bounds: TextLine{ "" conf:NaN}
2026-05-10 17:40:16,554 WARN [How Great Thou Art-lead-Bb#1]          TextBuilder.java:412  | Skipping TextLine with null bounds: TextLine{ "" conf:NaN}
2026-05-10 17:40:16,555 WARN [How Great Thou Art-lead-Bb#1]          TextBuilder.java:412  | Skipping TextLine with null bounds: TextLine{ "" conf:NaN}
2026-05-10 17:40:16,555 WARN [How Great Thou Art-lead-Bb#1]          TextBuilder.java:412  | Skipping TextLine with null bounds: TextLine{ "" conf:NaN}
2026-05-10 17:40:16,556 WARN [How Great Thou Art-lead-Bb#1]          TextBuilder.java:412  | Skipping TextLine with null bounds: TextLine{ "" conf:NaN}
2026-05-10 17:40:16,556 WARN [How Great Thou Art-lead-Bb#1]          TextBuilder.java:412  | Skipping TextLine with null bounds: TextLine{ "" conf:NaN}
2026-05-10 17:40:16,556 WARN [How Great Thou Art-lead-Bb#1]          TextBuilder.java:412  | Skipping TextLine with null bounds: TextLine{ "" conf:NaN}
2026-05-10 17:40:16,557 WARN [How Great Thou Art-lead-Bb#1]          TextBuilder.java:412  | Skipping TextLine with null bounds: TextLine{ "" conf:NaN}
2026-05-10 17:40:16,557 WARN [How Great Thou Art-lead-Bb#1]          TextBuilder.java:412  | Skipping TextLine with null bounds: TextLine{ "" conf:NaN}
2026-05-10 17:40:16,558 WARN [How Great Thou Art-lead-Bb#1]          TextBuilder.java:412  | Skipping TextLine with null bounds: TextLine{ "" conf:NaN}
2026-05-10 17:40:16,558 WARN [How Great Thou Art-lead-Bb#1]          TextBuilder.java:412  | Skipping TextLine with null bounds: TextLine{ "" conf:NaN}
2026-05-10 17:40:16,558 WARN [How Great Thou Art-lead-Bb#1]          TextBuilder.java:412  | Skipping TextLine with null bounds: TextLine{ "" conf:NaN}
2026-05-10 17:40:16,559 WARN [How Great Thou Art-lead-Bb#1]          TextBuilder.java:412  | Skipping TextLine with null bounds: TextLine{ "" conf:NaN}
2026-05-10 17:40:16,560 WARN [How Great Thou Art-lead-Bb#1]          TextBuilder.java:412  | Skipping TextLine with null bounds: TextLine{ "" conf:NaN}
2026-05-10 17:40:16,561 WARN [How Great Thou Art-lead-Bb#1]          TextBuilder.java:412  | Skipping TextLine with null bounds: TextLine{ "" conf:NaN}
2026-05-10 17:40:16,561 WARN [How Great Thou Art-lead-Bb#1]          TextBuilder.java:412  | Skipping TextLine with null bounds: TextLine{ "" conf:NaN}
2026-05-10 17:40:16,561 WARN [How Great Thou Art-lead-Bb#1]          TextBuilder.java:412  | Skipping TextLine with null bounds: TextLine{ "" conf:NaN}
2026-05-10 17:40:16,562 WARN [How Great Thou Art-lead-Bb#1]          TextBuilder.java:412  | Skipping TextLine with null bounds: TextLine{ "" conf:NaN}
2026-05-10 17:40:16,562 WARN [How Great Thou Art-lead-Bb#1]          TextBuilder.java:412  | Skipping TextLine with null bounds: TextLine{ "" conf:NaN}
2026-05-10 17:40:16,562 WARN [How Great Thou Art-lead-Bb#1]          TextBuilder.java:412  | Skipping TextLine with null bounds: TextLine{ "" conf:NaN}
2026-05-10 17:40:16,563 WARN [How Great Thou Art-lead-Bb#1]          TextBuilder.java:412  | Skipping TextLine with null bounds: TextLine{ "" conf:NaN}
2026-05-10 17:40:16,563 WARN [How Great Thou Art-lead-Bb#1]          TextBuilder.java:412  | Skipping TextLine with null bounds: TextLine{ "" conf:NaN}
2026-05-10 17:40:16,563 WARN [How Great Thou Art-lead-Bb#1]          TextBuilder.java:412  | Skipping TextLine with null bounds: TextLine{ "" conf:NaN}
2026-05-10 17:40:16,564 WARN [How Great Thou Art-lead-Bb#1]          TextBuilder.java:412  | Skipping TextLine with null bounds: TextLine{ "" conf:NaN}
2026-05-10 17:40:16,564 WARN [How Great Thou Art-lead-Bb#1]          TextBuilder.java:412  | Skipping TextLine with null bounds: TextLine{ "" conf:NaN}
2026-05-10 17:40:16,564 WARN [How Great Thou Art-lead-Bb#1]          TextBuilder.java:412  | Skipping TextLine with null bounds: TextLine{ "" conf:NaN}
2026-05-10 17:40:16,564 WARN [How Great Thou Art-lead-Bb#1]          TextBuilder.java:412  | Skipping TextLine with null bounds: TextLine{ "" conf:NaN}
2026-05-10 17:40:16,565 WARN [How Great Thou Art-lead-Bb#1]          TextBuilder.java:412  | Skipping TextLine with null bounds: TextLine{ "" conf:NaN}
2026-05-10 17:40:16,565 WARN [How Great Thou Art-lead-Bb#1]          TextBuilder.java:412  | Skipping TextLine with null bounds: TextLine{ "" conf:NaN}
2026-05-10 17:40:16,565 WARN [How Great Thou Art-lead-Bb#1]          TextBuilder.java:412  | Skipping TextLine with null bounds: TextLine{ "" conf:NaN}
2026-05-10 17:40:16,566 WARN [How Great Thou Art-lead-Bb#1]          TextBuilder.java:412  | Skipping TextLine with null bounds: TextLine{ "" conf:NaN}
2026-05-10 17:40:16,566 WARN [How Great Thou Art-lead-Bb#1]          TextBuilder.java:412  | Skipping TextLine with null bounds: TextLine{ "" conf:NaN}
2026-05-10 17:40:16,566 WARN [How Great Thou Art-lead-Bb#1]          TextBuilder.java:412  | Skipping TextLine with null bounds: TextLine{ "" conf:NaN}
2026-05-10 17:40:16,567 WARN [How Great Thou Art-lead-Bb#1]          TextBuilder.java:412  | Skipping TextLine with null bounds: TextLine{ "" conf:NaN}
2026-05-10 17:40:16,567 WARN [How Great Thou Art-lead-Bb#1]          TextBuilder.java:412  | Skipping TextLine with null bounds: TextLine{ "" conf:NaN}
2026-05-10 17:40:16,567 WARN [How Great Thou Art-lead-Bb#1]          TextBuilder.java:412  | Skipping TextLine with null bounds: TextLine{ "" conf:NaN}
2026-05-10 17:40:16,567 WARN [How Great Thou Art-lead-Bb#1]          TextBuilder.java:412  | Skipping TextLine with null bounds: TextLine{ "" conf:NaN}
2026-05-10 17:40:16,568 WARN [How Great Thou Art-lead-Bb#1]          TextBuilder.java:412  | Skipping TextLine with null bounds: TextLine{ "" conf:NaN}
2026-05-10 17:40:16,568 WARN [How Great Thou Art-lead-Bb#1]          TextBuilder.java:412  | Skipping TextLine with null bounds: TextLine{ "" conf:NaN}
2026-05-10 17:40:16,568 WARN [How Great Thou Art-lead-Bb#1]          TextBuilder.java:412  | Skipping TextLine with null bounds: TextLine{ "" conf:NaN}
2026-05-10 17:40:16,569 WARN [How Great Thou Art-lead-Bb#1]          TextBuilder.java:412  | Skipping TextLine with null bounds: TextLine{ "" conf:NaN}
2026-05-10 17:40:16,569 WARN [How Great Thou Art-lead-Bb#1]          TextBuilder.java:412  | Skipping TextLine with null bounds: TextLine{ "" conf:NaN}
2026-05-10 17:40:16,569 WARN [How Great Thou Art-lead-Bb#1]          TextBuilder.java:412  | Skipping TextLine with null bounds: TextLine{ "" conf:NaN}
2026-05-10 17:40:16,570 WARN [How Great Thou Art-lead-Bb#1]          TextBuilder.java:412  | Skipping TextLine with null bounds: TextLine{ "" conf:NaN}
2026-05-10 17:40:16,570 WARN [How Great Thou Art-lead-Bb#1]          TextBuilder.java:412  | Skipping TextLine with null bounds: TextLine{ "" conf:NaN}
2026-05-10 17:40:16,570 WARN [How Great Thou Art-lead-Bb#1]          TextBuilder.java:412  | Skipping TextLine with null bounds: TextLine{ "" conf:NaN}
2026-05-10 17:40:16,571 WARN [How Great Thou Art-lead-Bb#1]          TextBuilder.java:412  | Skipping TextLine with null bounds: TextLine{ "" conf:NaN}
2026-05-10 17:40:16,571 WARN [How Great Thou Art-lead-Bb#1]          TextBuilder.java:412  | Skipping TextLine with null bounds: TextLine{ "" conf:NaN}
2026-05-10 17:40:16,571 WARN [How Great Thou Art-lead-Bb#1]          TextBuilder.java:412  | Skipping TextLine with null bounds: TextLine{ "" conf:NaN}
2026-05-10 17:40:16,571 WARN [How Great Thou Art-lead-Bb#1]          TextBuilder.java:412  | Skipping TextLine with null bounds: TextLine{ "" conf:NaN}
2026-05-10 17:40:16,571 WARN [How Great Thou Art-lead-Bb#1]          TextBuilder.java:412  | Skipping TextLine with null bounds: TextLine{ "" conf:NaN}
2026-05-10 17:40:16,572 WARN [How Great Thou Art-lead-Bb#1]          TextBuilder.java:412  | Skipping TextLine with null bounds: TextLine{ "" conf:NaN}
2026-05-10 17:40:16,572 WARN [How Great Thou Art-lead-Bb#1]          TextBuilder.java:412  | Skipping TextLine with null bounds: TextLine{ "" conf:NaN}
2026-05-10 17:40:16,572 WARN [How Great Thou Art-lead-Bb#1]          TextBuilder.java:412  | Skipping TextLine with null bounds: TextLine{ "" conf:NaN}
2026-05-10 17:40:16,572 WARN [How Great Thou Art-lead-Bb#1]          TextBuilder.java:412  | Skipping TextLine with null bounds: TextLine{ "" conf:NaN}
2026-05-10 17:40:16,572 WARN [How Great Thou Art-lead-Bb#1]          TextBuilder.java:412  | Skipping TextLine with null bounds: TextLine{ "" conf:NaN}
2026-05-10 17:40:16,572 WARN [How Great Thou Art-lead-Bb#1]          TextBuilder.java:412  | Skipping TextLine with null bounds: TextLine{ "" conf:NaN}
2026-05-10 17:40:16,574 WARN [How Great Thou Art-lead-Bb#1]          TextBuilder.java:412  | Skipping TextLine with null bounds: TextLine{ "" conf:NaN}
2026-05-10 17:40:16,574 WARN [How Great Thou Art-lead-Bb#1]          TextBuilder.java:412  | Skipping TextLine with null bounds: TextLine{ "" conf:NaN}
2026-05-10 17:40:16,575 WARN [How Great Thou Art-lead-Bb#1]          TextBuilder.java:412  | Skipping TextLine with null bounds: TextLine{ "" conf:NaN}
2026-05-10 17:40:16,576 WARN [How Great Thou Art-lead-Bb#1]          TextBuilder.java:412  | Skipping TextLine with null bounds: TextLine{ "" conf:NaN}
2026-05-10 17:40:16,576 WARN [How Great Thou Art-lead-Bb#1]          TextBuilder.java:412  | Skipping TextLine with null bounds: TextLine{ "" conf:NaN}
2026-05-10 17:40:16,577 WARN [How Great Thou Art-lead-Bb#1]          TextBuilder.java:412  | Skipping TextLine with null bounds: TextLine{ "" conf:NaN}
2026-05-10 17:40:16,577 WARN [How Great Thou Art-lead-Bb#1]          TextBuilder.java:412  | Skipping TextLine with null bounds: TextLine{ "" conf:NaN}
2026-05-10 17:40:16,578 WARN [How Great Thou Art-lead-Bb#1]          TextBuilder.java:412  | Skipping TextLine with null bounds: TextLine{ "" conf:NaN}
2026-05-10 17:40:16,578 WARN [How Great Thou Art-lead-Bb#1]          TextBuilder.java:412  | Skipping TextLine with null bounds: TextLine{ "" conf:NaN}
2026-05-10 17:40:16,578 WARN [How Great Thou Art-lead-Bb#1]          TextBuilder.java:412  | Skipping TextLine with null bounds: TextLine{ "" conf:NaN}
2026-05-10 17:40:16,579 WARN [How Great Thou Art-lead-Bb#1]          TextBuilder.java:412  | Skipping TextLine with null bounds: TextLine{ "" conf:NaN}
2026-05-10 17:40:16,579 WARN [How Great Thou Art-lead-Bb#1]          TextBuilder.java:412  | Skipping TextLine with null bounds: TextLine{ "" conf:NaN}
2026-05-10 17:40:16,579 WARN [How Great Thou Art-lead-Bb#1]          TextBuilder.java:412  | Skipping TextLine with null bounds: TextLine{ "" conf:NaN}
2026-05-10 17:40:16,579 WARN [How Great Thou Art-lead-Bb#1]          TextBuilder.java:412  | Skipping TextLine with null bounds: TextLine{ "" conf:NaN}
2026-05-10 17:40:16,579 WARN [How Great Thou Art-lead-Bb#1]          TextBuilder.java:412  | Skipping TextLine with null bounds: TextLine{ "" conf:NaN}
2026-05-10 17:40:16,580 WARN [How Great Thou Art-lead-Bb#1]          TextBuilder.java:412  | Skipping TextLine with null bounds: TextLine{ "" conf:NaN}
2026-05-10 17:40:16,581 WARN [How Great Thou Art-lead-Bb#1]          TextBuilder.java:412  | Skipping TextLine with null bounds: TextLine{ "" conf:NaN}
2026-05-10 17:40:16,581 WARN [How Great Thou Art-lead-Bb#1]          TextBuilder.java:412  | Skipping TextLine with null bounds: TextLine{ "" conf:NaN}
2026-05-10 17:40:16,581 WARN [How Great Thou Art-lead-Bb#1]          TextBuilder.java:412  | Skipping TextLine with null bounds: TextLine{ "" conf:NaN}
2026-05-10 17:40:16,582 WARN [How Great Thou Art-lead-Bb#1]          TextBuilder.java:412  | Skipping TextLine with null bounds: TextLine{ "" conf:NaN}
2026-05-10 17:40:16,582 WARN [How Great Thou Art-lead-Bb#1]          TextBuilder.java:412  | Skipping TextLine with null bounds: TextLine{ "" conf:NaN}
2026-05-10 17:40:16,582 WARN [How Great Thou Art-lead-Bb#1]          TextBuilder.java:412  | Skipping TextLine with null bounds: TextLine{ "" conf:NaN}
2026-05-10 17:40:16,582 WARN [How Great Thou Art-lead-Bb#1]          TextBuilder.java:412  | Skipping TextLine with null bounds: TextLine{ "" conf:NaN}
2026-05-10 17:40:16,582 WARN [How Great Thou Art-lead-Bb#1]          TextBuilder.java:412  | Skipping TextLine with null bounds: TextLine{ "" conf:NaN}
2026-05-10 17:40:16,583 WARN [How Great Thou Art-lead-Bb#1]          TextBuilder.java:412  | Skipping TextLine with null bounds: TextLine{ "" conf:NaN}
2026-05-10 17:40:16,583 WARN [How Great Thou Art-lead-Bb#1]          TextBuilder.java:412  | Skipping TextLine with null bounds: TextLine{ "" conf:NaN}
2026-05-10 17:40:16,583 WARN [How Great Thou Art-lead-Bb#1]          TextBuilder.java:412  | Skipping TextLine with null bounds: TextLine{ "" conf:NaN}
2026-05-10 17:40:16,584 WARN [How Great Thou Art-lead-Bb#1]          TextBuilder.java:412  | Skipping TextLine with null bounds: TextLine{ "" conf:NaN}
2026-05-10 17:40:16,584 WARN [How Great Thou Art-lead-Bb#1]          TextBuilder.java:412  | Skipping TextLine with null bounds: TextLine{ "" conf:NaN}
2026-05-10 17:40:16,584 WARN [How Great Thou Art-lead-Bb#1]          TextBuilder.java:412  | Skipping TextLine with null bounds: TextLine{ "" conf:NaN}
2026-05-10 17:40:16,584 WARN [How Great Thou Art-lead-Bb#1]          TextBuilder.java:412  | Skipping TextLine with null bounds: TextLine{ "" conf:NaN}
2026-05-10 17:40:16,585 WARN [How Great Thou Art-lead-Bb#1]          TextBuilder.java:412  | Skipping TextLine with null bounds: TextLine{ "" conf:NaN}
2026-05-10 17:40:16,586 WARN [How Great Thou Art-lead-Bb#1]          TextBuilder.java:412  | Skipping TextLine with null bounds: TextLine{ "" conf:NaN}
2026-05-10 17:40:16,586 WARN [How Great Thou Art-lead-Bb#1]          TextBuilder.java:412  | Skipping TextLine with null bounds: TextLine{ "" conf:NaN}
2026-05-10 17:40:16,586 WARN [How Great Thou Art-lead-Bb#1]          TextBuilder.java:412  | Skipping TextLine with null bounds: TextLine{ "" conf:NaN}
2026-05-10 17:40:16,586 WARN [How Great Thou Art-lead-Bb#1]          TextBuilder.java:412  | Skipping TextLine with null bounds: TextLine{ "" conf:NaN}
2026-05-10 17:40:16,587 WARN [How Great Thou Art-lead-Bb#1]          TextBuilder.java:412  | Skipping TextLine with null bounds: TextLine{ "" conf:NaN}
2026-05-10 17:40:16,587 WARN [How Great Thou Art-lead-Bb#1]          TextBuilder.java:412  | Skipping TextLine with null bounds: TextLine{ "" conf:NaN}
2026-05-10 17:40:16,587 WARN [How Great Thou Art-lead-Bb#1]          TextBuilder.java:412  | Skipping TextLine with null bounds: TextLine{ "" conf:NaN}
2026-05-10 17:40:16,587 WARN [How Great Thou Art-lead-Bb#1]          TextBuilder.java:412  | Skipping TextLine with null bounds: TextLine{ "" conf:NaN}
2026-05-10 17:40:16,587 WARN [How Great Thou Art-lead-Bb#1]          TextBuilder.java:412  | Skipping TextLine with null bounds: TextLine{ "" conf:NaN}
2026-05-10 17:40:16,588 WARN [How Great Thou Art-lead-Bb#1]          TextBuilder.java:412  | Skipping TextLine with null bounds: TextLine{ "" conf:NaN}
2026-05-10 17:40:16,588 WARN [How Great Thou Art-lead-Bb#1]          TextBuilder.java:412  | Skipping TextLine with null bounds: TextLine{ "" conf:NaN}
2026-05-10 17:40:16,588 WARN [How Great Thou Art-lead-Bb#1]          TextBuilder.java:412  | Skipping TextLine with null bounds: TextLine{ "" conf:NaN}
2026-05-10 17:40:16,588 WARN [How Great Thou Art-lead-Bb#1]          TextBuilder.java:412  | Skipping TextLine with null bounds: TextLine{ "" conf:NaN}
2026-05-10 17:40:16,589 WARN [How Great Thou Art-lead-Bb#1]          TextBuilder.java:412  | Skipping TextLine with null bounds: TextLine{ "" conf:NaN}
2026-05-10 17:40:16,589 WARN [How Great Thou Art-lead-Bb#1]          TextBuilder.java:412  | Skipping TextLine with null bounds: TextLine{ "" conf:NaN}
2026-05-10 17:40:16,589 WARN [How Great Thou Art-lead-Bb#1]          TextBuilder.java:412  | Skipping TextLine with null bounds: TextLine{ "" conf:NaN}
2026-05-10 17:40:16,589 WARN [How Great Thou Art-lead-Bb#1]          TextBuilder.java:412  | Skipping TextLine with null bounds: TextLine{ "" conf:NaN}
2026-05-10 17:40:16,589 WARN [How Great Thou Art-lead-Bb#1]          TextBuilder.java:412  | Skipping TextLine with null bounds: TextLine{ "" conf:NaN}
2026-05-10 17:40:16,589 WARN [How Great Thou Art-lead-Bb#1]          TextBuilder.java:412  | Skipping TextLine with null bounds: TextLine{ "" conf:NaN}
2026-05-10 17:40:16,589 WARN [How Great Thou Art-lead-Bb#1]          TextBuilder.java:412  | Skipping TextLine with null bounds: TextLine{ "" conf:NaN}
2026-05-10 17:40:16,591 WARN [How Great Thou Art-lead-Bb#1]          TextBuilder.java:412  | Skipping TextLine with null bounds: TextLine{ "" conf:NaN}
2026-05-10 17:40:16,591 WARN [How Great Thou Art-lead-Bb#1]          TextBuilder.java:412  | Skipping TextLine with null bounds: TextLine{ "" conf:NaN}
2026-05-10 17:40:16,591 WARN [How Great Thou Art-lead-Bb#1]          TextBuilder.java:412  | Skipping TextLine with null bounds: TextLine{ "" conf:NaN}
2026-05-10 17:40:16,591 WARN [How Great Thou Art-lead-Bb#1]          TextBuilder.java:412  | Skipping TextLine with null bounds: TextLine{ "" conf:NaN}
2026-05-10 17:40:16,591 WARN [How Great Thou Art-lead-Bb#1]          TextBuilder.java:412  | Skipping TextLine with null bounds: TextLine{ "" conf:NaN}
2026-05-10 17:40:16,591 WARN [How Great Thou Art-lead-Bb#1]          TextBuilder.java:412  | Skipping TextLine with null bounds: TextLine{ "" conf:NaN}
2026-05-10 17:40:16,592 WARN [How Great Thou Art-lead-Bb#1]          TextBuilder.java:412  | Skipping TextLine with null bounds: TextLine{ "" conf:NaN}
2026-05-10 17:40:16,592 WARN [How Great Thou Art-lead-Bb#1]          TextBuilder.java:412  | Skipping TextLine with null bounds: TextLine{ "" conf:NaN}
2026-05-10 17:40:16,592 WARN [How Great Thou Art-lead-Bb#1]          TextBuilder.java:412  | Skipping TextLine with null bounds: TextLine{ "" conf:NaN}
2026-05-10 17:40:16,592 WARN [How Great Thou Art-lead-Bb#1]          TextBuilder.java:412  | Skipping TextLine with null bounds: TextLine{ "" conf:NaN}
2026-05-10 17:40:16,592 WARN [How Great Thou Art-lead-Bb#1]          TextBuilder.java:412  | Skipping TextLine with null bounds: TextLine{ "" conf:NaN}
2026-05-10 17:40:16,594 WARN [How Great Thou Art-lead-Bb#1]          TextBuilder.java:412  | Skipping TextLine with null bounds: TextLine{ "" conf:NaN}
2026-05-10 17:40:16,594 WARN [How Great Thou Art-lead-Bb#1]          TextBuilder.java:412  | Skipping TextLine with null bounds: TextLine{ "" conf:NaN}
2026-05-10 17:40:16,594 WARN [How Great Thou Art-lead-Bb#1]          TextBuilder.java:412  | Skipping TextLine with null bounds: TextLine{ "" conf:NaN}
2026-05-10 17:40:16,595 WARN [How Great Thou Art-lead-Bb#1]          TextBuilder.java:412  | Skipping TextLine with null bounds: TextLine{ "" conf:NaN}
2026-05-10 17:40:16,595 WARN [How Great Thou Art-lead-Bb#1]          TextBuilder.java:412  | Skipping TextLine with null bounds: TextLine{ "" conf:NaN}
2026-05-10 17:40:16,596 WARN [How Great Thou Art-lead-Bb#1]          TextBuilder.java:412  | Skipping TextLine with null bounds: TextLine{ "" conf:NaN}
2026-05-10 17:40:16,596 WARN [How Great Thou Art-lead-Bb#1]          TextBuilder.java:412  | Skipping TextLine with null bounds: TextLine{ "" conf:NaN}
2026-05-10 17:40:16,597 WARN [How Great Thou Art-lead-Bb#1]          TextBuilder.java:412  | Skipping TextLine with null bounds: TextLine{ "" conf:NaN}
2026-05-10 17:40:16,597 WARN [How Great Thou Art-lead-Bb#1]          TextBuilder.java:412  | Skipping TextLine with null bounds: TextLine{ "" conf:NaN}
2026-05-10 17:40:16,597 WARN [How Great Thou Art-lead-Bb#1]          TextBuilder.java:412  | Skipping TextLine with null bounds: TextLine{ "" conf:NaN}
2026-05-10 17:40:16,597 WARN [How Great Thou Art-lead-Bb#1]          TextBuilder.java:412  | Skipping TextLine with null bounds: TextLine{ "" conf:NaN}
2026-05-10 17:40:16,597 WARN [How Great Thou Art-lead-Bb#1]          TextBuilder.java:412  | Skipping TextLine with null bounds: TextLine{ "" conf:NaN}
2026-05-10 17:40:16,597 WARN [How Great Thou Art-lead-Bb#1]          TextBuilder.java:412  | Skipping TextLine with null bounds: TextLine{ "" conf:NaN}
2026-05-10 17:40:16,598 WARN [How Great Thou Art-lead-Bb#1]          TextBuilder.java:412  | Skipping TextLine with null bounds: TextLine{ "" conf:NaN}
2026-05-10 17:40:16,598 WARN [How Great Thou Art-lead-Bb#1]          TextBuilder.java:412  | Skipping TextLine with null bounds: TextLine{ "" conf:NaN}
2026-05-10 17:40:16,598 WARN [How Great Thou Art-lead-Bb#1]          TextBuilder.java:412  | Skipping TextLine with null bounds: TextLine{ "" conf:NaN}
2026-05-10 17:40:16,598 WARN [How Great Thou Art-lead-Bb#1]          TextBuilder.java:412  | Skipping TextLine with null bounds: TextLine{ "" conf:NaN}
2026-05-10 17:40:16,598 WARN [How Great Thou Art-lead-Bb#1]          TextBuilder.java:412  | Skipping TextLine with null bounds: TextLine{ "" conf:NaN}
2026-05-10 17:40:16,598 WARN [How Great Thou Art-lead-Bb#1]          TextBuilder.java:412  | Skipping TextLine with null bounds: TextLine{ "" conf:NaN}
2026-05-10 17:40:16,599 WARN [How Great Thou Art-lead-Bb#1]          TextBuilder.java:412  | Skipping TextLine with null bounds: TextLine{ "" conf:NaN}
2026-05-10 17:40:16,599 WARN [How Great Thou Art-lead-Bb#1]          TextBuilder.java:412  | Skipping TextLine with null bounds: TextLine{ "" conf:NaN}
2026-05-10 17:40:16,599 WARN [How Great Thou Art-lead-Bb#1]          TextBuilder.java:412  | Skipping TextLine with null bounds: TextLine{ "" conf:NaN}
2026-05-10 17:40:16,599 WARN [How Great Thou Art-lead-Bb#1]          TextBuilder.java:412  | Skipping TextLine with null bounds: TextLine{ "" conf:NaN}
2026-05-10 17:40:16,599 WARN [How Great Thou Art-lead-Bb#1]          TextBuilder.java:412  | Skipping TextLine with null bounds: TextLine{ "" conf:NaN}
2026-05-10 17:40:16,599 WARN [How Great Thou Art-lead-Bb#1]          TextBuilder.java:412  | Skipping TextLine with null bounds: TextLine{ "" conf:NaN}
2026-05-10 17:40:16,599 WARN [How Great Thou Art-lead-Bb#1]          TextBuilder.java:412  | Skipping TextLine with null bounds: TextLine{ "" conf:NaN}
2026-05-10 17:40:16,599 WARN [How Great Thou Art-lead-Bb#1]          TextBuilder.java:412  | Skipping TextLine with null bounds: TextLine{ "" conf:NaN}
2026-05-10 17:40:16,601 WARN [How Great Thou Art-lead-Bb#1]          TextBuilder.java:412  | Skipping TextLine with null bounds: TextLine{ "" conf:NaN}
2026-05-10 17:40:16,601 WARN [How Great Thou Art-lead-Bb#1]          TextBuilder.java:412  | Skipping TextLine with null bounds: TextLine{ "" conf:NaN}
2026-05-10 17:40:16,601 WARN [How Great Thou Art-lead-Bb#1]          TextBuilder.java:412  | Skipping TextLine with null bounds: TextLine{ "" conf:NaN}
2026-05-10 17:40:16,601 WARN [How Great Thou Art-lead-Bb#1]          TextBuilder.java:412  | Skipping TextLine with null bounds: TextLine{ "" conf:NaN}
2026-05-10 17:40:16,601 WARN [How Great Thou Art-lead-Bb#1]          TextBuilder.java:412  | Skipping TextLine with null bounds: TextLine{ "" conf:NaN}
2026-05-10 17:40:16,601 WARN [How Great Thou Art-lead-Bb#1]          TextBuilder.java:412  | Skipping TextLine with null bounds: TextLine{ "" conf:NaN}
2026-05-10 17:40:16,601 WARN [How Great Thou Art-lead-Bb#1]          TextBuilder.java:412  | Skipping TextLine with null bounds: TextLine{ "" conf:NaN}
2026-05-10 17:40:16,602 WARN [How Great Thou Art-lead-Bb#1]          TextBuilder.java:412  | Skipping TextLine with null bounds: TextLine{ "" conf:NaN}
2026-05-10 17:40:16,602 WARN [How Great Thou Art-lead-Bb#1]          TextBuilder.java:412  | Skipping TextLine with null bounds: TextLine{ "" conf:NaN}
2026-05-10 17:40:16,602 WARN [How Great Thou Art-lead-Bb#1]          TextBuilder.java:412  | Skipping TextLine with null bounds: TextLine{ "" conf:NaN}
2026-05-10 17:40:16,602 WARN [How Great Thou Art-lead-Bb#1]          TextBuilder.java:412  | Skipping TextLine with null bounds: TextLine{ "" conf:NaN}
2026-05-10 17:40:16,602 WARN [How Great Thou Art-lead-Bb#1]          TextBuilder.java:412  | Skipping TextLine with null bounds: TextLine{ "" conf:NaN}
2026-05-10 17:40:16,602 WARN [How Great Thou Art-lead-Bb#1]          TextBuilder.java:412  | Skipping TextLine with null bounds: TextLine{ "" conf:NaN}
2026-05-10 17:40:16,602 WARN [How Great Thou Art-lead-Bb#1]          TextBuilder.java:412  | Skipping TextLine with null bounds: TextLine{ "" conf:NaN}
2026-05-10 17:40:16,602 WARN [How Great Thou Art-lead-Bb#1]          TextBuilder.java:412  | Skipping TextLine with null bounds: TextLine{ "" conf:NaN}
2026-05-10 17:40:16,604 WARN [How Great Thou Art-lead-Bb#1]          TextBuilder.java:412  | Skipping TextLine with null bounds: TextLine{ "" conf:NaN}
2026-05-10 17:40:16,604 WARN [How Great Thou Art-lead-Bb#1]          TextBuilder.java:412  | Skipping TextLine with null bounds: TextLine{ "" conf:NaN}
2026-05-10 17:40:16,604 WARN [How Great Thou Art-lead-Bb#1]          TextBuilder.java:412  | Skipping TextLine with null bounds: TextLine{ "" conf:NaN}
2026-05-10 17:40:16,604 WARN [How Great Thou Art-lead-Bb#1]          TextBuilder.java:412  | Skipping TextLine with null bounds: TextLine{ "" conf:NaN}
2026-05-10 17:40:24,251 INFO [How Great Thou Art-lead-Bb#1]           PageRhythm.java:176  | {Page#1.1} Starting PageRhythm time signature check
2026-05-10 17:40:24,252 INFO [How Great Thou Art-lead-Bb#1]           PageRhythm.java:178  | {Page#1.1} Initial range state: Range{SN1- tSig:4/4} → ts: TimePairInter#123{ FROZEN(0.952/0.952) staff:1 4/4}
2026-05-10 17:40:24,253 INFO [How Great Thou Art-lead-Bb#1]           PageRhythm.java:184  | {Page#1.1} Checking range: Range{SN1- tSig:4/4}, ts: TimePairInter#123{ FROZEN(0.952/0.952) staff:1 4/4}
2026-05-10 17:40:24,254 INFO [How Great Thou Art-lead-Bb#1]           PageRhythm.java:277  | Last range: Range{SN1-14 tSig:4/4 dur:1}
2026-05-10 17:40:24,254 INFO [How Great Thou Art-lead-Bb#1]           PageRhythm.java:278  | lastRange.timeRational = 4/4
2026-05-10 17:40:24,255 INFO [How Great Thou Art-lead-Bb#1]           PageRhythm.java:279  | lastRange.ts = TimePairInter#123{ FROZEN(0.952/0.952) staff:1 4/4}
2026-05-10 17:40:24,256 DEBUG [How Great Thou Art-lead-Bb#1]           PageRhythm.java:121  | MeasureStack#1 frats: 2 [7877, 6766]
2026-05-10 17:40:24,256 DEBUG [How Great Thou Art-lead-Bb#1]           PageRhythm.java:121  | MeasureStack#2 frats: 4 [7880, 7281, 7881, 7884]
2026-05-10 17:40:24,257 DEBUG [How Great Thou Art-lead-Bb#1]           PageRhythm.java:121  | MeasureStack#3 frats: 3 [7522, 7882, 7883]
2026-05-10 17:40:24,257 DEBUG [How Great Thou Art-lead-Bb#1]           PageRhythm.java:121  | MeasureStack#4 frats: 2 [9112, 8088]
2026-05-10 17:40:24,258 DEBUG [How Great Thou Art-lead-Bb#1]           PageRhythm.java:121  | MeasureStack#5 frats: 3 [8532, 9106, 8703]
2026-05-10 17:40:24,258 DEBUG [How Great Thou Art-lead-Bb#1]           PageRhythm.java:121  | MeasureStack#6 frats: 4 [9109, 8962, 9010, 9110]
2026-05-10 17:40:24,259 DEBUG [How Great Thou Art-lead-Bb#1]           PageRhythm.java:121  | MeasureStack#7 frats: 2 [9375, 10227]
2026-05-10 17:40:24,259 DEBUG [How Great Thou Art-lead-Bb#1]           PageRhythm.java:121  | MeasureStack#8 frats: 2 [10233, 9946]
2026-05-10 17:40:24,259 DEBUG [How Great Thou Art-lead-Bb#1]           PageRhythm.java:121  | MeasureStack#9 frats: 2 [11647, 10627]
2026-05-10 17:40:24,261 DEBUG [How Great Thou Art-lead-Bb#1]           PageRhythm.java:121  | MeasureStack#10 frats: 4 [11649, 11060, 11650, 11651]
2026-05-10 17:40:24,261 DEBUG [How Great Thou Art-lead-Bb#1]           PageRhythm.java:121  | MeasureStack#11 frats: 2 [11648, 11449]
2026-05-10 17:40:24,262 DEBUG [How Great Thou Art-lead-Bb#1]           PageRhythm.java:121  | MeasureStack#12 frats: 0 []
2026-05-10 17:40:24,262 DEBUG [How Great Thou Art-lead-Bb#1]           PageRhythm.java:121  | MeasureStack#13 frats: 2 [11994, 11840]
2026-05-10 17:40:24,262 DEBUG [How Great Thou Art-lead-Bb#1]           PageRhythm.java:121  | MeasureStack#14 frats: 4 [11997, 11936, 11998, 11999]
2026-05-10 17:40:24,263 DEBUG [How Great Thou Art-lead-Bb#1]           PageRhythm.java:325  | Starting Range{SN1-14 tSig:4/4 dur:1}
2026-05-10 17:40:24,263 DEBUG [How Great Thou Art-lead-Bb#1]           PageRhythm.java:329  | About to process StackRhythm for MeasureStack#1
2026-05-10 17:40:24,263 DEBUG [How Great Thou Art-lead-Bb#1]          StackRhythm.java:221  | Setting expectedDuration=1 for stack on page 1
2026-05-10 17:40:24,284 DEBUG [How Great Thou Art-lead-Bb#1]           PageRhythm.java:331  | Finished processing StackRhythm for MeasureStack#1
2026-05-10 17:40:24,285 DEBUG [How Great Thou Art-lead-Bb#1]           PageRhythm.java:329  | About to process StackRhythm for MeasureStack#2
2026-05-10 17:40:24,285 DEBUG [How Great Thou Art-lead-Bb#1]          StackRhythm.java:221  | Setting expectedDuration=1 for stack on page 2
2026-05-10 17:40:24,288 INFO [How Great Thou Art-lead-Bb#1]          StackRhythm.java:226  | S1 MeasureStack#2 no correct rhythm
2026-05-10 17:40:24,289 DEBUG [How Great Thou Art-lead-Bb#1]           PageRhythm.java:331  | Finished processing StackRhythm for MeasureStack#2
2026-05-10 17:40:24,289 DEBUG [How Great Thou Art-lead-Bb#1]           PageRhythm.java:329  | About to process StackRhythm for MeasureStack#3
2026-05-10 17:40:24,290 DEBUG [How Great Thou Art-lead-Bb#1]          StackRhythm.java:221  | Setting expectedDuration=1 for stack on page 3
2026-05-10 17:40:24,292 INFO [How Great Thou Art-lead-Bb#1]          StackRhythm.java:226  | S1 MeasureStack#3 no correct rhythm
2026-05-10 17:40:24,294 DEBUG [How Great Thou Art-lead-Bb#1]           PageRhythm.java:331  | Finished processing StackRhythm for MeasureStack#3
2026-05-10 17:40:24,297 DEBUG [How Great Thou Art-lead-Bb#1]           PageRhythm.java:329  | About to process StackRhythm for MeasureStack#4
2026-05-10 17:40:24,297 DEBUG [How Great Thou Art-lead-Bb#1]          StackRhythm.java:221  | Setting expectedDuration=1 for stack on page 4
2026-05-10 17:40:24,299 DEBUG [How Great Thou Art-lead-Bb#1]           PageRhythm.java:331  | Finished processing StackRhythm for MeasureStack#4
2026-05-10 17:40:24,300 DEBUG [How Great Thou Art-lead-Bb#1]           PageRhythm.java:329  | About to process StackRhythm for MeasureStack#5
2026-05-10 17:40:24,300 DEBUG [How Great Thou Art-lead-Bb#1]          StackRhythm.java:221  | Setting expectedDuration=1 for stack on page 5
2026-05-10 17:40:24,302 DEBUG [How Great Thou Art-lead-Bb#1]           PageRhythm.java:331  | Finished processing StackRhythm for MeasureStack#5
2026-05-10 17:40:24,302 DEBUG [How Great Thou Art-lead-Bb#1]           PageRhythm.java:329  | About to process StackRhythm for MeasureStack#6
2026-05-10 17:40:24,303 DEBUG [How Great Thou Art-lead-Bb#1]          StackRhythm.java:221  | Setting expectedDuration=1 for stack on page 6
2026-05-10 17:40:24,305 DEBUG [How Great Thou Art-lead-Bb#1]           PageRhythm.java:331  | Finished processing StackRhythm for MeasureStack#6
2026-05-10 17:40:24,306 DEBUG [How Great Thou Art-lead-Bb#1]           PageRhythm.java:329  | About to process StackRhythm for MeasureStack#7
2026-05-10 17:40:24,306 DEBUG [How Great Thou Art-lead-Bb#1]          StackRhythm.java:221  | Setting expectedDuration=1 for stack on page 7
2026-05-10 17:40:24,308 INFO [How Great Thou Art-lead-Bb#1]          StackRhythm.java:226  | S3 MeasureStack#7 no correct rhythm
2026-05-10 17:40:24,309 DEBUG [How Great Thou Art-lead-Bb#1]           PageRhythm.java:331  | Finished processing StackRhythm for MeasureStack#7
2026-05-10 17:40:24,309 DEBUG [How Great Thou Art-lead-Bb#1]           PageRhythm.java:329  | About to process StackRhythm for MeasureStack#8
2026-05-10 17:40:24,309 DEBUG [How Great Thou Art-lead-Bb#1]          StackRhythm.java:221  | Setting expectedDuration=1 for stack on page 8
2026-05-10 17:40:24,310 DEBUG [How Great Thou Art-lead-Bb#1]           PageRhythm.java:331  | Finished processing StackRhythm for MeasureStack#8
2026-05-10 17:40:24,311 DEBUG [How Great Thou Art-lead-Bb#1]           PageRhythm.java:329  | About to process StackRhythm for MeasureStack#9
2026-05-10 17:40:24,311 DEBUG [How Great Thou Art-lead-Bb#1]          StackRhythm.java:221  | Setting expectedDuration=1 for stack on page 9
2026-05-10 17:40:24,313 DEBUG [How Great Thou Art-lead-Bb#1]           PageRhythm.java:331  | Finished processing StackRhythm for MeasureStack#9
2026-05-10 17:40:24,314 DEBUG [How Great Thou Art-lead-Bb#1]           PageRhythm.java:329  | About to process StackRhythm for MeasureStack#10
2026-05-10 17:40:24,314 DEBUG [How Great Thou Art-lead-Bb#1]          StackRhythm.java:221  | Setting expectedDuration=1 for stack on page 10
2026-05-10 17:40:24,315 DEBUG [How Great Thou Art-lead-Bb#1]           PageRhythm.java:331  | Finished processing StackRhythm for MeasureStack#10
2026-05-10 17:40:24,316 DEBUG [How Great Thou Art-lead-Bb#1]           PageRhythm.java:329  | About to process StackRhythm for MeasureStack#11
2026-05-10 17:40:24,316 DEBUG [How Great Thou Art-lead-Bb#1]          StackRhythm.java:221  | Setting expectedDuration=1 for stack on page 11
2026-05-10 17:40:24,318 DEBUG [How Great Thou Art-lead-Bb#1]           PageRhythm.java:331  | Finished processing StackRhythm for MeasureStack#11
2026-05-10 17:40:24,318 DEBUG [How Great Thou Art-lead-Bb#1]           PageRhythm.java:329  | About to process StackRhythm for MeasureStack#12
2026-05-10 17:40:24,319 DEBUG [How Great Thou Art-lead-Bb#1]          StackRhythm.java:221  | Setting expectedDuration=1 for stack on page 12
2026-05-10 17:40:24,320 DEBUG [How Great Thou Art-lead-Bb#1]           PageRhythm.java:331  | Finished processing StackRhythm for MeasureStack#12
2026-05-10 17:40:24,320 DEBUG [How Great Thou Art-lead-Bb#1]           PageRhythm.java:329  | About to process StackRhythm for MeasureStack#13
2026-05-10 17:40:24,320 DEBUG [How Great Thou Art-lead-Bb#1]          StackRhythm.java:221  | Setting expectedDuration=1 for stack on page 13
2026-05-10 17:40:24,321 DEBUG [How Great Thou Art-lead-Bb#1]           PageRhythm.java:331  | Finished processing StackRhythm for MeasureStack#13
2026-05-10 17:40:24,322 DEBUG [How Great Thou Art-lead-Bb#1]           PageRhythm.java:329  | About to process StackRhythm for MeasureStack#14
2026-05-10 17:40:24,322 DEBUG [How Great Thou Art-lead-Bb#1]          StackRhythm.java:221  | Setting expectedDuration=1 for stack on page 14
2026-05-10 17:40:24,324 DEBUG [How Great Thou Art-lead-Bb#1]           PageRhythm.java:331  | Finished processing StackRhythm for MeasureStack#14
2026-05-10 17:40:29,402 WARN [How Great Thou Art-lead-Bb#2]          TextBuilder.java:412  | Skipping TextLine with null bounds: TextLine{ "" conf:NaN}
2026-05-10 17:40:29,405 WARN [How Great Thou Art-lead-Bb#2]          TextBuilder.java:412  | Skipping TextLine with null bounds: TextLine{ "" conf:NaN}
2026-05-10 17:40:29,406 WARN [How Great Thou Art-lead-Bb#2]          TextBuilder.java:412  | Skipping TextLine with null bounds: TextLine{ "" conf:NaN}
2026-05-10 17:40:29,406 WARN [How Great Thou Art-lead-Bb#2]          TextBuilder.java:412  | Skipping TextLine with null bounds: TextLine{ "" conf:NaN}
2026-05-10 17:40:29,406 WARN [How Great Thou Art-lead-Bb#2]          TextBuilder.java:412  | Skipping TextLine with null bounds: TextLine{ "" conf:NaN}
2026-05-10 17:40:29,406 WARN [How Great Thou Art-lead-Bb#2]          TextBuilder.java:412  | Skipping TextLine with null bounds: TextLine{ "" conf:NaN}
2026-05-10 17:40:29,408 WARN [How Great Thou Art-lead-Bb#2]          TextBuilder.java:412  | Skipping TextLine with null bounds: TextLine{ "" conf:NaN}
2026-05-10 17:40:30,574 INFO [How Great Thou Art-lead-Bb#2]           PageRhythm.java:176  | {Page#2.1} Starting PageRhythm time signature check
2026-05-10 17:40:30,577 INFO [How Great Thou Art-lead-Bb#2]           PageRhythm.java:178  | {Page#2.1} Initial range state: Range{SN1-} → ts: null
2026-05-10 17:40:30,577 INFO [How Great Thou Art-lead-Bb#2]           PageRhythm.java:184  | {Page#2.1} Checking range: Range{SN1-}, ts: null
2026-05-10 17:40:30,578 INFO [How Great Thou Art-lead-Bb#2]           PageRhythm.java:207  | {Page#2.1} Time value reused from sheet#1
2026-05-10 17:40:30,578 INFO [How Great Thou Art-lead-Bb#2]           PageRhythm.java:277  | Last range: Range{SN1-3 tRat:4/4 dur:1}
2026-05-10 17:40:30,578 INFO [How Great Thou Art-lead-Bb#2]           PageRhythm.java:278  | lastRange.timeRational = 4/4
2026-05-10 17:40:30,578 INFO [How Great Thou Art-lead-Bb#2]           PageRhythm.java:279  | lastRange.ts = null
2026-05-10 17:40:30,579 DEBUG [How Great Thou Art-lead-Bb#2]           PageRhythm.java:121  | MeasureStack#1 frats: 2 [780, 587]
2026-05-10 17:40:30,579 DEBUG [How Great Thou Art-lead-Bb#2]           PageRhythm.java:121  | MeasureStack#2 frats: 0 []
2026-05-10 17:40:30,580 DEBUG [How Great Thou Art-lead-Bb#2]           PageRhythm.java:121  | MeasureStack#3 frats: 0 []
2026-05-10 17:40:30,580 DEBUG [How Great Thou Art-lead-Bb#2]           PageRhythm.java:325  | Starting Range{SN1-3 tRat:4/4 dur:1}
2026-05-10 17:40:30,580 DEBUG [How Great Thou Art-lead-Bb#2]           PageRhythm.java:329  | About to process StackRhythm for MeasureStack#1
2026-05-10 17:40:30,581 DEBUG [How Great Thou Art-lead-Bb#2]          StackRhythm.java:221  | Setting expectedDuration=1 for stack on page 1
2026-05-10 17:40:30,583 DEBUG [How Great Thou Art-lead-Bb#2]           PageRhythm.java:331  | Finished processing StackRhythm for MeasureStack#1
2026-05-10 17:40:30,583 DEBUG [How Great Thou Art-lead-Bb#2]           PageRhythm.java:329  | About to process StackRhythm for MeasureStack#2
2026-05-10 17:40:30,583 DEBUG [How Great Thou Art-lead-Bb#2]          StackRhythm.java:221  | Setting expectedDuration=1 for stack on page 2
2026-05-10 17:40:30,585 DEBUG [How Great Thou Art-lead-Bb#2]           PageRhythm.java:331  | Finished processing StackRhythm for MeasureStack#2
2026-05-10 17:40:30,585 DEBUG [How Great Thou Art-lead-Bb#2]           PageRhythm.java:329  | About to process StackRhythm for MeasureStack#3
2026-05-10 17:40:30,586 DEBUG [How Great Thou Art-lead-Bb#2]          StackRhythm.java:221  | Setting expectedDuration=1 for stack on page 3
2026-05-10 17:40:30,587 DEBUG [How Great Thou Art-lead-Bb#2]           PageRhythm.java:331  | Finished processing StackRhythm for MeasureStack#3
