2026-05-09 23:59:09,349 WARN [Hallowed_Be_Your_Name-lead-F#1]          TextBuilder.java:412  | Skipping TextLine with null bounds: TextLine{ "" conf:NaN}
2026-05-09 23:59:09,349 WARN [Hallowed_Be_Your_Name-lead-F#1]          TextBuilder.java:412  | Skipping TextLine with null bounds: TextLine{ "" conf:NaN}
2026-05-09 23:59:09,349 WARN [Hallowed_Be_Your_Name-lead-F#1]          TextBuilder.java:412  | Skipping TextLine with null bounds: TextLine{ "" conf:NaN}
2026-05-09 23:59:09,349 WARN [Hallowed_Be_Your_Name-lead-F#1]          TextBuilder.java:412  | Skipping TextLine with null bounds: TextLine{ "" conf:NaN}
2026-05-09 23:59:09,349 WARN [Hallowed_Be_Your_Name-lead-F#1]          TextBuilder.java:412  | Skipping TextLine with null bounds: TextLine{ "" conf:NaN}
2026-05-09 23:59:09,349 WARN [Hallowed_Be_Your_Name-lead-F#1]          TextBuilder.java:412  | Skipping TextLine with null bounds: TextLine{ "" conf:NaN}
2026-05-09 23:59:09,349 WARN [Hallowed_Be_Your_Name-lead-F#1]          TextBuilder.java:412  | Skipping TextLine with null bounds: TextLine{ "" conf:NaN}
2026-05-09 23:59:09,361 WARN [Hallowed_Be_Your_Name-lead-F#1]          TextBuilder.java:412  | Skipping TextLine with null bounds: TextLine{ "" conf:NaN}
2026-05-09 23:59:09,362 WARN [Hallowed_Be_Your_Name-lead-F#1]          TextBuilder.java:412  | Skipping TextLine with null bounds: TextLine{ "" conf:NaN}
2026-05-09 23:59:09,363 WARN [Hallowed_Be_Your_Name-lead-F#1]          TextBuilder.java:412  | Skipping TextLine with null bounds: TextLine{ "" conf:NaN}
2026-05-09 23:59:09,363 WARN [Hallowed_Be_Your_Name-lead-F#1]          TextBuilder.java:412  | Skipping TextLine with null bounds: TextLine{ "" conf:NaN}
2026-05-09 23:59:09,363 WARN [Hallowed_Be_Your_Name-lead-F#1]          TextBuilder.java:412  | Skipping TextLine with null bounds: TextLine{ "" conf:NaN}
2026-05-09 23:59:09,363 WARN [Hallowed_Be_Your_Name-lead-F#1]          TextBuilder.java:412  | Skipping TextLine with null bounds: TextLine{ "" conf:NaN}
2026-05-09 23:59:09,366 WARN [Hallowed_Be_Your_Name-lead-F#1]          TextBuilder.java:412  | Skipping TextLine with null bounds: TextLine{ "" conf:NaN}
2026-05-09 23:59:09,366 WARN [Hallowed_Be_Your_Name-lead-F#1]          TextBuilder.java:412  | Skipping TextLine with null bounds: TextLine{ "" conf:NaN}
2026-05-09 23:59:09,366 WARN [Hallowed_Be_Your_Name-lead-F#1]          TextBuilder.java:412  | Skipping TextLine with null bounds: TextLine{ "" conf:NaN}
2026-05-09 23:59:09,367 WARN [Hallowed_Be_Your_Name-lead-F#1]          TextBuilder.java:412  | Skipping TextLine with null bounds: TextLine{ "" conf:NaN}
2026-05-09 23:59:09,367 WARN [Hallowed_Be_Your_Name-lead-F#1]          TextBuilder.java:412  | Skipping TextLine with null bounds: TextLine{ "" conf:NaN}
2026-05-09 23:59:09,369 WARN [Hallowed_Be_Your_Name-lead-F#1]          TextBuilder.java:412  | Skipping TextLine with null bounds: TextLine{ "" conf:NaN}
2026-05-09 23:59:09,369 WARN [Hallowed_Be_Your_Name-lead-F#1]          TextBuilder.java:412  | Skipping TextLine with null bounds: TextLine{ "" conf:NaN}
2026-05-09 23:59:09,369 WARN [Hallowed_Be_Your_Name-lead-F#1]          TextBuilder.java:412  | Skipping TextLine with null bounds: TextLine{ "" conf:NaN}
2026-05-09 23:59:09,371 WARN [Hallowed_Be_Your_Name-lead-F#1]          TextBuilder.java:412  | Skipping TextLine with null bounds: TextLine{ "" conf:NaN}
2026-05-09 23:59:09,372 WARN [Hallowed_Be_Your_Name-lead-F#1]          TextBuilder.java:412  | Skipping TextLine with null bounds: TextLine{ "" conf:NaN}
2026-05-09 23:59:09,373 WARN [Hallowed_Be_Your_Name-lead-F#1]          TextBuilder.java:412  | Skipping TextLine with null bounds: TextLine{ "" conf:NaN}
2026-05-09 23:59:09,373 WARN [Hallowed_Be_Your_Name-lead-F#1]          TextBuilder.java:412  | Skipping TextLine with null bounds: TextLine{ "" conf:NaN}
2026-05-09 23:59:09,373 WARN [Hallowed_Be_Your_Name-lead-F#1]          TextBuilder.java:412  | Skipping TextLine with null bounds: TextLine{ "" conf:NaN}
2026-05-09 23:59:09,373 WARN [Hallowed_Be_Your_Name-lead-F#1]          TextBuilder.java:412  | Skipping TextLine with null bounds: TextLine{ "" conf:NaN}
2026-05-09 23:59:09,373 WARN [Hallowed_Be_Your_Name-lead-F#1]          TextBuilder.java:412  | Skipping TextLine with null bounds: TextLine{ "" conf:NaN}
2026-05-09 23:59:09,375 WARN [Hallowed_Be_Your_Name-lead-F#1]          TextBuilder.java:412  | Skipping TextLine with null bounds: TextLine{ "" conf:NaN}
2026-05-09 23:59:09,375 WARN [Hallowed_Be_Your_Name-lead-F#1]          TextBuilder.java:412  | Skipping TextLine with null bounds: TextLine{ "" conf:NaN}
2026-05-09 23:59:09,375 WARN [Hallowed_Be_Your_Name-lead-F#1]          TextBuilder.java:412  | Skipping TextLine with null bounds: TextLine{ "" conf:NaN}
2026-05-09 23:59:09,375 WARN [Hallowed_Be_Your_Name-lead-F#1]          TextBuilder.java:412  | Skipping TextLine with null bounds: TextLine{ "" conf:NaN}
2026-05-09 23:59:09,376 WARN [Hallowed_Be_Your_Name-lead-F#1]          TextBuilder.java:412  | Skipping TextLine with null bounds: TextLine{ "" conf:NaN}
2026-05-09 23:59:09,376 WARN [Hallowed_Be_Your_Name-lead-F#1]          TextBuilder.java:412  | Skipping TextLine with null bounds: TextLine{ "" conf:NaN}
2026-05-09 23:59:09,376 WARN [Hallowed_Be_Your_Name-lead-F#1]          TextBuilder.java:412  | Skipping TextLine with null bounds: TextLine{ "" conf:NaN}
2026-05-09 23:59:09,376 WARN [Hallowed_Be_Your_Name-lead-F#1]          TextBuilder.java:412  | Skipping TextLine with null bounds: TextLine{ "" conf:NaN}
2026-05-09 23:59:09,377 WARN [Hallowed_Be_Your_Name-lead-F#1]          TextBuilder.java:412  | Skipping TextLine with null bounds: TextLine{ "" conf:NaN}
2026-05-09 23:59:09,377 WARN [Hallowed_Be_Your_Name-lead-F#1]          TextBuilder.java:412  | Skipping TextLine with null bounds: TextLine{ "" conf:NaN}
2026-05-09 23:59:09,377 WARN [Hallowed_Be_Your_Name-lead-F#1]          TextBuilder.java:412  | Skipping TextLine with null bounds: TextLine{ "" conf:NaN}
2026-05-09 23:59:09,377 WARN [Hallowed_Be_Your_Name-lead-F#1]          TextBuilder.java:412  | Skipping TextLine with null bounds: TextLine{ "" conf:NaN}
2026-05-09 23:59:09,377 WARN [Hallowed_Be_Your_Name-lead-F#1]          TextBuilder.java:412  | Skipping TextLine with null bounds: TextLine{ "" conf:NaN}
2026-05-09 23:59:09,377 WARN [Hallowed_Be_Your_Name-lead-F#1]          TextBuilder.java:412  | Skipping TextLine with null bounds: TextLine{ "" conf:NaN}
2026-05-09 23:59:09,377 WARN [Hallowed_Be_Your_Name-lead-F#1]          TextBuilder.java:412  | Skipping TextLine with null bounds: TextLine{ "" conf:NaN}
2026-05-09 23:59:09,377 WARN [Hallowed_Be_Your_Name-lead-F#1]          TextBuilder.java:412  | Skipping TextLine with null bounds: TextLine{ "" conf:NaN}
2026-05-09 23:59:09,377 WARN [Hallowed_Be_Your_Name-lead-F#1]          TextBuilder.java:412  | Skipping TextLine with null bounds: TextLine{ "" conf:NaN}
2026-05-09 23:59:09,377 WARN [Hallowed_Be_Your_Name-lead-F#1]          TextBuilder.java:412  | Skipping TextLine with null bounds: TextLine{ "" conf:NaN}
2026-05-09 23:59:09,377 WARN [Hallowed_Be_Your_Name-lead-F#1]          TextBuilder.java:412  | Skipping TextLine with null bounds: TextLine{ "" conf:NaN}
2026-05-09 23:59:09,377 WARN [Hallowed_Be_Your_Name-lead-F#1]          TextBuilder.java:412  | Skipping TextLine with null bounds: TextLine{ "" conf:NaN}
2026-05-09 23:59:09,377 WARN [Hallowed_Be_Your_Name-lead-F#1]          TextBuilder.java:412  | Skipping TextLine with null bounds: TextLine{ "" conf:NaN}
2026-05-09 23:59:09,377 WARN [Hallowed_Be_Your_Name-lead-F#1]          TextBuilder.java:412  | Skipping TextLine with null bounds: TextLine{ "" conf:NaN}
2026-05-09 23:59:09,385 WARN [Hallowed_Be_Your_Name-lead-F#1]          TextBuilder.java:412  | Skipping TextLine with null bounds: TextLine{ "" conf:NaN}
2026-05-09 23:59:09,387 WARN [Hallowed_Be_Your_Name-lead-F#1]          TextBuilder.java:412  | Skipping TextLine with null bounds: TextLine{ "" conf:NaN}
2026-05-09 23:59:09,389 WARN [Hallowed_Be_Your_Name-lead-F#1]          TextBuilder.java:412  | Skipping TextLine with null bounds: TextLine{ "" conf:NaN}
2026-05-09 23:59:09,390 WARN [Hallowed_Be_Your_Name-lead-F#1]          TextBuilder.java:412  | Skipping TextLine with null bounds: TextLine{ "" conf:NaN}
2026-05-09 23:59:09,390 WARN [Hallowed_Be_Your_Name-lead-F#1]          TextBuilder.java:412  | Skipping TextLine with null bounds: TextLine{ "" conf:NaN}
2026-05-09 23:59:09,390 WARN [Hallowed_Be_Your_Name-lead-F#1]          TextBuilder.java:412  | Skipping TextLine with null bounds: TextLine{ "" conf:NaN}
2026-05-09 23:59:09,390 WARN [Hallowed_Be_Your_Name-lead-F#1]          TextBuilder.java:412  | Skipping TextLine with null bounds: TextLine{ "" conf:NaN}
2026-05-09 23:59:09,392 WARN [Hallowed_Be_Your_Name-lead-F#1]          TextBuilder.java:412  | Skipping TextLine with null bounds: TextLine{ "" conf:NaN}
2026-05-09 23:59:09,392 WARN [Hallowed_Be_Your_Name-lead-F#1]          TextBuilder.java:412  | Skipping TextLine with null bounds: TextLine{ "" conf:NaN}
2026-05-09 23:59:09,392 WARN [Hallowed_Be_Your_Name-lead-F#1]          TextBuilder.java:412  | Skipping TextLine with null bounds: TextLine{ "" conf:NaN}
2026-05-09 23:59:09,392 WARN [Hallowed_Be_Your_Name-lead-F#1]          TextBuilder.java:412  | Skipping TextLine with null bounds: TextLine{ "" conf:NaN}
2026-05-09 23:59:09,392 WARN [Hallowed_Be_Your_Name-lead-F#1]          TextBuilder.java:412  | Skipping TextLine with null bounds: TextLine{ "" conf:NaN}
2026-05-09 23:59:09,392 WARN [Hallowed_Be_Your_Name-lead-F#1]          TextBuilder.java:412  | Skipping TextLine with null bounds: TextLine{ "" conf:NaN}
2026-05-09 23:59:09,392 WARN [Hallowed_Be_Your_Name-lead-F#1]          TextBuilder.java:412  | Skipping TextLine with null bounds: TextLine{ "" conf:NaN}
2026-05-09 23:59:09,392 WARN [Hallowed_Be_Your_Name-lead-F#1]          TextBuilder.java:412  | Skipping TextLine with null bounds: TextLine{ "" conf:NaN}
2026-05-09 23:59:09,392 WARN [Hallowed_Be_Your_Name-lead-F#1]          TextBuilder.java:412  | Skipping TextLine with null bounds: TextLine{ "" conf:NaN}
2026-05-09 23:59:09,397 WARN [Hallowed_Be_Your_Name-lead-F#1]          TextBuilder.java:412  | Skipping TextLine with null bounds: TextLine{ "" conf:NaN}
2026-05-09 23:59:09,397 WARN [Hallowed_Be_Your_Name-lead-F#1]          TextBuilder.java:412  | Skipping TextLine with null bounds: TextLine{ "" conf:NaN}
2026-05-09 23:59:09,397 WARN [Hallowed_Be_Your_Name-lead-F#1]          TextBuilder.java:412  | Skipping TextLine with null bounds: TextLine{ "" conf:NaN}
2026-05-09 23:59:09,397 WARN [Hallowed_Be_Your_Name-lead-F#1]          TextBuilder.java:412  | Skipping TextLine with null bounds: TextLine{ "" conf:NaN}
2026-05-09 23:59:09,397 WARN [Hallowed_Be_Your_Name-lead-F#1]          TextBuilder.java:412  | Skipping TextLine with null bounds: TextLine{ "" conf:NaN}
2026-05-09 23:59:09,397 WARN [Hallowed_Be_Your_Name-lead-F#1]          TextBuilder.java:412  | Skipping TextLine with null bounds: TextLine{ "" conf:NaN}
2026-05-09 23:59:09,397 WARN [Hallowed_Be_Your_Name-lead-F#1]          TextBuilder.java:412  | Skipping TextLine with null bounds: TextLine{ "" conf:NaN}
2026-05-09 23:59:09,397 WARN [Hallowed_Be_Your_Name-lead-F#1]          TextBuilder.java:412  | Skipping TextLine with null bounds: TextLine{ "" conf:NaN}
2026-05-09 23:59:09,397 WARN [Hallowed_Be_Your_Name-lead-F#1]          TextBuilder.java:412  | Skipping TextLine with null bounds: TextLine{ "" conf:NaN}
2026-05-09 23:59:09,397 WARN [Hallowed_Be_Your_Name-lead-F#1]          TextBuilder.java:412  | Skipping TextLine with null bounds: TextLine{ "" conf:NaN}
2026-05-09 23:59:09,401 WARN [Hallowed_Be_Your_Name-lead-F#1]          TextBuilder.java:412  | Skipping TextLine with null bounds: TextLine{ "" conf:NaN}
2026-05-09 23:59:09,401 WARN [Hallowed_Be_Your_Name-lead-F#1]          TextBuilder.java:412  | Skipping TextLine with null bounds: TextLine{ "" conf:NaN}
2026-05-09 23:59:09,403 WARN [Hallowed_Be_Your_Name-lead-F#1]          TextBuilder.java:412  | Skipping TextLine with null bounds: TextLine{ "" conf:NaN}
2026-05-09 23:59:09,403 WARN [Hallowed_Be_Your_Name-lead-F#1]          TextBuilder.java:412  | Skipping TextLine with null bounds: TextLine{ "" conf:NaN}
2026-05-09 23:59:09,403 WARN [Hallowed_Be_Your_Name-lead-F#1]          TextBuilder.java:412  | Skipping TextLine with null bounds: TextLine{ "" conf:NaN}
2026-05-09 23:59:09,405 WARN [Hallowed_Be_Your_Name-lead-F#1]          TextBuilder.java:412  | Skipping TextLine with null bounds: TextLine{ "" conf:NaN}
2026-05-09 23:59:09,407 WARN [Hallowed_Be_Your_Name-lead-F#1]          TextBuilder.java:412  | Skipping TextLine with null bounds: TextLine{ "" conf:NaN}
2026-05-09 23:59:09,408 WARN [Hallowed_Be_Your_Name-lead-F#1]          TextBuilder.java:412  | Skipping TextLine with null bounds: TextLine{ "" conf:NaN}
2026-05-09 23:59:09,408 WARN [Hallowed_Be_Your_Name-lead-F#1]          TextBuilder.java:412  | Skipping TextLine with null bounds: TextLine{ "" conf:NaN}
2026-05-09 23:59:09,408 WARN [Hallowed_Be_Your_Name-lead-F#1]          TextBuilder.java:412  | Skipping TextLine with null bounds: TextLine{ "" conf:NaN}
2026-05-09 23:59:09,408 WARN [Hallowed_Be_Your_Name-lead-F#1]          TextBuilder.java:412  | Skipping TextLine with null bounds: TextLine{ "" conf:NaN}
2026-05-09 23:59:09,408 WARN [Hallowed_Be_Your_Name-lead-F#1]          TextBuilder.java:412  | Skipping TextLine with null bounds: TextLine{ "" conf:NaN}
2026-05-09 23:59:09,408 WARN [Hallowed_Be_Your_Name-lead-F#1]          TextBuilder.java:412  | Skipping TextLine with null bounds: TextLine{ "" conf:NaN}
2026-05-09 23:59:09,408 WARN [Hallowed_Be_Your_Name-lead-F#1]          TextBuilder.java:412  | Skipping TextLine with null bounds: TextLine{ "" conf:NaN}
2026-05-09 23:59:09,408 WARN [Hallowed_Be_Your_Name-lead-F#1]          TextBuilder.java:412  | Skipping TextLine with null bounds: TextLine{ "" conf:NaN}
2026-05-09 23:59:09,408 WARN [Hallowed_Be_Your_Name-lead-F#1]          TextBuilder.java:412  | Skipping TextLine with null bounds: TextLine{ "" conf:NaN}
2026-05-09 23:59:09,408 WARN [Hallowed_Be_Your_Name-lead-F#1]          TextBuilder.java:412  | Skipping TextLine with null bounds: TextLine{ "" conf:NaN}
2026-05-09 23:59:09,408 WARN [Hallowed_Be_Your_Name-lead-F#1]          TextBuilder.java:412  | Skipping TextLine with null bounds: TextLine{ "" conf:NaN}
2026-05-09 23:59:09,408 WARN [Hallowed_Be_Your_Name-lead-F#1]          TextBuilder.java:412  | Skipping TextLine with null bounds: TextLine{ "" conf:NaN}
2026-05-09 23:59:09,413 WARN [Hallowed_Be_Your_Name-lead-F#1]          TextBuilder.java:412  | Skipping TextLine with null bounds: TextLine{ "" conf:NaN}
2026-05-09 23:59:09,413 WARN [Hallowed_Be_Your_Name-lead-F#1]          TextBuilder.java:412  | Skipping TextLine with null bounds: TextLine{ "" conf:NaN}
2026-05-09 23:59:09,415 WARN [Hallowed_Be_Your_Name-lead-F#1]          TextBuilder.java:412  | Skipping TextLine with null bounds: TextLine{ "" conf:NaN}
2026-05-09 23:59:09,415 WARN [Hallowed_Be_Your_Name-lead-F#1]          TextBuilder.java:412  | Skipping TextLine with null bounds: TextLine{ "" conf:NaN}
2026-05-09 23:59:09,415 WARN [Hallowed_Be_Your_Name-lead-F#1]          TextBuilder.java:412  | Skipping TextLine with null bounds: TextLine{ "" conf:NaN}
2026-05-09 23:59:09,415 WARN [Hallowed_Be_Your_Name-lead-F#1]          TextBuilder.java:412  | Skipping TextLine with null bounds: TextLine{ "" conf:NaN}
2026-05-09 23:59:09,415 WARN [Hallowed_Be_Your_Name-lead-F#1]          TextBuilder.java:412  | Skipping TextLine with null bounds: TextLine{ "" conf:NaN}
2026-05-09 23:59:09,415 WARN [Hallowed_Be_Your_Name-lead-F#1]          TextBuilder.java:412  | Skipping TextLine with null bounds: TextLine{ "" conf:NaN}
2026-05-09 23:59:09,415 WARN [Hallowed_Be_Your_Name-lead-F#1]          TextBuilder.java:412  | Skipping TextLine with null bounds: TextLine{ "" conf:NaN}
2026-05-09 23:59:09,415 WARN [Hallowed_Be_Your_Name-lead-F#1]          TextBuilder.java:412  | Skipping TextLine with null bounds: TextLine{ "" conf:NaN}
2026-05-09 23:59:09,415 WARN [Hallowed_Be_Your_Name-lead-F#1]          TextBuilder.java:412  | Skipping TextLine with null bounds: TextLine{ "" conf:NaN}
2026-05-09 23:59:09,415 WARN [Hallowed_Be_Your_Name-lead-F#1]          TextBuilder.java:412  | Skipping TextLine with null bounds: TextLine{ "" conf:NaN}
2026-05-09 23:59:09,419 WARN [Hallowed_Be_Your_Name-lead-F#1]          TextBuilder.java:412  | Skipping TextLine with null bounds: TextLine{ "" conf:NaN}
2026-05-09 23:59:09,419 WARN [Hallowed_Be_Your_Name-lead-F#1]          TextBuilder.java:412  | Skipping TextLine with null bounds: TextLine{ "" conf:NaN}
2026-05-09 23:59:09,419 WARN [Hallowed_Be_Your_Name-lead-F#1]          TextBuilder.java:412  | Skipping TextLine with null bounds: TextLine{ "" conf:NaN}
2026-05-09 23:59:09,419 WARN [Hallowed_Be_Your_Name-lead-F#1]          TextBuilder.java:412  | Skipping TextLine with null bounds: TextLine{ "" conf:NaN}
2026-05-09 23:59:09,419 WARN [Hallowed_Be_Your_Name-lead-F#1]          TextBuilder.java:412  | Skipping TextLine with null bounds: TextLine{ "" conf:NaN}
2026-05-09 23:59:09,419 WARN [Hallowed_Be_Your_Name-lead-F#1]          TextBuilder.java:412  | Skipping TextLine with null bounds: TextLine{ "" conf:NaN}
2026-05-09 23:59:09,419 WARN [Hallowed_Be_Your_Name-lead-F#1]          TextBuilder.java:412  | Skipping TextLine with null bounds: TextLine{ "" conf:NaN}
2026-05-09 23:59:09,419 WARN [Hallowed_Be_Your_Name-lead-F#1]          TextBuilder.java:412  | Skipping TextLine with null bounds: TextLine{ "" conf:NaN}
2026-05-09 23:59:09,419 WARN [Hallowed_Be_Your_Name-lead-F#1]          TextBuilder.java:412  | Skipping TextLine with null bounds: TextLine{ "" conf:NaN}
2026-05-09 23:59:09,419 WARN [Hallowed_Be_Your_Name-lead-F#1]          TextBuilder.java:412  | Skipping TextLine with null bounds: TextLine{ "" conf:NaN}
2026-05-09 23:59:09,425 WARN [Hallowed_Be_Your_Name-lead-F#1]          TextBuilder.java:412  | Skipping TextLine with null bounds: TextLine{ "" conf:NaN}
2026-05-09 23:59:09,425 WARN [Hallowed_Be_Your_Name-lead-F#1]          TextBuilder.java:412  | Skipping TextLine with null bounds: TextLine{ "" conf:NaN}
2026-05-09 23:59:09,425 WARN [Hallowed_Be_Your_Name-lead-F#1]          TextBuilder.java:412  | Skipping TextLine with null bounds: TextLine{ "" conf:NaN}
2026-05-09 23:59:09,425 WARN [Hallowed_Be_Your_Name-lead-F#1]          TextBuilder.java:412  | Skipping TextLine with null bounds: TextLine{ "" conf:NaN}
2026-05-09 23:59:09,425 WARN [Hallowed_Be_Your_Name-lead-F#1]          TextBuilder.java:412  | Skipping TextLine with null bounds: TextLine{ "" conf:NaN}
2026-05-09 23:59:09,425 WARN [Hallowed_Be_Your_Name-lead-F#1]          TextBuilder.java:412  | Skipping TextLine with null bounds: TextLine{ "" conf:NaN}
2026-05-09 23:59:09,425 WARN [Hallowed_Be_Your_Name-lead-F#1]          TextBuilder.java:412  | Skipping TextLine with null bounds: TextLine{ "" conf:NaN}
2026-05-09 23:59:09,425 WARN [Hallowed_Be_Your_Name-lead-F#1]          TextBuilder.java:412  | Skipping TextLine with null bounds: TextLine{ "" conf:NaN}
2026-05-09 23:59:09,425 WARN [Hallowed_Be_Your_Name-lead-F#1]          TextBuilder.java:412  | Skipping TextLine with null bounds: TextLine{ "" conf:NaN}
2026-05-09 23:59:09,425 WARN [Hallowed_Be_Your_Name-lead-F#1]          TextBuilder.java:412  | Skipping TextLine with null bounds: TextLine{ "" conf:NaN}
2026-05-09 23:59:09,425 WARN [Hallowed_Be_Your_Name-lead-F#1]          TextBuilder.java:412  | Skipping TextLine with null bounds: TextLine{ "" conf:NaN}
2026-05-09 23:59:09,429 WARN [Hallowed_Be_Your_Name-lead-F#1]          TextBuilder.java:412  | Skipping TextLine with null bounds: TextLine{ "" conf:NaN}
2026-05-09 23:59:09,431 WARN [Hallowed_Be_Your_Name-lead-F#1]          TextBuilder.java:412  | Skipping TextLine with null bounds: TextLine{ "" conf:NaN}
2026-05-09 23:59:09,431 WARN [Hallowed_Be_Your_Name-lead-F#1]          TextBuilder.java:412  | Skipping TextLine with null bounds: TextLine{ "" conf:NaN}
2026-05-09 23:59:09,431 WARN [Hallowed_Be_Your_Name-lead-F#1]          TextBuilder.java:412  | Skipping TextLine with null bounds: TextLine{ "" conf:NaN}
2026-05-09 23:59:09,431 WARN [Hallowed_Be_Your_Name-lead-F#1]          TextBuilder.java:412  | Skipping TextLine with null bounds: TextLine{ "" conf:NaN}
2026-05-09 23:59:09,431 WARN [Hallowed_Be_Your_Name-lead-F#1]          TextBuilder.java:412  | Skipping TextLine with null bounds: TextLine{ "" conf:NaN}
2026-05-09 23:59:09,432 WARN [Hallowed_Be_Your_Name-lead-F#1]          TextBuilder.java:412  | Skipping TextLine with null bounds: TextLine{ "" conf:NaN}
2026-05-09 23:59:09,433 WARN [Hallowed_Be_Your_Name-lead-F#1]          TextBuilder.java:412  | Skipping TextLine with null bounds: TextLine{ "" conf:NaN}
2026-05-09 23:59:09,433 WARN [Hallowed_Be_Your_Name-lead-F#1]          TextBuilder.java:412  | Skipping TextLine with null bounds: TextLine{ "" conf:NaN}
2026-05-09 23:59:09,434 WARN [Hallowed_Be_Your_Name-lead-F#1]          TextBuilder.java:412  | Skipping TextLine with null bounds: TextLine{ "" conf:NaN}
2026-05-09 23:59:09,436 WARN [Hallowed_Be_Your_Name-lead-F#1]          TextBuilder.java:412  | Skipping TextLine with null bounds: TextLine{ "" conf:NaN}
2026-05-09 23:59:09,436 WARN [Hallowed_Be_Your_Name-lead-F#1]          TextBuilder.java:412  | Skipping TextLine with null bounds: TextLine{ "" conf:NaN}
2026-05-09 23:59:09,437 WARN [Hallowed_Be_Your_Name-lead-F#1]          TextBuilder.java:412  | Skipping TextLine with null bounds: TextLine{ "" conf:NaN}
2026-05-09 23:59:09,437 WARN [Hallowed_Be_Your_Name-lead-F#1]          TextBuilder.java:412  | Skipping TextLine with null bounds: TextLine{ "" conf:NaN}
2026-05-09 23:59:09,437 WARN [Hallowed_Be_Your_Name-lead-F#1]          TextBuilder.java:412  | Skipping TextLine with null bounds: TextLine{ "" conf:NaN}
2026-05-09 23:59:09,437 WARN [Hallowed_Be_Your_Name-lead-F#1]          TextBuilder.java:412  | Skipping TextLine with null bounds: TextLine{ "" conf:NaN}
2026-05-09 23:59:09,437 WARN [Hallowed_Be_Your_Name-lead-F#1]          TextBuilder.java:412  | Skipping TextLine with null bounds: TextLine{ "" conf:NaN}
2026-05-09 23:59:09,437 WARN [Hallowed_Be_Your_Name-lead-F#1]          TextBuilder.java:412  | Skipping TextLine with null bounds: TextLine{ "" conf:NaN}
2026-05-09 23:59:09,437 WARN [Hallowed_Be_Your_Name-lead-F#1]          TextBuilder.java:412  | Skipping TextLine with null bounds: TextLine{ "" conf:NaN}
2026-05-09 23:59:09,441 WARN [Hallowed_Be_Your_Name-lead-F#1]          TextBuilder.java:412  | Skipping TextLine with null bounds: TextLine{ "" conf:NaN}
2026-05-09 23:59:09,441 WARN [Hallowed_Be_Your_Name-lead-F#1]          TextBuilder.java:412  | Skipping TextLine with null bounds: TextLine{ "" conf:NaN}
2026-05-09 23:59:09,442 WARN [Hallowed_Be_Your_Name-lead-F#1]          TextBuilder.java:412  | Skipping TextLine with null bounds: TextLine{ "" conf:NaN}
2026-05-09 23:59:09,442 WARN [Hallowed_Be_Your_Name-lead-F#1]          TextBuilder.java:412  | Skipping TextLine with null bounds: TextLine{ "" conf:NaN}
2026-05-09 23:59:09,443 WARN [Hallowed_Be_Your_Name-lead-F#1]          TextBuilder.java:412  | Skipping TextLine with null bounds: TextLine{ "" conf:NaN}
2026-05-09 23:59:09,444 WARN [Hallowed_Be_Your_Name-lead-F#1]          TextBuilder.java:412  | Skipping TextLine with null bounds: TextLine{ "" conf:NaN}
2026-05-09 23:59:09,444 WARN [Hallowed_Be_Your_Name-lead-F#1]          TextBuilder.java:412  | Skipping TextLine with null bounds: TextLine{ "" conf:NaN}
2026-05-09 23:59:09,444 WARN [Hallowed_Be_Your_Name-lead-F#1]          TextBuilder.java:412  | Skipping TextLine with null bounds: TextLine{ "" conf:NaN}
2026-05-09 23:59:09,444 WARN [Hallowed_Be_Your_Name-lead-F#1]          TextBuilder.java:412  | Skipping TextLine with null bounds: TextLine{ "" conf:NaN}
2026-05-09 23:59:09,447 WARN [Hallowed_Be_Your_Name-lead-F#1]          TextBuilder.java:412  | Skipping TextLine with null bounds: TextLine{ "" conf:NaN}
2026-05-09 23:59:09,447 WARN [Hallowed_Be_Your_Name-lead-F#1]          TextBuilder.java:412  | Skipping TextLine with null bounds: TextLine{ "" conf:NaN}
2026-05-09 23:59:09,447 WARN [Hallowed_Be_Your_Name-lead-F#1]          TextBuilder.java:412  | Skipping TextLine with null bounds: TextLine{ "" conf:NaN}
2026-05-09 23:59:09,447 WARN [Hallowed_Be_Your_Name-lead-F#1]          TextBuilder.java:412  | Skipping TextLine with null bounds: TextLine{ "" conf:NaN}
2026-05-09 23:59:09,447 WARN [Hallowed_Be_Your_Name-lead-F#1]          TextBuilder.java:412  | Skipping TextLine with null bounds: TextLine{ "" conf:NaN}
2026-05-09 23:59:09,447 WARN [Hallowed_Be_Your_Name-lead-F#1]          TextBuilder.java:412  | Skipping TextLine with null bounds: TextLine{ "" conf:NaN}
2026-05-09 23:59:09,451 WARN [Hallowed_Be_Your_Name-lead-F#1]          TextBuilder.java:412  | Skipping TextLine with null bounds: TextLine{ "" conf:NaN}
2026-05-09 23:59:09,452 WARN [Hallowed_Be_Your_Name-lead-F#1]          TextBuilder.java:412  | Skipping TextLine with null bounds: TextLine{ "" conf:NaN}
2026-05-09 23:59:09,452 WARN [Hallowed_Be_Your_Name-lead-F#1]          TextBuilder.java:412  | Skipping TextLine with null bounds: TextLine{ "" conf:NaN}
2026-05-09 23:59:09,454 WARN [Hallowed_Be_Your_Name-lead-F#1]          TextBuilder.java:412  | Skipping TextLine with null bounds: TextLine{ "" conf:NaN}
2026-05-09 23:59:09,454 WARN [Hallowed_Be_Your_Name-lead-F#1]          TextBuilder.java:412  | Skipping TextLine with null bounds: TextLine{ "" conf:NaN}
2026-05-09 23:59:09,454 WARN [Hallowed_Be_Your_Name-lead-F#1]          TextBuilder.java:412  | Skipping TextLine with null bounds: TextLine{ "" conf:NaN}
2026-05-09 23:59:09,454 WARN [Hallowed_Be_Your_Name-lead-F#1]          TextBuilder.java:412  | Skipping TextLine with null bounds: TextLine{ "" conf:NaN}
2026-05-09 23:59:09,454 WARN [Hallowed_Be_Your_Name-lead-F#1]          TextBuilder.java:412  | Skipping TextLine with null bounds: TextLine{ "" conf:NaN}
2026-05-09 23:59:09,454 WARN [Hallowed_Be_Your_Name-lead-F#1]          TextBuilder.java:412  | Skipping TextLine with null bounds: TextLine{ "" conf:NaN}
2026-05-09 23:59:09,454 WARN [Hallowed_Be_Your_Name-lead-F#1]          TextBuilder.java:412  | Skipping TextLine with null bounds: TextLine{ "" conf:NaN}
2026-05-09 23:59:09,454 WARN [Hallowed_Be_Your_Name-lead-F#1]          TextBuilder.java:412  | Skipping TextLine with null bounds: TextLine{ "" conf:NaN}
2026-05-09 23:59:09,454 WARN [Hallowed_Be_Your_Name-lead-F#1]          TextBuilder.java:412  | Skipping TextLine with null bounds: TextLine{ "" conf:NaN}
2026-05-09 23:59:09,454 WARN [Hallowed_Be_Your_Name-lead-F#1]          TextBuilder.java:412  | Skipping TextLine with null bounds: TextLine{ "" conf:NaN}
2026-05-09 23:59:09,454 WARN [Hallowed_Be_Your_Name-lead-F#1]          TextBuilder.java:412  | Skipping TextLine with null bounds: TextLine{ "" conf:NaN}
2026-05-09 23:59:09,454 WARN [Hallowed_Be_Your_Name-lead-F#1]          TextBuilder.java:412  | Skipping TextLine with null bounds: TextLine{ "" conf:NaN}
2026-05-09 23:59:09,457 WARN [Hallowed_Be_Your_Name-lead-F#1]          TextBuilder.java:412  | Skipping TextLine with null bounds: TextLine{ "" conf:NaN}
2026-05-09 23:59:09,457 WARN [Hallowed_Be_Your_Name-lead-F#1]          TextBuilder.java:412  | Skipping TextLine with null bounds: TextLine{ "" conf:NaN}
2026-05-09 23:59:09,457 WARN [Hallowed_Be_Your_Name-lead-F#1]          TextBuilder.java:412  | Skipping TextLine with null bounds: TextLine{ "" conf:NaN}
2026-05-09 23:59:09,458 WARN [Hallowed_Be_Your_Name-lead-F#1]          TextBuilder.java:412  | Skipping TextLine with null bounds: TextLine{ "" conf:NaN}
2026-05-09 23:59:09,458 WARN [Hallowed_Be_Your_Name-lead-F#1]          TextBuilder.java:412  | Skipping TextLine with null bounds: TextLine{ "" conf:NaN}
2026-05-09 23:59:09,458 WARN [Hallowed_Be_Your_Name-lead-F#1]          TextBuilder.java:412  | Skipping TextLine with null bounds: TextLine{ "" conf:NaN}
2026-05-09 23:59:09,458 WARN [Hallowed_Be_Your_Name-lead-F#1]          TextBuilder.java:412  | Skipping TextLine with null bounds: TextLine{ "" conf:NaN}
2026-05-09 23:59:09,458 WARN [Hallowed_Be_Your_Name-lead-F#1]          TextBuilder.java:412  | Skipping TextLine with null bounds: TextLine{ "" conf:NaN}
2026-05-09 23:59:09,458 WARN [Hallowed_Be_Your_Name-lead-F#1]          TextBuilder.java:412  | Skipping TextLine with null bounds: TextLine{ "" conf:NaN}
2026-05-09 23:59:09,458 WARN [Hallowed_Be_Your_Name-lead-F#1]          TextBuilder.java:412  | Skipping TextLine with null bounds: TextLine{ "" conf:NaN}
2026-05-09 23:59:09,458 WARN [Hallowed_Be_Your_Name-lead-F#1]          TextBuilder.java:412  | Skipping TextLine with null bounds: TextLine{ "" conf:NaN}
2026-05-09 23:59:09,458 WARN [Hallowed_Be_Your_Name-lead-F#1]          TextBuilder.java:412  | Skipping TextLine with null bounds: TextLine{ "" conf:NaN}
2026-05-09 23:59:09,459 WARN [Hallowed_Be_Your_Name-lead-F#1]          TextBuilder.java:412  | Skipping TextLine with null bounds: TextLine{ "" conf:NaN}
2026-05-09 23:59:09,459 WARN [Hallowed_Be_Your_Name-lead-F#1]          TextBuilder.java:412  | Skipping TextLine with null bounds: TextLine{ "" conf:NaN}
2026-05-09 23:59:09,459 WARN [Hallowed_Be_Your_Name-lead-F#1]          TextBuilder.java:412  | Skipping TextLine with null bounds: TextLine{ "" conf:NaN}
2026-05-09 23:59:09,459 WARN [Hallowed_Be_Your_Name-lead-F#1]          TextBuilder.java:412  | Skipping TextLine with null bounds: TextLine{ "" conf:NaN}
2026-05-09 23:59:09,459 WARN [Hallowed_Be_Your_Name-lead-F#1]          TextBuilder.java:412  | Skipping TextLine with null bounds: TextLine{ "" conf:NaN}
2026-05-09 23:59:09,459 WARN [Hallowed_Be_Your_Name-lead-F#1]          TextBuilder.java:412  | Skipping TextLine with null bounds: TextLine{ "" conf:NaN}
2026-05-09 23:59:09,459 WARN [Hallowed_Be_Your_Name-lead-F#1]          TextBuilder.java:412  | Skipping TextLine with null bounds: TextLine{ "" conf:NaN}
2026-05-09 23:59:09,459 WARN [Hallowed_Be_Your_Name-lead-F#1]          TextBuilder.java:412  | Skipping TextLine with null bounds: TextLine{ "" conf:NaN}
2026-05-09 23:59:09,459 WARN [Hallowed_Be_Your_Name-lead-F#1]          TextBuilder.java:412  | Skipping TextLine with null bounds: TextLine{ "" conf:NaN}
2026-05-09 23:59:09,459 WARN [Hallowed_Be_Your_Name-lead-F#1]          TextBuilder.java:412  | Skipping TextLine with null bounds: TextLine{ "" conf:NaN}
2026-05-09 23:59:09,459 WARN [Hallowed_Be_Your_Name-lead-F#1]          TextBuilder.java:412  | Skipping TextLine with null bounds: TextLine{ "" conf:NaN}
2026-05-09 23:59:09,459 WARN [Hallowed_Be_Your_Name-lead-F#1]          TextBuilder.java:412  | Skipping TextLine with null bounds: TextLine{ "" conf:NaN}
2026-05-09 23:59:09,459 WARN [Hallowed_Be_Your_Name-lead-F#1]          TextBuilder.java:412  | Skipping TextLine with null bounds: TextLine{ "" conf:NaN}
2026-05-09 23:59:09,459 WARN [Hallowed_Be_Your_Name-lead-F#1]          TextBuilder.java:412  | Skipping TextLine with null bounds: TextLine{ "" conf:NaN}
2026-05-09 23:59:09,459 WARN [Hallowed_Be_Your_Name-lead-F#1]          TextBuilder.java:412  | Skipping TextLine with null bounds: TextLine{ "" conf:NaN}
2026-05-09 23:59:09,459 WARN [Hallowed_Be_Your_Name-lead-F#1]          TextBuilder.java:412  | Skipping TextLine with null bounds: TextLine{ "" conf:NaN}
2026-05-09 23:59:09,459 WARN [Hallowed_Be_Your_Name-lead-F#1]          TextBuilder.java:412  | Skipping TextLine with null bounds: TextLine{ "" conf:NaN}
2026-05-09 23:59:09,459 WARN [Hallowed_Be_Your_Name-lead-F#1]          TextBuilder.java:412  | Skipping TextLine with null bounds: TextLine{ "" conf:NaN}
2026-05-09 23:59:09,459 WARN [Hallowed_Be_Your_Name-lead-F#1]          TextBuilder.java:412  | Skipping TextLine with null bounds: TextLine{ "" conf:NaN}
2026-05-09 23:59:09,459 WARN [Hallowed_Be_Your_Name-lead-F#1]          TextBuilder.java:412  | Skipping TextLine with null bounds: TextLine{ "" conf:NaN}
2026-05-09 23:59:09,465 WARN [Hallowed_Be_Your_Name-lead-F#1]          TextBuilder.java:412  | Skipping TextLine with null bounds: TextLine{ "" conf:NaN}
2026-05-09 23:59:09,466 WARN [Hallowed_Be_Your_Name-lead-F#1]          TextBuilder.java:412  | Skipping TextLine with null bounds: TextLine{ "" conf:NaN}
2026-05-09 23:59:09,466 WARN [Hallowed_Be_Your_Name-lead-F#1]          TextBuilder.java:412  | Skipping TextLine with null bounds: TextLine{ "" conf:NaN}
2026-05-09 23:59:09,466 WARN [Hallowed_Be_Your_Name-lead-F#1]          TextBuilder.java:412  | Skipping TextLine with null bounds: TextLine{ "" conf:NaN}
2026-05-09 23:59:09,466 WARN [Hallowed_Be_Your_Name-lead-F#1]          TextBuilder.java:412  | Skipping TextLine with null bounds: TextLine{ "" conf:NaN}
2026-05-09 23:59:09,466 WARN [Hallowed_Be_Your_Name-lead-F#1]          TextBuilder.java:412  | Skipping TextLine with null bounds: TextLine{ "" conf:NaN}
2026-05-09 23:59:09,466 WARN [Hallowed_Be_Your_Name-lead-F#1]          TextBuilder.java:412  | Skipping TextLine with null bounds: TextLine{ "" conf:NaN}
2026-05-09 23:59:09,466 WARN [Hallowed_Be_Your_Name-lead-F#1]          TextBuilder.java:412  | Skipping TextLine with null bounds: TextLine{ "" conf:NaN}
2026-05-09 23:59:09,471 WARN [Hallowed_Be_Your_Name-lead-F#1]          TextBuilder.java:412  | Skipping TextLine with null bounds: TextLine{ "" conf:NaN}
2026-05-09 23:59:09,471 WARN [Hallowed_Be_Your_Name-lead-F#1]          TextBuilder.java:412  | Skipping TextLine with null bounds: TextLine{ "" conf:NaN}
2026-05-09 23:59:09,471 WARN [Hallowed_Be_Your_Name-lead-F#1]          TextBuilder.java:412  | Skipping TextLine with null bounds: TextLine{ "" conf:NaN}
2026-05-09 23:59:09,471 WARN [Hallowed_Be_Your_Name-lead-F#1]          TextBuilder.java:412  | Skipping TextLine with null bounds: TextLine{ "" conf:NaN}
2026-05-09 23:59:09,471 WARN [Hallowed_Be_Your_Name-lead-F#1]          TextBuilder.java:412  | Skipping TextLine with null bounds: TextLine{ "" conf:NaN}
2026-05-09 23:59:09,474 WARN [Hallowed_Be_Your_Name-lead-F#1]          TextBuilder.java:412  | Skipping TextLine with null bounds: TextLine{ "" conf:NaN}
2026-05-09 23:59:09,474 WARN [Hallowed_Be_Your_Name-lead-F#1]          TextBuilder.java:412  | Skipping TextLine with null bounds: TextLine{ "" conf:NaN}
2026-05-09 23:59:09,474 WARN [Hallowed_Be_Your_Name-lead-F#1]          TextBuilder.java:412  | Skipping TextLine with null bounds: TextLine{ "" conf:NaN}
2026-05-09 23:59:09,474 WARN [Hallowed_Be_Your_Name-lead-F#1]          TextBuilder.java:412  | Skipping TextLine with null bounds: TextLine{ "" conf:NaN}
2026-05-09 23:59:09,476 WARN [Hallowed_Be_Your_Name-lead-F#1]          TextBuilder.java:412  | Skipping TextLine with null bounds: TextLine{ "" conf:NaN}
2026-05-09 23:59:09,476 WARN [Hallowed_Be_Your_Name-lead-F#1]          TextBuilder.java:412  | Skipping TextLine with null bounds: TextLine{ "" conf:NaN}
2026-05-09 23:59:09,476 WARN [Hallowed_Be_Your_Name-lead-F#1]          TextBuilder.java:412  | Skipping TextLine with null bounds: TextLine{ "" conf:NaN}
2026-05-09 23:59:09,477 WARN [Hallowed_Be_Your_Name-lead-F#1]          TextBuilder.java:412  | Skipping TextLine with null bounds: TextLine{ "" conf:NaN}
2026-05-09 23:59:09,477 WARN [Hallowed_Be_Your_Name-lead-F#1]          TextBuilder.java:412  | Skipping TextLine with null bounds: TextLine{ "" conf:NaN}
2026-05-09 23:59:09,477 WARN [Hallowed_Be_Your_Name-lead-F#1]          TextBuilder.java:412  | Skipping TextLine with null bounds: TextLine{ "" conf:NaN}
2026-05-09 23:59:09,477 WARN [Hallowed_Be_Your_Name-lead-F#1]          TextBuilder.java:412  | Skipping TextLine with null bounds: TextLine{ "" conf:NaN}
2026-05-09 23:59:09,477 WARN [Hallowed_Be_Your_Name-lead-F#1]          TextBuilder.java:412  | Skipping TextLine with null bounds: TextLine{ "" conf:NaN}
2026-05-09 23:59:09,477 WARN [Hallowed_Be_Your_Name-lead-F#1]          TextBuilder.java:412  | Skipping TextLine with null bounds: TextLine{ "" conf:NaN}
2026-05-09 23:59:09,477 WARN [Hallowed_Be_Your_Name-lead-F#1]          TextBuilder.java:412  | Skipping TextLine with null bounds: TextLine{ "" conf:NaN}
2026-05-09 23:59:09,477 WARN [Hallowed_Be_Your_Name-lead-F#1]          TextBuilder.java:412  | Skipping TextLine with null bounds: TextLine{ "" conf:NaN}
2026-05-09 23:59:09,477 WARN [Hallowed_Be_Your_Name-lead-F#1]          TextBuilder.java:412  | Skipping TextLine with null bounds: TextLine{ "" conf:NaN}
2026-05-09 23:59:09,477 WARN [Hallowed_Be_Your_Name-lead-F#1]          TextBuilder.java:412  | Skipping TextLine with null bounds: TextLine{ "" conf:NaN}
2026-05-09 23:59:09,477 WARN [Hallowed_Be_Your_Name-lead-F#1]          TextBuilder.java:412  | Skipping TextLine with null bounds: TextLine{ "" conf:NaN}
2026-05-09 23:59:09,477 WARN [Hallowed_Be_Your_Name-lead-F#1]          TextBuilder.java:412  | Skipping TextLine with null bounds: TextLine{ "" conf:NaN}
2026-05-09 23:59:09,477 WARN [Hallowed_Be_Your_Name-lead-F#1]          TextBuilder.java:412  | Skipping TextLine with null bounds: TextLine{ "" conf:NaN}
2026-05-09 23:59:09,481 WARN [Hallowed_Be_Your_Name-lead-F#1]          TextBuilder.java:412  | Skipping TextLine with null bounds: TextLine{ "" conf:NaN}
2026-05-09 23:59:09,481 WARN [Hallowed_Be_Your_Name-lead-F#1]          TextBuilder.java:412  | Skipping TextLine with null bounds: TextLine{ "" conf:NaN}
2026-05-09 23:59:09,481 WARN [Hallowed_Be_Your_Name-lead-F#1]          TextBuilder.java:412  | Skipping TextLine with null bounds: TextLine{ "" conf:NaN}
2026-05-09 23:59:09,482 WARN [Hallowed_Be_Your_Name-lead-F#1]          TextBuilder.java:412  | Skipping TextLine with null bounds: TextLine{ "" conf:NaN}
2026-05-09 23:59:14,953 INFO [Hallowed_Be_Your_Name-lead-F#1]           PageRhythm.java:176  | {Page#1.1} Starting PageRhythm time signature check
2026-05-09 23:59:14,953 INFO [Hallowed_Be_Your_Name-lead-F#1]           PageRhythm.java:178  | {Page#1.1} Initial range state: Range{SN1- tSig:6/8} → ts: TimePairInter#154{ FROZEN(0.952/0.952) staff:1 6/8}
2026-05-09 23:59:14,959 INFO [Hallowed_Be_Your_Name-lead-F#1]           PageRhythm.java:184  | {Page#1.1} Checking range: Range{SN1- tSig:6/8}, ts: TimePairInter#154{ FROZEN(0.952/0.952) staff:1 6/8}
2026-05-09 23:59:14,960 INFO [Hallowed_Be_Your_Name-lead-F#1]           PageRhythm.java:277  | Last range: Range{SN1-34 tSig:6/8 dur:3/4}
2026-05-09 23:59:14,960 INFO [Hallowed_Be_Your_Name-lead-F#1]           PageRhythm.java:278  | lastRange.timeRational = 6/8
2026-05-09 23:59:14,960 INFO [Hallowed_Be_Your_Name-lead-F#1]           PageRhythm.java:279  | lastRange.ts = TimePairInter#154{ FROZEN(0.952/0.952) staff:1 6/8}
2026-05-09 23:59:14,960 DEBUG [Hallowed_Be_Your_Name-lead-F#1]           PageRhythm.java:121  | MeasureStack#1 frats: 0 []
2026-05-09 23:59:14,960 DEBUG [Hallowed_Be_Your_Name-lead-F#1]           PageRhythm.java:121  | MeasureStack#2 frats: 3 [7823, 7828, 7829]
2026-05-09 23:59:14,960 DEBUG [Hallowed_Be_Your_Name-lead-F#1]           PageRhythm.java:121  | MeasureStack#3 frats: 1 [7291]
2026-05-09 23:59:14,960 DEBUG [Hallowed_Be_Your_Name-lead-F#1]           PageRhythm.java:121  | MeasureStack#4 frats: 2 [7830, 7831]
2026-05-09 23:59:14,960 DEBUG [Hallowed_Be_Your_Name-lead-F#1]           PageRhythm.java:121  | MeasureStack#5 frats: 0 []
2026-05-09 23:59:14,960 DEBUG [Hallowed_Be_Your_Name-lead-F#1]           PageRhythm.java:121  | MeasureStack#6 frats: 2 [7832, 7833]
2026-05-09 23:59:14,960 DEBUG [Hallowed_Be_Your_Name-lead-F#1]           PageRhythm.java:121  | MeasureStack#7 frats: 2 [8303, 8304]
2026-05-09 23:59:14,960 DEBUG [Hallowed_Be_Your_Name-lead-F#1]           PageRhythm.java:121  | MeasureStack#8 frats: 1 [8305]
2026-05-09 23:59:14,960 DEBUG [Hallowed_Be_Your_Name-lead-F#1]           PageRhythm.java:121  | MeasureStack#9 frats: 1 [8300]
2026-05-09 23:59:14,960 DEBUG [Hallowed_Be_Your_Name-lead-F#1]           PageRhythm.java:121  | MeasureStack#10 frats: 2 [8306, 8307]
2026-05-09 23:59:14,960 DEBUG [Hallowed_Be_Your_Name-lead-F#1]           PageRhythm.java:121  | MeasureStack#11 frats: 2 [8301, 8138]
2026-05-09 23:59:14,960 DEBUG [Hallowed_Be_Your_Name-lead-F#1]           PageRhythm.java:121  | MeasureStack#12 frats: 2 [8308, 8309]
2026-05-09 23:59:14,960 DEBUG [Hallowed_Be_Your_Name-lead-F#1]           PageRhythm.java:121  | MeasureStack#13 frats: 2 [8302, 8246]
2026-05-09 23:59:14,960 DEBUG [Hallowed_Be_Your_Name-lead-F#1]           PageRhythm.java:121  | MeasureStack#14 frats: 2 [8652, 8653]
2026-05-09 23:59:14,960 DEBUG [Hallowed_Be_Your_Name-lead-F#1]           PageRhythm.java:121  | MeasureStack#15 frats: 2 [8654, 8655]
2026-05-09 23:59:14,960 DEBUG [Hallowed_Be_Your_Name-lead-F#1]           PageRhythm.java:121  | MeasureStack#16 frats: 3 [8656, 8646, 8657]
2026-05-09 23:59:14,960 DEBUG [Hallowed_Be_Your_Name-lead-F#1]           PageRhythm.java:121  | MeasureStack#17 frats: 1 [8647]
2026-05-09 23:59:14,960 DEBUG [Hallowed_Be_Your_Name-lead-F#1]           PageRhythm.java:121  | MeasureStack#18 frats: 1 [8648]
2026-05-09 23:59:14,960 DEBUG [Hallowed_Be_Your_Name-lead-F#1]           PageRhythm.java:121  | MeasureStack#19 frats: 1 [8650]
2026-05-09 23:59:14,960 DEBUG [Hallowed_Be_Your_Name-lead-F#1]           PageRhythm.java:121  | MeasureStack#20 frats: 1 [8950]
2026-05-09 23:59:14,968 DEBUG [Hallowed_Be_Your_Name-lead-F#1]           PageRhythm.java:121  | MeasureStack#21 frats: 2 [8951, 8952]
2026-05-09 23:59:14,968 DEBUG [Hallowed_Be_Your_Name-lead-F#1]           PageRhythm.java:121  | MeasureStack#22 frats: 2 [8954, 8877]
2026-05-09 23:59:14,968 DEBUG [Hallowed_Be_Your_Name-lead-F#1]           PageRhythm.java:121  | MeasureStack#23 frats: 1 [8956]
2026-05-09 23:59:14,968 DEBUG [Hallowed_Be_Your_Name-lead-F#1]           PageRhythm.java:121  | MeasureStack#24 frats: 2 [9223, 9226]
2026-05-09 23:59:14,968 DEBUG [Hallowed_Be_Your_Name-lead-F#1]           PageRhythm.java:121  | MeasureStack#25 frats: 1 [9227]
2026-05-09 23:59:14,968 DEBUG [Hallowed_Be_Your_Name-lead-F#1]           PageRhythm.java:121  | MeasureStack#26 frats: 2 [9224, 9228]
2026-05-09 23:59:14,968 DEBUG [Hallowed_Be_Your_Name-lead-F#1]           PageRhythm.java:121  | MeasureStack#27 frats: 2 [9229, 9230]
2026-05-09 23:59:14,968 DEBUG [Hallowed_Be_Your_Name-lead-F#1]           PageRhythm.java:121  | MeasureStack#28 frats: 4 [9225, 9231, 9190, 9197]
2026-05-09 23:59:14,968 DEBUG [Hallowed_Be_Your_Name-lead-F#1]           PageRhythm.java:121  | MeasureStack#29 frats: 2 [9232, 9233]
2026-05-09 23:59:14,968 DEBUG [Hallowed_Be_Your_Name-lead-F#1]           PageRhythm.java:121  | MeasureStack#30 frats: 2 [9536, 9268]
2026-05-09 23:59:14,968 DEBUG [Hallowed_Be_Your_Name-lead-F#1]           PageRhythm.java:121  | MeasureStack#31 frats: 2 [9288, 9537]
2026-05-09 23:59:14,973 DEBUG [Hallowed_Be_Your_Name-lead-F#1]           PageRhythm.java:121  | MeasureStack#32 frats: 3 [9538, 9533, 9539]
2026-05-09 23:59:14,973 DEBUG [Hallowed_Be_Your_Name-lead-F#1]           PageRhythm.java:121  | MeasureStack#33 frats: 2 [9534, 9540]
2026-05-09 23:59:14,973 DEBUG [Hallowed_Be_Your_Name-lead-F#1]           PageRhythm.java:121  | MeasureStack#34 frats: 1 [9541]
2026-05-09 23:59:14,973 DEBUG [Hallowed_Be_Your_Name-lead-F#1]           PageRhythm.java:325  | Starting Range{SN1-34 tSig:6/8 dur:3/4}
2026-05-09 23:59:14,973 DEBUG [Hallowed_Be_Your_Name-lead-F#1]           PageRhythm.java:329  | About to process StackRhythm for MeasureStack#1
2026-05-09 23:59:14,973 DEBUG [Hallowed_Be_Your_Name-lead-F#1]          StackRhythm.java:221  | Setting expectedDuration=3/4 for stack on page 1
2026-05-09 23:59:14,986 DEBUG [Hallowed_Be_Your_Name-lead-F#1]           PageRhythm.java:331  | Finished processing StackRhythm for MeasureStack#1
2026-05-09 23:59:14,986 DEBUG [Hallowed_Be_Your_Name-lead-F#1]           PageRhythm.java:329  | About to process StackRhythm for MeasureStack#2
2026-05-09 23:59:14,986 DEBUG [Hallowed_Be_Your_Name-lead-F#1]          StackRhythm.java:221  | Setting expectedDuration=3/4 for stack on page 2
2026-05-09 23:59:15,002 INFO [Hallowed_Be_Your_Name-lead-F#1]          StackRhythm.java:226  | S1 MeasureStack#2 no correct rhythm
2026-05-09 23:59:15,002 DEBUG [Hallowed_Be_Your_Name-lead-F#1]           PageRhythm.java:331  | Finished processing StackRhythm for MeasureStack#2
2026-05-09 23:59:15,002 DEBUG [Hallowed_Be_Your_Name-lead-F#1]           PageRhythm.java:329  | About to process StackRhythm for MeasureStack#3
2026-05-09 23:59:15,002 DEBUG [Hallowed_Be_Your_Name-lead-F#1]          StackRhythm.java:221  | Setting expectedDuration=3/4 for stack on page 3
2026-05-09 23:59:15,009 DEBUG [Hallowed_Be_Your_Name-lead-F#1]           PageRhythm.java:331  | Finished processing StackRhythm for MeasureStack#3
2026-05-09 23:59:15,010 DEBUG [Hallowed_Be_Your_Name-lead-F#1]           PageRhythm.java:329  | About to process StackRhythm for MeasureStack#4
2026-05-09 23:59:15,010 DEBUG [Hallowed_Be_Your_Name-lead-F#1]          StackRhythm.java:221  | Setting expectedDuration=3/4 for stack on page 4
2026-05-09 23:59:15,010 DEBUG [Hallowed_Be_Your_Name-lead-F#1]           PageRhythm.java:331  | Finished processing StackRhythm for MeasureStack#4
2026-05-09 23:59:15,010 DEBUG [Hallowed_Be_Your_Name-lead-F#1]           PageRhythm.java:329  | About to process StackRhythm for MeasureStack#5
2026-05-09 23:59:15,010 DEBUG [Hallowed_Be_Your_Name-lead-F#1]          StackRhythm.java:221  | Setting expectedDuration=3/4 for stack on page 5
2026-05-09 23:59:15,010 DEBUG [Hallowed_Be_Your_Name-lead-F#1]           PageRhythm.java:331  | Finished processing StackRhythm for MeasureStack#5
2026-05-09 23:59:15,010 DEBUG [Hallowed_Be_Your_Name-lead-F#1]           PageRhythm.java:329  | About to process StackRhythm for MeasureStack#6
2026-05-09 23:59:15,010 DEBUG [Hallowed_Be_Your_Name-lead-F#1]          StackRhythm.java:221  | Setting expectedDuration=3/4 for stack on page 6
2026-05-09 23:59:15,010 DEBUG [Hallowed_Be_Your_Name-lead-F#1]           PageRhythm.java:331  | Finished processing StackRhythm for MeasureStack#6
2026-05-09 23:59:15,018 DEBUG [Hallowed_Be_Your_Name-lead-F#1]           PageRhythm.java:329  | About to process StackRhythm for MeasureStack#7
2026-05-09 23:59:15,018 DEBUG [Hallowed_Be_Your_Name-lead-F#1]          StackRhythm.java:221  | Setting expectedDuration=3/4 for stack on page 7
2026-05-09 23:59:15,018 DEBUG [Hallowed_Be_Your_Name-lead-F#1]           PageRhythm.java:331  | Finished processing StackRhythm for MeasureStack#7
2026-05-09 23:59:15,018 DEBUG [Hallowed_Be_Your_Name-lead-F#1]           PageRhythm.java:329  | About to process StackRhythm for MeasureStack#8
2026-05-09 23:59:15,018 DEBUG [Hallowed_Be_Your_Name-lead-F#1]          StackRhythm.java:221  | Setting expectedDuration=3/4 for stack on page 8
2026-05-09 23:59:15,018 DEBUG [Hallowed_Be_Your_Name-lead-F#1]           PageRhythm.java:331  | Finished processing StackRhythm for MeasureStack#8
2026-05-09 23:59:15,018 DEBUG [Hallowed_Be_Your_Name-lead-F#1]           PageRhythm.java:329  | About to process StackRhythm for MeasureStack#9
2026-05-09 23:59:15,018 DEBUG [Hallowed_Be_Your_Name-lead-F#1]          StackRhythm.java:221  | Setting expectedDuration=3/4 for stack on page 9
2026-05-09 23:59:15,024 DEBUG [Hallowed_Be_Your_Name-lead-F#1]           PageRhythm.java:331  | Finished processing StackRhythm for MeasureStack#9
2026-05-09 23:59:15,025 DEBUG [Hallowed_Be_Your_Name-lead-F#1]           PageRhythm.java:329  | About to process StackRhythm for MeasureStack#10
2026-05-09 23:59:15,025 DEBUG [Hallowed_Be_Your_Name-lead-F#1]          StackRhythm.java:221  | Setting expectedDuration=3/4 for stack on page 10
2026-05-09 23:59:15,026 DEBUG [Hallowed_Be_Your_Name-lead-F#1]           PageRhythm.java:331  | Finished processing StackRhythm for MeasureStack#10
2026-05-09 23:59:15,026 DEBUG [Hallowed_Be_Your_Name-lead-F#1]           PageRhythm.java:329  | About to process StackRhythm for MeasureStack#11
2026-05-09 23:59:15,026 DEBUG [Hallowed_Be_Your_Name-lead-F#1]          StackRhythm.java:221  | Setting expectedDuration=3/4 for stack on page 11
2026-05-09 23:59:15,029 DEBUG [Hallowed_Be_Your_Name-lead-F#1]           PageRhythm.java:331  | Finished processing StackRhythm for MeasureStack#11
2026-05-09 23:59:15,029 DEBUG [Hallowed_Be_Your_Name-lead-F#1]           PageRhythm.java:329  | About to process StackRhythm for MeasureStack#12
2026-05-09 23:59:15,029 DEBUG [Hallowed_Be_Your_Name-lead-F#1]          StackRhythm.java:221  | Setting expectedDuration=3/4 for stack on page 12
2026-05-09 23:59:15,029 DEBUG [Hallowed_Be_Your_Name-lead-F#1]           PageRhythm.java:331  | Finished processing StackRhythm for MeasureStack#12
2026-05-09 23:59:15,029 DEBUG [Hallowed_Be_Your_Name-lead-F#1]           PageRhythm.java:329  | About to process StackRhythm for MeasureStack#13
2026-05-09 23:59:15,029 DEBUG [Hallowed_Be_Your_Name-lead-F#1]          StackRhythm.java:221  | Setting expectedDuration=3/4 for stack on page 13
2026-05-09 23:59:15,033 DEBUG [Hallowed_Be_Your_Name-lead-F#1]           PageRhythm.java:331  | Finished processing StackRhythm for MeasureStack#13
2026-05-09 23:59:15,033 DEBUG [Hallowed_Be_Your_Name-lead-F#1]           PageRhythm.java:329  | About to process StackRhythm for MeasureStack#14
2026-05-09 23:59:15,033 DEBUG [Hallowed_Be_Your_Name-lead-F#1]          StackRhythm.java:221  | Setting expectedDuration=3/4 for stack on page 14
2026-05-09 23:59:15,033 DEBUG [Hallowed_Be_Your_Name-lead-F#1]           PageRhythm.java:331  | Finished processing StackRhythm for MeasureStack#14
2026-05-09 23:59:15,033 DEBUG [Hallowed_Be_Your_Name-lead-F#1]           PageRhythm.java:329  | About to process StackRhythm for MeasureStack#15
2026-05-09 23:59:15,033 DEBUG [Hallowed_Be_Your_Name-lead-F#1]          StackRhythm.java:221  | Setting expectedDuration=3/4 for stack on page 15
2026-05-09 23:59:15,033 DEBUG [Hallowed_Be_Your_Name-lead-F#1]           PageRhythm.java:331  | Finished processing StackRhythm for MeasureStack#15
2026-05-09 23:59:15,033 DEBUG [Hallowed_Be_Your_Name-lead-F#1]           PageRhythm.java:329  | About to process StackRhythm for MeasureStack#16
2026-05-09 23:59:15,033 DEBUG [Hallowed_Be_Your_Name-lead-F#1]          StackRhythm.java:221  | Setting expectedDuration=3/4 for stack on page 16
2026-05-09 23:59:15,033 DEBUG [Hallowed_Be_Your_Name-lead-F#1]           PageRhythm.java:331  | Finished processing StackRhythm for MeasureStack#16
2026-05-09 23:59:15,041 DEBUG [Hallowed_Be_Your_Name-lead-F#1]           PageRhythm.java:329  | About to process StackRhythm for MeasureStack#17
2026-05-09 23:59:15,041 DEBUG [Hallowed_Be_Your_Name-lead-F#1]          StackRhythm.java:221  | Setting expectedDuration=3/4 for stack on page 17
2026-05-09 23:59:15,041 DEBUG [Hallowed_Be_Your_Name-lead-F#1]           PageRhythm.java:331  | Finished processing StackRhythm for MeasureStack#17
2026-05-09 23:59:15,041 DEBUG [Hallowed_Be_Your_Name-lead-F#1]           PageRhythm.java:329  | About to process StackRhythm for MeasureStack#18
2026-05-09 23:59:15,041 DEBUG [Hallowed_Be_Your_Name-lead-F#1]          StackRhythm.java:221  | Setting expectedDuration=3/4 for stack on page 18
2026-05-09 23:59:15,041 DEBUG [Hallowed_Be_Your_Name-lead-F#1]           PageRhythm.java:331  | Finished processing StackRhythm for MeasureStack#18
2026-05-09 23:59:15,041 DEBUG [Hallowed_Be_Your_Name-lead-F#1]           PageRhythm.java:329  | About to process StackRhythm for MeasureStack#19
2026-05-09 23:59:15,041 DEBUG [Hallowed_Be_Your_Name-lead-F#1]          StackRhythm.java:221  | Setting expectedDuration=3/4 for stack on page 19
2026-05-09 23:59:15,041 DEBUG [Hallowed_Be_Your_Name-lead-F#1]           PageRhythm.java:331  | Finished processing StackRhythm for MeasureStack#19
2026-05-09 23:59:15,041 DEBUG [Hallowed_Be_Your_Name-lead-F#1]           PageRhythm.java:329  | About to process StackRhythm for MeasureStack#20
2026-05-09 23:59:15,041 DEBUG [Hallowed_Be_Your_Name-lead-F#1]          StackRhythm.java:221  | Setting expectedDuration=3/4 for stack on page 20
2026-05-09 23:59:15,049 INFO [Hallowed_Be_Your_Name-lead-F#1]          StackRhythm.java:226  | S4 MeasureStack#20 no correct rhythm
2026-05-09 23:59:15,056 DEBUG [Hallowed_Be_Your_Name-lead-F#1]           PageRhythm.java:331  | Finished processing StackRhythm for MeasureStack#20
2026-05-09 23:59:15,056 DEBUG [Hallowed_Be_Your_Name-lead-F#1]           PageRhythm.java:329  | About to process StackRhythm for MeasureStack#21
2026-05-09 23:59:15,057 DEBUG [Hallowed_Be_Your_Name-lead-F#1]          StackRhythm.java:221  | Setting expectedDuration=3/4 for stack on page 21
2026-05-09 23:59:15,063 INFO [Hallowed_Be_Your_Name-lead-F#1]          StackRhythm.java:226  | S4 MeasureStack#21 no correct rhythm
2026-05-09 23:59:15,066 DEBUG [Hallowed_Be_Your_Name-lead-F#1]           PageRhythm.java:331  | Finished processing StackRhythm for MeasureStack#21
2026-05-09 23:59:15,066 DEBUG [Hallowed_Be_Your_Name-lead-F#1]           PageRhythm.java:329  | About to process StackRhythm for MeasureStack#22
2026-05-09 23:59:15,066 DEBUG [Hallowed_Be_Your_Name-lead-F#1]          StackRhythm.java:221  | Setting expectedDuration=3/4 for stack on page 22
2026-05-09 23:59:15,074 DEBUG [Hallowed_Be_Your_Name-lead-F#1]           PageRhythm.java:331  | Finished processing StackRhythm for MeasureStack#22
2026-05-09 23:59:15,074 DEBUG [Hallowed_Be_Your_Name-lead-F#1]           PageRhythm.java:329  | About to process StackRhythm for MeasureStack#23
2026-05-09 23:59:15,077 DEBUG [Hallowed_Be_Your_Name-lead-F#1]          StackRhythm.java:221  | Setting expectedDuration=3/4 for stack on page 23
2026-05-09 23:59:15,077 DEBUG [Hallowed_Be_Your_Name-lead-F#1]           PageRhythm.java:331  | Finished processing StackRhythm for MeasureStack#23
2026-05-09 23:59:15,077 DEBUG [Hallowed_Be_Your_Name-lead-F#1]           PageRhythm.java:329  | About to process StackRhythm for MeasureStack#24
2026-05-09 23:59:15,077 DEBUG [Hallowed_Be_Your_Name-lead-F#1]          StackRhythm.java:221  | Setting expectedDuration=3/4 for stack on page 24
2026-05-09 23:59:15,082 DEBUG [Hallowed_Be_Your_Name-lead-F#1]           PageRhythm.java:331  | Finished processing StackRhythm for MeasureStack#24
2026-05-09 23:59:15,082 DEBUG [Hallowed_Be_Your_Name-lead-F#1]           PageRhythm.java:329  | About to process StackRhythm for MeasureStack#25
2026-05-09 23:59:15,082 DEBUG [Hallowed_Be_Your_Name-lead-F#1]          StackRhythm.java:221  | Setting expectedDuration=3/4 for stack on page 25
2026-05-09 23:59:15,086 DEBUG [Hallowed_Be_Your_Name-lead-F#1]           PageRhythm.java:331  | Finished processing StackRhythm for MeasureStack#25
2026-05-09 23:59:15,087 DEBUG [Hallowed_Be_Your_Name-lead-F#1]           PageRhythm.java:329  | About to process StackRhythm for MeasureStack#26
2026-05-09 23:59:15,087 DEBUG [Hallowed_Be_Your_Name-lead-F#1]          StackRhythm.java:221  | Setting expectedDuration=3/4 for stack on page 26
2026-05-09 23:59:15,090 DEBUG [Hallowed_Be_Your_Name-lead-F#1]           PageRhythm.java:331  | Finished processing StackRhythm for MeasureStack#26
2026-05-09 23:59:15,090 DEBUG [Hallowed_Be_Your_Name-lead-F#1]           PageRhythm.java:329  | About to process StackRhythm for MeasureStack#27
2026-05-09 23:59:15,091 DEBUG [Hallowed_Be_Your_Name-lead-F#1]          StackRhythm.java:221  | Setting expectedDuration=3/4 for stack on page 27
2026-05-09 23:59:15,091 DEBUG [Hallowed_Be_Your_Name-lead-F#1]           PageRhythm.java:331  | Finished processing StackRhythm for MeasureStack#27
2026-05-09 23:59:15,091 DEBUG [Hallowed_Be_Your_Name-lead-F#1]           PageRhythm.java:329  | About to process StackRhythm for MeasureStack#28
2026-05-09 23:59:15,091 DEBUG [Hallowed_Be_Your_Name-lead-F#1]          StackRhythm.java:221  | Setting expectedDuration=3/4 for stack on page 28
2026-05-09 23:59:15,091 DEBUG [Hallowed_Be_Your_Name-lead-F#1]           PageRhythm.java:331  | Finished processing StackRhythm for MeasureStack#28
2026-05-09 23:59:15,091 DEBUG [Hallowed_Be_Your_Name-lead-F#1]           PageRhythm.java:329  | About to process StackRhythm for MeasureStack#29
2026-05-09 23:59:15,091 DEBUG [Hallowed_Be_Your_Name-lead-F#1]          StackRhythm.java:221  | Setting expectedDuration=3/4 for stack on page 29
2026-05-09 23:59:15,091 DEBUG [Hallowed_Be_Your_Name-lead-F#1]           PageRhythm.java:331  | Finished processing StackRhythm for MeasureStack#29
2026-05-09 23:59:15,091 DEBUG [Hallowed_Be_Your_Name-lead-F#1]           PageRhythm.java:329  | About to process StackRhythm for MeasureStack#30
2026-05-09 23:59:15,091 DEBUG [Hallowed_Be_Your_Name-lead-F#1]          StackRhythm.java:221  | Setting expectedDuration=3/4 for stack on page 30
2026-05-09 23:59:15,098 DEBUG [Hallowed_Be_Your_Name-lead-F#1]           PageRhythm.java:331  | Finished processing StackRhythm for MeasureStack#30
2026-05-09 23:59:15,099 DEBUG [Hallowed_Be_Your_Name-lead-F#1]           PageRhythm.java:329  | About to process StackRhythm for MeasureStack#31
2026-05-09 23:59:15,099 DEBUG [Hallowed_Be_Your_Name-lead-F#1]          StackRhythm.java:221  | Setting expectedDuration=3/4 for stack on page 31
2026-05-09 23:59:15,099 DEBUG [Hallowed_Be_Your_Name-lead-F#1]           PageRhythm.java:331  | Finished processing StackRhythm for MeasureStack#31
2026-05-09 23:59:15,099 DEBUG [Hallowed_Be_Your_Name-lead-F#1]           PageRhythm.java:329  | About to process StackRhythm for MeasureStack#32
2026-05-09 23:59:15,099 DEBUG [Hallowed_Be_Your_Name-lead-F#1]          StackRhythm.java:221  | Setting expectedDuration=3/4 for stack on page 32
2026-05-09 23:59:15,099 DEBUG [Hallowed_Be_Your_Name-lead-F#1]           PageRhythm.java:331  | Finished processing StackRhythm for MeasureStack#32
2026-05-09 23:59:15,107 DEBUG [Hallowed_Be_Your_Name-lead-F#1]           PageRhythm.java:329  | About to process StackRhythm for MeasureStack#33
2026-05-09 23:59:15,107 DEBUG [Hallowed_Be_Your_Name-lead-F#1]          StackRhythm.java:221  | Setting expectedDuration=3/4 for stack on page 33
2026-05-09 23:59:15,107 DEBUG [Hallowed_Be_Your_Name-lead-F#1]           PageRhythm.java:331  | Finished processing StackRhythm for MeasureStack#33
2026-05-09 23:59:15,107 DEBUG [Hallowed_Be_Your_Name-lead-F#1]           PageRhythm.java:329  | About to process StackRhythm for MeasureStack#34
2026-05-09 23:59:15,107 DEBUG [Hallowed_Be_Your_Name-lead-F#1]          StackRhythm.java:221  | Setting expectedDuration=3/4 for stack on page 34
2026-05-09 23:59:15,112 DEBUG [Hallowed_Be_Your_Name-lead-F#1]           PageRhythm.java:331  | Finished processing StackRhythm for MeasureStack#34
2026-05-09 23:59:21,222 WARN [Hallowed_Be_Your_Name-lead-F#2]          TextBuilder.java:412  | Skipping TextLine with null bounds: TextLine{ "" conf:NaN}
2026-05-09 23:59:21,222 WARN [Hallowed_Be_Your_Name-lead-F#2]          TextBuilder.java:412  | Skipping TextLine with null bounds: TextLine{ "" conf:NaN}
2026-05-09 23:59:21,222 WARN [Hallowed_Be_Your_Name-lead-F#2]          TextBuilder.java:412  | Skipping TextLine with null bounds: TextLine{ "" conf:NaN}
2026-05-09 23:59:21,222 WARN [Hallowed_Be_Your_Name-lead-F#2]          TextBuilder.java:412  | Skipping TextLine with null bounds: TextLine{ "" conf:NaN}
2026-05-09 23:59:21,222 WARN [Hallowed_Be_Your_Name-lead-F#2]          TextBuilder.java:412  | Skipping TextLine with null bounds: TextLine{ "" conf:NaN}
2026-05-09 23:59:21,230 WARN [Hallowed_Be_Your_Name-lead-F#2]          TextBuilder.java:412  | Skipping TextLine with null bounds: TextLine{ "" conf:NaN}
2026-05-09 23:59:21,230 WARN [Hallowed_Be_Your_Name-lead-F#2]          TextBuilder.java:412  | Skipping TextLine with null bounds: TextLine{ "" conf:NaN}
2026-05-09 23:59:21,230 WARN [Hallowed_Be_Your_Name-lead-F#2]          TextBuilder.java:412  | Skipping TextLine with null bounds: TextLine{ "" conf:NaN}
2026-05-09 23:59:21,230 WARN [Hallowed_Be_Your_Name-lead-F#2]          TextBuilder.java:412  | Skipping TextLine with null bounds: TextLine{ "" conf:NaN}
2026-05-09 23:59:21,230 WARN [Hallowed_Be_Your_Name-lead-F#2]          TextBuilder.java:412  | Skipping TextLine with null bounds: TextLine{ "" conf:NaN}
2026-05-09 23:59:21,230 WARN [Hallowed_Be_Your_Name-lead-F#2]          TextBuilder.java:412  | Skipping TextLine with null bounds: TextLine{ "" conf:NaN}
2026-05-09 23:59:21,230 WARN [Hallowed_Be_Your_Name-lead-F#2]          TextBuilder.java:412  | Skipping TextLine with null bounds: TextLine{ "" conf:NaN}
2026-05-09 23:59:21,230 WARN [Hallowed_Be_Your_Name-lead-F#2]          TextBuilder.java:412  | Skipping TextLine with null bounds: TextLine{ "" conf:NaN}
2026-05-09 23:59:21,230 WARN [Hallowed_Be_Your_Name-lead-F#2]          TextBuilder.java:412  | Skipping TextLine with null bounds: TextLine{ "" conf:NaN}
2026-05-09 23:59:21,231 WARN [Hallowed_Be_Your_Name-lead-F#2]          TextBuilder.java:412  | Skipping TextLine with null bounds: TextLine{ "" conf:NaN}
2026-05-09 23:59:21,231 WARN [Hallowed_Be_Your_Name-lead-F#2]          TextBuilder.java:412  | Skipping TextLine with null bounds: TextLine{ "" conf:NaN}
2026-05-09 23:59:21,231 WARN [Hallowed_Be_Your_Name-lead-F#2]          TextBuilder.java:412  | Skipping TextLine with null bounds: TextLine{ "" conf:NaN}
2026-05-09 23:59:21,231 WARN [Hallowed_Be_Your_Name-lead-F#2]          TextBuilder.java:412  | Skipping TextLine with null bounds: TextLine{ "" conf:NaN}
2026-05-09 23:59:21,231 WARN [Hallowed_Be_Your_Name-lead-F#2]          TextBuilder.java:412  | Skipping TextLine with null bounds: TextLine{ "" conf:NaN}
2026-05-09 23:59:21,231 WARN [Hallowed_Be_Your_Name-lead-F#2]          TextBuilder.java:412  | Skipping TextLine with null bounds: TextLine{ "" conf:NaN}
2026-05-09 23:59:21,232 WARN [Hallowed_Be_Your_Name-lead-F#2]          TextBuilder.java:412  | Skipping TextLine with null bounds: TextLine{ "" conf:NaN}
2026-05-09 23:59:21,232 WARN [Hallowed_Be_Your_Name-lead-F#2]          TextBuilder.java:412  | Skipping TextLine with null bounds: TextLine{ "" conf:NaN}
2026-05-09 23:59:21,232 WARN [Hallowed_Be_Your_Name-lead-F#2]          TextBuilder.java:412  | Skipping TextLine with null bounds: TextLine{ "" conf:NaN}
2026-05-09 23:59:21,232 WARN [Hallowed_Be_Your_Name-lead-F#2]          TextBuilder.java:412  | Skipping TextLine with null bounds: TextLine{ "" conf:NaN}
2026-05-09 23:59:21,232 WARN [Hallowed_Be_Your_Name-lead-F#2]          TextBuilder.java:412  | Skipping TextLine with null bounds: TextLine{ "" conf:NaN}
2026-05-09 23:59:21,232 WARN [Hallowed_Be_Your_Name-lead-F#2]          TextBuilder.java:412  | Skipping TextLine with null bounds: TextLine{ "" conf:NaN}
2026-05-09 23:59:21,233 WARN [Hallowed_Be_Your_Name-lead-F#2]          TextBuilder.java:412  | Skipping TextLine with null bounds: TextLine{ "" conf:NaN}
2026-05-09 23:59:21,233 WARN [Hallowed_Be_Your_Name-lead-F#2]          TextBuilder.java:412  | Skipping TextLine with null bounds: TextLine{ "" conf:NaN}
2026-05-09 23:59:21,233 WARN [Hallowed_Be_Your_Name-lead-F#2]          TextBuilder.java:412  | Skipping TextLine with null bounds: TextLine{ "" conf:NaN}
2026-05-09 23:59:21,233 WARN [Hallowed_Be_Your_Name-lead-F#2]          TextBuilder.java:412  | Skipping TextLine with null bounds: TextLine{ "" conf:NaN}
2026-05-09 23:59:21,233 WARN [Hallowed_Be_Your_Name-lead-F#2]          TextBuilder.java:412  | Skipping TextLine with null bounds: TextLine{ "" conf:NaN}
2026-05-09 23:59:21,233 WARN [Hallowed_Be_Your_Name-lead-F#2]          TextBuilder.java:412  | Skipping TextLine with null bounds: TextLine{ "" conf:NaN}
2026-05-09 23:59:21,233 WARN [Hallowed_Be_Your_Name-lead-F#2]          TextBuilder.java:412  | Skipping TextLine with null bounds: TextLine{ "" conf:NaN}
2026-05-09 23:59:21,233 WARN [Hallowed_Be_Your_Name-lead-F#2]          TextBuilder.java:412  | Skipping TextLine with null bounds: TextLine{ "" conf:NaN}
2026-05-09 23:59:21,233 WARN [Hallowed_Be_Your_Name-lead-F#2]          TextBuilder.java:412  | Skipping TextLine with null bounds: TextLine{ "" conf:NaN}
2026-05-09 23:59:21,237 WARN [Hallowed_Be_Your_Name-lead-F#2]          TextBuilder.java:412  | Skipping TextLine with null bounds: TextLine{ "" conf:NaN}
2026-05-09 23:59:21,237 WARN [Hallowed_Be_Your_Name-lead-F#2]          TextBuilder.java:412  | Skipping TextLine with null bounds: TextLine{ "" conf:NaN}
2026-05-09 23:59:21,237 WARN [Hallowed_Be_Your_Name-lead-F#2]          TextBuilder.java:412  | Skipping TextLine with null bounds: TextLine{ "" conf:NaN}
2026-05-09 23:59:21,237 WARN [Hallowed_Be_Your_Name-lead-F#2]          TextBuilder.java:412  | Skipping TextLine with null bounds: TextLine{ "" conf:NaN}
2026-05-09 23:59:23,294 INFO [Hallowed_Be_Your_Name-lead-F#2]           PageRhythm.java:176  | {Page#2.1} Starting PageRhythm time signature check
2026-05-09 23:59:23,294 INFO [Hallowed_Be_Your_Name-lead-F#2]           PageRhythm.java:178  | {Page#2.1} Initial range state: Range{SN1-} → ts: null
2026-05-09 23:59:23,294 INFO [Hallowed_Be_Your_Name-lead-F#2]           PageRhythm.java:184  | {Page#2.1} Checking range: Range{SN1-}, ts: null
2026-05-09 23:59:23,294 INFO [Hallowed_Be_Your_Name-lead-F#2]           PageRhythm.java:207  | {Page#2.1} Time value reused from sheet#1
2026-05-09 23:59:23,294 INFO [Hallowed_Be_Your_Name-lead-F#2]           PageRhythm.java:277  | Last range: Range{SN1-13 tRat:6/8 dur:3/4}
2026-05-09 23:59:23,294 INFO [Hallowed_Be_Your_Name-lead-F#2]           PageRhythm.java:278  | lastRange.timeRational = 6/8
2026-05-09 23:59:23,294 INFO [Hallowed_Be_Your_Name-lead-F#2]           PageRhythm.java:279  | lastRange.ts = null
2026-05-09 23:59:23,297 DEBUG [Hallowed_Be_Your_Name-lead-F#2]           PageRhythm.java:121  | MeasureStack#1 frats: 2 [2443, 2444]
2026-05-09 23:59:23,297 DEBUG [Hallowed_Be_Your_Name-lead-F#2]           PageRhythm.java:121  | MeasureStack#2 frats: 0 []
2026-05-09 23:59:23,297 DEBUG [Hallowed_Be_Your_Name-lead-F#2]           PageRhythm.java:121  | MeasureStack#3 frats: 2 [2445, 2446]
2026-05-09 23:59:23,297 DEBUG [Hallowed_Be_Your_Name-lead-F#2]           PageRhythm.java:121  | MeasureStack#4 frats: 3 [2439, 2447, 2449]
2026-05-09 23:59:23,297 DEBUG [Hallowed_Be_Your_Name-lead-F#2]           PageRhythm.java:121  | MeasureStack#5 frats: 2 [2450, 2451]
2026-05-09 23:59:23,297 DEBUG [Hallowed_Be_Your_Name-lead-F#2]           PageRhythm.java:121  | MeasureStack#6 frats: 3 [2452, 2442, 2454]
2026-05-09 23:59:23,297 DEBUG [Hallowed_Be_Your_Name-lead-F#2]           PageRhythm.java:121  | MeasureStack#7 frats: 3 [2471, 2591, 2592]
2026-05-09 23:59:23,297 DEBUG [Hallowed_Be_Your_Name-lead-F#2]           PageRhythm.java:121  | MeasureStack#8 frats: 1 [2593]
2026-05-09 23:59:23,298 DEBUG [Hallowed_Be_Your_Name-lead-F#2]           PageRhythm.java:121  | MeasureStack#9 frats: 3 [2594, 2588, 2595]
2026-05-09 23:59:23,298 DEBUG [Hallowed_Be_Your_Name-lead-F#2]           PageRhythm.java:121  | MeasureStack#10 frats: 1 [2589]
2026-05-09 23:59:23,298 DEBUG [Hallowed_Be_Your_Name-lead-F#2]           PageRhythm.java:121  | MeasureStack#11 frats: 2 [2596, 2597]
2026-05-09 23:59:23,298 DEBUG [Hallowed_Be_Your_Name-lead-F#2]           PageRhythm.java:121  | MeasureStack#12 frats: 1 [2696]
2026-05-09 23:59:23,298 DEBUG [Hallowed_Be_Your_Name-lead-F#2]           PageRhythm.java:121  | MeasureStack#13 frats: 1 [2697]
2026-05-09 23:59:23,299 DEBUG [Hallowed_Be_Your_Name-lead-F#2]           PageRhythm.java:325  | Starting Range{SN1-13 tRat:6/8 dur:3/4}
2026-05-09 23:59:23,299 DEBUG [Hallowed_Be_Your_Name-lead-F#2]           PageRhythm.java:329  | About to process StackRhythm for MeasureStack#1
2026-05-09 23:59:23,299 DEBUG [Hallowed_Be_Your_Name-lead-F#2]          StackRhythm.java:221  | Setting expectedDuration=3/4 for stack on page 1
2026-05-09 23:59:23,299 DEBUG [Hallowed_Be_Your_Name-lead-F#2]           PageRhythm.java:331  | Finished processing StackRhythm for MeasureStack#1
2026-05-09 23:59:23,299 DEBUG [Hallowed_Be_Your_Name-lead-F#2]           PageRhythm.java:329  | About to process StackRhythm for MeasureStack#2
2026-05-09 23:59:23,299 DEBUG [Hallowed_Be_Your_Name-lead-F#2]          StackRhythm.java:221  | Setting expectedDuration=3/4 for stack on page 2
2026-05-09 23:59:23,302 DEBUG [Hallowed_Be_Your_Name-lead-F#2]           PageRhythm.java:331  | Finished processing StackRhythm for MeasureStack#2
2026-05-09 23:59:23,302 DEBUG [Hallowed_Be_Your_Name-lead-F#2]           PageRhythm.java:329  | About to process StackRhythm for MeasureStack#3
2026-05-09 23:59:23,302 DEBUG [Hallowed_Be_Your_Name-lead-F#2]          StackRhythm.java:221  | Setting expectedDuration=3/4 for stack on page 3
2026-05-09 23:59:23,304 DEBUG [Hallowed_Be_Your_Name-lead-F#2]           PageRhythm.java:331  | Finished processing StackRhythm for MeasureStack#3
2026-05-09 23:59:23,304 DEBUG [Hallowed_Be_Your_Name-lead-F#2]           PageRhythm.java:329  | About to process StackRhythm for MeasureStack#4
2026-05-09 23:59:23,304 DEBUG [Hallowed_Be_Your_Name-lead-F#2]          StackRhythm.java:221  | Setting expectedDuration=3/4 for stack on page 4
2026-05-09 23:59:23,304 DEBUG [Hallowed_Be_Your_Name-lead-F#2]           PageRhythm.java:331  | Finished processing StackRhythm for MeasureStack#4
2026-05-09 23:59:23,307 DEBUG [Hallowed_Be_Your_Name-lead-F#2]           PageRhythm.java:329  | About to process StackRhythm for MeasureStack#5
2026-05-09 23:59:23,307 DEBUG [Hallowed_Be_Your_Name-lead-F#2]          StackRhythm.java:221  | Setting expectedDuration=3/4 for stack on page 5
2026-05-09 23:59:23,307 DEBUG [Hallowed_Be_Your_Name-lead-F#2]           PageRhythm.java:331  | Finished processing StackRhythm for MeasureStack#5
2026-05-09 23:59:23,307 DEBUG [Hallowed_Be_Your_Name-lead-F#2]           PageRhythm.java:329  | About to process StackRhythm for MeasureStack#6
2026-05-09 23:59:23,307 DEBUG [Hallowed_Be_Your_Name-lead-F#2]          StackRhythm.java:221  | Setting expectedDuration=3/4 for stack on page 6
2026-05-09 23:59:23,310 DEBUG [Hallowed_Be_Your_Name-lead-F#2]           PageRhythm.java:331  | Finished processing StackRhythm for MeasureStack#6
2026-05-09 23:59:23,310 DEBUG [Hallowed_Be_Your_Name-lead-F#2]           PageRhythm.java:329  | About to process StackRhythm for MeasureStack#7
2026-05-09 23:59:23,310 DEBUG [Hallowed_Be_Your_Name-lead-F#2]          StackRhythm.java:221  | Setting expectedDuration=3/4 for stack on page 7
2026-05-09 23:59:23,310 DEBUG [Hallowed_Be_Your_Name-lead-F#2]           PageRhythm.java:331  | Finished processing StackRhythm for MeasureStack#7
2026-05-09 23:59:23,310 DEBUG [Hallowed_Be_Your_Name-lead-F#2]           PageRhythm.java:329  | About to process StackRhythm for MeasureStack#8
2026-05-09 23:59:23,310 DEBUG [Hallowed_Be_Your_Name-lead-F#2]          StackRhythm.java:221  | Setting expectedDuration=3/4 for stack on page 8
2026-05-09 23:59:23,310 DEBUG [Hallowed_Be_Your_Name-lead-F#2]           PageRhythm.java:331  | Finished processing StackRhythm for MeasureStack#8
2026-05-09 23:59:23,310 DEBUG [Hallowed_Be_Your_Name-lead-F#2]           PageRhythm.java:329  | About to process StackRhythm for MeasureStack#9
2026-05-09 23:59:23,310 DEBUG [Hallowed_Be_Your_Name-lead-F#2]          StackRhythm.java:221  | Setting expectedDuration=3/4 for stack on page 9
2026-05-09 23:59:23,310 DEBUG [Hallowed_Be_Your_Name-lead-F#2]           PageRhythm.java:331  | Finished processing StackRhythm for MeasureStack#9
2026-05-09 23:59:23,310 DEBUG [Hallowed_Be_Your_Name-lead-F#2]           PageRhythm.java:329  | About to process StackRhythm for MeasureStack#10
2026-05-09 23:59:23,310 DEBUG [Hallowed_Be_Your_Name-lead-F#2]          StackRhythm.java:221  | Setting expectedDuration=3/4 for stack on page 10
2026-05-09 23:59:23,310 DEBUG [Hallowed_Be_Your_Name-lead-F#2]           PageRhythm.java:331  | Finished processing StackRhythm for MeasureStack#10
2026-05-09 23:59:23,310 DEBUG [Hallowed_Be_Your_Name-lead-F#2]           PageRhythm.java:329  | About to process StackRhythm for MeasureStack#11
2026-05-09 23:59:23,310 DEBUG [Hallowed_Be_Your_Name-lead-F#2]          StackRhythm.java:221  | Setting expectedDuration=3/4 for stack on page 11
2026-05-09 23:59:23,310 DEBUG [Hallowed_Be_Your_Name-lead-F#2]           PageRhythm.java:331  | Finished processing StackRhythm for MeasureStack#11
2026-05-09 23:59:23,310 DEBUG [Hallowed_Be_Your_Name-lead-F#2]           PageRhythm.java:329  | About to process StackRhythm for MeasureStack#12
2026-05-09 23:59:23,310 DEBUG [Hallowed_Be_Your_Name-lead-F#2]          StackRhythm.java:221  | Setting expectedDuration=3/4 for stack on page 12
2026-05-09 23:59:23,310 INFO [Hallowed_Be_Your_Name-lead-F#2]          StackRhythm.java:226  | S3 MeasureStack#12 no correct rhythm
2026-05-09 23:59:23,310 DEBUG [Hallowed_Be_Your_Name-lead-F#2]           PageRhythm.java:331  | Finished processing StackRhythm for MeasureStack#12
2026-05-09 23:59:23,310 DEBUG [Hallowed_Be_Your_Name-lead-F#2]           PageRhythm.java:329  | About to process StackRhythm for MeasureStack#13
2026-05-09 23:59:23,318 DEBUG [Hallowed_Be_Your_Name-lead-F#2]          StackRhythm.java:221  | Setting expectedDuration=3/4 for stack on page 13
2026-05-09 23:59:23,318 DEBUG [Hallowed_Be_Your_Name-lead-F#2]           PageRhythm.java:331  | Finished processing StackRhythm for MeasureStack#13
