2026-05-10 00:13:57,705 WARN [Hallowed_Be_Your_Name-lead-F#1]          TextBuilder.java:412  | Skipping TextLine with null bounds: TextLine{ "" conf:NaN}
2026-05-10 00:13:57,705 WARN [Hallowed_Be_Your_Name-lead-F#1]          TextBuilder.java:412  | Skipping TextLine with null bounds: TextLine{ "" conf:NaN}
2026-05-10 00:13:57,705 WARN [Hallowed_Be_Your_Name-lead-F#1]          TextBuilder.java:412  | Skipping TextLine with null bounds: TextLine{ "" conf:NaN}
2026-05-10 00:13:57,705 WARN [Hallowed_Be_Your_Name-lead-F#1]          TextBuilder.java:412  | Skipping TextLine with null bounds: TextLine{ "" conf:NaN}
2026-05-10 00:13:57,705 WARN [Hallowed_Be_Your_Name-lead-F#1]          TextBuilder.java:412  | Skipping TextLine with null bounds: TextLine{ "" conf:NaN}
2026-05-10 00:13:57,721 WARN [Hallowed_Be_Your_Name-lead-F#1]          TextBuilder.java:412  | Skipping TextLine with null bounds: TextLine{ "" conf:NaN}
2026-05-10 00:13:57,721 WARN [Hallowed_Be_Your_Name-lead-F#1]          TextBuilder.java:412  | Skipping TextLine with null bounds: TextLine{ "" conf:NaN}
2026-05-10 00:13:57,722 WARN [Hallowed_Be_Your_Name-lead-F#1]          TextBuilder.java:412  | Skipping TextLine with null bounds: TextLine{ "" conf:NaN}
2026-05-10 00:13:57,722 WARN [Hallowed_Be_Your_Name-lead-F#1]          TextBuilder.java:412  | Skipping TextLine with null bounds: TextLine{ "" conf:NaN}
2026-05-10 00:13:57,723 WARN [Hallowed_Be_Your_Name-lead-F#1]          TextBuilder.java:412  | Skipping TextLine with null bounds: TextLine{ "" conf:NaN}
2026-05-10 00:13:57,724 WARN [Hallowed_Be_Your_Name-lead-F#1]          TextBuilder.java:412  | Skipping TextLine with null bounds: TextLine{ "" conf:NaN}
2026-05-10 00:13:57,724 WARN [Hallowed_Be_Your_Name-lead-F#1]          TextBuilder.java:412  | Skipping TextLine with null bounds: TextLine{ "" conf:NaN}
2026-05-10 00:13:57,724 WARN [Hallowed_Be_Your_Name-lead-F#1]          TextBuilder.java:412  | Skipping TextLine with null bounds: TextLine{ "" conf:NaN}
2026-05-10 00:13:57,727 WARN [Hallowed_Be_Your_Name-lead-F#1]          TextBuilder.java:412  | Skipping TextLine with null bounds: TextLine{ "" conf:NaN}
2026-05-10 00:13:57,727 WARN [Hallowed_Be_Your_Name-lead-F#1]          TextBuilder.java:412  | Skipping TextLine with null bounds: TextLine{ "" conf:NaN}
2026-05-10 00:13:57,727 WARN [Hallowed_Be_Your_Name-lead-F#1]          TextBuilder.java:412  | Skipping TextLine with null bounds: TextLine{ "" conf:NaN}
2026-05-10 00:13:57,727 WARN [Hallowed_Be_Your_Name-lead-F#1]          TextBuilder.java:412  | Skipping TextLine with null bounds: TextLine{ "" conf:NaN}
2026-05-10 00:13:57,727 WARN [Hallowed_Be_Your_Name-lead-F#1]          TextBuilder.java:412  | Skipping TextLine with null bounds: TextLine{ "" conf:NaN}
2026-05-10 00:13:57,727 WARN [Hallowed_Be_Your_Name-lead-F#1]          TextBuilder.java:412  | Skipping TextLine with null bounds: TextLine{ "" conf:NaN}
2026-05-10 00:13:57,727 WARN [Hallowed_Be_Your_Name-lead-F#1]          TextBuilder.java:412  | Skipping TextLine with null bounds: TextLine{ "" conf:NaN}
2026-05-10 00:13:57,731 WARN [Hallowed_Be_Your_Name-lead-F#1]          TextBuilder.java:412  | Skipping TextLine with null bounds: TextLine{ "" conf:NaN}
2026-05-10 00:13:57,732 WARN [Hallowed_Be_Your_Name-lead-F#1]          TextBuilder.java:412  | Skipping TextLine with null bounds: TextLine{ "" conf:NaN}
2026-05-10 00:13:57,732 WARN [Hallowed_Be_Your_Name-lead-F#1]          TextBuilder.java:412  | Skipping TextLine with null bounds: TextLine{ "" conf:NaN}
2026-05-10 00:13:57,734 WARN [Hallowed_Be_Your_Name-lead-F#1]          TextBuilder.java:412  | Skipping TextLine with null bounds: TextLine{ "" conf:NaN}
2026-05-10 00:13:57,734 WARN [Hallowed_Be_Your_Name-lead-F#1]          TextBuilder.java:412  | Skipping TextLine with null bounds: TextLine{ "" conf:NaN}
2026-05-10 00:13:57,734 WARN [Hallowed_Be_Your_Name-lead-F#1]          TextBuilder.java:412  | Skipping TextLine with null bounds: TextLine{ "" conf:NaN}
2026-05-10 00:13:57,734 WARN [Hallowed_Be_Your_Name-lead-F#1]          TextBuilder.java:412  | Skipping TextLine with null bounds: TextLine{ "" conf:NaN}
2026-05-10 00:13:57,734 WARN [Hallowed_Be_Your_Name-lead-F#1]          TextBuilder.java:412  | Skipping TextLine with null bounds: TextLine{ "" conf:NaN}
2026-05-10 00:13:57,734 WARN [Hallowed_Be_Your_Name-lead-F#1]          TextBuilder.java:412  | Skipping TextLine with null bounds: TextLine{ "" conf:NaN}
2026-05-10 00:13:57,734 WARN [Hallowed_Be_Your_Name-lead-F#1]          TextBuilder.java:412  | Skipping TextLine with null bounds: TextLine{ "" conf:NaN}
2026-05-10 00:13:57,734 WARN [Hallowed_Be_Your_Name-lead-F#1]          TextBuilder.java:412  | Skipping TextLine with null bounds: TextLine{ "" conf:NaN}
2026-05-10 00:13:57,734 WARN [Hallowed_Be_Your_Name-lead-F#1]          TextBuilder.java:412  | Skipping TextLine with null bounds: TextLine{ "" conf:NaN}
2026-05-10 00:13:57,734 WARN [Hallowed_Be_Your_Name-lead-F#1]          TextBuilder.java:412  | Skipping TextLine with null bounds: TextLine{ "" conf:NaN}
2026-05-10 00:13:57,737 WARN [Hallowed_Be_Your_Name-lead-F#1]          TextBuilder.java:412  | Skipping TextLine with null bounds: TextLine{ "" conf:NaN}
2026-05-10 00:13:57,737 WARN [Hallowed_Be_Your_Name-lead-F#1]          TextBuilder.java:412  | Skipping TextLine with null bounds: TextLine{ "" conf:NaN}
2026-05-10 00:13:57,738 WARN [Hallowed_Be_Your_Name-lead-F#1]          TextBuilder.java:412  | Skipping TextLine with null bounds: TextLine{ "" conf:NaN}
2026-05-10 00:13:57,738 WARN [Hallowed_Be_Your_Name-lead-F#1]          TextBuilder.java:412  | Skipping TextLine with null bounds: TextLine{ "" conf:NaN}
2026-05-10 00:13:57,738 WARN [Hallowed_Be_Your_Name-lead-F#1]          TextBuilder.java:412  | Skipping TextLine with null bounds: TextLine{ "" conf:NaN}
2026-05-10 00:13:57,738 WARN [Hallowed_Be_Your_Name-lead-F#1]          TextBuilder.java:412  | Skipping TextLine with null bounds: TextLine{ "" conf:NaN}
2026-05-10 00:13:57,740 WARN [Hallowed_Be_Your_Name-lead-F#1]          TextBuilder.java:412  | Skipping TextLine with null bounds: TextLine{ "" conf:NaN}
2026-05-10 00:13:57,740 WARN [Hallowed_Be_Your_Name-lead-F#1]          TextBuilder.java:412  | Skipping TextLine with null bounds: TextLine{ "" conf:NaN}
2026-05-10 00:13:57,742 WARN [Hallowed_Be_Your_Name-lead-F#1]          TextBuilder.java:412  | Skipping TextLine with null bounds: TextLine{ "" conf:NaN}
2026-05-10 00:13:57,743 WARN [Hallowed_Be_Your_Name-lead-F#1]          TextBuilder.java:412  | Skipping TextLine with null bounds: TextLine{ "" conf:NaN}
2026-05-10 00:13:57,744 WARN [Hallowed_Be_Your_Name-lead-F#1]          TextBuilder.java:412  | Skipping TextLine with null bounds: TextLine{ "" conf:NaN}
2026-05-10 00:13:57,744 WARN [Hallowed_Be_Your_Name-lead-F#1]          TextBuilder.java:412  | Skipping TextLine with null bounds: TextLine{ "" conf:NaN}
2026-05-10 00:13:57,744 WARN [Hallowed_Be_Your_Name-lead-F#1]          TextBuilder.java:412  | Skipping TextLine with null bounds: TextLine{ "" conf:NaN}
2026-05-10 00:13:57,744 WARN [Hallowed_Be_Your_Name-lead-F#1]          TextBuilder.java:412  | Skipping TextLine with null bounds: TextLine{ "" conf:NaN}
2026-05-10 00:13:57,744 WARN [Hallowed_Be_Your_Name-lead-F#1]          TextBuilder.java:412  | Skipping TextLine with null bounds: TextLine{ "" conf:NaN}
2026-05-10 00:13:57,744 WARN [Hallowed_Be_Your_Name-lead-F#1]          TextBuilder.java:412  | Skipping TextLine with null bounds: TextLine{ "" conf:NaN}
2026-05-10 00:13:57,744 WARN [Hallowed_Be_Your_Name-lead-F#1]          TextBuilder.java:412  | Skipping TextLine with null bounds: TextLine{ "" conf:NaN}
2026-05-10 00:13:57,744 WARN [Hallowed_Be_Your_Name-lead-F#1]          TextBuilder.java:412  | Skipping TextLine with null bounds: TextLine{ "" conf:NaN}
2026-05-10 00:13:57,744 WARN [Hallowed_Be_Your_Name-lead-F#1]          TextBuilder.java:412  | Skipping TextLine with null bounds: TextLine{ "" conf:NaN}
2026-05-10 00:13:57,748 WARN [Hallowed_Be_Your_Name-lead-F#1]          TextBuilder.java:412  | Skipping TextLine with null bounds: TextLine{ "" conf:NaN}
2026-05-10 00:13:57,748 WARN [Hallowed_Be_Your_Name-lead-F#1]          TextBuilder.java:412  | Skipping TextLine with null bounds: TextLine{ "" conf:NaN}
2026-05-10 00:13:57,748 WARN [Hallowed_Be_Your_Name-lead-F#1]          TextBuilder.java:412  | Skipping TextLine with null bounds: TextLine{ "" conf:NaN}
2026-05-10 00:13:57,748 WARN [Hallowed_Be_Your_Name-lead-F#1]          TextBuilder.java:412  | Skipping TextLine with null bounds: TextLine{ "" conf:NaN}
2026-05-10 00:13:57,748 WARN [Hallowed_Be_Your_Name-lead-F#1]          TextBuilder.java:412  | Skipping TextLine with null bounds: TextLine{ "" conf:NaN}
2026-05-10 00:13:57,748 WARN [Hallowed_Be_Your_Name-lead-F#1]          TextBuilder.java:412  | Skipping TextLine with null bounds: TextLine{ "" conf:NaN}
2026-05-10 00:13:57,748 WARN [Hallowed_Be_Your_Name-lead-F#1]          TextBuilder.java:412  | Skipping TextLine with null bounds: TextLine{ "" conf:NaN}
2026-05-10 00:13:57,748 WARN [Hallowed_Be_Your_Name-lead-F#1]          TextBuilder.java:412  | Skipping TextLine with null bounds: TextLine{ "" conf:NaN}
2026-05-10 00:13:57,748 WARN [Hallowed_Be_Your_Name-lead-F#1]          TextBuilder.java:412  | Skipping TextLine with null bounds: TextLine{ "" conf:NaN}
2026-05-10 00:13:57,748 WARN [Hallowed_Be_Your_Name-lead-F#1]          TextBuilder.java:412  | Skipping TextLine with null bounds: TextLine{ "" conf:NaN}
2026-05-10 00:13:57,753 WARN [Hallowed_Be_Your_Name-lead-F#1]          TextBuilder.java:412  | Skipping TextLine with null bounds: TextLine{ "" conf:NaN}
2026-05-10 00:13:57,753 WARN [Hallowed_Be_Your_Name-lead-F#1]          TextBuilder.java:412  | Skipping TextLine with null bounds: TextLine{ "" conf:NaN}
2026-05-10 00:13:57,753 WARN [Hallowed_Be_Your_Name-lead-F#1]          TextBuilder.java:412  | Skipping TextLine with null bounds: TextLine{ "" conf:NaN}
2026-05-10 00:13:57,753 WARN [Hallowed_Be_Your_Name-lead-F#1]          TextBuilder.java:412  | Skipping TextLine with null bounds: TextLine{ "" conf:NaN}
2026-05-10 00:13:57,753 WARN [Hallowed_Be_Your_Name-lead-F#1]          TextBuilder.java:412  | Skipping TextLine with null bounds: TextLine{ "" conf:NaN}
2026-05-10 00:13:57,753 WARN [Hallowed_Be_Your_Name-lead-F#1]          TextBuilder.java:412  | Skipping TextLine with null bounds: TextLine{ "" conf:NaN}
2026-05-10 00:13:57,753 WARN [Hallowed_Be_Your_Name-lead-F#1]          TextBuilder.java:412  | Skipping TextLine with null bounds: TextLine{ "" conf:NaN}
2026-05-10 00:13:57,753 WARN [Hallowed_Be_Your_Name-lead-F#1]          TextBuilder.java:412  | Skipping TextLine with null bounds: TextLine{ "" conf:NaN}
2026-05-10 00:13:57,753 WARN [Hallowed_Be_Your_Name-lead-F#1]          TextBuilder.java:412  | Skipping TextLine with null bounds: TextLine{ "" conf:NaN}
2026-05-10 00:13:57,753 WARN [Hallowed_Be_Your_Name-lead-F#1]          TextBuilder.java:412  | Skipping TextLine with null bounds: TextLine{ "" conf:NaN}
2026-05-10 00:13:57,753 WARN [Hallowed_Be_Your_Name-lead-F#1]          TextBuilder.java:412  | Skipping TextLine with null bounds: TextLine{ "" conf:NaN}
2026-05-10 00:13:57,753 WARN [Hallowed_Be_Your_Name-lead-F#1]          TextBuilder.java:412  | Skipping TextLine with null bounds: TextLine{ "" conf:NaN}
2026-05-10 00:13:57,753 WARN [Hallowed_Be_Your_Name-lead-F#1]          TextBuilder.java:412  | Skipping TextLine with null bounds: TextLine{ "" conf:NaN}
2026-05-10 00:13:57,759 WARN [Hallowed_Be_Your_Name-lead-F#1]          TextBuilder.java:412  | Skipping TextLine with null bounds: TextLine{ "" conf:NaN}
2026-05-10 00:13:57,759 WARN [Hallowed_Be_Your_Name-lead-F#1]          TextBuilder.java:412  | Skipping TextLine with null bounds: TextLine{ "" conf:NaN}
2026-05-10 00:13:57,760 WARN [Hallowed_Be_Your_Name-lead-F#1]          TextBuilder.java:412  | Skipping TextLine with null bounds: TextLine{ "" conf:NaN}
2026-05-10 00:13:57,760 WARN [Hallowed_Be_Your_Name-lead-F#1]          TextBuilder.java:412  | Skipping TextLine with null bounds: TextLine{ "" conf:NaN}
2026-05-10 00:13:57,760 WARN [Hallowed_Be_Your_Name-lead-F#1]          TextBuilder.java:412  | Skipping TextLine with null bounds: TextLine{ "" conf:NaN}
2026-05-10 00:13:57,760 WARN [Hallowed_Be_Your_Name-lead-F#1]          TextBuilder.java:412  | Skipping TextLine with null bounds: TextLine{ "" conf:NaN}
2026-05-10 00:13:57,760 WARN [Hallowed_Be_Your_Name-lead-F#1]          TextBuilder.java:412  | Skipping TextLine with null bounds: TextLine{ "" conf:NaN}
2026-05-10 00:13:57,760 WARN [Hallowed_Be_Your_Name-lead-F#1]          TextBuilder.java:412  | Skipping TextLine with null bounds: TextLine{ "" conf:NaN}
2026-05-10 00:13:57,760 WARN [Hallowed_Be_Your_Name-lead-F#1]          TextBuilder.java:412  | Skipping TextLine with null bounds: TextLine{ "" conf:NaN}
2026-05-10 00:13:57,766 WARN [Hallowed_Be_Your_Name-lead-F#1]          TextBuilder.java:412  | Skipping TextLine with null bounds: TextLine{ "" conf:NaN}
2026-05-10 00:13:57,766 WARN [Hallowed_Be_Your_Name-lead-F#1]          TextBuilder.java:412  | Skipping TextLine with null bounds: TextLine{ "" conf:NaN}
2026-05-10 00:13:57,767 WARN [Hallowed_Be_Your_Name-lead-F#1]          TextBuilder.java:412  | Skipping TextLine with null bounds: TextLine{ "" conf:NaN}
2026-05-10 00:13:57,767 WARN [Hallowed_Be_Your_Name-lead-F#1]          TextBuilder.java:412  | Skipping TextLine with null bounds: TextLine{ "" conf:NaN}
2026-05-10 00:13:57,767 WARN [Hallowed_Be_Your_Name-lead-F#1]          TextBuilder.java:412  | Skipping TextLine with null bounds: TextLine{ "" conf:NaN}
2026-05-10 00:13:57,767 WARN [Hallowed_Be_Your_Name-lead-F#1]          TextBuilder.java:412  | Skipping TextLine with null bounds: TextLine{ "" conf:NaN}
2026-05-10 00:13:57,767 WARN [Hallowed_Be_Your_Name-lead-F#1]          TextBuilder.java:412  | Skipping TextLine with null bounds: TextLine{ "" conf:NaN}
2026-05-10 00:13:57,769 WARN [Hallowed_Be_Your_Name-lead-F#1]          TextBuilder.java:412  | Skipping TextLine with null bounds: TextLine{ "" conf:NaN}
2026-05-10 00:13:57,770 WARN [Hallowed_Be_Your_Name-lead-F#1]          TextBuilder.java:412  | Skipping TextLine with null bounds: TextLine{ "" conf:NaN}
2026-05-10 00:13:57,770 WARN [Hallowed_Be_Your_Name-lead-F#1]          TextBuilder.java:412  | Skipping TextLine with null bounds: TextLine{ "" conf:NaN}
2026-05-10 00:13:57,770 WARN [Hallowed_Be_Your_Name-lead-F#1]          TextBuilder.java:412  | Skipping TextLine with null bounds: TextLine{ "" conf:NaN}
2026-05-10 00:13:57,770 WARN [Hallowed_Be_Your_Name-lead-F#1]          TextBuilder.java:412  | Skipping TextLine with null bounds: TextLine{ "" conf:NaN}
2026-05-10 00:13:57,770 WARN [Hallowed_Be_Your_Name-lead-F#1]          TextBuilder.java:412  | Skipping TextLine with null bounds: TextLine{ "" conf:NaN}
2026-05-10 00:13:57,770 WARN [Hallowed_Be_Your_Name-lead-F#1]          TextBuilder.java:412  | Skipping TextLine with null bounds: TextLine{ "" conf:NaN}
2026-05-10 00:13:57,770 WARN [Hallowed_Be_Your_Name-lead-F#1]          TextBuilder.java:412  | Skipping TextLine with null bounds: TextLine{ "" conf:NaN}
2026-05-10 00:13:57,770 WARN [Hallowed_Be_Your_Name-lead-F#1]          TextBuilder.java:412  | Skipping TextLine with null bounds: TextLine{ "" conf:NaN}
2026-05-10 00:13:57,770 WARN [Hallowed_Be_Your_Name-lead-F#1]          TextBuilder.java:412  | Skipping TextLine with null bounds: TextLine{ "" conf:NaN}
2026-05-10 00:13:57,774 WARN [Hallowed_Be_Your_Name-lead-F#1]          TextBuilder.java:412  | Skipping TextLine with null bounds: TextLine{ "" conf:NaN}
2026-05-10 00:13:57,775 WARN [Hallowed_Be_Your_Name-lead-F#1]          TextBuilder.java:412  | Skipping TextLine with null bounds: TextLine{ "" conf:NaN}
2026-05-10 00:13:57,775 WARN [Hallowed_Be_Your_Name-lead-F#1]          TextBuilder.java:412  | Skipping TextLine with null bounds: TextLine{ "" conf:NaN}
2026-05-10 00:13:57,775 WARN [Hallowed_Be_Your_Name-lead-F#1]          TextBuilder.java:412  | Skipping TextLine with null bounds: TextLine{ "" conf:NaN}
2026-05-10 00:13:57,775 WARN [Hallowed_Be_Your_Name-lead-F#1]          TextBuilder.java:412  | Skipping TextLine with null bounds: TextLine{ "" conf:NaN}
2026-05-10 00:13:57,775 WARN [Hallowed_Be_Your_Name-lead-F#1]          TextBuilder.java:412  | Skipping TextLine with null bounds: TextLine{ "" conf:NaN}
2026-05-10 00:13:57,775 WARN [Hallowed_Be_Your_Name-lead-F#1]          TextBuilder.java:412  | Skipping TextLine with null bounds: TextLine{ "" conf:NaN}
2026-05-10 00:13:57,777 WARN [Hallowed_Be_Your_Name-lead-F#1]          TextBuilder.java:412  | Skipping TextLine with null bounds: TextLine{ "" conf:NaN}
2026-05-10 00:13:57,778 WARN [Hallowed_Be_Your_Name-lead-F#1]          TextBuilder.java:412  | Skipping TextLine with null bounds: TextLine{ "" conf:NaN}
2026-05-10 00:13:57,778 WARN [Hallowed_Be_Your_Name-lead-F#1]          TextBuilder.java:412  | Skipping TextLine with null bounds: TextLine{ "" conf:NaN}
2026-05-10 00:13:57,779 WARN [Hallowed_Be_Your_Name-lead-F#1]          TextBuilder.java:412  | Skipping TextLine with null bounds: TextLine{ "" conf:NaN}
2026-05-10 00:13:57,779 WARN [Hallowed_Be_Your_Name-lead-F#1]          TextBuilder.java:412  | Skipping TextLine with null bounds: TextLine{ "" conf:NaN}
2026-05-10 00:13:57,779 WARN [Hallowed_Be_Your_Name-lead-F#1]          TextBuilder.java:412  | Skipping TextLine with null bounds: TextLine{ "" conf:NaN}
2026-05-10 00:13:57,781 WARN [Hallowed_Be_Your_Name-lead-F#1]          TextBuilder.java:412  | Skipping TextLine with null bounds: TextLine{ "" conf:NaN}
2026-05-10 00:13:57,781 WARN [Hallowed_Be_Your_Name-lead-F#1]          TextBuilder.java:412  | Skipping TextLine with null bounds: TextLine{ "" conf:NaN}
2026-05-10 00:13:57,781 WARN [Hallowed_Be_Your_Name-lead-F#1]          TextBuilder.java:412  | Skipping TextLine with null bounds: TextLine{ "" conf:NaN}
2026-05-10 00:13:57,782 WARN [Hallowed_Be_Your_Name-lead-F#1]          TextBuilder.java:412  | Skipping TextLine with null bounds: TextLine{ "" conf:NaN}
2026-05-10 00:13:57,782 WARN [Hallowed_Be_Your_Name-lead-F#1]          TextBuilder.java:412  | Skipping TextLine with null bounds: TextLine{ "" conf:NaN}
2026-05-10 00:13:57,783 WARN [Hallowed_Be_Your_Name-lead-F#1]          TextBuilder.java:412  | Skipping TextLine with null bounds: TextLine{ "" conf:NaN}
2026-05-10 00:13:57,783 WARN [Hallowed_Be_Your_Name-lead-F#1]          TextBuilder.java:412  | Skipping TextLine with null bounds: TextLine{ "" conf:NaN}
2026-05-10 00:13:57,783 WARN [Hallowed_Be_Your_Name-lead-F#1]          TextBuilder.java:412  | Skipping TextLine with null bounds: TextLine{ "" conf:NaN}
2026-05-10 00:13:57,784 WARN [Hallowed_Be_Your_Name-lead-F#1]          TextBuilder.java:412  | Skipping TextLine with null bounds: TextLine{ "" conf:NaN}
2026-05-10 00:13:57,785 WARN [Hallowed_Be_Your_Name-lead-F#1]          TextBuilder.java:412  | Skipping TextLine with null bounds: TextLine{ "" conf:NaN}
2026-05-10 00:13:57,785 WARN [Hallowed_Be_Your_Name-lead-F#1]          TextBuilder.java:412  | Skipping TextLine with null bounds: TextLine{ "" conf:NaN}
2026-05-10 00:13:57,785 WARN [Hallowed_Be_Your_Name-lead-F#1]          TextBuilder.java:412  | Skipping TextLine with null bounds: TextLine{ "" conf:NaN}
2026-05-10 00:13:57,785 WARN [Hallowed_Be_Your_Name-lead-F#1]          TextBuilder.java:412  | Skipping TextLine with null bounds: TextLine{ "" conf:NaN}
2026-05-10 00:13:57,785 WARN [Hallowed_Be_Your_Name-lead-F#1]          TextBuilder.java:412  | Skipping TextLine with null bounds: TextLine{ "" conf:NaN}
2026-05-10 00:13:57,785 WARN [Hallowed_Be_Your_Name-lead-F#1]          TextBuilder.java:412  | Skipping TextLine with null bounds: TextLine{ "" conf:NaN}
2026-05-10 00:13:57,785 WARN [Hallowed_Be_Your_Name-lead-F#1]          TextBuilder.java:412  | Skipping TextLine with null bounds: TextLine{ "" conf:NaN}
2026-05-10 00:13:57,785 WARN [Hallowed_Be_Your_Name-lead-F#1]          TextBuilder.java:412  | Skipping TextLine with null bounds: TextLine{ "" conf:NaN}
2026-05-10 00:13:57,785 WARN [Hallowed_Be_Your_Name-lead-F#1]          TextBuilder.java:412  | Skipping TextLine with null bounds: TextLine{ "" conf:NaN}
2026-05-10 00:13:57,789 WARN [Hallowed_Be_Your_Name-lead-F#1]          TextBuilder.java:412  | Skipping TextLine with null bounds: TextLine{ "" conf:NaN}
2026-05-10 00:13:57,789 WARN [Hallowed_Be_Your_Name-lead-F#1]          TextBuilder.java:412  | Skipping TextLine with null bounds: TextLine{ "" conf:NaN}
2026-05-10 00:13:57,790 WARN [Hallowed_Be_Your_Name-lead-F#1]          TextBuilder.java:412  | Skipping TextLine with null bounds: TextLine{ "" conf:NaN}
2026-05-10 00:13:57,790 WARN [Hallowed_Be_Your_Name-lead-F#1]          TextBuilder.java:412  | Skipping TextLine with null bounds: TextLine{ "" conf:NaN}
2026-05-10 00:13:57,790 WARN [Hallowed_Be_Your_Name-lead-F#1]          TextBuilder.java:412  | Skipping TextLine with null bounds: TextLine{ "" conf:NaN}
2026-05-10 00:13:57,790 WARN [Hallowed_Be_Your_Name-lead-F#1]          TextBuilder.java:412  | Skipping TextLine with null bounds: TextLine{ "" conf:NaN}
2026-05-10 00:13:57,790 WARN [Hallowed_Be_Your_Name-lead-F#1]          TextBuilder.java:412  | Skipping TextLine with null bounds: TextLine{ "" conf:NaN}
2026-05-10 00:13:57,790 WARN [Hallowed_Be_Your_Name-lead-F#1]          TextBuilder.java:412  | Skipping TextLine with null bounds: TextLine{ "" conf:NaN}
2026-05-10 00:13:57,790 WARN [Hallowed_Be_Your_Name-lead-F#1]          TextBuilder.java:412  | Skipping TextLine with null bounds: TextLine{ "" conf:NaN}
2026-05-10 00:13:57,790 WARN [Hallowed_Be_Your_Name-lead-F#1]          TextBuilder.java:412  | Skipping TextLine with null bounds: TextLine{ "" conf:NaN}
2026-05-10 00:13:57,790 WARN [Hallowed_Be_Your_Name-lead-F#1]          TextBuilder.java:412  | Skipping TextLine with null bounds: TextLine{ "" conf:NaN}
2026-05-10 00:13:57,790 WARN [Hallowed_Be_Your_Name-lead-F#1]          TextBuilder.java:412  | Skipping TextLine with null bounds: TextLine{ "" conf:NaN}
2026-05-10 00:13:57,790 WARN [Hallowed_Be_Your_Name-lead-F#1]          TextBuilder.java:412  | Skipping TextLine with null bounds: TextLine{ "" conf:NaN}
2026-05-10 00:13:57,790 WARN [Hallowed_Be_Your_Name-lead-F#1]          TextBuilder.java:412  | Skipping TextLine with null bounds: TextLine{ "" conf:NaN}
2026-05-10 00:13:57,794 WARN [Hallowed_Be_Your_Name-lead-F#1]          TextBuilder.java:412  | Skipping TextLine with null bounds: TextLine{ "" conf:NaN}
2026-05-10 00:13:57,794 WARN [Hallowed_Be_Your_Name-lead-F#1]          TextBuilder.java:412  | Skipping TextLine with null bounds: TextLine{ "" conf:NaN}
2026-05-10 00:13:57,794 WARN [Hallowed_Be_Your_Name-lead-F#1]          TextBuilder.java:412  | Skipping TextLine with null bounds: TextLine{ "" conf:NaN}
2026-05-10 00:13:57,794 WARN [Hallowed_Be_Your_Name-lead-F#1]          TextBuilder.java:412  | Skipping TextLine with null bounds: TextLine{ "" conf:NaN}
2026-05-10 00:13:57,794 WARN [Hallowed_Be_Your_Name-lead-F#1]          TextBuilder.java:412  | Skipping TextLine with null bounds: TextLine{ "" conf:NaN}
2026-05-10 00:13:57,794 WARN [Hallowed_Be_Your_Name-lead-F#1]          TextBuilder.java:412  | Skipping TextLine with null bounds: TextLine{ "" conf:NaN}
2026-05-10 00:13:57,794 WARN [Hallowed_Be_Your_Name-lead-F#1]          TextBuilder.java:412  | Skipping TextLine with null bounds: TextLine{ "" conf:NaN}
2026-05-10 00:13:57,794 WARN [Hallowed_Be_Your_Name-lead-F#1]          TextBuilder.java:412  | Skipping TextLine with null bounds: TextLine{ "" conf:NaN}
2026-05-10 00:13:57,794 WARN [Hallowed_Be_Your_Name-lead-F#1]          TextBuilder.java:412  | Skipping TextLine with null bounds: TextLine{ "" conf:NaN}
2026-05-10 00:13:57,794 WARN [Hallowed_Be_Your_Name-lead-F#1]          TextBuilder.java:412  | Skipping TextLine with null bounds: TextLine{ "" conf:NaN}
2026-05-10 00:13:57,794 WARN [Hallowed_Be_Your_Name-lead-F#1]          TextBuilder.java:412  | Skipping TextLine with null bounds: TextLine{ "" conf:NaN}
2026-05-10 00:13:57,794 WARN [Hallowed_Be_Your_Name-lead-F#1]          TextBuilder.java:412  | Skipping TextLine with null bounds: TextLine{ "" conf:NaN}
2026-05-10 00:13:57,794 WARN [Hallowed_Be_Your_Name-lead-F#1]          TextBuilder.java:412  | Skipping TextLine with null bounds: TextLine{ "" conf:NaN}
2026-05-10 00:13:57,794 WARN [Hallowed_Be_Your_Name-lead-F#1]          TextBuilder.java:412  | Skipping TextLine with null bounds: TextLine{ "" conf:NaN}
2026-05-10 00:13:57,794 WARN [Hallowed_Be_Your_Name-lead-F#1]          TextBuilder.java:412  | Skipping TextLine with null bounds: TextLine{ "" conf:NaN}
2026-05-10 00:13:57,794 WARN [Hallowed_Be_Your_Name-lead-F#1]          TextBuilder.java:412  | Skipping TextLine with null bounds: TextLine{ "" conf:NaN}
2026-05-10 00:13:57,794 WARN [Hallowed_Be_Your_Name-lead-F#1]          TextBuilder.java:412  | Skipping TextLine with null bounds: TextLine{ "" conf:NaN}
2026-05-10 00:13:57,794 WARN [Hallowed_Be_Your_Name-lead-F#1]          TextBuilder.java:412  | Skipping TextLine with null bounds: TextLine{ "" conf:NaN}
2026-05-10 00:13:57,800 WARN [Hallowed_Be_Your_Name-lead-F#1]          TextBuilder.java:412  | Skipping TextLine with null bounds: TextLine{ "" conf:NaN}
2026-05-10 00:13:57,800 WARN [Hallowed_Be_Your_Name-lead-F#1]          TextBuilder.java:412  | Skipping TextLine with null bounds: TextLine{ "" conf:NaN}
2026-05-10 00:13:57,800 WARN [Hallowed_Be_Your_Name-lead-F#1]          TextBuilder.java:412  | Skipping TextLine with null bounds: TextLine{ "" conf:NaN}
2026-05-10 00:13:57,800 WARN [Hallowed_Be_Your_Name-lead-F#1]          TextBuilder.java:412  | Skipping TextLine with null bounds: TextLine{ "" conf:NaN}
2026-05-10 00:13:57,800 WARN [Hallowed_Be_Your_Name-lead-F#1]          TextBuilder.java:412  | Skipping TextLine with null bounds: TextLine{ "" conf:NaN}
2026-05-10 00:13:57,800 WARN [Hallowed_Be_Your_Name-lead-F#1]          TextBuilder.java:412  | Skipping TextLine with null bounds: TextLine{ "" conf:NaN}
2026-05-10 00:13:57,800 WARN [Hallowed_Be_Your_Name-lead-F#1]          TextBuilder.java:412  | Skipping TextLine with null bounds: TextLine{ "" conf:NaN}
2026-05-10 00:13:57,800 WARN [Hallowed_Be_Your_Name-lead-F#1]          TextBuilder.java:412  | Skipping TextLine with null bounds: TextLine{ "" conf:NaN}
2026-05-10 00:13:57,800 WARN [Hallowed_Be_Your_Name-lead-F#1]          TextBuilder.java:412  | Skipping TextLine with null bounds: TextLine{ "" conf:NaN}
2026-05-10 00:13:57,800 WARN [Hallowed_Be_Your_Name-lead-F#1]          TextBuilder.java:412  | Skipping TextLine with null bounds: TextLine{ "" conf:NaN}
2026-05-10 00:13:57,800 WARN [Hallowed_Be_Your_Name-lead-F#1]          TextBuilder.java:412  | Skipping TextLine with null bounds: TextLine{ "" conf:NaN}
2026-05-10 00:13:57,800 WARN [Hallowed_Be_Your_Name-lead-F#1]          TextBuilder.java:412  | Skipping TextLine with null bounds: TextLine{ "" conf:NaN}
2026-05-10 00:13:57,800 WARN [Hallowed_Be_Your_Name-lead-F#1]          TextBuilder.java:412  | Skipping TextLine with null bounds: TextLine{ "" conf:NaN}
2026-05-10 00:13:57,800 WARN [Hallowed_Be_Your_Name-lead-F#1]          TextBuilder.java:412  | Skipping TextLine with null bounds: TextLine{ "" conf:NaN}
2026-05-10 00:13:57,804 WARN [Hallowed_Be_Your_Name-lead-F#1]          TextBuilder.java:412  | Skipping TextLine with null bounds: TextLine{ "" conf:NaN}
2026-05-10 00:13:57,804 WARN [Hallowed_Be_Your_Name-lead-F#1]          TextBuilder.java:412  | Skipping TextLine with null bounds: TextLine{ "" conf:NaN}
2026-05-10 00:13:57,804 WARN [Hallowed_Be_Your_Name-lead-F#1]          TextBuilder.java:412  | Skipping TextLine with null bounds: TextLine{ "" conf:NaN}
2026-05-10 00:13:57,804 WARN [Hallowed_Be_Your_Name-lead-F#1]          TextBuilder.java:412  | Skipping TextLine with null bounds: TextLine{ "" conf:NaN}
2026-05-10 00:13:57,804 WARN [Hallowed_Be_Your_Name-lead-F#1]          TextBuilder.java:412  | Skipping TextLine with null bounds: TextLine{ "" conf:NaN}
2026-05-10 00:13:57,804 WARN [Hallowed_Be_Your_Name-lead-F#1]          TextBuilder.java:412  | Skipping TextLine with null bounds: TextLine{ "" conf:NaN}
2026-05-10 00:13:57,804 WARN [Hallowed_Be_Your_Name-lead-F#1]          TextBuilder.java:412  | Skipping TextLine with null bounds: TextLine{ "" conf:NaN}
2026-05-10 00:13:57,804 WARN [Hallowed_Be_Your_Name-lead-F#1]          TextBuilder.java:412  | Skipping TextLine with null bounds: TextLine{ "" conf:NaN}
2026-05-10 00:13:57,804 WARN [Hallowed_Be_Your_Name-lead-F#1]          TextBuilder.java:412  | Skipping TextLine with null bounds: TextLine{ "" conf:NaN}
2026-05-10 00:13:57,804 WARN [Hallowed_Be_Your_Name-lead-F#1]          TextBuilder.java:412  | Skipping TextLine with null bounds: TextLine{ "" conf:NaN}
2026-05-10 00:13:57,804 WARN [Hallowed_Be_Your_Name-lead-F#1]          TextBuilder.java:412  | Skipping TextLine with null bounds: TextLine{ "" conf:NaN}
2026-05-10 00:13:57,804 WARN [Hallowed_Be_Your_Name-lead-F#1]          TextBuilder.java:412  | Skipping TextLine with null bounds: TextLine{ "" conf:NaN}
2026-05-10 00:13:57,804 WARN [Hallowed_Be_Your_Name-lead-F#1]          TextBuilder.java:412  | Skipping TextLine with null bounds: TextLine{ "" conf:NaN}
2026-05-10 00:13:57,804 WARN [Hallowed_Be_Your_Name-lead-F#1]          TextBuilder.java:412  | Skipping TextLine with null bounds: TextLine{ "" conf:NaN}
2026-05-10 00:13:57,804 WARN [Hallowed_Be_Your_Name-lead-F#1]          TextBuilder.java:412  | Skipping TextLine with null bounds: TextLine{ "" conf:NaN}
2026-05-10 00:13:57,804 WARN [Hallowed_Be_Your_Name-lead-F#1]          TextBuilder.java:412  | Skipping TextLine with null bounds: TextLine{ "" conf:NaN}
2026-05-10 00:13:57,804 WARN [Hallowed_Be_Your_Name-lead-F#1]          TextBuilder.java:412  | Skipping TextLine with null bounds: TextLine{ "" conf:NaN}
2026-05-10 00:13:57,804 WARN [Hallowed_Be_Your_Name-lead-F#1]          TextBuilder.java:412  | Skipping TextLine with null bounds: TextLine{ "" conf:NaN}
2026-05-10 00:13:57,804 WARN [Hallowed_Be_Your_Name-lead-F#1]          TextBuilder.java:412  | Skipping TextLine with null bounds: TextLine{ "" conf:NaN}
2026-05-10 00:13:57,804 WARN [Hallowed_Be_Your_Name-lead-F#1]          TextBuilder.java:412  | Skipping TextLine with null bounds: TextLine{ "" conf:NaN}
2026-05-10 00:13:57,804 WARN [Hallowed_Be_Your_Name-lead-F#1]          TextBuilder.java:412  | Skipping TextLine with null bounds: TextLine{ "" conf:NaN}
2026-05-10 00:13:57,810 WARN [Hallowed_Be_Your_Name-lead-F#1]          TextBuilder.java:412  | Skipping TextLine with null bounds: TextLine{ "" conf:NaN}
2026-05-10 00:13:57,810 WARN [Hallowed_Be_Your_Name-lead-F#1]          TextBuilder.java:412  | Skipping TextLine with null bounds: TextLine{ "" conf:NaN}
2026-05-10 00:13:57,810 WARN [Hallowed_Be_Your_Name-lead-F#1]          TextBuilder.java:412  | Skipping TextLine with null bounds: TextLine{ "" conf:NaN}
2026-05-10 00:13:57,812 WARN [Hallowed_Be_Your_Name-lead-F#1]          TextBuilder.java:412  | Skipping TextLine with null bounds: TextLine{ "" conf:NaN}
2026-05-10 00:13:57,812 WARN [Hallowed_Be_Your_Name-lead-F#1]          TextBuilder.java:412  | Skipping TextLine with null bounds: TextLine{ "" conf:NaN}
2026-05-10 00:13:57,812 WARN [Hallowed_Be_Your_Name-lead-F#1]          TextBuilder.java:412  | Skipping TextLine with null bounds: TextLine{ "" conf:NaN}
2026-05-10 00:13:57,812 WARN [Hallowed_Be_Your_Name-lead-F#1]          TextBuilder.java:412  | Skipping TextLine with null bounds: TextLine{ "" conf:NaN}
2026-05-10 00:13:57,812 WARN [Hallowed_Be_Your_Name-lead-F#1]          TextBuilder.java:412  | Skipping TextLine with null bounds: TextLine{ "" conf:NaN}
2026-05-10 00:13:57,812 WARN [Hallowed_Be_Your_Name-lead-F#1]          TextBuilder.java:412  | Skipping TextLine with null bounds: TextLine{ "" conf:NaN}
2026-05-10 00:13:57,814 WARN [Hallowed_Be_Your_Name-lead-F#1]          TextBuilder.java:412  | Skipping TextLine with null bounds: TextLine{ "" conf:NaN}
2026-05-10 00:13:57,814 WARN [Hallowed_Be_Your_Name-lead-F#1]          TextBuilder.java:412  | Skipping TextLine with null bounds: TextLine{ "" conf:NaN}
2026-05-10 00:13:57,814 WARN [Hallowed_Be_Your_Name-lead-F#1]          TextBuilder.java:412  | Skipping TextLine with null bounds: TextLine{ "" conf:NaN}
2026-05-10 00:13:57,814 WARN [Hallowed_Be_Your_Name-lead-F#1]          TextBuilder.java:412  | Skipping TextLine with null bounds: TextLine{ "" conf:NaN}
2026-05-10 00:13:57,814 WARN [Hallowed_Be_Your_Name-lead-F#1]          TextBuilder.java:412  | Skipping TextLine with null bounds: TextLine{ "" conf:NaN}
2026-05-10 00:13:57,814 WARN [Hallowed_Be_Your_Name-lead-F#1]          TextBuilder.java:412  | Skipping TextLine with null bounds: TextLine{ "" conf:NaN}
2026-05-10 00:13:57,814 WARN [Hallowed_Be_Your_Name-lead-F#1]          TextBuilder.java:412  | Skipping TextLine with null bounds: TextLine{ "" conf:NaN}
2026-05-10 00:13:57,814 WARN [Hallowed_Be_Your_Name-lead-F#1]          TextBuilder.java:412  | Skipping TextLine with null bounds: TextLine{ "" conf:NaN}
2026-05-10 00:13:57,814 WARN [Hallowed_Be_Your_Name-lead-F#1]          TextBuilder.java:412  | Skipping TextLine with null bounds: TextLine{ "" conf:NaN}
2026-05-10 00:13:57,814 WARN [Hallowed_Be_Your_Name-lead-F#1]          TextBuilder.java:412  | Skipping TextLine with null bounds: TextLine{ "" conf:NaN}
2026-05-10 00:13:57,814 WARN [Hallowed_Be_Your_Name-lead-F#1]          TextBuilder.java:412  | Skipping TextLine with null bounds: TextLine{ "" conf:NaN}
2026-05-10 00:13:57,814 WARN [Hallowed_Be_Your_Name-lead-F#1]          TextBuilder.java:412  | Skipping TextLine with null bounds: TextLine{ "" conf:NaN}
2026-05-10 00:13:57,814 WARN [Hallowed_Be_Your_Name-lead-F#1]          TextBuilder.java:412  | Skipping TextLine with null bounds: TextLine{ "" conf:NaN}
2026-05-10 00:13:57,814 WARN [Hallowed_Be_Your_Name-lead-F#1]          TextBuilder.java:412  | Skipping TextLine with null bounds: TextLine{ "" conf:NaN}
2026-05-10 00:13:57,814 WARN [Hallowed_Be_Your_Name-lead-F#1]          TextBuilder.java:412  | Skipping TextLine with null bounds: TextLine{ "" conf:NaN}
2026-05-10 00:13:57,814 WARN [Hallowed_Be_Your_Name-lead-F#1]          TextBuilder.java:412  | Skipping TextLine with null bounds: TextLine{ "" conf:NaN}
2026-05-10 00:13:57,814 WARN [Hallowed_Be_Your_Name-lead-F#1]          TextBuilder.java:412  | Skipping TextLine with null bounds: TextLine{ "" conf:NaN}
2026-05-10 00:13:57,814 WARN [Hallowed_Be_Your_Name-lead-F#1]          TextBuilder.java:412  | Skipping TextLine with null bounds: TextLine{ "" conf:NaN}
2026-05-10 00:13:57,814 WARN [Hallowed_Be_Your_Name-lead-F#1]          TextBuilder.java:412  | Skipping TextLine with null bounds: TextLine{ "" conf:NaN}
2026-05-10 00:13:57,814 WARN [Hallowed_Be_Your_Name-lead-F#1]          TextBuilder.java:412  | Skipping TextLine with null bounds: TextLine{ "" conf:NaN}
2026-05-10 00:13:57,814 WARN [Hallowed_Be_Your_Name-lead-F#1]          TextBuilder.java:412  | Skipping TextLine with null bounds: TextLine{ "" conf:NaN}
2026-05-10 00:13:57,814 WARN [Hallowed_Be_Your_Name-lead-F#1]          TextBuilder.java:412  | Skipping TextLine with null bounds: TextLine{ "" conf:NaN}
2026-05-10 00:13:57,820 WARN [Hallowed_Be_Your_Name-lead-F#1]          TextBuilder.java:412  | Skipping TextLine with null bounds: TextLine{ "" conf:NaN}
2026-05-10 00:13:57,820 WARN [Hallowed_Be_Your_Name-lead-F#1]          TextBuilder.java:412  | Skipping TextLine with null bounds: TextLine{ "" conf:NaN}
2026-05-10 00:13:57,820 WARN [Hallowed_Be_Your_Name-lead-F#1]          TextBuilder.java:412  | Skipping TextLine with null bounds: TextLine{ "" conf:NaN}
2026-05-10 00:13:57,820 WARN [Hallowed_Be_Your_Name-lead-F#1]          TextBuilder.java:412  | Skipping TextLine with null bounds: TextLine{ "" conf:NaN}
2026-05-10 00:13:57,820 WARN [Hallowed_Be_Your_Name-lead-F#1]          TextBuilder.java:412  | Skipping TextLine with null bounds: TextLine{ "" conf:NaN}
2026-05-10 00:13:57,820 WARN [Hallowed_Be_Your_Name-lead-F#1]          TextBuilder.java:412  | Skipping TextLine with null bounds: TextLine{ "" conf:NaN}
2026-05-10 00:13:57,820 WARN [Hallowed_Be_Your_Name-lead-F#1]          TextBuilder.java:412  | Skipping TextLine with null bounds: TextLine{ "" conf:NaN}
2026-05-10 00:13:57,820 WARN [Hallowed_Be_Your_Name-lead-F#1]          TextBuilder.java:412  | Skipping TextLine with null bounds: TextLine{ "" conf:NaN}
2026-05-10 00:13:57,820 WARN [Hallowed_Be_Your_Name-lead-F#1]          TextBuilder.java:412  | Skipping TextLine with null bounds: TextLine{ "" conf:NaN}
2026-05-10 00:13:57,820 WARN [Hallowed_Be_Your_Name-lead-F#1]          TextBuilder.java:412  | Skipping TextLine with null bounds: TextLine{ "" conf:NaN}
2026-05-10 00:13:57,820 WARN [Hallowed_Be_Your_Name-lead-F#1]          TextBuilder.java:412  | Skipping TextLine with null bounds: TextLine{ "" conf:NaN}
2026-05-10 00:13:57,820 WARN [Hallowed_Be_Your_Name-lead-F#1]          TextBuilder.java:412  | Skipping TextLine with null bounds: TextLine{ "" conf:NaN}
2026-05-10 00:13:57,820 WARN [Hallowed_Be_Your_Name-lead-F#1]          TextBuilder.java:412  | Skipping TextLine with null bounds: TextLine{ "" conf:NaN}
2026-05-10 00:13:57,820 WARN [Hallowed_Be_Your_Name-lead-F#1]          TextBuilder.java:412  | Skipping TextLine with null bounds: TextLine{ "" conf:NaN}
2026-05-10 00:13:57,820 WARN [Hallowed_Be_Your_Name-lead-F#1]          TextBuilder.java:412  | Skipping TextLine with null bounds: TextLine{ "" conf:NaN}
2026-05-10 00:13:57,824 WARN [Hallowed_Be_Your_Name-lead-F#1]          TextBuilder.java:412  | Skipping TextLine with null bounds: TextLine{ "" conf:NaN}
2026-05-10 00:14:02,439 INFO [Hallowed_Be_Your_Name-lead-F#1]           PageRhythm.java:176  | {Page#1.1} Starting PageRhythm time signature check
2026-05-10 00:14:02,439 INFO [Hallowed_Be_Your_Name-lead-F#1]           PageRhythm.java:178  | {Page#1.1} Initial range state: Range{SN1- tSig:6/8} → ts: TimePairInter#154{ FROZEN(0.952/0.952) staff:1 6/8}
2026-05-10 00:14:02,439 INFO [Hallowed_Be_Your_Name-lead-F#1]           PageRhythm.java:184  | {Page#1.1} Checking range: Range{SN1- tSig:6/8}, ts: TimePairInter#154{ FROZEN(0.952/0.952) staff:1 6/8}
2026-05-10 00:14:02,439 INFO [Hallowed_Be_Your_Name-lead-F#1]           PageRhythm.java:277  | Last range: Range{SN1-34 tSig:6/8 dur:3/4}
2026-05-10 00:14:02,439 INFO [Hallowed_Be_Your_Name-lead-F#1]           PageRhythm.java:278  | lastRange.timeRational = 6/8
2026-05-10 00:14:02,439 INFO [Hallowed_Be_Your_Name-lead-F#1]           PageRhythm.java:279  | lastRange.ts = TimePairInter#154{ FROZEN(0.952/0.952) staff:1 6/8}
2026-05-10 00:14:02,439 DEBUG [Hallowed_Be_Your_Name-lead-F#1]           PageRhythm.java:121  | MeasureStack#1 frats: 0 []
2026-05-10 00:14:02,454 DEBUG [Hallowed_Be_Your_Name-lead-F#1]           PageRhythm.java:121  | MeasureStack#2 frats: 3 [7770, 7775, 7776]
2026-05-10 00:14:02,454 DEBUG [Hallowed_Be_Your_Name-lead-F#1]           PageRhythm.java:121  | MeasureStack#3 frats: 1 [7237]
2026-05-10 00:14:02,457 DEBUG [Hallowed_Be_Your_Name-lead-F#1]           PageRhythm.java:121  | MeasureStack#4 frats: 2 [7777, 7778]
2026-05-10 00:14:02,458 DEBUG [Hallowed_Be_Your_Name-lead-F#1]           PageRhythm.java:121  | MeasureStack#5 frats: 0 []
2026-05-10 00:14:02,458 DEBUG [Hallowed_Be_Your_Name-lead-F#1]           PageRhythm.java:121  | MeasureStack#6 frats: 2 [7779, 7780]
2026-05-10 00:14:02,459 DEBUG [Hallowed_Be_Your_Name-lead-F#1]           PageRhythm.java:121  | MeasureStack#7 frats: 2 [8250, 8251]
2026-05-10 00:14:02,459 DEBUG [Hallowed_Be_Your_Name-lead-F#1]           PageRhythm.java:121  | MeasureStack#8 frats: 1 [8252]
2026-05-10 00:14:02,459 DEBUG [Hallowed_Be_Your_Name-lead-F#1]           PageRhythm.java:121  | MeasureStack#9 frats: 1 [8247]
2026-05-10 00:14:02,459 DEBUG [Hallowed_Be_Your_Name-lead-F#1]           PageRhythm.java:121  | MeasureStack#10 frats: 2 [8253, 8254]
2026-05-10 00:14:02,459 DEBUG [Hallowed_Be_Your_Name-lead-F#1]           PageRhythm.java:121  | MeasureStack#11 frats: 2 [8248, 8085]
2026-05-10 00:14:02,459 DEBUG [Hallowed_Be_Your_Name-lead-F#1]           PageRhythm.java:121  | MeasureStack#12 frats: 2 [8255, 8256]
2026-05-10 00:14:02,459 DEBUG [Hallowed_Be_Your_Name-lead-F#1]           PageRhythm.java:121  | MeasureStack#13 frats: 2 [8249, 8193]
2026-05-10 00:14:02,459 DEBUG [Hallowed_Be_Your_Name-lead-F#1]           PageRhythm.java:121  | MeasureStack#14 frats: 2 [8583, 8584]
2026-05-10 00:14:02,463 DEBUG [Hallowed_Be_Your_Name-lead-F#1]           PageRhythm.java:121  | MeasureStack#15 frats: 2 [8585, 8586]
2026-05-10 00:14:02,463 DEBUG [Hallowed_Be_Your_Name-lead-F#1]           PageRhythm.java:121  | MeasureStack#16 frats: 3 [8587, 8577, 8588]
2026-05-10 00:14:02,463 DEBUG [Hallowed_Be_Your_Name-lead-F#1]           PageRhythm.java:121  | MeasureStack#17 frats: 1 [8578]
2026-05-10 00:14:02,463 DEBUG [Hallowed_Be_Your_Name-lead-F#1]           PageRhythm.java:121  | MeasureStack#18 frats: 1 [8579]
2026-05-10 00:14:02,463 DEBUG [Hallowed_Be_Your_Name-lead-F#1]           PageRhythm.java:121  | MeasureStack#19 frats: 1 [8581]
2026-05-10 00:14:02,463 DEBUG [Hallowed_Be_Your_Name-lead-F#1]           PageRhythm.java:121  | MeasureStack#20 frats: 1 [8881]
2026-05-10 00:14:02,463 DEBUG [Hallowed_Be_Your_Name-lead-F#1]           PageRhythm.java:121  | MeasureStack#21 frats: 2 [8882, 8883]
2026-05-10 00:14:02,466 DEBUG [Hallowed_Be_Your_Name-lead-F#1]           PageRhythm.java:121  | MeasureStack#22 frats: 2 [8885, 8808]
2026-05-10 00:14:02,466 DEBUG [Hallowed_Be_Your_Name-lead-F#1]           PageRhythm.java:121  | MeasureStack#23 frats: 1 [8887]
2026-05-10 00:14:02,466 DEBUG [Hallowed_Be_Your_Name-lead-F#1]           PageRhythm.java:121  | MeasureStack#24 frats: 2 [9154, 9157]
2026-05-10 00:14:02,466 DEBUG [Hallowed_Be_Your_Name-lead-F#1]           PageRhythm.java:121  | MeasureStack#25 frats: 1 [9158]
2026-05-10 00:14:02,466 DEBUG [Hallowed_Be_Your_Name-lead-F#1]           PageRhythm.java:121  | MeasureStack#26 frats: 2 [9155, 9159]
2026-05-10 00:14:02,466 DEBUG [Hallowed_Be_Your_Name-lead-F#1]           PageRhythm.java:121  | MeasureStack#27 frats: 2 [9160, 9161]
2026-05-10 00:14:02,466 DEBUG [Hallowed_Be_Your_Name-lead-F#1]           PageRhythm.java:121  | MeasureStack#28 frats: 4 [9156, 9162, 9122, 9128]
2026-05-10 00:14:02,466 DEBUG [Hallowed_Be_Your_Name-lead-F#1]           PageRhythm.java:121  | MeasureStack#29 frats: 2 [9163, 9164]
2026-05-10 00:14:02,466 DEBUG [Hallowed_Be_Your_Name-lead-F#1]           PageRhythm.java:121  | MeasureStack#30 frats: 2 [9467, 9199]
2026-05-10 00:14:02,466 DEBUG [Hallowed_Be_Your_Name-lead-F#1]           PageRhythm.java:121  | MeasureStack#31 frats: 2 [9219, 9468]
2026-05-10 00:14:02,466 DEBUG [Hallowed_Be_Your_Name-lead-F#1]           PageRhythm.java:121  | MeasureStack#32 frats: 3 [9469, 9464, 9470]
2026-05-10 00:14:02,466 DEBUG [Hallowed_Be_Your_Name-lead-F#1]           PageRhythm.java:121  | MeasureStack#33 frats: 2 [9465, 9471]
2026-05-10 00:14:02,466 DEBUG [Hallowed_Be_Your_Name-lead-F#1]           PageRhythm.java:121  | MeasureStack#34 frats: 1 [9472]
2026-05-10 00:14:02,470 DEBUG [Hallowed_Be_Your_Name-lead-F#1]           PageRhythm.java:325  | Starting Range{SN1-34 tSig:6/8 dur:3/4}
2026-05-10 00:14:02,470 DEBUG [Hallowed_Be_Your_Name-lead-F#1]           PageRhythm.java:329  | About to process StackRhythm for MeasureStack#1
2026-05-10 00:14:02,471 DEBUG [Hallowed_Be_Your_Name-lead-F#1]          StackRhythm.java:221  | Setting expectedDuration=3/4 for stack on page 1
2026-05-10 00:14:02,478 DEBUG [Hallowed_Be_Your_Name-lead-F#1]           PageRhythm.java:331  | Finished processing StackRhythm for MeasureStack#1
2026-05-10 00:14:02,478 DEBUG [Hallowed_Be_Your_Name-lead-F#1]           PageRhythm.java:329  | About to process StackRhythm for MeasureStack#2
2026-05-10 00:14:02,482 DEBUG [Hallowed_Be_Your_Name-lead-F#1]          StackRhythm.java:221  | Setting expectedDuration=3/4 for stack on page 2
2026-05-10 00:14:02,490 INFO [Hallowed_Be_Your_Name-lead-F#1]          StackRhythm.java:226  | S1 MeasureStack#2 no correct rhythm
2026-05-10 00:14:02,490 DEBUG [Hallowed_Be_Your_Name-lead-F#1]           PageRhythm.java:331  | Finished processing StackRhythm for MeasureStack#2
2026-05-10 00:14:02,490 DEBUG [Hallowed_Be_Your_Name-lead-F#1]           PageRhythm.java:329  | About to process StackRhythm for MeasureStack#3
2026-05-10 00:14:02,491 DEBUG [Hallowed_Be_Your_Name-lead-F#1]          StackRhythm.java:221  | Setting expectedDuration=3/4 for stack on page 3
2026-05-10 00:14:02,491 DEBUG [Hallowed_Be_Your_Name-lead-F#1]           PageRhythm.java:331  | Finished processing StackRhythm for MeasureStack#3
2026-05-10 00:14:02,491 DEBUG [Hallowed_Be_Your_Name-lead-F#1]           PageRhythm.java:329  | About to process StackRhythm for MeasureStack#4
2026-05-10 00:14:02,491 DEBUG [Hallowed_Be_Your_Name-lead-F#1]          StackRhythm.java:221  | Setting expectedDuration=3/4 for stack on page 4
2026-05-10 00:14:02,496 DEBUG [Hallowed_Be_Your_Name-lead-F#1]           PageRhythm.java:331  | Finished processing StackRhythm for MeasureStack#4
2026-05-10 00:14:02,497 DEBUG [Hallowed_Be_Your_Name-lead-F#1]           PageRhythm.java:329  | About to process StackRhythm for MeasureStack#5
2026-05-10 00:14:02,497 DEBUG [Hallowed_Be_Your_Name-lead-F#1]          StackRhythm.java:221  | Setting expectedDuration=3/4 for stack on page 5
2026-05-10 00:14:02,497 DEBUG [Hallowed_Be_Your_Name-lead-F#1]           PageRhythm.java:331  | Finished processing StackRhythm for MeasureStack#5
2026-05-10 00:14:02,497 DEBUG [Hallowed_Be_Your_Name-lead-F#1]           PageRhythm.java:329  | About to process StackRhythm for MeasureStack#6
2026-05-10 00:14:02,497 DEBUG [Hallowed_Be_Your_Name-lead-F#1]          StackRhythm.java:221  | Setting expectedDuration=3/4 for stack on page 6
2026-05-10 00:14:02,497 DEBUG [Hallowed_Be_Your_Name-lead-F#1]           PageRhythm.java:331  | Finished processing StackRhythm for MeasureStack#6
2026-05-10 00:14:02,497 DEBUG [Hallowed_Be_Your_Name-lead-F#1]           PageRhythm.java:329  | About to process StackRhythm for MeasureStack#7
2026-05-10 00:14:02,497 DEBUG [Hallowed_Be_Your_Name-lead-F#1]          StackRhythm.java:221  | Setting expectedDuration=3/4 for stack on page 7
2026-05-10 00:14:02,505 DEBUG [Hallowed_Be_Your_Name-lead-F#1]           PageRhythm.java:331  | Finished processing StackRhythm for MeasureStack#7
2026-05-10 00:14:02,506 DEBUG [Hallowed_Be_Your_Name-lead-F#1]           PageRhythm.java:329  | About to process StackRhythm for MeasureStack#8
2026-05-10 00:14:02,506 DEBUG [Hallowed_Be_Your_Name-lead-F#1]          StackRhythm.java:221  | Setting expectedDuration=3/4 for stack on page 8
2026-05-10 00:14:02,506 DEBUG [Hallowed_Be_Your_Name-lead-F#1]           PageRhythm.java:331  | Finished processing StackRhythm for MeasureStack#8
2026-05-10 00:14:02,506 DEBUG [Hallowed_Be_Your_Name-lead-F#1]           PageRhythm.java:329  | About to process StackRhythm for MeasureStack#9
2026-05-10 00:14:02,506 DEBUG [Hallowed_Be_Your_Name-lead-F#1]          StackRhythm.java:221  | Setting expectedDuration=3/4 for stack on page 9
2026-05-10 00:14:02,508 DEBUG [Hallowed_Be_Your_Name-lead-F#1]           PageRhythm.java:331  | Finished processing StackRhythm for MeasureStack#9
2026-05-10 00:14:02,509 DEBUG [Hallowed_Be_Your_Name-lead-F#1]           PageRhythm.java:329  | About to process StackRhythm for MeasureStack#10
2026-05-10 00:14:02,509 DEBUG [Hallowed_Be_Your_Name-lead-F#1]          StackRhythm.java:221  | Setting expectedDuration=3/4 for stack on page 10
2026-05-10 00:14:02,512 DEBUG [Hallowed_Be_Your_Name-lead-F#1]           PageRhythm.java:331  | Finished processing StackRhythm for MeasureStack#10
2026-05-10 00:14:02,512 DEBUG [Hallowed_Be_Your_Name-lead-F#1]           PageRhythm.java:329  | About to process StackRhythm for MeasureStack#11
2026-05-10 00:14:02,512 DEBUG [Hallowed_Be_Your_Name-lead-F#1]          StackRhythm.java:221  | Setting expectedDuration=3/4 for stack on page 11
2026-05-10 00:14:02,514 DEBUG [Hallowed_Be_Your_Name-lead-F#1]           PageRhythm.java:331  | Finished processing StackRhythm for MeasureStack#11
2026-05-10 00:14:02,514 DEBUG [Hallowed_Be_Your_Name-lead-F#1]           PageRhythm.java:329  | About to process StackRhythm for MeasureStack#12
2026-05-10 00:14:02,514 DEBUG [Hallowed_Be_Your_Name-lead-F#1]          StackRhythm.java:221  | Setting expectedDuration=3/4 for stack on page 12
2026-05-10 00:14:02,514 DEBUG [Hallowed_Be_Your_Name-lead-F#1]           PageRhythm.java:331  | Finished processing StackRhythm for MeasureStack#12
2026-05-10 00:14:02,514 DEBUG [Hallowed_Be_Your_Name-lead-F#1]           PageRhythm.java:329  | About to process StackRhythm for MeasureStack#13
2026-05-10 00:14:02,514 DEBUG [Hallowed_Be_Your_Name-lead-F#1]          StackRhythm.java:221  | Setting expectedDuration=3/4 for stack on page 13
2026-05-10 00:14:02,514 DEBUG [Hallowed_Be_Your_Name-lead-F#1]           PageRhythm.java:331  | Finished processing StackRhythm for MeasureStack#13
2026-05-10 00:14:02,514 DEBUG [Hallowed_Be_Your_Name-lead-F#1]           PageRhythm.java:329  | About to process StackRhythm for MeasureStack#14
2026-05-10 00:14:02,521 DEBUG [Hallowed_Be_Your_Name-lead-F#1]          StackRhythm.java:221  | Setting expectedDuration=3/4 for stack on page 14
2026-05-10 00:14:02,522 DEBUG [Hallowed_Be_Your_Name-lead-F#1]           PageRhythm.java:331  | Finished processing StackRhythm for MeasureStack#14
2026-05-10 00:14:02,522 DEBUG [Hallowed_Be_Your_Name-lead-F#1]           PageRhythm.java:329  | About to process StackRhythm for MeasureStack#15
2026-05-10 00:14:02,522 DEBUG [Hallowed_Be_Your_Name-lead-F#1]          StackRhythm.java:221  | Setting expectedDuration=3/4 for stack on page 15
2026-05-10 00:14:02,522 DEBUG [Hallowed_Be_Your_Name-lead-F#1]           PageRhythm.java:331  | Finished processing StackRhythm for MeasureStack#15
2026-05-10 00:14:02,522 DEBUG [Hallowed_Be_Your_Name-lead-F#1]           PageRhythm.java:329  | About to process StackRhythm for MeasureStack#16
2026-05-10 00:14:02,525 DEBUG [Hallowed_Be_Your_Name-lead-F#1]          StackRhythm.java:221  | Setting expectedDuration=3/4 for stack on page 16
2026-05-10 00:14:02,527 DEBUG [Hallowed_Be_Your_Name-lead-F#1]           PageRhythm.java:331  | Finished processing StackRhythm for MeasureStack#16
2026-05-10 00:14:02,527 DEBUG [Hallowed_Be_Your_Name-lead-F#1]           PageRhythm.java:329  | About to process StackRhythm for MeasureStack#17
2026-05-10 00:14:02,527 DEBUG [Hallowed_Be_Your_Name-lead-F#1]          StackRhythm.java:221  | Setting expectedDuration=3/4 for stack on page 17
2026-05-10 00:14:02,530 DEBUG [Hallowed_Be_Your_Name-lead-F#1]           PageRhythm.java:331  | Finished processing StackRhythm for MeasureStack#17
2026-05-10 00:14:02,531 DEBUG [Hallowed_Be_Your_Name-lead-F#1]           PageRhythm.java:329  | About to process StackRhythm for MeasureStack#18
2026-05-10 00:14:02,531 DEBUG [Hallowed_Be_Your_Name-lead-F#1]          StackRhythm.java:221  | Setting expectedDuration=3/4 for stack on page 18
2026-05-10 00:14:02,531 DEBUG [Hallowed_Be_Your_Name-lead-F#1]           PageRhythm.java:331  | Finished processing StackRhythm for MeasureStack#18
2026-05-10 00:14:02,531 DEBUG [Hallowed_Be_Your_Name-lead-F#1]           PageRhythm.java:329  | About to process StackRhythm for MeasureStack#19
2026-05-10 00:14:02,536 DEBUG [Hallowed_Be_Your_Name-lead-F#1]          StackRhythm.java:221  | Setting expectedDuration=3/4 for stack on page 19
2026-05-10 00:14:02,538 DEBUG [Hallowed_Be_Your_Name-lead-F#1]           PageRhythm.java:331  | Finished processing StackRhythm for MeasureStack#19
2026-05-10 00:14:02,538 DEBUG [Hallowed_Be_Your_Name-lead-F#1]           PageRhythm.java:329  | About to process StackRhythm for MeasureStack#20
2026-05-10 00:14:02,538 DEBUG [Hallowed_Be_Your_Name-lead-F#1]          StackRhythm.java:221  | Setting expectedDuration=3/4 for stack on page 20
2026-05-10 00:14:02,540 INFO [Hallowed_Be_Your_Name-lead-F#1]          StackRhythm.java:226  | S4 MeasureStack#20 no correct rhythm
2026-05-10 00:14:02,540 DEBUG [Hallowed_Be_Your_Name-lead-F#1]           PageRhythm.java:331  | Finished processing StackRhythm for MeasureStack#20
2026-05-10 00:14:02,540 DEBUG [Hallowed_Be_Your_Name-lead-F#1]           PageRhythm.java:329  | About to process StackRhythm for MeasureStack#21
2026-05-10 00:14:02,541 DEBUG [Hallowed_Be_Your_Name-lead-F#1]          StackRhythm.java:221  | Setting expectedDuration=3/4 for stack on page 21
2026-05-10 00:14:02,545 INFO [Hallowed_Be_Your_Name-lead-F#1]          StackRhythm.java:226  | S4 MeasureStack#21 no correct rhythm
2026-05-10 00:14:02,545 DEBUG [Hallowed_Be_Your_Name-lead-F#1]           PageRhythm.java:331  | Finished processing StackRhythm for MeasureStack#21
2026-05-10 00:14:02,545 DEBUG [Hallowed_Be_Your_Name-lead-F#1]           PageRhythm.java:329  | About to process StackRhythm for MeasureStack#22
2026-05-10 00:14:02,547 DEBUG [Hallowed_Be_Your_Name-lead-F#1]          StackRhythm.java:221  | Setting expectedDuration=3/4 for stack on page 22
2026-05-10 00:14:02,547 DEBUG [Hallowed_Be_Your_Name-lead-F#1]           PageRhythm.java:331  | Finished processing StackRhythm for MeasureStack#22
2026-05-10 00:14:02,547 DEBUG [Hallowed_Be_Your_Name-lead-F#1]           PageRhythm.java:329  | About to process StackRhythm for MeasureStack#23
2026-05-10 00:14:02,547 DEBUG [Hallowed_Be_Your_Name-lead-F#1]          StackRhythm.java:221  | Setting expectedDuration=3/4 for stack on page 23
2026-05-10 00:14:02,547 DEBUG [Hallowed_Be_Your_Name-lead-F#1]           PageRhythm.java:331  | Finished processing StackRhythm for MeasureStack#23
2026-05-10 00:14:02,547 DEBUG [Hallowed_Be_Your_Name-lead-F#1]           PageRhythm.java:329  | About to process StackRhythm for MeasureStack#24
2026-05-10 00:14:02,552 DEBUG [Hallowed_Be_Your_Name-lead-F#1]          StackRhythm.java:221  | Setting expectedDuration=3/4 for stack on page 24
2026-05-10 00:14:02,553 DEBUG [Hallowed_Be_Your_Name-lead-F#1]           PageRhythm.java:331  | Finished processing StackRhythm for MeasureStack#24
2026-05-10 00:14:02,553 DEBUG [Hallowed_Be_Your_Name-lead-F#1]           PageRhythm.java:329  | About to process StackRhythm for MeasureStack#25
2026-05-10 00:14:02,553 DEBUG [Hallowed_Be_Your_Name-lead-F#1]          StackRhythm.java:221  | Setting expectedDuration=3/4 for stack on page 25
2026-05-10 00:14:02,553 DEBUG [Hallowed_Be_Your_Name-lead-F#1]           PageRhythm.java:331  | Finished processing StackRhythm for MeasureStack#25
2026-05-10 00:14:02,553 DEBUG [Hallowed_Be_Your_Name-lead-F#1]           PageRhythm.java:329  | About to process StackRhythm for MeasureStack#26
2026-05-10 00:14:02,553 DEBUG [Hallowed_Be_Your_Name-lead-F#1]          StackRhythm.java:221  | Setting expectedDuration=3/4 for stack on page 26
2026-05-10 00:14:02,556 DEBUG [Hallowed_Be_Your_Name-lead-F#1]           PageRhythm.java:331  | Finished processing StackRhythm for MeasureStack#26
2026-05-10 00:14:02,556 DEBUG [Hallowed_Be_Your_Name-lead-F#1]           PageRhythm.java:329  | About to process StackRhythm for MeasureStack#27
2026-05-10 00:14:02,558 DEBUG [Hallowed_Be_Your_Name-lead-F#1]          StackRhythm.java:221  | Setting expectedDuration=3/4 for stack on page 27
2026-05-10 00:14:02,558 DEBUG [Hallowed_Be_Your_Name-lead-F#1]           PageRhythm.java:331  | Finished processing StackRhythm for MeasureStack#27
2026-05-10 00:14:02,558 DEBUG [Hallowed_Be_Your_Name-lead-F#1]           PageRhythm.java:329  | About to process StackRhythm for MeasureStack#28
2026-05-10 00:14:02,558 DEBUG [Hallowed_Be_Your_Name-lead-F#1]          StackRhythm.java:221  | Setting expectedDuration=3/4 for stack on page 28
2026-05-10 00:14:02,560 DEBUG [Hallowed_Be_Your_Name-lead-F#1]           PageRhythm.java:331  | Finished processing StackRhythm for MeasureStack#28
2026-05-10 00:14:02,560 DEBUG [Hallowed_Be_Your_Name-lead-F#1]           PageRhythm.java:329  | About to process StackRhythm for MeasureStack#29
2026-05-10 00:14:02,562 DEBUG [Hallowed_Be_Your_Name-lead-F#1]          StackRhythm.java:221  | Setting expectedDuration=3/4 for stack on page 29
2026-05-10 00:14:02,562 DEBUG [Hallowed_Be_Your_Name-lead-F#1]           PageRhythm.java:331  | Finished processing StackRhythm for MeasureStack#29
2026-05-10 00:14:02,564 DEBUG [Hallowed_Be_Your_Name-lead-F#1]           PageRhythm.java:329  | About to process StackRhythm for MeasureStack#30
2026-05-10 00:14:02,564 DEBUG [Hallowed_Be_Your_Name-lead-F#1]          StackRhythm.java:221  | Setting expectedDuration=3/4 for stack on page 30
2026-05-10 00:14:02,564 DEBUG [Hallowed_Be_Your_Name-lead-F#1]           PageRhythm.java:331  | Finished processing StackRhythm for MeasureStack#30
2026-05-10 00:14:02,564 DEBUG [Hallowed_Be_Your_Name-lead-F#1]           PageRhythm.java:329  | About to process StackRhythm for MeasureStack#31
2026-05-10 00:14:02,564 DEBUG [Hallowed_Be_Your_Name-lead-F#1]          StackRhythm.java:221  | Setting expectedDuration=3/4 for stack on page 31
2026-05-10 00:14:02,564 DEBUG [Hallowed_Be_Your_Name-lead-F#1]           PageRhythm.java:331  | Finished processing StackRhythm for MeasureStack#31
2026-05-10 00:14:02,564 DEBUG [Hallowed_Be_Your_Name-lead-F#1]           PageRhythm.java:329  | About to process StackRhythm for MeasureStack#32
2026-05-10 00:14:02,564 DEBUG [Hallowed_Be_Your_Name-lead-F#1]          StackRhythm.java:221  | Setting expectedDuration=3/4 for stack on page 32
2026-05-10 00:14:02,564 DEBUG [Hallowed_Be_Your_Name-lead-F#1]           PageRhythm.java:331  | Finished processing StackRhythm for MeasureStack#32
2026-05-10 00:14:02,564 DEBUG [Hallowed_Be_Your_Name-lead-F#1]           PageRhythm.java:329  | About to process StackRhythm for MeasureStack#33
2026-05-10 00:14:02,564 DEBUG [Hallowed_Be_Your_Name-lead-F#1]          StackRhythm.java:221  | Setting expectedDuration=3/4 for stack on page 33
2026-05-10 00:14:02,571 DEBUG [Hallowed_Be_Your_Name-lead-F#1]           PageRhythm.java:331  | Finished processing StackRhythm for MeasureStack#33
2026-05-10 00:14:02,572 DEBUG [Hallowed_Be_Your_Name-lead-F#1]           PageRhythm.java:329  | About to process StackRhythm for MeasureStack#34
2026-05-10 00:14:02,572 DEBUG [Hallowed_Be_Your_Name-lead-F#1]          StackRhythm.java:221  | Setting expectedDuration=3/4 for stack on page 34
2026-05-10 00:14:02,572 DEBUG [Hallowed_Be_Your_Name-lead-F#1]           PageRhythm.java:331  | Finished processing StackRhythm for MeasureStack#34
2026-05-10 00:14:08,677 WARN [Hallowed_Be_Your_Name-lead-F#2]          TextBuilder.java:412  | Skipping TextLine with null bounds: TextLine{ "" conf:NaN}
2026-05-10 00:14:08,677 WARN [Hallowed_Be_Your_Name-lead-F#2]          TextBuilder.java:412  | Skipping TextLine with null bounds: TextLine{ "" conf:NaN}
2026-05-10 00:14:08,677 WARN [Hallowed_Be_Your_Name-lead-F#2]          TextBuilder.java:412  | Skipping TextLine with null bounds: TextLine{ "" conf:NaN}
2026-05-10 00:14:08,677 WARN [Hallowed_Be_Your_Name-lead-F#2]          TextBuilder.java:412  | Skipping TextLine with null bounds: TextLine{ "" conf:NaN}
2026-05-10 00:14:08,677 WARN [Hallowed_Be_Your_Name-lead-F#2]          TextBuilder.java:412  | Skipping TextLine with null bounds: TextLine{ "" conf:NaN}
2026-05-10 00:14:08,677 WARN [Hallowed_Be_Your_Name-lead-F#2]          TextBuilder.java:412  | Skipping TextLine with null bounds: TextLine{ "" conf:NaN}
2026-05-10 00:14:08,677 WARN [Hallowed_Be_Your_Name-lead-F#2]          TextBuilder.java:412  | Skipping TextLine with null bounds: TextLine{ "" conf:NaN}
2026-05-10 00:14:08,677 WARN [Hallowed_Be_Your_Name-lead-F#2]          TextBuilder.java:412  | Skipping TextLine with null bounds: TextLine{ "" conf:NaN}
2026-05-10 00:14:08,677 WARN [Hallowed_Be_Your_Name-lead-F#2]          TextBuilder.java:412  | Skipping TextLine with null bounds: TextLine{ "" conf:NaN}
2026-05-10 00:14:08,677 WARN [Hallowed_Be_Your_Name-lead-F#2]          TextBuilder.java:412  | Skipping TextLine with null bounds: TextLine{ "" conf:NaN}
2026-05-10 00:14:08,687 WARN [Hallowed_Be_Your_Name-lead-F#2]          TextBuilder.java:412  | Skipping TextLine with null bounds: TextLine{ "" conf:NaN}
2026-05-10 00:14:08,687 WARN [Hallowed_Be_Your_Name-lead-F#2]          TextBuilder.java:412  | Skipping TextLine with null bounds: TextLine{ "" conf:NaN}
2026-05-10 00:14:08,687 WARN [Hallowed_Be_Your_Name-lead-F#2]          TextBuilder.java:412  | Skipping TextLine with null bounds: TextLine{ "" conf:NaN}
2026-05-10 00:14:08,687 WARN [Hallowed_Be_Your_Name-lead-F#2]          TextBuilder.java:412  | Skipping TextLine with null bounds: TextLine{ "" conf:NaN}
2026-05-10 00:14:08,689 WARN [Hallowed_Be_Your_Name-lead-F#2]          TextBuilder.java:412  | Skipping TextLine with null bounds: TextLine{ "" conf:NaN}
2026-05-10 00:14:08,690 WARN [Hallowed_Be_Your_Name-lead-F#2]          TextBuilder.java:412  | Skipping TextLine with null bounds: TextLine{ "" conf:NaN}
2026-05-10 00:14:08,690 WARN [Hallowed_Be_Your_Name-lead-F#2]          TextBuilder.java:412  | Skipping TextLine with null bounds: TextLine{ "" conf:NaN}
2026-05-10 00:14:08,691 WARN [Hallowed_Be_Your_Name-lead-F#2]          TextBuilder.java:412  | Skipping TextLine with null bounds: TextLine{ "" conf:NaN}
2026-05-10 00:14:08,692 WARN [Hallowed_Be_Your_Name-lead-F#2]          TextBuilder.java:412  | Skipping TextLine with null bounds: TextLine{ "" conf:NaN}
2026-05-10 00:14:08,693 WARN [Hallowed_Be_Your_Name-lead-F#2]          TextBuilder.java:412  | Skipping TextLine with null bounds: TextLine{ "" conf:NaN}
2026-05-10 00:14:08,693 WARN [Hallowed_Be_Your_Name-lead-F#2]          TextBuilder.java:412  | Skipping TextLine with null bounds: TextLine{ "" conf:NaN}
2026-05-10 00:14:08,695 WARN [Hallowed_Be_Your_Name-lead-F#2]          TextBuilder.java:412  | Skipping TextLine with null bounds: TextLine{ "" conf:NaN}
2026-05-10 00:14:08,697 WARN [Hallowed_Be_Your_Name-lead-F#2]          TextBuilder.java:412  | Skipping TextLine with null bounds: TextLine{ "" conf:NaN}
2026-05-10 00:14:08,697 WARN [Hallowed_Be_Your_Name-lead-F#2]          TextBuilder.java:412  | Skipping TextLine with null bounds: TextLine{ "" conf:NaN}
2026-05-10 00:14:08,697 WARN [Hallowed_Be_Your_Name-lead-F#2]          TextBuilder.java:412  | Skipping TextLine with null bounds: TextLine{ "" conf:NaN}
2026-05-10 00:14:08,700 WARN [Hallowed_Be_Your_Name-lead-F#2]          TextBuilder.java:412  | Skipping TextLine with null bounds: TextLine{ "" conf:NaN}
2026-05-10 00:14:08,701 WARN [Hallowed_Be_Your_Name-lead-F#2]          TextBuilder.java:412  | Skipping TextLine with null bounds: TextLine{ "" conf:NaN}
2026-05-10 00:14:08,701 WARN [Hallowed_Be_Your_Name-lead-F#2]          TextBuilder.java:412  | Skipping TextLine with null bounds: TextLine{ "" conf:NaN}
2026-05-10 00:14:08,701 WARN [Hallowed_Be_Your_Name-lead-F#2]          TextBuilder.java:412  | Skipping TextLine with null bounds: TextLine{ "" conf:NaN}
2026-05-10 00:14:08,701 WARN [Hallowed_Be_Your_Name-lead-F#2]          TextBuilder.java:412  | Skipping TextLine with null bounds: TextLine{ "" conf:NaN}
2026-05-10 00:14:08,703 WARN [Hallowed_Be_Your_Name-lead-F#2]          TextBuilder.java:412  | Skipping TextLine with null bounds: TextLine{ "" conf:NaN}
2026-05-10 00:14:08,703 WARN [Hallowed_Be_Your_Name-lead-F#2]          TextBuilder.java:412  | Skipping TextLine with null bounds: TextLine{ "" conf:NaN}
2026-05-10 00:14:08,703 WARN [Hallowed_Be_Your_Name-lead-F#2]          TextBuilder.java:412  | Skipping TextLine with null bounds: TextLine{ "" conf:NaN}
2026-05-10 00:14:08,703 WARN [Hallowed_Be_Your_Name-lead-F#2]          TextBuilder.java:412  | Skipping TextLine with null bounds: TextLine{ "" conf:NaN}
2026-05-10 00:14:08,703 WARN [Hallowed_Be_Your_Name-lead-F#2]          TextBuilder.java:412  | Skipping TextLine with null bounds: TextLine{ "" conf:NaN}
2026-05-10 00:14:08,703 WARN [Hallowed_Be_Your_Name-lead-F#2]          TextBuilder.java:412  | Skipping TextLine with null bounds: TextLine{ "" conf:NaN}
2026-05-10 00:14:08,703 WARN [Hallowed_Be_Your_Name-lead-F#2]          TextBuilder.java:412  | Skipping TextLine with null bounds: TextLine{ "" conf:NaN}
2026-05-10 00:14:08,703 WARN [Hallowed_Be_Your_Name-lead-F#2]          TextBuilder.java:412  | Skipping TextLine with null bounds: TextLine{ "" conf:NaN}
2026-05-10 00:14:08,708 WARN [Hallowed_Be_Your_Name-lead-F#2]          TextBuilder.java:412  | Skipping TextLine with null bounds: TextLine{ "" conf:NaN}
2026-05-10 00:14:10,405 INFO [Hallowed_Be_Your_Name-lead-F#2]           PageRhythm.java:176  | {Page#2.1} Starting PageRhythm time signature check
2026-05-10 00:14:10,421 INFO [Hallowed_Be_Your_Name-lead-F#2]           PageRhythm.java:178  | {Page#2.1} Initial range state: Range{SN1-} → ts: null
2026-05-10 00:14:10,421 INFO [Hallowed_Be_Your_Name-lead-F#2]           PageRhythm.java:184  | {Page#2.1} Checking range: Range{SN1-}, ts: null
2026-05-10 00:14:10,421 INFO [Hallowed_Be_Your_Name-lead-F#2]           PageRhythm.java:207  | {Page#2.1} Time value reused from sheet#1
2026-05-10 00:14:10,421 INFO [Hallowed_Be_Your_Name-lead-F#2]           PageRhythm.java:277  | Last range: Range{SN1-13 tRat:6/8 dur:3/4}
2026-05-10 00:14:10,424 INFO [Hallowed_Be_Your_Name-lead-F#2]           PageRhythm.java:278  | lastRange.timeRational = 6/8
2026-05-10 00:14:10,429 INFO [Hallowed_Be_Your_Name-lead-F#2]           PageRhythm.java:279  | lastRange.ts = null
2026-05-10 00:14:10,431 DEBUG [Hallowed_Be_Your_Name-lead-F#2]           PageRhythm.java:121  | MeasureStack#1 frats: 2 [2418, 2419]
2026-05-10 00:14:10,431 DEBUG [Hallowed_Be_Your_Name-lead-F#2]           PageRhythm.java:121  | MeasureStack#2 frats: 0 []
2026-05-10 00:14:10,431 DEBUG [Hallowed_Be_Your_Name-lead-F#2]           PageRhythm.java:121  | MeasureStack#3 frats: 2 [2420, 2421]
2026-05-10 00:14:10,435 DEBUG [Hallowed_Be_Your_Name-lead-F#2]           PageRhythm.java:121  | MeasureStack#4 frats: 3 [2414, 2422, 2424]
2026-05-10 00:14:10,435 DEBUG [Hallowed_Be_Your_Name-lead-F#2]           PageRhythm.java:121  | MeasureStack#5 frats: 2 [2425, 2426]
2026-05-10 00:14:10,435 DEBUG [Hallowed_Be_Your_Name-lead-F#2]           PageRhythm.java:121  | MeasureStack#6 frats: 3 [2427, 2417, 2429]
2026-05-10 00:14:10,435 DEBUG [Hallowed_Be_Your_Name-lead-F#2]           PageRhythm.java:121  | MeasureStack#7 frats: 3 [2446, 2566, 2567]
2026-05-10 00:14:10,435 DEBUG [Hallowed_Be_Your_Name-lead-F#2]           PageRhythm.java:121  | MeasureStack#8 frats: 1 [2568]
2026-05-10 00:14:10,435 DEBUG [Hallowed_Be_Your_Name-lead-F#2]           PageRhythm.java:121  | MeasureStack#9 frats: 3 [2569, 2563, 2570]
2026-05-10 00:14:10,435 DEBUG [Hallowed_Be_Your_Name-lead-F#2]           PageRhythm.java:121  | MeasureStack#10 frats: 1 [2564]
2026-05-10 00:14:10,435 DEBUG [Hallowed_Be_Your_Name-lead-F#2]           PageRhythm.java:121  | MeasureStack#11 frats: 2 [2571, 2572]
2026-05-10 00:14:10,435 DEBUG [Hallowed_Be_Your_Name-lead-F#2]           PageRhythm.java:121  | MeasureStack#12 frats: 1 [2671]
2026-05-10 00:14:10,435 DEBUG [Hallowed_Be_Your_Name-lead-F#2]           PageRhythm.java:121  | MeasureStack#13 frats: 1 [2672]
2026-05-10 00:14:10,442 DEBUG [Hallowed_Be_Your_Name-lead-F#2]           PageRhythm.java:325  | Starting Range{SN1-13 tRat:6/8 dur:3/4}
2026-05-10 00:14:10,442 DEBUG [Hallowed_Be_Your_Name-lead-F#2]           PageRhythm.java:329  | About to process StackRhythm for MeasureStack#1
2026-05-10 00:14:10,442 DEBUG [Hallowed_Be_Your_Name-lead-F#2]          StackRhythm.java:221  | Setting expectedDuration=3/4 for stack on page 1
2026-05-10 00:14:10,442 DEBUG [Hallowed_Be_Your_Name-lead-F#2]           PageRhythm.java:331  | Finished processing StackRhythm for MeasureStack#1
2026-05-10 00:14:10,444 DEBUG [Hallowed_Be_Your_Name-lead-F#2]           PageRhythm.java:329  | About to process StackRhythm for MeasureStack#2
2026-05-10 00:14:10,445 DEBUG [Hallowed_Be_Your_Name-lead-F#2]          StackRhythm.java:221  | Setting expectedDuration=3/4 for stack on page 2
2026-05-10 00:14:10,446 DEBUG [Hallowed_Be_Your_Name-lead-F#2]           PageRhythm.java:331  | Finished processing StackRhythm for MeasureStack#2
2026-05-10 00:14:10,446 DEBUG [Hallowed_Be_Your_Name-lead-F#2]           PageRhythm.java:329  | About to process StackRhythm for MeasureStack#3
2026-05-10 00:14:10,447 DEBUG [Hallowed_Be_Your_Name-lead-F#2]          StackRhythm.java:221  | Setting expectedDuration=3/4 for stack on page 3
2026-05-10 00:14:10,448 DEBUG [Hallowed_Be_Your_Name-lead-F#2]           PageRhythm.java:331  | Finished processing StackRhythm for MeasureStack#3
2026-05-10 00:14:10,448 DEBUG [Hallowed_Be_Your_Name-lead-F#2]           PageRhythm.java:329  | About to process StackRhythm for MeasureStack#4
2026-05-10 00:14:10,448 DEBUG [Hallowed_Be_Your_Name-lead-F#2]          StackRhythm.java:221  | Setting expectedDuration=3/4 for stack on page 4
2026-05-10 00:14:10,450 DEBUG [Hallowed_Be_Your_Name-lead-F#2]           PageRhythm.java:331  | Finished processing StackRhythm for MeasureStack#4
2026-05-10 00:14:10,452 DEBUG [Hallowed_Be_Your_Name-lead-F#2]           PageRhythm.java:329  | About to process StackRhythm for MeasureStack#5
2026-05-10 00:14:10,452 DEBUG [Hallowed_Be_Your_Name-lead-F#2]          StackRhythm.java:221  | Setting expectedDuration=3/4 for stack on page 5
2026-05-10 00:14:10,452 DEBUG [Hallowed_Be_Your_Name-lead-F#2]           PageRhythm.java:331  | Finished processing StackRhythm for MeasureStack#5
2026-05-10 00:14:10,452 DEBUG [Hallowed_Be_Your_Name-lead-F#2]           PageRhythm.java:329  | About to process StackRhythm for MeasureStack#6
2026-05-10 00:14:10,452 DEBUG [Hallowed_Be_Your_Name-lead-F#2]          StackRhythm.java:221  | Setting expectedDuration=3/4 for stack on page 6
2026-05-10 00:14:10,452 DEBUG [Hallowed_Be_Your_Name-lead-F#2]           PageRhythm.java:331  | Finished processing StackRhythm for MeasureStack#6
2026-05-10 00:14:10,452 DEBUG [Hallowed_Be_Your_Name-lead-F#2]           PageRhythm.java:329  | About to process StackRhythm for MeasureStack#7
2026-05-10 00:14:10,452 DEBUG [Hallowed_Be_Your_Name-lead-F#2]          StackRhythm.java:221  | Setting expectedDuration=3/4 for stack on page 7
2026-05-10 00:14:10,452 DEBUG [Hallowed_Be_Your_Name-lead-F#2]           PageRhythm.java:331  | Finished processing StackRhythm for MeasureStack#7
2026-05-10 00:14:10,452 DEBUG [Hallowed_Be_Your_Name-lead-F#2]           PageRhythm.java:329  | About to process StackRhythm for MeasureStack#8
2026-05-10 00:14:10,452 DEBUG [Hallowed_Be_Your_Name-lead-F#2]          StackRhythm.java:221  | Setting expectedDuration=3/4 for stack on page 8
2026-05-10 00:14:10,452 DEBUG [Hallowed_Be_Your_Name-lead-F#2]           PageRhythm.java:331  | Finished processing StackRhythm for MeasureStack#8
2026-05-10 00:14:10,452 DEBUG [Hallowed_Be_Your_Name-lead-F#2]           PageRhythm.java:329  | About to process StackRhythm for MeasureStack#9
2026-05-10 00:14:10,452 DEBUG [Hallowed_Be_Your_Name-lead-F#2]          StackRhythm.java:221  | Setting expectedDuration=3/4 for stack on page 9
2026-05-10 00:14:10,452 DEBUG [Hallowed_Be_Your_Name-lead-F#2]           PageRhythm.java:331  | Finished processing StackRhythm for MeasureStack#9
2026-05-10 00:14:10,458 DEBUG [Hallowed_Be_Your_Name-lead-F#2]           PageRhythm.java:329  | About to process StackRhythm for MeasureStack#10
2026-05-10 00:14:10,458 DEBUG [Hallowed_Be_Your_Name-lead-F#2]          StackRhythm.java:221  | Setting expectedDuration=3/4 for stack on page 10
2026-05-10 00:14:10,459 DEBUG [Hallowed_Be_Your_Name-lead-F#2]           PageRhythm.java:331  | Finished processing StackRhythm for MeasureStack#10
2026-05-10 00:14:10,459 DEBUG [Hallowed_Be_Your_Name-lead-F#2]           PageRhythm.java:329  | About to process StackRhythm for MeasureStack#11
2026-05-10 00:14:10,459 DEBUG [Hallowed_Be_Your_Name-lead-F#2]          StackRhythm.java:221  | Setting expectedDuration=3/4 for stack on page 11
2026-05-10 00:14:10,459 DEBUG [Hallowed_Be_Your_Name-lead-F#2]           PageRhythm.java:331  | Finished processing StackRhythm for MeasureStack#11
2026-05-10 00:14:10,461 DEBUG [Hallowed_Be_Your_Name-lead-F#2]           PageRhythm.java:329  | About to process StackRhythm for MeasureStack#12
2026-05-10 00:14:10,461 DEBUG [Hallowed_Be_Your_Name-lead-F#2]          StackRhythm.java:221  | Setting expectedDuration=3/4 for stack on page 12
2026-05-10 00:14:10,462 INFO [Hallowed_Be_Your_Name-lead-F#2]          StackRhythm.java:226  | S3 MeasureStack#12 no correct rhythm
2026-05-10 00:14:10,462 DEBUG [Hallowed_Be_Your_Name-lead-F#2]           PageRhythm.java:331  | Finished processing StackRhythm for MeasureStack#12
2026-05-10 00:14:10,462 DEBUG [Hallowed_Be_Your_Name-lead-F#2]           PageRhythm.java:329  | About to process StackRhythm for MeasureStack#13
2026-05-10 00:14:10,462 DEBUG [Hallowed_Be_Your_Name-lead-F#2]          StackRhythm.java:221  | Setting expectedDuration=3/4 for stack on page 13
2026-05-10 00:14:10,462 DEBUG [Hallowed_Be_Your_Name-lead-F#2]           PageRhythm.java:331  | Finished processing StackRhythm for MeasureStack#13
