2026-05-10 19:17:11,117 WARN [It Is Well With My Soul-lead-C]         ScaleBuilder.java:293  | No reliable beam height found, guessed value: 10
2026-05-10 19:17:19,820 WARN [It Is Well With My Soul-lead-C]          TextBuilder.java:412  | Skipping TextLine with null bounds: TextLine{ "" conf:NaN}
2026-05-10 19:17:19,821 WARN [It Is Well With My Soul-lead-C]          TextBuilder.java:412  | Skipping TextLine with null bounds: TextLine{ "" conf:NaN}
2026-05-10 19:17:19,821 WARN [It Is Well With My Soul-lead-C]          TextBuilder.java:412  | Skipping TextLine with null bounds: TextLine{ "" conf:NaN}
2026-05-10 19:17:19,822 WARN [It Is Well With My Soul-lead-C]          TextBuilder.java:412  | Skipping TextLine with null bounds: TextLine{ "" conf:NaN}
2026-05-10 19:17:19,823 WARN [It Is Well With My Soul-lead-C]          TextBuilder.java:412  | Skipping TextLine with null bounds: TextLine{ "" conf:NaN}
2026-05-10 19:17:19,823 WARN [It Is Well With My Soul-lead-C]          TextBuilder.java:412  | Skipping TextLine with null bounds: TextLine{ "" conf:NaN}
2026-05-10 19:17:19,823 WARN [It Is Well With My Soul-lead-C]          TextBuilder.java:412  | Skipping TextLine with null bounds: TextLine{ "" conf:NaN}
2026-05-10 19:17:19,824 WARN [It Is Well With My Soul-lead-C]          TextBuilder.java:412  | Skipping TextLine with null bounds: TextLine{ "" conf:NaN}
2026-05-10 19:17:19,824 WARN [It Is Well With My Soul-lead-C]          TextBuilder.java:412  | Skipping TextLine with null bounds: TextLine{ "" conf:NaN}
2026-05-10 19:17:19,825 WARN [It Is Well With My Soul-lead-C]          TextBuilder.java:412  | Skipping TextLine with null bounds: TextLine{ "" conf:NaN}
2026-05-10 19:17:19,825 WARN [It Is Well With My Soul-lead-C]          TextBuilder.java:412  | Skipping TextLine with null bounds: TextLine{ "" conf:NaN}
2026-05-10 19:17:19,826 WARN [It Is Well With My Soul-lead-C]          TextBuilder.java:412  | Skipping TextLine with null bounds: TextLine{ "" conf:NaN}
2026-05-10 19:17:19,826 WARN [It Is Well With My Soul-lead-C]          TextBuilder.java:412  | Skipping TextLine with null bounds: TextLine{ "" conf:NaN}
2026-05-10 19:17:19,827 WARN [It Is Well With My Soul-lead-C]          TextBuilder.java:412  | Skipping TextLine with null bounds: TextLine{ "" conf:NaN}
2026-05-10 19:17:19,827 WARN [It Is Well With My Soul-lead-C]          TextBuilder.java:412  | Skipping TextLine with null bounds: TextLine{ "" conf:NaN}
2026-05-10 19:17:19,828 WARN [It Is Well With My Soul-lead-C]          TextBuilder.java:412  | Skipping TextLine with null bounds: TextLine{ "" conf:NaN}
2026-05-10 19:17:19,829 WARN [It Is Well With My Soul-lead-C]          TextBuilder.java:412  | Skipping TextLine with null bounds: TextLine{ "" conf:NaN}
2026-05-10 19:17:19,830 WARN [It Is Well With My Soul-lead-C]          TextBuilder.java:412  | Skipping TextLine with null bounds: TextLine{ "" conf:NaN}
2026-05-10 19:17:19,830 WARN [It Is Well With My Soul-lead-C]          TextBuilder.java:412  | Skipping TextLine with null bounds: TextLine{ "" conf:NaN}
2026-05-10 19:17:19,831 WARN [It Is Well With My Soul-lead-C]          TextBuilder.java:412  | Skipping TextLine with null bounds: TextLine{ "" conf:NaN}
2026-05-10 19:17:19,831 WARN [It Is Well With My Soul-lead-C]          TextBuilder.java:412  | Skipping TextLine with null bounds: TextLine{ "" conf:NaN}
2026-05-10 19:17:19,832 WARN [It Is Well With My Soul-lead-C]          TextBuilder.java:412  | Skipping TextLine with null bounds: TextLine{ "" conf:NaN}
2026-05-10 19:17:19,832 WARN [It Is Well With My Soul-lead-C]          TextBuilder.java:412  | Skipping TextLine with null bounds: TextLine{ "" conf:NaN}
2026-05-10 19:17:19,832 WARN [It Is Well With My Soul-lead-C]          TextBuilder.java:412  | Skipping TextLine with null bounds: TextLine{ "" conf:NaN}
2026-05-10 19:17:19,833 WARN [It Is Well With My Soul-lead-C]          TextBuilder.java:412  | Skipping TextLine with null bounds: TextLine{ "" conf:NaN}
2026-05-10 19:17:19,833 WARN [It Is Well With My Soul-lead-C]          TextBuilder.java:412  | Skipping TextLine with null bounds: TextLine{ "" conf:NaN}
2026-05-10 19:17:19,833 WARN [It Is Well With My Soul-lead-C]          TextBuilder.java:412  | Skipping TextLine with null bounds: TextLine{ "" conf:NaN}
2026-05-10 19:17:19,834 WARN [It Is Well With My Soul-lead-C]          TextBuilder.java:412  | Skipping TextLine with null bounds: TextLine{ "" conf:NaN}
2026-05-10 19:17:19,834 WARN [It Is Well With My Soul-lead-C]          TextBuilder.java:412  | Skipping TextLine with null bounds: TextLine{ "" conf:NaN}
2026-05-10 19:17:19,834 WARN [It Is Well With My Soul-lead-C]          TextBuilder.java:412  | Skipping TextLine with null bounds: TextLine{ "" conf:NaN}
2026-05-10 19:17:19,835 WARN [It Is Well With My Soul-lead-C]          TextBuilder.java:412  | Skipping TextLine with null bounds: TextLine{ "" conf:NaN}
2026-05-10 19:17:19,835 WARN [It Is Well With My Soul-lead-C]          TextBuilder.java:412  | Skipping TextLine with null bounds: TextLine{ "" conf:NaN}
2026-05-10 19:17:19,836 WARN [It Is Well With My Soul-lead-C]          TextBuilder.java:412  | Skipping TextLine with null bounds: TextLine{ "" conf:NaN}
2026-05-10 19:17:19,836 WARN [It Is Well With My Soul-lead-C]          TextBuilder.java:412  | Skipping TextLine with null bounds: TextLine{ "" conf:NaN}
2026-05-10 19:17:19,836 WARN [It Is Well With My Soul-lead-C]          TextBuilder.java:412  | Skipping TextLine with null bounds: TextLine{ "" conf:NaN}
2026-05-10 19:17:19,836 WARN [It Is Well With My Soul-lead-C]          TextBuilder.java:412  | Skipping TextLine with null bounds: TextLine{ "" conf:NaN}
2026-05-10 19:17:19,837 WARN [It Is Well With My Soul-lead-C]          TextBuilder.java:412  | Skipping TextLine with null bounds: TextLine{ "" conf:NaN}
2026-05-10 19:17:19,837 WARN [It Is Well With My Soul-lead-C]          TextBuilder.java:412  | Skipping TextLine with null bounds: TextLine{ "" conf:NaN}
2026-05-10 19:17:19,838 WARN [It Is Well With My Soul-lead-C]          TextBuilder.java:412  | Skipping TextLine with null bounds: TextLine{ "" conf:NaN}
2026-05-10 19:17:19,838 WARN [It Is Well With My Soul-lead-C]          TextBuilder.java:412  | Skipping TextLine with null bounds: TextLine{ "" conf:NaN}
2026-05-10 19:17:19,838 WARN [It Is Well With My Soul-lead-C]          TextBuilder.java:412  | Skipping TextLine with null bounds: TextLine{ "" conf:NaN}
2026-05-10 19:17:19,838 WARN [It Is Well With My Soul-lead-C]          TextBuilder.java:412  | Skipping TextLine with null bounds: TextLine{ "" conf:NaN}
2026-05-10 19:17:19,838 WARN [It Is Well With My Soul-lead-C]          TextBuilder.java:412  | Skipping TextLine with null bounds: TextLine{ "" conf:NaN}
2026-05-10 19:17:19,839 WARN [It Is Well With My Soul-lead-C]          TextBuilder.java:412  | Skipping TextLine with null bounds: TextLine{ "" conf:NaN}
2026-05-10 19:17:19,839 WARN [It Is Well With My Soul-lead-C]          TextBuilder.java:412  | Skipping TextLine with null bounds: TextLine{ "" conf:NaN}
2026-05-10 19:17:19,839 WARN [It Is Well With My Soul-lead-C]          TextBuilder.java:412  | Skipping TextLine with null bounds: TextLine{ "" conf:NaN}
2026-05-10 19:17:19,840 WARN [It Is Well With My Soul-lead-C]          TextBuilder.java:412  | Skipping TextLine with null bounds: TextLine{ "" conf:NaN}
2026-05-10 19:17:19,840 WARN [It Is Well With My Soul-lead-C]          TextBuilder.java:412  | Skipping TextLine with null bounds: TextLine{ "" conf:NaN}
2026-05-10 19:17:19,840 WARN [It Is Well With My Soul-lead-C]          TextBuilder.java:412  | Skipping TextLine with null bounds: TextLine{ "" conf:NaN}
2026-05-10 19:17:19,840 WARN [It Is Well With My Soul-lead-C]          TextBuilder.java:412  | Skipping TextLine with null bounds: TextLine{ "" conf:NaN}
2026-05-10 19:17:19,841 WARN [It Is Well With My Soul-lead-C]          TextBuilder.java:412  | Skipping TextLine with null bounds: TextLine{ "" conf:NaN}
2026-05-10 19:17:19,841 WARN [It Is Well With My Soul-lead-C]          TextBuilder.java:412  | Skipping TextLine with null bounds: TextLine{ "" conf:NaN}
2026-05-10 19:17:19,842 WARN [It Is Well With My Soul-lead-C]          TextBuilder.java:412  | Skipping TextLine with null bounds: TextLine{ "" conf:NaN}
2026-05-10 19:17:19,842 WARN [It Is Well With My Soul-lead-C]          TextBuilder.java:412  | Skipping TextLine with null bounds: TextLine{ "" conf:NaN}
2026-05-10 19:17:19,842 WARN [It Is Well With My Soul-lead-C]          TextBuilder.java:412  | Skipping TextLine with null bounds: TextLine{ "" conf:NaN}
2026-05-10 19:17:19,842 WARN [It Is Well With My Soul-lead-C]          TextBuilder.java:412  | Skipping TextLine with null bounds: TextLine{ "" conf:NaN}
2026-05-10 19:17:19,844 WARN [It Is Well With My Soul-lead-C]          TextBuilder.java:412  | Skipping TextLine with null bounds: TextLine{ "" conf:NaN}
2026-05-10 19:17:19,844 WARN [It Is Well With My Soul-lead-C]          TextBuilder.java:412  | Skipping TextLine with null bounds: TextLine{ "" conf:NaN}
2026-05-10 19:17:19,844 WARN [It Is Well With My Soul-lead-C]          TextBuilder.java:412  | Skipping TextLine with null bounds: TextLine{ "" conf:NaN}
2026-05-10 19:17:19,845 WARN [It Is Well With My Soul-lead-C]          TextBuilder.java:412  | Skipping TextLine with null bounds: TextLine{ "" conf:NaN}
2026-05-10 19:17:19,845 WARN [It Is Well With My Soul-lead-C]          TextBuilder.java:412  | Skipping TextLine with null bounds: TextLine{ "" conf:NaN}
2026-05-10 19:17:19,845 WARN [It Is Well With My Soul-lead-C]          TextBuilder.java:412  | Skipping TextLine with null bounds: TextLine{ "" conf:NaN}
2026-05-10 19:17:19,845 WARN [It Is Well With My Soul-lead-C]          TextBuilder.java:412  | Skipping TextLine with null bounds: TextLine{ "" conf:NaN}
2026-05-10 19:17:19,845 WARN [It Is Well With My Soul-lead-C]          TextBuilder.java:412  | Skipping TextLine with null bounds: TextLine{ "" conf:NaN}
2026-05-10 19:17:19,845 WARN [It Is Well With My Soul-lead-C]          TextBuilder.java:412  | Skipping TextLine with null bounds: TextLine{ "" conf:NaN}
2026-05-10 19:17:19,845 WARN [It Is Well With My Soul-lead-C]          TextBuilder.java:412  | Skipping TextLine with null bounds: TextLine{ "" conf:NaN}
2026-05-10 19:17:19,846 WARN [It Is Well With My Soul-lead-C]          TextBuilder.java:412  | Skipping TextLine with null bounds: TextLine{ "" conf:NaN}
2026-05-10 19:17:19,846 WARN [It Is Well With My Soul-lead-C]          TextBuilder.java:412  | Skipping TextLine with null bounds: TextLine{ "" conf:NaN}
2026-05-10 19:17:19,846 WARN [It Is Well With My Soul-lead-C]          TextBuilder.java:412  | Skipping TextLine with null bounds: TextLine{ "" conf:NaN}
2026-05-10 19:17:19,847 WARN [It Is Well With My Soul-lead-C]          TextBuilder.java:412  | Skipping TextLine with null bounds: TextLine{ "" conf:NaN}
2026-05-10 19:17:19,847 WARN [It Is Well With My Soul-lead-C]          TextBuilder.java:412  | Skipping TextLine with null bounds: TextLine{ "" conf:NaN}
2026-05-10 19:17:19,847 WARN [It Is Well With My Soul-lead-C]          TextBuilder.java:412  | Skipping TextLine with null bounds: TextLine{ "" conf:NaN}
2026-05-10 19:17:19,847 WARN [It Is Well With My Soul-lead-C]          TextBuilder.java:412  | Skipping TextLine with null bounds: TextLine{ "" conf:NaN}
2026-05-10 19:17:19,848 WARN [It Is Well With My Soul-lead-C]          TextBuilder.java:412  | Skipping TextLine with null bounds: TextLine{ "" conf:NaN}
2026-05-10 19:17:19,848 WARN [It Is Well With My Soul-lead-C]          TextBuilder.java:412  | Skipping TextLine with null bounds: TextLine{ "" conf:NaN}
2026-05-10 19:17:19,849 WARN [It Is Well With My Soul-lead-C]          TextBuilder.java:412  | Skipping TextLine with null bounds: TextLine{ "" conf:NaN}
2026-05-10 19:17:19,849 WARN [It Is Well With My Soul-lead-C]          TextBuilder.java:412  | Skipping TextLine with null bounds: TextLine{ "" conf:NaN}
2026-05-10 19:17:19,849 WARN [It Is Well With My Soul-lead-C]          TextBuilder.java:412  | Skipping TextLine with null bounds: TextLine{ "" conf:NaN}
2026-05-10 19:17:19,849 WARN [It Is Well With My Soul-lead-C]          TextBuilder.java:412  | Skipping TextLine with null bounds: TextLine{ "" conf:NaN}
2026-05-10 19:17:19,849 WARN [It Is Well With My Soul-lead-C]          TextBuilder.java:412  | Skipping TextLine with null bounds: TextLine{ "" conf:NaN}
2026-05-10 19:17:19,850 WARN [It Is Well With My Soul-lead-C]          TextBuilder.java:412  | Skipping TextLine with null bounds: TextLine{ "" conf:NaN}
2026-05-10 19:17:19,850 WARN [It Is Well With My Soul-lead-C]          TextBuilder.java:412  | Skipping TextLine with null bounds: TextLine{ "" conf:NaN}
2026-05-10 19:17:19,850 WARN [It Is Well With My Soul-lead-C]          TextBuilder.java:412  | Skipping TextLine with null bounds: TextLine{ "" conf:NaN}
2026-05-10 19:17:19,850 WARN [It Is Well With My Soul-lead-C]          TextBuilder.java:412  | Skipping TextLine with null bounds: TextLine{ "" conf:NaN}
2026-05-10 19:17:19,850 WARN [It Is Well With My Soul-lead-C]          TextBuilder.java:412  | Skipping TextLine with null bounds: TextLine{ "" conf:NaN}
2026-05-10 19:17:19,850 WARN [It Is Well With My Soul-lead-C]          TextBuilder.java:412  | Skipping TextLine with null bounds: TextLine{ "" conf:NaN}
2026-05-10 19:17:19,850 WARN [It Is Well With My Soul-lead-C]          TextBuilder.java:412  | Skipping TextLine with null bounds: TextLine{ "" conf:NaN}
2026-05-10 19:17:19,851 WARN [It Is Well With My Soul-lead-C]          TextBuilder.java:412  | Skipping TextLine with null bounds: TextLine{ "" conf:NaN}
2026-05-10 19:17:19,851 WARN [It Is Well With My Soul-lead-C]          TextBuilder.java:412  | Skipping TextLine with null bounds: TextLine{ "" conf:NaN}
2026-05-10 19:17:19,851 WARN [It Is Well With My Soul-lead-C]          TextBuilder.java:412  | Skipping TextLine with null bounds: TextLine{ "" conf:NaN}
2026-05-10 19:17:19,852 WARN [It Is Well With My Soul-lead-C]          TextBuilder.java:412  | Skipping TextLine with null bounds: TextLine{ "" conf:NaN}
2026-05-10 19:17:19,852 WARN [It Is Well With My Soul-lead-C]          TextBuilder.java:412  | Skipping TextLine with null bounds: TextLine{ "" conf:NaN}
2026-05-10 19:17:19,852 WARN [It Is Well With My Soul-lead-C]          TextBuilder.java:412  | Skipping TextLine with null bounds: TextLine{ "" conf:NaN}
2026-05-10 19:17:19,853 WARN [It Is Well With My Soul-lead-C]          TextBuilder.java:412  | Skipping TextLine with null bounds: TextLine{ "" conf:NaN}
2026-05-10 19:17:19,853 WARN [It Is Well With My Soul-lead-C]          TextBuilder.java:412  | Skipping TextLine with null bounds: TextLine{ "" conf:NaN}
2026-05-10 19:17:19,853 WARN [It Is Well With My Soul-lead-C]          TextBuilder.java:412  | Skipping TextLine with null bounds: TextLine{ "" conf:NaN}
2026-05-10 19:17:19,853 WARN [It Is Well With My Soul-lead-C]          TextBuilder.java:412  | Skipping TextLine with null bounds: TextLine{ "" conf:NaN}
2026-05-10 19:17:19,853 WARN [It Is Well With My Soul-lead-C]          TextBuilder.java:412  | Skipping TextLine with null bounds: TextLine{ "" conf:NaN}
2026-05-10 19:17:19,853 WARN [It Is Well With My Soul-lead-C]          TextBuilder.java:412  | Skipping TextLine with null bounds: TextLine{ "" conf:NaN}
2026-05-10 19:17:19,855 WARN [It Is Well With My Soul-lead-C]          TextBuilder.java:412  | Skipping TextLine with null bounds: TextLine{ "" conf:NaN}
2026-05-10 19:17:19,855 WARN [It Is Well With My Soul-lead-C]          TextBuilder.java:412  | Skipping TextLine with null bounds: TextLine{ "" conf:NaN}
2026-05-10 19:17:19,855 WARN [It Is Well With My Soul-lead-C]          TextBuilder.java:412  | Skipping TextLine with null bounds: TextLine{ "" conf:NaN}
2026-05-10 19:17:19,855 WARN [It Is Well With My Soul-lead-C]          TextBuilder.java:412  | Skipping TextLine with null bounds: TextLine{ "" conf:NaN}
2026-05-10 19:17:19,856 WARN [It Is Well With My Soul-lead-C]          TextBuilder.java:412  | Skipping TextLine with null bounds: TextLine{ "" conf:NaN}
2026-05-10 19:17:19,856 WARN [It Is Well With My Soul-lead-C]          TextBuilder.java:412  | Skipping TextLine with null bounds: TextLine{ "" conf:NaN}
2026-05-10 19:17:19,856 WARN [It Is Well With My Soul-lead-C]          TextBuilder.java:412  | Skipping TextLine with null bounds: TextLine{ "" conf:NaN}
2026-05-10 19:17:19,856 WARN [It Is Well With My Soul-lead-C]          TextBuilder.java:412  | Skipping TextLine with null bounds: TextLine{ "" conf:NaN}
2026-05-10 19:17:19,856 WARN [It Is Well With My Soul-lead-C]          TextBuilder.java:412  | Skipping TextLine with null bounds: TextLine{ "" conf:NaN}
2026-05-10 19:17:19,856 WARN [It Is Well With My Soul-lead-C]          TextBuilder.java:412  | Skipping TextLine with null bounds: TextLine{ "" conf:NaN}
2026-05-10 19:17:19,857 WARN [It Is Well With My Soul-lead-C]          TextBuilder.java:412  | Skipping TextLine with null bounds: TextLine{ "" conf:NaN}
2026-05-10 19:17:19,857 WARN [It Is Well With My Soul-lead-C]          TextBuilder.java:412  | Skipping TextLine with null bounds: TextLine{ "" conf:NaN}
2026-05-10 19:17:19,857 WARN [It Is Well With My Soul-lead-C]          TextBuilder.java:412  | Skipping TextLine with null bounds: TextLine{ "" conf:NaN}
2026-05-10 19:17:19,858 WARN [It Is Well With My Soul-lead-C]          TextBuilder.java:412  | Skipping TextLine with null bounds: TextLine{ "" conf:NaN}
2026-05-10 19:17:19,859 WARN [It Is Well With My Soul-lead-C]          TextBuilder.java:412  | Skipping TextLine with null bounds: TextLine{ "" conf:NaN}
2026-05-10 19:17:19,859 WARN [It Is Well With My Soul-lead-C]          TextBuilder.java:412  | Skipping TextLine with null bounds: TextLine{ "" conf:NaN}
2026-05-10 19:17:19,859 WARN [It Is Well With My Soul-lead-C]          TextBuilder.java:412  | Skipping TextLine with null bounds: TextLine{ "" conf:NaN}
2026-05-10 19:17:19,859 WARN [It Is Well With My Soul-lead-C]          TextBuilder.java:412  | Skipping TextLine with null bounds: TextLine{ "" conf:NaN}
2026-05-10 19:17:19,859 WARN [It Is Well With My Soul-lead-C]          TextBuilder.java:412  | Skipping TextLine with null bounds: TextLine{ "" conf:NaN}
2026-05-10 19:17:19,859 WARN [It Is Well With My Soul-lead-C]          TextBuilder.java:412  | Skipping TextLine with null bounds: TextLine{ "" conf:NaN}
2026-05-10 19:17:19,859 WARN [It Is Well With My Soul-lead-C]          TextBuilder.java:412  | Skipping TextLine with null bounds: TextLine{ "" conf:NaN}
2026-05-10 19:17:19,859 WARN [It Is Well With My Soul-lead-C]          TextBuilder.java:412  | Skipping TextLine with null bounds: TextLine{ "" conf:NaN}
2026-05-10 19:17:19,860 WARN [It Is Well With My Soul-lead-C]          TextBuilder.java:412  | Skipping TextLine with null bounds: TextLine{ "" conf:NaN}
2026-05-10 19:17:19,860 WARN [It Is Well With My Soul-lead-C]          TextBuilder.java:412  | Skipping TextLine with null bounds: TextLine{ "" conf:NaN}
2026-05-10 19:17:19,860 WARN [It Is Well With My Soul-lead-C]          TextBuilder.java:412  | Skipping TextLine with null bounds: TextLine{ "" conf:NaN}
2026-05-10 19:17:19,860 WARN [It Is Well With My Soul-lead-C]          TextBuilder.java:412  | Skipping TextLine with null bounds: TextLine{ "" conf:NaN}
2026-05-10 19:17:19,861 WARN [It Is Well With My Soul-lead-C]          TextBuilder.java:412  | Skipping TextLine with null bounds: TextLine{ "" conf:NaN}
2026-05-10 19:17:19,861 WARN [It Is Well With My Soul-lead-C]          TextBuilder.java:412  | Skipping TextLine with null bounds: TextLine{ "" conf:NaN}
2026-05-10 19:17:19,861 WARN [It Is Well With My Soul-lead-C]          TextBuilder.java:412  | Skipping TextLine with null bounds: TextLine{ "" conf:NaN}
2026-05-10 19:17:19,861 WARN [It Is Well With My Soul-lead-C]          TextBuilder.java:412  | Skipping TextLine with null bounds: TextLine{ "" conf:NaN}
2026-05-10 19:17:19,862 WARN [It Is Well With My Soul-lead-C]          TextBuilder.java:412  | Skipping TextLine with null bounds: TextLine{ "" conf:NaN}
2026-05-10 19:17:19,862 WARN [It Is Well With My Soul-lead-C]          TextBuilder.java:412  | Skipping TextLine with null bounds: TextLine{ "" conf:NaN}
2026-05-10 19:17:19,862 WARN [It Is Well With My Soul-lead-C]          TextBuilder.java:412  | Skipping TextLine with null bounds: TextLine{ "" conf:NaN}
2026-05-10 19:17:19,862 WARN [It Is Well With My Soul-lead-C]          TextBuilder.java:412  | Skipping TextLine with null bounds: TextLine{ "" conf:NaN}
2026-05-10 19:17:19,862 WARN [It Is Well With My Soul-lead-C]          TextBuilder.java:412  | Skipping TextLine with null bounds: TextLine{ "" conf:NaN}
2026-05-10 19:17:19,862 WARN [It Is Well With My Soul-lead-C]          TextBuilder.java:412  | Skipping TextLine with null bounds: TextLine{ "" conf:NaN}
2026-05-10 19:17:19,862 WARN [It Is Well With My Soul-lead-C]          TextBuilder.java:412  | Skipping TextLine with null bounds: TextLine{ "" conf:NaN}
2026-05-10 19:17:19,864 WARN [It Is Well With My Soul-lead-C]          TextBuilder.java:412  | Skipping TextLine with null bounds: TextLine{ "" conf:NaN}
2026-05-10 19:17:19,864 WARN [It Is Well With My Soul-lead-C]          TextBuilder.java:412  | Skipping TextLine with null bounds: TextLine{ "" conf:NaN}
2026-05-10 19:17:19,864 WARN [It Is Well With My Soul-lead-C]          TextBuilder.java:412  | Skipping TextLine with null bounds: TextLine{ "" conf:NaN}
2026-05-10 19:17:19,864 WARN [It Is Well With My Soul-lead-C]          TextBuilder.java:412  | Skipping TextLine with null bounds: TextLine{ "" conf:NaN}
2026-05-10 19:17:19,864 WARN [It Is Well With My Soul-lead-C]          TextBuilder.java:412  | Skipping TextLine with null bounds: TextLine{ "" conf:NaN}
2026-05-10 19:17:19,864 WARN [It Is Well With My Soul-lead-C]          TextBuilder.java:412  | Skipping TextLine with null bounds: TextLine{ "" conf:NaN}
2026-05-10 19:17:19,864 WARN [It Is Well With My Soul-lead-C]          TextBuilder.java:412  | Skipping TextLine with null bounds: TextLine{ "" conf:NaN}
2026-05-10 19:17:19,865 WARN [It Is Well With My Soul-lead-C]          TextBuilder.java:412  | Skipping TextLine with null bounds: TextLine{ "" conf:NaN}
2026-05-10 19:17:19,865 WARN [It Is Well With My Soul-lead-C]          TextBuilder.java:412  | Skipping TextLine with null bounds: TextLine{ "" conf:NaN}
2026-05-10 19:17:19,865 WARN [It Is Well With My Soul-lead-C]          TextBuilder.java:412  | Skipping TextLine with null bounds: TextLine{ "" conf:NaN}
2026-05-10 19:17:19,866 WARN [It Is Well With My Soul-lead-C]          TextBuilder.java:412  | Skipping TextLine with null bounds: TextLine{ "" conf:NaN}
2026-05-10 19:17:19,866 WARN [It Is Well With My Soul-lead-C]          TextBuilder.java:412  | Skipping TextLine with null bounds: TextLine{ "" conf:NaN}
2026-05-10 19:17:19,866 WARN [It Is Well With My Soul-lead-C]          TextBuilder.java:412  | Skipping TextLine with null bounds: TextLine{ "" conf:NaN}
2026-05-10 19:17:19,866 WARN [It Is Well With My Soul-lead-C]          TextBuilder.java:412  | Skipping TextLine with null bounds: TextLine{ "" conf:NaN}
2026-05-10 19:17:19,866 WARN [It Is Well With My Soul-lead-C]          TextBuilder.java:412  | Skipping TextLine with null bounds: TextLine{ "" conf:NaN}
2026-05-10 19:17:19,867 WARN [It Is Well With My Soul-lead-C]          TextBuilder.java:412  | Skipping TextLine with null bounds: TextLine{ "" conf:NaN}
2026-05-10 19:17:19,867 WARN [It Is Well With My Soul-lead-C]          TextBuilder.java:412  | Skipping TextLine with null bounds: TextLine{ "" conf:NaN}
2026-05-10 19:17:19,867 WARN [It Is Well With My Soul-lead-C]          TextBuilder.java:412  | Skipping TextLine with null bounds: TextLine{ "" conf:NaN}
2026-05-10 19:17:19,868 WARN [It Is Well With My Soul-lead-C]          TextBuilder.java:412  | Skipping TextLine with null bounds: TextLine{ "" conf:NaN}
2026-05-10 19:17:19,868 WARN [It Is Well With My Soul-lead-C]          TextBuilder.java:412  | Skipping TextLine with null bounds: TextLine{ "" conf:NaN}
2026-05-10 19:17:19,868 WARN [It Is Well With My Soul-lead-C]          TextBuilder.java:412  | Skipping TextLine with null bounds: TextLine{ "" conf:NaN}
2026-05-10 19:17:19,868 WARN [It Is Well With My Soul-lead-C]          TextBuilder.java:412  | Skipping TextLine with null bounds: TextLine{ "" conf:NaN}
2026-05-10 19:17:19,869 WARN [It Is Well With My Soul-lead-C]          TextBuilder.java:412  | Skipping TextLine with null bounds: TextLine{ "" conf:NaN}
2026-05-10 19:17:19,869 WARN [It Is Well With My Soul-lead-C]          TextBuilder.java:412  | Skipping TextLine with null bounds: TextLine{ "" conf:NaN}
2026-05-10 19:17:19,869 WARN [It Is Well With My Soul-lead-C]          TextBuilder.java:412  | Skipping TextLine with null bounds: TextLine{ "" conf:NaN}
2026-05-10 19:17:19,869 WARN [It Is Well With My Soul-lead-C]          TextBuilder.java:412  | Skipping TextLine with null bounds: TextLine{ "" conf:NaN}
2026-05-10 19:17:19,869 WARN [It Is Well With My Soul-lead-C]          TextBuilder.java:412  | Skipping TextLine with null bounds: TextLine{ "" conf:NaN}
2026-05-10 19:17:19,869 WARN [It Is Well With My Soul-lead-C]          TextBuilder.java:412  | Skipping TextLine with null bounds: TextLine{ "" conf:NaN}
2026-05-10 19:17:19,869 WARN [It Is Well With My Soul-lead-C]          TextBuilder.java:412  | Skipping TextLine with null bounds: TextLine{ "" conf:NaN}
2026-05-10 19:17:19,871 WARN [It Is Well With My Soul-lead-C]          TextBuilder.java:412  | Skipping TextLine with null bounds: TextLine{ "" conf:NaN}
2026-05-10 19:17:19,871 WARN [It Is Well With My Soul-lead-C]          TextBuilder.java:412  | Skipping TextLine with null bounds: TextLine{ "" conf:NaN}
2026-05-10 19:17:19,871 WARN [It Is Well With My Soul-lead-C]          TextBuilder.java:412  | Skipping TextLine with null bounds: TextLine{ "" conf:NaN}
2026-05-10 19:17:19,872 WARN [It Is Well With My Soul-lead-C]          TextBuilder.java:412  | Skipping TextLine with null bounds: TextLine{ "" conf:NaN}
2026-05-10 19:17:19,872 WARN [It Is Well With My Soul-lead-C]          TextBuilder.java:412  | Skipping TextLine with null bounds: TextLine{ "" conf:NaN}
2026-05-10 19:17:19,873 WARN [It Is Well With My Soul-lead-C]          TextBuilder.java:412  | Skipping TextLine with null bounds: TextLine{ "" conf:NaN}
2026-05-10 19:17:19,873 WARN [It Is Well With My Soul-lead-C]          TextBuilder.java:412  | Skipping TextLine with null bounds: TextLine{ "" conf:NaN}
2026-05-10 19:17:19,873 WARN [It Is Well With My Soul-lead-C]          TextBuilder.java:412  | Skipping TextLine with null bounds: TextLine{ "" conf:NaN}
2026-05-10 19:17:19,873 WARN [It Is Well With My Soul-lead-C]          TextBuilder.java:412  | Skipping TextLine with null bounds: TextLine{ "" conf:NaN}
2026-05-10 19:17:19,873 WARN [It Is Well With My Soul-lead-C]          TextBuilder.java:412  | Skipping TextLine with null bounds: TextLine{ "" conf:NaN}
2026-05-10 19:17:19,873 WARN [It Is Well With My Soul-lead-C]          TextBuilder.java:412  | Skipping TextLine with null bounds: TextLine{ "" conf:NaN}
2026-05-10 19:17:19,873 WARN [It Is Well With My Soul-lead-C]          TextBuilder.java:412  | Skipping TextLine with null bounds: TextLine{ "" conf:NaN}
2026-05-10 19:17:19,873 WARN [It Is Well With My Soul-lead-C]          TextBuilder.java:412  | Skipping TextLine with null bounds: TextLine{ "" conf:NaN}
2026-05-10 19:17:19,874 WARN [It Is Well With My Soul-lead-C]          TextBuilder.java:412  | Skipping TextLine with null bounds: TextLine{ "" conf:NaN}
2026-05-10 19:17:19,874 WARN [It Is Well With My Soul-lead-C]          TextBuilder.java:412  | Skipping TextLine with null bounds: TextLine{ "" conf:NaN}
2026-05-10 19:17:19,874 WARN [It Is Well With My Soul-lead-C]          TextBuilder.java:412  | Skipping TextLine with null bounds: TextLine{ "" conf:NaN}
2026-05-10 19:17:19,874 WARN [It Is Well With My Soul-lead-C]          TextBuilder.java:412  | Skipping TextLine with null bounds: TextLine{ "" conf:NaN}
2026-05-10 19:17:19,874 WARN [It Is Well With My Soul-lead-C]          TextBuilder.java:412  | Skipping TextLine with null bounds: TextLine{ "" conf:NaN}
2026-05-10 19:17:19,875 WARN [It Is Well With My Soul-lead-C]          TextBuilder.java:412  | Skipping TextLine with null bounds: TextLine{ "" conf:NaN}
2026-05-10 19:17:19,875 WARN [It Is Well With My Soul-lead-C]          TextBuilder.java:412  | Skipping TextLine with null bounds: TextLine{ "" conf:NaN}
2026-05-10 19:17:19,876 WARN [It Is Well With My Soul-lead-C]          TextBuilder.java:412  | Skipping TextLine with null bounds: TextLine{ "" conf:NaN}
2026-05-10 19:17:19,876 WARN [It Is Well With My Soul-lead-C]          TextBuilder.java:412  | Skipping TextLine with null bounds: TextLine{ "" conf:NaN}
2026-05-10 19:17:19,876 WARN [It Is Well With My Soul-lead-C]          TextBuilder.java:412  | Skipping TextLine with null bounds: TextLine{ "" conf:NaN}
2026-05-10 19:17:19,876 WARN [It Is Well With My Soul-lead-C]          TextBuilder.java:412  | Skipping TextLine with null bounds: TextLine{ "" conf:NaN}
2026-05-10 19:17:19,876 WARN [It Is Well With My Soul-lead-C]          TextBuilder.java:412  | Skipping TextLine with null bounds: TextLine{ "" conf:NaN}
2026-05-10 19:17:19,876 WARN [It Is Well With My Soul-lead-C]          TextBuilder.java:412  | Skipping TextLine with null bounds: TextLine{ "" conf:NaN}
2026-05-10 19:17:19,876 WARN [It Is Well With My Soul-lead-C]          TextBuilder.java:412  | Skipping TextLine with null bounds: TextLine{ "" conf:NaN}
2026-05-10 19:17:19,876 WARN [It Is Well With My Soul-lead-C]          TextBuilder.java:412  | Skipping TextLine with null bounds: TextLine{ "" conf:NaN}
2026-05-10 19:17:19,877 WARN [It Is Well With My Soul-lead-C]          TextBuilder.java:412  | Skipping TextLine with null bounds: TextLine{ "" conf:NaN}
2026-05-10 19:17:19,877 WARN [It Is Well With My Soul-lead-C]          TextBuilder.java:412  | Skipping TextLine with null bounds: TextLine{ "" conf:NaN}
2026-05-10 19:17:19,877 WARN [It Is Well With My Soul-lead-C]          TextBuilder.java:412  | Skipping TextLine with null bounds: TextLine{ "" conf:NaN}
2026-05-10 19:17:19,877 WARN [It Is Well With My Soul-lead-C]          TextBuilder.java:412  | Skipping TextLine with null bounds: TextLine{ "" conf:NaN}
2026-05-10 19:17:19,878 WARN [It Is Well With My Soul-lead-C]          TextBuilder.java:412  | Skipping TextLine with null bounds: TextLine{ "" conf:NaN}
2026-05-10 19:17:19,878 WARN [It Is Well With My Soul-lead-C]          TextBuilder.java:412  | Skipping TextLine with null bounds: TextLine{ "" conf:NaN}
2026-05-10 19:17:19,878 WARN [It Is Well With My Soul-lead-C]          TextBuilder.java:412  | Skipping TextLine with null bounds: TextLine{ "" conf:NaN}
2026-05-10 19:17:19,878 WARN [It Is Well With My Soul-lead-C]          TextBuilder.java:412  | Skipping TextLine with null bounds: TextLine{ "" conf:NaN}
2026-05-10 19:17:19,878 WARN [It Is Well With My Soul-lead-C]          TextBuilder.java:412  | Skipping TextLine with null bounds: TextLine{ "" conf:NaN}
2026-05-10 19:17:19,879 WARN [It Is Well With My Soul-lead-C]          TextBuilder.java:412  | Skipping TextLine with null bounds: TextLine{ "" conf:NaN}
2026-05-10 19:17:19,879 WARN [It Is Well With My Soul-lead-C]          TextBuilder.java:412  | Skipping TextLine with null bounds: TextLine{ "" conf:NaN}
2026-05-10 19:17:19,880 WARN [It Is Well With My Soul-lead-C]          TextBuilder.java:412  | Skipping TextLine with null bounds: TextLine{ "" conf:NaN}
2026-05-10 19:17:19,880 WARN [It Is Well With My Soul-lead-C]          TextBuilder.java:412  | Skipping TextLine with null bounds: TextLine{ "" conf:NaN}
2026-05-10 19:17:19,880 WARN [It Is Well With My Soul-lead-C]          TextBuilder.java:412  | Skipping TextLine with null bounds: TextLine{ "" conf:NaN}
2026-05-10 19:17:19,880 WARN [It Is Well With My Soul-lead-C]          TextBuilder.java:412  | Skipping TextLine with null bounds: TextLine{ "" conf:NaN}
2026-05-10 19:17:19,880 WARN [It Is Well With My Soul-lead-C]          TextBuilder.java:412  | Skipping TextLine with null bounds: TextLine{ "" conf:NaN}
2026-05-10 19:17:19,880 WARN [It Is Well With My Soul-lead-C]          TextBuilder.java:412  | Skipping TextLine with null bounds: TextLine{ "" conf:NaN}
2026-05-10 19:17:19,881 WARN [It Is Well With My Soul-lead-C]          TextBuilder.java:412  | Skipping TextLine with null bounds: TextLine{ "" conf:NaN}
2026-05-10 19:17:19,881 WARN [It Is Well With My Soul-lead-C]          TextBuilder.java:412  | Skipping TextLine with null bounds: TextLine{ "" conf:NaN}
2026-05-10 19:17:19,881 WARN [It Is Well With My Soul-lead-C]          TextBuilder.java:412  | Skipping TextLine with null bounds: TextLine{ "" conf:NaN}
2026-05-10 19:17:19,882 WARN [It Is Well With My Soul-lead-C]          TextBuilder.java:412  | Skipping TextLine with null bounds: TextLine{ "" conf:NaN}
2026-05-10 19:17:19,882 WARN [It Is Well With My Soul-lead-C]          TextBuilder.java:412  | Skipping TextLine with null bounds: TextLine{ "" conf:NaN}
2026-05-10 19:17:19,882 WARN [It Is Well With My Soul-lead-C]          TextBuilder.java:412  | Skipping TextLine with null bounds: TextLine{ "" conf:NaN}
2026-05-10 19:17:19,882 WARN [It Is Well With My Soul-lead-C]          TextBuilder.java:412  | Skipping TextLine with null bounds: TextLine{ "" conf:NaN}
2026-05-10 19:17:19,882 WARN [It Is Well With My Soul-lead-C]          TextBuilder.java:412  | Skipping TextLine with null bounds: TextLine{ "" conf:NaN}
2026-05-10 19:17:19,883 WARN [It Is Well With My Soul-lead-C]          TextBuilder.java:412  | Skipping TextLine with null bounds: TextLine{ "" conf:NaN}
2026-05-10 19:17:19,883 WARN [It Is Well With My Soul-lead-C]          TextBuilder.java:412  | Skipping TextLine with null bounds: TextLine{ "" conf:NaN}
2026-05-10 19:17:19,883 WARN [It Is Well With My Soul-lead-C]          TextBuilder.java:412  | Skipping TextLine with null bounds: TextLine{ "" conf:NaN}
2026-05-10 19:17:19,883 WARN [It Is Well With My Soul-lead-C]          TextBuilder.java:412  | Skipping TextLine with null bounds: TextLine{ "" conf:NaN}
2026-05-10 19:17:19,883 WARN [It Is Well With My Soul-lead-C]          TextBuilder.java:412  | Skipping TextLine with null bounds: TextLine{ "" conf:NaN}
2026-05-10 19:17:19,883 WARN [It Is Well With My Soul-lead-C]          TextBuilder.java:412  | Skipping TextLine with null bounds: TextLine{ "" conf:NaN}
2026-05-10 19:17:24,925 INFO [It Is Well With My Soul-lead-C]           PageRhythm.java:176  | {Page#1.1} Starting PageRhythm time signature check
2026-05-10 19:17:24,926 INFO [It Is Well With My Soul-lead-C]           PageRhythm.java:178  | {Page#1.1} Initial range state: Range{SN1- tSig:4/4} → ts: TimePairInter#105{ FROZEN(0.951/0.951) staff:1 4/4}
2026-05-10 19:17:24,929 INFO [It Is Well With My Soul-lead-C]           PageRhythm.java:184  | {Page#1.1} Checking range: Range{SN1- tSig:4/4}, ts: TimePairInter#105{ FROZEN(0.951/0.951) staff:1 4/4}
2026-05-10 19:17:24,929 INFO [It Is Well With My Soul-lead-C]           PageRhythm.java:277  | Last range: Range{SN1-24 tSig:4/4 dur:1}
2026-05-10 19:17:24,930 INFO [It Is Well With My Soul-lead-C]           PageRhythm.java:278  | lastRange.timeRational = 4/4
2026-05-10 19:17:24,930 INFO [It Is Well With My Soul-lead-C]           PageRhythm.java:279  | lastRange.ts = TimePairInter#105{ FROZEN(0.951/0.951) staff:1 4/4}
2026-05-10 19:17:24,931 DEBUG [It Is Well With My Soul-lead-C]           PageRhythm.java:121  | MeasureStack#1 frats: 0 []
2026-05-10 19:17:24,932 DEBUG [It Is Well With My Soul-lead-C]           PageRhythm.java:121  | MeasureStack#2 frats: 0 []
2026-05-10 19:17:24,932 DEBUG [It Is Well With My Soul-lead-C]           PageRhythm.java:121  | MeasureStack#3 frats: 2 [6366, 6372]
2026-05-10 19:17:24,932 DEBUG [It Is Well With My Soul-lead-C]           PageRhythm.java:121  | MeasureStack#4 frats: 0 []
2026-05-10 19:17:24,933 DEBUG [It Is Well With My Soul-lead-C]           PageRhythm.java:121  | MeasureStack#5 frats: 1 [6374]
2026-05-10 19:17:24,933 DEBUG [It Is Well With My Soul-lead-C]           PageRhythm.java:121  | MeasureStack#6 frats: 0 []
2026-05-10 19:17:24,934 DEBUG [It Is Well With My Soul-lead-C]           PageRhythm.java:121  | MeasureStack#7 frats: 0 []
2026-05-10 19:17:24,935 DEBUG [It Is Well With My Soul-lead-C]           PageRhythm.java:121  | MeasureStack#8 frats: 0 []
2026-05-10 19:17:24,935 DEBUG [It Is Well With My Soul-lead-C]           PageRhythm.java:121  | MeasureStack#9 frats: 1 [7597]
2026-05-10 19:17:24,935 DEBUG [It Is Well With My Soul-lead-C]           PageRhythm.java:121  | MeasureStack#10 frats: 0 []
2026-05-10 19:17:24,936 DEBUG [It Is Well With My Soul-lead-C]           PageRhythm.java:121  | MeasureStack#11 frats: 0 []
2026-05-10 19:17:24,936 DEBUG [It Is Well With My Soul-lead-C]           PageRhythm.java:121  | MeasureStack#12 frats: 0 []
2026-05-10 19:17:24,936 DEBUG [It Is Well With My Soul-lead-C]           PageRhythm.java:121  | MeasureStack#13 frats: 2 [7920, 8651]
2026-05-10 19:17:24,936 DEBUG [It Is Well With My Soul-lead-C]           PageRhythm.java:121  | MeasureStack#14 frats: 0 []
2026-05-10 19:17:24,937 DEBUG [It Is Well With My Soul-lead-C]           PageRhythm.java:121  | MeasureStack#15 frats: 5 [8655, 8659, 8654, 8660, 8516]
2026-05-10 19:17:24,937 DEBUG [It Is Well With My Soul-lead-C]           PageRhythm.java:121  | MeasureStack#16 frats: 0 []
2026-05-10 19:17:24,937 DEBUG [It Is Well With My Soul-lead-C]           PageRhythm.java:121  | MeasureStack#17 frats: 1 [8656]
2026-05-10 19:17:24,938 DEBUG [It Is Well With My Soul-lead-C]           PageRhythm.java:121  | MeasureStack#18 frats: 0 []
2026-05-10 19:17:24,938 DEBUG [It Is Well With My Soul-lead-C]           PageRhythm.java:121  | MeasureStack#19 frats: 1 [8974]
2026-05-10 19:17:24,938 DEBUG [It Is Well With My Soul-lead-C]           PageRhythm.java:121  | MeasureStack#20 frats: 0 []
2026-05-10 19:17:24,939 DEBUG [It Is Well With My Soul-lead-C]           PageRhythm.java:121  | MeasureStack#21 frats: 0 []
2026-05-10 19:17:24,939 DEBUG [It Is Well With My Soul-lead-C]           PageRhythm.java:121  | MeasureStack#22 frats: 0 []
2026-05-10 19:17:24,940 DEBUG [It Is Well With My Soul-lead-C]           PageRhythm.java:121  | MeasureStack#23 frats: 2 [8976, 8954]
2026-05-10 19:17:24,940 DEBUG [It Is Well With My Soul-lead-C]           PageRhythm.java:121  | MeasureStack#24 frats: 1 [8977]
2026-05-10 19:17:24,940 DEBUG [It Is Well With My Soul-lead-C]           PageRhythm.java:325  | Starting Range{SN1-24 tSig:4/4 dur:1}
2026-05-10 19:17:24,941 DEBUG [It Is Well With My Soul-lead-C]           PageRhythm.java:329  | About to process StackRhythm for MeasureStack#1
2026-05-10 19:17:24,942 DEBUG [It Is Well With My Soul-lead-C]          StackRhythm.java:221  | Setting expectedDuration=1 for stack on page 1
2026-05-10 19:17:24,956 DEBUG [It Is Well With My Soul-lead-C]           PageRhythm.java:331  | Finished processing StackRhythm for MeasureStack#1
2026-05-10 19:17:24,957 DEBUG [It Is Well With My Soul-lead-C]           PageRhythm.java:329  | About to process StackRhythm for MeasureStack#2
2026-05-10 19:17:24,957 DEBUG [It Is Well With My Soul-lead-C]          StackRhythm.java:221  | Setting expectedDuration=1 for stack on page 2
2026-05-10 19:17:24,962 DEBUG [It Is Well With My Soul-lead-C]           PageRhythm.java:331  | Finished processing StackRhythm for MeasureStack#2
2026-05-10 19:17:24,962 DEBUG [It Is Well With My Soul-lead-C]           PageRhythm.java:329  | About to process StackRhythm for MeasureStack#3
2026-05-10 19:17:24,962 DEBUG [It Is Well With My Soul-lead-C]          StackRhythm.java:221  | Setting expectedDuration=1 for stack on page 3
2026-05-10 19:17:24,966 INFO [It Is Well With My Soul-lead-C]          StackRhythm.java:226  | S1 MeasureStack#3 no correct rhythm
2026-05-10 19:17:24,966 DEBUG [It Is Well With My Soul-lead-C]           PageRhythm.java:331  | Finished processing StackRhythm for MeasureStack#3
2026-05-10 19:17:24,967 DEBUG [It Is Well With My Soul-lead-C]           PageRhythm.java:329  | About to process StackRhythm for MeasureStack#4
2026-05-10 19:17:24,967 DEBUG [It Is Well With My Soul-lead-C]          StackRhythm.java:221  | Setting expectedDuration=1 for stack on page 4
2026-05-10 19:17:24,969 DEBUG [It Is Well With My Soul-lead-C]           PageRhythm.java:331  | Finished processing StackRhythm for MeasureStack#4
2026-05-10 19:17:24,971 DEBUG [It Is Well With My Soul-lead-C]           PageRhythm.java:329  | About to process StackRhythm for MeasureStack#5
2026-05-10 19:17:24,971 DEBUG [It Is Well With My Soul-lead-C]          StackRhythm.java:221  | Setting expectedDuration=1 for stack on page 5
2026-05-10 19:17:24,972 DEBUG [It Is Well With My Soul-lead-C]           PageRhythm.java:331  | Finished processing StackRhythm for MeasureStack#5
2026-05-10 19:17:24,974 DEBUG [It Is Well With My Soul-lead-C]           PageRhythm.java:329  | About to process StackRhythm for MeasureStack#6
2026-05-10 19:17:24,974 DEBUG [It Is Well With My Soul-lead-C]          StackRhythm.java:221  | Setting expectedDuration=1 for stack on page 6
2026-05-10 19:17:24,975 DEBUG [It Is Well With My Soul-lead-C]           PageRhythm.java:331  | Finished processing StackRhythm for MeasureStack#6
2026-05-10 19:17:24,975 DEBUG [It Is Well With My Soul-lead-C]           PageRhythm.java:329  | About to process StackRhythm for MeasureStack#7
2026-05-10 19:17:24,976 DEBUG [It Is Well With My Soul-lead-C]          StackRhythm.java:221  | Setting expectedDuration=1 for stack on page 7
2026-05-10 19:17:24,976 DEBUG [It Is Well With My Soul-lead-C]           PageRhythm.java:331  | Finished processing StackRhythm for MeasureStack#7
2026-05-10 19:17:24,977 DEBUG [It Is Well With My Soul-lead-C]           PageRhythm.java:329  | About to process StackRhythm for MeasureStack#8
2026-05-10 19:17:24,977 DEBUG [It Is Well With My Soul-lead-C]          StackRhythm.java:221  | Setting expectedDuration=1 for stack on page 8
2026-05-10 19:17:24,977 DEBUG [It Is Well With My Soul-lead-C]           PageRhythm.java:331  | Finished processing StackRhythm for MeasureStack#8
2026-05-10 19:17:24,977 DEBUG [It Is Well With My Soul-lead-C]           PageRhythm.java:329  | About to process StackRhythm for MeasureStack#9
2026-05-10 19:17:24,978 DEBUG [It Is Well With My Soul-lead-C]          StackRhythm.java:221  | Setting expectedDuration=1 for stack on page 9
2026-05-10 19:17:24,979 DEBUG [It Is Well With My Soul-lead-C]           PageRhythm.java:331  | Finished processing StackRhythm for MeasureStack#9
2026-05-10 19:17:24,979 DEBUG [It Is Well With My Soul-lead-C]           PageRhythm.java:329  | About to process StackRhythm for MeasureStack#10
2026-05-10 19:17:24,979 DEBUG [It Is Well With My Soul-lead-C]          StackRhythm.java:221  | Setting expectedDuration=1 for stack on page 10
2026-05-10 19:17:24,980 DEBUG [It Is Well With My Soul-lead-C]           PageRhythm.java:331  | Finished processing StackRhythm for MeasureStack#10
2026-05-10 19:17:24,980 DEBUG [It Is Well With My Soul-lead-C]           PageRhythm.java:329  | About to process StackRhythm for MeasureStack#11
2026-05-10 19:17:24,980 DEBUG [It Is Well With My Soul-lead-C]          StackRhythm.java:221  | Setting expectedDuration=1 for stack on page 11
2026-05-10 19:17:24,982 DEBUG [It Is Well With My Soul-lead-C]           PageRhythm.java:331  | Finished processing StackRhythm for MeasureStack#11
2026-05-10 19:17:24,982 DEBUG [It Is Well With My Soul-lead-C]           PageRhythm.java:329  | About to process StackRhythm for MeasureStack#12
2026-05-10 19:17:24,983 DEBUG [It Is Well With My Soul-lead-C]          StackRhythm.java:221  | Setting expectedDuration=1 for stack on page 12
2026-05-10 19:17:24,984 DEBUG [It Is Well With My Soul-lead-C]           PageRhythm.java:331  | Finished processing StackRhythm for MeasureStack#12
2026-05-10 19:17:24,985 DEBUG [It Is Well With My Soul-lead-C]           PageRhythm.java:329  | About to process StackRhythm for MeasureStack#13
2026-05-10 19:17:24,985 DEBUG [It Is Well With My Soul-lead-C]          StackRhythm.java:221  | Setting expectedDuration=1 for stack on page 13
2026-05-10 19:17:24,986 DEBUG [It Is Well With My Soul-lead-C]           PageRhythm.java:331  | Finished processing StackRhythm for MeasureStack#13
2026-05-10 19:17:24,987 DEBUG [It Is Well With My Soul-lead-C]           PageRhythm.java:329  | About to process StackRhythm for MeasureStack#14
2026-05-10 19:17:24,987 DEBUG [It Is Well With My Soul-lead-C]          StackRhythm.java:221  | Setting expectedDuration=1 for stack on page 14
2026-05-10 19:17:24,988 DEBUG [It Is Well With My Soul-lead-C]           PageRhythm.java:331  | Finished processing StackRhythm for MeasureStack#14
2026-05-10 19:17:24,988 DEBUG [It Is Well With My Soul-lead-C]           PageRhythm.java:329  | About to process StackRhythm for MeasureStack#15
2026-05-10 19:17:24,989 DEBUG [It Is Well With My Soul-lead-C]          StackRhythm.java:221  | Setting expectedDuration=1 for stack on page 15
2026-05-10 19:17:24,990 INFO [It Is Well With My Soul-lead-C]          StackRhythm.java:226  | S3 MeasureStack#15 no correct rhythm
2026-05-10 19:17:24,990 DEBUG [It Is Well With My Soul-lead-C]           PageRhythm.java:331  | Finished processing StackRhythm for MeasureStack#15
2026-05-10 19:17:24,991 DEBUG [It Is Well With My Soul-lead-C]           PageRhythm.java:329  | About to process StackRhythm for MeasureStack#16
2026-05-10 19:17:24,991 DEBUG [It Is Well With My Soul-lead-C]          StackRhythm.java:221  | Setting expectedDuration=1 for stack on page 16
2026-05-10 19:17:24,991 DEBUG [It Is Well With My Soul-lead-C]           PageRhythm.java:331  | Finished processing StackRhythm for MeasureStack#16
2026-05-10 19:17:24,991 DEBUG [It Is Well With My Soul-lead-C]           PageRhythm.java:329  | About to process StackRhythm for MeasureStack#17
2026-05-10 19:17:24,992 DEBUG [It Is Well With My Soul-lead-C]          StackRhythm.java:221  | Setting expectedDuration=1 for stack on page 17
2026-05-10 19:17:24,993 DEBUG [It Is Well With My Soul-lead-C]           PageRhythm.java:331  | Finished processing StackRhythm for MeasureStack#17
2026-05-10 19:17:24,993 DEBUG [It Is Well With My Soul-lead-C]           PageRhythm.java:329  | About to process StackRhythm for MeasureStack#18
2026-05-10 19:17:24,993 DEBUG [It Is Well With My Soul-lead-C]          StackRhythm.java:221  | Setting expectedDuration=1 for stack on page 18
2026-05-10 19:17:24,994 DEBUG [It Is Well With My Soul-lead-C]           PageRhythm.java:331  | Finished processing StackRhythm for MeasureStack#18
2026-05-10 19:17:24,994 DEBUG [It Is Well With My Soul-lead-C]           PageRhythm.java:329  | About to process StackRhythm for MeasureStack#19
2026-05-10 19:17:24,995 DEBUG [It Is Well With My Soul-lead-C]          StackRhythm.java:221  | Setting expectedDuration=1 for stack on page 19
2026-05-10 19:17:24,996 INFO [It Is Well With My Soul-lead-C]          StackRhythm.java:226  | S4 MeasureStack#19 no correct rhythm
2026-05-10 19:17:24,996 DEBUG [It Is Well With My Soul-lead-C]           PageRhythm.java:331  | Finished processing StackRhythm for MeasureStack#19
2026-05-10 19:17:24,996 DEBUG [It Is Well With My Soul-lead-C]           PageRhythm.java:329  | About to process StackRhythm for MeasureStack#20
2026-05-10 19:17:24,996 DEBUG [It Is Well With My Soul-lead-C]          StackRhythm.java:221  | Setting expectedDuration=1 for stack on page 20
2026-05-10 19:17:24,998 DEBUG [It Is Well With My Soul-lead-C]           PageRhythm.java:331  | Finished processing StackRhythm for MeasureStack#20
2026-05-10 19:17:24,998 DEBUG [It Is Well With My Soul-lead-C]           PageRhythm.java:329  | About to process StackRhythm for MeasureStack#21
2026-05-10 19:17:24,998 DEBUG [It Is Well With My Soul-lead-C]          StackRhythm.java:221  | Setting expectedDuration=1 for stack on page 21
2026-05-10 19:17:24,999 DEBUG [It Is Well With My Soul-lead-C]           PageRhythm.java:331  | Finished processing StackRhythm for MeasureStack#21
2026-05-10 19:17:24,999 DEBUG [It Is Well With My Soul-lead-C]           PageRhythm.java:329  | About to process StackRhythm for MeasureStack#22
2026-05-10 19:17:24,999 DEBUG [It Is Well With My Soul-lead-C]          StackRhythm.java:221  | Setting expectedDuration=1 for stack on page 22
2026-05-10 19:17:25,000 DEBUG [It Is Well With My Soul-lead-C]           PageRhythm.java:331  | Finished processing StackRhythm for MeasureStack#22
2026-05-10 19:17:25,000 DEBUG [It Is Well With My Soul-lead-C]           PageRhythm.java:329  | About to process StackRhythm for MeasureStack#23
2026-05-10 19:17:25,000 DEBUG [It Is Well With My Soul-lead-C]          StackRhythm.java:221  | Setting expectedDuration=1 for stack on page 23
2026-05-10 19:17:25,001 DEBUG [It Is Well With My Soul-lead-C]           PageRhythm.java:331  | Finished processing StackRhythm for MeasureStack#23
2026-05-10 19:17:25,002 DEBUG [It Is Well With My Soul-lead-C]           PageRhythm.java:329  | About to process StackRhythm for MeasureStack#24
2026-05-10 19:17:25,002 DEBUG [It Is Well With My Soul-lead-C]          StackRhythm.java:221  | Setting expectedDuration=1 for stack on page 24
2026-05-10 19:17:25,003 DEBUG [It Is Well With My Soul-lead-C]           PageRhythm.java:331  | Finished processing StackRhythm for MeasureStack#24
